[2021-12-05 21:14:17,900] {taskinstance.py:1035} INFO - Dependencies all met for <TaskInstance: example_bash_operator.runme_2 scheduled__2021-12-05T00:00:00+00:00 [queued]>
[2021-12-05 21:14:17,934] {taskinstance.py:1035} INFO - Dependencies all met for <TaskInstance: example_bash_operator.runme_2 scheduled__2021-12-05T00:00:00+00:00 [queued]>
[2021-12-05 21:14:17,934] {taskinstance.py:1241} INFO - 
--------------------------------------------------------------------------------
[2021-12-05 21:14:17,934] {taskinstance.py:1242} INFO - Starting attempt 1 of 1
[2021-12-05 21:14:17,934] {taskinstance.py:1243} INFO - 
--------------------------------------------------------------------------------
[2021-12-05 21:14:17,944] {taskinstance.py:1262} INFO - Executing <Task(BashOperator): runme_2> on 2021-12-05 00:00:00+00:00
[2021-12-05 21:14:17,947] {standard_task_runner.py:52} INFO - Started process 4761 to run task
[2021-12-05 21:14:17,952] {standard_task_runner.py:76} INFO - Running: ['airflow', 'tasks', 'run', 'example_bash_operator', 'runme_2', 'scheduled__2021-12-05T00:00:00+00:00', '--job-id', '5', '--raw', '--subdir', '/Users/ballakeerthi/opt/anaconda3/envs/airflow/lib/python3.9/site-packages/airflow/example_dags/example_bash_operator.py', '--cfg-path', '/var/folders/b3/j_ybgjv53p33dy62wlktdr4m0000gp/T/tmpksfgj5on', '--error-file', '/var/folders/b3/j_ybgjv53p33dy62wlktdr4m0000gp/T/tmp43f9burd']
[2021-12-05 21:14:17,954] {standard_task_runner.py:77} INFO - Job 5: Subtask runme_2
[2021-12-05 21:14:22,983] {logging_mixin.py:109} INFO - Running <TaskInstance: example_bash_operator.runme_2 scheduled__2021-12-05T00:00:00+00:00 [running]> on host zipcodes-MacBook-Pro-3.local
[2021-12-05 21:14:28,030] {taskinstance.py:1427} INFO - Exporting the following env vars:
AIRFLOW_CTX_DAG_OWNER=airflow
AIRFLOW_CTX_DAG_ID=example_bash_operator
AIRFLOW_CTX_TASK_ID=runme_2
AIRFLOW_CTX_EXECUTION_DATE=2021-12-05T00:00:00+00:00
AIRFLOW_CTX_DAG_RUN_ID=scheduled__2021-12-05T00:00:00+00:00
[2021-12-05 21:14:28,031] {subprocess.py:62} INFO - Tmp dir root location: 
 /var/folders/b3/j_ybgjv53p33dy62wlktdr4m0000gp/T
[2021-12-05 21:14:28,031] {subprocess.py:74} INFO - Running command: ['bash', '-c', 'echo "example_bash_operator__runme_2__20211205" && sleep 1']
[2021-12-05 21:14:28,036] {subprocess.py:85} INFO - Output:
[2021-12-05 21:14:28,041] {subprocess.py:89} INFO - example_bash_operator__runme_2__20211205
[2021-12-05 21:14:29,046] {subprocess.py:93} INFO - Command exited with return code 0
[2021-12-05 21:14:29,058] {taskinstance.py:1270} INFO - Marking task as SUCCESS. dag_id=example_bash_operator, task_id=runme_2, execution_date=20211205T000000, start_date=20211206T021417, end_date=20211206T021429
[2021-12-05 21:14:29,077] {local_task_job.py:154} INFO - Task exited with return code 0
[2021-12-05 21:14:29,100] {local_task_job.py:264} INFO - 1 downstream tasks scheduled from follow-on schedule check
