[2021-12-05 21:15:48,765] {taskinstance.py:1035} INFO - Dependencies all met for <TaskInstance: example_bash_operator.runme_0 manual__2021-12-06T02:13:13.036416+00:00 [queued]>
[2021-12-05 21:15:48,771] {taskinstance.py:1035} INFO - Dependencies all met for <TaskInstance: example_bash_operator.runme_0 manual__2021-12-06T02:13:13.036416+00:00 [queued]>
[2021-12-05 21:15:48,771] {taskinstance.py:1241} INFO - 
--------------------------------------------------------------------------------
[2021-12-05 21:15:48,771] {taskinstance.py:1242} INFO - Starting attempt 1 of 1
[2021-12-05 21:15:48,771] {taskinstance.py:1243} INFO - 
--------------------------------------------------------------------------------
[2021-12-05 21:15:48,784] {taskinstance.py:1262} INFO - Executing <Task(BashOperator): runme_0> on 2021-12-06 02:13:13.036416+00:00
[2021-12-05 21:15:48,787] {standard_task_runner.py:52} INFO - Started process 4789 to run task
[2021-12-05 21:15:48,794] {standard_task_runner.py:76} INFO - Running: ['airflow', 'tasks', 'run', 'example_bash_operator', 'runme_0', 'manual__2021-12-06T02:13:13.036416+00:00', '--job-id', '8', '--raw', '--subdir', '/Users/ballakeerthi/opt/anaconda3/envs/airflow/lib/python3.9/site-packages/airflow/example_dags/example_bash_operator.py', '--cfg-path', '/var/folders/b3/j_ybgjv53p33dy62wlktdr4m0000gp/T/tmpza_eue_j', '--error-file', '/var/folders/b3/j_ybgjv53p33dy62wlktdr4m0000gp/T/tmp0wsz1x9v']
[2021-12-05 21:15:48,796] {standard_task_runner.py:77} INFO - Job 8: Subtask runme_0
[2021-12-05 21:15:53,825] {logging_mixin.py:109} INFO - Running <TaskInstance: example_bash_operator.runme_0 manual__2021-12-06T02:13:13.036416+00:00 [running]> on host zipcodes-MacBook-Pro-3.local
[2021-12-05 21:15:58,864] {taskinstance.py:1427} INFO - Exporting the following env vars:
AIRFLOW_CTX_DAG_OWNER=airflow
AIRFLOW_CTX_DAG_ID=example_bash_operator
AIRFLOW_CTX_TASK_ID=runme_0
AIRFLOW_CTX_EXECUTION_DATE=2021-12-06T02:13:13.036416+00:00
AIRFLOW_CTX_DAG_RUN_ID=manual__2021-12-06T02:13:13.036416+00:00
[2021-12-05 21:15:58,865] {subprocess.py:62} INFO - Tmp dir root location: 
 /var/folders/b3/j_ybgjv53p33dy62wlktdr4m0000gp/T
[2021-12-05 21:15:58,865] {subprocess.py:74} INFO - Running command: ['bash', '-c', 'echo "example_bash_operator__runme_0__20211206" && sleep 1']
[2021-12-05 21:15:58,871] {subprocess.py:85} INFO - Output:
[2021-12-05 21:15:58,877] {subprocess.py:89} INFO - example_bash_operator__runme_0__20211206
[2021-12-05 21:15:59,885] {subprocess.py:93} INFO - Command exited with return code 0
[2021-12-05 21:15:59,900] {taskinstance.py:1270} INFO - Marking task as SUCCESS. dag_id=example_bash_operator, task_id=runme_0, execution_date=20211206T021313, start_date=20211206T021548, end_date=20211206T021559
[2021-12-05 21:15:59,936] {local_task_job.py:154} INFO - Task exited with return code 0
[2021-12-05 21:15:59,966] {local_task_job.py:264} INFO - 0 downstream tasks scheduled from follow-on schedule check
