[2021-12-07 10:54:36,141] {processor.py:163} INFO - Started process (PID=2668) to work on /Users/ballakeerthi/dev/airflow/dags/dag_example.py
[2021-12-07 10:54:36,141] {processor.py:625} INFO - Processing file /Users/ballakeerthi/dev/airflow/dags/dag_example.py for tasks to queue
[2021-12-07 10:54:36,143] {logging_mixin.py:109} INFO - [2021-12-07 10:54:36,143] {dagbag.py:500} INFO - Filling up the DagBag from /Users/ballakeerthi/dev/airflow/dags/dag_example.py
[2021-12-07 10:54:36,187] {processor.py:637} INFO - DAG(s) dict_keys(['my_dag']) retrieved from /Users/ballakeerthi/dev/airflow/dags/dag_example.py
[2021-12-07 10:54:36,207] {logging_mixin.py:109} INFO - [2021-12-07 10:54:36,207] {dag.py:2396} INFO - Sync 1 DAGs
[2021-12-07 10:54:36,218] {logging_mixin.py:109} INFO - [2021-12-07 10:54:36,218] {dag.py:2928} INFO - Setting next_dagrun for my_dag to 2021-12-06T00:00:00+00:00
[2021-12-07 10:54:36,226] {processor.py:171} INFO - Processing /Users/ballakeerthi/dev/airflow/dags/dag_example.py took 0.085 seconds
[2021-12-07 10:57:00,595] {processor.py:163} INFO - Started process (PID=2731) to work on /Users/ballakeerthi/dev/airflow/dags/dag_example.py
[2021-12-07 10:57:00,595] {processor.py:625} INFO - Processing file /Users/ballakeerthi/dev/airflow/dags/dag_example.py for tasks to queue
[2021-12-07 10:57:00,597] {logging_mixin.py:109} INFO - [2021-12-07 10:57:00,597] {dagbag.py:500} INFO - Filling up the DagBag from /Users/ballakeerthi/dev/airflow/dags/dag_example.py
[2021-12-07 10:57:00,642] {processor.py:637} INFO - DAG(s) dict_keys(['my_dag']) retrieved from /Users/ballakeerthi/dev/airflow/dags/dag_example.py
[2021-12-07 10:57:00,659] {logging_mixin.py:109} INFO - [2021-12-07 10:57:00,659] {dag.py:2396} INFO - Sync 1 DAGs
[2021-12-07 10:57:00,667] {logging_mixin.py:109} INFO - [2021-12-07 10:57:00,667] {dag.py:2928} INFO - Setting next_dagrun for my_dag to 2021-12-06T00:00:00+00:00
[2021-12-07 10:57:00,673] {processor.py:171} INFO - Processing /Users/ballakeerthi/dev/airflow/dags/dag_example.py took 0.079 seconds
[2021-12-07 10:58:18,243] {processor.py:163} INFO - Started process (PID=2897) to work on /Users/ballakeerthi/dev/airflow/dags/dag_example.py
[2021-12-07 10:58:18,244] {processor.py:625} INFO - Processing file /Users/ballakeerthi/dev/airflow/dags/dag_example.py for tasks to queue
[2021-12-07 10:58:18,246] {logging_mixin.py:109} INFO - [2021-12-07 10:58:18,246] {dagbag.py:500} INFO - Filling up the DagBag from /Users/ballakeerthi/dev/airflow/dags/dag_example.py
[2021-12-07 10:58:18,308] {processor.py:637} INFO - DAG(s) dict_keys(['my_dag']) retrieved from /Users/ballakeerthi/dev/airflow/dags/dag_example.py
[2021-12-07 10:58:18,331] {logging_mixin.py:109} INFO - [2021-12-07 10:58:18,330] {dag.py:2396} INFO - Sync 1 DAGs
[2021-12-07 10:58:18,344] {logging_mixin.py:109} INFO - [2021-12-07 10:58:18,344] {dag.py:2928} INFO - Setting next_dagrun for my_dag to 2021-12-06T00:00:00+00:00
[2021-12-07 10:58:18,352] {processor.py:171} INFO - Processing /Users/ballakeerthi/dev/airflow/dags/dag_example.py took 0.109 seconds
[2021-12-07 10:59:48,596] {processor.py:163} INFO - Started process (PID=3042) to work on /Users/ballakeerthi/dev/airflow/dags/dag_example.py
[2021-12-07 10:59:48,598] {processor.py:625} INFO - Processing file /Users/ballakeerthi/dev/airflow/dags/dag_example.py for tasks to queue
[2021-12-07 10:59:48,600] {logging_mixin.py:109} INFO - [2021-12-07 10:59:48,600] {dagbag.py:500} INFO - Filling up the DagBag from /Users/ballakeerthi/dev/airflow/dags/dag_example.py
[2021-12-07 10:59:48,642] {processor.py:637} INFO - DAG(s) dict_keys(['my_dag']) retrieved from /Users/ballakeerthi/dev/airflow/dags/dag_example.py
[2021-12-07 10:59:48,658] {logging_mixin.py:109} INFO - [2021-12-07 10:59:48,658] {dag.py:2396} INFO - Sync 1 DAGs
[2021-12-07 10:59:48,667] {logging_mixin.py:109} INFO - [2021-12-07 10:59:48,667] {dag.py:2928} INFO - Setting next_dagrun for my_dag to 2021-12-06T00:00:00+00:00
[2021-12-07 10:59:48,674] {processor.py:171} INFO - Processing /Users/ballakeerthi/dev/airflow/dags/dag_example.py took 0.079 seconds
[2021-12-07 11:00:48,248] {processor.py:163} INFO - Started process (PID=3184) to work on /Users/ballakeerthi/dev/airflow/dags/dag_example.py
[2021-12-07 11:00:48,250] {processor.py:625} INFO - Processing file /Users/ballakeerthi/dev/airflow/dags/dag_example.py for tasks to queue
[2021-12-07 11:00:48,252] {logging_mixin.py:109} INFO - [2021-12-07 11:00:48,252] {dagbag.py:500} INFO - Filling up the DagBag from /Users/ballakeerthi/dev/airflow/dags/dag_example.py
[2021-12-07 11:00:48,298] {processor.py:637} INFO - DAG(s) dict_keys(['my_dag']) retrieved from /Users/ballakeerthi/dev/airflow/dags/dag_example.py
[2021-12-07 11:00:48,314] {logging_mixin.py:109} INFO - [2021-12-07 11:00:48,314] {dag.py:2396} INFO - Sync 1 DAGs
[2021-12-07 11:00:48,324] {logging_mixin.py:109} INFO - [2021-12-07 11:00:48,324] {dag.py:2928} INFO - Setting next_dagrun for my_dag to 2021-12-06T00:00:00+00:00
[2021-12-07 11:00:48,330] {processor.py:171} INFO - Processing /Users/ballakeerthi/dev/airflow/dags/dag_example.py took 0.083 seconds
[2021-12-07 11:02:46,748] {processor.py:163} INFO - Started process (PID=3343) to work on /Users/ballakeerthi/dev/airflow/dags/dag_example.py
[2021-12-07 11:02:46,749] {processor.py:625} INFO - Processing file /Users/ballakeerthi/dev/airflow/dags/dag_example.py for tasks to queue
[2021-12-07 11:02:46,751] {logging_mixin.py:109} INFO - [2021-12-07 11:02:46,751] {dagbag.py:500} INFO - Filling up the DagBag from /Users/ballakeerthi/dev/airflow/dags/dag_example.py
[2021-12-07 11:02:46,840] {processor.py:637} INFO - DAG(s) dict_keys(['my_dag']) retrieved from /Users/ballakeerthi/dev/airflow/dags/dag_example.py
[2021-12-07 11:02:46,885] {logging_mixin.py:109} INFO - [2021-12-07 11:02:46,885] {dag.py:2396} INFO - Sync 1 DAGs
[2021-12-07 11:02:46,900] {logging_mixin.py:109} INFO - [2021-12-07 11:02:46,900] {dag.py:2928} INFO - Setting next_dagrun for my_dag to 2021-12-06T00:00:00+00:00
[2021-12-07 11:02:46,910] {processor.py:171} INFO - Processing /Users/ballakeerthi/dev/airflow/dags/dag_example.py took 0.162 seconds
[2021-12-07 11:04:10,895] {processor.py:163} INFO - Started process (PID=3459) to work on /Users/ballakeerthi/dev/airflow/dags/dag_example.py
[2021-12-07 11:04:10,895] {processor.py:625} INFO - Processing file /Users/ballakeerthi/dev/airflow/dags/dag_example.py for tasks to queue
[2021-12-07 11:04:10,897] {logging_mixin.py:109} INFO - [2021-12-07 11:04:10,897] {dagbag.py:500} INFO - Filling up the DagBag from /Users/ballakeerthi/dev/airflow/dags/dag_example.py
[2021-12-07 11:04:10,948] {processor.py:637} INFO - DAG(s) dict_keys(['my_dag']) retrieved from /Users/ballakeerthi/dev/airflow/dags/dag_example.py
[2021-12-07 11:04:10,967] {logging_mixin.py:109} INFO - [2021-12-07 11:04:10,967] {dag.py:2396} INFO - Sync 1 DAGs
[2021-12-07 11:04:10,979] {logging_mixin.py:109} INFO - [2021-12-07 11:04:10,979] {dag.py:2928} INFO - Setting next_dagrun for my_dag to 2021-12-06T00:00:00+00:00
[2021-12-07 11:04:10,987] {processor.py:171} INFO - Processing /Users/ballakeerthi/dev/airflow/dags/dag_example.py took 0.093 seconds
[2021-12-07 11:05:24,861] {processor.py:163} INFO - Started process (PID=3516) to work on /Users/ballakeerthi/dev/airflow/dags/dag_example.py
[2021-12-07 11:05:24,863] {processor.py:625} INFO - Processing file /Users/ballakeerthi/dev/airflow/dags/dag_example.py for tasks to queue
[2021-12-07 11:05:24,865] {logging_mixin.py:109} INFO - [2021-12-07 11:05:24,865] {dagbag.py:500} INFO - Filling up the DagBag from /Users/ballakeerthi/dev/airflow/dags/dag_example.py
[2021-12-07 11:05:24,906] {processor.py:637} INFO - DAG(s) dict_keys(['my_dag']) retrieved from /Users/ballakeerthi/dev/airflow/dags/dag_example.py
[2021-12-07 11:05:24,925] {logging_mixin.py:109} INFO - [2021-12-07 11:05:24,925] {dag.py:2396} INFO - Sync 1 DAGs
[2021-12-07 11:05:24,937] {logging_mixin.py:109} INFO - [2021-12-07 11:05:24,937] {dag.py:2928} INFO - Setting next_dagrun for my_dag to 2021-12-06T00:00:00+00:00
[2021-12-07 11:05:24,946] {processor.py:171} INFO - Processing /Users/ballakeerthi/dev/airflow/dags/dag_example.py took 0.086 seconds
[2021-12-07 11:06:28,156] {processor.py:163} INFO - Started process (PID=3542) to work on /Users/ballakeerthi/dev/airflow/dags/dag_example.py
[2021-12-07 11:06:28,162] {processor.py:625} INFO - Processing file /Users/ballakeerthi/dev/airflow/dags/dag_example.py for tasks to queue
[2021-12-07 11:06:28,163] {logging_mixin.py:109} INFO - [2021-12-07 11:06:28,163] {dagbag.py:500} INFO - Filling up the DagBag from /Users/ballakeerthi/dev/airflow/dags/dag_example.py
[2021-12-07 11:06:28,201] {processor.py:637} INFO - DAG(s) dict_keys(['my_dag']) retrieved from /Users/ballakeerthi/dev/airflow/dags/dag_example.py
[2021-12-07 11:06:28,215] {logging_mixin.py:109} INFO - [2021-12-07 11:06:28,215] {dag.py:2396} INFO - Sync 1 DAGs
[2021-12-07 11:06:28,223] {logging_mixin.py:109} INFO - [2021-12-07 11:06:28,223] {dag.py:2928} INFO - Setting next_dagrun for my_dag to 2021-12-06T00:00:00+00:00
[2021-12-07 11:06:28,231] {processor.py:171} INFO - Processing /Users/ballakeerthi/dev/airflow/dags/dag_example.py took 0.076 seconds
[2021-12-07 11:10:00,296] {processor.py:163} INFO - Started process (PID=3649) to work on /Users/ballakeerthi/dev/airflow/dags/dag_example.py
[2021-12-07 11:10:00,297] {processor.py:625} INFO - Processing file /Users/ballakeerthi/dev/airflow/dags/dag_example.py for tasks to queue
[2021-12-07 11:10:00,297] {logging_mixin.py:109} INFO - [2021-12-07 11:10:00,297] {dagbag.py:500} INFO - Filling up the DagBag from /Users/ballakeerthi/dev/airflow/dags/dag_example.py
[2021-12-07 11:10:00,348] {processor.py:637} INFO - DAG(s) dict_keys(['my_dag']) retrieved from /Users/ballakeerthi/dev/airflow/dags/dag_example.py
[2021-12-07 11:10:00,378] {logging_mixin.py:109} INFO - [2021-12-07 11:10:00,376] {dag.py:2396} INFO - Sync 1 DAGs
[2021-12-07 11:10:00,481] {logging_mixin.py:109} INFO - [2021-12-07 11:10:00,481] {dag.py:2928} INFO - Setting next_dagrun for my_dag to 2021-12-06T00:00:00+00:00
[2021-12-07 11:10:00,503] {processor.py:171} INFO - Processing /Users/ballakeerthi/dev/airflow/dags/dag_example.py took 0.208 seconds
[2021-12-07 11:12:56,478] {processor.py:163} INFO - Started process (PID=3777) to work on /Users/ballakeerthi/dev/airflow/dags/dag_example.py
[2021-12-07 11:12:56,480] {processor.py:625} INFO - Processing file /Users/ballakeerthi/dev/airflow/dags/dag_example.py for tasks to queue
[2021-12-07 11:12:56,481] {logging_mixin.py:109} INFO - [2021-12-07 11:12:56,481] {dagbag.py:500} INFO - Filling up the DagBag from /Users/ballakeerthi/dev/airflow/dags/dag_example.py
[2021-12-07 11:12:56,541] {processor.py:637} INFO - DAG(s) dict_keys(['my_dag']) retrieved from /Users/ballakeerthi/dev/airflow/dags/dag_example.py
[2021-12-07 11:12:56,561] {logging_mixin.py:109} INFO - [2021-12-07 11:12:56,561] {dag.py:2396} INFO - Sync 1 DAGs
[2021-12-07 11:12:56,573] {logging_mixin.py:109} INFO - [2021-12-07 11:12:56,573] {dag.py:2928} INFO - Setting next_dagrun for my_dag to 2021-12-06T00:00:00+00:00
[2021-12-07 11:12:56,579] {processor.py:171} INFO - Processing /Users/ballakeerthi/dev/airflow/dags/dag_example.py took 0.102 seconds
[2021-12-07 11:15:44,313] {processor.py:163} INFO - Started process (PID=3900) to work on /Users/ballakeerthi/dev/airflow/dags/dag_example.py
[2021-12-07 11:15:44,315] {processor.py:625} INFO - Processing file /Users/ballakeerthi/dev/airflow/dags/dag_example.py for tasks to queue
[2021-12-07 11:15:44,315] {logging_mixin.py:109} INFO - [2021-12-07 11:15:44,315] {dagbag.py:500} INFO - Filling up the DagBag from /Users/ballakeerthi/dev/airflow/dags/dag_example.py
[2021-12-07 11:15:44,370] {processor.py:637} INFO - DAG(s) dict_keys(['my_dag']) retrieved from /Users/ballakeerthi/dev/airflow/dags/dag_example.py
[2021-12-07 11:15:44,389] {logging_mixin.py:109} INFO - [2021-12-07 11:15:44,388] {dag.py:2396} INFO - Sync 1 DAGs
[2021-12-07 11:15:44,397] {logging_mixin.py:109} INFO - [2021-12-07 11:15:44,397] {dag.py:2928} INFO - Setting next_dagrun for my_dag to 2021-12-06T00:00:00+00:00
[2021-12-07 11:15:44,403] {processor.py:171} INFO - Processing /Users/ballakeerthi/dev/airflow/dags/dag_example.py took 0.091 seconds
[2021-12-07 11:18:17,928] {processor.py:163} INFO - Started process (PID=4009) to work on /Users/ballakeerthi/dev/airflow/dags/dag_example.py
[2021-12-07 11:18:17,930] {processor.py:625} INFO - Processing file /Users/ballakeerthi/dev/airflow/dags/dag_example.py for tasks to queue
[2021-12-07 11:18:17,931] {logging_mixin.py:109} INFO - [2021-12-07 11:18:17,931] {dagbag.py:500} INFO - Filling up the DagBag from /Users/ballakeerthi/dev/airflow/dags/dag_example.py
[2021-12-07 11:18:17,983] {processor.py:637} INFO - DAG(s) dict_keys(['my_dag']) retrieved from /Users/ballakeerthi/dev/airflow/dags/dag_example.py
[2021-12-07 11:18:18,002] {logging_mixin.py:109} INFO - [2021-12-07 11:18:18,002] {dag.py:2396} INFO - Sync 1 DAGs
[2021-12-07 11:18:18,010] {logging_mixin.py:109} INFO - [2021-12-07 11:18:18,010] {dag.py:2928} INFO - Setting next_dagrun for my_dag to 2021-12-06T00:00:00+00:00
[2021-12-07 11:18:18,017] {processor.py:171} INFO - Processing /Users/ballakeerthi/dev/airflow/dags/dag_example.py took 0.089 seconds
[2021-12-07 11:21:03,910] {processor.py:163} INFO - Started process (PID=4148) to work on /Users/ballakeerthi/dev/airflow/dags/dag_example.py
[2021-12-07 11:21:03,912] {processor.py:625} INFO - Processing file /Users/ballakeerthi/dev/airflow/dags/dag_example.py for tasks to queue
[2021-12-07 11:21:03,912] {logging_mixin.py:109} INFO - [2021-12-07 11:21:03,912] {dagbag.py:500} INFO - Filling up the DagBag from /Users/ballakeerthi/dev/airflow/dags/dag_example.py
[2021-12-07 11:21:03,965] {processor.py:637} INFO - DAG(s) dict_keys(['my_dag']) retrieved from /Users/ballakeerthi/dev/airflow/dags/dag_example.py
[2021-12-07 11:21:03,982] {logging_mixin.py:109} INFO - [2021-12-07 11:21:03,982] {dag.py:2396} INFO - Sync 1 DAGs
[2021-12-07 11:21:03,990] {logging_mixin.py:109} INFO - [2021-12-07 11:21:03,990] {dag.py:2928} INFO - Setting next_dagrun for my_dag to 2021-12-06T00:00:00+00:00
[2021-12-07 11:21:03,996] {processor.py:171} INFO - Processing /Users/ballakeerthi/dev/airflow/dags/dag_example.py took 0.087 seconds
[2021-12-07 11:23:48,309] {processor.py:163} INFO - Started process (PID=4285) to work on /Users/ballakeerthi/dev/airflow/dags/dag_example.py
[2021-12-07 11:23:48,309] {processor.py:625} INFO - Processing file /Users/ballakeerthi/dev/airflow/dags/dag_example.py for tasks to queue
[2021-12-07 11:23:48,310] {logging_mixin.py:109} INFO - [2021-12-07 11:23:48,310] {dagbag.py:500} INFO - Filling up the DagBag from /Users/ballakeerthi/dev/airflow/dags/dag_example.py
[2021-12-07 11:23:48,352] {processor.py:637} INFO - DAG(s) dict_keys(['my_dag']) retrieved from /Users/ballakeerthi/dev/airflow/dags/dag_example.py
[2021-12-07 11:23:48,368] {logging_mixin.py:109} INFO - [2021-12-07 11:23:48,368] {dag.py:2396} INFO - Sync 1 DAGs
[2021-12-07 11:23:48,380] {logging_mixin.py:109} INFO - [2021-12-07 11:23:48,380] {dag.py:2928} INFO - Setting next_dagrun for my_dag to 2021-12-06T00:00:00+00:00
[2021-12-07 11:23:48,388] {processor.py:171} INFO - Processing /Users/ballakeerthi/dev/airflow/dags/dag_example.py took 0.079 seconds
[2021-12-07 11:26:41,901] {processor.py:163} INFO - Started process (PID=4406) to work on /Users/ballakeerthi/dev/airflow/dags/dag_example.py
[2021-12-07 11:26:41,902] {processor.py:625} INFO - Processing file /Users/ballakeerthi/dev/airflow/dags/dag_example.py for tasks to queue
[2021-12-07 11:26:41,902] {logging_mixin.py:109} INFO - [2021-12-07 11:26:41,902] {dagbag.py:500} INFO - Filling up the DagBag from /Users/ballakeerthi/dev/airflow/dags/dag_example.py
[2021-12-07 11:26:41,942] {processor.py:637} INFO - DAG(s) dict_keys(['my_dag']) retrieved from /Users/ballakeerthi/dev/airflow/dags/dag_example.py
[2021-12-07 11:26:41,956] {logging_mixin.py:109} INFO - [2021-12-07 11:26:41,956] {dag.py:2396} INFO - Sync 1 DAGs
[2021-12-07 11:26:41,964] {logging_mixin.py:109} INFO - [2021-12-07 11:26:41,964] {dag.py:2928} INFO - Setting next_dagrun for my_dag to 2021-12-06T00:00:00+00:00
[2021-12-07 11:26:41,969] {processor.py:171} INFO - Processing /Users/ballakeerthi/dev/airflow/dags/dag_example.py took 0.068 seconds
[2021-12-07 11:29:40,275] {processor.py:163} INFO - Started process (PID=4543) to work on /Users/ballakeerthi/dev/airflow/dags/dag_example.py
[2021-12-07 11:29:40,276] {processor.py:625} INFO - Processing file /Users/ballakeerthi/dev/airflow/dags/dag_example.py for tasks to queue
[2021-12-07 11:29:40,276] {logging_mixin.py:109} INFO - [2021-12-07 11:29:40,276] {dagbag.py:500} INFO - Filling up the DagBag from /Users/ballakeerthi/dev/airflow/dags/dag_example.py
[2021-12-07 11:29:40,323] {processor.py:637} INFO - DAG(s) dict_keys(['my_dag']) retrieved from /Users/ballakeerthi/dev/airflow/dags/dag_example.py
[2021-12-07 11:29:40,340] {logging_mixin.py:109} INFO - [2021-12-07 11:29:40,340] {dag.py:2396} INFO - Sync 1 DAGs
[2021-12-07 11:29:40,348] {logging_mixin.py:109} INFO - [2021-12-07 11:29:40,348] {dag.py:2928} INFO - Setting next_dagrun for my_dag to 2021-12-06T00:00:00+00:00
[2021-12-07 11:29:40,355] {processor.py:171} INFO - Processing /Users/ballakeerthi/dev/airflow/dags/dag_example.py took 0.081 seconds
[2021-12-07 11:33:11,239] {processor.py:163} INFO - Started process (PID=4805) to work on /Users/ballakeerthi/dev/airflow/dags/dag_example.py
[2021-12-07 11:33:11,241] {processor.py:625} INFO - Processing file /Users/ballakeerthi/dev/airflow/dags/dag_example.py for tasks to queue
[2021-12-07 11:33:11,242] {logging_mixin.py:109} INFO - [2021-12-07 11:33:11,242] {dagbag.py:500} INFO - Filling up the DagBag from /Users/ballakeerthi/dev/airflow/dags/dag_example.py
[2021-12-07 11:33:11,303] {processor.py:637} INFO - DAG(s) dict_keys(['my_dag']) retrieved from /Users/ballakeerthi/dev/airflow/dags/dag_example.py
[2021-12-07 11:33:11,323] {logging_mixin.py:109} INFO - [2021-12-07 11:33:11,323] {dag.py:2396} INFO - Sync 1 DAGs
[2021-12-07 11:33:11,332] {logging_mixin.py:109} INFO - [2021-12-07 11:33:11,332] {dag.py:2928} INFO - Setting next_dagrun for my_dag to 2021-12-06T00:00:00+00:00
[2021-12-07 11:33:11,339] {processor.py:171} INFO - Processing /Users/ballakeerthi/dev/airflow/dags/dag_example.py took 0.100 seconds
[2021-12-07 11:36:15,909] {processor.py:163} INFO - Started process (PID=4933) to work on /Users/ballakeerthi/dev/airflow/dags/dag_example.py
[2021-12-07 11:36:15,910] {processor.py:625} INFO - Processing file /Users/ballakeerthi/dev/airflow/dags/dag_example.py for tasks to queue
[2021-12-07 11:36:15,911] {logging_mixin.py:109} INFO - [2021-12-07 11:36:15,910] {dagbag.py:500} INFO - Filling up the DagBag from /Users/ballakeerthi/dev/airflow/dags/dag_example.py
[2021-12-07 11:36:15,969] {processor.py:637} INFO - DAG(s) dict_keys(['my_dag']) retrieved from /Users/ballakeerthi/dev/airflow/dags/dag_example.py
[2021-12-07 11:36:15,986] {logging_mixin.py:109} INFO - [2021-12-07 11:36:15,986] {dag.py:2396} INFO - Sync 1 DAGs
[2021-12-07 11:36:15,994] {logging_mixin.py:109} INFO - [2021-12-07 11:36:15,994] {dag.py:2928} INFO - Setting next_dagrun for my_dag to 2021-12-06T00:00:00+00:00
[2021-12-07 11:36:16,001] {processor.py:171} INFO - Processing /Users/ballakeerthi/dev/airflow/dags/dag_example.py took 0.093 seconds
[2021-12-07 11:39:38,470] {processor.py:163} INFO - Started process (PID=5063) to work on /Users/ballakeerthi/dev/airflow/dags/dag_example.py
[2021-12-07 11:39:38,473] {processor.py:625} INFO - Processing file /Users/ballakeerthi/dev/airflow/dags/dag_example.py for tasks to queue
[2021-12-07 11:39:38,474] {logging_mixin.py:109} INFO - [2021-12-07 11:39:38,473] {dagbag.py:500} INFO - Filling up the DagBag from /Users/ballakeerthi/dev/airflow/dags/dag_example.py
[2021-12-07 11:39:38,522] {processor.py:637} INFO - DAG(s) dict_keys(['my_dag']) retrieved from /Users/ballakeerthi/dev/airflow/dags/dag_example.py
[2021-12-07 11:39:38,538] {logging_mixin.py:109} INFO - [2021-12-07 11:39:38,538] {dag.py:2396} INFO - Sync 1 DAGs
[2021-12-07 11:39:38,548] {logging_mixin.py:109} INFO - [2021-12-07 11:39:38,548] {dag.py:2928} INFO - Setting next_dagrun for my_dag to 2021-12-06T00:00:00+00:00
[2021-12-07 11:39:38,555] {processor.py:171} INFO - Processing /Users/ballakeerthi/dev/airflow/dags/dag_example.py took 0.086 seconds
[2021-12-07 11:42:44,808] {processor.py:163} INFO - Started process (PID=5176) to work on /Users/ballakeerthi/dev/airflow/dags/dag_example.py
[2021-12-07 11:42:44,810] {processor.py:625} INFO - Processing file /Users/ballakeerthi/dev/airflow/dags/dag_example.py for tasks to queue
[2021-12-07 11:42:44,811] {logging_mixin.py:109} INFO - [2021-12-07 11:42:44,811] {dagbag.py:500} INFO - Filling up the DagBag from /Users/ballakeerthi/dev/airflow/dags/dag_example.py
[2021-12-07 11:42:44,852] {processor.py:637} INFO - DAG(s) dict_keys(['my_dag']) retrieved from /Users/ballakeerthi/dev/airflow/dags/dag_example.py
[2021-12-07 11:42:44,867] {logging_mixin.py:109} INFO - [2021-12-07 11:42:44,867] {dag.py:2396} INFO - Sync 1 DAGs
[2021-12-07 11:42:44,876] {logging_mixin.py:109} INFO - [2021-12-07 11:42:44,876] {dag.py:2928} INFO - Setting next_dagrun for my_dag to 2021-12-06T00:00:00+00:00
[2021-12-07 11:42:44,881] {processor.py:171} INFO - Processing /Users/ballakeerthi/dev/airflow/dags/dag_example.py took 0.073 seconds
[2021-12-07 11:45:39,701] {processor.py:163} INFO - Started process (PID=5289) to work on /Users/ballakeerthi/dev/airflow/dags/dag_example.py
[2021-12-07 11:45:39,703] {processor.py:625} INFO - Processing file /Users/ballakeerthi/dev/airflow/dags/dag_example.py for tasks to queue
[2021-12-07 11:45:39,704] {logging_mixin.py:109} INFO - [2021-12-07 11:45:39,704] {dagbag.py:500} INFO - Filling up the DagBag from /Users/ballakeerthi/dev/airflow/dags/dag_example.py
[2021-12-07 11:45:39,747] {processor.py:637} INFO - DAG(s) dict_keys(['my_dag']) retrieved from /Users/ballakeerthi/dev/airflow/dags/dag_example.py
[2021-12-07 11:45:39,762] {logging_mixin.py:109} INFO - [2021-12-07 11:45:39,762] {dag.py:2396} INFO - Sync 1 DAGs
[2021-12-07 11:45:39,770] {logging_mixin.py:109} INFO - [2021-12-07 11:45:39,770] {dag.py:2928} INFO - Setting next_dagrun for my_dag to 2021-12-06T00:00:00+00:00
[2021-12-07 11:45:39,776] {processor.py:171} INFO - Processing /Users/ballakeerthi/dev/airflow/dags/dag_example.py took 0.075 seconds
[2021-12-07 11:49:04,619] {processor.py:163} INFO - Started process (PID=5420) to work on /Users/ballakeerthi/dev/airflow/dags/dag_example.py
[2021-12-07 11:49:04,620] {processor.py:625} INFO - Processing file /Users/ballakeerthi/dev/airflow/dags/dag_example.py for tasks to queue
[2021-12-07 11:49:04,620] {logging_mixin.py:109} INFO - [2021-12-07 11:49:04,620] {dagbag.py:500} INFO - Filling up the DagBag from /Users/ballakeerthi/dev/airflow/dags/dag_example.py
[2021-12-07 11:49:04,679] {processor.py:637} INFO - DAG(s) dict_keys(['my_dag']) retrieved from /Users/ballakeerthi/dev/airflow/dags/dag_example.py
[2021-12-07 11:49:04,696] {logging_mixin.py:109} INFO - [2021-12-07 11:49:04,696] {dag.py:2396} INFO - Sync 1 DAGs
[2021-12-07 11:49:04,707] {logging_mixin.py:109} INFO - [2021-12-07 11:49:04,707] {dag.py:2928} INFO - Setting next_dagrun for my_dag to 2021-12-06T00:00:00+00:00
[2021-12-07 11:49:04,717] {processor.py:171} INFO - Processing /Users/ballakeerthi/dev/airflow/dags/dag_example.py took 0.098 seconds
[2021-12-07 11:53:03,442] {processor.py:163} INFO - Started process (PID=5567) to work on /Users/ballakeerthi/dev/airflow/dags/dag_example.py
[2021-12-07 11:53:03,448] {processor.py:625} INFO - Processing file /Users/ballakeerthi/dev/airflow/dags/dag_example.py for tasks to queue
[2021-12-07 11:53:03,448] {logging_mixin.py:109} INFO - [2021-12-07 11:53:03,448] {dagbag.py:500} INFO - Filling up the DagBag from /Users/ballakeerthi/dev/airflow/dags/dag_example.py
[2021-12-07 11:53:03,491] {processor.py:637} INFO - DAG(s) dict_keys(['my_dag']) retrieved from /Users/ballakeerthi/dev/airflow/dags/dag_example.py
[2021-12-07 11:53:03,507] {logging_mixin.py:109} INFO - [2021-12-07 11:53:03,507] {dag.py:2396} INFO - Sync 1 DAGs
[2021-12-07 11:53:03,515] {logging_mixin.py:109} INFO - [2021-12-07 11:53:03,515] {dag.py:2928} INFO - Setting next_dagrun for my_dag to 2021-12-06T00:00:00+00:00
[2021-12-07 11:53:03,523] {processor.py:171} INFO - Processing /Users/ballakeerthi/dev/airflow/dags/dag_example.py took 0.082 seconds
[2021-12-07 11:55:48,065] {processor.py:163} INFO - Started process (PID=5675) to work on /Users/ballakeerthi/dev/airflow/dags/dag_example.py
[2021-12-07 11:55:48,071] {processor.py:625} INFO - Processing file /Users/ballakeerthi/dev/airflow/dags/dag_example.py for tasks to queue
[2021-12-07 11:55:48,071] {logging_mixin.py:109} INFO - [2021-12-07 11:55:48,071] {dagbag.py:500} INFO - Filling up the DagBag from /Users/ballakeerthi/dev/airflow/dags/dag_example.py
[2021-12-07 11:55:48,114] {processor.py:637} INFO - DAG(s) dict_keys(['my_dag']) retrieved from /Users/ballakeerthi/dev/airflow/dags/dag_example.py
[2021-12-07 11:55:48,127] {logging_mixin.py:109} INFO - [2021-12-07 11:55:48,127] {dag.py:2396} INFO - Sync 1 DAGs
[2021-12-07 11:55:48,136] {logging_mixin.py:109} INFO - [2021-12-07 11:55:48,136] {dag.py:2928} INFO - Setting next_dagrun for my_dag to 2021-12-06T00:00:00+00:00
[2021-12-07 11:55:48,144] {processor.py:171} INFO - Processing /Users/ballakeerthi/dev/airflow/dags/dag_example.py took 0.079 seconds
[2021-12-07 11:58:42,563] {processor.py:163} INFO - Started process (PID=5810) to work on /Users/ballakeerthi/dev/airflow/dags/dag_example.py
[2021-12-07 11:58:42,564] {processor.py:625} INFO - Processing file /Users/ballakeerthi/dev/airflow/dags/dag_example.py for tasks to queue
[2021-12-07 11:58:42,564] {logging_mixin.py:109} INFO - [2021-12-07 11:58:42,564] {dagbag.py:500} INFO - Filling up the DagBag from /Users/ballakeerthi/dev/airflow/dags/dag_example.py
[2021-12-07 11:58:42,614] {processor.py:637} INFO - DAG(s) dict_keys(['my_dag']) retrieved from /Users/ballakeerthi/dev/airflow/dags/dag_example.py
[2021-12-07 11:58:42,640] {logging_mixin.py:109} INFO - [2021-12-07 11:58:42,640] {dag.py:2396} INFO - Sync 1 DAGs
[2021-12-07 11:58:42,648] {logging_mixin.py:109} INFO - [2021-12-07 11:58:42,648] {dag.py:2928} INFO - Setting next_dagrun for my_dag to 2021-12-06T00:00:00+00:00
[2021-12-07 11:58:42,658] {processor.py:171} INFO - Processing /Users/ballakeerthi/dev/airflow/dags/dag_example.py took 0.095 seconds
[2021-12-07 12:01:44,646] {processor.py:163} INFO - Started process (PID=5937) to work on /Users/ballakeerthi/dev/airflow/dags/dag_example.py
[2021-12-07 12:01:44,649] {processor.py:625} INFO - Processing file /Users/ballakeerthi/dev/airflow/dags/dag_example.py for tasks to queue
[2021-12-07 12:01:44,649] {logging_mixin.py:109} INFO - [2021-12-07 12:01:44,649] {dagbag.py:500} INFO - Filling up the DagBag from /Users/ballakeerthi/dev/airflow/dags/dag_example.py
[2021-12-07 12:01:44,713] {processor.py:637} INFO - DAG(s) dict_keys(['my_dag']) retrieved from /Users/ballakeerthi/dev/airflow/dags/dag_example.py
[2021-12-07 12:01:44,729] {logging_mixin.py:109} INFO - [2021-12-07 12:01:44,729] {dag.py:2396} INFO - Sync 1 DAGs
[2021-12-07 12:01:44,743] {logging_mixin.py:109} INFO - [2021-12-07 12:01:44,743] {dag.py:2928} INFO - Setting next_dagrun for my_dag to 2021-12-06T00:00:00+00:00
[2021-12-07 12:01:44,754] {processor.py:171} INFO - Processing /Users/ballakeerthi/dev/airflow/dags/dag_example.py took 0.109 seconds
[2021-12-07 12:04:58,944] {processor.py:163} INFO - Started process (PID=6052) to work on /Users/ballakeerthi/dev/airflow/dags/dag_example.py
[2021-12-07 12:04:58,950] {processor.py:625} INFO - Processing file /Users/ballakeerthi/dev/airflow/dags/dag_example.py for tasks to queue
[2021-12-07 12:04:58,951] {logging_mixin.py:109} INFO - [2021-12-07 12:04:58,951] {dagbag.py:500} INFO - Filling up the DagBag from /Users/ballakeerthi/dev/airflow/dags/dag_example.py
[2021-12-07 12:04:58,991] {processor.py:637} INFO - DAG(s) dict_keys(['my_dag']) retrieved from /Users/ballakeerthi/dev/airflow/dags/dag_example.py
[2021-12-07 12:04:59,009] {logging_mixin.py:109} INFO - [2021-12-07 12:04:59,009] {dag.py:2396} INFO - Sync 1 DAGs
[2021-12-07 12:04:59,017] {logging_mixin.py:109} INFO - [2021-12-07 12:04:59,017] {dag.py:2928} INFO - Setting next_dagrun for my_dag to 2021-12-06T00:00:00+00:00
[2021-12-07 12:04:59,026] {processor.py:171} INFO - Processing /Users/ballakeerthi/dev/airflow/dags/dag_example.py took 0.082 seconds
[2021-12-07 12:07:52,787] {processor.py:163} INFO - Started process (PID=6163) to work on /Users/ballakeerthi/dev/airflow/dags/dag_example.py
[2021-12-07 12:07:52,790] {processor.py:625} INFO - Processing file /Users/ballakeerthi/dev/airflow/dags/dag_example.py for tasks to queue
[2021-12-07 12:07:52,790] {logging_mixin.py:109} INFO - [2021-12-07 12:07:52,790] {dagbag.py:500} INFO - Filling up the DagBag from /Users/ballakeerthi/dev/airflow/dags/dag_example.py
[2021-12-07 12:07:52,830] {processor.py:637} INFO - DAG(s) dict_keys(['my_dag']) retrieved from /Users/ballakeerthi/dev/airflow/dags/dag_example.py
[2021-12-07 12:07:52,845] {logging_mixin.py:109} INFO - [2021-12-07 12:07:52,844] {dag.py:2396} INFO - Sync 1 DAGs
[2021-12-07 12:07:52,856] {logging_mixin.py:109} INFO - [2021-12-07 12:07:52,856] {dag.py:2928} INFO - Setting next_dagrun for my_dag to 2021-12-06T00:00:00+00:00
[2021-12-07 12:07:52,862] {processor.py:171} INFO - Processing /Users/ballakeerthi/dev/airflow/dags/dag_example.py took 0.075 seconds
[2021-12-07 12:10:45,591] {processor.py:163} INFO - Started process (PID=6278) to work on /Users/ballakeerthi/dev/airflow/dags/dag_example.py
[2021-12-07 12:10:45,597] {processor.py:625} INFO - Processing file /Users/ballakeerthi/dev/airflow/dags/dag_example.py for tasks to queue
[2021-12-07 12:10:45,598] {logging_mixin.py:109} INFO - [2021-12-07 12:10:45,598] {dagbag.py:500} INFO - Filling up the DagBag from /Users/ballakeerthi/dev/airflow/dags/dag_example.py
[2021-12-07 12:10:45,642] {processor.py:637} INFO - DAG(s) dict_keys(['my_dag']) retrieved from /Users/ballakeerthi/dev/airflow/dags/dag_example.py
[2021-12-07 12:10:45,658] {logging_mixin.py:109} INFO - [2021-12-07 12:10:45,657] {dag.py:2396} INFO - Sync 1 DAGs
[2021-12-07 12:10:45,666] {logging_mixin.py:109} INFO - [2021-12-07 12:10:45,666] {dag.py:2928} INFO - Setting next_dagrun for my_dag to 2021-12-06T00:00:00+00:00
[2021-12-07 12:10:45,676] {processor.py:171} INFO - Processing /Users/ballakeerthi/dev/airflow/dags/dag_example.py took 0.085 seconds
[2021-12-07 12:13:37,240] {processor.py:163} INFO - Started process (PID=6388) to work on /Users/ballakeerthi/dev/airflow/dags/dag_example.py
[2021-12-07 12:13:37,242] {processor.py:625} INFO - Processing file /Users/ballakeerthi/dev/airflow/dags/dag_example.py for tasks to queue
[2021-12-07 12:13:37,243] {logging_mixin.py:109} INFO - [2021-12-07 12:13:37,243] {dagbag.py:500} INFO - Filling up the DagBag from /Users/ballakeerthi/dev/airflow/dags/dag_example.py
[2021-12-07 12:13:37,293] {processor.py:637} INFO - DAG(s) dict_keys(['my_dag']) retrieved from /Users/ballakeerthi/dev/airflow/dags/dag_example.py
[2021-12-07 12:13:37,310] {logging_mixin.py:109} INFO - [2021-12-07 12:13:37,309] {dag.py:2396} INFO - Sync 1 DAGs
[2021-12-07 12:13:37,319] {logging_mixin.py:109} INFO - [2021-12-07 12:13:37,318] {dag.py:2928} INFO - Setting next_dagrun for my_dag to 2021-12-06T00:00:00+00:00
[2021-12-07 12:13:37,326] {processor.py:171} INFO - Processing /Users/ballakeerthi/dev/airflow/dags/dag_example.py took 0.087 seconds
[2021-12-07 12:16:35,970] {processor.py:163} INFO - Started process (PID=6500) to work on /Users/ballakeerthi/dev/airflow/dags/dag_example.py
[2021-12-07 12:16:35,971] {processor.py:625} INFO - Processing file /Users/ballakeerthi/dev/airflow/dags/dag_example.py for tasks to queue
[2021-12-07 12:16:35,972] {logging_mixin.py:109} INFO - [2021-12-07 12:16:35,972] {dagbag.py:500} INFO - Filling up the DagBag from /Users/ballakeerthi/dev/airflow/dags/dag_example.py
[2021-12-07 12:16:36,022] {processor.py:637} INFO - DAG(s) dict_keys(['my_dag']) retrieved from /Users/ballakeerthi/dev/airflow/dags/dag_example.py
[2021-12-07 12:16:36,039] {logging_mixin.py:109} INFO - [2021-12-07 12:16:36,039] {dag.py:2396} INFO - Sync 1 DAGs
[2021-12-07 12:16:36,049] {logging_mixin.py:109} INFO - [2021-12-07 12:16:36,049] {dag.py:2928} INFO - Setting next_dagrun for my_dag to 2021-12-06T00:00:00+00:00
[2021-12-07 12:16:36,056] {processor.py:171} INFO - Processing /Users/ballakeerthi/dev/airflow/dags/dag_example.py took 0.087 seconds
[2021-12-07 12:19:41,063] {processor.py:163} INFO - Started process (PID=6609) to work on /Users/ballakeerthi/dev/airflow/dags/dag_example.py
[2021-12-07 12:19:41,069] {processor.py:625} INFO - Processing file /Users/ballakeerthi/dev/airflow/dags/dag_example.py for tasks to queue
[2021-12-07 12:19:41,069] {logging_mixin.py:109} INFO - [2021-12-07 12:19:41,069] {dagbag.py:500} INFO - Filling up the DagBag from /Users/ballakeerthi/dev/airflow/dags/dag_example.py
[2021-12-07 12:19:41,114] {processor.py:637} INFO - DAG(s) dict_keys(['my_dag']) retrieved from /Users/ballakeerthi/dev/airflow/dags/dag_example.py
[2021-12-07 12:19:41,129] {logging_mixin.py:109} INFO - [2021-12-07 12:19:41,129] {dag.py:2396} INFO - Sync 1 DAGs
[2021-12-07 12:19:41,137] {logging_mixin.py:109} INFO - [2021-12-07 12:19:41,137] {dag.py:2928} INFO - Setting next_dagrun for my_dag to 2021-12-06T00:00:00+00:00
[2021-12-07 12:19:41,147] {processor.py:171} INFO - Processing /Users/ballakeerthi/dev/airflow/dags/dag_example.py took 0.085 seconds
[2021-12-07 12:22:29,705] {processor.py:163} INFO - Started process (PID=6719) to work on /Users/ballakeerthi/dev/airflow/dags/dag_example.py
[2021-12-07 12:22:29,710] {processor.py:625} INFO - Processing file /Users/ballakeerthi/dev/airflow/dags/dag_example.py for tasks to queue
[2021-12-07 12:22:29,711] {logging_mixin.py:109} INFO - [2021-12-07 12:22:29,711] {dagbag.py:500} INFO - Filling up the DagBag from /Users/ballakeerthi/dev/airflow/dags/dag_example.py
[2021-12-07 12:22:29,756] {processor.py:637} INFO - DAG(s) dict_keys(['my_dag']) retrieved from /Users/ballakeerthi/dev/airflow/dags/dag_example.py
[2021-12-07 12:22:29,774] {logging_mixin.py:109} INFO - [2021-12-07 12:22:29,773] {dag.py:2396} INFO - Sync 1 DAGs
[2021-12-07 12:22:29,783] {logging_mixin.py:109} INFO - [2021-12-07 12:22:29,783] {dag.py:2928} INFO - Setting next_dagrun for my_dag to 2021-12-06T00:00:00+00:00
[2021-12-07 12:22:29,791] {processor.py:171} INFO - Processing /Users/ballakeerthi/dev/airflow/dags/dag_example.py took 0.087 seconds
[2021-12-07 12:25:10,522] {processor.py:163} INFO - Started process (PID=6827) to work on /Users/ballakeerthi/dev/airflow/dags/dag_example.py
[2021-12-07 12:25:10,528] {processor.py:625} INFO - Processing file /Users/ballakeerthi/dev/airflow/dags/dag_example.py for tasks to queue
[2021-12-07 12:25:10,528] {logging_mixin.py:109} INFO - [2021-12-07 12:25:10,528] {dagbag.py:500} INFO - Filling up the DagBag from /Users/ballakeerthi/dev/airflow/dags/dag_example.py
[2021-12-07 12:25:10,567] {processor.py:637} INFO - DAG(s) dict_keys(['my_dag']) retrieved from /Users/ballakeerthi/dev/airflow/dags/dag_example.py
[2021-12-07 12:25:10,579] {logging_mixin.py:109} INFO - [2021-12-07 12:25:10,579] {dag.py:2396} INFO - Sync 1 DAGs
[2021-12-07 12:25:10,586] {logging_mixin.py:109} INFO - [2021-12-07 12:25:10,586] {dag.py:2928} INFO - Setting next_dagrun for my_dag to 2021-12-06T00:00:00+00:00
[2021-12-07 12:25:10,595] {processor.py:171} INFO - Processing /Users/ballakeerthi/dev/airflow/dags/dag_example.py took 0.074 seconds
[2021-12-07 13:25:32,593] {processor.py:163} INFO - Started process (PID=7018) to work on /Users/ballakeerthi/dev/airflow/dags/dag_example.py
[2021-12-07 13:25:32,594] {processor.py:625} INFO - Processing file /Users/ballakeerthi/dev/airflow/dags/dag_example.py for tasks to queue
[2021-12-07 13:25:32,595] {logging_mixin.py:109} INFO - [2021-12-07 13:25:32,595] {dagbag.py:500} INFO - Filling up the DagBag from /Users/ballakeerthi/dev/airflow/dags/dag_example.py
[2021-12-07 13:25:32,630] {processor.py:637} INFO - DAG(s) dict_keys(['my_dag']) retrieved from /Users/ballakeerthi/dev/airflow/dags/dag_example.py
[2021-12-07 13:25:32,643] {logging_mixin.py:109} INFO - [2021-12-07 13:25:32,643] {dag.py:2396} INFO - Sync 1 DAGs
[2021-12-07 13:25:32,650] {logging_mixin.py:109} INFO - [2021-12-07 13:25:32,650] {dag.py:2928} INFO - Setting next_dagrun for my_dag to 2021-12-06T00:00:00+00:00
[2021-12-07 13:25:32,658] {processor.py:171} INFO - Processing /Users/ballakeerthi/dev/airflow/dags/dag_example.py took 0.065 seconds
[2021-12-07 13:28:13,473] {processor.py:163} INFO - Started process (PID=7131) to work on /Users/ballakeerthi/dev/airflow/dags/dag_example.py
[2021-12-07 13:28:13,479] {processor.py:625} INFO - Processing file /Users/ballakeerthi/dev/airflow/dags/dag_example.py for tasks to queue
[2021-12-07 13:28:13,480] {logging_mixin.py:109} INFO - [2021-12-07 13:28:13,480] {dagbag.py:500} INFO - Filling up the DagBag from /Users/ballakeerthi/dev/airflow/dags/dag_example.py
[2021-12-07 13:28:13,520] {processor.py:637} INFO - DAG(s) dict_keys(['my_dag']) retrieved from /Users/ballakeerthi/dev/airflow/dags/dag_example.py
[2021-12-07 13:28:13,533] {logging_mixin.py:109} INFO - [2021-12-07 13:28:13,532] {dag.py:2396} INFO - Sync 1 DAGs
[2021-12-07 13:28:13,540] {logging_mixin.py:109} INFO - [2021-12-07 13:28:13,540] {dag.py:2928} INFO - Setting next_dagrun for my_dag to 2021-12-06T00:00:00+00:00
[2021-12-07 13:28:13,548] {processor.py:171} INFO - Processing /Users/ballakeerthi/dev/airflow/dags/dag_example.py took 0.075 seconds
[2021-12-07 13:30:30,610] {processor.py:163} INFO - Started process (PID=7236) to work on /Users/ballakeerthi/dev/airflow/dags/dag_example.py
[2021-12-07 13:30:30,615] {processor.py:625} INFO - Processing file /Users/ballakeerthi/dev/airflow/dags/dag_example.py for tasks to queue
[2021-12-07 13:30:30,616] {logging_mixin.py:109} INFO - [2021-12-07 13:30:30,616] {dagbag.py:500} INFO - Filling up the DagBag from /Users/ballakeerthi/dev/airflow/dags/dag_example.py
[2021-12-07 13:30:30,654] {processor.py:637} INFO - DAG(s) dict_keys(['my_dag']) retrieved from /Users/ballakeerthi/dev/airflow/dags/dag_example.py
[2021-12-07 13:30:30,667] {logging_mixin.py:109} INFO - [2021-12-07 13:30:30,666] {dag.py:2396} INFO - Sync 1 DAGs
[2021-12-07 13:30:30,674] {logging_mixin.py:109} INFO - [2021-12-07 13:30:30,674] {dag.py:2928} INFO - Setting next_dagrun for my_dag to 2021-12-06T00:00:00+00:00
[2021-12-07 13:30:30,681] {processor.py:171} INFO - Processing /Users/ballakeerthi/dev/airflow/dags/dag_example.py took 0.072 seconds
[2021-12-07 13:32:45,087] {processor.py:163} INFO - Started process (PID=7341) to work on /Users/ballakeerthi/dev/airflow/dags/dag_example.py
[2021-12-07 13:32:45,090] {processor.py:625} INFO - Processing file /Users/ballakeerthi/dev/airflow/dags/dag_example.py for tasks to queue
[2021-12-07 13:32:45,091] {logging_mixin.py:109} INFO - [2021-12-07 13:32:45,091] {dagbag.py:500} INFO - Filling up the DagBag from /Users/ballakeerthi/dev/airflow/dags/dag_example.py
[2021-12-07 13:32:45,146] {processor.py:637} INFO - DAG(s) dict_keys(['my_dag']) retrieved from /Users/ballakeerthi/dev/airflow/dags/dag_example.py
[2021-12-07 13:32:45,160] {logging_mixin.py:109} INFO - [2021-12-07 13:32:45,160] {dag.py:2396} INFO - Sync 1 DAGs
[2021-12-07 13:32:45,170] {logging_mixin.py:109} INFO - [2021-12-07 13:32:45,170] {dag.py:2928} INFO - Setting next_dagrun for my_dag to 2021-12-06T00:00:00+00:00
[2021-12-07 13:32:45,178] {processor.py:171} INFO - Processing /Users/ballakeerthi/dev/airflow/dags/dag_example.py took 0.092 seconds
[2021-12-07 13:35:47,732] {processor.py:163} INFO - Started process (PID=7516) to work on /Users/ballakeerthi/dev/airflow/dags/dag_example.py
[2021-12-07 13:35:47,735] {processor.py:625} INFO - Processing file /Users/ballakeerthi/dev/airflow/dags/dag_example.py for tasks to queue
[2021-12-07 13:35:47,735] {logging_mixin.py:109} INFO - [2021-12-07 13:35:47,735] {dagbag.py:500} INFO - Filling up the DagBag from /Users/ballakeerthi/dev/airflow/dags/dag_example.py
[2021-12-07 13:35:47,772] {processor.py:637} INFO - DAG(s) dict_keys(['my_dag']) retrieved from /Users/ballakeerthi/dev/airflow/dags/dag_example.py
[2021-12-07 13:35:47,784] {logging_mixin.py:109} INFO - [2021-12-07 13:35:47,784] {dag.py:2396} INFO - Sync 1 DAGs
[2021-12-07 13:35:47,792] {logging_mixin.py:109} INFO - [2021-12-07 13:35:47,792] {dag.py:2928} INFO - Setting next_dagrun for my_dag to 2021-12-06T00:00:00+00:00
[2021-12-07 13:35:47,801] {processor.py:171} INFO - Processing /Users/ballakeerthi/dev/airflow/dags/dag_example.py took 0.070 seconds
[2021-12-07 13:38:37,733] {processor.py:163} INFO - Started process (PID=7679) to work on /Users/ballakeerthi/dev/airflow/dags/dag_example.py
[2021-12-07 13:38:37,734] {processor.py:625} INFO - Processing file /Users/ballakeerthi/dev/airflow/dags/dag_example.py for tasks to queue
[2021-12-07 13:38:37,734] {logging_mixin.py:109} INFO - [2021-12-07 13:38:37,734] {dagbag.py:500} INFO - Filling up the DagBag from /Users/ballakeerthi/dev/airflow/dags/dag_example.py
[2021-12-07 13:38:38,062] {processor.py:637} INFO - DAG(s) dict_keys(['my_dag']) retrieved from /Users/ballakeerthi/dev/airflow/dags/dag_example.py
[2021-12-07 13:38:38,105] {logging_mixin.py:109} INFO - [2021-12-07 13:38:38,105] {dag.py:2396} INFO - Sync 1 DAGs
[2021-12-07 13:38:38,128] {logging_mixin.py:109} INFO - [2021-12-07 13:38:38,128] {dag.py:2928} INFO - Setting next_dagrun for my_dag to 2021-12-06T00:00:00+00:00
[2021-12-07 13:38:38,135] {processor.py:171} INFO - Processing /Users/ballakeerthi/dev/airflow/dags/dag_example.py took 0.403 seconds
[2021-12-07 13:41:21,208] {processor.py:163} INFO - Started process (PID=7811) to work on /Users/ballakeerthi/dev/airflow/dags/dag_example.py
[2021-12-07 13:41:21,208] {processor.py:625} INFO - Processing file /Users/ballakeerthi/dev/airflow/dags/dag_example.py for tasks to queue
[2021-12-07 13:41:21,209] {logging_mixin.py:109} INFO - [2021-12-07 13:41:21,209] {dagbag.py:500} INFO - Filling up the DagBag from /Users/ballakeerthi/dev/airflow/dags/dag_example.py
[2021-12-07 13:41:21,258] {processor.py:637} INFO - DAG(s) dict_keys(['my_dag']) retrieved from /Users/ballakeerthi/dev/airflow/dags/dag_example.py
[2021-12-07 13:41:21,273] {logging_mixin.py:109} INFO - [2021-12-07 13:41:21,272] {dag.py:2396} INFO - Sync 1 DAGs
[2021-12-07 13:41:21,284] {logging_mixin.py:109} INFO - [2021-12-07 13:41:21,284] {dag.py:2928} INFO - Setting next_dagrun for my_dag to 2021-12-06T00:00:00+00:00
[2021-12-07 13:41:21,294] {processor.py:171} INFO - Processing /Users/ballakeerthi/dev/airflow/dags/dag_example.py took 0.086 seconds
[2021-12-07 13:44:05,665] {processor.py:163} INFO - Started process (PID=7930) to work on /Users/ballakeerthi/dev/airflow/dags/dag_example.py
[2021-12-07 13:44:05,671] {processor.py:625} INFO - Processing file /Users/ballakeerthi/dev/airflow/dags/dag_example.py for tasks to queue
[2021-12-07 13:44:05,672] {logging_mixin.py:109} INFO - [2021-12-07 13:44:05,671] {dagbag.py:500} INFO - Filling up the DagBag from /Users/ballakeerthi/dev/airflow/dags/dag_example.py
[2021-12-07 13:44:05,710] {processor.py:637} INFO - DAG(s) dict_keys(['my_dag']) retrieved from /Users/ballakeerthi/dev/airflow/dags/dag_example.py
[2021-12-07 13:44:05,723] {logging_mixin.py:109} INFO - [2021-12-07 13:44:05,723] {dag.py:2396} INFO - Sync 1 DAGs
[2021-12-07 13:44:05,730] {logging_mixin.py:109} INFO - [2021-12-07 13:44:05,730] {dag.py:2928} INFO - Setting next_dagrun for my_dag to 2021-12-06T00:00:00+00:00
[2021-12-07 13:44:05,736] {processor.py:171} INFO - Processing /Users/ballakeerthi/dev/airflow/dags/dag_example.py took 0.072 seconds
