[2021-12-09 19:00:26,512] {taskinstance.py:1035} INFO - Dependencies all met for <TaskInstance: brent_pricing_dag.drop_database_mysql_external_file scheduled__2021-12-09T00:00:00+00:00 [queued]>
[2021-12-09 19:00:26,521] {taskinstance.py:1035} INFO - Dependencies all met for <TaskInstance: brent_pricing_dag.drop_database_mysql_external_file scheduled__2021-12-09T00:00:00+00:00 [queued]>
[2021-12-09 19:00:26,521] {taskinstance.py:1241} INFO - 
--------------------------------------------------------------------------------
[2021-12-09 19:00:26,521] {taskinstance.py:1242} INFO - Starting attempt 1 of 1
[2021-12-09 19:00:26,521] {taskinstance.py:1243} INFO - 
--------------------------------------------------------------------------------
[2021-12-09 19:00:26,550] {taskinstance.py:1262} INFO - Executing <Task(MySqlOperator): drop_database_mysql_external_file> on 2021-12-09 00:00:00+00:00
[2021-12-09 19:00:26,556] {standard_task_runner.py:52} INFO - Started process 33864 to run task
[2021-12-09 19:00:26,565] {standard_task_runner.py:76} INFO - Running: ['airflow', 'tasks', 'run', 'brent_pricing_dag', 'drop_database_mysql_external_file', 'scheduled__2021-12-09T00:00:00+00:00', '--job-id', '76', '--raw', '--subdir', 'DAGS_FOLDER/dag_brent_pricing.py', '--cfg-path', '/var/folders/b3/j_ybgjv53p33dy62wlktdr4m0000gp/T/tmpiqsg87yn', '--error-file', '/var/folders/b3/j_ybgjv53p33dy62wlktdr4m0000gp/T/tmp86wl8owl']
[2021-12-09 19:00:26,568] {standard_task_runner.py:77} INFO - Job 76: Subtask drop_database_mysql_external_file
[2021-12-09 19:00:31,635] {logging_mixin.py:109} INFO - Running <TaskInstance: brent_pricing_dag.drop_database_mysql_external_file scheduled__2021-12-09T00:00:00+00:00 [running]> on host zipcodes-MacBook-Pro-3.local
[2021-12-09 19:00:36,697] {taskinstance.py:1427} INFO - Exporting the following env vars:
AIRFLOW_CTX_DAG_EMAIL=keerthiballa@gmail.com
AIRFLOW_CTX_DAG_OWNER=airflow
AIRFLOW_CTX_DAG_ID=brent_pricing_dag
AIRFLOW_CTX_TASK_ID=drop_database_mysql_external_file
AIRFLOW_CTX_EXECUTION_DATE=2021-12-09T00:00:00+00:00
AIRFLOW_CTX_DAG_RUN_ID=scheduled__2021-12-09T00:00:00+00:00
[2021-12-09 19:00:36,698] {mysql.py:79} INFO - Executing: drop schema if exists brent_pricing_db
[2021-12-09 19:00:36,704] {base.py:70} INFO - Using connection to: id: mysql_default. Host: localhost, Port: None, Schema: , Login: ***mysqluser, Password: ***, extra: {}
[2021-12-09 19:00:36,784] {dbapi.py:225} INFO - Running statement: drop schema if exists brent_pricing_db, parameters: None
[2021-12-09 19:00:36,814] {dbapi.py:233} INFO - Rows affected: 1
[2021-12-09 19:00:36,822] {taskinstance.py:1270} INFO - Marking task as SUCCESS. dag_id=brent_pricing_dag, task_id=drop_database_mysql_external_file, execution_date=20211209T000000, start_date=20211210T000026, end_date=20211210T000036
[2021-12-09 19:00:36,880] {local_task_job.py:154} INFO - Task exited with return code 0
[2021-12-09 19:00:36,912] {local_task_job.py:264} INFO - 1 downstream tasks scheduled from follow-on schedule check
