[2021-11-30 22:00:25,952] {processor.py:163} INFO - Started process (PID=17511) to work on /Users/ballakeerthi/opt/anaconda3/envs/airflow/lib/python3.9/site-packages/airflow/example_dags/example_branch_labels.py
[2021-11-30 22:00:25,952] {processor.py:625} INFO - Processing file /Users/ballakeerthi/opt/anaconda3/envs/airflow/lib/python3.9/site-packages/airflow/example_dags/example_branch_labels.py for tasks to queue
[2021-11-30 22:00:25,952] {logging_mixin.py:109} INFO - [2021-11-30 22:00:25,952] {dagbag.py:500} INFO - Filling up the DagBag from /Users/ballakeerthi/opt/anaconda3/envs/airflow/lib/python3.9/site-packages/airflow/example_dags/example_branch_labels.py
[2021-11-30 22:00:25,987] {processor.py:637} INFO - DAG(s) dict_keys(['example_branch_labels']) retrieved from /Users/ballakeerthi/opt/anaconda3/envs/airflow/lib/python3.9/site-packages/airflow/example_dags/example_branch_labels.py
[2021-11-30 22:00:26,000] {logging_mixin.py:109} INFO - [2021-11-30 22:00:26,000] {dag.py:2396} INFO - Sync 1 DAGs
[2021-11-30 22:00:26,008] {logging_mixin.py:109} INFO - [2021-11-30 22:00:26,008] {dag.py:2928} INFO - Setting next_dagrun for example_branch_labels to 2021-11-30 00:00:00+00:00
[2021-11-30 22:00:26,015] {processor.py:171} INFO - Processing /Users/ballakeerthi/opt/anaconda3/envs/airflow/lib/python3.9/site-packages/airflow/example_dags/example_branch_labels.py took 0.064 seconds
[2021-11-30 22:02:15,261] {processor.py:163} INFO - Started process (PID=17565) to work on /Users/ballakeerthi/opt/anaconda3/envs/airflow/lib/python3.9/site-packages/airflow/example_dags/example_branch_labels.py
[2021-11-30 22:02:15,262] {processor.py:625} INFO - Processing file /Users/ballakeerthi/opt/anaconda3/envs/airflow/lib/python3.9/site-packages/airflow/example_dags/example_branch_labels.py for tasks to queue
[2021-11-30 22:02:15,262] {logging_mixin.py:109} INFO - [2021-11-30 22:02:15,262] {dagbag.py:500} INFO - Filling up the DagBag from /Users/ballakeerthi/opt/anaconda3/envs/airflow/lib/python3.9/site-packages/airflow/example_dags/example_branch_labels.py
[2021-11-30 22:02:15,302] {processor.py:637} INFO - DAG(s) dict_keys(['example_branch_labels']) retrieved from /Users/ballakeerthi/opt/anaconda3/envs/airflow/lib/python3.9/site-packages/airflow/example_dags/example_branch_labels.py
[2021-11-30 22:02:15,318] {logging_mixin.py:109} INFO - [2021-11-30 22:02:15,317] {dag.py:2396} INFO - Sync 1 DAGs
[2021-11-30 22:02:15,325] {logging_mixin.py:109} INFO - [2021-11-30 22:02:15,325] {dag.py:2928} INFO - Setting next_dagrun for example_branch_labels to 2021-11-30 00:00:00+00:00
[2021-11-30 22:02:15,331] {processor.py:171} INFO - Processing /Users/ballakeerthi/opt/anaconda3/envs/airflow/lib/python3.9/site-packages/airflow/example_dags/example_branch_labels.py took 0.071 seconds
[2021-11-30 22:04:01,382] {processor.py:163} INFO - Started process (PID=17623) to work on /Users/ballakeerthi/opt/anaconda3/envs/airflow/lib/python3.9/site-packages/airflow/example_dags/example_branch_labels.py
[2021-11-30 22:04:01,384] {processor.py:625} INFO - Processing file /Users/ballakeerthi/opt/anaconda3/envs/airflow/lib/python3.9/site-packages/airflow/example_dags/example_branch_labels.py for tasks to queue
[2021-11-30 22:04:01,385] {logging_mixin.py:109} INFO - [2021-11-30 22:04:01,385] {dagbag.py:500} INFO - Filling up the DagBag from /Users/ballakeerthi/opt/anaconda3/envs/airflow/lib/python3.9/site-packages/airflow/example_dags/example_branch_labels.py
[2021-11-30 22:04:01,413] {processor.py:637} INFO - DAG(s) dict_keys(['example_branch_labels']) retrieved from /Users/ballakeerthi/opt/anaconda3/envs/airflow/lib/python3.9/site-packages/airflow/example_dags/example_branch_labels.py
[2021-11-30 22:04:01,427] {logging_mixin.py:109} INFO - [2021-11-30 22:04:01,427] {dag.py:2396} INFO - Sync 1 DAGs
[2021-11-30 22:04:01,436] {logging_mixin.py:109} INFO - [2021-11-30 22:04:01,436] {dag.py:2928} INFO - Setting next_dagrun for example_branch_labels to 2021-11-30 00:00:00+00:00
[2021-11-30 22:04:01,444] {processor.py:171} INFO - Processing /Users/ballakeerthi/opt/anaconda3/envs/airflow/lib/python3.9/site-packages/airflow/example_dags/example_branch_labels.py took 0.062 seconds
[2021-11-30 22:05:40,627] {processor.py:163} INFO - Started process (PID=17685) to work on /Users/ballakeerthi/opt/anaconda3/envs/airflow/lib/python3.9/site-packages/airflow/example_dags/example_branch_labels.py
[2021-11-30 22:05:40,633] {processor.py:625} INFO - Processing file /Users/ballakeerthi/opt/anaconda3/envs/airflow/lib/python3.9/site-packages/airflow/example_dags/example_branch_labels.py for tasks to queue
[2021-11-30 22:05:40,634] {logging_mixin.py:109} INFO - [2021-11-30 22:05:40,634] {dagbag.py:500} INFO - Filling up the DagBag from /Users/ballakeerthi/opt/anaconda3/envs/airflow/lib/python3.9/site-packages/airflow/example_dags/example_branch_labels.py
[2021-11-30 22:05:40,669] {processor.py:637} INFO - DAG(s) dict_keys(['example_branch_labels']) retrieved from /Users/ballakeerthi/opt/anaconda3/envs/airflow/lib/python3.9/site-packages/airflow/example_dags/example_branch_labels.py
[2021-11-30 22:05:40,687] {logging_mixin.py:109} INFO - [2021-11-30 22:05:40,687] {dag.py:2396} INFO - Sync 1 DAGs
[2021-11-30 22:05:40,698] {logging_mixin.py:109} INFO - [2021-11-30 22:05:40,698] {dag.py:2928} INFO - Setting next_dagrun for example_branch_labels to 2021-11-30 00:00:00+00:00
[2021-11-30 22:05:40,704] {processor.py:171} INFO - Processing /Users/ballakeerthi/opt/anaconda3/envs/airflow/lib/python3.9/site-packages/airflow/example_dags/example_branch_labels.py took 0.078 seconds
[2021-11-30 22:07:48,899] {processor.py:163} INFO - Started process (PID=17735) to work on /Users/ballakeerthi/opt/anaconda3/envs/airflow/lib/python3.9/site-packages/airflow/example_dags/example_branch_labels.py
[2021-11-30 22:07:48,899] {processor.py:625} INFO - Processing file /Users/ballakeerthi/opt/anaconda3/envs/airflow/lib/python3.9/site-packages/airflow/example_dags/example_branch_labels.py for tasks to queue
[2021-11-30 22:07:48,900] {logging_mixin.py:109} INFO - [2021-11-30 22:07:48,900] {dagbag.py:500} INFO - Filling up the DagBag from /Users/ballakeerthi/opt/anaconda3/envs/airflow/lib/python3.9/site-packages/airflow/example_dags/example_branch_labels.py
[2021-11-30 22:07:48,926] {processor.py:637} INFO - DAG(s) dict_keys(['example_branch_labels']) retrieved from /Users/ballakeerthi/opt/anaconda3/envs/airflow/lib/python3.9/site-packages/airflow/example_dags/example_branch_labels.py
[2021-11-30 22:07:48,940] {logging_mixin.py:109} INFO - [2021-11-30 22:07:48,940] {dag.py:2396} INFO - Sync 1 DAGs
[2021-11-30 22:07:48,948] {logging_mixin.py:109} INFO - [2021-11-30 22:07:48,948] {dag.py:2928} INFO - Setting next_dagrun for example_branch_labels to 2021-11-30 00:00:00+00:00
[2021-11-30 22:07:48,957] {processor.py:171} INFO - Processing /Users/ballakeerthi/opt/anaconda3/envs/airflow/lib/python3.9/site-packages/airflow/example_dags/example_branch_labels.py took 0.059 seconds
