[2021-11-30 21:59:35,185] {processor.py:163} INFO - Started process (PID=17457) to work on /Users/ballakeerthi/opt/anaconda3/envs/airflow/lib/python3.9/site-packages/airflow/example_dags/example_trigger_controller_dag.py
[2021-11-30 21:59:35,185] {processor.py:625} INFO - Processing file /Users/ballakeerthi/opt/anaconda3/envs/airflow/lib/python3.9/site-packages/airflow/example_dags/example_trigger_controller_dag.py for tasks to queue
[2021-11-30 21:59:35,186] {logging_mixin.py:109} INFO - [2021-11-30 21:59:35,186] {dagbag.py:500} INFO - Filling up the DagBag from /Users/ballakeerthi/opt/anaconda3/envs/airflow/lib/python3.9/site-packages/airflow/example_dags/example_trigger_controller_dag.py
[2021-11-30 21:59:35,230] {processor.py:637} INFO - DAG(s) dict_keys(['example_trigger_controller_dag']) retrieved from /Users/ballakeerthi/opt/anaconda3/envs/airflow/lib/python3.9/site-packages/airflow/example_dags/example_trigger_controller_dag.py
[2021-11-30 21:59:35,244] {logging_mixin.py:109} INFO - [2021-11-30 21:59:35,244] {dag.py:2396} INFO - Sync 1 DAGs
[2021-11-30 21:59:35,250] {logging_mixin.py:109} INFO - [2021-11-30 21:59:35,250] {dag.py:2928} INFO - Setting next_dagrun for example_trigger_controller_dag to 2021-01-01T00:00:00+00:00
[2021-11-30 21:59:35,257] {processor.py:171} INFO - Processing /Users/ballakeerthi/opt/anaconda3/envs/airflow/lib/python3.9/site-packages/airflow/example_dags/example_trigger_controller_dag.py took 0.073 seconds
[2021-11-30 22:00:58,822] {processor.py:163} INFO - Started process (PID=17526) to work on /Users/ballakeerthi/opt/anaconda3/envs/airflow/lib/python3.9/site-packages/airflow/example_dags/example_trigger_controller_dag.py
[2021-11-30 22:00:58,823] {processor.py:625} INFO - Processing file /Users/ballakeerthi/opt/anaconda3/envs/airflow/lib/python3.9/site-packages/airflow/example_dags/example_trigger_controller_dag.py for tasks to queue
[2021-11-30 22:00:58,823] {logging_mixin.py:109} INFO - [2021-11-30 22:00:58,823] {dagbag.py:500} INFO - Filling up the DagBag from /Users/ballakeerthi/opt/anaconda3/envs/airflow/lib/python3.9/site-packages/airflow/example_dags/example_trigger_controller_dag.py
[2021-11-30 22:00:58,851] {processor.py:637} INFO - DAG(s) dict_keys(['example_trigger_controller_dag']) retrieved from /Users/ballakeerthi/opt/anaconda3/envs/airflow/lib/python3.9/site-packages/airflow/example_dags/example_trigger_controller_dag.py
[2021-11-30 22:00:58,864] {logging_mixin.py:109} INFO - [2021-11-30 22:00:58,864] {dag.py:2396} INFO - Sync 1 DAGs
[2021-11-30 22:00:58,870] {logging_mixin.py:109} INFO - [2021-11-30 22:00:58,870] {dag.py:2928} INFO - Setting next_dagrun for example_trigger_controller_dag to 2021-01-01T00:00:00+00:00
[2021-11-30 22:00:58,876] {processor.py:171} INFO - Processing /Users/ballakeerthi/opt/anaconda3/envs/airflow/lib/python3.9/site-packages/airflow/example_dags/example_trigger_controller_dag.py took 0.055 seconds
[2021-11-30 22:02:53,257] {processor.py:163} INFO - Started process (PID=17593) to work on /Users/ballakeerthi/opt/anaconda3/envs/airflow/lib/python3.9/site-packages/airflow/example_dags/example_trigger_controller_dag.py
[2021-11-30 22:02:53,258] {processor.py:625} INFO - Processing file /Users/ballakeerthi/opt/anaconda3/envs/airflow/lib/python3.9/site-packages/airflow/example_dags/example_trigger_controller_dag.py for tasks to queue
[2021-11-30 22:02:53,258] {logging_mixin.py:109} INFO - [2021-11-30 22:02:53,258] {dagbag.py:500} INFO - Filling up the DagBag from /Users/ballakeerthi/opt/anaconda3/envs/airflow/lib/python3.9/site-packages/airflow/example_dags/example_trigger_controller_dag.py
[2021-11-30 22:02:53,284] {processor.py:637} INFO - DAG(s) dict_keys(['example_trigger_controller_dag']) retrieved from /Users/ballakeerthi/opt/anaconda3/envs/airflow/lib/python3.9/site-packages/airflow/example_dags/example_trigger_controller_dag.py
[2021-11-30 22:02:53,298] {logging_mixin.py:109} INFO - [2021-11-30 22:02:53,297] {dag.py:2396} INFO - Sync 1 DAGs
[2021-11-30 22:02:53,305] {logging_mixin.py:109} INFO - [2021-11-30 22:02:53,305] {dag.py:2928} INFO - Setting next_dagrun for example_trigger_controller_dag to 2021-01-01T00:00:00+00:00
[2021-11-30 22:02:53,311] {processor.py:171} INFO - Processing /Users/ballakeerthi/opt/anaconda3/envs/airflow/lib/python3.9/site-packages/airflow/example_dags/example_trigger_controller_dag.py took 0.055 seconds
[2021-11-30 22:04:31,615] {processor.py:163} INFO - Started process (PID=17637) to work on /Users/ballakeerthi/opt/anaconda3/envs/airflow/lib/python3.9/site-packages/airflow/example_dags/example_trigger_controller_dag.py
[2021-11-30 22:04:31,621] {processor.py:625} INFO - Processing file /Users/ballakeerthi/opt/anaconda3/envs/airflow/lib/python3.9/site-packages/airflow/example_dags/example_trigger_controller_dag.py for tasks to queue
[2021-11-30 22:04:31,621] {logging_mixin.py:109} INFO - [2021-11-30 22:04:31,621] {dagbag.py:500} INFO - Filling up the DagBag from /Users/ballakeerthi/opt/anaconda3/envs/airflow/lib/python3.9/site-packages/airflow/example_dags/example_trigger_controller_dag.py
[2021-11-30 22:04:31,648] {processor.py:637} INFO - DAG(s) dict_keys(['example_trigger_controller_dag']) retrieved from /Users/ballakeerthi/opt/anaconda3/envs/airflow/lib/python3.9/site-packages/airflow/example_dags/example_trigger_controller_dag.py
[2021-11-30 22:04:31,661] {logging_mixin.py:109} INFO - [2021-11-30 22:04:31,661] {dag.py:2396} INFO - Sync 1 DAGs
[2021-11-30 22:04:31,668] {logging_mixin.py:109} INFO - [2021-11-30 22:04:31,668] {dag.py:2928} INFO - Setting next_dagrun for example_trigger_controller_dag to 2021-01-01T00:00:00+00:00
[2021-11-30 22:04:31,676] {processor.py:171} INFO - Processing /Users/ballakeerthi/opt/anaconda3/envs/airflow/lib/python3.9/site-packages/airflow/example_dags/example_trigger_controller_dag.py took 0.061 seconds
[2021-11-30 22:06:22,752] {processor.py:163} INFO - Started process (PID=17700) to work on /Users/ballakeerthi/opt/anaconda3/envs/airflow/lib/python3.9/site-packages/airflow/example_dags/example_trigger_controller_dag.py
[2021-11-30 22:06:22,758] {processor.py:625} INFO - Processing file /Users/ballakeerthi/opt/anaconda3/envs/airflow/lib/python3.9/site-packages/airflow/example_dags/example_trigger_controller_dag.py for tasks to queue
[2021-11-30 22:06:22,758] {logging_mixin.py:109} INFO - [2021-11-30 22:06:22,758] {dagbag.py:500} INFO - Filling up the DagBag from /Users/ballakeerthi/opt/anaconda3/envs/airflow/lib/python3.9/site-packages/airflow/example_dags/example_trigger_controller_dag.py
[2021-11-30 22:06:22,793] {processor.py:637} INFO - DAG(s) dict_keys(['example_trigger_controller_dag']) retrieved from /Users/ballakeerthi/opt/anaconda3/envs/airflow/lib/python3.9/site-packages/airflow/example_dags/example_trigger_controller_dag.py
[2021-11-30 22:06:22,845] {logging_mixin.py:109} INFO - [2021-11-30 22:06:22,845] {dag.py:2396} INFO - Sync 1 DAGs
[2021-11-30 22:06:22,856] {logging_mixin.py:109} INFO - [2021-11-30 22:06:22,856] {dag.py:2928} INFO - Setting next_dagrun for example_trigger_controller_dag to 2021-01-01T00:00:00+00:00
[2021-11-30 22:06:22,865] {processor.py:171} INFO - Processing /Users/ballakeerthi/opt/anaconda3/envs/airflow/lib/python3.9/site-packages/airflow/example_dags/example_trigger_controller_dag.py took 0.114 seconds
[2021-11-30 22:07:27,532] {processor.py:163} INFO - Started process (PID=17726) to work on /Users/ballakeerthi/opt/anaconda3/envs/airflow/lib/python3.9/site-packages/airflow/example_dags/example_trigger_controller_dag.py
[2021-11-30 22:07:27,538] {processor.py:625} INFO - Processing file /Users/ballakeerthi/opt/anaconda3/envs/airflow/lib/python3.9/site-packages/airflow/example_dags/example_trigger_controller_dag.py for tasks to queue
[2021-11-30 22:07:27,539] {logging_mixin.py:109} INFO - [2021-11-30 22:07:27,539] {dagbag.py:500} INFO - Filling up the DagBag from /Users/ballakeerthi/opt/anaconda3/envs/airflow/lib/python3.9/site-packages/airflow/example_dags/example_trigger_controller_dag.py
[2021-11-30 22:07:27,569] {processor.py:637} INFO - DAG(s) dict_keys(['example_trigger_controller_dag']) retrieved from /Users/ballakeerthi/opt/anaconda3/envs/airflow/lib/python3.9/site-packages/airflow/example_dags/example_trigger_controller_dag.py
[2021-11-30 22:07:27,583] {logging_mixin.py:109} INFO - [2021-11-30 22:07:27,583] {dag.py:2396} INFO - Sync 1 DAGs
[2021-11-30 22:07:27,590] {logging_mixin.py:109} INFO - [2021-11-30 22:07:27,589] {dag.py:2928} INFO - Setting next_dagrun for example_trigger_controller_dag to 2021-01-01T00:00:00+00:00
[2021-11-30 22:07:27,598] {processor.py:171} INFO - Processing /Users/ballakeerthi/opt/anaconda3/envs/airflow/lib/python3.9/site-packages/airflow/example_dags/example_trigger_controller_dag.py took 0.067 seconds
