[2021-11-30 22:00:03,005] {processor.py:163} INFO - Started process (PID=17474) to work on /Users/ballakeerthi/opt/anaconda3/envs/airflow/lib/python3.9/site-packages/airflow/example_dags/example_latest_only_with_trigger.py
[2021-11-30 22:00:03,005] {processor.py:625} INFO - Processing file /Users/ballakeerthi/opt/anaconda3/envs/airflow/lib/python3.9/site-packages/airflow/example_dags/example_latest_only_with_trigger.py for tasks to queue
[2021-11-30 22:00:03,006] {logging_mixin.py:109} INFO - [2021-11-30 22:00:03,006] {dagbag.py:500} INFO - Filling up the DagBag from /Users/ballakeerthi/opt/anaconda3/envs/airflow/lib/python3.9/site-packages/airflow/example_dags/example_latest_only_with_trigger.py
[2021-11-30 22:00:03,033] {processor.py:637} INFO - DAG(s) dict_keys(['latest_only_with_trigger']) retrieved from /Users/ballakeerthi/opt/anaconda3/envs/airflow/lib/python3.9/site-packages/airflow/example_dags/example_latest_only_with_trigger.py
[2021-11-30 22:00:03,046] {logging_mixin.py:109} INFO - [2021-11-30 22:00:03,046] {dag.py:2396} INFO - Sync 1 DAGs
[2021-11-30 22:00:03,053] {logging_mixin.py:109} INFO - [2021-11-30 22:00:03,053] {dag.py:2928} INFO - Setting next_dagrun for latest_only_with_trigger to 2021-11-30T23:00:03.053085+00:00
[2021-11-30 22:00:03,062] {processor.py:171} INFO - Processing /Users/ballakeerthi/opt/anaconda3/envs/airflow/lib/python3.9/site-packages/airflow/example_dags/example_latest_only_with_trigger.py took 0.057 seconds
[2021-11-30 22:01:23,401] {processor.py:163} INFO - Started process (PID=17536) to work on /Users/ballakeerthi/opt/anaconda3/envs/airflow/lib/python3.9/site-packages/airflow/example_dags/example_latest_only_with_trigger.py
[2021-11-30 22:01:23,401] {processor.py:625} INFO - Processing file /Users/ballakeerthi/opt/anaconda3/envs/airflow/lib/python3.9/site-packages/airflow/example_dags/example_latest_only_with_trigger.py for tasks to queue
[2021-11-30 22:01:23,402] {logging_mixin.py:109} INFO - [2021-11-30 22:01:23,402] {dagbag.py:500} INFO - Filling up the DagBag from /Users/ballakeerthi/opt/anaconda3/envs/airflow/lib/python3.9/site-packages/airflow/example_dags/example_latest_only_with_trigger.py
[2021-11-30 22:01:23,431] {processor.py:637} INFO - DAG(s) dict_keys(['latest_only_with_trigger']) retrieved from /Users/ballakeerthi/opt/anaconda3/envs/airflow/lib/python3.9/site-packages/airflow/example_dags/example_latest_only_with_trigger.py
[2021-11-30 22:01:23,444] {logging_mixin.py:109} INFO - [2021-11-30 22:01:23,444] {dag.py:2396} INFO - Sync 1 DAGs
[2021-11-30 22:01:23,451] {logging_mixin.py:109} INFO - [2021-11-30 22:01:23,451] {dag.py:2928} INFO - Setting next_dagrun for latest_only_with_trigger to 2021-11-30T23:01:23.451266+00:00
[2021-11-30 22:01:23,458] {processor.py:171} INFO - Processing /Users/ballakeerthi/opt/anaconda3/envs/airflow/lib/python3.9/site-packages/airflow/example_dags/example_latest_only_with_trigger.py took 0.058 seconds
[2021-11-30 22:03:17,683] {processor.py:163} INFO - Started process (PID=17603) to work on /Users/ballakeerthi/opt/anaconda3/envs/airflow/lib/python3.9/site-packages/airflow/example_dags/example_latest_only_with_trigger.py
[2021-11-30 22:03:17,689] {processor.py:625} INFO - Processing file /Users/ballakeerthi/opt/anaconda3/envs/airflow/lib/python3.9/site-packages/airflow/example_dags/example_latest_only_with_trigger.py for tasks to queue
[2021-11-30 22:03:17,689] {logging_mixin.py:109} INFO - [2021-11-30 22:03:17,689] {dagbag.py:500} INFO - Filling up the DagBag from /Users/ballakeerthi/opt/anaconda3/envs/airflow/lib/python3.9/site-packages/airflow/example_dags/example_latest_only_with_trigger.py
[2021-11-30 22:03:17,718] {processor.py:637} INFO - DAG(s) dict_keys(['latest_only_with_trigger']) retrieved from /Users/ballakeerthi/opt/anaconda3/envs/airflow/lib/python3.9/site-packages/airflow/example_dags/example_latest_only_with_trigger.py
[2021-11-30 22:03:17,732] {logging_mixin.py:109} INFO - [2021-11-30 22:03:17,732] {dag.py:2396} INFO - Sync 1 DAGs
[2021-11-30 22:03:17,741] {logging_mixin.py:109} INFO - [2021-11-30 22:03:17,741] {dag.py:2928} INFO - Setting next_dagrun for latest_only_with_trigger to 2021-11-30T23:03:17.741144+00:00
[2021-11-30 22:03:17,748] {processor.py:171} INFO - Processing /Users/ballakeerthi/opt/anaconda3/envs/airflow/lib/python3.9/site-packages/airflow/example_dags/example_latest_only_with_trigger.py took 0.066 seconds
[2021-11-30 22:04:56,358] {processor.py:163} INFO - Started process (PID=17665) to work on /Users/ballakeerthi/opt/anaconda3/envs/airflow/lib/python3.9/site-packages/airflow/example_dags/example_latest_only_with_trigger.py
[2021-11-30 22:04:56,364] {processor.py:625} INFO - Processing file /Users/ballakeerthi/opt/anaconda3/envs/airflow/lib/python3.9/site-packages/airflow/example_dags/example_latest_only_with_trigger.py for tasks to queue
[2021-11-30 22:04:56,364] {logging_mixin.py:109} INFO - [2021-11-30 22:04:56,364] {dagbag.py:500} INFO - Filling up the DagBag from /Users/ballakeerthi/opt/anaconda3/envs/airflow/lib/python3.9/site-packages/airflow/example_dags/example_latest_only_with_trigger.py
[2021-11-30 22:04:56,395] {processor.py:637} INFO - DAG(s) dict_keys(['latest_only_with_trigger']) retrieved from /Users/ballakeerthi/opt/anaconda3/envs/airflow/lib/python3.9/site-packages/airflow/example_dags/example_latest_only_with_trigger.py
[2021-11-30 22:04:56,407] {logging_mixin.py:109} INFO - [2021-11-30 22:04:56,407] {dag.py:2396} INFO - Sync 1 DAGs
[2021-11-30 22:04:56,414] {logging_mixin.py:109} INFO - [2021-11-30 22:04:56,414] {dag.py:2928} INFO - Setting next_dagrun for latest_only_with_trigger to 2021-11-30T23:04:56.414282+00:00
[2021-11-30 22:04:56,421] {processor.py:171} INFO - Processing /Users/ballakeerthi/opt/anaconda3/envs/airflow/lib/python3.9/site-packages/airflow/example_dags/example_latest_only_with_trigger.py took 0.064 seconds
[2021-11-30 22:06:51,728] {processor.py:163} INFO - Started process (PID=17713) to work on /Users/ballakeerthi/opt/anaconda3/envs/airflow/lib/python3.9/site-packages/airflow/example_dags/example_latest_only_with_trigger.py
[2021-11-30 22:06:51,731] {processor.py:625} INFO - Processing file /Users/ballakeerthi/opt/anaconda3/envs/airflow/lib/python3.9/site-packages/airflow/example_dags/example_latest_only_with_trigger.py for tasks to queue
[2021-11-30 22:06:51,731] {logging_mixin.py:109} INFO - [2021-11-30 22:06:51,731] {dagbag.py:500} INFO - Filling up the DagBag from /Users/ballakeerthi/opt/anaconda3/envs/airflow/lib/python3.9/site-packages/airflow/example_dags/example_latest_only_with_trigger.py
[2021-11-30 22:06:51,761] {processor.py:637} INFO - DAG(s) dict_keys(['latest_only_with_trigger']) retrieved from /Users/ballakeerthi/opt/anaconda3/envs/airflow/lib/python3.9/site-packages/airflow/example_dags/example_latest_only_with_trigger.py
[2021-11-30 22:06:51,781] {logging_mixin.py:109} INFO - [2021-11-30 22:06:51,781] {dag.py:2396} INFO - Sync 1 DAGs
[2021-11-30 22:06:51,788] {logging_mixin.py:109} INFO - [2021-11-30 22:06:51,788] {dag.py:2928} INFO - Setting next_dagrun for latest_only_with_trigger to 2021-11-30T23:06:51.788751+00:00
[2021-11-30 22:06:51,798] {processor.py:171} INFO - Processing /Users/ballakeerthi/opt/anaconda3/envs/airflow/lib/python3.9/site-packages/airflow/example_dags/example_latest_only_with_trigger.py took 0.071 seconds
[2021-11-30 22:09:06,921] {processor.py:163} INFO - Started process (PID=17765) to work on /Users/ballakeerthi/opt/anaconda3/envs/airflow/lib/python3.9/site-packages/airflow/example_dags/example_latest_only_with_trigger.py
[2021-11-30 22:09:06,921] {processor.py:625} INFO - Processing file /Users/ballakeerthi/opt/anaconda3/envs/airflow/lib/python3.9/site-packages/airflow/example_dags/example_latest_only_with_trigger.py for tasks to queue
[2021-11-30 22:09:06,922] {logging_mixin.py:109} INFO - [2021-11-30 22:09:06,922] {dagbag.py:500} INFO - Filling up the DagBag from /Users/ballakeerthi/opt/anaconda3/envs/airflow/lib/python3.9/site-packages/airflow/example_dags/example_latest_only_with_trigger.py
[2021-11-30 22:09:06,950] {processor.py:637} INFO - DAG(s) dict_keys(['latest_only_with_trigger']) retrieved from /Users/ballakeerthi/opt/anaconda3/envs/airflow/lib/python3.9/site-packages/airflow/example_dags/example_latest_only_with_trigger.py
[2021-11-30 22:09:06,964] {logging_mixin.py:109} INFO - [2021-11-30 22:09:06,963] {dag.py:2396} INFO - Sync 1 DAGs
[2021-11-30 22:09:06,970] {logging_mixin.py:109} INFO - [2021-11-30 22:09:06,970] {dag.py:2928} INFO - Setting next_dagrun for latest_only_with_trigger to 2021-11-30T23:09:06.970543+00:00
[2021-11-30 22:09:06,999] {processor.py:171} INFO - Processing /Users/ballakeerthi/opt/anaconda3/envs/airflow/lib/python3.9/site-packages/airflow/example_dags/example_latest_only_with_trigger.py took 0.079 seconds
