[2021-11-30 22:00:21,308] {processor.py:163} INFO - Started process (PID=17505) to work on /Users/ballakeerthi/opt/anaconda3/envs/airflow/lib/python3.9/site-packages/airflow/example_dags/example_branch_python_dop_operator_3.py
[2021-11-30 22:00:21,308] {processor.py:625} INFO - Processing file /Users/ballakeerthi/opt/anaconda3/envs/airflow/lib/python3.9/site-packages/airflow/example_dags/example_branch_python_dop_operator_3.py for tasks to queue
[2021-11-30 22:00:21,309] {logging_mixin.py:109} INFO - [2021-11-30 22:00:21,309] {dagbag.py:500} INFO - Filling up the DagBag from /Users/ballakeerthi/opt/anaconda3/envs/airflow/lib/python3.9/site-packages/airflow/example_dags/example_branch_python_dop_operator_3.py
[2021-11-30 22:00:21,353] {processor.py:637} INFO - DAG(s) dict_keys(['example_branch_dop_operator_v3']) retrieved from /Users/ballakeerthi/opt/anaconda3/envs/airflow/lib/python3.9/site-packages/airflow/example_dags/example_branch_python_dop_operator_3.py
[2021-11-30 22:00:21,367] {logging_mixin.py:109} INFO - [2021-11-30 22:00:21,367] {dag.py:2396} INFO - Sync 1 DAGs
[2021-11-30 22:00:21,378] {logging_mixin.py:109} INFO - [2021-11-30 22:00:21,377] {dag.py:2928} INFO - Setting next_dagrun for example_branch_dop_operator_v3 to 2021-12-01T02:59:00+00:00
[2021-11-30 22:00:21,384] {processor.py:171} INFO - Processing /Users/ballakeerthi/opt/anaconda3/envs/airflow/lib/python3.9/site-packages/airflow/example_dags/example_branch_python_dop_operator_3.py took 0.077 seconds
[2021-11-30 22:02:10,190] {processor.py:163} INFO - Started process (PID=17562) to work on /Users/ballakeerthi/opt/anaconda3/envs/airflow/lib/python3.9/site-packages/airflow/example_dags/example_branch_python_dop_operator_3.py
[2021-11-30 22:02:10,191] {processor.py:625} INFO - Processing file /Users/ballakeerthi/opt/anaconda3/envs/airflow/lib/python3.9/site-packages/airflow/example_dags/example_branch_python_dop_operator_3.py for tasks to queue
[2021-11-30 22:02:10,191] {logging_mixin.py:109} INFO - [2021-11-30 22:02:10,191] {dagbag.py:500} INFO - Filling up the DagBag from /Users/ballakeerthi/opt/anaconda3/envs/airflow/lib/python3.9/site-packages/airflow/example_dags/example_branch_python_dop_operator_3.py
[2021-11-30 22:02:10,233] {processor.py:637} INFO - DAG(s) dict_keys(['example_branch_dop_operator_v3']) retrieved from /Users/ballakeerthi/opt/anaconda3/envs/airflow/lib/python3.9/site-packages/airflow/example_dags/example_branch_python_dop_operator_3.py
[2021-11-30 22:02:10,246] {logging_mixin.py:109} INFO - [2021-11-30 22:02:10,246] {dag.py:2396} INFO - Sync 1 DAGs
[2021-11-30 22:02:10,257] {logging_mixin.py:109} INFO - [2021-11-30 22:02:10,257] {dag.py:2928} INFO - Setting next_dagrun for example_branch_dop_operator_v3 to 2021-12-01T03:01:00+00:00
[2021-11-30 22:02:10,265] {processor.py:171} INFO - Processing /Users/ballakeerthi/opt/anaconda3/envs/airflow/lib/python3.9/site-packages/airflow/example_dags/example_branch_python_dop_operator_3.py took 0.075 seconds
[2021-11-30 22:03:56,870] {processor.py:163} INFO - Started process (PID=17621) to work on /Users/ballakeerthi/opt/anaconda3/envs/airflow/lib/python3.9/site-packages/airflow/example_dags/example_branch_python_dop_operator_3.py
[2021-11-30 22:03:56,876] {processor.py:625} INFO - Processing file /Users/ballakeerthi/opt/anaconda3/envs/airflow/lib/python3.9/site-packages/airflow/example_dags/example_branch_python_dop_operator_3.py for tasks to queue
[2021-11-30 22:03:56,876] {logging_mixin.py:109} INFO - [2021-11-30 22:03:56,876] {dagbag.py:500} INFO - Filling up the DagBag from /Users/ballakeerthi/opt/anaconda3/envs/airflow/lib/python3.9/site-packages/airflow/example_dags/example_branch_python_dop_operator_3.py
[2021-11-30 22:03:56,915] {processor.py:637} INFO - DAG(s) dict_keys(['example_branch_dop_operator_v3']) retrieved from /Users/ballakeerthi/opt/anaconda3/envs/airflow/lib/python3.9/site-packages/airflow/example_dags/example_branch_python_dop_operator_3.py
[2021-11-30 22:03:56,928] {logging_mixin.py:109} INFO - [2021-11-30 22:03:56,928] {dag.py:2396} INFO - Sync 1 DAGs
[2021-11-30 22:03:56,938] {logging_mixin.py:109} INFO - [2021-11-30 22:03:56,938] {dag.py:2928} INFO - Setting next_dagrun for example_branch_dop_operator_v3 to 2021-12-01T03:02:00+00:00
[2021-11-30 22:03:56,947] {processor.py:171} INFO - Processing /Users/ballakeerthi/opt/anaconda3/envs/airflow/lib/python3.9/site-packages/airflow/example_dags/example_branch_python_dop_operator_3.py took 0.078 seconds
[2021-11-30 22:05:35,750] {processor.py:163} INFO - Started process (PID=17683) to work on /Users/ballakeerthi/opt/anaconda3/envs/airflow/lib/python3.9/site-packages/airflow/example_dags/example_branch_python_dop_operator_3.py
[2021-11-30 22:05:35,755] {processor.py:625} INFO - Processing file /Users/ballakeerthi/opt/anaconda3/envs/airflow/lib/python3.9/site-packages/airflow/example_dags/example_branch_python_dop_operator_3.py for tasks to queue
[2021-11-30 22:05:35,756] {logging_mixin.py:109} INFO - [2021-11-30 22:05:35,756] {dagbag.py:500} INFO - Filling up the DagBag from /Users/ballakeerthi/opt/anaconda3/envs/airflow/lib/python3.9/site-packages/airflow/example_dags/example_branch_python_dop_operator_3.py
[2021-11-30 22:05:35,814] {processor.py:637} INFO - DAG(s) dict_keys(['example_branch_dop_operator_v3']) retrieved from /Users/ballakeerthi/opt/anaconda3/envs/airflow/lib/python3.9/site-packages/airflow/example_dags/example_branch_python_dop_operator_3.py
[2021-11-30 22:05:35,827] {logging_mixin.py:109} INFO - [2021-11-30 22:05:35,826] {dag.py:2396} INFO - Sync 1 DAGs
[2021-11-30 22:05:35,837] {logging_mixin.py:109} INFO - [2021-11-30 22:05:35,837] {dag.py:2928} INFO - Setting next_dagrun for example_branch_dop_operator_v3 to 2021-12-01T03:04:00+00:00
[2021-11-30 22:05:35,843] {processor.py:171} INFO - Processing /Users/ballakeerthi/opt/anaconda3/envs/airflow/lib/python3.9/site-packages/airflow/example_dags/example_branch_python_dop_operator_3.py took 0.094 seconds
[2021-11-30 22:07:44,733] {processor.py:163} INFO - Started process (PID=17733) to work on /Users/ballakeerthi/opt/anaconda3/envs/airflow/lib/python3.9/site-packages/airflow/example_dags/example_branch_python_dop_operator_3.py
[2021-11-30 22:07:44,739] {processor.py:625} INFO - Processing file /Users/ballakeerthi/opt/anaconda3/envs/airflow/lib/python3.9/site-packages/airflow/example_dags/example_branch_python_dop_operator_3.py for tasks to queue
[2021-11-30 22:07:44,740] {logging_mixin.py:109} INFO - [2021-11-30 22:07:44,740] {dagbag.py:500} INFO - Filling up the DagBag from /Users/ballakeerthi/opt/anaconda3/envs/airflow/lib/python3.9/site-packages/airflow/example_dags/example_branch_python_dop_operator_3.py
[2021-11-30 22:07:44,787] {processor.py:637} INFO - DAG(s) dict_keys(['example_branch_dop_operator_v3']) retrieved from /Users/ballakeerthi/opt/anaconda3/envs/airflow/lib/python3.9/site-packages/airflow/example_dags/example_branch_python_dop_operator_3.py
[2021-11-30 22:07:44,800] {logging_mixin.py:109} INFO - [2021-11-30 22:07:44,800] {dag.py:2396} INFO - Sync 1 DAGs
[2021-11-30 22:07:44,811] {logging_mixin.py:109} INFO - [2021-11-30 22:07:44,811] {dag.py:2928} INFO - Setting next_dagrun for example_branch_dop_operator_v3 to 2021-12-01T03:06:00+00:00
[2021-11-30 22:07:44,818] {processor.py:171} INFO - Processing /Users/ballakeerthi/opt/anaconda3/envs/airflow/lib/python3.9/site-packages/airflow/example_dags/example_branch_python_dop_operator_3.py took 0.086 seconds
