[2021-11-30 22:00:23,665] {processor.py:163} INFO - Started process (PID=17506) to work on /Users/ballakeerthi/opt/anaconda3/envs/airflow/lib/python3.9/site-packages/airflow/example_dags/example_branch_operator.py
[2021-11-30 22:00:23,665] {processor.py:625} INFO - Processing file /Users/ballakeerthi/opt/anaconda3/envs/airflow/lib/python3.9/site-packages/airflow/example_dags/example_branch_operator.py for tasks to queue
[2021-11-30 22:00:23,665] {logging_mixin.py:109} INFO - [2021-11-30 22:00:23,665] {dagbag.py:500} INFO - Filling up the DagBag from /Users/ballakeerthi/opt/anaconda3/envs/airflow/lib/python3.9/site-packages/airflow/example_dags/example_branch_operator.py
[2021-11-30 22:00:23,711] {processor.py:637} INFO - DAG(s) dict_keys(['example_branch_operator']) retrieved from /Users/ballakeerthi/opt/anaconda3/envs/airflow/lib/python3.9/site-packages/airflow/example_dags/example_branch_operator.py
[2021-11-30 22:00:23,726] {logging_mixin.py:109} INFO - [2021-11-30 22:00:23,726] {dag.py:2396} INFO - Sync 1 DAGs
[2021-11-30 22:00:23,736] {logging_mixin.py:109} INFO - [2021-11-30 22:00:23,736] {dag.py:2928} INFO - Setting next_dagrun for example_branch_operator to 2021-11-30 00:00:00+00:00
[2021-11-30 22:00:23,743] {processor.py:171} INFO - Processing /Users/ballakeerthi/opt/anaconda3/envs/airflow/lib/python3.9/site-packages/airflow/example_dags/example_branch_operator.py took 0.079 seconds
[2021-11-30 22:02:12,901] {processor.py:163} INFO - Started process (PID=17564) to work on /Users/ballakeerthi/opt/anaconda3/envs/airflow/lib/python3.9/site-packages/airflow/example_dags/example_branch_operator.py
[2021-11-30 22:02:12,902] {processor.py:625} INFO - Processing file /Users/ballakeerthi/opt/anaconda3/envs/airflow/lib/python3.9/site-packages/airflow/example_dags/example_branch_operator.py for tasks to queue
[2021-11-30 22:02:12,903] {logging_mixin.py:109} INFO - [2021-11-30 22:02:12,902] {dagbag.py:500} INFO - Filling up the DagBag from /Users/ballakeerthi/opt/anaconda3/envs/airflow/lib/python3.9/site-packages/airflow/example_dags/example_branch_operator.py
[2021-11-30 22:02:12,941] {processor.py:637} INFO - DAG(s) dict_keys(['example_branch_operator']) retrieved from /Users/ballakeerthi/opt/anaconda3/envs/airflow/lib/python3.9/site-packages/airflow/example_dags/example_branch_operator.py
[2021-11-30 22:02:12,956] {logging_mixin.py:109} INFO - [2021-11-30 22:02:12,956] {dag.py:2396} INFO - Sync 1 DAGs
[2021-11-30 22:02:12,965] {logging_mixin.py:109} INFO - [2021-11-30 22:02:12,965] {dag.py:2928} INFO - Setting next_dagrun for example_branch_operator to 2021-11-30 00:00:00+00:00
[2021-11-30 22:02:12,972] {processor.py:171} INFO - Processing /Users/ballakeerthi/opt/anaconda3/envs/airflow/lib/python3.9/site-packages/airflow/example_dags/example_branch_operator.py took 0.071 seconds
[2021-11-30 22:03:58,965] {processor.py:163} INFO - Started process (PID=17622) to work on /Users/ballakeerthi/opt/anaconda3/envs/airflow/lib/python3.9/site-packages/airflow/example_dags/example_branch_operator.py
[2021-11-30 22:03:58,966] {processor.py:625} INFO - Processing file /Users/ballakeerthi/opt/anaconda3/envs/airflow/lib/python3.9/site-packages/airflow/example_dags/example_branch_operator.py for tasks to queue
[2021-11-30 22:03:58,966] {logging_mixin.py:109} INFO - [2021-11-30 22:03:58,966] {dagbag.py:500} INFO - Filling up the DagBag from /Users/ballakeerthi/opt/anaconda3/envs/airflow/lib/python3.9/site-packages/airflow/example_dags/example_branch_operator.py
[2021-11-30 22:03:59,009] {processor.py:637} INFO - DAG(s) dict_keys(['example_branch_operator']) retrieved from /Users/ballakeerthi/opt/anaconda3/envs/airflow/lib/python3.9/site-packages/airflow/example_dags/example_branch_operator.py
[2021-11-30 22:03:59,024] {logging_mixin.py:109} INFO - [2021-11-30 22:03:59,024] {dag.py:2396} INFO - Sync 1 DAGs
[2021-11-30 22:03:59,034] {logging_mixin.py:109} INFO - [2021-11-30 22:03:59,034] {dag.py:2928} INFO - Setting next_dagrun for example_branch_operator to 2021-11-30 00:00:00+00:00
[2021-11-30 22:03:59,040] {processor.py:171} INFO - Processing /Users/ballakeerthi/opt/anaconda3/envs/airflow/lib/python3.9/site-packages/airflow/example_dags/example_branch_operator.py took 0.075 seconds
[2021-11-30 22:05:38,060] {processor.py:163} INFO - Started process (PID=17684) to work on /Users/ballakeerthi/opt/anaconda3/envs/airflow/lib/python3.9/site-packages/airflow/example_dags/example_branch_operator.py
[2021-11-30 22:05:38,063] {processor.py:625} INFO - Processing file /Users/ballakeerthi/opt/anaconda3/envs/airflow/lib/python3.9/site-packages/airflow/example_dags/example_branch_operator.py for tasks to queue
[2021-11-30 22:05:38,064] {logging_mixin.py:109} INFO - [2021-11-30 22:05:38,064] {dagbag.py:500} INFO - Filling up the DagBag from /Users/ballakeerthi/opt/anaconda3/envs/airflow/lib/python3.9/site-packages/airflow/example_dags/example_branch_operator.py
[2021-11-30 22:05:38,113] {processor.py:637} INFO - DAG(s) dict_keys(['example_branch_operator']) retrieved from /Users/ballakeerthi/opt/anaconda3/envs/airflow/lib/python3.9/site-packages/airflow/example_dags/example_branch_operator.py
[2021-11-30 22:05:38,137] {logging_mixin.py:109} INFO - [2021-11-30 22:05:38,137] {dag.py:2396} INFO - Sync 1 DAGs
[2021-11-30 22:05:38,148] {logging_mixin.py:109} INFO - [2021-11-30 22:05:38,148] {dag.py:2928} INFO - Setting next_dagrun for example_branch_operator to 2021-11-30 00:00:00+00:00
[2021-11-30 22:05:38,158] {processor.py:171} INFO - Processing /Users/ballakeerthi/opt/anaconda3/envs/airflow/lib/python3.9/site-packages/airflow/example_dags/example_branch_operator.py took 0.098 seconds
[2021-11-30 22:07:47,204] {processor.py:163} INFO - Started process (PID=17734) to work on /Users/ballakeerthi/opt/anaconda3/envs/airflow/lib/python3.9/site-packages/airflow/example_dags/example_branch_operator.py
[2021-11-30 22:07:47,210] {processor.py:625} INFO - Processing file /Users/ballakeerthi/opt/anaconda3/envs/airflow/lib/python3.9/site-packages/airflow/example_dags/example_branch_operator.py for tasks to queue
[2021-11-30 22:07:47,210] {logging_mixin.py:109} INFO - [2021-11-30 22:07:47,210] {dagbag.py:500} INFO - Filling up the DagBag from /Users/ballakeerthi/opt/anaconda3/envs/airflow/lib/python3.9/site-packages/airflow/example_dags/example_branch_operator.py
[2021-11-30 22:07:47,254] {processor.py:637} INFO - DAG(s) dict_keys(['example_branch_operator']) retrieved from /Users/ballakeerthi/opt/anaconda3/envs/airflow/lib/python3.9/site-packages/airflow/example_dags/example_branch_operator.py
[2021-11-30 22:07:47,270] {logging_mixin.py:109} INFO - [2021-11-30 22:07:47,270] {dag.py:2396} INFO - Sync 1 DAGs
[2021-11-30 22:07:47,278] {logging_mixin.py:109} INFO - [2021-11-30 22:07:47,278] {dag.py:2928} INFO - Setting next_dagrun for example_branch_operator to 2021-11-30 00:00:00+00:00
[2021-11-30 22:07:47,284] {processor.py:171} INFO - Processing /Users/ballakeerthi/opt/anaconda3/envs/airflow/lib/python3.9/site-packages/airflow/example_dags/example_branch_operator.py took 0.081 seconds
