[2021-11-30 21:59:37,483] {processor.py:163} INFO - Started process (PID=17458) to work on /Users/ballakeerthi/opt/anaconda3/envs/airflow/lib/python3.9/site-packages/airflow/example_dags/example_time_delta_sensor_async.py
[2021-11-30 21:59:37,483] {processor.py:625} INFO - Processing file /Users/ballakeerthi/opt/anaconda3/envs/airflow/lib/python3.9/site-packages/airflow/example_dags/example_time_delta_sensor_async.py for tasks to queue
[2021-11-30 21:59:37,483] {logging_mixin.py:109} INFO - [2021-11-30 21:59:37,483] {dagbag.py:500} INFO - Filling up the DagBag from /Users/ballakeerthi/opt/anaconda3/envs/airflow/lib/python3.9/site-packages/airflow/example_dags/example_time_delta_sensor_async.py
[2021-11-30 21:59:37,520] {processor.py:637} INFO - DAG(s) dict_keys(['example_time_delta_sensor_async']) retrieved from /Users/ballakeerthi/opt/anaconda3/envs/airflow/lib/python3.9/site-packages/airflow/example_dags/example_time_delta_sensor_async.py
[2021-11-30 21:59:37,534] {logging_mixin.py:109} INFO - [2021-11-30 21:59:37,533] {dag.py:2396} INFO - Sync 1 DAGs
[2021-11-30 21:59:37,541] {logging_mixin.py:109} INFO - [2021-11-30 21:59:37,541] {dag.py:2928} INFO - Setting next_dagrun for example_time_delta_sensor_async to None
[2021-11-30 21:59:37,550] {processor.py:171} INFO - Processing /Users/ballakeerthi/opt/anaconda3/envs/airflow/lib/python3.9/site-packages/airflow/example_dags/example_time_delta_sensor_async.py took 0.068 seconds
[2021-11-30 22:01:00,635] {processor.py:163} INFO - Started process (PID=17527) to work on /Users/ballakeerthi/opt/anaconda3/envs/airflow/lib/python3.9/site-packages/airflow/example_dags/example_time_delta_sensor_async.py
[2021-11-30 22:01:00,636] {processor.py:625} INFO - Processing file /Users/ballakeerthi/opt/anaconda3/envs/airflow/lib/python3.9/site-packages/airflow/example_dags/example_time_delta_sensor_async.py for tasks to queue
[2021-11-30 22:01:00,636] {logging_mixin.py:109} INFO - [2021-11-30 22:01:00,636] {dagbag.py:500} INFO - Filling up the DagBag from /Users/ballakeerthi/opt/anaconda3/envs/airflow/lib/python3.9/site-packages/airflow/example_dags/example_time_delta_sensor_async.py
[2021-11-30 22:01:00,666] {processor.py:637} INFO - DAG(s) dict_keys(['example_time_delta_sensor_async']) retrieved from /Users/ballakeerthi/opt/anaconda3/envs/airflow/lib/python3.9/site-packages/airflow/example_dags/example_time_delta_sensor_async.py
[2021-11-30 22:01:00,679] {logging_mixin.py:109} INFO - [2021-11-30 22:01:00,679] {dag.py:2396} INFO - Sync 1 DAGs
[2021-11-30 22:01:00,687] {logging_mixin.py:109} INFO - [2021-11-30 22:01:00,687] {dag.py:2928} INFO - Setting next_dagrun for example_time_delta_sensor_async to None
[2021-11-30 22:01:00,693] {processor.py:171} INFO - Processing /Users/ballakeerthi/opt/anaconda3/envs/airflow/lib/python3.9/site-packages/airflow/example_dags/example_time_delta_sensor_async.py took 0.059 seconds
[2021-11-30 22:02:55,836] {processor.py:163} INFO - Started process (PID=17594) to work on /Users/ballakeerthi/opt/anaconda3/envs/airflow/lib/python3.9/site-packages/airflow/example_dags/example_time_delta_sensor_async.py
[2021-11-30 22:02:55,841] {processor.py:625} INFO - Processing file /Users/ballakeerthi/opt/anaconda3/envs/airflow/lib/python3.9/site-packages/airflow/example_dags/example_time_delta_sensor_async.py for tasks to queue
[2021-11-30 22:02:55,842] {logging_mixin.py:109} INFO - [2021-11-30 22:02:55,842] {dagbag.py:500} INFO - Filling up the DagBag from /Users/ballakeerthi/opt/anaconda3/envs/airflow/lib/python3.9/site-packages/airflow/example_dags/example_time_delta_sensor_async.py
[2021-11-30 22:02:55,875] {processor.py:637} INFO - DAG(s) dict_keys(['example_time_delta_sensor_async']) retrieved from /Users/ballakeerthi/opt/anaconda3/envs/airflow/lib/python3.9/site-packages/airflow/example_dags/example_time_delta_sensor_async.py
[2021-11-30 22:02:55,888] {logging_mixin.py:109} INFO - [2021-11-30 22:02:55,887] {dag.py:2396} INFO - Sync 1 DAGs
[2021-11-30 22:02:55,895] {logging_mixin.py:109} INFO - [2021-11-30 22:02:55,895] {dag.py:2928} INFO - Setting next_dagrun for example_time_delta_sensor_async to None
[2021-11-30 22:02:55,902] {processor.py:171} INFO - Processing /Users/ballakeerthi/opt/anaconda3/envs/airflow/lib/python3.9/site-packages/airflow/example_dags/example_time_delta_sensor_async.py took 0.067 seconds
[2021-11-30 22:04:33,862] {processor.py:163} INFO - Started process (PID=17638) to work on /Users/ballakeerthi/opt/anaconda3/envs/airflow/lib/python3.9/site-packages/airflow/example_dags/example_time_delta_sensor_async.py
[2021-11-30 22:04:33,867] {processor.py:625} INFO - Processing file /Users/ballakeerthi/opt/anaconda3/envs/airflow/lib/python3.9/site-packages/airflow/example_dags/example_time_delta_sensor_async.py for tasks to queue
[2021-11-30 22:04:33,868] {logging_mixin.py:109} INFO - [2021-11-30 22:04:33,868] {dagbag.py:500} INFO - Filling up the DagBag from /Users/ballakeerthi/opt/anaconda3/envs/airflow/lib/python3.9/site-packages/airflow/example_dags/example_time_delta_sensor_async.py
[2021-11-30 22:04:33,899] {processor.py:637} INFO - DAG(s) dict_keys(['example_time_delta_sensor_async']) retrieved from /Users/ballakeerthi/opt/anaconda3/envs/airflow/lib/python3.9/site-packages/airflow/example_dags/example_time_delta_sensor_async.py
[2021-11-30 22:04:33,912] {logging_mixin.py:109} INFO - [2021-11-30 22:04:33,912] {dag.py:2396} INFO - Sync 1 DAGs
[2021-11-30 22:04:33,921] {logging_mixin.py:109} INFO - [2021-11-30 22:04:33,921] {dag.py:2928} INFO - Setting next_dagrun for example_time_delta_sensor_async to None
[2021-11-30 22:04:33,927] {processor.py:171} INFO - Processing /Users/ballakeerthi/opt/anaconda3/envs/airflow/lib/python3.9/site-packages/airflow/example_dags/example_time_delta_sensor_async.py took 0.066 seconds
[2021-11-30 22:06:25,837] {processor.py:163} INFO - Started process (PID=17701) to work on /Users/ballakeerthi/opt/anaconda3/envs/airflow/lib/python3.9/site-packages/airflow/example_dags/example_time_delta_sensor_async.py
[2021-11-30 22:06:25,837] {processor.py:625} INFO - Processing file /Users/ballakeerthi/opt/anaconda3/envs/airflow/lib/python3.9/site-packages/airflow/example_dags/example_time_delta_sensor_async.py for tasks to queue
[2021-11-30 22:06:25,838] {logging_mixin.py:109} INFO - [2021-11-30 22:06:25,838] {dagbag.py:500} INFO - Filling up the DagBag from /Users/ballakeerthi/opt/anaconda3/envs/airflow/lib/python3.9/site-packages/airflow/example_dags/example_time_delta_sensor_async.py
[2021-11-30 22:06:25,872] {processor.py:637} INFO - DAG(s) dict_keys(['example_time_delta_sensor_async']) retrieved from /Users/ballakeerthi/opt/anaconda3/envs/airflow/lib/python3.9/site-packages/airflow/example_dags/example_time_delta_sensor_async.py
[2021-11-30 22:06:25,885] {logging_mixin.py:109} INFO - [2021-11-30 22:06:25,885] {dag.py:2396} INFO - Sync 1 DAGs
[2021-11-30 22:06:25,892] {logging_mixin.py:109} INFO - [2021-11-30 22:06:25,892] {dag.py:2928} INFO - Setting next_dagrun for example_time_delta_sensor_async to None
[2021-11-30 22:06:25,899] {processor.py:171} INFO - Processing /Users/ballakeerthi/opt/anaconda3/envs/airflow/lib/python3.9/site-packages/airflow/example_dags/example_time_delta_sensor_async.py took 0.062 seconds
[2021-11-30 22:08:39,287] {processor.py:163} INFO - Started process (PID=17754) to work on /Users/ballakeerthi/opt/anaconda3/envs/airflow/lib/python3.9/site-packages/airflow/example_dags/example_time_delta_sensor_async.py
[2021-11-30 22:08:39,293] {processor.py:625} INFO - Processing file /Users/ballakeerthi/opt/anaconda3/envs/airflow/lib/python3.9/site-packages/airflow/example_dags/example_time_delta_sensor_async.py for tasks to queue
[2021-11-30 22:08:39,294] {logging_mixin.py:109} INFO - [2021-11-30 22:08:39,294] {dagbag.py:500} INFO - Filling up the DagBag from /Users/ballakeerthi/opt/anaconda3/envs/airflow/lib/python3.9/site-packages/airflow/example_dags/example_time_delta_sensor_async.py
[2021-11-30 22:08:39,334] {processor.py:637} INFO - DAG(s) dict_keys(['example_time_delta_sensor_async']) retrieved from /Users/ballakeerthi/opt/anaconda3/envs/airflow/lib/python3.9/site-packages/airflow/example_dags/example_time_delta_sensor_async.py
[2021-11-30 22:08:39,352] {logging_mixin.py:109} INFO - [2021-11-30 22:08:39,352] {dag.py:2396} INFO - Sync 1 DAGs
[2021-11-30 22:08:39,359] {logging_mixin.py:109} INFO - [2021-11-30 22:08:39,359] {dag.py:2928} INFO - Setting next_dagrun for example_time_delta_sensor_async to None
[2021-11-30 22:08:39,370] {processor.py:171} INFO - Processing /Users/ballakeerthi/opt/anaconda3/envs/airflow/lib/python3.9/site-packages/airflow/example_dags/example_time_delta_sensor_async.py took 0.084 seconds
