[2021-11-30 21:59:42,391] {processor.py:163} INFO - Started process (PID=17460) to work on /Users/ballakeerthi/opt/anaconda3/envs/airflow/lib/python3.9/site-packages/airflow/example_dags/example_task_group.py
[2021-11-30 21:59:42,391] {processor.py:625} INFO - Processing file /Users/ballakeerthi/opt/anaconda3/envs/airflow/lib/python3.9/site-packages/airflow/example_dags/example_task_group.py for tasks to queue
[2021-11-30 21:59:42,391] {logging_mixin.py:109} INFO - [2021-11-30 21:59:42,391] {dagbag.py:500} INFO - Filling up the DagBag from /Users/ballakeerthi/opt/anaconda3/envs/airflow/lib/python3.9/site-packages/airflow/example_dags/example_task_group.py
[2021-11-30 21:59:42,446] {processor.py:637} INFO - DAG(s) dict_keys(['example_task_group']) retrieved from /Users/ballakeerthi/opt/anaconda3/envs/airflow/lib/python3.9/site-packages/airflow/example_dags/example_task_group.py
[2021-11-30 21:59:42,483] {logging_mixin.py:109} INFO - [2021-11-30 21:59:42,483] {dag.py:2396} INFO - Sync 1 DAGs
[2021-11-30 21:59:42,498] {logging_mixin.py:109} INFO - [2021-11-30 21:59:42,498] {dag.py:2928} INFO - Setting next_dagrun for example_task_group to 2021-11-30T02:59:42.498465+00:00
[2021-11-30 21:59:42,506] {processor.py:171} INFO - Processing /Users/ballakeerthi/opt/anaconda3/envs/airflow/lib/python3.9/site-packages/airflow/example_dags/example_task_group.py took 0.117 seconds
[2021-11-30 22:01:05,866] {processor.py:163} INFO - Started process (PID=17529) to work on /Users/ballakeerthi/opt/anaconda3/envs/airflow/lib/python3.9/site-packages/airflow/example_dags/example_task_group.py
[2021-11-30 22:01:05,872] {processor.py:625} INFO - Processing file /Users/ballakeerthi/opt/anaconda3/envs/airflow/lib/python3.9/site-packages/airflow/example_dags/example_task_group.py for tasks to queue
[2021-11-30 22:01:05,872] {logging_mixin.py:109} INFO - [2021-11-30 22:01:05,872] {dagbag.py:500} INFO - Filling up the DagBag from /Users/ballakeerthi/opt/anaconda3/envs/airflow/lib/python3.9/site-packages/airflow/example_dags/example_task_group.py
[2021-11-30 22:01:05,904] {processor.py:637} INFO - DAG(s) dict_keys(['example_task_group']) retrieved from /Users/ballakeerthi/opt/anaconda3/envs/airflow/lib/python3.9/site-packages/airflow/example_dags/example_task_group.py
[2021-11-30 22:01:05,918] {logging_mixin.py:109} INFO - [2021-11-30 22:01:05,917] {dag.py:2396} INFO - Sync 1 DAGs
[2021-11-30 22:01:05,924] {logging_mixin.py:109} INFO - [2021-11-30 22:01:05,924] {dag.py:2928} INFO - Setting next_dagrun for example_task_group to 2021-11-30T03:01:05.924701+00:00
[2021-11-30 22:01:05,933] {processor.py:171} INFO - Processing /Users/ballakeerthi/opt/anaconda3/envs/airflow/lib/python3.9/site-packages/airflow/example_dags/example_task_group.py took 0.068 seconds
[2021-11-30 22:03:01,562] {processor.py:163} INFO - Started process (PID=17596) to work on /Users/ballakeerthi/opt/anaconda3/envs/airflow/lib/python3.9/site-packages/airflow/example_dags/example_task_group.py
[2021-11-30 22:03:01,568] {processor.py:625} INFO - Processing file /Users/ballakeerthi/opt/anaconda3/envs/airflow/lib/python3.9/site-packages/airflow/example_dags/example_task_group.py for tasks to queue
[2021-11-30 22:03:01,569] {logging_mixin.py:109} INFO - [2021-11-30 22:03:01,569] {dagbag.py:500} INFO - Filling up the DagBag from /Users/ballakeerthi/opt/anaconda3/envs/airflow/lib/python3.9/site-packages/airflow/example_dags/example_task_group.py
[2021-11-30 22:03:01,605] {processor.py:637} INFO - DAG(s) dict_keys(['example_task_group']) retrieved from /Users/ballakeerthi/opt/anaconda3/envs/airflow/lib/python3.9/site-packages/airflow/example_dags/example_task_group.py
[2021-11-30 22:03:01,619] {logging_mixin.py:109} INFO - [2021-11-30 22:03:01,619] {dag.py:2396} INFO - Sync 1 DAGs
[2021-11-30 22:03:01,626] {logging_mixin.py:109} INFO - [2021-11-30 22:03:01,626] {dag.py:2928} INFO - Setting next_dagrun for example_task_group to 2021-11-30T03:03:01.626176+00:00
[2021-11-30 22:03:01,632] {processor.py:171} INFO - Processing /Users/ballakeerthi/opt/anaconda3/envs/airflow/lib/python3.9/site-packages/airflow/example_dags/example_task_group.py took 0.070 seconds
[2021-11-30 22:04:38,959] {processor.py:163} INFO - Started process (PID=17642) to work on /Users/ballakeerthi/opt/anaconda3/envs/airflow/lib/python3.9/site-packages/airflow/example_dags/example_task_group.py
[2021-11-30 22:04:38,965] {processor.py:625} INFO - Processing file /Users/ballakeerthi/opt/anaconda3/envs/airflow/lib/python3.9/site-packages/airflow/example_dags/example_task_group.py for tasks to queue
[2021-11-30 22:04:38,965] {logging_mixin.py:109} INFO - [2021-11-30 22:04:38,965] {dagbag.py:500} INFO - Filling up the DagBag from /Users/ballakeerthi/opt/anaconda3/envs/airflow/lib/python3.9/site-packages/airflow/example_dags/example_task_group.py
[2021-11-30 22:04:38,997] {processor.py:637} INFO - DAG(s) dict_keys(['example_task_group']) retrieved from /Users/ballakeerthi/opt/anaconda3/envs/airflow/lib/python3.9/site-packages/airflow/example_dags/example_task_group.py
[2021-11-30 22:04:39,013] {logging_mixin.py:109} INFO - [2021-11-30 22:04:39,013] {dag.py:2396} INFO - Sync 1 DAGs
[2021-11-30 22:04:39,020] {logging_mixin.py:109} INFO - [2021-11-30 22:04:39,020] {dag.py:2928} INFO - Setting next_dagrun for example_task_group to 2021-11-30T03:04:39.020308+00:00
[2021-11-30 22:04:39,030] {processor.py:171} INFO - Processing /Users/ballakeerthi/opt/anaconda3/envs/airflow/lib/python3.9/site-packages/airflow/example_dags/example_task_group.py took 0.072 seconds
[2021-11-30 22:06:32,307] {processor.py:163} INFO - Started process (PID=17703) to work on /Users/ballakeerthi/opt/anaconda3/envs/airflow/lib/python3.9/site-packages/airflow/example_dags/example_task_group.py
[2021-11-30 22:06:32,312] {processor.py:625} INFO - Processing file /Users/ballakeerthi/opt/anaconda3/envs/airflow/lib/python3.9/site-packages/airflow/example_dags/example_task_group.py for tasks to queue
[2021-11-30 22:06:32,313] {logging_mixin.py:109} INFO - [2021-11-30 22:06:32,313] {dagbag.py:500} INFO - Filling up the DagBag from /Users/ballakeerthi/opt/anaconda3/envs/airflow/lib/python3.9/site-packages/airflow/example_dags/example_task_group.py
[2021-11-30 22:06:32,344] {processor.py:637} INFO - DAG(s) dict_keys(['example_task_group']) retrieved from /Users/ballakeerthi/opt/anaconda3/envs/airflow/lib/python3.9/site-packages/airflow/example_dags/example_task_group.py
[2021-11-30 22:06:32,358] {logging_mixin.py:109} INFO - [2021-11-30 22:06:32,358] {dag.py:2396} INFO - Sync 1 DAGs
[2021-11-30 22:06:32,364] {logging_mixin.py:109} INFO - [2021-11-30 22:06:32,364] {dag.py:2928} INFO - Setting next_dagrun for example_task_group to 2021-11-30T03:06:32.364716+00:00
[2021-11-30 22:06:32,374] {processor.py:171} INFO - Processing /Users/ballakeerthi/opt/anaconda3/envs/airflow/lib/python3.9/site-packages/airflow/example_dags/example_task_group.py took 0.068 seconds
[2021-11-30 22:08:45,169] {processor.py:163} INFO - Started process (PID=17756) to work on /Users/ballakeerthi/opt/anaconda3/envs/airflow/lib/python3.9/site-packages/airflow/example_dags/example_task_group.py
[2021-11-30 22:08:45,172] {processor.py:625} INFO - Processing file /Users/ballakeerthi/opt/anaconda3/envs/airflow/lib/python3.9/site-packages/airflow/example_dags/example_task_group.py for tasks to queue
[2021-11-30 22:08:45,172] {logging_mixin.py:109} INFO - [2021-11-30 22:08:45,172] {dagbag.py:500} INFO - Filling up the DagBag from /Users/ballakeerthi/opt/anaconda3/envs/airflow/lib/python3.9/site-packages/airflow/example_dags/example_task_group.py
[2021-11-30 22:08:45,199] {processor.py:637} INFO - DAG(s) dict_keys(['example_task_group']) retrieved from /Users/ballakeerthi/opt/anaconda3/envs/airflow/lib/python3.9/site-packages/airflow/example_dags/example_task_group.py
[2021-11-30 22:08:45,213] {logging_mixin.py:109} INFO - [2021-11-30 22:08:45,213] {dag.py:2396} INFO - Sync 1 DAGs
[2021-11-30 22:08:45,220] {logging_mixin.py:109} INFO - [2021-11-30 22:08:45,220] {dag.py:2928} INFO - Setting next_dagrun for example_task_group to 2021-11-30T03:08:45.220236+00:00
[2021-11-30 22:08:45,227] {processor.py:171} INFO - Processing /Users/ballakeerthi/opt/anaconda3/envs/airflow/lib/python3.9/site-packages/airflow/example_dags/example_task_group.py took 0.058 seconds
