[2021-11-30 21:59:44,969] {processor.py:163} INFO - Started process (PID=17461) to work on /Users/ballakeerthi/opt/anaconda3/envs/airflow/lib/python3.9/site-packages/airflow/example_dags/example_subdag_operator.py
[2021-11-30 21:59:44,969] {processor.py:625} INFO - Processing file /Users/ballakeerthi/opt/anaconda3/envs/airflow/lib/python3.9/site-packages/airflow/example_dags/example_subdag_operator.py for tasks to queue
[2021-11-30 21:59:44,970] {logging_mixin.py:109} INFO - [2021-11-30 21:59:44,970] {dagbag.py:500} INFO - Filling up the DagBag from /Users/ballakeerthi/opt/anaconda3/envs/airflow/lib/python3.9/site-packages/airflow/example_dags/example_subdag_operator.py
[2021-11-30 21:59:45,009] {processor.py:637} INFO - DAG(s) dict_keys(['example_subdag_operator.section-1', 'example_subdag_operator.section-2', 'example_subdag_operator']) retrieved from /Users/ballakeerthi/opt/anaconda3/envs/airflow/lib/python3.9/site-packages/airflow/example_dags/example_subdag_operator.py
[2021-11-30 21:59:45,026] {logging_mixin.py:109} INFO - [2021-11-30 21:59:45,026] {dag.py:2396} INFO - Sync 3 DAGs
[2021-11-30 21:59:45,034] {logging_mixin.py:109} INFO - [2021-11-30 21:59:45,034] {dag.py:2928} INFO - Setting next_dagrun for example_subdag_operator to 2021-11-29T00:00:00+00:00
[2021-11-30 21:59:45,034] {logging_mixin.py:109} INFO - [2021-11-30 21:59:45,034] {dag.py:2928} INFO - Setting next_dagrun for example_subdag_operator.section-1 to None
[2021-11-30 21:59:45,034] {logging_mixin.py:109} INFO - [2021-11-30 21:59:45,034] {dag.py:2928} INFO - Setting next_dagrun for example_subdag_operator.section-2 to None
[2021-11-30 21:59:45,037] {logging_mixin.py:109} INFO - [2021-11-30 21:59:45,037] {dag.py:2396} INFO - Sync 2 DAGs
[2021-11-30 21:59:45,041] {logging_mixin.py:109} INFO - [2021-11-30 21:59:45,041] {dag.py:2928} INFO - Setting next_dagrun for example_subdag_operator.section-1 to None
[2021-11-30 21:59:45,042] {logging_mixin.py:109} INFO - [2021-11-30 21:59:45,042] {dag.py:2928} INFO - Setting next_dagrun for example_subdag_operator.section-2 to None
[2021-11-30 21:59:45,047] {processor.py:171} INFO - Processing /Users/ballakeerthi/opt/anaconda3/envs/airflow/lib/python3.9/site-packages/airflow/example_dags/example_subdag_operator.py took 0.078 seconds
[2021-11-30 22:01:08,648] {processor.py:163} INFO - Started process (PID=17530) to work on /Users/ballakeerthi/opt/anaconda3/envs/airflow/lib/python3.9/site-packages/airflow/example_dags/example_subdag_operator.py
[2021-11-30 22:01:08,654] {processor.py:625} INFO - Processing file /Users/ballakeerthi/opt/anaconda3/envs/airflow/lib/python3.9/site-packages/airflow/example_dags/example_subdag_operator.py for tasks to queue
[2021-11-30 22:01:08,654] {logging_mixin.py:109} INFO - [2021-11-30 22:01:08,654] {dagbag.py:500} INFO - Filling up the DagBag from /Users/ballakeerthi/opt/anaconda3/envs/airflow/lib/python3.9/site-packages/airflow/example_dags/example_subdag_operator.py
[2021-11-30 22:01:08,687] {processor.py:637} INFO - DAG(s) dict_keys(['example_subdag_operator.section-1', 'example_subdag_operator.section-2', 'example_subdag_operator']) retrieved from /Users/ballakeerthi/opt/anaconda3/envs/airflow/lib/python3.9/site-packages/airflow/example_dags/example_subdag_operator.py
[2021-11-30 22:01:08,703] {logging_mixin.py:109} INFO - [2021-11-30 22:01:08,703] {dag.py:2396} INFO - Sync 3 DAGs
[2021-11-30 22:01:08,710] {logging_mixin.py:109} INFO - [2021-11-30 22:01:08,710] {dag.py:2928} INFO - Setting next_dagrun for example_subdag_operator to 2021-11-29T00:00:00+00:00
[2021-11-30 22:01:08,710] {logging_mixin.py:109} INFO - [2021-11-30 22:01:08,710] {dag.py:2928} INFO - Setting next_dagrun for example_subdag_operator.section-1 to None
[2021-11-30 22:01:08,710] {logging_mixin.py:109} INFO - [2021-11-30 22:01:08,710] {dag.py:2928} INFO - Setting next_dagrun for example_subdag_operator.section-2 to None
[2021-11-30 22:01:08,713] {logging_mixin.py:109} INFO - [2021-11-30 22:01:08,713] {dag.py:2396} INFO - Sync 2 DAGs
[2021-11-30 22:01:08,717] {logging_mixin.py:109} INFO - [2021-11-30 22:01:08,717] {dag.py:2928} INFO - Setting next_dagrun for example_subdag_operator.section-1 to None
[2021-11-30 22:01:08,717] {logging_mixin.py:109} INFO - [2021-11-30 22:01:08,717] {dag.py:2928} INFO - Setting next_dagrun for example_subdag_operator.section-2 to None
[2021-11-30 22:01:08,724] {processor.py:171} INFO - Processing /Users/ballakeerthi/opt/anaconda3/envs/airflow/lib/python3.9/site-packages/airflow/example_dags/example_subdag_operator.py took 0.076 seconds
[2021-11-30 22:03:04,092] {processor.py:163} INFO - Started process (PID=17597) to work on /Users/ballakeerthi/opt/anaconda3/envs/airflow/lib/python3.9/site-packages/airflow/example_dags/example_subdag_operator.py
[2021-11-30 22:03:04,098] {processor.py:625} INFO - Processing file /Users/ballakeerthi/opt/anaconda3/envs/airflow/lib/python3.9/site-packages/airflow/example_dags/example_subdag_operator.py for tasks to queue
[2021-11-30 22:03:04,098] {logging_mixin.py:109} INFO - [2021-11-30 22:03:04,098] {dagbag.py:500} INFO - Filling up the DagBag from /Users/ballakeerthi/opt/anaconda3/envs/airflow/lib/python3.9/site-packages/airflow/example_dags/example_subdag_operator.py
[2021-11-30 22:03:04,135] {processor.py:637} INFO - DAG(s) dict_keys(['example_subdag_operator.section-1', 'example_subdag_operator.section-2', 'example_subdag_operator']) retrieved from /Users/ballakeerthi/opt/anaconda3/envs/airflow/lib/python3.9/site-packages/airflow/example_dags/example_subdag_operator.py
[2021-11-30 22:03:04,150] {logging_mixin.py:109} INFO - [2021-11-30 22:03:04,149] {dag.py:2396} INFO - Sync 3 DAGs
[2021-11-30 22:03:04,156] {logging_mixin.py:109} INFO - [2021-11-30 22:03:04,156] {dag.py:2928} INFO - Setting next_dagrun for example_subdag_operator to 2021-11-29T00:00:00+00:00
[2021-11-30 22:03:04,156] {logging_mixin.py:109} INFO - [2021-11-30 22:03:04,156] {dag.py:2928} INFO - Setting next_dagrun for example_subdag_operator.section-1 to None
[2021-11-30 22:03:04,156] {logging_mixin.py:109} INFO - [2021-11-30 22:03:04,156] {dag.py:2928} INFO - Setting next_dagrun for example_subdag_operator.section-2 to None
[2021-11-30 22:03:04,159] {logging_mixin.py:109} INFO - [2021-11-30 22:03:04,159] {dag.py:2396} INFO - Sync 2 DAGs
[2021-11-30 22:03:04,163] {logging_mixin.py:109} INFO - [2021-11-30 22:03:04,163] {dag.py:2928} INFO - Setting next_dagrun for example_subdag_operator.section-1 to None
[2021-11-30 22:03:04,163] {logging_mixin.py:109} INFO - [2021-11-30 22:03:04,163] {dag.py:2928} INFO - Setting next_dagrun for example_subdag_operator.section-2 to None
[2021-11-30 22:03:04,170] {processor.py:171} INFO - Processing /Users/ballakeerthi/opt/anaconda3/envs/airflow/lib/python3.9/site-packages/airflow/example_dags/example_subdag_operator.py took 0.079 seconds
[2021-11-30 22:04:41,327] {processor.py:163} INFO - Started process (PID=17643) to work on /Users/ballakeerthi/opt/anaconda3/envs/airflow/lib/python3.9/site-packages/airflow/example_dags/example_subdag_operator.py
[2021-11-30 22:04:41,329] {processor.py:625} INFO - Processing file /Users/ballakeerthi/opt/anaconda3/envs/airflow/lib/python3.9/site-packages/airflow/example_dags/example_subdag_operator.py for tasks to queue
[2021-11-30 22:04:41,330] {logging_mixin.py:109} INFO - [2021-11-30 22:04:41,329] {dagbag.py:500} INFO - Filling up the DagBag from /Users/ballakeerthi/opt/anaconda3/envs/airflow/lib/python3.9/site-packages/airflow/example_dags/example_subdag_operator.py
[2021-11-30 22:04:41,365] {processor.py:637} INFO - DAG(s) dict_keys(['example_subdag_operator.section-1', 'example_subdag_operator.section-2', 'example_subdag_operator']) retrieved from /Users/ballakeerthi/opt/anaconda3/envs/airflow/lib/python3.9/site-packages/airflow/example_dags/example_subdag_operator.py
[2021-11-30 22:04:41,382] {logging_mixin.py:109} INFO - [2021-11-30 22:04:41,382] {dag.py:2396} INFO - Sync 3 DAGs
[2021-11-30 22:04:41,390] {logging_mixin.py:109} INFO - [2021-11-30 22:04:41,390] {dag.py:2928} INFO - Setting next_dagrun for example_subdag_operator to 2021-11-29T00:00:00+00:00
[2021-11-30 22:04:41,390] {logging_mixin.py:109} INFO - [2021-11-30 22:04:41,390] {dag.py:2928} INFO - Setting next_dagrun for example_subdag_operator.section-1 to None
[2021-11-30 22:04:41,390] {logging_mixin.py:109} INFO - [2021-11-30 22:04:41,390] {dag.py:2928} INFO - Setting next_dagrun for example_subdag_operator.section-2 to None
[2021-11-30 22:04:41,393] {logging_mixin.py:109} INFO - [2021-11-30 22:04:41,393] {dag.py:2396} INFO - Sync 2 DAGs
[2021-11-30 22:04:41,397] {logging_mixin.py:109} INFO - [2021-11-30 22:04:41,397] {dag.py:2928} INFO - Setting next_dagrun for example_subdag_operator.section-1 to None
[2021-11-30 22:04:41,398] {logging_mixin.py:109} INFO - [2021-11-30 22:04:41,397] {dag.py:2928} INFO - Setting next_dagrun for example_subdag_operator.section-2 to None
[2021-11-30 22:04:41,405] {processor.py:171} INFO - Processing /Users/ballakeerthi/opt/anaconda3/envs/airflow/lib/python3.9/site-packages/airflow/example_dags/example_subdag_operator.py took 0.079 seconds
[2021-11-30 22:06:36,062] {processor.py:163} INFO - Started process (PID=17704) to work on /Users/ballakeerthi/opt/anaconda3/envs/airflow/lib/python3.9/site-packages/airflow/example_dags/example_subdag_operator.py
[2021-11-30 22:06:36,066] {processor.py:625} INFO - Processing file /Users/ballakeerthi/opt/anaconda3/envs/airflow/lib/python3.9/site-packages/airflow/example_dags/example_subdag_operator.py for tasks to queue
[2021-11-30 22:06:36,067] {logging_mixin.py:109} INFO - [2021-11-30 22:06:36,067] {dagbag.py:500} INFO - Filling up the DagBag from /Users/ballakeerthi/opt/anaconda3/envs/airflow/lib/python3.9/site-packages/airflow/example_dags/example_subdag_operator.py
[2021-11-30 22:06:36,147] {processor.py:637} INFO - DAG(s) dict_keys(['example_subdag_operator.section-1', 'example_subdag_operator.section-2', 'example_subdag_operator']) retrieved from /Users/ballakeerthi/opt/anaconda3/envs/airflow/lib/python3.9/site-packages/airflow/example_dags/example_subdag_operator.py
[2021-11-30 22:06:36,199] {logging_mixin.py:109} INFO - [2021-11-30 22:06:36,199] {dag.py:2396} INFO - Sync 3 DAGs
[2021-11-30 22:06:36,212] {logging_mixin.py:109} INFO - [2021-11-30 22:06:36,212] {dag.py:2928} INFO - Setting next_dagrun for example_subdag_operator to 2021-11-29T00:00:00+00:00
[2021-11-30 22:06:36,213] {logging_mixin.py:109} INFO - [2021-11-30 22:06:36,212] {dag.py:2928} INFO - Setting next_dagrun for example_subdag_operator.section-1 to None
[2021-11-30 22:06:36,213] {logging_mixin.py:109} INFO - [2021-11-30 22:06:36,213] {dag.py:2928} INFO - Setting next_dagrun for example_subdag_operator.section-2 to None
[2021-11-30 22:06:36,218] {logging_mixin.py:109} INFO - [2021-11-30 22:06:36,218] {dag.py:2396} INFO - Sync 2 DAGs
[2021-11-30 22:06:36,226] {logging_mixin.py:109} INFO - [2021-11-30 22:06:36,226] {dag.py:2928} INFO - Setting next_dagrun for example_subdag_operator.section-1 to None
[2021-11-30 22:06:36,226] {logging_mixin.py:109} INFO - [2021-11-30 22:06:36,226] {dag.py:2928} INFO - Setting next_dagrun for example_subdag_operator.section-2 to None
[2021-11-30 22:06:36,235] {processor.py:171} INFO - Processing /Users/ballakeerthi/opt/anaconda3/envs/airflow/lib/python3.9/site-packages/airflow/example_dags/example_subdag_operator.py took 0.173 seconds
[2021-11-30 22:08:47,784] {processor.py:163} INFO - Started process (PID=17757) to work on /Users/ballakeerthi/opt/anaconda3/envs/airflow/lib/python3.9/site-packages/airflow/example_dags/example_subdag_operator.py
[2021-11-30 22:08:47,790] {processor.py:625} INFO - Processing file /Users/ballakeerthi/opt/anaconda3/envs/airflow/lib/python3.9/site-packages/airflow/example_dags/example_subdag_operator.py for tasks to queue
[2021-11-30 22:08:47,791] {logging_mixin.py:109} INFO - [2021-11-30 22:08:47,791] {dagbag.py:500} INFO - Filling up the DagBag from /Users/ballakeerthi/opt/anaconda3/envs/airflow/lib/python3.9/site-packages/airflow/example_dags/example_subdag_operator.py
[2021-11-30 22:08:47,841] {processor.py:637} INFO - DAG(s) dict_keys(['example_subdag_operator.section-1', 'example_subdag_operator.section-2', 'example_subdag_operator']) retrieved from /Users/ballakeerthi/opt/anaconda3/envs/airflow/lib/python3.9/site-packages/airflow/example_dags/example_subdag_operator.py
[2021-11-30 22:08:47,865] {logging_mixin.py:109} INFO - [2021-11-30 22:08:47,865] {dag.py:2396} INFO - Sync 3 DAGs
[2021-11-30 22:08:47,874] {logging_mixin.py:109} INFO - [2021-11-30 22:08:47,874] {dag.py:2928} INFO - Setting next_dagrun for example_subdag_operator to 2021-11-29T00:00:00+00:00
[2021-11-30 22:08:47,874] {logging_mixin.py:109} INFO - [2021-11-30 22:08:47,874] {dag.py:2928} INFO - Setting next_dagrun for example_subdag_operator.section-1 to None
[2021-11-30 22:08:47,874] {logging_mixin.py:109} INFO - [2021-11-30 22:08:47,874] {dag.py:2928} INFO - Setting next_dagrun for example_subdag_operator.section-2 to None
[2021-11-30 22:08:47,877] {logging_mixin.py:109} INFO - [2021-11-30 22:08:47,877] {dag.py:2396} INFO - Sync 2 DAGs
[2021-11-30 22:08:47,886] {logging_mixin.py:109} INFO - [2021-11-30 22:08:47,886] {dag.py:2928} INFO - Setting next_dagrun for example_subdag_operator.section-1 to None
[2021-11-30 22:08:47,886] {logging_mixin.py:109} INFO - [2021-11-30 22:08:47,886] {dag.py:2928} INFO - Setting next_dagrun for example_subdag_operator.section-2 to None
[2021-11-30 22:08:47,892] {processor.py:171} INFO - Processing /Users/ballakeerthi/opt/anaconda3/envs/airflow/lib/python3.9/site-packages/airflow/example_dags/example_subdag_operator.py took 0.108 seconds
