[2021-11-30 22:00:00,720] {processor.py:163} INFO - Started process (PID=17473) to work on /Users/ballakeerthi/opt/anaconda3/envs/airflow/lib/python3.9/site-packages/airflow/example_dags/example_nested_branch_dag.py
[2021-11-30 22:00:00,721] {processor.py:625} INFO - Processing file /Users/ballakeerthi/opt/anaconda3/envs/airflow/lib/python3.9/site-packages/airflow/example_dags/example_nested_branch_dag.py for tasks to queue
[2021-11-30 22:00:00,721] {logging_mixin.py:109} INFO - [2021-11-30 22:00:00,721] {dagbag.py:500} INFO - Filling up the DagBag from /Users/ballakeerthi/opt/anaconda3/envs/airflow/lib/python3.9/site-packages/airflow/example_dags/example_nested_branch_dag.py
[2021-11-30 22:00:00,766] {processor.py:637} INFO - DAG(s) dict_keys(['example_nested_branch_dag']) retrieved from /Users/ballakeerthi/opt/anaconda3/envs/airflow/lib/python3.9/site-packages/airflow/example_dags/example_nested_branch_dag.py
[2021-11-30 22:00:00,783] {logging_mixin.py:109} INFO - [2021-11-30 22:00:00,783] {dag.py:2396} INFO - Sync 1 DAGs
[2021-11-30 22:00:00,792] {logging_mixin.py:109} INFO - [2021-11-30 22:00:00,792] {dag.py:2928} INFO - Setting next_dagrun for example_nested_branch_dag to 2021-11-30 00:00:00+00:00
[2021-11-30 22:00:00,799] {processor.py:171} INFO - Processing /Users/ballakeerthi/opt/anaconda3/envs/airflow/lib/python3.9/site-packages/airflow/example_dags/example_nested_branch_dag.py took 0.079 seconds
[2021-11-30 22:01:20,775] {processor.py:163} INFO - Started process (PID=17535) to work on /Users/ballakeerthi/opt/anaconda3/envs/airflow/lib/python3.9/site-packages/airflow/example_dags/example_nested_branch_dag.py
[2021-11-30 22:01:20,775] {processor.py:625} INFO - Processing file /Users/ballakeerthi/opt/anaconda3/envs/airflow/lib/python3.9/site-packages/airflow/example_dags/example_nested_branch_dag.py for tasks to queue
[2021-11-30 22:01:20,776] {logging_mixin.py:109} INFO - [2021-11-30 22:01:20,776] {dagbag.py:500} INFO - Filling up the DagBag from /Users/ballakeerthi/opt/anaconda3/envs/airflow/lib/python3.9/site-packages/airflow/example_dags/example_nested_branch_dag.py
[2021-11-30 22:01:20,813] {processor.py:637} INFO - DAG(s) dict_keys(['example_nested_branch_dag']) retrieved from /Users/ballakeerthi/opt/anaconda3/envs/airflow/lib/python3.9/site-packages/airflow/example_dags/example_nested_branch_dag.py
[2021-11-30 22:01:20,828] {logging_mixin.py:109} INFO - [2021-11-30 22:01:20,828] {dag.py:2396} INFO - Sync 1 DAGs
[2021-11-30 22:01:20,837] {logging_mixin.py:109} INFO - [2021-11-30 22:01:20,837] {dag.py:2928} INFO - Setting next_dagrun for example_nested_branch_dag to 2021-11-30 00:00:00+00:00
[2021-11-30 22:01:20,843] {processor.py:171} INFO - Processing /Users/ballakeerthi/opt/anaconda3/envs/airflow/lib/python3.9/site-packages/airflow/example_dags/example_nested_branch_dag.py took 0.069 seconds
[2021-11-30 22:03:15,316] {processor.py:163} INFO - Started process (PID=17602) to work on /Users/ballakeerthi/opt/anaconda3/envs/airflow/lib/python3.9/site-packages/airflow/example_dags/example_nested_branch_dag.py
[2021-11-30 22:03:15,323] {processor.py:625} INFO - Processing file /Users/ballakeerthi/opt/anaconda3/envs/airflow/lib/python3.9/site-packages/airflow/example_dags/example_nested_branch_dag.py for tasks to queue
[2021-11-30 22:03:15,323] {logging_mixin.py:109} INFO - [2021-11-30 22:03:15,323] {dagbag.py:500} INFO - Filling up the DagBag from /Users/ballakeerthi/opt/anaconda3/envs/airflow/lib/python3.9/site-packages/airflow/example_dags/example_nested_branch_dag.py
[2021-11-30 22:03:15,362] {processor.py:637} INFO - DAG(s) dict_keys(['example_nested_branch_dag']) retrieved from /Users/ballakeerthi/opt/anaconda3/envs/airflow/lib/python3.9/site-packages/airflow/example_dags/example_nested_branch_dag.py
[2021-11-30 22:03:15,380] {logging_mixin.py:109} INFO - [2021-11-30 22:03:15,379] {dag.py:2396} INFO - Sync 1 DAGs
[2021-11-30 22:03:15,388] {logging_mixin.py:109} INFO - [2021-11-30 22:03:15,388] {dag.py:2928} INFO - Setting next_dagrun for example_nested_branch_dag to 2021-11-30 00:00:00+00:00
[2021-11-30 22:03:15,394] {processor.py:171} INFO - Processing /Users/ballakeerthi/opt/anaconda3/envs/airflow/lib/python3.9/site-packages/airflow/example_dags/example_nested_branch_dag.py took 0.078 seconds
[2021-11-30 22:04:53,724] {processor.py:163} INFO - Started process (PID=17664) to work on /Users/ballakeerthi/opt/anaconda3/envs/airflow/lib/python3.9/site-packages/airflow/example_dags/example_nested_branch_dag.py
[2021-11-30 22:04:53,729] {processor.py:625} INFO - Processing file /Users/ballakeerthi/opt/anaconda3/envs/airflow/lib/python3.9/site-packages/airflow/example_dags/example_nested_branch_dag.py for tasks to queue
[2021-11-30 22:04:53,730] {logging_mixin.py:109} INFO - [2021-11-30 22:04:53,730] {dagbag.py:500} INFO - Filling up the DagBag from /Users/ballakeerthi/opt/anaconda3/envs/airflow/lib/python3.9/site-packages/airflow/example_dags/example_nested_branch_dag.py
[2021-11-30 22:04:53,770] {processor.py:637} INFO - DAG(s) dict_keys(['example_nested_branch_dag']) retrieved from /Users/ballakeerthi/opt/anaconda3/envs/airflow/lib/python3.9/site-packages/airflow/example_dags/example_nested_branch_dag.py
[2021-11-30 22:04:53,786] {logging_mixin.py:109} INFO - [2021-11-30 22:04:53,785] {dag.py:2396} INFO - Sync 1 DAGs
[2021-11-30 22:04:53,794] {logging_mixin.py:109} INFO - [2021-11-30 22:04:53,794] {dag.py:2928} INFO - Setting next_dagrun for example_nested_branch_dag to 2021-11-30 00:00:00+00:00
[2021-11-30 22:04:53,802] {processor.py:171} INFO - Processing /Users/ballakeerthi/opt/anaconda3/envs/airflow/lib/python3.9/site-packages/airflow/example_dags/example_nested_branch_dag.py took 0.079 seconds
[2021-11-30 22:06:49,318] {processor.py:163} INFO - Started process (PID=17711) to work on /Users/ballakeerthi/opt/anaconda3/envs/airflow/lib/python3.9/site-packages/airflow/example_dags/example_nested_branch_dag.py
[2021-11-30 22:06:49,319] {processor.py:625} INFO - Processing file /Users/ballakeerthi/opt/anaconda3/envs/airflow/lib/python3.9/site-packages/airflow/example_dags/example_nested_branch_dag.py for tasks to queue
[2021-11-30 22:06:49,320] {logging_mixin.py:109} INFO - [2021-11-30 22:06:49,320] {dagbag.py:500} INFO - Filling up the DagBag from /Users/ballakeerthi/opt/anaconda3/envs/airflow/lib/python3.9/site-packages/airflow/example_dags/example_nested_branch_dag.py
[2021-11-30 22:06:49,359] {processor.py:637} INFO - DAG(s) dict_keys(['example_nested_branch_dag']) retrieved from /Users/ballakeerthi/opt/anaconda3/envs/airflow/lib/python3.9/site-packages/airflow/example_dags/example_nested_branch_dag.py
[2021-11-30 22:06:49,373] {logging_mixin.py:109} INFO - [2021-11-30 22:06:49,373] {dag.py:2396} INFO - Sync 1 DAGs
[2021-11-30 22:06:49,381] {logging_mixin.py:109} INFO - [2021-11-30 22:06:49,381] {dag.py:2928} INFO - Setting next_dagrun for example_nested_branch_dag to 2021-11-30 00:00:00+00:00
[2021-11-30 22:06:49,387] {processor.py:171} INFO - Processing /Users/ballakeerthi/opt/anaconda3/envs/airflow/lib/python3.9/site-packages/airflow/example_dags/example_nested_branch_dag.py took 0.070 seconds
[2021-11-30 22:09:04,022] {processor.py:163} INFO - Started process (PID=17764) to work on /Users/ballakeerthi/opt/anaconda3/envs/airflow/lib/python3.9/site-packages/airflow/example_dags/example_nested_branch_dag.py
[2021-11-30 22:09:04,022] {processor.py:625} INFO - Processing file /Users/ballakeerthi/opt/anaconda3/envs/airflow/lib/python3.9/site-packages/airflow/example_dags/example_nested_branch_dag.py for tasks to queue
[2021-11-30 22:09:04,023] {logging_mixin.py:109} INFO - [2021-11-30 22:09:04,023] {dagbag.py:500} INFO - Filling up the DagBag from /Users/ballakeerthi/opt/anaconda3/envs/airflow/lib/python3.9/site-packages/airflow/example_dags/example_nested_branch_dag.py
[2021-11-30 22:09:04,061] {processor.py:637} INFO - DAG(s) dict_keys(['example_nested_branch_dag']) retrieved from /Users/ballakeerthi/opt/anaconda3/envs/airflow/lib/python3.9/site-packages/airflow/example_dags/example_nested_branch_dag.py
[2021-11-30 22:09:04,076] {logging_mixin.py:109} INFO - [2021-11-30 22:09:04,076] {dag.py:2396} INFO - Sync 1 DAGs
[2021-11-30 22:09:04,086] {logging_mixin.py:109} INFO - [2021-11-30 22:09:04,086] {dag.py:2928} INFO - Setting next_dagrun for example_nested_branch_dag to 2021-11-30 00:00:00+00:00
[2021-11-30 22:09:04,091] {processor.py:171} INFO - Processing /Users/ballakeerthi/opt/anaconda3/envs/airflow/lib/python3.9/site-packages/airflow/example_dags/example_nested_branch_dag.py took 0.070 seconds
