[2021-11-30 21:59:51,262] {processor.py:163} INFO - Started process (PID=17466) to work on /Users/ballakeerthi/opt/anaconda3/envs/airflow/lib/python3.9/site-packages/airflow/example_dags/example_short_circuit_operator.py
[2021-11-30 21:59:51,263] {processor.py:625} INFO - Processing file /Users/ballakeerthi/opt/anaconda3/envs/airflow/lib/python3.9/site-packages/airflow/example_dags/example_short_circuit_operator.py for tasks to queue
[2021-11-30 21:59:51,263] {logging_mixin.py:109} INFO - [2021-11-30 21:59:51,263] {dagbag.py:500} INFO - Filling up the DagBag from /Users/ballakeerthi/opt/anaconda3/envs/airflow/lib/python3.9/site-packages/airflow/example_dags/example_short_circuit_operator.py
[2021-11-30 21:59:51,321] {processor.py:637} INFO - DAG(s) dict_keys(['example_short_circuit_operator']) retrieved from /Users/ballakeerthi/opt/anaconda3/envs/airflow/lib/python3.9/site-packages/airflow/example_dags/example_short_circuit_operator.py
[2021-11-30 21:59:51,364] {logging_mixin.py:109} INFO - [2021-11-30 21:59:51,364] {dag.py:2396} INFO - Sync 1 DAGs
[2021-11-30 21:59:51,376] {logging_mixin.py:109} INFO - [2021-11-30 21:59:51,375] {dag.py:2928} INFO - Setting next_dagrun for example_short_circuit_operator to 2021-11-30T02:59:51.375832+00:00
[2021-11-30 21:59:51,384] {processor.py:171} INFO - Processing /Users/ballakeerthi/opt/anaconda3/envs/airflow/lib/python3.9/site-packages/airflow/example_dags/example_short_circuit_operator.py took 0.126 seconds
[2021-11-30 22:01:13,474] {processor.py:163} INFO - Started process (PID=17532) to work on /Users/ballakeerthi/opt/anaconda3/envs/airflow/lib/python3.9/site-packages/airflow/example_dags/example_short_circuit_operator.py
[2021-11-30 22:01:13,480] {processor.py:625} INFO - Processing file /Users/ballakeerthi/opt/anaconda3/envs/airflow/lib/python3.9/site-packages/airflow/example_dags/example_short_circuit_operator.py for tasks to queue
[2021-11-30 22:01:13,481] {logging_mixin.py:109} INFO - [2021-11-30 22:01:13,481] {dagbag.py:500} INFO - Filling up the DagBag from /Users/ballakeerthi/opt/anaconda3/envs/airflow/lib/python3.9/site-packages/airflow/example_dags/example_short_circuit_operator.py
[2021-11-30 22:01:13,528] {processor.py:637} INFO - DAG(s) dict_keys(['example_short_circuit_operator']) retrieved from /Users/ballakeerthi/opt/anaconda3/envs/airflow/lib/python3.9/site-packages/airflow/example_dags/example_short_circuit_operator.py
[2021-11-30 22:01:13,542] {logging_mixin.py:109} INFO - [2021-11-30 22:01:13,542] {dag.py:2396} INFO - Sync 1 DAGs
[2021-11-30 22:01:13,551] {logging_mixin.py:109} INFO - [2021-11-30 22:01:13,551] {dag.py:2928} INFO - Setting next_dagrun for example_short_circuit_operator to 2021-11-30T03:01:13.550988+00:00
[2021-11-30 22:01:13,558] {processor.py:171} INFO - Processing /Users/ballakeerthi/opt/anaconda3/envs/airflow/lib/python3.9/site-packages/airflow/example_dags/example_short_circuit_operator.py took 0.084 seconds
[2021-11-30 22:03:08,524] {processor.py:163} INFO - Started process (PID=17599) to work on /Users/ballakeerthi/opt/anaconda3/envs/airflow/lib/python3.9/site-packages/airflow/example_dags/example_short_circuit_operator.py
[2021-11-30 22:03:08,529] {processor.py:625} INFO - Processing file /Users/ballakeerthi/opt/anaconda3/envs/airflow/lib/python3.9/site-packages/airflow/example_dags/example_short_circuit_operator.py for tasks to queue
[2021-11-30 22:03:08,530] {logging_mixin.py:109} INFO - [2021-11-30 22:03:08,530] {dagbag.py:500} INFO - Filling up the DagBag from /Users/ballakeerthi/opt/anaconda3/envs/airflow/lib/python3.9/site-packages/airflow/example_dags/example_short_circuit_operator.py
[2021-11-30 22:03:08,579] {processor.py:637} INFO - DAG(s) dict_keys(['example_short_circuit_operator']) retrieved from /Users/ballakeerthi/opt/anaconda3/envs/airflow/lib/python3.9/site-packages/airflow/example_dags/example_short_circuit_operator.py
[2021-11-30 22:03:08,594] {logging_mixin.py:109} INFO - [2021-11-30 22:03:08,594] {dag.py:2396} INFO - Sync 1 DAGs
[2021-11-30 22:03:08,602] {logging_mixin.py:109} INFO - [2021-11-30 22:03:08,601] {dag.py:2928} INFO - Setting next_dagrun for example_short_circuit_operator to 2021-11-30T03:03:08.601870+00:00
[2021-11-30 22:03:08,611] {processor.py:171} INFO - Processing /Users/ballakeerthi/opt/anaconda3/envs/airflow/lib/python3.9/site-packages/airflow/example_dags/example_short_circuit_operator.py took 0.088 seconds
[2021-11-30 22:04:46,418] {processor.py:163} INFO - Started process (PID=17656) to work on /Users/ballakeerthi/opt/anaconda3/envs/airflow/lib/python3.9/site-packages/airflow/example_dags/example_short_circuit_operator.py
[2021-11-30 22:04:46,419] {processor.py:625} INFO - Processing file /Users/ballakeerthi/opt/anaconda3/envs/airflow/lib/python3.9/site-packages/airflow/example_dags/example_short_circuit_operator.py for tasks to queue
[2021-11-30 22:04:46,419] {logging_mixin.py:109} INFO - [2021-11-30 22:04:46,419] {dagbag.py:500} INFO - Filling up the DagBag from /Users/ballakeerthi/opt/anaconda3/envs/airflow/lib/python3.9/site-packages/airflow/example_dags/example_short_circuit_operator.py
[2021-11-30 22:04:46,467] {processor.py:637} INFO - DAG(s) dict_keys(['example_short_circuit_operator']) retrieved from /Users/ballakeerthi/opt/anaconda3/envs/airflow/lib/python3.9/site-packages/airflow/example_dags/example_short_circuit_operator.py
[2021-11-30 22:04:46,483] {logging_mixin.py:109} INFO - [2021-11-30 22:04:46,483] {dag.py:2396} INFO - Sync 1 DAGs
[2021-11-30 22:04:46,490] {logging_mixin.py:109} INFO - [2021-11-30 22:04:46,490] {dag.py:2928} INFO - Setting next_dagrun for example_short_circuit_operator to 2021-11-30T03:04:46.490795+00:00
[2021-11-30 22:04:46,502] {processor.py:171} INFO - Processing /Users/ballakeerthi/opt/anaconda3/envs/airflow/lib/python3.9/site-packages/airflow/example_dags/example_short_circuit_operator.py took 0.085 seconds
[2021-11-30 22:06:41,070] {processor.py:163} INFO - Started process (PID=17708) to work on /Users/ballakeerthi/opt/anaconda3/envs/airflow/lib/python3.9/site-packages/airflow/example_dags/example_short_circuit_operator.py
[2021-11-30 22:06:41,076] {processor.py:625} INFO - Processing file /Users/ballakeerthi/opt/anaconda3/envs/airflow/lib/python3.9/site-packages/airflow/example_dags/example_short_circuit_operator.py for tasks to queue
[2021-11-30 22:06:41,076] {logging_mixin.py:109} INFO - [2021-11-30 22:06:41,076] {dagbag.py:500} INFO - Filling up the DagBag from /Users/ballakeerthi/opt/anaconda3/envs/airflow/lib/python3.9/site-packages/airflow/example_dags/example_short_circuit_operator.py
[2021-11-30 22:06:41,127] {processor.py:637} INFO - DAG(s) dict_keys(['example_short_circuit_operator']) retrieved from /Users/ballakeerthi/opt/anaconda3/envs/airflow/lib/python3.9/site-packages/airflow/example_dags/example_short_circuit_operator.py
[2021-11-30 22:06:41,142] {logging_mixin.py:109} INFO - [2021-11-30 22:06:41,142] {dag.py:2396} INFO - Sync 1 DAGs
[2021-11-30 22:06:41,151] {logging_mixin.py:109} INFO - [2021-11-30 22:06:41,151] {dag.py:2928} INFO - Setting next_dagrun for example_short_circuit_operator to 2021-11-30T03:06:41.150969+00:00
[2021-11-30 22:06:41,159] {processor.py:171} INFO - Processing /Users/ballakeerthi/opt/anaconda3/envs/airflow/lib/python3.9/site-packages/airflow/example_dags/example_short_circuit_operator.py took 0.090 seconds
[2021-11-30 22:08:53,527] {processor.py:163} INFO - Started process (PID=17761) to work on /Users/ballakeerthi/opt/anaconda3/envs/airflow/lib/python3.9/site-packages/airflow/example_dags/example_short_circuit_operator.py
[2021-11-30 22:08:53,527] {processor.py:625} INFO - Processing file /Users/ballakeerthi/opt/anaconda3/envs/airflow/lib/python3.9/site-packages/airflow/example_dags/example_short_circuit_operator.py for tasks to queue
[2021-11-30 22:08:53,527] {logging_mixin.py:109} INFO - [2021-11-30 22:08:53,527] {dagbag.py:500} INFO - Filling up the DagBag from /Users/ballakeerthi/opt/anaconda3/envs/airflow/lib/python3.9/site-packages/airflow/example_dags/example_short_circuit_operator.py
[2021-11-30 22:08:53,579] {processor.py:637} INFO - DAG(s) dict_keys(['example_short_circuit_operator']) retrieved from /Users/ballakeerthi/opt/anaconda3/envs/airflow/lib/python3.9/site-packages/airflow/example_dags/example_short_circuit_operator.py
[2021-11-30 22:08:53,597] {logging_mixin.py:109} INFO - [2021-11-30 22:08:53,597] {dag.py:2396} INFO - Sync 1 DAGs
[2021-11-30 22:08:53,610] {logging_mixin.py:109} INFO - [2021-11-30 22:08:53,610] {dag.py:2928} INFO - Setting next_dagrun for example_short_circuit_operator to 2021-11-30T03:08:53.609993+00:00
[2021-11-30 22:08:53,620] {processor.py:171} INFO - Processing /Users/ballakeerthi/opt/anaconda3/envs/airflow/lib/python3.9/site-packages/airflow/example_dags/example_short_circuit_operator.py took 0.094 seconds
