[2021-11-30 22:00:13,339] {processor.py:163} INFO - Started process (PID=17499) to work on /Users/ballakeerthi/opt/anaconda3/envs/airflow/lib/python3.9/site-packages/airflow/example_dags/example_external_task_marker_dag.py
[2021-11-30 22:00:13,339] {processor.py:625} INFO - Processing file /Users/ballakeerthi/opt/anaconda3/envs/airflow/lib/python3.9/site-packages/airflow/example_dags/example_external_task_marker_dag.py for tasks to queue
[2021-11-30 22:00:13,339] {logging_mixin.py:109} INFO - [2021-11-30 22:00:13,339] {dagbag.py:500} INFO - Filling up the DagBag from /Users/ballakeerthi/opt/anaconda3/envs/airflow/lib/python3.9/site-packages/airflow/example_dags/example_external_task_marker_dag.py
[2021-11-30 22:00:13,370] {processor.py:637} INFO - DAG(s) dict_keys(['example_external_task_marker_parent', 'example_external_task_marker_child']) retrieved from /Users/ballakeerthi/opt/anaconda3/envs/airflow/lib/python3.9/site-packages/airflow/example_dags/example_external_task_marker_dag.py
[2021-11-30 22:00:13,384] {logging_mixin.py:109} INFO - [2021-11-30 22:00:13,384] {dag.py:2396} INFO - Sync 2 DAGs
[2021-11-30 22:00:13,392] {logging_mixin.py:109} INFO - [2021-11-30 22:00:13,392] {dag.py:2928} INFO - Setting next_dagrun for example_external_task_marker_child to None
[2021-11-30 22:00:13,392] {logging_mixin.py:109} INFO - [2021-11-30 22:00:13,392] {dag.py:2928} INFO - Setting next_dagrun for example_external_task_marker_parent to None
[2021-11-30 22:00:13,399] {processor.py:171} INFO - Processing /Users/ballakeerthi/opt/anaconda3/envs/airflow/lib/python3.9/site-packages/airflow/example_dags/example_external_task_marker_dag.py took 0.061 seconds
[2021-11-30 22:02:01,604] {processor.py:163} INFO - Started process (PID=17556) to work on /Users/ballakeerthi/opt/anaconda3/envs/airflow/lib/python3.9/site-packages/airflow/example_dags/example_external_task_marker_dag.py
[2021-11-30 22:02:01,605] {processor.py:625} INFO - Processing file /Users/ballakeerthi/opt/anaconda3/envs/airflow/lib/python3.9/site-packages/airflow/example_dags/example_external_task_marker_dag.py for tasks to queue
[2021-11-30 22:02:01,606] {logging_mixin.py:109} INFO - [2021-11-30 22:02:01,606] {dagbag.py:500} INFO - Filling up the DagBag from /Users/ballakeerthi/opt/anaconda3/envs/airflow/lib/python3.9/site-packages/airflow/example_dags/example_external_task_marker_dag.py
[2021-11-30 22:02:01,637] {processor.py:637} INFO - DAG(s) dict_keys(['example_external_task_marker_parent', 'example_external_task_marker_child']) retrieved from /Users/ballakeerthi/opt/anaconda3/envs/airflow/lib/python3.9/site-packages/airflow/example_dags/example_external_task_marker_dag.py
[2021-11-30 22:02:01,652] {logging_mixin.py:109} INFO - [2021-11-30 22:02:01,652] {dag.py:2396} INFO - Sync 2 DAGs
[2021-11-30 22:02:01,660] {logging_mixin.py:109} INFO - [2021-11-30 22:02:01,660] {dag.py:2928} INFO - Setting next_dagrun for example_external_task_marker_child to None
[2021-11-30 22:02:01,660] {logging_mixin.py:109} INFO - [2021-11-30 22:02:01,660] {dag.py:2928} INFO - Setting next_dagrun for example_external_task_marker_parent to None
[2021-11-30 22:02:01,666] {processor.py:171} INFO - Processing /Users/ballakeerthi/opt/anaconda3/envs/airflow/lib/python3.9/site-packages/airflow/example_dags/example_external_task_marker_dag.py took 0.063 seconds
[2021-11-30 22:03:49,709] {processor.py:163} INFO - Started process (PID=17618) to work on /Users/ballakeerthi/opt/anaconda3/envs/airflow/lib/python3.9/site-packages/airflow/example_dags/example_external_task_marker_dag.py
[2021-11-30 22:03:49,715] {processor.py:625} INFO - Processing file /Users/ballakeerthi/opt/anaconda3/envs/airflow/lib/python3.9/site-packages/airflow/example_dags/example_external_task_marker_dag.py for tasks to queue
[2021-11-30 22:03:49,716] {logging_mixin.py:109} INFO - [2021-11-30 22:03:49,716] {dagbag.py:500} INFO - Filling up the DagBag from /Users/ballakeerthi/opt/anaconda3/envs/airflow/lib/python3.9/site-packages/airflow/example_dags/example_external_task_marker_dag.py
[2021-11-30 22:03:49,746] {processor.py:637} INFO - DAG(s) dict_keys(['example_external_task_marker_parent', 'example_external_task_marker_child']) retrieved from /Users/ballakeerthi/opt/anaconda3/envs/airflow/lib/python3.9/site-packages/airflow/example_dags/example_external_task_marker_dag.py
[2021-11-30 22:03:49,761] {logging_mixin.py:109} INFO - [2021-11-30 22:03:49,760] {dag.py:2396} INFO - Sync 2 DAGs
[2021-11-30 22:03:49,767] {logging_mixin.py:109} INFO - [2021-11-30 22:03:49,767] {dag.py:2928} INFO - Setting next_dagrun for example_external_task_marker_child to None
[2021-11-30 22:03:49,768] {logging_mixin.py:109} INFO - [2021-11-30 22:03:49,768] {dag.py:2928} INFO - Setting next_dagrun for example_external_task_marker_parent to None
[2021-11-30 22:03:49,773] {processor.py:171} INFO - Processing /Users/ballakeerthi/opt/anaconda3/envs/airflow/lib/python3.9/site-packages/airflow/example_dags/example_external_task_marker_dag.py took 0.065 seconds
[2021-11-30 22:05:27,338] {processor.py:163} INFO - Started process (PID=17679) to work on /Users/ballakeerthi/opt/anaconda3/envs/airflow/lib/python3.9/site-packages/airflow/example_dags/example_external_task_marker_dag.py
[2021-11-30 22:05:27,343] {processor.py:625} INFO - Processing file /Users/ballakeerthi/opt/anaconda3/envs/airflow/lib/python3.9/site-packages/airflow/example_dags/example_external_task_marker_dag.py for tasks to queue
[2021-11-30 22:05:27,344] {logging_mixin.py:109} INFO - [2021-11-30 22:05:27,344] {dagbag.py:500} INFO - Filling up the DagBag from /Users/ballakeerthi/opt/anaconda3/envs/airflow/lib/python3.9/site-packages/airflow/example_dags/example_external_task_marker_dag.py
[2021-11-30 22:05:27,375] {processor.py:637} INFO - DAG(s) dict_keys(['example_external_task_marker_parent', 'example_external_task_marker_child']) retrieved from /Users/ballakeerthi/opt/anaconda3/envs/airflow/lib/python3.9/site-packages/airflow/example_dags/example_external_task_marker_dag.py
[2021-11-30 22:05:27,389] {logging_mixin.py:109} INFO - [2021-11-30 22:05:27,389] {dag.py:2396} INFO - Sync 2 DAGs
[2021-11-30 22:05:27,396] {logging_mixin.py:109} INFO - [2021-11-30 22:05:27,396] {dag.py:2928} INFO - Setting next_dagrun for example_external_task_marker_child to None
[2021-11-30 22:05:27,396] {logging_mixin.py:109} INFO - [2021-11-30 22:05:27,396] {dag.py:2928} INFO - Setting next_dagrun for example_external_task_marker_parent to None
[2021-11-30 22:05:27,408] {processor.py:171} INFO - Processing /Users/ballakeerthi/opt/anaconda3/envs/airflow/lib/python3.9/site-packages/airflow/example_dags/example_external_task_marker_dag.py took 0.071 seconds
[2021-11-30 22:07:35,076] {processor.py:163} INFO - Started process (PID=17729) to work on /Users/ballakeerthi/opt/anaconda3/envs/airflow/lib/python3.9/site-packages/airflow/example_dags/example_external_task_marker_dag.py
[2021-11-30 22:07:35,083] {processor.py:625} INFO - Processing file /Users/ballakeerthi/opt/anaconda3/envs/airflow/lib/python3.9/site-packages/airflow/example_dags/example_external_task_marker_dag.py for tasks to queue
[2021-11-30 22:07:35,085] {logging_mixin.py:109} INFO - [2021-11-30 22:07:35,085] {dagbag.py:500} INFO - Filling up the DagBag from /Users/ballakeerthi/opt/anaconda3/envs/airflow/lib/python3.9/site-packages/airflow/example_dags/example_external_task_marker_dag.py
[2021-11-30 22:07:35,145] {processor.py:637} INFO - DAG(s) dict_keys(['example_external_task_marker_parent', 'example_external_task_marker_child']) retrieved from /Users/ballakeerthi/opt/anaconda3/envs/airflow/lib/python3.9/site-packages/airflow/example_dags/example_external_task_marker_dag.py
[2021-11-30 22:07:35,178] {logging_mixin.py:109} INFO - [2021-11-30 22:07:35,178] {dag.py:2396} INFO - Sync 2 DAGs
[2021-11-30 22:07:35,190] {logging_mixin.py:109} INFO - [2021-11-30 22:07:35,190] {dag.py:2928} INFO - Setting next_dagrun for example_external_task_marker_child to None
[2021-11-30 22:07:35,190] {logging_mixin.py:109} INFO - [2021-11-30 22:07:35,190] {dag.py:2928} INFO - Setting next_dagrun for example_external_task_marker_parent to None
[2021-11-30 22:07:35,203] {processor.py:171} INFO - Processing /Users/ballakeerthi/opt/anaconda3/envs/airflow/lib/python3.9/site-packages/airflow/example_dags/example_external_task_marker_dag.py took 0.127 seconds
