[2021-11-30 22:00:05,000] {processor.py:163} INFO - Started process (PID=17476) to work on /Users/ballakeerthi/opt/anaconda3/envs/airflow/lib/python3.9/site-packages/airflow/example_dags/example_latest_only.py
[2021-11-30 22:00:05,001] {processor.py:625} INFO - Processing file /Users/ballakeerthi/opt/anaconda3/envs/airflow/lib/python3.9/site-packages/airflow/example_dags/example_latest_only.py for tasks to queue
[2021-11-30 22:00:05,001] {logging_mixin.py:109} INFO - [2021-11-30 22:00:05,001] {dagbag.py:500} INFO - Filling up the DagBag from /Users/ballakeerthi/opt/anaconda3/envs/airflow/lib/python3.9/site-packages/airflow/example_dags/example_latest_only.py
[2021-11-30 22:00:05,033] {processor.py:637} INFO - DAG(s) dict_keys(['latest_only']) retrieved from /Users/ballakeerthi/opt/anaconda3/envs/airflow/lib/python3.9/site-packages/airflow/example_dags/example_latest_only.py
[2021-11-30 22:00:05,047] {logging_mixin.py:109} INFO - [2021-11-30 22:00:05,046] {dag.py:2396} INFO - Sync 1 DAGs
[2021-11-30 22:00:05,054] {logging_mixin.py:109} INFO - [2021-11-30 22:00:05,054] {dag.py:2928} INFO - Setting next_dagrun for latest_only to 2021-11-30T23:00:05.054347+00:00
[2021-11-30 22:00:05,060] {processor.py:171} INFO - Processing /Users/ballakeerthi/opt/anaconda3/envs/airflow/lib/python3.9/site-packages/airflow/example_dags/example_latest_only.py took 0.061 seconds
[2021-11-30 22:01:25,657] {processor.py:163} INFO - Started process (PID=17537) to work on /Users/ballakeerthi/opt/anaconda3/envs/airflow/lib/python3.9/site-packages/airflow/example_dags/example_latest_only.py
[2021-11-30 22:01:25,658] {processor.py:625} INFO - Processing file /Users/ballakeerthi/opt/anaconda3/envs/airflow/lib/python3.9/site-packages/airflow/example_dags/example_latest_only.py for tasks to queue
[2021-11-30 22:01:25,658] {logging_mixin.py:109} INFO - [2021-11-30 22:01:25,658] {dagbag.py:500} INFO - Filling up the DagBag from /Users/ballakeerthi/opt/anaconda3/envs/airflow/lib/python3.9/site-packages/airflow/example_dags/example_latest_only.py
[2021-11-30 22:01:25,685] {processor.py:637} INFO - DAG(s) dict_keys(['latest_only']) retrieved from /Users/ballakeerthi/opt/anaconda3/envs/airflow/lib/python3.9/site-packages/airflow/example_dags/example_latest_only.py
[2021-11-30 22:01:25,698] {logging_mixin.py:109} INFO - [2021-11-30 22:01:25,698] {dag.py:2396} INFO - Sync 1 DAGs
[2021-11-30 22:01:25,705] {logging_mixin.py:109} INFO - [2021-11-30 22:01:25,705] {dag.py:2928} INFO - Setting next_dagrun for latest_only to 2021-11-30T23:01:25.705227+00:00
[2021-11-30 22:01:25,710] {processor.py:171} INFO - Processing /Users/ballakeerthi/opt/anaconda3/envs/airflow/lib/python3.9/site-packages/airflow/example_dags/example_latest_only.py took 0.054 seconds
[2021-11-30 22:03:19,670] {processor.py:163} INFO - Started process (PID=17604) to work on /Users/ballakeerthi/opt/anaconda3/envs/airflow/lib/python3.9/site-packages/airflow/example_dags/example_latest_only.py
[2021-11-30 22:03:19,676] {processor.py:625} INFO - Processing file /Users/ballakeerthi/opt/anaconda3/envs/airflow/lib/python3.9/site-packages/airflow/example_dags/example_latest_only.py for tasks to queue
[2021-11-30 22:03:19,676] {logging_mixin.py:109} INFO - [2021-11-30 22:03:19,676] {dagbag.py:500} INFO - Filling up the DagBag from /Users/ballakeerthi/opt/anaconda3/envs/airflow/lib/python3.9/site-packages/airflow/example_dags/example_latest_only.py
[2021-11-30 22:03:19,705] {processor.py:637} INFO - DAG(s) dict_keys(['latest_only']) retrieved from /Users/ballakeerthi/opt/anaconda3/envs/airflow/lib/python3.9/site-packages/airflow/example_dags/example_latest_only.py
[2021-11-30 22:03:19,718] {logging_mixin.py:109} INFO - [2021-11-30 22:03:19,718] {dag.py:2396} INFO - Sync 1 DAGs
[2021-11-30 22:03:19,725] {logging_mixin.py:109} INFO - [2021-11-30 22:03:19,725] {dag.py:2928} INFO - Setting next_dagrun for latest_only to 2021-11-30T23:03:19.725311+00:00
[2021-11-30 22:03:19,734] {processor.py:171} INFO - Processing /Users/ballakeerthi/opt/anaconda3/envs/airflow/lib/python3.9/site-packages/airflow/example_dags/example_latest_only.py took 0.065 seconds
[2021-11-30 22:04:58,640] {processor.py:163} INFO - Started process (PID=17666) to work on /Users/ballakeerthi/opt/anaconda3/envs/airflow/lib/python3.9/site-packages/airflow/example_dags/example_latest_only.py
[2021-11-30 22:04:58,646] {processor.py:625} INFO - Processing file /Users/ballakeerthi/opt/anaconda3/envs/airflow/lib/python3.9/site-packages/airflow/example_dags/example_latest_only.py for tasks to queue
[2021-11-30 22:04:58,646] {logging_mixin.py:109} INFO - [2021-11-30 22:04:58,646] {dagbag.py:500} INFO - Filling up the DagBag from /Users/ballakeerthi/opt/anaconda3/envs/airflow/lib/python3.9/site-packages/airflow/example_dags/example_latest_only.py
[2021-11-30 22:04:58,678] {processor.py:637} INFO - DAG(s) dict_keys(['latest_only']) retrieved from /Users/ballakeerthi/opt/anaconda3/envs/airflow/lib/python3.9/site-packages/airflow/example_dags/example_latest_only.py
[2021-11-30 22:04:58,691] {logging_mixin.py:109} INFO - [2021-11-30 22:04:58,691] {dag.py:2396} INFO - Sync 1 DAGs
[2021-11-30 22:04:58,698] {logging_mixin.py:109} INFO - [2021-11-30 22:04:58,698] {dag.py:2928} INFO - Setting next_dagrun for latest_only to 2021-11-30T23:04:58.698390+00:00
[2021-11-30 22:04:58,704] {processor.py:171} INFO - Processing /Users/ballakeerthi/opt/anaconda3/envs/airflow/lib/python3.9/site-packages/airflow/example_dags/example_latest_only.py took 0.065 seconds
[2021-11-30 22:06:54,318] {processor.py:163} INFO - Started process (PID=17714) to work on /Users/ballakeerthi/opt/anaconda3/envs/airflow/lib/python3.9/site-packages/airflow/example_dags/example_latest_only.py
[2021-11-30 22:06:54,318] {processor.py:625} INFO - Processing file /Users/ballakeerthi/opt/anaconda3/envs/airflow/lib/python3.9/site-packages/airflow/example_dags/example_latest_only.py for tasks to queue
[2021-11-30 22:06:54,319] {logging_mixin.py:109} INFO - [2021-11-30 22:06:54,319] {dagbag.py:500} INFO - Filling up the DagBag from /Users/ballakeerthi/opt/anaconda3/envs/airflow/lib/python3.9/site-packages/airflow/example_dags/example_latest_only.py
[2021-11-30 22:06:54,349] {processor.py:637} INFO - DAG(s) dict_keys(['latest_only']) retrieved from /Users/ballakeerthi/opt/anaconda3/envs/airflow/lib/python3.9/site-packages/airflow/example_dags/example_latest_only.py
[2021-11-30 22:06:54,363] {logging_mixin.py:109} INFO - [2021-11-30 22:06:54,363] {dag.py:2396} INFO - Sync 1 DAGs
[2021-11-30 22:06:54,370] {logging_mixin.py:109} INFO - [2021-11-30 22:06:54,370] {dag.py:2928} INFO - Setting next_dagrun for latest_only to 2021-11-30T23:06:54.370795+00:00
[2021-11-30 22:06:54,378] {processor.py:171} INFO - Processing /Users/ballakeerthi/opt/anaconda3/envs/airflow/lib/python3.9/site-packages/airflow/example_dags/example_latest_only.py took 0.061 seconds
[2021-11-30 22:09:09,335] {processor.py:163} INFO - Started process (PID=17766) to work on /Users/ballakeerthi/opt/anaconda3/envs/airflow/lib/python3.9/site-packages/airflow/example_dags/example_latest_only.py
[2021-11-30 22:09:09,335] {processor.py:625} INFO - Processing file /Users/ballakeerthi/opt/anaconda3/envs/airflow/lib/python3.9/site-packages/airflow/example_dags/example_latest_only.py for tasks to queue
[2021-11-30 22:09:09,336] {logging_mixin.py:109} INFO - [2021-11-30 22:09:09,336] {dagbag.py:500} INFO - Filling up the DagBag from /Users/ballakeerthi/opt/anaconda3/envs/airflow/lib/python3.9/site-packages/airflow/example_dags/example_latest_only.py
[2021-11-30 22:09:09,361] {processor.py:637} INFO - DAG(s) dict_keys(['latest_only']) retrieved from /Users/ballakeerthi/opt/anaconda3/envs/airflow/lib/python3.9/site-packages/airflow/example_dags/example_latest_only.py
[2021-11-30 22:09:09,375] {logging_mixin.py:109} INFO - [2021-11-30 22:09:09,375] {dag.py:2396} INFO - Sync 1 DAGs
[2021-11-30 22:09:09,383] {logging_mixin.py:109} INFO - [2021-11-30 22:09:09,383] {dag.py:2928} INFO - Setting next_dagrun for latest_only to 2021-11-30T23:09:09.382949+00:00
[2021-11-30 22:09:09,394] {processor.py:171} INFO - Processing /Users/ballakeerthi/opt/anaconda3/envs/airflow/lib/python3.9/site-packages/airflow/example_dags/example_latest_only.py took 0.060 seconds
