[2021-11-30 22:00:07,971] {processor.py:163} INFO - Started process (PID=17479) to work on /Users/ballakeerthi/opt/anaconda3/envs/airflow/lib/python3.9/site-packages/airflow/example_dags/example_kubernetes_executor_config.py
[2021-11-30 22:00:07,972] {processor.py:625} INFO - Processing file /Users/ballakeerthi/opt/anaconda3/envs/airflow/lib/python3.9/site-packages/airflow/example_dags/example_kubernetes_executor_config.py for tasks to queue
[2021-11-30 22:00:07,972] {logging_mixin.py:109} INFO - [2021-11-30 22:00:07,972] {dagbag.py:500} INFO - Filling up the DagBag from /Users/ballakeerthi/opt/anaconda3/envs/airflow/lib/python3.9/site-packages/airflow/example_dags/example_kubernetes_executor_config.py
[2021-11-30 22:00:08,024] {logging_mixin.py:109} INFO - [2021-11-30 22:00:08,024] {example_kubernetes_executor_config.py:171} WARNING - Could not import DAGs in example_kubernetes_executor_config.py: No module named 'kubernetes'
[2021-11-30 22:00:08,024] {logging_mixin.py:109} INFO - [2021-11-30 22:00:08,024] {example_kubernetes_executor_config.py:172} WARNING - Install kubernetes dependencies with: pip install apache-airflow['cncf.kubernetes']
[2021-11-30 22:00:08,086] {processor.py:639} WARNING - No viable dags retrieved from /Users/ballakeerthi/opt/anaconda3/envs/airflow/lib/python3.9/site-packages/airflow/example_dags/example_kubernetes_executor_config.py
[2021-11-30 22:00:08,087] {processor.py:171} INFO - Processing /Users/ballakeerthi/opt/anaconda3/envs/airflow/lib/python3.9/site-packages/airflow/example_dags/example_kubernetes_executor_config.py took 0.117 seconds
[2021-11-30 22:01:55,549] {processor.py:163} INFO - Started process (PID=17554) to work on /Users/ballakeerthi/opt/anaconda3/envs/airflow/lib/python3.9/site-packages/airflow/example_dags/example_kubernetes_executor_config.py
[2021-11-30 22:01:55,551] {processor.py:625} INFO - Processing file /Users/ballakeerthi/opt/anaconda3/envs/airflow/lib/python3.9/site-packages/airflow/example_dags/example_kubernetes_executor_config.py for tasks to queue
[2021-11-30 22:01:55,552] {logging_mixin.py:109} INFO - [2021-11-30 22:01:55,551] {dagbag.py:500} INFO - Filling up the DagBag from /Users/ballakeerthi/opt/anaconda3/envs/airflow/lib/python3.9/site-packages/airflow/example_dags/example_kubernetes_executor_config.py
[2021-11-30 22:01:55,570] {logging_mixin.py:109} INFO - [2021-11-30 22:01:55,570] {example_kubernetes_executor_config.py:171} WARNING - Could not import DAGs in example_kubernetes_executor_config.py: No module named 'kubernetes'
[2021-11-30 22:01:55,570] {logging_mixin.py:109} INFO - [2021-11-30 22:01:55,570] {example_kubernetes_executor_config.py:172} WARNING - Install kubernetes dependencies with: pip install apache-airflow['cncf.kubernetes']
[2021-11-30 22:01:55,588] {processor.py:639} WARNING - No viable dags retrieved from /Users/ballakeerthi/opt/anaconda3/envs/airflow/lib/python3.9/site-packages/airflow/example_dags/example_kubernetes_executor_config.py
[2021-11-30 22:01:55,589] {processor.py:171} INFO - Processing /Users/ballakeerthi/opt/anaconda3/envs/airflow/lib/python3.9/site-packages/airflow/example_dags/example_kubernetes_executor_config.py took 0.041 seconds
[2021-11-30 22:03:45,011] {processor.py:163} INFO - Started process (PID=17616) to work on /Users/ballakeerthi/opt/anaconda3/envs/airflow/lib/python3.9/site-packages/airflow/example_dags/example_kubernetes_executor_config.py
[2021-11-30 22:03:45,012] {processor.py:625} INFO - Processing file /Users/ballakeerthi/opt/anaconda3/envs/airflow/lib/python3.9/site-packages/airflow/example_dags/example_kubernetes_executor_config.py for tasks to queue
[2021-11-30 22:03:45,012] {logging_mixin.py:109} INFO - [2021-11-30 22:03:45,012] {dagbag.py:500} INFO - Filling up the DagBag from /Users/ballakeerthi/opt/anaconda3/envs/airflow/lib/python3.9/site-packages/airflow/example_dags/example_kubernetes_executor_config.py
[2021-11-30 22:03:45,030] {logging_mixin.py:109} INFO - [2021-11-30 22:03:45,030] {example_kubernetes_executor_config.py:171} WARNING - Could not import DAGs in example_kubernetes_executor_config.py: No module named 'kubernetes'
[2021-11-30 22:03:45,030] {logging_mixin.py:109} INFO - [2021-11-30 22:03:45,030] {example_kubernetes_executor_config.py:172} WARNING - Install kubernetes dependencies with: pip install apache-airflow['cncf.kubernetes']
[2021-11-30 22:03:45,048] {processor.py:639} WARNING - No viable dags retrieved from /Users/ballakeerthi/opt/anaconda3/envs/airflow/lib/python3.9/site-packages/airflow/example_dags/example_kubernetes_executor_config.py
[2021-11-30 22:03:45,049] {processor.py:171} INFO - Processing /Users/ballakeerthi/opt/anaconda3/envs/airflow/lib/python3.9/site-packages/airflow/example_dags/example_kubernetes_executor_config.py took 0.039 seconds
[2021-11-30 22:05:23,498] {processor.py:163} INFO - Started process (PID=17677) to work on /Users/ballakeerthi/opt/anaconda3/envs/airflow/lib/python3.9/site-packages/airflow/example_dags/example_kubernetes_executor_config.py
[2021-11-30 22:05:23,504] {processor.py:625} INFO - Processing file /Users/ballakeerthi/opt/anaconda3/envs/airflow/lib/python3.9/site-packages/airflow/example_dags/example_kubernetes_executor_config.py for tasks to queue
[2021-11-30 22:05:23,504] {logging_mixin.py:109} INFO - [2021-11-30 22:05:23,504] {dagbag.py:500} INFO - Filling up the DagBag from /Users/ballakeerthi/opt/anaconda3/envs/airflow/lib/python3.9/site-packages/airflow/example_dags/example_kubernetes_executor_config.py
[2021-11-30 22:05:23,524] {logging_mixin.py:109} INFO - [2021-11-30 22:05:23,524] {example_kubernetes_executor_config.py:171} WARNING - Could not import DAGs in example_kubernetes_executor_config.py: No module named 'kubernetes'
[2021-11-30 22:05:23,524] {logging_mixin.py:109} INFO - [2021-11-30 22:05:23,524] {example_kubernetes_executor_config.py:172} WARNING - Install kubernetes dependencies with: pip install apache-airflow['cncf.kubernetes']
[2021-11-30 22:05:23,541] {processor.py:639} WARNING - No viable dags retrieved from /Users/ballakeerthi/opt/anaconda3/envs/airflow/lib/python3.9/site-packages/airflow/example_dags/example_kubernetes_executor_config.py
[2021-11-30 22:05:23,543] {processor.py:171} INFO - Processing /Users/ballakeerthi/opt/anaconda3/envs/airflow/lib/python3.9/site-packages/airflow/example_dags/example_kubernetes_executor_config.py took 0.045 seconds
[2021-11-30 22:07:30,015] {processor.py:163} INFO - Started process (PID=17727) to work on /Users/ballakeerthi/opt/anaconda3/envs/airflow/lib/python3.9/site-packages/airflow/example_dags/example_kubernetes_executor_config.py
[2021-11-30 22:07:30,021] {processor.py:625} INFO - Processing file /Users/ballakeerthi/opt/anaconda3/envs/airflow/lib/python3.9/site-packages/airflow/example_dags/example_kubernetes_executor_config.py for tasks to queue
[2021-11-30 22:07:30,022] {logging_mixin.py:109} INFO - [2021-11-30 22:07:30,022] {dagbag.py:500} INFO - Filling up the DagBag from /Users/ballakeerthi/opt/anaconda3/envs/airflow/lib/python3.9/site-packages/airflow/example_dags/example_kubernetes_executor_config.py
[2021-11-30 22:07:30,040] {logging_mixin.py:109} INFO - [2021-11-30 22:07:30,040] {example_kubernetes_executor_config.py:171} WARNING - Could not import DAGs in example_kubernetes_executor_config.py: No module named 'kubernetes'
[2021-11-30 22:07:30,041] {logging_mixin.py:109} INFO - [2021-11-30 22:07:30,041] {example_kubernetes_executor_config.py:172} WARNING - Install kubernetes dependencies with: pip install apache-airflow['cncf.kubernetes']
[2021-11-30 22:07:30,061] {processor.py:639} WARNING - No viable dags retrieved from /Users/ballakeerthi/opt/anaconda3/envs/airflow/lib/python3.9/site-packages/airflow/example_dags/example_kubernetes_executor_config.py
[2021-11-30 22:07:30,062] {processor.py:171} INFO - Processing /Users/ballakeerthi/opt/anaconda3/envs/airflow/lib/python3.9/site-packages/airflow/example_dags/example_kubernetes_executor_config.py took 0.048 seconds
