[2021-11-30 21:59:27,040] {processor.py:163} INFO - Started process (PID=17454) to work on /Users/ballakeerthi/opt/anaconda3/envs/airflow/lib/python3.9/site-packages/airflow/example_dags/example_xcomargs.py
[2021-11-30 21:59:27,040] {processor.py:625} INFO - Processing file /Users/ballakeerthi/opt/anaconda3/envs/airflow/lib/python3.9/site-packages/airflow/example_dags/example_xcomargs.py for tasks to queue
[2021-11-30 21:59:27,040] {logging_mixin.py:109} INFO - [2021-11-30 21:59:27,040] {dagbag.py:500} INFO - Filling up the DagBag from /Users/ballakeerthi/opt/anaconda3/envs/airflow/lib/python3.9/site-packages/airflow/example_dags/example_xcomargs.py
[2021-11-30 21:59:27,093] {processor.py:637} INFO - DAG(s) dict_keys(['example_xcom_args', 'example_xcom_args_with_operators']) retrieved from /Users/ballakeerthi/opt/anaconda3/envs/airflow/lib/python3.9/site-packages/airflow/example_dags/example_xcomargs.py
[2021-11-30 21:59:27,448] {logging_mixin.py:109} INFO - [2021-11-30 21:59:27,448] {dag.py:2396} INFO - Sync 2 DAGs
[2021-11-30 21:59:27,456] {logging_mixin.py:109} INFO - [2021-11-30 21:59:27,456] {dag.py:2928} INFO - Setting next_dagrun for example_xcom_args to None
[2021-11-30 21:59:27,456] {logging_mixin.py:109} INFO - [2021-11-30 21:59:27,456] {dag.py:2928} INFO - Setting next_dagrun for example_xcom_args_with_operators to None
[2021-11-30 21:59:27,464] {processor.py:171} INFO - Processing /Users/ballakeerthi/opt/anaconda3/envs/airflow/lib/python3.9/site-packages/airflow/example_dags/example_xcomargs.py took 0.425 seconds
[2021-11-30 22:00:51,657] {processor.py:163} INFO - Started process (PID=17522) to work on /Users/ballakeerthi/opt/anaconda3/envs/airflow/lib/python3.9/site-packages/airflow/example_dags/example_xcomargs.py
[2021-11-30 22:00:51,663] {processor.py:625} INFO - Processing file /Users/ballakeerthi/opt/anaconda3/envs/airflow/lib/python3.9/site-packages/airflow/example_dags/example_xcomargs.py for tasks to queue
[2021-11-30 22:00:51,664] {logging_mixin.py:109} INFO - [2021-11-30 22:00:51,664] {dagbag.py:500} INFO - Filling up the DagBag from /Users/ballakeerthi/opt/anaconda3/envs/airflow/lib/python3.9/site-packages/airflow/example_dags/example_xcomargs.py
[2021-11-30 22:00:51,705] {processor.py:637} INFO - DAG(s) dict_keys(['example_xcom_args', 'example_xcom_args_with_operators']) retrieved from /Users/ballakeerthi/opt/anaconda3/envs/airflow/lib/python3.9/site-packages/airflow/example_dags/example_xcomargs.py
[2021-11-30 22:00:52,059] {logging_mixin.py:109} INFO - [2021-11-30 22:00:52,059] {dag.py:2396} INFO - Sync 2 DAGs
[2021-11-30 22:00:52,067] {logging_mixin.py:109} INFO - [2021-11-30 22:00:52,067] {dag.py:2928} INFO - Setting next_dagrun for example_xcom_args to None
[2021-11-30 22:00:52,067] {logging_mixin.py:109} INFO - [2021-11-30 22:00:52,067] {dag.py:2928} INFO - Setting next_dagrun for example_xcom_args_with_operators to None
[2021-11-30 22:00:52,075] {processor.py:171} INFO - Processing /Users/ballakeerthi/opt/anaconda3/envs/airflow/lib/python3.9/site-packages/airflow/example_dags/example_xcomargs.py took 0.418 seconds
[2021-11-30 22:01:43,934] {processor.py:163} INFO - Started process (PID=17546) to work on /Users/ballakeerthi/opt/anaconda3/envs/airflow/lib/python3.9/site-packages/airflow/example_dags/example_xcomargs.py
[2021-11-30 22:01:43,940] {processor.py:625} INFO - Processing file /Users/ballakeerthi/opt/anaconda3/envs/airflow/lib/python3.9/site-packages/airflow/example_dags/example_xcomargs.py for tasks to queue
[2021-11-30 22:01:43,940] {logging_mixin.py:109} INFO - [2021-11-30 22:01:43,940] {dagbag.py:500} INFO - Filling up the DagBag from /Users/ballakeerthi/opt/anaconda3/envs/airflow/lib/python3.9/site-packages/airflow/example_dags/example_xcomargs.py
[2021-11-30 22:01:43,980] {processor.py:637} INFO - DAG(s) dict_keys(['example_xcom_args', 'example_xcom_args_with_operators']) retrieved from /Users/ballakeerthi/opt/anaconda3/envs/airflow/lib/python3.9/site-packages/airflow/example_dags/example_xcomargs.py
[2021-11-30 22:01:44,157] {logging_mixin.py:109} INFO - [2021-11-30 22:01:44,157] {dag.py:2396} INFO - Sync 2 DAGs
[2021-11-30 22:01:44,165] {logging_mixin.py:109} INFO - [2021-11-30 22:01:44,165] {dag.py:2928} INFO - Setting next_dagrun for example_xcom_args to None
[2021-11-30 22:01:44,165] {logging_mixin.py:109} INFO - [2021-11-30 22:01:44,165] {dag.py:2928} INFO - Setting next_dagrun for example_xcom_args_with_operators to None
[2021-11-30 22:01:44,175] {processor.py:171} INFO - Processing /Users/ballakeerthi/opt/anaconda3/envs/airflow/lib/python3.9/site-packages/airflow/example_dags/example_xcomargs.py took 0.242 seconds
[2021-11-30 22:02:42,243] {processor.py:163} INFO - Started process (PID=17587) to work on /Users/ballakeerthi/opt/anaconda3/envs/airflow/lib/python3.9/site-packages/airflow/example_dags/example_xcomargs.py
[2021-11-30 22:02:42,251] {processor.py:625} INFO - Processing file /Users/ballakeerthi/opt/anaconda3/envs/airflow/lib/python3.9/site-packages/airflow/example_dags/example_xcomargs.py for tasks to queue
[2021-11-30 22:02:42,253] {logging_mixin.py:109} INFO - [2021-11-30 22:02:42,253] {dagbag.py:500} INFO - Filling up the DagBag from /Users/ballakeerthi/opt/anaconda3/envs/airflow/lib/python3.9/site-packages/airflow/example_dags/example_xcomargs.py
[2021-11-30 22:02:42,297] {processor.py:637} INFO - DAG(s) dict_keys(['example_xcom_args', 'example_xcom_args_with_operators']) retrieved from /Users/ballakeerthi/opt/anaconda3/envs/airflow/lib/python3.9/site-packages/airflow/example_dags/example_xcomargs.py
[2021-11-30 22:02:42,654] {logging_mixin.py:109} INFO - [2021-11-30 22:02:42,653] {dag.py:2396} INFO - Sync 2 DAGs
[2021-11-30 22:02:42,662] {logging_mixin.py:109} INFO - [2021-11-30 22:02:42,661] {dag.py:2928} INFO - Setting next_dagrun for example_xcom_args to None
[2021-11-30 22:02:42,662] {logging_mixin.py:109} INFO - [2021-11-30 22:02:42,662] {dag.py:2928} INFO - Setting next_dagrun for example_xcom_args_with_operators to None
[2021-11-30 22:02:42,668] {processor.py:171} INFO - Processing /Users/ballakeerthi/opt/anaconda3/envs/airflow/lib/python3.9/site-packages/airflow/example_dags/example_xcomargs.py took 0.426 seconds
[2021-11-30 22:03:38,577] {processor.py:163} INFO - Started process (PID=17614) to work on /Users/ballakeerthi/opt/anaconda3/envs/airflow/lib/python3.9/site-packages/airflow/example_dags/example_xcomargs.py
[2021-11-30 22:03:38,578] {processor.py:625} INFO - Processing file /Users/ballakeerthi/opt/anaconda3/envs/airflow/lib/python3.9/site-packages/airflow/example_dags/example_xcomargs.py for tasks to queue
[2021-11-30 22:03:38,578] {logging_mixin.py:109} INFO - [2021-11-30 22:03:38,578] {dagbag.py:500} INFO - Filling up the DagBag from /Users/ballakeerthi/opt/anaconda3/envs/airflow/lib/python3.9/site-packages/airflow/example_dags/example_xcomargs.py
[2021-11-30 22:03:38,626] {processor.py:637} INFO - DAG(s) dict_keys(['example_xcom_args', 'example_xcom_args_with_operators']) retrieved from /Users/ballakeerthi/opt/anaconda3/envs/airflow/lib/python3.9/site-packages/airflow/example_dags/example_xcomargs.py
[2021-11-30 22:03:39,008] {logging_mixin.py:109} INFO - [2021-11-30 22:03:39,007] {dag.py:2396} INFO - Sync 2 DAGs
[2021-11-30 22:03:39,016] {logging_mixin.py:109} INFO - [2021-11-30 22:03:39,016] {dag.py:2928} INFO - Setting next_dagrun for example_xcom_args to None
[2021-11-30 22:03:39,016] {logging_mixin.py:109} INFO - [2021-11-30 22:03:39,016] {dag.py:2928} INFO - Setting next_dagrun for example_xcom_args_with_operators to None
[2021-11-30 22:03:39,025] {processor.py:171} INFO - Processing /Users/ballakeerthi/opt/anaconda3/envs/airflow/lib/python3.9/site-packages/airflow/example_dags/example_xcomargs.py took 0.449 seconds
[2021-11-30 22:04:26,860] {processor.py:163} INFO - Started process (PID=17635) to work on /Users/ballakeerthi/opt/anaconda3/envs/airflow/lib/python3.9/site-packages/airflow/example_dags/example_xcomargs.py
[2021-11-30 22:04:26,866] {processor.py:625} INFO - Processing file /Users/ballakeerthi/opt/anaconda3/envs/airflow/lib/python3.9/site-packages/airflow/example_dags/example_xcomargs.py for tasks to queue
[2021-11-30 22:04:26,867] {logging_mixin.py:109} INFO - [2021-11-30 22:04:26,867] {dagbag.py:500} INFO - Filling up the DagBag from /Users/ballakeerthi/opt/anaconda3/envs/airflow/lib/python3.9/site-packages/airflow/example_dags/example_xcomargs.py
[2021-11-30 22:04:26,923] {processor.py:637} INFO - DAG(s) dict_keys(['example_xcom_args', 'example_xcom_args_with_operators']) retrieved from /Users/ballakeerthi/opt/anaconda3/envs/airflow/lib/python3.9/site-packages/airflow/example_dags/example_xcomargs.py
[2021-11-30 22:04:27,305] {logging_mixin.py:109} INFO - [2021-11-30 22:04:27,305] {dag.py:2396} INFO - Sync 2 DAGs
[2021-11-30 22:04:27,313] {logging_mixin.py:109} INFO - [2021-11-30 22:04:27,313] {dag.py:2928} INFO - Setting next_dagrun for example_xcom_args to None
[2021-11-30 22:04:27,313] {logging_mixin.py:109} INFO - [2021-11-30 22:04:27,313] {dag.py:2928} INFO - Setting next_dagrun for example_xcom_args_with_operators to None
[2021-11-30 22:04:27,320] {processor.py:171} INFO - Processing /Users/ballakeerthi/opt/anaconda3/envs/airflow/lib/python3.9/site-packages/airflow/example_dags/example_xcomargs.py took 0.460 seconds
[2021-11-30 22:05:18,305] {processor.py:163} INFO - Started process (PID=17675) to work on /Users/ballakeerthi/opt/anaconda3/envs/airflow/lib/python3.9/site-packages/airflow/example_dags/example_xcomargs.py
[2021-11-30 22:05:18,311] {processor.py:625} INFO - Processing file /Users/ballakeerthi/opt/anaconda3/envs/airflow/lib/python3.9/site-packages/airflow/example_dags/example_xcomargs.py for tasks to queue
[2021-11-30 22:05:18,312] {logging_mixin.py:109} INFO - [2021-11-30 22:05:18,312] {dagbag.py:500} INFO - Filling up the DagBag from /Users/ballakeerthi/opt/anaconda3/envs/airflow/lib/python3.9/site-packages/airflow/example_dags/example_xcomargs.py
[2021-11-30 22:05:18,354] {processor.py:637} INFO - DAG(s) dict_keys(['example_xcom_args', 'example_xcom_args_with_operators']) retrieved from /Users/ballakeerthi/opt/anaconda3/envs/airflow/lib/python3.9/site-packages/airflow/example_dags/example_xcomargs.py
[2021-11-30 22:05:18,721] {logging_mixin.py:109} INFO - [2021-11-30 22:05:18,721] {dag.py:2396} INFO - Sync 2 DAGs
[2021-11-30 22:05:18,729] {logging_mixin.py:109} INFO - [2021-11-30 22:05:18,729] {dag.py:2928} INFO - Setting next_dagrun for example_xcom_args to None
[2021-11-30 22:05:18,729] {logging_mixin.py:109} INFO - [2021-11-30 22:05:18,729] {dag.py:2928} INFO - Setting next_dagrun for example_xcom_args_with_operators to None
[2021-11-30 22:05:18,737] {processor.py:171} INFO - Processing /Users/ballakeerthi/opt/anaconda3/envs/airflow/lib/python3.9/site-packages/airflow/example_dags/example_xcomargs.py took 0.432 seconds
[2021-11-30 22:06:14,079] {processor.py:163} INFO - Started process (PID=17697) to work on /Users/ballakeerthi/opt/anaconda3/envs/airflow/lib/python3.9/site-packages/airflow/example_dags/example_xcomargs.py
[2021-11-30 22:06:14,085] {processor.py:625} INFO - Processing file /Users/ballakeerthi/opt/anaconda3/envs/airflow/lib/python3.9/site-packages/airflow/example_dags/example_xcomargs.py for tasks to queue
[2021-11-30 22:06:14,086] {logging_mixin.py:109} INFO - [2021-11-30 22:06:14,085] {dagbag.py:500} INFO - Filling up the DagBag from /Users/ballakeerthi/opt/anaconda3/envs/airflow/lib/python3.9/site-packages/airflow/example_dags/example_xcomargs.py
[2021-11-30 22:06:14,130] {processor.py:637} INFO - DAG(s) dict_keys(['example_xcom_args', 'example_xcom_args_with_operators']) retrieved from /Users/ballakeerthi/opt/anaconda3/envs/airflow/lib/python3.9/site-packages/airflow/example_dags/example_xcomargs.py
[2021-11-30 22:06:14,327] {logging_mixin.py:109} INFO - [2021-11-30 22:06:14,327] {dag.py:2396} INFO - Sync 2 DAGs
[2021-11-30 22:06:14,338] {logging_mixin.py:109} INFO - [2021-11-30 22:06:14,338] {dag.py:2928} INFO - Setting next_dagrun for example_xcom_args to None
[2021-11-30 22:06:14,338] {logging_mixin.py:109} INFO - [2021-11-30 22:06:14,338] {dag.py:2928} INFO - Setting next_dagrun for example_xcom_args_with_operators to None
[2021-11-30 22:06:14,353] {processor.py:171} INFO - Processing /Users/ballakeerthi/opt/anaconda3/envs/airflow/lib/python3.9/site-packages/airflow/example_dags/example_xcomargs.py took 0.274 seconds
[2021-11-30 22:07:18,315] {processor.py:163} INFO - Started process (PID=17723) to work on /Users/ballakeerthi/opt/anaconda3/envs/airflow/lib/python3.9/site-packages/airflow/example_dags/example_xcomargs.py
[2021-11-30 22:07:18,318] {processor.py:625} INFO - Processing file /Users/ballakeerthi/opt/anaconda3/envs/airflow/lib/python3.9/site-packages/airflow/example_dags/example_xcomargs.py for tasks to queue
[2021-11-30 22:07:18,318] {logging_mixin.py:109} INFO - [2021-11-30 22:07:18,318] {dagbag.py:500} INFO - Filling up the DagBag from /Users/ballakeerthi/opt/anaconda3/envs/airflow/lib/python3.9/site-packages/airflow/example_dags/example_xcomargs.py
[2021-11-30 22:07:18,362] {processor.py:637} INFO - DAG(s) dict_keys(['example_xcom_args', 'example_xcom_args_with_operators']) retrieved from /Users/ballakeerthi/opt/anaconda3/envs/airflow/lib/python3.9/site-packages/airflow/example_dags/example_xcomargs.py
[2021-11-30 22:07:18,704] {logging_mixin.py:109} INFO - [2021-11-30 22:07:18,704] {dag.py:2396} INFO - Sync 2 DAGs
[2021-11-30 22:07:18,713] {logging_mixin.py:109} INFO - [2021-11-30 22:07:18,712] {dag.py:2928} INFO - Setting next_dagrun for example_xcom_args to None
[2021-11-30 22:07:18,713] {logging_mixin.py:109} INFO - [2021-11-30 22:07:18,713] {dag.py:2928} INFO - Setting next_dagrun for example_xcom_args_with_operators to None
[2021-11-30 22:07:18,720] {processor.py:171} INFO - Processing /Users/ballakeerthi/opt/anaconda3/envs/airflow/lib/python3.9/site-packages/airflow/example_dags/example_xcomargs.py took 0.405 seconds
[2021-11-30 22:08:30,404] {processor.py:163} INFO - Started process (PID=17749) to work on /Users/ballakeerthi/opt/anaconda3/envs/airflow/lib/python3.9/site-packages/airflow/example_dags/example_xcomargs.py
[2021-11-30 22:08:30,405] {processor.py:625} INFO - Processing file /Users/ballakeerthi/opt/anaconda3/envs/airflow/lib/python3.9/site-packages/airflow/example_dags/example_xcomargs.py for tasks to queue
[2021-11-30 22:08:30,405] {logging_mixin.py:109} INFO - [2021-11-30 22:08:30,405] {dagbag.py:500} INFO - Filling up the DagBag from /Users/ballakeerthi/opt/anaconda3/envs/airflow/lib/python3.9/site-packages/airflow/example_dags/example_xcomargs.py
[2021-11-30 22:08:30,472] {processor.py:637} INFO - DAG(s) dict_keys(['example_xcom_args', 'example_xcom_args_with_operators']) retrieved from /Users/ballakeerthi/opt/anaconda3/envs/airflow/lib/python3.9/site-packages/airflow/example_dags/example_xcomargs.py
[2021-11-30 22:08:31,002] {logging_mixin.py:109} INFO - [2021-11-30 22:08:31,002] {dag.py:2396} INFO - Sync 2 DAGs
[2021-11-30 22:08:31,013] {logging_mixin.py:109} INFO - [2021-11-30 22:08:31,013] {dag.py:2928} INFO - Setting next_dagrun for example_xcom_args to None
[2021-11-30 22:08:31,013] {logging_mixin.py:109} INFO - [2021-11-30 22:08:31,013] {dag.py:2928} INFO - Setting next_dagrun for example_xcom_args_with_operators to None
[2021-11-30 22:08:31,023] {processor.py:171} INFO - Processing /Users/ballakeerthi/opt/anaconda3/envs/airflow/lib/python3.9/site-packages/airflow/example_dags/example_xcomargs.py took 0.620 seconds
