[2021-11-30 22:00:28,463] {processor.py:163} INFO - Started process (PID=17512) to work on /Users/ballakeerthi/opt/anaconda3/envs/airflow/lib/python3.9/site-packages/airflow/example_dags/example_branch_day_of_week_operator.py
[2021-11-30 22:00:28,464] {processor.py:625} INFO - Processing file /Users/ballakeerthi/opt/anaconda3/envs/airflow/lib/python3.9/site-packages/airflow/example_dags/example_branch_day_of_week_operator.py for tasks to queue
[2021-11-30 22:00:28,464] {logging_mixin.py:109} INFO - [2021-11-30 22:00:28,464] {dagbag.py:500} INFO - Filling up the DagBag from /Users/ballakeerthi/opt/anaconda3/envs/airflow/lib/python3.9/site-packages/airflow/example_dags/example_branch_day_of_week_operator.py
[2021-11-30 22:00:28,497] {processor.py:637} INFO - DAG(s) dict_keys(['example_weekday_branch_operator']) retrieved from /Users/ballakeerthi/opt/anaconda3/envs/airflow/lib/python3.9/site-packages/airflow/example_dags/example_branch_day_of_week_operator.py
[2021-11-30 22:00:28,511] {logging_mixin.py:109} INFO - [2021-11-30 22:00:28,511] {dag.py:2396} INFO - Sync 1 DAGs
[2021-11-30 22:00:28,520] {logging_mixin.py:109} INFO - [2021-11-30 22:00:28,520] {dag.py:2928} INFO - Setting next_dagrun for example_weekday_branch_operator to 2021-11-30 00:00:00+00:00
[2021-11-30 22:00:28,527] {processor.py:171} INFO - Processing /Users/ballakeerthi/opt/anaconda3/envs/airflow/lib/python3.9/site-packages/airflow/example_dags/example_branch_day_of_week_operator.py took 0.064 seconds
[2021-11-30 22:02:17,762] {processor.py:163} INFO - Started process (PID=17567) to work on /Users/ballakeerthi/opt/anaconda3/envs/airflow/lib/python3.9/site-packages/airflow/example_dags/example_branch_day_of_week_operator.py
[2021-11-30 22:02:17,763] {processor.py:625} INFO - Processing file /Users/ballakeerthi/opt/anaconda3/envs/airflow/lib/python3.9/site-packages/airflow/example_dags/example_branch_day_of_week_operator.py for tasks to queue
[2021-11-30 22:02:17,763] {logging_mixin.py:109} INFO - [2021-11-30 22:02:17,763] {dagbag.py:500} INFO - Filling up the DagBag from /Users/ballakeerthi/opt/anaconda3/envs/airflow/lib/python3.9/site-packages/airflow/example_dags/example_branch_day_of_week_operator.py
[2021-11-30 22:02:17,791] {processor.py:637} INFO - DAG(s) dict_keys(['example_weekday_branch_operator']) retrieved from /Users/ballakeerthi/opt/anaconda3/envs/airflow/lib/python3.9/site-packages/airflow/example_dags/example_branch_day_of_week_operator.py
[2021-11-30 22:02:17,804] {logging_mixin.py:109} INFO - [2021-11-30 22:02:17,804] {dag.py:2396} INFO - Sync 1 DAGs
[2021-11-30 22:02:17,812] {logging_mixin.py:109} INFO - [2021-11-30 22:02:17,812] {dag.py:2928} INFO - Setting next_dagrun for example_weekday_branch_operator to 2021-11-30 00:00:00+00:00
[2021-11-30 22:02:17,818] {processor.py:171} INFO - Processing /Users/ballakeerthi/opt/anaconda3/envs/airflow/lib/python3.9/site-packages/airflow/example_dags/example_branch_day_of_week_operator.py took 0.057 seconds
[2021-11-30 22:04:03,750] {processor.py:163} INFO - Started process (PID=17624) to work on /Users/ballakeerthi/opt/anaconda3/envs/airflow/lib/python3.9/site-packages/airflow/example_dags/example_branch_day_of_week_operator.py
[2021-11-30 22:04:03,751] {processor.py:625} INFO - Processing file /Users/ballakeerthi/opt/anaconda3/envs/airflow/lib/python3.9/site-packages/airflow/example_dags/example_branch_day_of_week_operator.py for tasks to queue
[2021-11-30 22:04:03,751] {logging_mixin.py:109} INFO - [2021-11-30 22:04:03,751] {dagbag.py:500} INFO - Filling up the DagBag from /Users/ballakeerthi/opt/anaconda3/envs/airflow/lib/python3.9/site-packages/airflow/example_dags/example_branch_day_of_week_operator.py
[2021-11-30 22:04:03,781] {processor.py:637} INFO - DAG(s) dict_keys(['example_weekday_branch_operator']) retrieved from /Users/ballakeerthi/opt/anaconda3/envs/airflow/lib/python3.9/site-packages/airflow/example_dags/example_branch_day_of_week_operator.py
[2021-11-30 22:04:03,794] {logging_mixin.py:109} INFO - [2021-11-30 22:04:03,794] {dag.py:2396} INFO - Sync 1 DAGs
[2021-11-30 22:04:03,802] {logging_mixin.py:109} INFO - [2021-11-30 22:04:03,802] {dag.py:2928} INFO - Setting next_dagrun for example_weekday_branch_operator to 2021-11-30 00:00:00+00:00
[2021-11-30 22:04:03,811] {processor.py:171} INFO - Processing /Users/ballakeerthi/opt/anaconda3/envs/airflow/lib/python3.9/site-packages/airflow/example_dags/example_branch_day_of_week_operator.py took 0.062 seconds
[2021-11-30 22:05:45,555] {processor.py:163} INFO - Started process (PID=17686) to work on /Users/ballakeerthi/opt/anaconda3/envs/airflow/lib/python3.9/site-packages/airflow/example_dags/example_branch_day_of_week_operator.py
[2021-11-30 22:05:45,566] {processor.py:625} INFO - Processing file /Users/ballakeerthi/opt/anaconda3/envs/airflow/lib/python3.9/site-packages/airflow/example_dags/example_branch_day_of_week_operator.py for tasks to queue
[2021-11-30 22:05:45,567] {logging_mixin.py:109} INFO - [2021-11-30 22:05:45,566] {dagbag.py:500} INFO - Filling up the DagBag from /Users/ballakeerthi/opt/anaconda3/envs/airflow/lib/python3.9/site-packages/airflow/example_dags/example_branch_day_of_week_operator.py
[2021-11-30 22:05:45,646] {processor.py:637} INFO - DAG(s) dict_keys(['example_weekday_branch_operator']) retrieved from /Users/ballakeerthi/opt/anaconda3/envs/airflow/lib/python3.9/site-packages/airflow/example_dags/example_branch_day_of_week_operator.py
[2021-11-30 22:05:45,688] {logging_mixin.py:109} INFO - [2021-11-30 22:05:45,688] {dag.py:2396} INFO - Sync 1 DAGs
[2021-11-30 22:05:45,708] {logging_mixin.py:109} INFO - [2021-11-30 22:05:45,708] {dag.py:2928} INFO - Setting next_dagrun for example_weekday_branch_operator to 2021-11-30 00:00:00+00:00
[2021-11-30 22:05:45,730] {processor.py:171} INFO - Processing /Users/ballakeerthi/opt/anaconda3/envs/airflow/lib/python3.9/site-packages/airflow/example_dags/example_branch_day_of_week_operator.py took 0.176 seconds
[2021-11-30 22:07:51,440] {processor.py:163} INFO - Started process (PID=17736) to work on /Users/ballakeerthi/opt/anaconda3/envs/airflow/lib/python3.9/site-packages/airflow/example_dags/example_branch_day_of_week_operator.py
[2021-11-30 22:07:51,445] {processor.py:625} INFO - Processing file /Users/ballakeerthi/opt/anaconda3/envs/airflow/lib/python3.9/site-packages/airflow/example_dags/example_branch_day_of_week_operator.py for tasks to queue
[2021-11-30 22:07:51,446] {logging_mixin.py:109} INFO - [2021-11-30 22:07:51,446] {dagbag.py:500} INFO - Filling up the DagBag from /Users/ballakeerthi/opt/anaconda3/envs/airflow/lib/python3.9/site-packages/airflow/example_dags/example_branch_day_of_week_operator.py
[2021-11-30 22:07:51,478] {processor.py:637} INFO - DAG(s) dict_keys(['example_weekday_branch_operator']) retrieved from /Users/ballakeerthi/opt/anaconda3/envs/airflow/lib/python3.9/site-packages/airflow/example_dags/example_branch_day_of_week_operator.py
[2021-11-30 22:07:51,491] {logging_mixin.py:109} INFO - [2021-11-30 22:07:51,490] {dag.py:2396} INFO - Sync 1 DAGs
[2021-11-30 22:07:51,500] {logging_mixin.py:109} INFO - [2021-11-30 22:07:51,500] {dag.py:2928} INFO - Setting next_dagrun for example_weekday_branch_operator to 2021-11-30 00:00:00+00:00
[2021-11-30 22:07:51,507] {processor.py:171} INFO - Processing /Users/ballakeerthi/opt/anaconda3/envs/airflow/lib/python3.9/site-packages/airflow/example_dags/example_branch_day_of_week_operator.py took 0.068 seconds
