[2021-11-30 21:59:39,501] {processor.py:163} INFO - Started process (PID=17459) to work on /Users/ballakeerthi/opt/anaconda3/envs/airflow/lib/python3.9/site-packages/airflow/example_dags/example_task_group_decorator.py
[2021-11-30 21:59:39,501] {processor.py:625} INFO - Processing file /Users/ballakeerthi/opt/anaconda3/envs/airflow/lib/python3.9/site-packages/airflow/example_dags/example_task_group_decorator.py for tasks to queue
[2021-11-30 21:59:39,501] {logging_mixin.py:109} INFO - [2021-11-30 21:59:39,501] {dagbag.py:500} INFO - Filling up the DagBag from /Users/ballakeerthi/opt/anaconda3/envs/airflow/lib/python3.9/site-packages/airflow/example_dags/example_task_group_decorator.py
[2021-11-30 21:59:39,553] {processor.py:637} INFO - DAG(s) dict_keys(['example_task_group_decorator']) retrieved from /Users/ballakeerthi/opt/anaconda3/envs/airflow/lib/python3.9/site-packages/airflow/example_dags/example_task_group_decorator.py
[2021-11-30 21:59:39,729] {logging_mixin.py:109} INFO - [2021-11-30 21:59:39,728] {dag.py:2396} INFO - Sync 1 DAGs
[2021-11-30 21:59:39,735] {logging_mixin.py:109} INFO - [2021-11-30 21:59:39,735] {dag.py:2928} INFO - Setting next_dagrun for example_task_group_decorator to 2021-11-30T02:59:39.735741+00:00
[2021-11-30 21:59:39,749] {processor.py:171} INFO - Processing /Users/ballakeerthi/opt/anaconda3/envs/airflow/lib/python3.9/site-packages/airflow/example_dags/example_task_group_decorator.py took 0.249 seconds
[2021-11-30 22:01:03,240] {processor.py:163} INFO - Started process (PID=17528) to work on /Users/ballakeerthi/opt/anaconda3/envs/airflow/lib/python3.9/site-packages/airflow/example_dags/example_task_group_decorator.py
[2021-11-30 22:01:03,240] {processor.py:625} INFO - Processing file /Users/ballakeerthi/opt/anaconda3/envs/airflow/lib/python3.9/site-packages/airflow/example_dags/example_task_group_decorator.py for tasks to queue
[2021-11-30 22:01:03,241] {logging_mixin.py:109} INFO - [2021-11-30 22:01:03,241] {dagbag.py:500} INFO - Filling up the DagBag from /Users/ballakeerthi/opt/anaconda3/envs/airflow/lib/python3.9/site-packages/airflow/example_dags/example_task_group_decorator.py
[2021-11-30 22:01:03,310] {processor.py:637} INFO - DAG(s) dict_keys(['example_task_group_decorator']) retrieved from /Users/ballakeerthi/opt/anaconda3/envs/airflow/lib/python3.9/site-packages/airflow/example_dags/example_task_group_decorator.py
[2021-11-30 22:01:03,580] {logging_mixin.py:109} INFO - [2021-11-30 22:01:03,580] {dag.py:2396} INFO - Sync 1 DAGs
[2021-11-30 22:01:03,587] {logging_mixin.py:109} INFO - [2021-11-30 22:01:03,587] {dag.py:2928} INFO - Setting next_dagrun for example_task_group_decorator to 2021-11-30T03:01:03.587234+00:00
[2021-11-30 22:01:03,594] {processor.py:171} INFO - Processing /Users/ballakeerthi/opt/anaconda3/envs/airflow/lib/python3.9/site-packages/airflow/example_dags/example_task_group_decorator.py took 0.355 seconds
[2021-11-30 22:02:58,701] {processor.py:163} INFO - Started process (PID=17595) to work on /Users/ballakeerthi/opt/anaconda3/envs/airflow/lib/python3.9/site-packages/airflow/example_dags/example_task_group_decorator.py
[2021-11-30 22:02:58,707] {processor.py:625} INFO - Processing file /Users/ballakeerthi/opt/anaconda3/envs/airflow/lib/python3.9/site-packages/airflow/example_dags/example_task_group_decorator.py for tasks to queue
[2021-11-30 22:02:58,708] {logging_mixin.py:109} INFO - [2021-11-30 22:02:58,708] {dagbag.py:500} INFO - Filling up the DagBag from /Users/ballakeerthi/opt/anaconda3/envs/airflow/lib/python3.9/site-packages/airflow/example_dags/example_task_group_decorator.py
[2021-11-30 22:02:58,759] {processor.py:637} INFO - DAG(s) dict_keys(['example_task_group_decorator']) retrieved from /Users/ballakeerthi/opt/anaconda3/envs/airflow/lib/python3.9/site-packages/airflow/example_dags/example_task_group_decorator.py
[2021-11-30 22:02:59,124] {logging_mixin.py:109} INFO - [2021-11-30 22:02:59,124] {dag.py:2396} INFO - Sync 1 DAGs
[2021-11-30 22:02:59,132] {logging_mixin.py:109} INFO - [2021-11-30 22:02:59,132] {dag.py:2928} INFO - Setting next_dagrun for example_task_group_decorator to 2021-11-30T03:02:59.132317+00:00
[2021-11-30 22:02:59,138] {processor.py:171} INFO - Processing /Users/ballakeerthi/opt/anaconda3/envs/airflow/lib/python3.9/site-packages/airflow/example_dags/example_task_group_decorator.py took 0.438 seconds
[2021-11-30 22:04:36,107] {processor.py:163} INFO - Started process (PID=17639) to work on /Users/ballakeerthi/opt/anaconda3/envs/airflow/lib/python3.9/site-packages/airflow/example_dags/example_task_group_decorator.py
[2021-11-30 22:04:36,109] {processor.py:625} INFO - Processing file /Users/ballakeerthi/opt/anaconda3/envs/airflow/lib/python3.9/site-packages/airflow/example_dags/example_task_group_decorator.py for tasks to queue
[2021-11-30 22:04:36,109] {logging_mixin.py:109} INFO - [2021-11-30 22:04:36,109] {dagbag.py:500} INFO - Filling up the DagBag from /Users/ballakeerthi/opt/anaconda3/envs/airflow/lib/python3.9/site-packages/airflow/example_dags/example_task_group_decorator.py
[2021-11-30 22:04:36,156] {processor.py:637} INFO - DAG(s) dict_keys(['example_task_group_decorator']) retrieved from /Users/ballakeerthi/opt/anaconda3/envs/airflow/lib/python3.9/site-packages/airflow/example_dags/example_task_group_decorator.py
[2021-11-30 22:04:36,533] {logging_mixin.py:109} INFO - [2021-11-30 22:04:36,532] {dag.py:2396} INFO - Sync 1 DAGs
[2021-11-30 22:04:36,540] {logging_mixin.py:109} INFO - [2021-11-30 22:04:36,539] {dag.py:2928} INFO - Setting next_dagrun for example_task_group_decorator to 2021-11-30T03:04:36.539822+00:00
[2021-11-30 22:04:36,548] {processor.py:171} INFO - Processing /Users/ballakeerthi/opt/anaconda3/envs/airflow/lib/python3.9/site-packages/airflow/example_dags/example_task_group_decorator.py took 0.441 seconds
[2021-11-30 22:06:29,450] {processor.py:163} INFO - Started process (PID=17702) to work on /Users/ballakeerthi/opt/anaconda3/envs/airflow/lib/python3.9/site-packages/airflow/example_dags/example_task_group_decorator.py
[2021-11-30 22:06:29,450] {processor.py:625} INFO - Processing file /Users/ballakeerthi/opt/anaconda3/envs/airflow/lib/python3.9/site-packages/airflow/example_dags/example_task_group_decorator.py for tasks to queue
[2021-11-30 22:06:29,451] {logging_mixin.py:109} INFO - [2021-11-30 22:06:29,451] {dagbag.py:500} INFO - Filling up the DagBag from /Users/ballakeerthi/opt/anaconda3/envs/airflow/lib/python3.9/site-packages/airflow/example_dags/example_task_group_decorator.py
[2021-11-30 22:06:29,509] {processor.py:637} INFO - DAG(s) dict_keys(['example_task_group_decorator']) retrieved from /Users/ballakeerthi/opt/anaconda3/envs/airflow/lib/python3.9/site-packages/airflow/example_dags/example_task_group_decorator.py
[2021-11-30 22:06:29,973] {logging_mixin.py:109} INFO - [2021-11-30 22:06:29,973] {dag.py:2396} INFO - Sync 1 DAGs
[2021-11-30 22:06:29,980] {logging_mixin.py:109} INFO - [2021-11-30 22:06:29,979] {dag.py:2928} INFO - Setting next_dagrun for example_task_group_decorator to 2021-11-30T03:06:29.979823+00:00
[2021-11-30 22:06:29,989] {processor.py:171} INFO - Processing /Users/ballakeerthi/opt/anaconda3/envs/airflow/lib/python3.9/site-packages/airflow/example_dags/example_task_group_decorator.py took 0.540 seconds
[2021-11-30 22:08:42,125] {processor.py:163} INFO - Started process (PID=17755) to work on /Users/ballakeerthi/opt/anaconda3/envs/airflow/lib/python3.9/site-packages/airflow/example_dags/example_task_group_decorator.py
[2021-11-30 22:08:42,128] {processor.py:625} INFO - Processing file /Users/ballakeerthi/opt/anaconda3/envs/airflow/lib/python3.9/site-packages/airflow/example_dags/example_task_group_decorator.py for tasks to queue
[2021-11-30 22:08:42,130] {logging_mixin.py:109} INFO - [2021-11-30 22:08:42,130] {dagbag.py:500} INFO - Filling up the DagBag from /Users/ballakeerthi/opt/anaconda3/envs/airflow/lib/python3.9/site-packages/airflow/example_dags/example_task_group_decorator.py
[2021-11-30 22:08:42,193] {processor.py:637} INFO - DAG(s) dict_keys(['example_task_group_decorator']) retrieved from /Users/ballakeerthi/opt/anaconda3/envs/airflow/lib/python3.9/site-packages/airflow/example_dags/example_task_group_decorator.py
[2021-11-30 22:08:42,441] {logging_mixin.py:109} INFO - [2021-11-30 22:08:42,440] {dag.py:2396} INFO - Sync 1 DAGs
[2021-11-30 22:08:42,452] {logging_mixin.py:109} INFO - [2021-11-30 22:08:42,452] {dag.py:2928} INFO - Setting next_dagrun for example_task_group_decorator to 2021-11-30T03:08:42.452611+00:00
[2021-11-30 22:08:42,459] {processor.py:171} INFO - Processing /Users/ballakeerthi/opt/anaconda3/envs/airflow/lib/python3.9/site-packages/airflow/example_dags/example_task_group_decorator.py took 0.335 seconds
