[2021-11-30 22:00:31,749] {processor.py:163} INFO - Started process (PID=17513) to work on /Users/ballakeerthi/opt/anaconda3/envs/airflow/lib/python3.9/site-packages/airflow/example_dags/example_branch_datetime_operator.py
[2021-11-30 22:00:31,749] {processor.py:625} INFO - Processing file /Users/ballakeerthi/opt/anaconda3/envs/airflow/lib/python3.9/site-packages/airflow/example_dags/example_branch_datetime_operator.py for tasks to queue
[2021-11-30 22:00:31,750] {logging_mixin.py:109} INFO - [2021-11-30 22:00:31,750] {dagbag.py:500} INFO - Filling up the DagBag from /Users/ballakeerthi/opt/anaconda3/envs/airflow/lib/python3.9/site-packages/airflow/example_dags/example_branch_datetime_operator.py
[2021-11-30 22:00:31,782] {processor.py:637} INFO - DAG(s) dict_keys(['example_branch_datetime_operator_2']) retrieved from /Users/ballakeerthi/opt/anaconda3/envs/airflow/lib/python3.9/site-packages/airflow/example_dags/example_branch_datetime_operator.py
[2021-11-30 22:00:31,798] {logging_mixin.py:109} INFO - [2021-11-30 22:00:31,798] {dag.py:2396} INFO - Sync 1 DAGs
[2021-11-30 22:00:31,806] {logging_mixin.py:109} INFO - [2021-11-30 22:00:31,806] {dag.py:2928} INFO - Setting next_dagrun for example_branch_datetime_operator_2 to 2021-11-30 00:00:00+00:00
[2021-11-30 22:00:31,826] {processor.py:171} INFO - Processing /Users/ballakeerthi/opt/anaconda3/envs/airflow/lib/python3.9/site-packages/airflow/example_dags/example_branch_datetime_operator.py took 0.077 seconds
[2021-11-30 22:02:20,851] {processor.py:163} INFO - Started process (PID=17568) to work on /Users/ballakeerthi/opt/anaconda3/envs/airflow/lib/python3.9/site-packages/airflow/example_dags/example_branch_datetime_operator.py
[2021-11-30 22:02:20,852] {processor.py:625} INFO - Processing file /Users/ballakeerthi/opt/anaconda3/envs/airflow/lib/python3.9/site-packages/airflow/example_dags/example_branch_datetime_operator.py for tasks to queue
[2021-11-30 22:02:20,852] {logging_mixin.py:109} INFO - [2021-11-30 22:02:20,852] {dagbag.py:500} INFO - Filling up the DagBag from /Users/ballakeerthi/opt/anaconda3/envs/airflow/lib/python3.9/site-packages/airflow/example_dags/example_branch_datetime_operator.py
[2021-11-30 22:02:21,050] {processor.py:637} INFO - DAG(s) dict_keys(['example_branch_datetime_operator_2']) retrieved from /Users/ballakeerthi/opt/anaconda3/envs/airflow/lib/python3.9/site-packages/airflow/example_dags/example_branch_datetime_operator.py
[2021-11-30 22:02:21,079] {logging_mixin.py:109} INFO - [2021-11-30 22:02:21,079] {dag.py:2396} INFO - Sync 1 DAGs
[2021-11-30 22:02:21,088] {logging_mixin.py:109} INFO - [2021-11-30 22:02:21,088] {dag.py:2928} INFO - Setting next_dagrun for example_branch_datetime_operator_2 to 2021-11-30 00:00:00+00:00
[2021-11-30 22:02:21,097] {processor.py:171} INFO - Processing /Users/ballakeerthi/opt/anaconda3/envs/airflow/lib/python3.9/site-packages/airflow/example_dags/example_branch_datetime_operator.py took 0.247 seconds
[2021-11-30 22:04:05,544] {processor.py:163} INFO - Started process (PID=17625) to work on /Users/ballakeerthi/opt/anaconda3/envs/airflow/lib/python3.9/site-packages/airflow/example_dags/example_branch_datetime_operator.py
[2021-11-30 22:04:05,545] {processor.py:625} INFO - Processing file /Users/ballakeerthi/opt/anaconda3/envs/airflow/lib/python3.9/site-packages/airflow/example_dags/example_branch_datetime_operator.py for tasks to queue
[2021-11-30 22:04:05,545] {logging_mixin.py:109} INFO - [2021-11-30 22:04:05,545] {dagbag.py:500} INFO - Filling up the DagBag from /Users/ballakeerthi/opt/anaconda3/envs/airflow/lib/python3.9/site-packages/airflow/example_dags/example_branch_datetime_operator.py
[2021-11-30 22:04:05,573] {processor.py:637} INFO - DAG(s) dict_keys(['example_branch_datetime_operator_2']) retrieved from /Users/ballakeerthi/opt/anaconda3/envs/airflow/lib/python3.9/site-packages/airflow/example_dags/example_branch_datetime_operator.py
[2021-11-30 22:04:05,586] {logging_mixin.py:109} INFO - [2021-11-30 22:04:05,586] {dag.py:2396} INFO - Sync 1 DAGs
[2021-11-30 22:04:05,594] {logging_mixin.py:109} INFO - [2021-11-30 22:04:05,594] {dag.py:2928} INFO - Setting next_dagrun for example_branch_datetime_operator_2 to 2021-11-30 00:00:00+00:00
[2021-11-30 22:04:05,599] {processor.py:171} INFO - Processing /Users/ballakeerthi/opt/anaconda3/envs/airflow/lib/python3.9/site-packages/airflow/example_dags/example_branch_datetime_operator.py took 0.056 seconds
[2021-11-30 22:05:49,450] {processor.py:163} INFO - Started process (PID=17687) to work on /Users/ballakeerthi/opt/anaconda3/envs/airflow/lib/python3.9/site-packages/airflow/example_dags/example_branch_datetime_operator.py
[2021-11-30 22:05:49,451] {processor.py:625} INFO - Processing file /Users/ballakeerthi/opt/anaconda3/envs/airflow/lib/python3.9/site-packages/airflow/example_dags/example_branch_datetime_operator.py for tasks to queue
[2021-11-30 22:05:49,451] {logging_mixin.py:109} INFO - [2021-11-30 22:05:49,451] {dagbag.py:500} INFO - Filling up the DagBag from /Users/ballakeerthi/opt/anaconda3/envs/airflow/lib/python3.9/site-packages/airflow/example_dags/example_branch_datetime_operator.py
[2021-11-30 22:05:49,497] {processor.py:637} INFO - DAG(s) dict_keys(['example_branch_datetime_operator_2']) retrieved from /Users/ballakeerthi/opt/anaconda3/envs/airflow/lib/python3.9/site-packages/airflow/example_dags/example_branch_datetime_operator.py
[2021-11-30 22:05:49,523] {logging_mixin.py:109} INFO - [2021-11-30 22:05:49,523] {dag.py:2396} INFO - Sync 1 DAGs
[2021-11-30 22:05:49,537] {logging_mixin.py:109} INFO - [2021-11-30 22:05:49,537] {dag.py:2928} INFO - Setting next_dagrun for example_branch_datetime_operator_2 to 2021-11-30 00:00:00+00:00
[2021-11-30 22:05:49,546] {processor.py:171} INFO - Processing /Users/ballakeerthi/opt/anaconda3/envs/airflow/lib/python3.9/site-packages/airflow/example_dags/example_branch_datetime_operator.py took 0.097 seconds
[2021-11-30 22:07:53,863] {processor.py:163} INFO - Started process (PID=17737) to work on /Users/ballakeerthi/opt/anaconda3/envs/airflow/lib/python3.9/site-packages/airflow/example_dags/example_branch_datetime_operator.py
[2021-11-30 22:07:53,865] {processor.py:625} INFO - Processing file /Users/ballakeerthi/opt/anaconda3/envs/airflow/lib/python3.9/site-packages/airflow/example_dags/example_branch_datetime_operator.py for tasks to queue
[2021-11-30 22:07:53,866] {logging_mixin.py:109} INFO - [2021-11-30 22:07:53,866] {dagbag.py:500} INFO - Filling up the DagBag from /Users/ballakeerthi/opt/anaconda3/envs/airflow/lib/python3.9/site-packages/airflow/example_dags/example_branch_datetime_operator.py
[2021-11-30 22:07:53,899] {processor.py:637} INFO - DAG(s) dict_keys(['example_branch_datetime_operator_2']) retrieved from /Users/ballakeerthi/opt/anaconda3/envs/airflow/lib/python3.9/site-packages/airflow/example_dags/example_branch_datetime_operator.py
[2021-11-30 22:07:53,917] {logging_mixin.py:109} INFO - [2021-11-30 22:07:53,917] {dag.py:2396} INFO - Sync 1 DAGs
[2021-11-30 22:07:53,924] {logging_mixin.py:109} INFO - [2021-11-30 22:07:53,924] {dag.py:2928} INFO - Setting next_dagrun for example_branch_datetime_operator_2 to 2021-11-30 00:00:00+00:00
[2021-11-30 22:07:53,933] {processor.py:171} INFO - Processing /Users/ballakeerthi/opt/anaconda3/envs/airflow/lib/python3.9/site-packages/airflow/example_dags/example_branch_datetime_operator.py took 0.071 seconds
