[2021-11-30 21:59:15,164] {processor.py:163} INFO - Started process (PID=17447) to work on /Users/ballakeerthi/opt/anaconda3/envs/airflow/lib/python3.9/site-packages/airflow/example_dags/tutorial_taskflow_api_etl.py
[2021-11-30 21:59:15,164] {processor.py:625} INFO - Processing file /Users/ballakeerthi/opt/anaconda3/envs/airflow/lib/python3.9/site-packages/airflow/example_dags/tutorial_taskflow_api_etl.py for tasks to queue
[2021-11-30 21:59:15,165] {logging_mixin.py:109} INFO - [2021-11-30 21:59:15,165] {dagbag.py:500} INFO - Filling up the DagBag from /Users/ballakeerthi/opt/anaconda3/envs/airflow/lib/python3.9/site-packages/airflow/example_dags/tutorial_taskflow_api_etl.py
[2021-11-30 21:59:15,213] {processor.py:637} INFO - DAG(s) dict_keys(['tutorial_taskflow_api_etl']) retrieved from /Users/ballakeerthi/opt/anaconda3/envs/airflow/lib/python3.9/site-packages/airflow/example_dags/tutorial_taskflow_api_etl.py
[2021-11-30 21:59:15,628] {logging_mixin.py:109} INFO - [2021-11-30 21:59:15,627] {dag.py:2396} INFO - Sync 1 DAGs
[2021-11-30 21:59:15,637] {logging_mixin.py:109} INFO - [2021-11-30 21:59:15,637] {dag.py:2928} INFO - Setting next_dagrun for tutorial_taskflow_api_etl to None
[2021-11-30 21:59:15,647] {processor.py:171} INFO - Processing /Users/ballakeerthi/opt/anaconda3/envs/airflow/lib/python3.9/site-packages/airflow/example_dags/tutorial_taskflow_api_etl.py took 0.484 seconds
[2021-11-30 22:00:42,468] {processor.py:163} INFO - Started process (PID=17518) to work on /Users/ballakeerthi/opt/anaconda3/envs/airflow/lib/python3.9/site-packages/airflow/example_dags/tutorial_taskflow_api_etl.py
[2021-11-30 22:00:42,474] {processor.py:625} INFO - Processing file /Users/ballakeerthi/opt/anaconda3/envs/airflow/lib/python3.9/site-packages/airflow/example_dags/tutorial_taskflow_api_etl.py for tasks to queue
[2021-11-30 22:00:42,475] {logging_mixin.py:109} INFO - [2021-11-30 22:00:42,475] {dagbag.py:500} INFO - Filling up the DagBag from /Users/ballakeerthi/opt/anaconda3/envs/airflow/lib/python3.9/site-packages/airflow/example_dags/tutorial_taskflow_api_etl.py
[2021-11-30 22:00:42,518] {processor.py:637} INFO - DAG(s) dict_keys(['tutorial_taskflow_api_etl']) retrieved from /Users/ballakeerthi/opt/anaconda3/envs/airflow/lib/python3.9/site-packages/airflow/example_dags/tutorial_taskflow_api_etl.py
[2021-11-30 22:00:42,903] {logging_mixin.py:109} INFO - [2021-11-30 22:00:42,903] {dag.py:2396} INFO - Sync 1 DAGs
[2021-11-30 22:00:42,910] {logging_mixin.py:109} INFO - [2021-11-30 22:00:42,910] {dag.py:2928} INFO - Setting next_dagrun for tutorial_taskflow_api_etl to None
[2021-11-30 22:00:42,917] {processor.py:171} INFO - Processing /Users/ballakeerthi/opt/anaconda3/envs/airflow/lib/python3.9/site-packages/airflow/example_dags/tutorial_taskflow_api_etl.py took 0.449 seconds
[2021-11-30 22:01:34,117] {processor.py:163} INFO - Started process (PID=17541) to work on /Users/ballakeerthi/opt/anaconda3/envs/airflow/lib/python3.9/site-packages/airflow/example_dags/tutorial_taskflow_api_etl.py
[2021-11-30 22:01:34,118] {processor.py:625} INFO - Processing file /Users/ballakeerthi/opt/anaconda3/envs/airflow/lib/python3.9/site-packages/airflow/example_dags/tutorial_taskflow_api_etl.py for tasks to queue
[2021-11-30 22:01:34,119] {logging_mixin.py:109} INFO - [2021-11-30 22:01:34,119] {dagbag.py:500} INFO - Filling up the DagBag from /Users/ballakeerthi/opt/anaconda3/envs/airflow/lib/python3.9/site-packages/airflow/example_dags/tutorial_taskflow_api_etl.py
[2021-11-30 22:01:34,165] {processor.py:637} INFO - DAG(s) dict_keys(['tutorial_taskflow_api_etl']) retrieved from /Users/ballakeerthi/opt/anaconda3/envs/airflow/lib/python3.9/site-packages/airflow/example_dags/tutorial_taskflow_api_etl.py
[2021-11-30 22:01:34,507] {logging_mixin.py:109} INFO - [2021-11-30 22:01:34,507] {dag.py:2396} INFO - Sync 1 DAGs
[2021-11-30 22:01:34,515] {logging_mixin.py:109} INFO - [2021-11-30 22:01:34,515] {dag.py:2928} INFO - Setting next_dagrun for tutorial_taskflow_api_etl to None
[2021-11-30 22:01:34,522] {processor.py:171} INFO - Processing /Users/ballakeerthi/opt/anaconda3/envs/airflow/lib/python3.9/site-packages/airflow/example_dags/tutorial_taskflow_api_etl.py took 0.406 seconds
[2021-11-30 22:02:33,008] {processor.py:163} INFO - Started process (PID=17577) to work on /Users/ballakeerthi/opt/anaconda3/envs/airflow/lib/python3.9/site-packages/airflow/example_dags/tutorial_taskflow_api_etl.py
[2021-11-30 22:02:33,014] {processor.py:625} INFO - Processing file /Users/ballakeerthi/opt/anaconda3/envs/airflow/lib/python3.9/site-packages/airflow/example_dags/tutorial_taskflow_api_etl.py for tasks to queue
[2021-11-30 22:02:33,014] {logging_mixin.py:109} INFO - [2021-11-30 22:02:33,014] {dagbag.py:500} INFO - Filling up the DagBag from /Users/ballakeerthi/opt/anaconda3/envs/airflow/lib/python3.9/site-packages/airflow/example_dags/tutorial_taskflow_api_etl.py
[2021-11-30 22:02:33,054] {processor.py:637} INFO - DAG(s) dict_keys(['tutorial_taskflow_api_etl']) retrieved from /Users/ballakeerthi/opt/anaconda3/envs/airflow/lib/python3.9/site-packages/airflow/example_dags/tutorial_taskflow_api_etl.py
[2021-11-30 22:02:33,420] {logging_mixin.py:109} INFO - [2021-11-30 22:02:33,420] {dag.py:2396} INFO - Sync 1 DAGs
[2021-11-30 22:02:33,428] {logging_mixin.py:109} INFO - [2021-11-30 22:02:33,428] {dag.py:2928} INFO - Setting next_dagrun for tutorial_taskflow_api_etl to None
[2021-11-30 22:02:33,436] {processor.py:171} INFO - Processing /Users/ballakeerthi/opt/anaconda3/envs/airflow/lib/python3.9/site-packages/airflow/example_dags/tutorial_taskflow_api_etl.py took 0.429 seconds
[2021-11-30 22:03:28,508] {processor.py:163} INFO - Started process (PID=17608) to work on /Users/ballakeerthi/opt/anaconda3/envs/airflow/lib/python3.9/site-packages/airflow/example_dags/tutorial_taskflow_api_etl.py
[2021-11-30 22:03:28,514] {processor.py:625} INFO - Processing file /Users/ballakeerthi/opt/anaconda3/envs/airflow/lib/python3.9/site-packages/airflow/example_dags/tutorial_taskflow_api_etl.py for tasks to queue
[2021-11-30 22:03:28,515] {logging_mixin.py:109} INFO - [2021-11-30 22:03:28,515] {dagbag.py:500} INFO - Filling up the DagBag from /Users/ballakeerthi/opt/anaconda3/envs/airflow/lib/python3.9/site-packages/airflow/example_dags/tutorial_taskflow_api_etl.py
[2021-11-30 22:03:28,556] {processor.py:637} INFO - DAG(s) dict_keys(['tutorial_taskflow_api_etl']) retrieved from /Users/ballakeerthi/opt/anaconda3/envs/airflow/lib/python3.9/site-packages/airflow/example_dags/tutorial_taskflow_api_etl.py
[2021-11-30 22:03:28,916] {logging_mixin.py:109} INFO - [2021-11-30 22:03:28,916] {dag.py:2396} INFO - Sync 1 DAGs
[2021-11-30 22:03:28,924] {logging_mixin.py:109} INFO - [2021-11-30 22:03:28,924] {dag.py:2928} INFO - Setting next_dagrun for tutorial_taskflow_api_etl to None
[2021-11-30 22:03:28,932] {processor.py:171} INFO - Processing /Users/ballakeerthi/opt/anaconda3/envs/airflow/lib/python3.9/site-packages/airflow/example_dags/tutorial_taskflow_api_etl.py took 0.424 seconds
[2021-11-30 22:04:17,360] {processor.py:163} INFO - Started process (PID=17630) to work on /Users/ballakeerthi/opt/anaconda3/envs/airflow/lib/python3.9/site-packages/airflow/example_dags/tutorial_taskflow_api_etl.py
[2021-11-30 22:04:17,366] {processor.py:625} INFO - Processing file /Users/ballakeerthi/opt/anaconda3/envs/airflow/lib/python3.9/site-packages/airflow/example_dags/tutorial_taskflow_api_etl.py for tasks to queue
[2021-11-30 22:04:17,367] {logging_mixin.py:109} INFO - [2021-11-30 22:04:17,367] {dagbag.py:500} INFO - Filling up the DagBag from /Users/ballakeerthi/opt/anaconda3/envs/airflow/lib/python3.9/site-packages/airflow/example_dags/tutorial_taskflow_api_etl.py
[2021-11-30 22:04:17,405] {processor.py:637} INFO - DAG(s) dict_keys(['tutorial_taskflow_api_etl']) retrieved from /Users/ballakeerthi/opt/anaconda3/envs/airflow/lib/python3.9/site-packages/airflow/example_dags/tutorial_taskflow_api_etl.py
[2021-11-30 22:04:17,757] {logging_mixin.py:109} INFO - [2021-11-30 22:04:17,757] {dag.py:2396} INFO - Sync 1 DAGs
[2021-11-30 22:04:17,764] {logging_mixin.py:109} INFO - [2021-11-30 22:04:17,764] {dag.py:2928} INFO - Setting next_dagrun for tutorial_taskflow_api_etl to None
[2021-11-30 22:04:17,772] {processor.py:171} INFO - Processing /Users/ballakeerthi/opt/anaconda3/envs/airflow/lib/python3.9/site-packages/airflow/example_dags/tutorial_taskflow_api_etl.py took 0.412 seconds
[2021-11-30 22:05:07,651] {processor.py:163} INFO - Started process (PID=17671) to work on /Users/ballakeerthi/opt/anaconda3/envs/airflow/lib/python3.9/site-packages/airflow/example_dags/tutorial_taskflow_api_etl.py
[2021-11-30 22:05:07,657] {processor.py:625} INFO - Processing file /Users/ballakeerthi/opt/anaconda3/envs/airflow/lib/python3.9/site-packages/airflow/example_dags/tutorial_taskflow_api_etl.py for tasks to queue
[2021-11-30 22:05:07,657] {logging_mixin.py:109} INFO - [2021-11-30 22:05:07,657] {dagbag.py:500} INFO - Filling up the DagBag from /Users/ballakeerthi/opt/anaconda3/envs/airflow/lib/python3.9/site-packages/airflow/example_dags/tutorial_taskflow_api_etl.py
[2021-11-30 22:05:07,695] {processor.py:637} INFO - DAG(s) dict_keys(['tutorial_taskflow_api_etl']) retrieved from /Users/ballakeerthi/opt/anaconda3/envs/airflow/lib/python3.9/site-packages/airflow/example_dags/tutorial_taskflow_api_etl.py
[2021-11-30 22:05:08,101] {logging_mixin.py:109} INFO - [2021-11-30 22:05:08,101] {dag.py:2396} INFO - Sync 1 DAGs
[2021-11-30 22:05:08,113] {logging_mixin.py:109} INFO - [2021-11-30 22:05:08,112] {dag.py:2928} INFO - Setting next_dagrun for tutorial_taskflow_api_etl to None
[2021-11-30 22:05:08,121] {processor.py:171} INFO - Processing /Users/ballakeerthi/opt/anaconda3/envs/airflow/lib/python3.9/site-packages/airflow/example_dags/tutorial_taskflow_api_etl.py took 0.470 seconds
[2021-11-30 22:06:02,971] {processor.py:163} INFO - Started process (PID=17693) to work on /Users/ballakeerthi/opt/anaconda3/envs/airflow/lib/python3.9/site-packages/airflow/example_dags/tutorial_taskflow_api_etl.py
[2021-11-30 22:06:02,972] {processor.py:625} INFO - Processing file /Users/ballakeerthi/opt/anaconda3/envs/airflow/lib/python3.9/site-packages/airflow/example_dags/tutorial_taskflow_api_etl.py for tasks to queue
[2021-11-30 22:06:02,972] {logging_mixin.py:109} INFO - [2021-11-30 22:06:02,972] {dagbag.py:500} INFO - Filling up the DagBag from /Users/ballakeerthi/opt/anaconda3/envs/airflow/lib/python3.9/site-packages/airflow/example_dags/tutorial_taskflow_api_etl.py
[2021-11-30 22:06:03,012] {processor.py:637} INFO - DAG(s) dict_keys(['tutorial_taskflow_api_etl']) retrieved from /Users/ballakeerthi/opt/anaconda3/envs/airflow/lib/python3.9/site-packages/airflow/example_dags/tutorial_taskflow_api_etl.py
[2021-11-30 22:06:03,533] {logging_mixin.py:109} INFO - [2021-11-30 22:06:03,533] {dag.py:2396} INFO - Sync 1 DAGs
[2021-11-30 22:06:03,541] {logging_mixin.py:109} INFO - [2021-11-30 22:06:03,541] {dag.py:2928} INFO - Setting next_dagrun for tutorial_taskflow_api_etl to None
[2021-11-30 22:06:03,553] {processor.py:171} INFO - Processing /Users/ballakeerthi/opt/anaconda3/envs/airflow/lib/python3.9/site-packages/airflow/example_dags/tutorial_taskflow_api_etl.py took 0.583 seconds
[2021-11-30 22:07:07,784] {processor.py:163} INFO - Started process (PID=17719) to work on /Users/ballakeerthi/opt/anaconda3/envs/airflow/lib/python3.9/site-packages/airflow/example_dags/tutorial_taskflow_api_etl.py
[2021-11-30 22:07:07,785] {processor.py:625} INFO - Processing file /Users/ballakeerthi/opt/anaconda3/envs/airflow/lib/python3.9/site-packages/airflow/example_dags/tutorial_taskflow_api_etl.py for tasks to queue
[2021-11-30 22:07:07,785] {logging_mixin.py:109} INFO - [2021-11-30 22:07:07,785] {dagbag.py:500} INFO - Filling up the DagBag from /Users/ballakeerthi/opt/anaconda3/envs/airflow/lib/python3.9/site-packages/airflow/example_dags/tutorial_taskflow_api_etl.py
[2021-11-30 22:07:07,838] {processor.py:637} INFO - DAG(s) dict_keys(['tutorial_taskflow_api_etl']) retrieved from /Users/ballakeerthi/opt/anaconda3/envs/airflow/lib/python3.9/site-packages/airflow/example_dags/tutorial_taskflow_api_etl.py
[2021-11-30 22:07:08,236] {logging_mixin.py:109} INFO - [2021-11-30 22:07:08,236] {dag.py:2396} INFO - Sync 1 DAGs
[2021-11-30 22:07:08,246] {logging_mixin.py:109} INFO - [2021-11-30 22:07:08,246] {dag.py:2928} INFO - Setting next_dagrun for tutorial_taskflow_api_etl to None
[2021-11-30 22:07:08,255] {processor.py:171} INFO - Processing /Users/ballakeerthi/opt/anaconda3/envs/airflow/lib/python3.9/site-packages/airflow/example_dags/tutorial_taskflow_api_etl.py took 0.472 seconds
[2021-11-30 22:08:08,204] {processor.py:163} INFO - Started process (PID=17742) to work on /Users/ballakeerthi/opt/anaconda3/envs/airflow/lib/python3.9/site-packages/airflow/example_dags/tutorial_taskflow_api_etl.py
[2021-11-30 22:08:08,213] {processor.py:625} INFO - Processing file /Users/ballakeerthi/opt/anaconda3/envs/airflow/lib/python3.9/site-packages/airflow/example_dags/tutorial_taskflow_api_etl.py for tasks to queue
[2021-11-30 22:08:08,213] {logging_mixin.py:109} INFO - [2021-11-30 22:08:08,213] {dagbag.py:500} INFO - Filling up the DagBag from /Users/ballakeerthi/opt/anaconda3/envs/airflow/lib/python3.9/site-packages/airflow/example_dags/tutorial_taskflow_api_etl.py
[2021-11-30 22:08:08,288] {processor.py:637} INFO - DAG(s) dict_keys(['tutorial_taskflow_api_etl']) retrieved from /Users/ballakeerthi/opt/anaconda3/envs/airflow/lib/python3.9/site-packages/airflow/example_dags/tutorial_taskflow_api_etl.py
[2021-11-30 22:08:09,066] {logging_mixin.py:109} INFO - [2021-11-30 22:08:09,066] {dag.py:2396} INFO - Sync 1 DAGs
[2021-11-30 22:08:09,088] {logging_mixin.py:109} INFO - [2021-11-30 22:08:09,088] {dag.py:2928} INFO - Setting next_dagrun for tutorial_taskflow_api_etl to None
[2021-11-30 22:08:09,110] {processor.py:171} INFO - Processing /Users/ballakeerthi/opt/anaconda3/envs/airflow/lib/python3.9/site-packages/airflow/example_dags/tutorial_taskflow_api_etl.py took 0.906 seconds
[2021-11-30 22:09:18,169] {processor.py:163} INFO - Started process (PID=17770) to work on /Users/ballakeerthi/opt/anaconda3/envs/airflow/lib/python3.9/site-packages/airflow/example_dags/tutorial_taskflow_api_etl.py
[2021-11-30 22:09:18,169] {processor.py:625} INFO - Processing file /Users/ballakeerthi/opt/anaconda3/envs/airflow/lib/python3.9/site-packages/airflow/example_dags/tutorial_taskflow_api_etl.py for tasks to queue
[2021-11-30 22:09:18,170] {logging_mixin.py:109} INFO - [2021-11-30 22:09:18,170] {dagbag.py:500} INFO - Filling up the DagBag from /Users/ballakeerthi/opt/anaconda3/envs/airflow/lib/python3.9/site-packages/airflow/example_dags/tutorial_taskflow_api_etl.py
[2021-11-30 22:09:18,223] {processor.py:637} INFO - DAG(s) dict_keys(['tutorial_taskflow_api_etl']) retrieved from /Users/ballakeerthi/opt/anaconda3/envs/airflow/lib/python3.9/site-packages/airflow/example_dags/tutorial_taskflow_api_etl.py
[2021-11-30 22:09:18,588] {logging_mixin.py:109} INFO - [2021-11-30 22:09:18,588] {dag.py:2396} INFO - Sync 1 DAGs
[2021-11-30 22:09:18,596] {logging_mixin.py:109} INFO - [2021-11-30 22:09:18,596] {dag.py:2928} INFO - Setting next_dagrun for tutorial_taskflow_api_etl to None
[2021-11-30 22:09:18,603] {processor.py:171} INFO - Processing /Users/ballakeerthi/opt/anaconda3/envs/airflow/lib/python3.9/site-packages/airflow/example_dags/tutorial_taskflow_api_etl.py took 0.435 seconds
