[2021-12-09 15:49:48,691] {taskinstance.py:1035} INFO - Dependencies all met for <TaskInstance: brent_pricing_dag.x_y_values manual__2021-12-09T20:47:50.813544+00:00 [queued]>
[2021-12-09 15:49:48,698] {taskinstance.py:1035} INFO - Dependencies all met for <TaskInstance: brent_pricing_dag.x_y_values manual__2021-12-09T20:47:50.813544+00:00 [queued]>
[2021-12-09 15:49:48,698] {taskinstance.py:1241} INFO - 
--------------------------------------------------------------------------------
[2021-12-09 15:49:48,698] {taskinstance.py:1242} INFO - Starting attempt 1 of 1
[2021-12-09 15:49:48,698] {taskinstance.py:1243} INFO - 
--------------------------------------------------------------------------------
[2021-12-09 15:49:48,712] {taskinstance.py:1262} INFO - Executing <Task(PythonOperator): x_y_values> on 2021-12-09 20:47:50.813544+00:00
[2021-12-09 15:49:48,718] {standard_task_runner.py:52} INFO - Started process 31356 to run task
[2021-12-09 15:49:48,724] {standard_task_runner.py:76} INFO - Running: ['airflow', 'tasks', 'run', 'brent_pricing_dag', 'x_y_values', 'manual__2021-12-09T20:47:50.813544+00:00', '--job-id', '68', '--raw', '--subdir', 'DAGS_FOLDER/dag_brent_pricing.py', '--cfg-path', '/var/folders/b3/j_ybgjv53p33dy62wlktdr4m0000gp/T/tmpd7bq73zc', '--error-file', '/var/folders/b3/j_ybgjv53p33dy62wlktdr4m0000gp/T/tmpe8ro5q0y']
[2021-12-09 15:49:48,727] {standard_task_runner.py:77} INFO - Job 68: Subtask x_y_values
[2021-12-09 15:49:53,790] {logging_mixin.py:109} INFO - Running <TaskInstance: brent_pricing_dag.x_y_values manual__2021-12-09T20:47:50.813544+00:00 [running]> on host zipcodes-MacBook-Pro-3.local
[2021-12-09 15:49:58,830] {taskinstance.py:1427} INFO - Exporting the following env vars:
AIRFLOW_CTX_DAG_EMAIL=keerthiballa@gmail.com
AIRFLOW_CTX_DAG_OWNER=airflow
AIRFLOW_CTX_DAG_ID=brent_pricing_dag
AIRFLOW_CTX_TASK_ID=x_y_values
AIRFLOW_CTX_EXECUTION_DATE=2021-12-09T20:47:50.813544+00:00
AIRFLOW_CTX_DAG_RUN_ID=manual__2021-12-09T20:47:50.813544+00:00
[2021-12-09 15:49:59,861] {logging_mixin.py:109} INFO - Dataset is created successfully
[2021-12-09 15:50:01,709] {logging_mixin.py:109} INFO - Table dataset_x_table created successfully,
[2021-12-09 15:50:01,711] {logging_mixin.py:109} INFO - Table dataset_y_table created successfully,
[2021-12-09 15:50:01,712] {python.py:152} INFO - Done. Returned value was: None
[2021-12-09 15:50:01,719] {taskinstance.py:1270} INFO - Marking task as SUCCESS. dag_id=brent_pricing_dag, task_id=x_y_values, execution_date=20211209T204750, start_date=20211209T204948, end_date=20211209T205001
[2021-12-09 15:50:01,769] {local_task_job.py:154} INFO - Task exited with return code 0
[2021-12-09 15:50:01,796] {local_task_job.py:264} INFO - 1 downstream tasks scheduled from follow-on schedule check
