[2021-12-05 21:15:15,872] {taskinstance.py:1035} INFO - Dependencies all met for <TaskInstance: example_bash_operator.this_will_skip scheduled__2021-12-05T00:00:00+00:00 [queued]>
[2021-12-05 21:15:15,877] {taskinstance.py:1035} INFO - Dependencies all met for <TaskInstance: example_bash_operator.this_will_skip scheduled__2021-12-05T00:00:00+00:00 [queued]>
[2021-12-05 21:15:15,878] {taskinstance.py:1241} INFO - 
--------------------------------------------------------------------------------
[2021-12-05 21:15:15,878] {taskinstance.py:1242} INFO - Starting attempt 1 of 1
[2021-12-05 21:15:15,878] {taskinstance.py:1243} INFO - 
--------------------------------------------------------------------------------
[2021-12-05 21:15:15,887] {taskinstance.py:1262} INFO - Executing <Task(BashOperator): this_will_skip> on 2021-12-05 00:00:00+00:00
[2021-12-05 21:15:15,889] {standard_task_runner.py:52} INFO - Started process 4784 to run task
[2021-12-05 21:15:15,894] {standard_task_runner.py:76} INFO - Running: ['airflow', 'tasks', 'run', 'example_bash_operator', 'this_will_skip', 'scheduled__2021-12-05T00:00:00+00:00', '--job-id', '7', '--raw', '--subdir', '/Users/ballakeerthi/opt/anaconda3/envs/airflow/lib/python3.9/site-packages/airflow/example_dags/example_bash_operator.py', '--cfg-path', '/var/folders/b3/j_ybgjv53p33dy62wlktdr4m0000gp/T/tmp69ravk65', '--error-file', '/var/folders/b3/j_ybgjv53p33dy62wlktdr4m0000gp/T/tmpe59vd3o9']
[2021-12-05 21:15:15,896] {standard_task_runner.py:77} INFO - Job 7: Subtask this_will_skip
[2021-12-05 21:15:20,924] {logging_mixin.py:109} INFO - Running <TaskInstance: example_bash_operator.this_will_skip scheduled__2021-12-05T00:00:00+00:00 [running]> on host zipcodes-MacBook-Pro-3.local
[2021-12-05 21:15:25,962] {taskinstance.py:1427} INFO - Exporting the following env vars:
AIRFLOW_CTX_DAG_OWNER=airflow
AIRFLOW_CTX_DAG_ID=example_bash_operator
AIRFLOW_CTX_TASK_ID=this_will_skip
AIRFLOW_CTX_EXECUTION_DATE=2021-12-05T00:00:00+00:00
AIRFLOW_CTX_DAG_RUN_ID=scheduled__2021-12-05T00:00:00+00:00
[2021-12-05 21:15:25,962] {subprocess.py:62} INFO - Tmp dir root location: 
 /var/folders/b3/j_ybgjv53p33dy62wlktdr4m0000gp/T
[2021-12-05 21:15:25,963] {subprocess.py:74} INFO - Running command: ['bash', '-c', 'echo "hello world"; exit 99;']
[2021-12-05 21:15:25,970] {subprocess.py:85} INFO - Output:
[2021-12-05 21:15:25,977] {subprocess.py:89} INFO - hello world
[2021-12-05 21:15:25,978] {subprocess.py:93} INFO - Command exited with return code 99
[2021-12-05 21:15:25,979] {taskinstance.py:1359} INFO - Bash command returned exit code 99. Skipping.
[2021-12-05 21:15:25,986] {taskinstance.py:1270} INFO - Marking task as SKIPPED. dag_id=example_bash_operator, task_id=this_will_skip, execution_date=20211205T000000, start_date=20211206T021515, end_date=20211206T021525
[2021-12-05 21:15:26,015] {local_task_job.py:154} INFO - Task exited with return code 0
[2021-12-05 21:15:26,041] {local_task_job.py:264} INFO - 0 downstream tasks scheduled from follow-on schedule check
