[2021-12-05 21:43:57,176] {taskinstance.py:1035} INFO - Dependencies all met for <TaskInstance: my_dag.training_model_B scheduled__2021-12-05T00:00:00+00:00 [queued]>
[2021-12-05 21:43:57,180] {taskinstance.py:1035} INFO - Dependencies all met for <TaskInstance: my_dag.training_model_B scheduled__2021-12-05T00:00:00+00:00 [queued]>
[2021-12-05 21:43:57,180] {taskinstance.py:1241} INFO - 
--------------------------------------------------------------------------------
[2021-12-05 21:43:57,180] {taskinstance.py:1242} INFO - Starting attempt 1 of 1
[2021-12-05 21:43:57,180] {taskinstance.py:1243} INFO - 
--------------------------------------------------------------------------------
[2021-12-05 21:43:57,194] {taskinstance.py:1262} INFO - Executing <Task(PythonOperator): training_model_B> on 2021-12-05 00:00:00+00:00
[2021-12-05 21:43:57,196] {standard_task_runner.py:52} INFO - Started process 5409 to run task
[2021-12-05 21:43:57,200] {standard_task_runner.py:76} INFO - Running: ['airflow', 'tasks', 'run', 'my_dag', 'training_model_B', 'scheduled__2021-12-05T00:00:00+00:00', '--job-id', '16', '--raw', '--subdir', 'DAGS_FOLDER/dag_brent_pricing.py', '--cfg-path', '/var/folders/b3/j_ybgjv53p33dy62wlktdr4m0000gp/T/tmpsxycdmj_', '--error-file', '/var/folders/b3/j_ybgjv53p33dy62wlktdr4m0000gp/T/tmp655xezxn']
[2021-12-05 21:43:57,202] {standard_task_runner.py:77} INFO - Job 16: Subtask training_model_B
[2021-12-05 21:44:02,230] {logging_mixin.py:109} INFO - Running <TaskInstance: my_dag.training_model_B scheduled__2021-12-05T00:00:00+00:00 [running]> on host zipcodes-MacBook-Pro-3.local
[2021-12-05 21:44:07,282] {taskinstance.py:1427} INFO - Exporting the following env vars:
AIRFLOW_CTX_DAG_OWNER=airflow
AIRFLOW_CTX_DAG_ID=my_dag
AIRFLOW_CTX_TASK_ID=training_model_B
AIRFLOW_CTX_EXECUTION_DATE=2021-12-05T00:00:00+00:00
AIRFLOW_CTX_DAG_RUN_ID=scheduled__2021-12-05T00:00:00+00:00
[2021-12-05 21:44:07,284] {python.py:152} INFO - Done. Returned value was: 3
[2021-12-05 21:44:07,300] {taskinstance.py:1270} INFO - Marking task as SUCCESS. dag_id=my_dag, task_id=training_model_B, execution_date=20211205T000000, start_date=20211206T024357, end_date=20211206T024407
[2021-12-05 21:44:07,333] {local_task_job.py:154} INFO - Task exited with return code 0
[2021-12-05 21:44:07,359] {local_task_job.py:264} INFO - 0 downstream tasks scheduled from follow-on schedule check
