[2021-12-05 21:13:48,467] {taskinstance.py:1035} INFO - Dependencies all met for <TaskInstance: example_bash_operator.runme_1 scheduled__2021-12-05T00:00:00+00:00 [queued]>
[2021-12-05 21:13:48,472] {taskinstance.py:1035} INFO - Dependencies all met for <TaskInstance: example_bash_operator.runme_1 scheduled__2021-12-05T00:00:00+00:00 [queued]>
[2021-12-05 21:13:48,472] {taskinstance.py:1241} INFO - 
--------------------------------------------------------------------------------
[2021-12-05 21:13:48,472] {taskinstance.py:1242} INFO - Starting attempt 1 of 1
[2021-12-05 21:13:48,472] {taskinstance.py:1243} INFO - 
--------------------------------------------------------------------------------
[2021-12-05 21:13:48,484] {taskinstance.py:1262} INFO - Executing <Task(BashOperator): runme_1> on 2021-12-05 00:00:00+00:00
[2021-12-05 21:13:48,486] {standard_task_runner.py:52} INFO - Started process 4756 to run task
[2021-12-05 21:13:48,491] {standard_task_runner.py:76} INFO - Running: ['airflow', 'tasks', 'run', 'example_bash_operator', 'runme_1', 'scheduled__2021-12-05T00:00:00+00:00', '--job-id', '4', '--raw', '--subdir', '/Users/ballakeerthi/opt/anaconda3/envs/airflow/lib/python3.9/site-packages/airflow/example_dags/example_bash_operator.py', '--cfg-path', '/var/folders/b3/j_ybgjv53p33dy62wlktdr4m0000gp/T/tmpclfb8l1b', '--error-file', '/var/folders/b3/j_ybgjv53p33dy62wlktdr4m0000gp/T/tmpryhxkm6p']
[2021-12-05 21:13:48,493] {standard_task_runner.py:77} INFO - Job 4: Subtask runme_1
[2021-12-05 21:13:53,524] {logging_mixin.py:109} INFO - Running <TaskInstance: example_bash_operator.runme_1 scheduled__2021-12-05T00:00:00+00:00 [running]> on host zipcodes-MacBook-Pro-3.local
[2021-12-05 21:13:58,568] {taskinstance.py:1427} INFO - Exporting the following env vars:
AIRFLOW_CTX_DAG_OWNER=airflow
AIRFLOW_CTX_DAG_ID=example_bash_operator
AIRFLOW_CTX_TASK_ID=runme_1
AIRFLOW_CTX_EXECUTION_DATE=2021-12-05T00:00:00+00:00
AIRFLOW_CTX_DAG_RUN_ID=scheduled__2021-12-05T00:00:00+00:00
[2021-12-05 21:13:58,569] {subprocess.py:62} INFO - Tmp dir root location: 
 /var/folders/b3/j_ybgjv53p33dy62wlktdr4m0000gp/T
[2021-12-05 21:13:58,570] {subprocess.py:74} INFO - Running command: ['bash', '-c', 'echo "example_bash_operator__runme_1__20211205" && sleep 1']
[2021-12-05 21:13:58,578] {subprocess.py:85} INFO - Output:
[2021-12-05 21:13:58,580] {subprocess.py:89} INFO - example_bash_operator__runme_1__20211205
[2021-12-05 21:13:59,583] {subprocess.py:93} INFO - Command exited with return code 0
[2021-12-05 21:13:59,601] {taskinstance.py:1270} INFO - Marking task as SUCCESS. dag_id=example_bash_operator, task_id=runme_1, execution_date=20211205T000000, start_date=20211206T021348, end_date=20211206T021359
[2021-12-05 21:13:59,640] {local_task_job.py:154} INFO - Task exited with return code 0
[2021-12-05 21:13:59,657] {local_task_job.py:264} INFO - 0 downstream tasks scheduled from follow-on schedule check
