[2021-12-09 15:48:09,933] {taskinstance.py:1035} INFO - Dependencies all met for <TaskInstance: brent_pricing_dag.drop_database_mysql_external_file manual__2021-12-09T20:47:50.813544+00:00 [queued]>
[2021-12-09 15:48:09,939] {taskinstance.py:1035} INFO - Dependencies all met for <TaskInstance: brent_pricing_dag.drop_database_mysql_external_file manual__2021-12-09T20:47:50.813544+00:00 [queued]>
[2021-12-09 15:48:09,939] {taskinstance.py:1241} INFO - 
--------------------------------------------------------------------------------
[2021-12-09 15:48:09,939] {taskinstance.py:1242} INFO - Starting attempt 1 of 1
[2021-12-09 15:48:09,939] {taskinstance.py:1243} INFO - 
--------------------------------------------------------------------------------
[2021-12-09 15:48:09,949] {taskinstance.py:1262} INFO - Executing <Task(MySqlOperator): drop_database_mysql_external_file> on 2021-12-09 20:47:50.813544+00:00
[2021-12-09 15:48:09,954] {standard_task_runner.py:52} INFO - Started process 31344 to run task
[2021-12-09 15:48:09,959] {standard_task_runner.py:76} INFO - Running: ['airflow', 'tasks', 'run', 'brent_pricing_dag', 'drop_database_mysql_external_file', 'manual__2021-12-09T20:47:50.813544+00:00', '--job-id', '65', '--raw', '--subdir', 'DAGS_FOLDER/dag_brent_pricing.py', '--cfg-path', '/var/folders/b3/j_ybgjv53p33dy62wlktdr4m0000gp/T/tmprljpcp70', '--error-file', '/var/folders/b3/j_ybgjv53p33dy62wlktdr4m0000gp/T/tmpb3v_nb1g']
[2021-12-09 15:48:09,962] {standard_task_runner.py:77} INFO - Job 65: Subtask drop_database_mysql_external_file
[2021-12-09 15:48:14,992] {logging_mixin.py:109} INFO - Running <TaskInstance: brent_pricing_dag.drop_database_mysql_external_file manual__2021-12-09T20:47:50.813544+00:00 [running]> on host zipcodes-MacBook-Pro-3.local
[2021-12-09 15:48:20,036] {taskinstance.py:1427} INFO - Exporting the following env vars:
AIRFLOW_CTX_DAG_EMAIL=keerthiballa@gmail.com
AIRFLOW_CTX_DAG_OWNER=airflow
AIRFLOW_CTX_DAG_ID=brent_pricing_dag
AIRFLOW_CTX_TASK_ID=drop_database_mysql_external_file
AIRFLOW_CTX_EXECUTION_DATE=2021-12-09T20:47:50.813544+00:00
AIRFLOW_CTX_DAG_RUN_ID=manual__2021-12-09T20:47:50.813544+00:00
[2021-12-09 15:48:20,037] {mysql.py:79} INFO - Executing: drop schema if exists brent_pricing_db
[2021-12-09 15:48:20,040] {base.py:70} INFO - Using connection to: id: mysql_default. Host: localhost, Port: None, Schema: , Login: ***mysqluser, Password: ***, extra: {}
[2021-12-09 15:48:20,078] {dbapi.py:225} INFO - Running statement: drop schema if exists brent_pricing_db, parameters: None
[2021-12-09 15:48:20,101] {dbapi.py:233} INFO - Rows affected: 4
[2021-12-09 15:48:20,107] {taskinstance.py:1270} INFO - Marking task as SUCCESS. dag_id=brent_pricing_dag, task_id=drop_database_mysql_external_file, execution_date=20211209T204750, start_date=20211209T204809, end_date=20211209T204820
[2021-12-09 15:48:20,132] {local_task_job.py:154} INFO - Task exited with return code 0
[2021-12-09 15:48:20,154] {local_task_job.py:264} INFO - 1 downstream tasks scheduled from follow-on schedule check
