[2021-12-09 19:12:54,259] {taskinstance.py:1035} INFO - Dependencies all met for <TaskInstance: brent_pricing_dag.choose_best_model manual__2021-12-10T00:07:56.816825+00:00 [queued]>
[2021-12-09 19:12:54,276] {taskinstance.py:1035} INFO - Dependencies all met for <TaskInstance: brent_pricing_dag.choose_best_model manual__2021-12-10T00:07:56.816825+00:00 [queued]>
[2021-12-09 19:12:54,276] {taskinstance.py:1241} INFO - 
--------------------------------------------------------------------------------
[2021-12-09 19:12:54,277] {taskinstance.py:1242} INFO - Starting attempt 1 of 1
[2021-12-09 19:12:54,277] {taskinstance.py:1243} INFO - 
--------------------------------------------------------------------------------
[2021-12-09 19:12:54,283] {taskinstance.py:1262} INFO - Executing <Task(PythonOperator): choose_best_model> on 2021-12-10 00:07:56.816825+00:00
[2021-12-09 19:12:54,286] {standard_task_runner.py:52} INFO - Started process 34003 to run task
[2021-12-09 19:12:54,293] {standard_task_runner.py:76} INFO - Running: ['airflow', 'tasks', 'run', 'brent_pricing_dag', 'choose_best_model', 'manual__2021-12-10T00:07:56.816825+00:00', '--job-id', '94', '--raw', '--subdir', 'DAGS_FOLDER/dag_brent_pricing.py', '--cfg-path', '/var/folders/b3/j_ybgjv53p33dy62wlktdr4m0000gp/T/tmpv0tnt980', '--error-file', '/var/folders/b3/j_ybgjv53p33dy62wlktdr4m0000gp/T/tmpd5l1zfpb']
[2021-12-09 19:12:54,295] {standard_task_runner.py:77} INFO - Job 94: Subtask choose_best_model
[2021-12-09 19:12:59,328] {logging_mixin.py:109} INFO - Running <TaskInstance: brent_pricing_dag.choose_best_model manual__2021-12-10T00:07:56.816825+00:00 [running]> on host zipcodes-MacBook-Pro-3.local
[2021-12-09 19:13:04,370] {taskinstance.py:1427} INFO - Exporting the following env vars:
AIRFLOW_CTX_DAG_EMAIL=keerthiballa@gmail.com
AIRFLOW_CTX_DAG_OWNER=airflow
AIRFLOW_CTX_DAG_ID=brent_pricing_dag
AIRFLOW_CTX_TASK_ID=choose_best_model
AIRFLOW_CTX_EXECUTION_DATE=2021-12-10T00:07:56.816825+00:00
AIRFLOW_CTX_DAG_RUN_ID=manual__2021-12-10T00:07:56.816825+00:00
[2021-12-09 19:13:04,430] {logging_mixin.py:109} INFO - Results Dataset is created successfully
[2021-12-09 19:13:04,433] {logging_mixin.py:109} INFO - The best model is Random Forest Regression with R square score of 0.993064
[2021-12-09 19:13:04,434] {python.py:152} INFO - Done. Returned value was: None
[2021-12-09 19:13:04,439] {taskinstance.py:1270} INFO - Marking task as SUCCESS. dag_id=brent_pricing_dag, task_id=choose_best_model, execution_date=20211210T000756, start_date=20211210T001254, end_date=20211210T001304
[2021-12-09 19:13:04,468] {local_task_job.py:154} INFO - Task exited with return code 0
[2021-12-09 19:13:04,485] {local_task_job.py:264} INFO - 0 downstream tasks scheduled from follow-on schedule check
