[2021-12-09 19:05:46,216] {taskinstance.py:1035} INFO - Dependencies all met for <TaskInstance: brent_pricing_dag.drop_database_mysql_query scheduled__2021-12-09T00:00:00+00:00 [queued]>
[2021-12-09 19:05:46,223] {taskinstance.py:1035} INFO - Dependencies all met for <TaskInstance: brent_pricing_dag.drop_database_mysql_query scheduled__2021-12-09T00:00:00+00:00 [queued]>
[2021-12-09 19:05:46,224] {taskinstance.py:1241} INFO - 
--------------------------------------------------------------------------------
[2021-12-09 19:05:46,224] {taskinstance.py:1242} INFO - Starting attempt 1 of 1
[2021-12-09 19:05:46,224] {taskinstance.py:1243} INFO - 
--------------------------------------------------------------------------------
[2021-12-09 19:05:46,238] {taskinstance.py:1262} INFO - Executing <Task(MySqlOperator): drop_database_mysql_query> on 2021-12-09 00:00:00+00:00
[2021-12-09 19:05:46,242] {standard_task_runner.py:52} INFO - Started process 33934 to run task
[2021-12-09 19:05:46,248] {standard_task_runner.py:76} INFO - Running: ['airflow', 'tasks', 'run', 'brent_pricing_dag', 'drop_database_mysql_query', 'scheduled__2021-12-09T00:00:00+00:00', '--job-id', '85', '--raw', '--subdir', 'DAGS_FOLDER/dag_brent_pricing.py', '--cfg-path', '/var/folders/b3/j_ybgjv53p33dy62wlktdr4m0000gp/T/tmpy3waceq1', '--error-file', '/var/folders/b3/j_ybgjv53p33dy62wlktdr4m0000gp/T/tmpri8ltw8g']
[2021-12-09 19:05:46,251] {standard_task_runner.py:77} INFO - Job 85: Subtask drop_database_mysql_query
[2021-12-09 19:05:51,280] {logging_mixin.py:109} INFO - Running <TaskInstance: brent_pricing_dag.drop_database_mysql_query scheduled__2021-12-09T00:00:00+00:00 [running]> on host zipcodes-MacBook-Pro-3.local
[2021-12-09 19:05:56,333] {taskinstance.py:1427} INFO - Exporting the following env vars:
AIRFLOW_CTX_DAG_EMAIL=keerthiballa@gmail.com
AIRFLOW_CTX_DAG_OWNER=airflow
AIRFLOW_CTX_DAG_ID=brent_pricing_dag
AIRFLOW_CTX_TASK_ID=drop_database_mysql_query
AIRFLOW_CTX_EXECUTION_DATE=2021-12-09T00:00:00+00:00
AIRFLOW_CTX_DAG_RUN_ID=scheduled__2021-12-09T00:00:00+00:00
[2021-12-09 19:05:56,334] {mysql.py:79} INFO - Executing: drop schema if exists brent_pricing_db
[2021-12-09 19:05:56,341] {base.py:70} INFO - Using connection to: id: mysql_default. Host: localhost, Port: None, Schema: , Login: ***mysqluser, Password: ***, extra: {}
[2021-12-09 19:05:56,449] {dbapi.py:225} INFO - Running statement: drop schema if exists brent_pricing_db, parameters: None
[2021-12-09 19:05:56,459] {dbapi.py:233} INFO - Rows affected: 0
[2021-12-09 19:05:56,482] {taskinstance.py:1270} INFO - Marking task as SUCCESS. dag_id=brent_pricing_dag, task_id=drop_database_mysql_query, execution_date=20211209T000000, start_date=20211210T000546, end_date=20211210T000556
[2021-12-09 19:05:56,533] {local_task_job.py:154} INFO - Task exited with return code 0
[2021-12-09 19:05:56,570] {dagrun.py:624} WARNING - Failed to get task '<TaskInstance: brent_pricing_dag.drop_database_mysql_external_file scheduled__2021-12-09T00:00:00+00:00 [removed]>' for dag 'brent_pricing_dag'. Marking it as removed.
[2021-12-09 19:05:56,573] {local_task_job.py:264} INFO - 0 downstream tasks scheduled from follow-on schedule check
