[2021-12-09 15:24:51,237] {taskinstance.py:1035} INFO - Dependencies all met for <TaskInstance: brent_pricing_dag.x_y_values manual__2021-12-09T20:22:55.310603+00:00 [queued]>
[2021-12-09 15:24:51,244] {taskinstance.py:1035} INFO - Dependencies all met for <TaskInstance: brent_pricing_dag.x_y_values manual__2021-12-09T20:22:55.310603+00:00 [queued]>
[2021-12-09 15:24:51,244] {taskinstance.py:1241} INFO - 
--------------------------------------------------------------------------------
[2021-12-09 15:24:51,244] {taskinstance.py:1242} INFO - Starting attempt 1 of 1
[2021-12-09 15:24:51,244] {taskinstance.py:1243} INFO - 
--------------------------------------------------------------------------------
[2021-12-09 15:24:51,256] {taskinstance.py:1262} INFO - Executing <Task(PythonOperator): x_y_values> on 2021-12-09 20:22:55.310603+00:00
[2021-12-09 15:24:51,259] {standard_task_runner.py:52} INFO - Started process 31088 to run task
[2021-12-09 15:24:51,264] {standard_task_runner.py:76} INFO - Running: ['airflow', 'tasks', 'run', 'brent_pricing_dag', 'x_y_values', 'manual__2021-12-09T20:22:55.310603+00:00', '--job-id', '63', '--raw', '--subdir', 'DAGS_FOLDER/dag_brent_pricing.py', '--cfg-path', '/var/folders/b3/j_ybgjv53p33dy62wlktdr4m0000gp/T/tmpqsd84wu2', '--error-file', '/var/folders/b3/j_ybgjv53p33dy62wlktdr4m0000gp/T/tmp84xkz31f']
[2021-12-09 15:24:51,267] {standard_task_runner.py:77} INFO - Job 63: Subtask x_y_values
[2021-12-09 15:24:56,296] {logging_mixin.py:109} INFO - Running <TaskInstance: brent_pricing_dag.x_y_values manual__2021-12-09T20:22:55.310603+00:00 [running]> on host zipcodes-MacBook-Pro-3.local
[2021-12-09 15:25:01,336] {taskinstance.py:1427} INFO - Exporting the following env vars:
AIRFLOW_CTX_DAG_EMAIL=keerthiballa@gmail.com
AIRFLOW_CTX_DAG_OWNER=airflow
AIRFLOW_CTX_DAG_ID=brent_pricing_dag
AIRFLOW_CTX_TASK_ID=x_y_values
AIRFLOW_CTX_EXECUTION_DATE=2021-12-09T20:22:55.310603+00:00
AIRFLOW_CTX_DAG_RUN_ID=manual__2021-12-09T20:22:55.310603+00:00
[2021-12-09 15:25:02,437] {logging_mixin.py:109} INFO - Dataset is created successfully
[2021-12-09 15:25:04,083] {logging_mixin.py:109} INFO - Table dataset_x_table created successfully,
[2021-12-09 15:25:04,084] {logging_mixin.py:109} INFO - Table dataset_y_table created successfully,
[2021-12-09 15:25:04,085] {python.py:152} INFO - Done. Returned value was: None
[2021-12-09 15:25:04,089] {taskinstance.py:1270} INFO - Marking task as SUCCESS. dag_id=brent_pricing_dag, task_id=x_y_values, execution_date=20211209T202255, start_date=20211209T202451, end_date=20211209T202504
[2021-12-09 15:25:04,131] {local_task_job.py:154} INFO - Task exited with return code 0
[2021-12-09 15:25:04,155] {local_task_job.py:264} INFO - 1 downstream tasks scheduled from follow-on schedule check
