[2021-12-09 19:04:03,993] {taskinstance.py:1035} INFO - Dependencies all met for <TaskInstance: brent_pricing_dag.Train_the_Regression_Model_MLR_on_the_training_set scheduled__2021-12-09T00:00:00+00:00 [queued]>
[2021-12-09 19:04:04,009] {taskinstance.py:1035} INFO - Dependencies all met for <TaskInstance: brent_pricing_dag.Train_the_Regression_Model_MLR_on_the_training_set scheduled__2021-12-09T00:00:00+00:00 [queued]>
[2021-12-09 19:04:04,009] {taskinstance.py:1241} INFO - 
--------------------------------------------------------------------------------
[2021-12-09 19:04:04,009] {taskinstance.py:1242} INFO - Starting attempt 1 of 1
[2021-12-09 19:04:04,009] {taskinstance.py:1243} INFO - 
--------------------------------------------------------------------------------
[2021-12-09 19:04:04,016] {taskinstance.py:1262} INFO - Executing <Task(PythonOperator): Train_the_Regression_Model_MLR_on_the_training_set> on 2021-12-09 00:00:00+00:00
[2021-12-09 19:04:04,019] {standard_task_runner.py:52} INFO - Started process 33913 to run task
[2021-12-09 19:04:04,024] {standard_task_runner.py:76} INFO - Running: ['airflow', 'tasks', 'run', 'brent_pricing_dag', 'Train_the_Regression_Model_MLR_on_the_training_set', 'scheduled__2021-12-09T00:00:00+00:00', '--job-id', '82', '--raw', '--subdir', 'DAGS_FOLDER/dag_brent_pricing.py', '--cfg-path', '/var/folders/b3/j_ybgjv53p33dy62wlktdr4m0000gp/T/tmp1zcht2e8', '--error-file', '/var/folders/b3/j_ybgjv53p33dy62wlktdr4m0000gp/T/tmpzcu32_nd']
[2021-12-09 19:04:04,027] {standard_task_runner.py:77} INFO - Job 82: Subtask Train_the_Regression_Model_MLR_on_the_training_set
[2021-12-09 19:04:09,073] {logging_mixin.py:109} INFO - Running <TaskInstance: brent_pricing_dag.Train_the_Regression_Model_MLR_on_the_training_set scheduled__2021-12-09T00:00:00+00:00 [running]> on host zipcodes-MacBook-Pro-3.local
[2021-12-09 19:04:14,113] {taskinstance.py:1427} INFO - Exporting the following env vars:
AIRFLOW_CTX_DAG_EMAIL=keerthiballa@gmail.com
AIRFLOW_CTX_DAG_OWNER=airflow
AIRFLOW_CTX_DAG_ID=brent_pricing_dag
AIRFLOW_CTX_TASK_ID=Train_the_Regression_Model_MLR_on_the_training_set
AIRFLOW_CTX_EXECUTION_DATE=2021-12-09T00:00:00+00:00
AIRFLOW_CTX_DAG_RUN_ID=scheduled__2021-12-09T00:00:00+00:00
[2021-12-09 19:04:15,371] {logging_mixin.py:109} INFO - Training and testing Datasets for x and y are created successfully and the original tables in SQL are retained
[2021-12-09 19:04:15,435] {logging_mixin.py:109} WARNING - /Users/ballakeerthi/dev/Airflow/venv/lib/python3.9/site-packages/sklearn/utils/validation.py:1675 FutureWarning: Feature names only support names that are all strings. Got feature names with dtypes: ['quoted_name']. An error will be raised in 1.2.
[2021-12-09 19:04:15,470] {logging_mixin.py:109} WARNING - /Users/ballakeerthi/dev/Airflow/venv/lib/python3.9/site-packages/sklearn/utils/validation.py:1675 FutureWarning: Feature names only support names that are all strings. Got feature names with dtypes: ['quoted_name']. An error will be raised in 1.2.
[2021-12-09 19:04:15,487] {logging_mixin.py:109} INFO - Results table successfully updated
[2021-12-09 19:04:15,488] {python.py:152} INFO - Done. Returned value was: None
[2021-12-09 19:04:15,494] {taskinstance.py:1270} INFO - Marking task as SUCCESS. dag_id=brent_pricing_dag, task_id=Train_the_Regression_Model_MLR_on_the_training_set, execution_date=20211209T000000, start_date=20211210T000404, end_date=20211210T000415
[2021-12-09 19:04:15,556] {local_task_job.py:154} INFO - Task exited with return code 0
[2021-12-09 19:04:15,578] {local_task_job.py:264} INFO - 0 downstream tasks scheduled from follow-on schedule check
