[2021-12-05 21:18:17,610] {taskinstance.py:1035} INFO - Dependencies all met for <TaskInstance: example_bash_operator.this_will_skip manual__2021-12-06T02:13:13.036416+00:00 [queued]>
[2021-12-05 21:18:17,617] {taskinstance.py:1035} INFO - Dependencies all met for <TaskInstance: example_bash_operator.this_will_skip manual__2021-12-06T02:13:13.036416+00:00 [queued]>
[2021-12-05 21:18:17,617] {taskinstance.py:1241} INFO - 
--------------------------------------------------------------------------------
[2021-12-05 21:18:17,617] {taskinstance.py:1242} INFO - Starting attempt 1 of 1
[2021-12-05 21:18:17,617] {taskinstance.py:1243} INFO - 
--------------------------------------------------------------------------------
[2021-12-05 21:18:17,626] {taskinstance.py:1262} INFO - Executing <Task(BashOperator): this_will_skip> on 2021-12-06 02:13:13.036416+00:00
[2021-12-05 21:18:17,629] {standard_task_runner.py:52} INFO - Started process 4836 to run task
[2021-12-05 21:18:17,635] {standard_task_runner.py:76} INFO - Running: ['airflow', 'tasks', 'run', 'example_bash_operator', 'this_will_skip', 'manual__2021-12-06T02:13:13.036416+00:00', '--job-id', '13', '--raw', '--subdir', '/Users/ballakeerthi/opt/anaconda3/envs/airflow/lib/python3.9/site-packages/airflow/example_dags/example_bash_operator.py', '--cfg-path', '/var/folders/b3/j_ybgjv53p33dy62wlktdr4m0000gp/T/tmpx_egtxpv', '--error-file', '/var/folders/b3/j_ybgjv53p33dy62wlktdr4m0000gp/T/tmpz4ec5z29']
[2021-12-05 21:18:17,638] {standard_task_runner.py:77} INFO - Job 13: Subtask this_will_skip
[2021-12-05 21:18:22,669] {logging_mixin.py:109} INFO - Running <TaskInstance: example_bash_operator.this_will_skip manual__2021-12-06T02:13:13.036416+00:00 [running]> on host zipcodes-MacBook-Pro-3.local
[2021-12-05 21:18:27,706] {taskinstance.py:1427} INFO - Exporting the following env vars:
AIRFLOW_CTX_DAG_OWNER=airflow
AIRFLOW_CTX_DAG_ID=example_bash_operator
AIRFLOW_CTX_TASK_ID=this_will_skip
AIRFLOW_CTX_EXECUTION_DATE=2021-12-06T02:13:13.036416+00:00
AIRFLOW_CTX_DAG_RUN_ID=manual__2021-12-06T02:13:13.036416+00:00
[2021-12-05 21:18:27,707] {subprocess.py:62} INFO - Tmp dir root location: 
 /var/folders/b3/j_ybgjv53p33dy62wlktdr4m0000gp/T
[2021-12-05 21:18:27,707] {subprocess.py:74} INFO - Running command: ['bash', '-c', 'echo "hello world"; exit 99;']
[2021-12-05 21:18:27,713] {subprocess.py:85} INFO - Output:
[2021-12-05 21:18:27,721] {subprocess.py:89} INFO - hello world
[2021-12-05 21:18:27,721] {subprocess.py:93} INFO - Command exited with return code 99
[2021-12-05 21:18:27,722] {taskinstance.py:1359} INFO - Bash command returned exit code 99. Skipping.
[2021-12-05 21:18:27,729] {taskinstance.py:1270} INFO - Marking task as SKIPPED. dag_id=example_bash_operator, task_id=this_will_skip, execution_date=20211206T021313, start_date=20211206T021817, end_date=20211206T021827
[2021-12-05 21:18:27,780] {local_task_job.py:154} INFO - Task exited with return code 0
[2021-12-05 21:18:27,803] {local_task_job.py:264} INFO - 0 downstream tasks scheduled from follow-on schedule check
