[2021-12-09 15:51:59,025] {taskinstance.py:1035} INFO - Dependencies all met for <TaskInstance: brent_pricing_dag.Train_the_Regression_Model_DTR_on_the_training_set manual__2021-12-09T20:47:50.813544+00:00 [queued]>
[2021-12-09 15:51:59,031] {taskinstance.py:1035} INFO - Dependencies all met for <TaskInstance: brent_pricing_dag.Train_the_Regression_Model_DTR_on_the_training_set manual__2021-12-09T20:47:50.813544+00:00 [queued]>
[2021-12-09 15:51:59,031] {taskinstance.py:1241} INFO - 
--------------------------------------------------------------------------------
[2021-12-09 15:51:59,031] {taskinstance.py:1242} INFO - Starting attempt 1 of 1
[2021-12-09 15:51:59,031] {taskinstance.py:1243} INFO - 
--------------------------------------------------------------------------------
[2021-12-09 15:51:59,046] {taskinstance.py:1262} INFO - Executing <Task(PythonOperator): Train_the_Regression_Model_DTR_on_the_training_set> on 2021-12-09 20:47:50.813544+00:00
[2021-12-09 15:51:59,050] {standard_task_runner.py:52} INFO - Started process 31372 to run task
[2021-12-09 15:51:59,056] {standard_task_runner.py:76} INFO - Running: ['airflow', 'tasks', 'run', 'brent_pricing_dag', 'Train_the_Regression_Model_DTR_on_the_training_set', 'manual__2021-12-09T20:47:50.813544+00:00', '--job-id', '72', '--raw', '--subdir', 'DAGS_FOLDER/dag_brent_pricing.py', '--cfg-path', '/var/folders/b3/j_ybgjv53p33dy62wlktdr4m0000gp/T/tmpm6tysytz', '--error-file', '/var/folders/b3/j_ybgjv53p33dy62wlktdr4m0000gp/T/tmp25w4u92k']
[2021-12-09 15:51:59,058] {standard_task_runner.py:77} INFO - Job 72: Subtask Train_the_Regression_Model_DTR_on_the_training_set
[2021-12-09 15:52:04,083] {logging_mixin.py:109} INFO - Running <TaskInstance: brent_pricing_dag.Train_the_Regression_Model_DTR_on_the_training_set manual__2021-12-09T20:47:50.813544+00:00 [running]> on host zipcodes-MacBook-Pro-3.local
[2021-12-09 15:52:09,127] {taskinstance.py:1427} INFO - Exporting the following env vars:
AIRFLOW_CTX_DAG_EMAIL=keerthiballa@gmail.com
AIRFLOW_CTX_DAG_OWNER=airflow
AIRFLOW_CTX_DAG_ID=brent_pricing_dag
AIRFLOW_CTX_TASK_ID=Train_the_Regression_Model_DTR_on_the_training_set
AIRFLOW_CTX_EXECUTION_DATE=2021-12-09T20:47:50.813544+00:00
AIRFLOW_CTX_DAG_RUN_ID=manual__2021-12-09T20:47:50.813544+00:00
[2021-12-09 15:52:10,090] {logging_mixin.py:109} INFO - Training and testing Datasets for x and y are created successfully and the original tables in SQL are retained
[2021-12-09 15:52:10,192] {logging_mixin.py:109} WARNING - /Users/ballakeerthi/dev/Airflow/venv/lib/python3.9/site-packages/sklearn/utils/validation.py:1675 FutureWarning: Feature names only support names that are all strings. Got feature names with dtypes: ['quoted_name']. An error will be raised in 1.2.
[2021-12-09 15:52:10,253] {logging_mixin.py:109} WARNING - /Users/ballakeerthi/dev/Airflow/venv/lib/python3.9/site-packages/sklearn/utils/validation.py:1675 FutureWarning: Feature names only support names that are all strings. Got feature names with dtypes: ['quoted_name']. An error will be raised in 1.2.
[2021-12-09 15:52:10,260] {logging_mixin.py:109} INFO - Results table successfully updated
[2021-12-09 15:52:10,261] {python.py:152} INFO - Done. Returned value was: ('decision tree regression', 0.9929407541138919)
[2021-12-09 15:52:10,269] {taskinstance.py:1270} INFO - Marking task as SUCCESS. dag_id=brent_pricing_dag, task_id=Train_the_Regression_Model_DTR_on_the_training_set, execution_date=20211209T204750, start_date=20211209T205159, end_date=20211209T205210
[2021-12-09 15:52:10,296] {local_task_job.py:154} INFO - Task exited with return code 0
[2021-12-09 15:52:10,315] {local_task_job.py:264} INFO - 1 downstream tasks scheduled from follow-on schedule check
