[2021-12-09 15:23:14,812] {taskinstance.py:1035} INFO - Dependencies all met for <TaskInstance: brent_pricing_dag.drop_database_mysql_external_file manual__2021-12-09T20:22:55.310603+00:00 [queued]>
[2021-12-09 15:23:14,819] {taskinstance.py:1035} INFO - Dependencies all met for <TaskInstance: brent_pricing_dag.drop_database_mysql_external_file manual__2021-12-09T20:22:55.310603+00:00 [queued]>
[2021-12-09 15:23:14,819] {taskinstance.py:1241} INFO - 
--------------------------------------------------------------------------------
[2021-12-09 15:23:14,819] {taskinstance.py:1242} INFO - Starting attempt 1 of 1
[2021-12-09 15:23:14,820] {taskinstance.py:1243} INFO - 
--------------------------------------------------------------------------------
[2021-12-09 15:23:14,832] {taskinstance.py:1262} INFO - Executing <Task(MySqlOperator): drop_database_mysql_external_file> on 2021-12-09 20:22:55.310603+00:00
[2021-12-09 15:23:14,835] {standard_task_runner.py:52} INFO - Started process 31076 to run task
[2021-12-09 15:23:14,841] {standard_task_runner.py:76} INFO - Running: ['airflow', 'tasks', 'run', 'brent_pricing_dag', 'drop_database_mysql_external_file', 'manual__2021-12-09T20:22:55.310603+00:00', '--job-id', '60', '--raw', '--subdir', 'DAGS_FOLDER/dag_brent_pricing.py', '--cfg-path', '/var/folders/b3/j_ybgjv53p33dy62wlktdr4m0000gp/T/tmptxinnkbx', '--error-file', '/var/folders/b3/j_ybgjv53p33dy62wlktdr4m0000gp/T/tmpiorcxr26']
[2021-12-09 15:23:14,844] {standard_task_runner.py:77} INFO - Job 60: Subtask drop_database_mysql_external_file
[2021-12-09 15:23:19,870] {logging_mixin.py:109} INFO - Running <TaskInstance: brent_pricing_dag.drop_database_mysql_external_file manual__2021-12-09T20:22:55.310603+00:00 [running]> on host zipcodes-MacBook-Pro-3.local
[2021-12-09 15:23:24,938] {taskinstance.py:1427} INFO - Exporting the following env vars:
AIRFLOW_CTX_DAG_EMAIL=keerthiballa@gmail.com
AIRFLOW_CTX_DAG_OWNER=airflow
AIRFLOW_CTX_DAG_ID=brent_pricing_dag
AIRFLOW_CTX_TASK_ID=drop_database_mysql_external_file
AIRFLOW_CTX_EXECUTION_DATE=2021-12-09T20:22:55.310603+00:00
AIRFLOW_CTX_DAG_RUN_ID=manual__2021-12-09T20:22:55.310603+00:00
[2021-12-09 15:23:24,940] {mysql.py:79} INFO - Executing: drop schema if exists brent_pricing_db
[2021-12-09 15:23:24,947] {base.py:70} INFO - Using connection to: id: mysql_default. Host: localhost, Port: None, Schema: , Login: ***mysqluser, Password: ***, extra: {}
[2021-12-09 15:23:25,070] {dbapi.py:225} INFO - Running statement: drop schema if exists brent_pricing_db, parameters: None
[2021-12-09 15:23:25,081] {dbapi.py:233} INFO - Rows affected: 0
[2021-12-09 15:23:25,087] {taskinstance.py:1270} INFO - Marking task as SUCCESS. dag_id=brent_pricing_dag, task_id=drop_database_mysql_external_file, execution_date=20211209T202255, start_date=20211209T202314, end_date=20211209T202325
[2021-12-09 15:23:25,122] {local_task_job.py:154} INFO - Task exited with return code 0
[2021-12-09 15:23:25,151] {local_task_job.py:264} INFO - 1 downstream tasks scheduled from follow-on schedule check
