[2021-11-30 21:59:07,918] {processor.py:163} INFO - Started process (PID=17443) to work on /Users/ballakeerthi/opt/anaconda3/envs/airflow/lib/python3.9/site-packages/airflow/example_dags/subdags/subdag.py
[2021-11-30 21:59:07,919] {processor.py:625} INFO - Processing file /Users/ballakeerthi/opt/anaconda3/envs/airflow/lib/python3.9/site-packages/airflow/example_dags/subdags/subdag.py for tasks to queue
[2021-11-30 21:59:07,919] {logging_mixin.py:109} INFO - [2021-11-30 21:59:07,919] {dagbag.py:500} INFO - Filling up the DagBag from /Users/ballakeerthi/opt/anaconda3/envs/airflow/lib/python3.9/site-packages/airflow/example_dags/subdags/subdag.py
[2021-11-30 21:59:07,950] {processor.py:639} WARNING - No viable dags retrieved from /Users/ballakeerthi/opt/anaconda3/envs/airflow/lib/python3.9/site-packages/airflow/example_dags/subdags/subdag.py
[2021-11-30 21:59:07,951] {processor.py:171} INFO - Processing /Users/ballakeerthi/opt/anaconda3/envs/airflow/lib/python3.9/site-packages/airflow/example_dags/subdags/subdag.py took 0.033 seconds
[2021-11-30 22:00:36,592] {processor.py:163} INFO - Started process (PID=17515) to work on /Users/ballakeerthi/opt/anaconda3/envs/airflow/lib/python3.9/site-packages/airflow/example_dags/subdags/subdag.py
[2021-11-30 22:00:36,593] {processor.py:625} INFO - Processing file /Users/ballakeerthi/opt/anaconda3/envs/airflow/lib/python3.9/site-packages/airflow/example_dags/subdags/subdag.py for tasks to queue
[2021-11-30 22:00:36,593] {logging_mixin.py:109} INFO - [2021-11-30 22:00:36,593] {dagbag.py:500} INFO - Filling up the DagBag from /Users/ballakeerthi/opt/anaconda3/envs/airflow/lib/python3.9/site-packages/airflow/example_dags/subdags/subdag.py
[2021-11-30 22:00:36,618] {processor.py:639} WARNING - No viable dags retrieved from /Users/ballakeerthi/opt/anaconda3/envs/airflow/lib/python3.9/site-packages/airflow/example_dags/subdags/subdag.py
[2021-11-30 22:00:36,620] {processor.py:171} INFO - Processing /Users/ballakeerthi/opt/anaconda3/envs/airflow/lib/python3.9/site-packages/airflow/example_dags/subdags/subdag.py took 0.028 seconds
[2021-11-30 22:01:28,026] {processor.py:163} INFO - Started process (PID=17538) to work on /Users/ballakeerthi/opt/anaconda3/envs/airflow/lib/python3.9/site-packages/airflow/example_dags/subdags/subdag.py
[2021-11-30 22:01:28,026] {processor.py:625} INFO - Processing file /Users/ballakeerthi/opt/anaconda3/envs/airflow/lib/python3.9/site-packages/airflow/example_dags/subdags/subdag.py for tasks to queue
[2021-11-30 22:01:28,027] {logging_mixin.py:109} INFO - [2021-11-30 22:01:28,027] {dagbag.py:500} INFO - Filling up the DagBag from /Users/ballakeerthi/opt/anaconda3/envs/airflow/lib/python3.9/site-packages/airflow/example_dags/subdags/subdag.py
[2021-11-30 22:01:28,050] {processor.py:639} WARNING - No viable dags retrieved from /Users/ballakeerthi/opt/anaconda3/envs/airflow/lib/python3.9/site-packages/airflow/example_dags/subdags/subdag.py
[2021-11-30 22:01:28,051] {processor.py:171} INFO - Processing /Users/ballakeerthi/opt/anaconda3/envs/airflow/lib/python3.9/site-packages/airflow/example_dags/subdags/subdag.py took 0.026 seconds
[2021-11-30 22:02:26,200] {processor.py:163} INFO - Started process (PID=17571) to work on /Users/ballakeerthi/opt/anaconda3/envs/airflow/lib/python3.9/site-packages/airflow/example_dags/subdags/subdag.py
[2021-11-30 22:02:26,200] {processor.py:625} INFO - Processing file /Users/ballakeerthi/opt/anaconda3/envs/airflow/lib/python3.9/site-packages/airflow/example_dags/subdags/subdag.py for tasks to queue
[2021-11-30 22:02:26,201] {logging_mixin.py:109} INFO - [2021-11-30 22:02:26,201] {dagbag.py:500} INFO - Filling up the DagBag from /Users/ballakeerthi/opt/anaconda3/envs/airflow/lib/python3.9/site-packages/airflow/example_dags/subdags/subdag.py
[2021-11-30 22:02:26,222] {processor.py:639} WARNING - No viable dags retrieved from /Users/ballakeerthi/opt/anaconda3/envs/airflow/lib/python3.9/site-packages/airflow/example_dags/subdags/subdag.py
[2021-11-30 22:02:26,224] {processor.py:171} INFO - Processing /Users/ballakeerthi/opt/anaconda3/envs/airflow/lib/python3.9/site-packages/airflow/example_dags/subdags/subdag.py took 0.025 seconds
[2021-11-30 22:03:22,145] {processor.py:163} INFO - Started process (PID=17605) to work on /Users/ballakeerthi/opt/anaconda3/envs/airflow/lib/python3.9/site-packages/airflow/example_dags/subdags/subdag.py
[2021-11-30 22:03:22,146] {processor.py:625} INFO - Processing file /Users/ballakeerthi/opt/anaconda3/envs/airflow/lib/python3.9/site-packages/airflow/example_dags/subdags/subdag.py for tasks to queue
[2021-11-30 22:03:22,146] {logging_mixin.py:109} INFO - [2021-11-30 22:03:22,146] {dagbag.py:500} INFO - Filling up the DagBag from /Users/ballakeerthi/opt/anaconda3/envs/airflow/lib/python3.9/site-packages/airflow/example_dags/subdags/subdag.py
[2021-11-30 22:03:22,172] {processor.py:639} WARNING - No viable dags retrieved from /Users/ballakeerthi/opt/anaconda3/envs/airflow/lib/python3.9/site-packages/airflow/example_dags/subdags/subdag.py
[2021-11-30 22:03:22,174] {processor.py:171} INFO - Processing /Users/ballakeerthi/opt/anaconda3/envs/airflow/lib/python3.9/site-packages/airflow/example_dags/subdags/subdag.py took 0.029 seconds
[2021-11-30 22:04:11,118] {processor.py:163} INFO - Started process (PID=17627) to work on /Users/ballakeerthi/opt/anaconda3/envs/airflow/lib/python3.9/site-packages/airflow/example_dags/subdags/subdag.py
[2021-11-30 22:04:11,119] {processor.py:625} INFO - Processing file /Users/ballakeerthi/opt/anaconda3/envs/airflow/lib/python3.9/site-packages/airflow/example_dags/subdags/subdag.py for tasks to queue
[2021-11-30 22:04:11,120] {logging_mixin.py:109} INFO - [2021-11-30 22:04:11,120] {dagbag.py:500} INFO - Filling up the DagBag from /Users/ballakeerthi/opt/anaconda3/envs/airflow/lib/python3.9/site-packages/airflow/example_dags/subdags/subdag.py
[2021-11-30 22:04:11,142] {processor.py:639} WARNING - No viable dags retrieved from /Users/ballakeerthi/opt/anaconda3/envs/airflow/lib/python3.9/site-packages/airflow/example_dags/subdags/subdag.py
[2021-11-30 22:04:11,144] {processor.py:171} INFO - Processing /Users/ballakeerthi/opt/anaconda3/envs/airflow/lib/python3.9/site-packages/airflow/example_dags/subdags/subdag.py took 0.026 seconds
[2021-11-30 22:05:00,342] {processor.py:163} INFO - Started process (PID=17668) to work on /Users/ballakeerthi/opt/anaconda3/envs/airflow/lib/python3.9/site-packages/airflow/example_dags/subdags/subdag.py
[2021-11-30 22:05:00,343] {processor.py:625} INFO - Processing file /Users/ballakeerthi/opt/anaconda3/envs/airflow/lib/python3.9/site-packages/airflow/example_dags/subdags/subdag.py for tasks to queue
[2021-11-30 22:05:00,343] {logging_mixin.py:109} INFO - [2021-11-30 22:05:00,343] {dagbag.py:500} INFO - Filling up the DagBag from /Users/ballakeerthi/opt/anaconda3/envs/airflow/lib/python3.9/site-packages/airflow/example_dags/subdags/subdag.py
[2021-11-30 22:05:00,366] {processor.py:639} WARNING - No viable dags retrieved from /Users/ballakeerthi/opt/anaconda3/envs/airflow/lib/python3.9/site-packages/airflow/example_dags/subdags/subdag.py
[2021-11-30 22:05:00,368] {processor.py:171} INFO - Processing /Users/ballakeerthi/opt/anaconda3/envs/airflow/lib/python3.9/site-packages/airflow/example_dags/subdags/subdag.py took 0.027 seconds
[2021-11-30 22:05:55,087] {processor.py:163} INFO - Started process (PID=17690) to work on /Users/ballakeerthi/opt/anaconda3/envs/airflow/lib/python3.9/site-packages/airflow/example_dags/subdags/subdag.py
[2021-11-30 22:05:55,092] {processor.py:625} INFO - Processing file /Users/ballakeerthi/opt/anaconda3/envs/airflow/lib/python3.9/site-packages/airflow/example_dags/subdags/subdag.py for tasks to queue
[2021-11-30 22:05:55,093] {logging_mixin.py:109} INFO - [2021-11-30 22:05:55,093] {dagbag.py:500} INFO - Filling up the DagBag from /Users/ballakeerthi/opt/anaconda3/envs/airflow/lib/python3.9/site-packages/airflow/example_dags/subdags/subdag.py
[2021-11-30 22:05:55,123] {processor.py:639} WARNING - No viable dags retrieved from /Users/ballakeerthi/opt/anaconda3/envs/airflow/lib/python3.9/site-packages/airflow/example_dags/subdags/subdag.py
[2021-11-30 22:05:55,125] {processor.py:171} INFO - Processing /Users/ballakeerthi/opt/anaconda3/envs/airflow/lib/python3.9/site-packages/airflow/example_dags/subdags/subdag.py took 0.039 seconds
[2021-11-30 22:06:57,969] {processor.py:163} INFO - Started process (PID=17715) to work on /Users/ballakeerthi/opt/anaconda3/envs/airflow/lib/python3.9/site-packages/airflow/example_dags/subdags/subdag.py
[2021-11-30 22:06:57,970] {processor.py:625} INFO - Processing file /Users/ballakeerthi/opt/anaconda3/envs/airflow/lib/python3.9/site-packages/airflow/example_dags/subdags/subdag.py for tasks to queue
[2021-11-30 22:06:57,970] {logging_mixin.py:109} INFO - [2021-11-30 22:06:57,970] {dagbag.py:500} INFO - Filling up the DagBag from /Users/ballakeerthi/opt/anaconda3/envs/airflow/lib/python3.9/site-packages/airflow/example_dags/subdags/subdag.py
[2021-11-30 22:06:57,994] {processor.py:639} WARNING - No viable dags retrieved from /Users/ballakeerthi/opt/anaconda3/envs/airflow/lib/python3.9/site-packages/airflow/example_dags/subdags/subdag.py
[2021-11-30 22:06:57,995] {processor.py:171} INFO - Processing /Users/ballakeerthi/opt/anaconda3/envs/airflow/lib/python3.9/site-packages/airflow/example_dags/subdags/subdag.py took 0.028 seconds
[2021-11-30 22:07:59,567] {processor.py:163} INFO - Started process (PID=17739) to work on /Users/ballakeerthi/opt/anaconda3/envs/airflow/lib/python3.9/site-packages/airflow/example_dags/subdags/subdag.py
[2021-11-30 22:07:59,568] {processor.py:625} INFO - Processing file /Users/ballakeerthi/opt/anaconda3/envs/airflow/lib/python3.9/site-packages/airflow/example_dags/subdags/subdag.py for tasks to queue
[2021-11-30 22:07:59,568] {logging_mixin.py:109} INFO - [2021-11-30 22:07:59,568] {dagbag.py:500} INFO - Filling up the DagBag from /Users/ballakeerthi/opt/anaconda3/envs/airflow/lib/python3.9/site-packages/airflow/example_dags/subdags/subdag.py
[2021-11-30 22:07:59,613] {processor.py:639} WARNING - No viable dags retrieved from /Users/ballakeerthi/opt/anaconda3/envs/airflow/lib/python3.9/site-packages/airflow/example_dags/subdags/subdag.py
[2021-11-30 22:07:59,615] {processor.py:171} INFO - Processing /Users/ballakeerthi/opt/anaconda3/envs/airflow/lib/python3.9/site-packages/airflow/example_dags/subdags/subdag.py took 0.049 seconds
[2021-11-30 22:09:11,689] {processor.py:163} INFO - Started process (PID=17767) to work on /Users/ballakeerthi/opt/anaconda3/envs/airflow/lib/python3.9/site-packages/airflow/example_dags/subdags/subdag.py
[2021-11-30 22:09:11,690] {processor.py:625} INFO - Processing file /Users/ballakeerthi/opt/anaconda3/envs/airflow/lib/python3.9/site-packages/airflow/example_dags/subdags/subdag.py for tasks to queue
[2021-11-30 22:09:11,690] {logging_mixin.py:109} INFO - [2021-11-30 22:09:11,690] {dagbag.py:500} INFO - Filling up the DagBag from /Users/ballakeerthi/opt/anaconda3/envs/airflow/lib/python3.9/site-packages/airflow/example_dags/subdags/subdag.py
[2021-11-30 22:09:11,710] {processor.py:639} WARNING - No viable dags retrieved from /Users/ballakeerthi/opt/anaconda3/envs/airflow/lib/python3.9/site-packages/airflow/example_dags/subdags/subdag.py
[2021-11-30 22:09:11,711] {processor.py:171} INFO - Processing /Users/ballakeerthi/opt/anaconda3/envs/airflow/lib/python3.9/site-packages/airflow/example_dags/subdags/subdag.py took 0.023 seconds
