[2021-12-07 10:55:47,631] {processor.py:163} INFO - Started process (PID=2696) to work on /Users/ballakeerthi/opt/anaconda3/envs/airflow/lib/python3.9/site-packages/airflow/example_dags/example_task_group.py
[2021-12-07 10:55:47,631] {processor.py:625} INFO - Processing file /Users/ballakeerthi/opt/anaconda3/envs/airflow/lib/python3.9/site-packages/airflow/example_dags/example_task_group.py for tasks to queue
[2021-12-07 10:55:47,633] {logging_mixin.py:109} INFO - [2021-12-07 10:55:47,633] {dagbag.py:500} INFO - Filling up the DagBag from /Users/ballakeerthi/opt/anaconda3/envs/airflow/lib/python3.9/site-packages/airflow/example_dags/example_task_group.py
[2021-12-07 10:55:47,671] {processor.py:637} INFO - DAG(s) dict_keys(['example_task_group']) retrieved from /Users/ballakeerthi/opt/anaconda3/envs/airflow/lib/python3.9/site-packages/airflow/example_dags/example_task_group.py
[2021-12-07 10:55:47,688] {logging_mixin.py:109} INFO - [2021-12-07 10:55:47,688] {dag.py:2396} INFO - Sync 1 DAGs
[2021-12-07 10:55:47,697] {logging_mixin.py:109} INFO - [2021-12-07 10:55:47,697] {dag.py:2928} INFO - Setting next_dagrun for example_task_group to 2021-12-06T15:55:47.697416+00:00
[2021-12-07 10:55:47,706] {processor.py:171} INFO - Processing /Users/ballakeerthi/opt/anaconda3/envs/airflow/lib/python3.9/site-packages/airflow/example_dags/example_task_group.py took 0.076 seconds
[2021-12-07 10:57:38,887] {processor.py:163} INFO - Started process (PID=2788) to work on /Users/ballakeerthi/opt/anaconda3/envs/airflow/lib/python3.9/site-packages/airflow/example_dags/example_task_group.py
[2021-12-07 10:57:38,888] {processor.py:625} INFO - Processing file /Users/ballakeerthi/opt/anaconda3/envs/airflow/lib/python3.9/site-packages/airflow/example_dags/example_task_group.py for tasks to queue
[2021-12-07 10:57:38,890] {logging_mixin.py:109} INFO - [2021-12-07 10:57:38,890] {dagbag.py:500} INFO - Filling up the DagBag from /Users/ballakeerthi/opt/anaconda3/envs/airflow/lib/python3.9/site-packages/airflow/example_dags/example_task_group.py
[2021-12-07 10:57:38,926] {processor.py:637} INFO - DAG(s) dict_keys(['example_task_group']) retrieved from /Users/ballakeerthi/opt/anaconda3/envs/airflow/lib/python3.9/site-packages/airflow/example_dags/example_task_group.py
[2021-12-07 10:57:38,946] {logging_mixin.py:109} INFO - [2021-12-07 10:57:38,945] {dag.py:2396} INFO - Sync 1 DAGs
[2021-12-07 10:57:38,956] {logging_mixin.py:109} INFO - [2021-12-07 10:57:38,956] {dag.py:2928} INFO - Setting next_dagrun for example_task_group to 2021-12-06T15:57:38.956298+00:00
[2021-12-07 10:57:38,964] {processor.py:171} INFO - Processing /Users/ballakeerthi/opt/anaconda3/envs/airflow/lib/python3.9/site-packages/airflow/example_dags/example_task_group.py took 0.077 seconds
[2021-12-07 11:01:42,361] {processor.py:163} INFO - Started process (PID=3243) to work on /Users/ballakeerthi/opt/anaconda3/envs/airflow/lib/python3.9/site-packages/airflow/example_dags/example_task_group.py
[2021-12-07 11:01:42,362] {processor.py:625} INFO - Processing file /Users/ballakeerthi/opt/anaconda3/envs/airflow/lib/python3.9/site-packages/airflow/example_dags/example_task_group.py for tasks to queue
[2021-12-07 11:01:42,363] {logging_mixin.py:109} INFO - [2021-12-07 11:01:42,363] {dagbag.py:500} INFO - Filling up the DagBag from /Users/ballakeerthi/opt/anaconda3/envs/airflow/lib/python3.9/site-packages/airflow/example_dags/example_task_group.py
[2021-12-07 11:01:42,396] {processor.py:637} INFO - DAG(s) dict_keys(['example_task_group']) retrieved from /Users/ballakeerthi/opt/anaconda3/envs/airflow/lib/python3.9/site-packages/airflow/example_dags/example_task_group.py
[2021-12-07 11:01:42,413] {logging_mixin.py:109} INFO - [2021-12-07 11:01:42,413] {dag.py:2396} INFO - Sync 1 DAGs
[2021-12-07 11:01:42,422] {logging_mixin.py:109} INFO - [2021-12-07 11:01:42,421] {dag.py:2928} INFO - Setting next_dagrun for example_task_group to 2021-12-06T16:01:42.421817+00:00
[2021-12-07 11:01:42,429] {processor.py:171} INFO - Processing /Users/ballakeerthi/opt/anaconda3/envs/airflow/lib/python3.9/site-packages/airflow/example_dags/example_task_group.py took 0.068 seconds
[2021-12-07 11:03:28,179] {processor.py:163} INFO - Started process (PID=3426) to work on /Users/ballakeerthi/opt/anaconda3/envs/airflow/lib/python3.9/site-packages/airflow/example_dags/example_task_group.py
[2021-12-07 11:03:28,180] {processor.py:625} INFO - Processing file /Users/ballakeerthi/opt/anaconda3/envs/airflow/lib/python3.9/site-packages/airflow/example_dags/example_task_group.py for tasks to queue
[2021-12-07 11:03:28,181] {logging_mixin.py:109} INFO - [2021-12-07 11:03:28,181] {dagbag.py:500} INFO - Filling up the DagBag from /Users/ballakeerthi/opt/anaconda3/envs/airflow/lib/python3.9/site-packages/airflow/example_dags/example_task_group.py
[2021-12-07 11:03:28,212] {processor.py:637} INFO - DAG(s) dict_keys(['example_task_group']) retrieved from /Users/ballakeerthi/opt/anaconda3/envs/airflow/lib/python3.9/site-packages/airflow/example_dags/example_task_group.py
[2021-12-07 11:03:28,228] {logging_mixin.py:109} INFO - [2021-12-07 11:03:28,227] {dag.py:2396} INFO - Sync 1 DAGs
[2021-12-07 11:03:28,236] {logging_mixin.py:109} INFO - [2021-12-07 11:03:28,236] {dag.py:2928} INFO - Setting next_dagrun for example_task_group to 2021-12-06T16:03:28.236033+00:00
[2021-12-07 11:03:28,241] {processor.py:171} INFO - Processing /Users/ballakeerthi/opt/anaconda3/envs/airflow/lib/python3.9/site-packages/airflow/example_dags/example_task_group.py took 0.063 seconds
[2021-12-07 11:05:59,607] {processor.py:163} INFO - Started process (PID=3531) to work on /Users/ballakeerthi/opt/anaconda3/envs/airflow/lib/python3.9/site-packages/airflow/example_dags/example_task_group.py
[2021-12-07 11:05:59,612] {processor.py:625} INFO - Processing file /Users/ballakeerthi/opt/anaconda3/envs/airflow/lib/python3.9/site-packages/airflow/example_dags/example_task_group.py for tasks to queue
[2021-12-07 11:05:59,615] {logging_mixin.py:109} INFO - [2021-12-07 11:05:59,614] {dagbag.py:500} INFO - Filling up the DagBag from /Users/ballakeerthi/opt/anaconda3/envs/airflow/lib/python3.9/site-packages/airflow/example_dags/example_task_group.py
[2021-12-07 11:05:59,645] {processor.py:637} INFO - DAG(s) dict_keys(['example_task_group']) retrieved from /Users/ballakeerthi/opt/anaconda3/envs/airflow/lib/python3.9/site-packages/airflow/example_dags/example_task_group.py
[2021-12-07 11:05:59,659] {logging_mixin.py:109} INFO - [2021-12-07 11:05:59,659] {dag.py:2396} INFO - Sync 1 DAGs
[2021-12-07 11:05:59,667] {logging_mixin.py:109} INFO - [2021-12-07 11:05:59,667] {dag.py:2928} INFO - Setting next_dagrun for example_task_group to 2021-12-06T16:05:59.667457+00:00
[2021-12-07 11:05:59,676] {processor.py:171} INFO - Processing /Users/ballakeerthi/opt/anaconda3/envs/airflow/lib/python3.9/site-packages/airflow/example_dags/example_task_group.py took 0.070 seconds
[2021-12-07 11:08:42,074] {processor.py:163} INFO - Started process (PID=3598) to work on /Users/ballakeerthi/opt/anaconda3/lib/python3.8/site-packages/airflow/example_dags/example_task_group.py
[2021-12-07 11:08:42,080] {processor.py:625} INFO - Processing file /Users/ballakeerthi/opt/anaconda3/lib/python3.8/site-packages/airflow/example_dags/example_task_group.py for tasks to queue
[2021-12-07 11:08:42,081] {logging_mixin.py:109} INFO - [2021-12-07 11:08:42,081] {dagbag.py:500} INFO - Filling up the DagBag from /Users/ballakeerthi/opt/anaconda3/lib/python3.8/site-packages/airflow/example_dags/example_task_group.py
[2021-12-07 11:08:42,115] {processor.py:637} INFO - DAG(s) dict_keys(['example_task_group']) retrieved from /Users/ballakeerthi/opt/anaconda3/lib/python3.8/site-packages/airflow/example_dags/example_task_group.py
[2021-12-07 11:08:42,335] {logging_mixin.py:109} INFO - [2021-12-07 11:08:42,334] {dag.py:2396} INFO - Sync 1 DAGs
[2021-12-07 11:08:42,343] {logging_mixin.py:109} INFO - [2021-12-07 11:08:42,342] {dag.py:2928} INFO - Setting next_dagrun for example_task_group to 2021-12-06T16:08:42.342745+00:00
[2021-12-07 11:08:42,353] {processor.py:171} INFO - Processing /Users/ballakeerthi/opt/anaconda3/lib/python3.8/site-packages/airflow/example_dags/example_task_group.py took 0.279 seconds
[2021-12-07 11:10:47,062] {processor.py:163} INFO - Started process (PID=3686) to work on /Users/ballakeerthi/opt/anaconda3/lib/python3.8/site-packages/airflow/example_dags/example_task_group.py
[2021-12-07 11:10:47,063] {processor.py:625} INFO - Processing file /Users/ballakeerthi/opt/anaconda3/lib/python3.8/site-packages/airflow/example_dags/example_task_group.py for tasks to queue
[2021-12-07 11:10:47,064] {logging_mixin.py:109} INFO - [2021-12-07 11:10:47,064] {dagbag.py:500} INFO - Filling up the DagBag from /Users/ballakeerthi/opt/anaconda3/lib/python3.8/site-packages/airflow/example_dags/example_task_group.py
[2021-12-07 11:10:47,113] {processor.py:637} INFO - DAG(s) dict_keys(['example_task_group']) retrieved from /Users/ballakeerthi/opt/anaconda3/lib/python3.8/site-packages/airflow/example_dags/example_task_group.py
[2021-12-07 11:10:47,141] {logging_mixin.py:109} INFO - [2021-12-07 11:10:47,140] {dag.py:2396} INFO - Sync 1 DAGs
[2021-12-07 11:10:47,155] {logging_mixin.py:109} INFO - [2021-12-07 11:10:47,155] {dag.py:2928} INFO - Setting next_dagrun for example_task_group to 2021-12-06T16:10:47.155318+00:00
[2021-12-07 11:10:47,165] {processor.py:171} INFO - Processing /Users/ballakeerthi/opt/anaconda3/lib/python3.8/site-packages/airflow/example_dags/example_task_group.py took 0.103 seconds
[2021-12-07 11:12:16,835] {processor.py:163} INFO - Started process (PID=3753) to work on /Users/ballakeerthi/opt/anaconda3/lib/python3.8/site-packages/airflow/example_dags/example_task_group.py
[2021-12-07 11:12:16,841] {processor.py:625} INFO - Processing file /Users/ballakeerthi/opt/anaconda3/lib/python3.8/site-packages/airflow/example_dags/example_task_group.py for tasks to queue
[2021-12-07 11:12:16,841] {logging_mixin.py:109} INFO - [2021-12-07 11:12:16,841] {dagbag.py:500} INFO - Filling up the DagBag from /Users/ballakeerthi/opt/anaconda3/lib/python3.8/site-packages/airflow/example_dags/example_task_group.py
[2021-12-07 11:12:16,872] {processor.py:637} INFO - DAG(s) dict_keys(['example_task_group']) retrieved from /Users/ballakeerthi/opt/anaconda3/lib/python3.8/site-packages/airflow/example_dags/example_task_group.py
[2021-12-07 11:12:16,887] {logging_mixin.py:109} INFO - [2021-12-07 11:12:16,887] {dag.py:2396} INFO - Sync 1 DAGs
[2021-12-07 11:12:16,894] {logging_mixin.py:109} INFO - [2021-12-07 11:12:16,894] {dag.py:2928} INFO - Setting next_dagrun for example_task_group to 2021-12-06T16:12:16.894622+00:00
[2021-12-07 11:12:16,903] {processor.py:171} INFO - Processing /Users/ballakeerthi/opt/anaconda3/lib/python3.8/site-packages/airflow/example_dags/example_task_group.py took 0.068 seconds
[2021-12-07 11:13:40,818] {processor.py:163} INFO - Started process (PID=3814) to work on /Users/ballakeerthi/opt/anaconda3/lib/python3.8/site-packages/airflow/example_dags/example_task_group.py
[2021-12-07 11:13:40,818] {processor.py:625} INFO - Processing file /Users/ballakeerthi/opt/anaconda3/lib/python3.8/site-packages/airflow/example_dags/example_task_group.py for tasks to queue
[2021-12-07 11:13:40,819] {logging_mixin.py:109} INFO - [2021-12-07 11:13:40,819] {dagbag.py:500} INFO - Filling up the DagBag from /Users/ballakeerthi/opt/anaconda3/lib/python3.8/site-packages/airflow/example_dags/example_task_group.py
[2021-12-07 11:13:40,851] {processor.py:637} INFO - DAG(s) dict_keys(['example_task_group']) retrieved from /Users/ballakeerthi/opt/anaconda3/lib/python3.8/site-packages/airflow/example_dags/example_task_group.py
[2021-12-07 11:13:40,867] {logging_mixin.py:109} INFO - [2021-12-07 11:13:40,867] {dag.py:2396} INFO - Sync 1 DAGs
[2021-12-07 11:13:40,874] {logging_mixin.py:109} INFO - [2021-12-07 11:13:40,874] {dag.py:2928} INFO - Setting next_dagrun for example_task_group to 2021-12-06T16:13:40.874151+00:00
[2021-12-07 11:13:40,882] {processor.py:171} INFO - Processing /Users/ballakeerthi/opt/anaconda3/lib/python3.8/site-packages/airflow/example_dags/example_task_group.py took 0.064 seconds
[2021-12-07 11:15:03,807] {processor.py:163} INFO - Started process (PID=3873) to work on /Users/ballakeerthi/opt/anaconda3/lib/python3.8/site-packages/airflow/example_dags/example_task_group.py
[2021-12-07 11:15:03,807] {processor.py:625} INFO - Processing file /Users/ballakeerthi/opt/anaconda3/lib/python3.8/site-packages/airflow/example_dags/example_task_group.py for tasks to queue
[2021-12-07 11:15:03,808] {logging_mixin.py:109} INFO - [2021-12-07 11:15:03,808] {dagbag.py:500} INFO - Filling up the DagBag from /Users/ballakeerthi/opt/anaconda3/lib/python3.8/site-packages/airflow/example_dags/example_task_group.py
[2021-12-07 11:15:03,840] {processor.py:637} INFO - DAG(s) dict_keys(['example_task_group']) retrieved from /Users/ballakeerthi/opt/anaconda3/lib/python3.8/site-packages/airflow/example_dags/example_task_group.py
[2021-12-07 11:15:03,855] {logging_mixin.py:109} INFO - [2021-12-07 11:15:03,855] {dag.py:2396} INFO - Sync 1 DAGs
[2021-12-07 11:15:03,862] {logging_mixin.py:109} INFO - [2021-12-07 11:15:03,862] {dag.py:2928} INFO - Setting next_dagrun for example_task_group to 2021-12-06T16:15:03.862444+00:00
[2021-12-07 11:15:03,868] {processor.py:171} INFO - Processing /Users/ballakeerthi/opt/anaconda3/lib/python3.8/site-packages/airflow/example_dags/example_task_group.py took 0.061 seconds
[2021-12-07 11:16:21,555] {processor.py:163} INFO - Started process (PID=3928) to work on /Users/ballakeerthi/opt/anaconda3/lib/python3.8/site-packages/airflow/example_dags/example_task_group.py
[2021-12-07 11:16:21,561] {processor.py:625} INFO - Processing file /Users/ballakeerthi/opt/anaconda3/lib/python3.8/site-packages/airflow/example_dags/example_task_group.py for tasks to queue
[2021-12-07 11:16:21,561] {logging_mixin.py:109} INFO - [2021-12-07 11:16:21,561] {dagbag.py:500} INFO - Filling up the DagBag from /Users/ballakeerthi/opt/anaconda3/lib/python3.8/site-packages/airflow/example_dags/example_task_group.py
[2021-12-07 11:16:21,591] {processor.py:637} INFO - DAG(s) dict_keys(['example_task_group']) retrieved from /Users/ballakeerthi/opt/anaconda3/lib/python3.8/site-packages/airflow/example_dags/example_task_group.py
[2021-12-07 11:16:21,606] {logging_mixin.py:109} INFO - [2021-12-07 11:16:21,606] {dag.py:2396} INFO - Sync 1 DAGs
[2021-12-07 11:16:21,613] {logging_mixin.py:109} INFO - [2021-12-07 11:16:21,613] {dag.py:2928} INFO - Setting next_dagrun for example_task_group to 2021-12-06T16:16:21.613391+00:00
[2021-12-07 11:16:21,623] {processor.py:171} INFO - Processing /Users/ballakeerthi/opt/anaconda3/lib/python3.8/site-packages/airflow/example_dags/example_task_group.py took 0.068 seconds
[2021-12-07 11:17:42,371] {processor.py:163} INFO - Started process (PID=3983) to work on /Users/ballakeerthi/opt/anaconda3/lib/python3.8/site-packages/airflow/example_dags/example_task_group.py
[2021-12-07 11:17:42,377] {processor.py:625} INFO - Processing file /Users/ballakeerthi/opt/anaconda3/lib/python3.8/site-packages/airflow/example_dags/example_task_group.py for tasks to queue
[2021-12-07 11:17:42,378] {logging_mixin.py:109} INFO - [2021-12-07 11:17:42,378] {dagbag.py:500} INFO - Filling up the DagBag from /Users/ballakeerthi/opt/anaconda3/lib/python3.8/site-packages/airflow/example_dags/example_task_group.py
[2021-12-07 11:17:42,411] {processor.py:637} INFO - DAG(s) dict_keys(['example_task_group']) retrieved from /Users/ballakeerthi/opt/anaconda3/lib/python3.8/site-packages/airflow/example_dags/example_task_group.py
[2021-12-07 11:17:42,428] {logging_mixin.py:109} INFO - [2021-12-07 11:17:42,428] {dag.py:2396} INFO - Sync 1 DAGs
[2021-12-07 11:17:42,436] {logging_mixin.py:109} INFO - [2021-12-07 11:17:42,436] {dag.py:2928} INFO - Setting next_dagrun for example_task_group to 2021-12-06T16:17:42.436352+00:00
[2021-12-07 11:17:42,445] {processor.py:171} INFO - Processing /Users/ballakeerthi/opt/anaconda3/lib/python3.8/site-packages/airflow/example_dags/example_task_group.py took 0.074 seconds
[2021-12-07 11:18:57,200] {processor.py:163} INFO - Started process (PID=4037) to work on /Users/ballakeerthi/opt/anaconda3/lib/python3.8/site-packages/airflow/example_dags/example_task_group.py
[2021-12-07 11:18:57,200] {processor.py:625} INFO - Processing file /Users/ballakeerthi/opt/anaconda3/lib/python3.8/site-packages/airflow/example_dags/example_task_group.py for tasks to queue
[2021-12-07 11:18:57,201] {logging_mixin.py:109} INFO - [2021-12-07 11:18:57,201] {dagbag.py:500} INFO - Filling up the DagBag from /Users/ballakeerthi/opt/anaconda3/lib/python3.8/site-packages/airflow/example_dags/example_task_group.py
[2021-12-07 11:18:57,230] {processor.py:637} INFO - DAG(s) dict_keys(['example_task_group']) retrieved from /Users/ballakeerthi/opt/anaconda3/lib/python3.8/site-packages/airflow/example_dags/example_task_group.py
[2021-12-07 11:18:57,246] {logging_mixin.py:109} INFO - [2021-12-07 11:18:57,246] {dag.py:2396} INFO - Sync 1 DAGs
[2021-12-07 11:18:57,253] {logging_mixin.py:109} INFO - [2021-12-07 11:18:57,253] {dag.py:2928} INFO - Setting next_dagrun for example_task_group to 2021-12-06T16:18:57.253794+00:00
[2021-12-07 11:18:57,262] {processor.py:171} INFO - Processing /Users/ballakeerthi/opt/anaconda3/lib/python3.8/site-packages/airflow/example_dags/example_task_group.py took 0.063 seconds
[2021-12-07 11:20:19,207] {processor.py:163} INFO - Started process (PID=4104) to work on /Users/ballakeerthi/opt/anaconda3/lib/python3.8/site-packages/airflow/example_dags/example_task_group.py
[2021-12-07 11:20:19,208] {processor.py:625} INFO - Processing file /Users/ballakeerthi/opt/anaconda3/lib/python3.8/site-packages/airflow/example_dags/example_task_group.py for tasks to queue
[2021-12-07 11:20:19,208] {logging_mixin.py:109} INFO - [2021-12-07 11:20:19,208] {dagbag.py:500} INFO - Filling up the DagBag from /Users/ballakeerthi/opt/anaconda3/lib/python3.8/site-packages/airflow/example_dags/example_task_group.py
[2021-12-07 11:20:19,248] {processor.py:637} INFO - DAG(s) dict_keys(['example_task_group']) retrieved from /Users/ballakeerthi/opt/anaconda3/lib/python3.8/site-packages/airflow/example_dags/example_task_group.py
[2021-12-07 11:20:19,265] {logging_mixin.py:109} INFO - [2021-12-07 11:20:19,265] {dag.py:2396} INFO - Sync 1 DAGs
[2021-12-07 11:20:19,277] {logging_mixin.py:109} INFO - [2021-12-07 11:20:19,277] {dag.py:2928} INFO - Setting next_dagrun for example_task_group to 2021-12-06T16:20:19.277228+00:00
[2021-12-07 11:20:19,285] {processor.py:171} INFO - Processing /Users/ballakeerthi/opt/anaconda3/lib/python3.8/site-packages/airflow/example_dags/example_task_group.py took 0.079 seconds
[2021-12-07 11:21:47,476] {processor.py:163} INFO - Started process (PID=4188) to work on /Users/ballakeerthi/opt/anaconda3/lib/python3.8/site-packages/airflow/example_dags/example_task_group.py
[2021-12-07 11:21:47,481] {processor.py:625} INFO - Processing file /Users/ballakeerthi/opt/anaconda3/lib/python3.8/site-packages/airflow/example_dags/example_task_group.py for tasks to queue
[2021-12-07 11:21:47,482] {logging_mixin.py:109} INFO - [2021-12-07 11:21:47,482] {dagbag.py:500} INFO - Filling up the DagBag from /Users/ballakeerthi/opt/anaconda3/lib/python3.8/site-packages/airflow/example_dags/example_task_group.py
[2021-12-07 11:21:47,515] {processor.py:637} INFO - DAG(s) dict_keys(['example_task_group']) retrieved from /Users/ballakeerthi/opt/anaconda3/lib/python3.8/site-packages/airflow/example_dags/example_task_group.py
[2021-12-07 11:21:47,530] {logging_mixin.py:109} INFO - [2021-12-07 11:21:47,530] {dag.py:2396} INFO - Sync 1 DAGs
[2021-12-07 11:21:47,537] {logging_mixin.py:109} INFO - [2021-12-07 11:21:47,537] {dag.py:2928} INFO - Setting next_dagrun for example_task_group to 2021-12-06T16:21:47.537039+00:00
[2021-12-07 11:21:47,545] {processor.py:171} INFO - Processing /Users/ballakeerthi/opt/anaconda3/lib/python3.8/site-packages/airflow/example_dags/example_task_group.py took 0.070 seconds
[2021-12-07 11:23:08,595] {processor.py:163} INFO - Started process (PID=4255) to work on /Users/ballakeerthi/opt/anaconda3/lib/python3.8/site-packages/airflow/example_dags/example_task_group.py
[2021-12-07 11:23:08,601] {processor.py:625} INFO - Processing file /Users/ballakeerthi/opt/anaconda3/lib/python3.8/site-packages/airflow/example_dags/example_task_group.py for tasks to queue
[2021-12-07 11:23:08,601] {logging_mixin.py:109} INFO - [2021-12-07 11:23:08,601] {dagbag.py:500} INFO - Filling up the DagBag from /Users/ballakeerthi/opt/anaconda3/lib/python3.8/site-packages/airflow/example_dags/example_task_group.py
[2021-12-07 11:23:08,634] {processor.py:637} INFO - DAG(s) dict_keys(['example_task_group']) retrieved from /Users/ballakeerthi/opt/anaconda3/lib/python3.8/site-packages/airflow/example_dags/example_task_group.py
[2021-12-07 11:23:08,652] {logging_mixin.py:109} INFO - [2021-12-07 11:23:08,652] {dag.py:2396} INFO - Sync 1 DAGs
[2021-12-07 11:23:08,661] {logging_mixin.py:109} INFO - [2021-12-07 11:23:08,661] {dag.py:2928} INFO - Setting next_dagrun for example_task_group to 2021-12-06T16:23:08.660999+00:00
[2021-12-07 11:23:08,670] {processor.py:171} INFO - Processing /Users/ballakeerthi/opt/anaconda3/lib/python3.8/site-packages/airflow/example_dags/example_task_group.py took 0.075 seconds
[2021-12-07 11:24:28,732] {processor.py:163} INFO - Started process (PID=4317) to work on /Users/ballakeerthi/opt/anaconda3/lib/python3.8/site-packages/airflow/example_dags/example_task_group.py
[2021-12-07 11:24:28,738] {processor.py:625} INFO - Processing file /Users/ballakeerthi/opt/anaconda3/lib/python3.8/site-packages/airflow/example_dags/example_task_group.py for tasks to queue
[2021-12-07 11:24:28,739] {logging_mixin.py:109} INFO - [2021-12-07 11:24:28,739] {dagbag.py:500} INFO - Filling up the DagBag from /Users/ballakeerthi/opt/anaconda3/lib/python3.8/site-packages/airflow/example_dags/example_task_group.py
[2021-12-07 11:24:28,770] {processor.py:637} INFO - DAG(s) dict_keys(['example_task_group']) retrieved from /Users/ballakeerthi/opt/anaconda3/lib/python3.8/site-packages/airflow/example_dags/example_task_group.py
[2021-12-07 11:24:28,788] {logging_mixin.py:109} INFO - [2021-12-07 11:24:28,788] {dag.py:2396} INFO - Sync 1 DAGs
[2021-12-07 11:24:28,797] {logging_mixin.py:109} INFO - [2021-12-07 11:24:28,797] {dag.py:2928} INFO - Setting next_dagrun for example_task_group to 2021-12-06T16:24:28.797435+00:00
[2021-12-07 11:24:28,807] {processor.py:171} INFO - Processing /Users/ballakeerthi/opt/anaconda3/lib/python3.8/site-packages/airflow/example_dags/example_task_group.py took 0.076 seconds
[2021-12-07 11:25:58,952] {processor.py:163} INFO - Started process (PID=4378) to work on /Users/ballakeerthi/opt/anaconda3/lib/python3.8/site-packages/airflow/example_dags/example_task_group.py
[2021-12-07 11:25:58,953] {processor.py:625} INFO - Processing file /Users/ballakeerthi/opt/anaconda3/lib/python3.8/site-packages/airflow/example_dags/example_task_group.py for tasks to queue
[2021-12-07 11:25:58,953] {logging_mixin.py:109} INFO - [2021-12-07 11:25:58,953] {dagbag.py:500} INFO - Filling up the DagBag from /Users/ballakeerthi/opt/anaconda3/lib/python3.8/site-packages/airflow/example_dags/example_task_group.py
[2021-12-07 11:25:58,989] {processor.py:637} INFO - DAG(s) dict_keys(['example_task_group']) retrieved from /Users/ballakeerthi/opt/anaconda3/lib/python3.8/site-packages/airflow/example_dags/example_task_group.py
[2021-12-07 11:25:59,006] {logging_mixin.py:109} INFO - [2021-12-07 11:25:59,005] {dag.py:2396} INFO - Sync 1 DAGs
[2021-12-07 11:25:59,013] {logging_mixin.py:109} INFO - [2021-12-07 11:25:59,013] {dag.py:2928} INFO - Setting next_dagrun for example_task_group to 2021-12-06T16:25:59.013595+00:00
[2021-12-07 11:25:59,023] {processor.py:171} INFO - Processing /Users/ballakeerthi/opt/anaconda3/lib/python3.8/site-packages/airflow/example_dags/example_task_group.py took 0.072 seconds
[2021-12-07 11:27:22,658] {processor.py:163} INFO - Started process (PID=4435) to work on /Users/ballakeerthi/opt/anaconda3/lib/python3.8/site-packages/airflow/example_dags/example_task_group.py
[2021-12-07 11:27:22,660] {processor.py:625} INFO - Processing file /Users/ballakeerthi/opt/anaconda3/lib/python3.8/site-packages/airflow/example_dags/example_task_group.py for tasks to queue
[2021-12-07 11:27:22,661] {logging_mixin.py:109} INFO - [2021-12-07 11:27:22,661] {dagbag.py:500} INFO - Filling up the DagBag from /Users/ballakeerthi/opt/anaconda3/lib/python3.8/site-packages/airflow/example_dags/example_task_group.py
[2021-12-07 11:27:22,690] {processor.py:637} INFO - DAG(s) dict_keys(['example_task_group']) retrieved from /Users/ballakeerthi/opt/anaconda3/lib/python3.8/site-packages/airflow/example_dags/example_task_group.py
[2021-12-07 11:27:22,705] {logging_mixin.py:109} INFO - [2021-12-07 11:27:22,705] {dag.py:2396} INFO - Sync 1 DAGs
[2021-12-07 11:27:22,713] {logging_mixin.py:109} INFO - [2021-12-07 11:27:22,713] {dag.py:2928} INFO - Setting next_dagrun for example_task_group to 2021-12-06T16:27:22.712989+00:00
[2021-12-07 11:27:22,722] {processor.py:171} INFO - Processing /Users/ballakeerthi/opt/anaconda3/lib/python3.8/site-packages/airflow/example_dags/example_task_group.py took 0.065 seconds
[2021-12-07 11:28:48,697] {processor.py:163} INFO - Started process (PID=4506) to work on /Users/ballakeerthi/opt/anaconda3/lib/python3.8/site-packages/airflow/example_dags/example_task_group.py
[2021-12-07 11:28:48,698] {processor.py:625} INFO - Processing file /Users/ballakeerthi/opt/anaconda3/lib/python3.8/site-packages/airflow/example_dags/example_task_group.py for tasks to queue
[2021-12-07 11:28:48,698] {logging_mixin.py:109} INFO - [2021-12-07 11:28:48,698] {dagbag.py:500} INFO - Filling up the DagBag from /Users/ballakeerthi/opt/anaconda3/lib/python3.8/site-packages/airflow/example_dags/example_task_group.py
[2021-12-07 11:28:48,744] {processor.py:637} INFO - DAG(s) dict_keys(['example_task_group']) retrieved from /Users/ballakeerthi/opt/anaconda3/lib/python3.8/site-packages/airflow/example_dags/example_task_group.py
[2021-12-07 11:28:48,774] {logging_mixin.py:109} INFO - [2021-12-07 11:28:48,774] {dag.py:2396} INFO - Sync 1 DAGs
[2021-12-07 11:28:48,782] {logging_mixin.py:109} INFO - [2021-12-07 11:28:48,782] {dag.py:2928} INFO - Setting next_dagrun for example_task_group to 2021-12-06T16:28:48.782153+00:00
[2021-12-07 11:28:48,793] {processor.py:171} INFO - Processing /Users/ballakeerthi/opt/anaconda3/lib/python3.8/site-packages/airflow/example_dags/example_task_group.py took 0.096 seconds
[2021-12-07 11:30:30,063] {processor.py:163} INFO - Started process (PID=4694) to work on /Users/ballakeerthi/opt/anaconda3/lib/python3.8/site-packages/airflow/example_dags/example_task_group.py
[2021-12-07 11:30:30,065] {processor.py:625} INFO - Processing file /Users/ballakeerthi/opt/anaconda3/lib/python3.8/site-packages/airflow/example_dags/example_task_group.py for tasks to queue
[2021-12-07 11:30:30,065] {logging_mixin.py:109} INFO - [2021-12-07 11:30:30,065] {dagbag.py:500} INFO - Filling up the DagBag from /Users/ballakeerthi/opt/anaconda3/lib/python3.8/site-packages/airflow/example_dags/example_task_group.py
[2021-12-07 11:30:30,109] {processor.py:637} INFO - DAG(s) dict_keys(['example_task_group']) retrieved from /Users/ballakeerthi/opt/anaconda3/lib/python3.8/site-packages/airflow/example_dags/example_task_group.py
[2021-12-07 11:30:30,136] {logging_mixin.py:109} INFO - [2021-12-07 11:30:30,135] {dag.py:2396} INFO - Sync 1 DAGs
[2021-12-07 11:30:30,155] {logging_mixin.py:109} INFO - [2021-12-07 11:30:30,155] {dag.py:2928} INFO - Setting next_dagrun for example_task_group to 2021-12-06T16:30:30.154975+00:00
[2021-12-07 11:30:30,183] {processor.py:171} INFO - Processing /Users/ballakeerthi/opt/anaconda3/lib/python3.8/site-packages/airflow/example_dags/example_task_group.py took 0.121 seconds
[2021-12-07 11:32:14,619] {processor.py:163} INFO - Started process (PID=4775) to work on /Users/ballakeerthi/opt/anaconda3/lib/python3.8/site-packages/airflow/example_dags/example_task_group.py
[2021-12-07 11:32:14,620] {processor.py:625} INFO - Processing file /Users/ballakeerthi/opt/anaconda3/lib/python3.8/site-packages/airflow/example_dags/example_task_group.py for tasks to queue
[2021-12-07 11:32:14,620] {logging_mixin.py:109} INFO - [2021-12-07 11:32:14,620] {dagbag.py:500} INFO - Filling up the DagBag from /Users/ballakeerthi/opt/anaconda3/lib/python3.8/site-packages/airflow/example_dags/example_task_group.py
[2021-12-07 11:32:14,660] {processor.py:637} INFO - DAG(s) dict_keys(['example_task_group']) retrieved from /Users/ballakeerthi/opt/anaconda3/lib/python3.8/site-packages/airflow/example_dags/example_task_group.py
[2021-12-07 11:32:14,685] {logging_mixin.py:109} INFO - [2021-12-07 11:32:14,685] {dag.py:2396} INFO - Sync 1 DAGs
[2021-12-07 11:32:14,694] {logging_mixin.py:109} INFO - [2021-12-07 11:32:14,694] {dag.py:2928} INFO - Setting next_dagrun for example_task_group to 2021-12-06T16:32:14.694161+00:00
[2021-12-07 11:32:14,702] {processor.py:171} INFO - Processing /Users/ballakeerthi/opt/anaconda3/lib/python3.8/site-packages/airflow/example_dags/example_task_group.py took 0.083 seconds
[2021-12-07 11:34:01,048] {processor.py:163} INFO - Started process (PID=4841) to work on /Users/ballakeerthi/opt/anaconda3/lib/python3.8/site-packages/airflow/example_dags/example_task_group.py
[2021-12-07 11:34:01,050] {processor.py:625} INFO - Processing file /Users/ballakeerthi/opt/anaconda3/lib/python3.8/site-packages/airflow/example_dags/example_task_group.py for tasks to queue
[2021-12-07 11:34:01,051] {logging_mixin.py:109} INFO - [2021-12-07 11:34:01,051] {dagbag.py:500} INFO - Filling up the DagBag from /Users/ballakeerthi/opt/anaconda3/lib/python3.8/site-packages/airflow/example_dags/example_task_group.py
[2021-12-07 11:34:01,100] {processor.py:637} INFO - DAG(s) dict_keys(['example_task_group']) retrieved from /Users/ballakeerthi/opt/anaconda3/lib/python3.8/site-packages/airflow/example_dags/example_task_group.py
[2021-12-07 11:34:01,133] {logging_mixin.py:109} INFO - [2021-12-07 11:34:01,133] {dag.py:2396} INFO - Sync 1 DAGs
[2021-12-07 11:34:01,153] {logging_mixin.py:109} INFO - [2021-12-07 11:34:01,153] {dag.py:2928} INFO - Setting next_dagrun for example_task_group to 2021-12-06T16:34:01.152862+00:00
[2021-12-07 11:34:01,163] {processor.py:171} INFO - Processing /Users/ballakeerthi/opt/anaconda3/lib/python3.8/site-packages/airflow/example_dags/example_task_group.py took 0.116 seconds
[2021-12-07 11:35:38,035] {processor.py:163} INFO - Started process (PID=4909) to work on /Users/ballakeerthi/opt/anaconda3/lib/python3.8/site-packages/airflow/example_dags/example_task_group.py
[2021-12-07 11:35:38,037] {processor.py:625} INFO - Processing file /Users/ballakeerthi/opt/anaconda3/lib/python3.8/site-packages/airflow/example_dags/example_task_group.py for tasks to queue
[2021-12-07 11:35:38,038] {logging_mixin.py:109} INFO - [2021-12-07 11:35:38,037] {dagbag.py:500} INFO - Filling up the DagBag from /Users/ballakeerthi/opt/anaconda3/lib/python3.8/site-packages/airflow/example_dags/example_task_group.py
[2021-12-07 11:35:38,070] {processor.py:637} INFO - DAG(s) dict_keys(['example_task_group']) retrieved from /Users/ballakeerthi/opt/anaconda3/lib/python3.8/site-packages/airflow/example_dags/example_task_group.py
[2021-12-07 11:35:38,087] {logging_mixin.py:109} INFO - [2021-12-07 11:35:38,087] {dag.py:2396} INFO - Sync 1 DAGs
[2021-12-07 11:35:38,095] {logging_mixin.py:109} INFO - [2021-12-07 11:35:38,095] {dag.py:2928} INFO - Setting next_dagrun for example_task_group to 2021-12-06T16:35:38.095232+00:00
[2021-12-07 11:35:38,103] {processor.py:171} INFO - Processing /Users/ballakeerthi/opt/anaconda3/lib/python3.8/site-packages/airflow/example_dags/example_task_group.py took 0.069 seconds
[2021-12-07 11:37:29,280] {processor.py:163} INFO - Started process (PID=4975) to work on /Users/ballakeerthi/opt/anaconda3/lib/python3.8/site-packages/airflow/example_dags/example_task_group.py
[2021-12-07 11:37:29,285] {processor.py:625} INFO - Processing file /Users/ballakeerthi/opt/anaconda3/lib/python3.8/site-packages/airflow/example_dags/example_task_group.py for tasks to queue
[2021-12-07 11:37:29,286] {logging_mixin.py:109} INFO - [2021-12-07 11:37:29,286] {dagbag.py:500} INFO - Filling up the DagBag from /Users/ballakeerthi/opt/anaconda3/lib/python3.8/site-packages/airflow/example_dags/example_task_group.py
[2021-12-07 11:37:29,323] {processor.py:637} INFO - DAG(s) dict_keys(['example_task_group']) retrieved from /Users/ballakeerthi/opt/anaconda3/lib/python3.8/site-packages/airflow/example_dags/example_task_group.py
[2021-12-07 11:37:29,353] {logging_mixin.py:109} INFO - [2021-12-07 11:37:29,353] {dag.py:2396} INFO - Sync 1 DAGs
[2021-12-07 11:37:29,363] {logging_mixin.py:109} INFO - [2021-12-07 11:37:29,362] {dag.py:2928} INFO - Setting next_dagrun for example_task_group to 2021-12-06T16:37:29.362662+00:00
[2021-12-07 11:37:29,376] {processor.py:171} INFO - Processing /Users/ballakeerthi/opt/anaconda3/lib/python3.8/site-packages/airflow/example_dags/example_task_group.py took 0.098 seconds
[2021-12-07 11:39:02,841] {processor.py:163} INFO - Started process (PID=5039) to work on /Users/ballakeerthi/opt/anaconda3/lib/python3.8/site-packages/airflow/example_dags/example_task_group.py
[2021-12-07 11:39:02,844] {processor.py:625} INFO - Processing file /Users/ballakeerthi/opt/anaconda3/lib/python3.8/site-packages/airflow/example_dags/example_task_group.py for tasks to queue
[2021-12-07 11:39:02,844] {logging_mixin.py:109} INFO - [2021-12-07 11:39:02,844] {dagbag.py:500} INFO - Filling up the DagBag from /Users/ballakeerthi/opt/anaconda3/lib/python3.8/site-packages/airflow/example_dags/example_task_group.py
[2021-12-07 11:39:02,879] {processor.py:637} INFO - DAG(s) dict_keys(['example_task_group']) retrieved from /Users/ballakeerthi/opt/anaconda3/lib/python3.8/site-packages/airflow/example_dags/example_task_group.py
[2021-12-07 11:39:02,896] {logging_mixin.py:109} INFO - [2021-12-07 11:39:02,896] {dag.py:2396} INFO - Sync 1 DAGs
[2021-12-07 11:39:02,904] {logging_mixin.py:109} INFO - [2021-12-07 11:39:02,904] {dag.py:2928} INFO - Setting next_dagrun for example_task_group to 2021-12-06T16:39:02.904379+00:00
[2021-12-07 11:39:02,912] {processor.py:171} INFO - Processing /Users/ballakeerthi/opt/anaconda3/lib/python3.8/site-packages/airflow/example_dags/example_task_group.py took 0.071 seconds
[2021-12-07 11:40:26,106] {processor.py:163} INFO - Started process (PID=5095) to work on /Users/ballakeerthi/opt/anaconda3/lib/python3.8/site-packages/airflow/example_dags/example_task_group.py
[2021-12-07 11:40:26,112] {processor.py:625} INFO - Processing file /Users/ballakeerthi/opt/anaconda3/lib/python3.8/site-packages/airflow/example_dags/example_task_group.py for tasks to queue
[2021-12-07 11:40:26,112] {logging_mixin.py:109} INFO - [2021-12-07 11:40:26,112] {dagbag.py:500} INFO - Filling up the DagBag from /Users/ballakeerthi/opt/anaconda3/lib/python3.8/site-packages/airflow/example_dags/example_task_group.py
[2021-12-07 11:40:26,145] {processor.py:637} INFO - DAG(s) dict_keys(['example_task_group']) retrieved from /Users/ballakeerthi/opt/anaconda3/lib/python3.8/site-packages/airflow/example_dags/example_task_group.py
[2021-12-07 11:40:26,162] {logging_mixin.py:109} INFO - [2021-12-07 11:40:26,162] {dag.py:2396} INFO - Sync 1 DAGs
[2021-12-07 11:40:26,170] {logging_mixin.py:109} INFO - [2021-12-07 11:40:26,169] {dag.py:2928} INFO - Setting next_dagrun for example_task_group to 2021-12-06T16:40:26.169798+00:00
[2021-12-07 11:40:26,178] {processor.py:171} INFO - Processing /Users/ballakeerthi/opt/anaconda3/lib/python3.8/site-packages/airflow/example_dags/example_task_group.py took 0.072 seconds
[2021-12-07 11:42:08,792] {processor.py:163} INFO - Started process (PID=5154) to work on /Users/ballakeerthi/opt/anaconda3/lib/python3.8/site-packages/airflow/example_dags/example_task_group.py
[2021-12-07 11:42:08,798] {processor.py:625} INFO - Processing file /Users/ballakeerthi/opt/anaconda3/lib/python3.8/site-packages/airflow/example_dags/example_task_group.py for tasks to queue
[2021-12-07 11:42:08,798] {logging_mixin.py:109} INFO - [2021-12-07 11:42:08,798] {dagbag.py:500} INFO - Filling up the DagBag from /Users/ballakeerthi/opt/anaconda3/lib/python3.8/site-packages/airflow/example_dags/example_task_group.py
[2021-12-07 11:42:08,830] {processor.py:637} INFO - DAG(s) dict_keys(['example_task_group']) retrieved from /Users/ballakeerthi/opt/anaconda3/lib/python3.8/site-packages/airflow/example_dags/example_task_group.py
[2021-12-07 11:42:08,847] {logging_mixin.py:109} INFO - [2021-12-07 11:42:08,846] {dag.py:2396} INFO - Sync 1 DAGs
[2021-12-07 11:42:08,854] {logging_mixin.py:109} INFO - [2021-12-07 11:42:08,854] {dag.py:2928} INFO - Setting next_dagrun for example_task_group to 2021-12-06T16:42:08.853933+00:00
[2021-12-07 11:42:08,861] {processor.py:171} INFO - Processing /Users/ballakeerthi/opt/anaconda3/lib/python3.8/site-packages/airflow/example_dags/example_task_group.py took 0.069 seconds
[2021-12-07 11:43:39,208] {processor.py:163} INFO - Started process (PID=5207) to work on /Users/ballakeerthi/opt/anaconda3/lib/python3.8/site-packages/airflow/example_dags/example_task_group.py
[2021-12-07 11:43:39,211] {processor.py:625} INFO - Processing file /Users/ballakeerthi/opt/anaconda3/lib/python3.8/site-packages/airflow/example_dags/example_task_group.py for tasks to queue
[2021-12-07 11:43:39,211] {logging_mixin.py:109} INFO - [2021-12-07 11:43:39,211] {dagbag.py:500} INFO - Filling up the DagBag from /Users/ballakeerthi/opt/anaconda3/lib/python3.8/site-packages/airflow/example_dags/example_task_group.py
[2021-12-07 11:43:39,252] {processor.py:637} INFO - DAG(s) dict_keys(['example_task_group']) retrieved from /Users/ballakeerthi/opt/anaconda3/lib/python3.8/site-packages/airflow/example_dags/example_task_group.py
[2021-12-07 11:43:39,273] {logging_mixin.py:109} INFO - [2021-12-07 11:43:39,273] {dag.py:2396} INFO - Sync 1 DAGs
[2021-12-07 11:43:39,280] {logging_mixin.py:109} INFO - [2021-12-07 11:43:39,280] {dag.py:2928} INFO - Setting next_dagrun for example_task_group to 2021-12-06T16:43:39.280365+00:00
[2021-12-07 11:43:39,289] {processor.py:171} INFO - Processing /Users/ballakeerthi/opt/anaconda3/lib/python3.8/site-packages/airflow/example_dags/example_task_group.py took 0.081 seconds
[2021-12-07 11:45:04,048] {processor.py:163} INFO - Started process (PID=5265) to work on /Users/ballakeerthi/opt/anaconda3/lib/python3.8/site-packages/airflow/example_dags/example_task_group.py
[2021-12-07 11:45:04,054] {processor.py:625} INFO - Processing file /Users/ballakeerthi/opt/anaconda3/lib/python3.8/site-packages/airflow/example_dags/example_task_group.py for tasks to queue
[2021-12-07 11:45:04,054] {logging_mixin.py:109} INFO - [2021-12-07 11:45:04,054] {dagbag.py:500} INFO - Filling up the DagBag from /Users/ballakeerthi/opt/anaconda3/lib/python3.8/site-packages/airflow/example_dags/example_task_group.py
[2021-12-07 11:45:04,092] {processor.py:637} INFO - DAG(s) dict_keys(['example_task_group']) retrieved from /Users/ballakeerthi/opt/anaconda3/lib/python3.8/site-packages/airflow/example_dags/example_task_group.py
[2021-12-07 11:45:04,122] {logging_mixin.py:109} INFO - [2021-12-07 11:45:04,122] {dag.py:2396} INFO - Sync 1 DAGs
[2021-12-07 11:45:04,130] {logging_mixin.py:109} INFO - [2021-12-07 11:45:04,130] {dag.py:2928} INFO - Setting next_dagrun for example_task_group to 2021-12-06T16:45:04.130477+00:00
[2021-12-07 11:45:04,137] {processor.py:171} INFO - Processing /Users/ballakeerthi/opt/anaconda3/lib/python3.8/site-packages/airflow/example_dags/example_task_group.py took 0.090 seconds
[2021-12-07 11:46:28,988] {processor.py:163} INFO - Started process (PID=5321) to work on /Users/ballakeerthi/opt/anaconda3/lib/python3.8/site-packages/airflow/example_dags/example_task_group.py
[2021-12-07 11:46:28,994] {processor.py:625} INFO - Processing file /Users/ballakeerthi/opt/anaconda3/lib/python3.8/site-packages/airflow/example_dags/example_task_group.py for tasks to queue
[2021-12-07 11:46:28,995] {logging_mixin.py:109} INFO - [2021-12-07 11:46:28,995] {dagbag.py:500} INFO - Filling up the DagBag from /Users/ballakeerthi/opt/anaconda3/lib/python3.8/site-packages/airflow/example_dags/example_task_group.py
[2021-12-07 11:46:29,022] {processor.py:637} INFO - DAG(s) dict_keys(['example_task_group']) retrieved from /Users/ballakeerthi/opt/anaconda3/lib/python3.8/site-packages/airflow/example_dags/example_task_group.py
[2021-12-07 11:46:29,042] {logging_mixin.py:109} INFO - [2021-12-07 11:46:29,042] {dag.py:2396} INFO - Sync 1 DAGs
[2021-12-07 11:46:29,049] {logging_mixin.py:109} INFO - [2021-12-07 11:46:29,049] {dag.py:2928} INFO - Setting next_dagrun for example_task_group to 2021-12-06T16:46:29.049666+00:00
[2021-12-07 11:46:29,058] {processor.py:171} INFO - Processing /Users/ballakeerthi/opt/anaconda3/lib/python3.8/site-packages/airflow/example_dags/example_task_group.py took 0.070 seconds
[2021-12-07 11:48:16,346] {processor.py:163} INFO - Started process (PID=5388) to work on /Users/ballakeerthi/opt/anaconda3/lib/python3.8/site-packages/airflow/example_dags/example_task_group.py
[2021-12-07 11:48:16,352] {processor.py:625} INFO - Processing file /Users/ballakeerthi/opt/anaconda3/lib/python3.8/site-packages/airflow/example_dags/example_task_group.py for tasks to queue
[2021-12-07 11:48:16,352] {logging_mixin.py:109} INFO - [2021-12-07 11:48:16,352] {dagbag.py:500} INFO - Filling up the DagBag from /Users/ballakeerthi/opt/anaconda3/lib/python3.8/site-packages/airflow/example_dags/example_task_group.py
[2021-12-07 11:48:16,384] {processor.py:637} INFO - DAG(s) dict_keys(['example_task_group']) retrieved from /Users/ballakeerthi/opt/anaconda3/lib/python3.8/site-packages/airflow/example_dags/example_task_group.py
[2021-12-07 11:48:16,400] {logging_mixin.py:109} INFO - [2021-12-07 11:48:16,400] {dag.py:2396} INFO - Sync 1 DAGs
[2021-12-07 11:48:16,409] {logging_mixin.py:109} INFO - [2021-12-07 11:48:16,409] {dag.py:2928} INFO - Setting next_dagrun for example_task_group to 2021-12-06T16:48:16.408944+00:00
[2021-12-07 11:48:16,419] {processor.py:171} INFO - Processing /Users/ballakeerthi/opt/anaconda3/lib/python3.8/site-packages/airflow/example_dags/example_task_group.py took 0.073 seconds
[2021-12-07 11:50:10,473] {processor.py:163} INFO - Started process (PID=5460) to work on /Users/ballakeerthi/opt/anaconda3/lib/python3.8/site-packages/airflow/example_dags/example_task_group.py
[2021-12-07 11:50:10,476] {processor.py:625} INFO - Processing file /Users/ballakeerthi/opt/anaconda3/lib/python3.8/site-packages/airflow/example_dags/example_task_group.py for tasks to queue
[2021-12-07 11:50:10,476] {logging_mixin.py:109} INFO - [2021-12-07 11:50:10,476] {dagbag.py:500} INFO - Filling up the DagBag from /Users/ballakeerthi/opt/anaconda3/lib/python3.8/site-packages/airflow/example_dags/example_task_group.py
[2021-12-07 11:50:10,511] {processor.py:637} INFO - DAG(s) dict_keys(['example_task_group']) retrieved from /Users/ballakeerthi/opt/anaconda3/lib/python3.8/site-packages/airflow/example_dags/example_task_group.py
[2021-12-07 11:50:10,528] {logging_mixin.py:109} INFO - [2021-12-07 11:50:10,528] {dag.py:2396} INFO - Sync 1 DAGs
[2021-12-07 11:50:10,541] {logging_mixin.py:109} INFO - [2021-12-07 11:50:10,541] {dag.py:2928} INFO - Setting next_dagrun for example_task_group to 2021-12-06T16:50:10.541208+00:00
[2021-12-07 11:50:10,547] {processor.py:171} INFO - Processing /Users/ballakeerthi/opt/anaconda3/lib/python3.8/site-packages/airflow/example_dags/example_task_group.py took 0.074 seconds
[2021-12-07 11:52:21,649] {processor.py:163} INFO - Started process (PID=5539) to work on /Users/ballakeerthi/opt/anaconda3/lib/python3.8/site-packages/airflow/example_dags/example_task_group.py
[2021-12-07 11:52:21,650] {processor.py:625} INFO - Processing file /Users/ballakeerthi/opt/anaconda3/lib/python3.8/site-packages/airflow/example_dags/example_task_group.py for tasks to queue
[2021-12-07 11:52:21,650] {logging_mixin.py:109} INFO - [2021-12-07 11:52:21,650] {dagbag.py:500} INFO - Filling up the DagBag from /Users/ballakeerthi/opt/anaconda3/lib/python3.8/site-packages/airflow/example_dags/example_task_group.py
[2021-12-07 11:52:21,709] {processor.py:637} INFO - DAG(s) dict_keys(['example_task_group']) retrieved from /Users/ballakeerthi/opt/anaconda3/lib/python3.8/site-packages/airflow/example_dags/example_task_group.py
[2021-12-07 11:52:21,740] {logging_mixin.py:109} INFO - [2021-12-07 11:52:21,740] {dag.py:2396} INFO - Sync 1 DAGs
[2021-12-07 11:52:21,751] {logging_mixin.py:109} INFO - [2021-12-07 11:52:21,751] {dag.py:2928} INFO - Setting next_dagrun for example_task_group to 2021-12-06T16:52:21.751492+00:00
[2021-12-07 11:52:21,773] {processor.py:171} INFO - Processing /Users/ballakeerthi/opt/anaconda3/lib/python3.8/site-packages/airflow/example_dags/example_task_group.py took 0.124 seconds
[2021-12-07 11:53:59,052] {processor.py:163} INFO - Started process (PID=5602) to work on /Users/ballakeerthi/opt/anaconda3/lib/python3.8/site-packages/airflow/example_dags/example_task_group.py
[2021-12-07 11:53:59,054] {processor.py:625} INFO - Processing file /Users/ballakeerthi/opt/anaconda3/lib/python3.8/site-packages/airflow/example_dags/example_task_group.py for tasks to queue
[2021-12-07 11:53:59,055] {logging_mixin.py:109} INFO - [2021-12-07 11:53:59,055] {dagbag.py:500} INFO - Filling up the DagBag from /Users/ballakeerthi/opt/anaconda3/lib/python3.8/site-packages/airflow/example_dags/example_task_group.py
[2021-12-07 11:53:59,088] {processor.py:637} INFO - DAG(s) dict_keys(['example_task_group']) retrieved from /Users/ballakeerthi/opt/anaconda3/lib/python3.8/site-packages/airflow/example_dags/example_task_group.py
[2021-12-07 11:53:59,106] {logging_mixin.py:109} INFO - [2021-12-07 11:53:59,105] {dag.py:2396} INFO - Sync 1 DAGs
[2021-12-07 11:53:59,114] {logging_mixin.py:109} INFO - [2021-12-07 11:53:59,114] {dag.py:2928} INFO - Setting next_dagrun for example_task_group to 2021-12-06T16:53:59.114043+00:00
[2021-12-07 11:53:59,122] {processor.py:171} INFO - Processing /Users/ballakeerthi/opt/anaconda3/lib/python3.8/site-packages/airflow/example_dags/example_task_group.py took 0.071 seconds
[2021-12-07 11:55:20,076] {processor.py:163} INFO - Started process (PID=5655) to work on /Users/ballakeerthi/opt/anaconda3/lib/python3.8/site-packages/airflow/example_dags/example_task_group.py
[2021-12-07 11:55:20,082] {processor.py:625} INFO - Processing file /Users/ballakeerthi/opt/anaconda3/lib/python3.8/site-packages/airflow/example_dags/example_task_group.py for tasks to queue
[2021-12-07 11:55:20,083] {logging_mixin.py:109} INFO - [2021-12-07 11:55:20,083] {dagbag.py:500} INFO - Filling up the DagBag from /Users/ballakeerthi/opt/anaconda3/lib/python3.8/site-packages/airflow/example_dags/example_task_group.py
[2021-12-07 11:55:20,112] {processor.py:637} INFO - DAG(s) dict_keys(['example_task_group']) retrieved from /Users/ballakeerthi/opt/anaconda3/lib/python3.8/site-packages/airflow/example_dags/example_task_group.py
[2021-12-07 11:55:20,128] {logging_mixin.py:109} INFO - [2021-12-07 11:55:20,128] {dag.py:2396} INFO - Sync 1 DAGs
[2021-12-07 11:55:20,138] {logging_mixin.py:109} INFO - [2021-12-07 11:55:20,138] {dag.py:2928} INFO - Setting next_dagrun for example_task_group to 2021-12-06T16:55:20.138237+00:00
[2021-12-07 11:55:20,147] {processor.py:171} INFO - Processing /Users/ballakeerthi/opt/anaconda3/lib/python3.8/site-packages/airflow/example_dags/example_task_group.py took 0.071 seconds
[2021-12-07 11:58:13,281] {processor.py:163} INFO - Started process (PID=5790) to work on /Users/ballakeerthi/opt/anaconda3/lib/python3.8/site-packages/airflow/example_dags/example_task_group.py
[2021-12-07 11:58:13,283] {processor.py:625} INFO - Processing file /Users/ballakeerthi/opt/anaconda3/lib/python3.8/site-packages/airflow/example_dags/example_task_group.py for tasks to queue
[2021-12-07 11:58:13,283] {logging_mixin.py:109} INFO - [2021-12-07 11:58:13,283] {dagbag.py:500} INFO - Filling up the DagBag from /Users/ballakeerthi/opt/anaconda3/lib/python3.8/site-packages/airflow/example_dags/example_task_group.py
[2021-12-07 11:58:13,315] {processor.py:637} INFO - DAG(s) dict_keys(['example_task_group']) retrieved from /Users/ballakeerthi/opt/anaconda3/lib/python3.8/site-packages/airflow/example_dags/example_task_group.py
[2021-12-07 11:58:13,333] {logging_mixin.py:109} INFO - [2021-12-07 11:58:13,333] {dag.py:2396} INFO - Sync 1 DAGs
[2021-12-07 11:58:13,341] {logging_mixin.py:109} INFO - [2021-12-07 11:58:13,341] {dag.py:2928} INFO - Setting next_dagrun for example_task_group to 2021-12-06T16:58:13.341356+00:00
[2021-12-07 11:58:13,351] {processor.py:171} INFO - Processing /Users/ballakeerthi/opt/anaconda3/lib/python3.8/site-packages/airflow/example_dags/example_task_group.py took 0.070 seconds
[2021-12-07 11:59:49,471] {processor.py:163} INFO - Started process (PID=5861) to work on /Users/ballakeerthi/opt/anaconda3/lib/python3.8/site-packages/airflow/example_dags/example_task_group.py
[2021-12-07 11:59:49,477] {processor.py:625} INFO - Processing file /Users/ballakeerthi/opt/anaconda3/lib/python3.8/site-packages/airflow/example_dags/example_task_group.py for tasks to queue
[2021-12-07 11:59:49,478] {logging_mixin.py:109} INFO - [2021-12-07 11:59:49,478] {dagbag.py:500} INFO - Filling up the DagBag from /Users/ballakeerthi/opt/anaconda3/lib/python3.8/site-packages/airflow/example_dags/example_task_group.py
[2021-12-07 11:59:49,509] {processor.py:637} INFO - DAG(s) dict_keys(['example_task_group']) retrieved from /Users/ballakeerthi/opt/anaconda3/lib/python3.8/site-packages/airflow/example_dags/example_task_group.py
[2021-12-07 11:59:49,526] {logging_mixin.py:109} INFO - [2021-12-07 11:59:49,526] {dag.py:2396} INFO - Sync 1 DAGs
[2021-12-07 11:59:49,535] {logging_mixin.py:109} INFO - [2021-12-07 11:59:49,535] {dag.py:2928} INFO - Setting next_dagrun for example_task_group to 2021-12-06T16:59:49.535421+00:00
[2021-12-07 11:59:49,545] {processor.py:171} INFO - Processing /Users/ballakeerthi/opt/anaconda3/lib/python3.8/site-packages/airflow/example_dags/example_task_group.py took 0.074 seconds
[2021-12-07 12:01:15,817] {processor.py:163} INFO - Started process (PID=5915) to work on /Users/ballakeerthi/opt/anaconda3/lib/python3.8/site-packages/airflow/example_dags/example_task_group.py
[2021-12-07 12:01:15,817] {processor.py:625} INFO - Processing file /Users/ballakeerthi/opt/anaconda3/lib/python3.8/site-packages/airflow/example_dags/example_task_group.py for tasks to queue
[2021-12-07 12:01:15,818] {logging_mixin.py:109} INFO - [2021-12-07 12:01:15,818] {dagbag.py:500} INFO - Filling up the DagBag from /Users/ballakeerthi/opt/anaconda3/lib/python3.8/site-packages/airflow/example_dags/example_task_group.py
[2021-12-07 12:01:15,856] {processor.py:637} INFO - DAG(s) dict_keys(['example_task_group']) retrieved from /Users/ballakeerthi/opt/anaconda3/lib/python3.8/site-packages/airflow/example_dags/example_task_group.py
[2021-12-07 12:01:15,873] {logging_mixin.py:109} INFO - [2021-12-07 12:01:15,873] {dag.py:2396} INFO - Sync 1 DAGs
[2021-12-07 12:01:15,879] {logging_mixin.py:109} INFO - [2021-12-07 12:01:15,879] {dag.py:2928} INFO - Setting next_dagrun for example_task_group to 2021-12-06T17:01:15.879630+00:00
[2021-12-07 12:01:15,891] {processor.py:171} INFO - Processing /Users/ballakeerthi/opt/anaconda3/lib/python3.8/site-packages/airflow/example_dags/example_task_group.py took 0.075 seconds
[2021-12-07 12:04:19,114] {processor.py:163} INFO - Started process (PID=6025) to work on /Users/ballakeerthi/opt/anaconda3/lib/python3.8/site-packages/airflow/example_dags/example_task_group.py
[2021-12-07 12:04:19,114] {processor.py:625} INFO - Processing file /Users/ballakeerthi/opt/anaconda3/lib/python3.8/site-packages/airflow/example_dags/example_task_group.py for tasks to queue
[2021-12-07 12:04:19,115] {logging_mixin.py:109} INFO - [2021-12-07 12:04:19,115] {dagbag.py:500} INFO - Filling up the DagBag from /Users/ballakeerthi/opt/anaconda3/lib/python3.8/site-packages/airflow/example_dags/example_task_group.py
[2021-12-07 12:04:19,155] {processor.py:637} INFO - DAG(s) dict_keys(['example_task_group']) retrieved from /Users/ballakeerthi/opt/anaconda3/lib/python3.8/site-packages/airflow/example_dags/example_task_group.py
[2021-12-07 12:04:19,175] {logging_mixin.py:109} INFO - [2021-12-07 12:04:19,175] {dag.py:2396} INFO - Sync 1 DAGs
[2021-12-07 12:04:19,183] {logging_mixin.py:109} INFO - [2021-12-07 12:04:19,183] {dag.py:2928} INFO - Setting next_dagrun for example_task_group to 2021-12-06T17:04:19.183291+00:00
[2021-12-07 12:04:19,202] {processor.py:171} INFO - Processing /Users/ballakeerthi/opt/anaconda3/lib/python3.8/site-packages/airflow/example_dags/example_task_group.py took 0.089 seconds
[2021-12-07 12:05:55,197] {processor.py:163} INFO - Started process (PID=6088) to work on /Users/ballakeerthi/opt/anaconda3/lib/python3.8/site-packages/airflow/example_dags/example_task_group.py
[2021-12-07 12:05:55,197] {processor.py:625} INFO - Processing file /Users/ballakeerthi/opt/anaconda3/lib/python3.8/site-packages/airflow/example_dags/example_task_group.py for tasks to queue
[2021-12-07 12:05:55,198] {logging_mixin.py:109} INFO - [2021-12-07 12:05:55,198] {dagbag.py:500} INFO - Filling up the DagBag from /Users/ballakeerthi/opt/anaconda3/lib/python3.8/site-packages/airflow/example_dags/example_task_group.py
[2021-12-07 12:05:55,235] {processor.py:637} INFO - DAG(s) dict_keys(['example_task_group']) retrieved from /Users/ballakeerthi/opt/anaconda3/lib/python3.8/site-packages/airflow/example_dags/example_task_group.py
[2021-12-07 12:05:55,254] {logging_mixin.py:109} INFO - [2021-12-07 12:05:55,252] {dag.py:2396} INFO - Sync 1 DAGs
[2021-12-07 12:05:55,262] {logging_mixin.py:109} INFO - [2021-12-07 12:05:55,261] {dag.py:2928} INFO - Setting next_dagrun for example_task_group to 2021-12-06T17:05:55.261842+00:00
[2021-12-07 12:05:55,270] {processor.py:171} INFO - Processing /Users/ballakeerthi/opt/anaconda3/lib/python3.8/site-packages/airflow/example_dags/example_task_group.py took 0.074 seconds
[2021-12-07 12:07:23,039] {processor.py:163} INFO - Started process (PID=6143) to work on /Users/ballakeerthi/opt/anaconda3/lib/python3.8/site-packages/airflow/example_dags/example_task_group.py
[2021-12-07 12:07:23,044] {processor.py:625} INFO - Processing file /Users/ballakeerthi/opt/anaconda3/lib/python3.8/site-packages/airflow/example_dags/example_task_group.py for tasks to queue
[2021-12-07 12:07:23,045] {logging_mixin.py:109} INFO - [2021-12-07 12:07:23,045] {dagbag.py:500} INFO - Filling up the DagBag from /Users/ballakeerthi/opt/anaconda3/lib/python3.8/site-packages/airflow/example_dags/example_task_group.py
[2021-12-07 12:07:23,090] {processor.py:637} INFO - DAG(s) dict_keys(['example_task_group']) retrieved from /Users/ballakeerthi/opt/anaconda3/lib/python3.8/site-packages/airflow/example_dags/example_task_group.py
[2021-12-07 12:07:23,107] {logging_mixin.py:109} INFO - [2021-12-07 12:07:23,107] {dag.py:2396} INFO - Sync 1 DAGs
[2021-12-07 12:07:23,117] {logging_mixin.py:109} INFO - [2021-12-07 12:07:23,117] {dag.py:2928} INFO - Setting next_dagrun for example_task_group to 2021-12-06T17:07:23.117285+00:00
[2021-12-07 12:07:23,132] {processor.py:171} INFO - Processing /Users/ballakeerthi/opt/anaconda3/lib/python3.8/site-packages/airflow/example_dags/example_task_group.py took 0.094 seconds
[2021-12-07 12:08:47,128] {processor.py:163} INFO - Started process (PID=6202) to work on /Users/ballakeerthi/opt/anaconda3/lib/python3.8/site-packages/airflow/example_dags/example_task_group.py
[2021-12-07 12:08:47,134] {processor.py:625} INFO - Processing file /Users/ballakeerthi/opt/anaconda3/lib/python3.8/site-packages/airflow/example_dags/example_task_group.py for tasks to queue
[2021-12-07 12:08:47,135] {logging_mixin.py:109} INFO - [2021-12-07 12:08:47,135] {dagbag.py:500} INFO - Filling up the DagBag from /Users/ballakeerthi/opt/anaconda3/lib/python3.8/site-packages/airflow/example_dags/example_task_group.py
[2021-12-07 12:08:47,168] {processor.py:637} INFO - DAG(s) dict_keys(['example_task_group']) retrieved from /Users/ballakeerthi/opt/anaconda3/lib/python3.8/site-packages/airflow/example_dags/example_task_group.py
[2021-12-07 12:08:47,185] {logging_mixin.py:109} INFO - [2021-12-07 12:08:47,184] {dag.py:2396} INFO - Sync 1 DAGs
[2021-12-07 12:08:47,191] {logging_mixin.py:109} INFO - [2021-12-07 12:08:47,191] {dag.py:2928} INFO - Setting next_dagrun for example_task_group to 2021-12-06T17:08:47.191723+00:00
[2021-12-07 12:08:47,201] {processor.py:171} INFO - Processing /Users/ballakeerthi/opt/anaconda3/lib/python3.8/site-packages/airflow/example_dags/example_task_group.py took 0.073 seconds
[2021-12-07 12:10:14,959] {processor.py:163} INFO - Started process (PID=6258) to work on /Users/ballakeerthi/opt/anaconda3/lib/python3.8/site-packages/airflow/example_dags/example_task_group.py
[2021-12-07 12:10:14,965] {processor.py:625} INFO - Processing file /Users/ballakeerthi/opt/anaconda3/lib/python3.8/site-packages/airflow/example_dags/example_task_group.py for tasks to queue
[2021-12-07 12:10:14,965] {logging_mixin.py:109} INFO - [2021-12-07 12:10:14,965] {dagbag.py:500} INFO - Filling up the DagBag from /Users/ballakeerthi/opt/anaconda3/lib/python3.8/site-packages/airflow/example_dags/example_task_group.py
[2021-12-07 12:10:14,997] {processor.py:637} INFO - DAG(s) dict_keys(['example_task_group']) retrieved from /Users/ballakeerthi/opt/anaconda3/lib/python3.8/site-packages/airflow/example_dags/example_task_group.py
[2021-12-07 12:10:15,013] {logging_mixin.py:109} INFO - [2021-12-07 12:10:15,013] {dag.py:2396} INFO - Sync 1 DAGs
[2021-12-07 12:10:15,022] {logging_mixin.py:109} INFO - [2021-12-07 12:10:15,022] {dag.py:2928} INFO - Setting next_dagrun for example_task_group to 2021-12-06T17:10:15.021920+00:00
[2021-12-07 12:10:15,030] {processor.py:171} INFO - Processing /Users/ballakeerthi/opt/anaconda3/lib/python3.8/site-packages/airflow/example_dags/example_task_group.py took 0.071 seconds
[2021-12-07 12:11:39,517] {processor.py:163} INFO - Started process (PID=6312) to work on /Users/ballakeerthi/opt/anaconda3/lib/python3.8/site-packages/airflow/example_dags/example_task_group.py
[2021-12-07 12:11:39,523] {processor.py:625} INFO - Processing file /Users/ballakeerthi/opt/anaconda3/lib/python3.8/site-packages/airflow/example_dags/example_task_group.py for tasks to queue
[2021-12-07 12:11:39,523] {logging_mixin.py:109} INFO - [2021-12-07 12:11:39,523] {dagbag.py:500} INFO - Filling up the DagBag from /Users/ballakeerthi/opt/anaconda3/lib/python3.8/site-packages/airflow/example_dags/example_task_group.py
[2021-12-07 12:11:39,558] {processor.py:637} INFO - DAG(s) dict_keys(['example_task_group']) retrieved from /Users/ballakeerthi/opt/anaconda3/lib/python3.8/site-packages/airflow/example_dags/example_task_group.py
[2021-12-07 12:11:39,580] {logging_mixin.py:109} INFO - [2021-12-07 12:11:39,580] {dag.py:2396} INFO - Sync 1 DAGs
[2021-12-07 12:11:39,589] {logging_mixin.py:109} INFO - [2021-12-07 12:11:39,589] {dag.py:2928} INFO - Setting next_dagrun for example_task_group to 2021-12-06T17:11:39.589265+00:00
[2021-12-07 12:11:39,600] {processor.py:171} INFO - Processing /Users/ballakeerthi/opt/anaconda3/lib/python3.8/site-packages/airflow/example_dags/example_task_group.py took 0.084 seconds
[2021-12-07 12:13:05,759] {processor.py:163} INFO - Started process (PID=6367) to work on /Users/ballakeerthi/opt/anaconda3/lib/python3.8/site-packages/airflow/example_dags/example_task_group.py
[2021-12-07 12:13:05,759] {processor.py:625} INFO - Processing file /Users/ballakeerthi/opt/anaconda3/lib/python3.8/site-packages/airflow/example_dags/example_task_group.py for tasks to queue
[2021-12-07 12:13:05,760] {logging_mixin.py:109} INFO - [2021-12-07 12:13:05,760] {dagbag.py:500} INFO - Filling up the DagBag from /Users/ballakeerthi/opt/anaconda3/lib/python3.8/site-packages/airflow/example_dags/example_task_group.py
[2021-12-07 12:13:05,790] {processor.py:637} INFO - DAG(s) dict_keys(['example_task_group']) retrieved from /Users/ballakeerthi/opt/anaconda3/lib/python3.8/site-packages/airflow/example_dags/example_task_group.py
[2021-12-07 12:13:05,808] {logging_mixin.py:109} INFO - [2021-12-07 12:13:05,808] {dag.py:2396} INFO - Sync 1 DAGs
[2021-12-07 12:13:05,816] {logging_mixin.py:109} INFO - [2021-12-07 12:13:05,816] {dag.py:2928} INFO - Setting next_dagrun for example_task_group to 2021-12-06T17:13:05.816483+00:00
[2021-12-07 12:13:05,825] {processor.py:171} INFO - Processing /Users/ballakeerthi/opt/anaconda3/lib/python3.8/site-packages/airflow/example_dags/example_task_group.py took 0.067 seconds
[2021-12-07 12:14:33,709] {processor.py:163} INFO - Started process (PID=6422) to work on /Users/ballakeerthi/opt/anaconda3/lib/python3.8/site-packages/airflow/example_dags/example_task_group.py
[2021-12-07 12:14:33,715] {processor.py:625} INFO - Processing file /Users/ballakeerthi/opt/anaconda3/lib/python3.8/site-packages/airflow/example_dags/example_task_group.py for tasks to queue
[2021-12-07 12:14:33,715] {logging_mixin.py:109} INFO - [2021-12-07 12:14:33,715] {dagbag.py:500} INFO - Filling up the DagBag from /Users/ballakeerthi/opt/anaconda3/lib/python3.8/site-packages/airflow/example_dags/example_task_group.py
[2021-12-07 12:14:33,750] {processor.py:637} INFO - DAG(s) dict_keys(['example_task_group']) retrieved from /Users/ballakeerthi/opt/anaconda3/lib/python3.8/site-packages/airflow/example_dags/example_task_group.py
[2021-12-07 12:14:33,772] {logging_mixin.py:109} INFO - [2021-12-07 12:14:33,772] {dag.py:2396} INFO - Sync 1 DAGs
[2021-12-07 12:14:33,781] {logging_mixin.py:109} INFO - [2021-12-07 12:14:33,781] {dag.py:2928} INFO - Setting next_dagrun for example_task_group to 2021-12-06T17:14:33.781066+00:00
[2021-12-07 12:14:33,791] {processor.py:171} INFO - Processing /Users/ballakeerthi/opt/anaconda3/lib/python3.8/site-packages/airflow/example_dags/example_task_group.py took 0.082 seconds
[2021-12-07 12:16:06,836] {processor.py:163} INFO - Started process (PID=6480) to work on /Users/ballakeerthi/opt/anaconda3/lib/python3.8/site-packages/airflow/example_dags/example_task_group.py
[2021-12-07 12:16:06,836] {processor.py:625} INFO - Processing file /Users/ballakeerthi/opt/anaconda3/lib/python3.8/site-packages/airflow/example_dags/example_task_group.py for tasks to queue
[2021-12-07 12:16:06,837] {logging_mixin.py:109} INFO - [2021-12-07 12:16:06,836] {dagbag.py:500} INFO - Filling up the DagBag from /Users/ballakeerthi/opt/anaconda3/lib/python3.8/site-packages/airflow/example_dags/example_task_group.py
[2021-12-07 12:16:06,883] {processor.py:637} INFO - DAG(s) dict_keys(['example_task_group']) retrieved from /Users/ballakeerthi/opt/anaconda3/lib/python3.8/site-packages/airflow/example_dags/example_task_group.py
[2021-12-07 12:16:06,900] {logging_mixin.py:109} INFO - [2021-12-07 12:16:06,900] {dag.py:2396} INFO - Sync 1 DAGs
[2021-12-07 12:16:06,907] {logging_mixin.py:109} INFO - [2021-12-07 12:16:06,907] {dag.py:2928} INFO - Setting next_dagrun for example_task_group to 2021-12-06T17:16:06.907664+00:00
[2021-12-07 12:16:06,916] {processor.py:171} INFO - Processing /Users/ballakeerthi/opt/anaconda3/lib/python3.8/site-packages/airflow/example_dags/example_task_group.py took 0.081 seconds
[2021-12-07 12:17:30,339] {processor.py:163} INFO - Started process (PID=6533) to work on /Users/ballakeerthi/opt/anaconda3/lib/python3.8/site-packages/airflow/example_dags/example_task_group.py
[2021-12-07 12:17:30,345] {processor.py:625} INFO - Processing file /Users/ballakeerthi/opt/anaconda3/lib/python3.8/site-packages/airflow/example_dags/example_task_group.py for tasks to queue
[2021-12-07 12:17:30,346] {logging_mixin.py:109} INFO - [2021-12-07 12:17:30,346] {dagbag.py:500} INFO - Filling up the DagBag from /Users/ballakeerthi/opt/anaconda3/lib/python3.8/site-packages/airflow/example_dags/example_task_group.py
[2021-12-07 12:17:30,376] {processor.py:637} INFO - DAG(s) dict_keys(['example_task_group']) retrieved from /Users/ballakeerthi/opt/anaconda3/lib/python3.8/site-packages/airflow/example_dags/example_task_group.py
[2021-12-07 12:17:30,392] {logging_mixin.py:109} INFO - [2021-12-07 12:17:30,392] {dag.py:2396} INFO - Sync 1 DAGs
[2021-12-07 12:17:30,400] {logging_mixin.py:109} INFO - [2021-12-07 12:17:30,400] {dag.py:2928} INFO - Setting next_dagrun for example_task_group to 2021-12-06T17:17:30.400431+00:00
[2021-12-07 12:17:30,409] {processor.py:171} INFO - Processing /Users/ballakeerthi/opt/anaconda3/lib/python3.8/site-packages/airflow/example_dags/example_task_group.py took 0.070 seconds
[2021-12-07 12:19:07,315] {processor.py:163} INFO - Started process (PID=6586) to work on /Users/ballakeerthi/opt/anaconda3/lib/python3.8/site-packages/airflow/example_dags/example_task_group.py
[2021-12-07 12:19:07,316] {processor.py:625} INFO - Processing file /Users/ballakeerthi/opt/anaconda3/lib/python3.8/site-packages/airflow/example_dags/example_task_group.py for tasks to queue
[2021-12-07 12:19:07,316] {logging_mixin.py:109} INFO - [2021-12-07 12:19:07,316] {dagbag.py:500} INFO - Filling up the DagBag from /Users/ballakeerthi/opt/anaconda3/lib/python3.8/site-packages/airflow/example_dags/example_task_group.py
[2021-12-07 12:19:07,350] {processor.py:637} INFO - DAG(s) dict_keys(['example_task_group']) retrieved from /Users/ballakeerthi/opt/anaconda3/lib/python3.8/site-packages/airflow/example_dags/example_task_group.py
[2021-12-07 12:19:07,369] {logging_mixin.py:109} INFO - [2021-12-07 12:19:07,369] {dag.py:2396} INFO - Sync 1 DAGs
[2021-12-07 12:19:07,376] {logging_mixin.py:109} INFO - [2021-12-07 12:19:07,376] {dag.py:2928} INFO - Setting next_dagrun for example_task_group to 2021-12-06T17:19:07.376053+00:00
[2021-12-07 12:19:07,384] {processor.py:171} INFO - Processing /Users/ballakeerthi/opt/anaconda3/lib/python3.8/site-packages/airflow/example_dags/example_task_group.py took 0.070 seconds
[2021-12-07 12:20:34,983] {processor.py:163} INFO - Started process (PID=6643) to work on /Users/ballakeerthi/opt/anaconda3/lib/python3.8/site-packages/airflow/example_dags/example_task_group.py
[2021-12-07 12:20:34,989] {processor.py:625} INFO - Processing file /Users/ballakeerthi/opt/anaconda3/lib/python3.8/site-packages/airflow/example_dags/example_task_group.py for tasks to queue
[2021-12-07 12:20:34,990] {logging_mixin.py:109} INFO - [2021-12-07 12:20:34,990] {dagbag.py:500} INFO - Filling up the DagBag from /Users/ballakeerthi/opt/anaconda3/lib/python3.8/site-packages/airflow/example_dags/example_task_group.py
[2021-12-07 12:20:35,032] {processor.py:637} INFO - DAG(s) dict_keys(['example_task_group']) retrieved from /Users/ballakeerthi/opt/anaconda3/lib/python3.8/site-packages/airflow/example_dags/example_task_group.py
[2021-12-07 12:20:35,053] {logging_mixin.py:109} INFO - [2021-12-07 12:20:35,053] {dag.py:2396} INFO - Sync 1 DAGs
[2021-12-07 12:20:35,061] {logging_mixin.py:109} INFO - [2021-12-07 12:20:35,061] {dag.py:2928} INFO - Setting next_dagrun for example_task_group to 2021-12-06T17:20:35.061485+00:00
[2021-12-07 12:20:35,070] {processor.py:171} INFO - Processing /Users/ballakeerthi/opt/anaconda3/lib/python3.8/site-packages/airflow/example_dags/example_task_group.py took 0.087 seconds
[2021-12-07 12:22:00,387] {processor.py:163} INFO - Started process (PID=6699) to work on /Users/ballakeerthi/opt/anaconda3/lib/python3.8/site-packages/airflow/example_dags/example_task_group.py
[2021-12-07 12:22:00,393] {processor.py:625} INFO - Processing file /Users/ballakeerthi/opt/anaconda3/lib/python3.8/site-packages/airflow/example_dags/example_task_group.py for tasks to queue
[2021-12-07 12:22:00,394] {logging_mixin.py:109} INFO - [2021-12-07 12:22:00,394] {dagbag.py:500} INFO - Filling up the DagBag from /Users/ballakeerthi/opt/anaconda3/lib/python3.8/site-packages/airflow/example_dags/example_task_group.py
[2021-12-07 12:22:00,425] {processor.py:637} INFO - DAG(s) dict_keys(['example_task_group']) retrieved from /Users/ballakeerthi/opt/anaconda3/lib/python3.8/site-packages/airflow/example_dags/example_task_group.py
[2021-12-07 12:22:00,443] {logging_mixin.py:109} INFO - [2021-12-07 12:22:00,443] {dag.py:2396} INFO - Sync 1 DAGs
[2021-12-07 12:22:00,452] {logging_mixin.py:109} INFO - [2021-12-07 12:22:00,452] {dag.py:2928} INFO - Setting next_dagrun for example_task_group to 2021-12-06T17:22:00.452275+00:00
[2021-12-07 12:22:00,461] {processor.py:171} INFO - Processing /Users/ballakeerthi/opt/anaconda3/lib/python3.8/site-packages/airflow/example_dags/example_task_group.py took 0.075 seconds
[2021-12-07 12:23:23,083] {processor.py:163} INFO - Started process (PID=6751) to work on /Users/ballakeerthi/opt/anaconda3/lib/python3.8/site-packages/airflow/example_dags/example_task_group.py
[2021-12-07 12:23:23,084] {processor.py:625} INFO - Processing file /Users/ballakeerthi/opt/anaconda3/lib/python3.8/site-packages/airflow/example_dags/example_task_group.py for tasks to queue
[2021-12-07 12:23:23,084] {logging_mixin.py:109} INFO - [2021-12-07 12:23:23,084] {dagbag.py:500} INFO - Filling up the DagBag from /Users/ballakeerthi/opt/anaconda3/lib/python3.8/site-packages/airflow/example_dags/example_task_group.py
[2021-12-07 12:23:23,120] {processor.py:637} INFO - DAG(s) dict_keys(['example_task_group']) retrieved from /Users/ballakeerthi/opt/anaconda3/lib/python3.8/site-packages/airflow/example_dags/example_task_group.py
[2021-12-07 12:23:23,143] {logging_mixin.py:109} INFO - [2021-12-07 12:23:23,143] {dag.py:2396} INFO - Sync 1 DAGs
[2021-12-07 12:23:23,154] {logging_mixin.py:109} INFO - [2021-12-07 12:23:23,154] {dag.py:2928} INFO - Setting next_dagrun for example_task_group to 2021-12-06T17:23:23.154475+00:00
[2021-12-07 12:23:23,164] {processor.py:171} INFO - Processing /Users/ballakeerthi/opt/anaconda3/lib/python3.8/site-packages/airflow/example_dags/example_task_group.py took 0.081 seconds
[2021-12-07 12:24:45,333] {processor.py:163} INFO - Started process (PID=6807) to work on /Users/ballakeerthi/opt/anaconda3/lib/python3.8/site-packages/airflow/example_dags/example_task_group.py
[2021-12-07 12:24:45,333] {processor.py:625} INFO - Processing file /Users/ballakeerthi/opt/anaconda3/lib/python3.8/site-packages/airflow/example_dags/example_task_group.py for tasks to queue
[2021-12-07 12:24:45,333] {logging_mixin.py:109} INFO - [2021-12-07 12:24:45,333] {dagbag.py:500} INFO - Filling up the DagBag from /Users/ballakeerthi/opt/anaconda3/lib/python3.8/site-packages/airflow/example_dags/example_task_group.py
[2021-12-07 12:24:45,360] {processor.py:637} INFO - DAG(s) dict_keys(['example_task_group']) retrieved from /Users/ballakeerthi/opt/anaconda3/lib/python3.8/site-packages/airflow/example_dags/example_task_group.py
[2021-12-07 12:24:45,375] {logging_mixin.py:109} INFO - [2021-12-07 12:24:45,375] {dag.py:2396} INFO - Sync 1 DAGs
[2021-12-07 12:24:45,382] {logging_mixin.py:109} INFO - [2021-12-07 12:24:45,382] {dag.py:2928} INFO - Setting next_dagrun for example_task_group to 2021-12-06T17:24:45.382415+00:00
[2021-12-07 12:24:45,388] {processor.py:171} INFO - Processing /Users/ballakeerthi/opt/anaconda3/lib/python3.8/site-packages/airflow/example_dags/example_task_group.py took 0.056 seconds
[2021-12-07 13:24:40,394] {processor.py:163} INFO - Started process (PID=6979) to work on /Users/ballakeerthi/opt/anaconda3/lib/python3.8/site-packages/airflow/example_dags/example_task_group.py
[2021-12-07 13:24:40,395] {processor.py:625} INFO - Processing file /Users/ballakeerthi/opt/anaconda3/lib/python3.8/site-packages/airflow/example_dags/example_task_group.py for tasks to queue
[2021-12-07 13:24:40,396] {logging_mixin.py:109} INFO - [2021-12-07 13:24:40,396] {dagbag.py:500} INFO - Filling up the DagBag from /Users/ballakeerthi/opt/anaconda3/lib/python3.8/site-packages/airflow/example_dags/example_task_group.py
[2021-12-07 13:24:40,447] {processor.py:637} INFO - DAG(s) dict_keys(['example_task_group']) retrieved from /Users/ballakeerthi/opt/anaconda3/lib/python3.8/site-packages/airflow/example_dags/example_task_group.py
[2021-12-07 13:24:40,469] {logging_mixin.py:109} INFO - [2021-12-07 13:24:40,469] {dag.py:2396} INFO - Sync 1 DAGs
[2021-12-07 13:24:40,477] {logging_mixin.py:109} INFO - [2021-12-07 13:24:40,477] {dag.py:2928} INFO - Setting next_dagrun for example_task_group to 2021-12-06T18:24:40.477707+00:00
[2021-12-07 13:24:40,487] {processor.py:171} INFO - Processing /Users/ballakeerthi/opt/anaconda3/lib/python3.8/site-packages/airflow/example_dags/example_task_group.py took 0.093 seconds
[2021-12-07 13:26:32,577] {processor.py:163} INFO - Started process (PID=7061) to work on /Users/ballakeerthi/opt/anaconda3/lib/python3.8/site-packages/airflow/example_dags/example_task_group.py
[2021-12-07 13:26:32,582] {processor.py:625} INFO - Processing file /Users/ballakeerthi/opt/anaconda3/lib/python3.8/site-packages/airflow/example_dags/example_task_group.py for tasks to queue
[2021-12-07 13:26:32,583] {logging_mixin.py:109} INFO - [2021-12-07 13:26:32,583] {dagbag.py:500} INFO - Filling up the DagBag from /Users/ballakeerthi/opt/anaconda3/lib/python3.8/site-packages/airflow/example_dags/example_task_group.py
[2021-12-07 13:26:32,619] {processor.py:637} INFO - DAG(s) dict_keys(['example_task_group']) retrieved from /Users/ballakeerthi/opt/anaconda3/lib/python3.8/site-packages/airflow/example_dags/example_task_group.py
[2021-12-07 13:26:32,642] {logging_mixin.py:109} INFO - [2021-12-07 13:26:32,642] {dag.py:2396} INFO - Sync 1 DAGs
[2021-12-07 13:26:32,649] {logging_mixin.py:109} INFO - [2021-12-07 13:26:32,649] {dag.py:2928} INFO - Setting next_dagrun for example_task_group to 2021-12-06T18:26:32.649265+00:00
[2021-12-07 13:26:32,660] {processor.py:171} INFO - Processing /Users/ballakeerthi/opt/anaconda3/lib/python3.8/site-packages/airflow/example_dags/example_task_group.py took 0.084 seconds
[2021-12-07 13:28:59,875] {processor.py:163} INFO - Started process (PID=7163) to work on /Users/ballakeerthi/opt/anaconda3/lib/python3.8/site-packages/airflow/example_dags/example_task_group.py
[2021-12-07 13:28:59,878] {processor.py:625} INFO - Processing file /Users/ballakeerthi/opt/anaconda3/lib/python3.8/site-packages/airflow/example_dags/example_task_group.py for tasks to queue
[2021-12-07 13:28:59,878] {logging_mixin.py:109} INFO - [2021-12-07 13:28:59,878] {dagbag.py:500} INFO - Filling up the DagBag from /Users/ballakeerthi/opt/anaconda3/lib/python3.8/site-packages/airflow/example_dags/example_task_group.py
[2021-12-07 13:28:59,907] {processor.py:637} INFO - DAG(s) dict_keys(['example_task_group']) retrieved from /Users/ballakeerthi/opt/anaconda3/lib/python3.8/site-packages/airflow/example_dags/example_task_group.py
[2021-12-07 13:28:59,921] {logging_mixin.py:109} INFO - [2021-12-07 13:28:59,921] {dag.py:2396} INFO - Sync 1 DAGs
[2021-12-07 13:28:59,928] {logging_mixin.py:109} INFO - [2021-12-07 13:28:59,927] {dag.py:2928} INFO - Setting next_dagrun for example_task_group to 2021-12-06T18:28:59.927854+00:00
[2021-12-07 13:28:59,938] {processor.py:171} INFO - Processing /Users/ballakeerthi/opt/anaconda3/lib/python3.8/site-packages/airflow/example_dags/example_task_group.py took 0.063 seconds
[2021-12-07 13:31:12,230] {processor.py:163} INFO - Started process (PID=7271) to work on /Users/ballakeerthi/opt/anaconda3/lib/python3.8/site-packages/airflow/example_dags/example_task_group.py
[2021-12-07 13:31:12,236] {processor.py:625} INFO - Processing file /Users/ballakeerthi/opt/anaconda3/lib/python3.8/site-packages/airflow/example_dags/example_task_group.py for tasks to queue
[2021-12-07 13:31:12,236] {logging_mixin.py:109} INFO - [2021-12-07 13:31:12,236] {dagbag.py:500} INFO - Filling up the DagBag from /Users/ballakeerthi/opt/anaconda3/lib/python3.8/site-packages/airflow/example_dags/example_task_group.py
[2021-12-07 13:31:12,267] {processor.py:637} INFO - DAG(s) dict_keys(['example_task_group']) retrieved from /Users/ballakeerthi/opt/anaconda3/lib/python3.8/site-packages/airflow/example_dags/example_task_group.py
[2021-12-07 13:31:12,281] {logging_mixin.py:109} INFO - [2021-12-07 13:31:12,281] {dag.py:2396} INFO - Sync 1 DAGs
[2021-12-07 13:31:12,288] {logging_mixin.py:109} INFO - [2021-12-07 13:31:12,288] {dag.py:2928} INFO - Setting next_dagrun for example_task_group to 2021-12-06T18:31:12.287929+00:00
[2021-12-07 13:31:12,297] {processor.py:171} INFO - Processing /Users/ballakeerthi/opt/anaconda3/lib/python3.8/site-packages/airflow/example_dags/example_task_group.py took 0.067 seconds
[2021-12-07 13:33:32,444] {processor.py:163} INFO - Started process (PID=7374) to work on /Users/ballakeerthi/opt/anaconda3/lib/python3.8/site-packages/airflow/example_dags/example_task_group.py
[2021-12-07 13:33:32,445] {processor.py:625} INFO - Processing file /Users/ballakeerthi/opt/anaconda3/lib/python3.8/site-packages/airflow/example_dags/example_task_group.py for tasks to queue
[2021-12-07 13:33:32,445] {logging_mixin.py:109} INFO - [2021-12-07 13:33:32,445] {dagbag.py:500} INFO - Filling up the DagBag from /Users/ballakeerthi/opt/anaconda3/lib/python3.8/site-packages/airflow/example_dags/example_task_group.py
[2021-12-07 13:33:32,483] {processor.py:637} INFO - DAG(s) dict_keys(['example_task_group']) retrieved from /Users/ballakeerthi/opt/anaconda3/lib/python3.8/site-packages/airflow/example_dags/example_task_group.py
[2021-12-07 13:33:32,507] {logging_mixin.py:109} INFO - [2021-12-07 13:33:32,507] {dag.py:2396} INFO - Sync 1 DAGs
[2021-12-07 13:33:32,516] {logging_mixin.py:109} INFO - [2021-12-07 13:33:32,516] {dag.py:2928} INFO - Setting next_dagrun for example_task_group to 2021-12-06T18:33:32.516657+00:00
[2021-12-07 13:33:32,522] {processor.py:171} INFO - Processing /Users/ballakeerthi/opt/anaconda3/lib/python3.8/site-packages/airflow/example_dags/example_task_group.py took 0.079 seconds
[2021-12-07 13:35:13,617] {processor.py:163} INFO - Started process (PID=7482) to work on /Users/ballakeerthi/opt/anaconda3/lib/python3.8/site-packages/airflow/example_dags/example_task_group.py
[2021-12-07 13:35:13,623] {processor.py:625} INFO - Processing file /Users/ballakeerthi/opt/anaconda3/lib/python3.8/site-packages/airflow/example_dags/example_task_group.py for tasks to queue
[2021-12-07 13:35:13,624] {logging_mixin.py:109} INFO - [2021-12-07 13:35:13,624] {dagbag.py:500} INFO - Filling up the DagBag from /Users/ballakeerthi/opt/anaconda3/lib/python3.8/site-packages/airflow/example_dags/example_task_group.py
[2021-12-07 13:35:13,690] {processor.py:637} INFO - DAG(s) dict_keys(['example_task_group']) retrieved from /Users/ballakeerthi/opt/anaconda3/lib/python3.8/site-packages/airflow/example_dags/example_task_group.py
[2021-12-07 13:35:13,709] {logging_mixin.py:109} INFO - [2021-12-07 13:35:13,708] {dag.py:2396} INFO - Sync 1 DAGs
[2021-12-07 13:35:13,717] {logging_mixin.py:109} INFO - [2021-12-07 13:35:13,717] {dag.py:2928} INFO - Setting next_dagrun for example_task_group to 2021-12-06T18:35:13.717170+00:00
[2021-12-07 13:35:13,727] {processor.py:171} INFO - Processing /Users/ballakeerthi/opt/anaconda3/lib/python3.8/site-packages/airflow/example_dags/example_task_group.py took 0.110 seconds
[2021-12-07 13:36:40,633] {processor.py:163} INFO - Started process (PID=7551) to work on /Users/ballakeerthi/opt/anaconda3/lib/python3.8/site-packages/airflow/example_dags/example_task_group.py
[2021-12-07 13:36:40,633] {processor.py:625} INFO - Processing file /Users/ballakeerthi/opt/anaconda3/lib/python3.8/site-packages/airflow/example_dags/example_task_group.py for tasks to queue
[2021-12-07 13:36:40,634] {logging_mixin.py:109} INFO - [2021-12-07 13:36:40,634] {dagbag.py:500} INFO - Filling up the DagBag from /Users/ballakeerthi/opt/anaconda3/lib/python3.8/site-packages/airflow/example_dags/example_task_group.py
[2021-12-07 13:36:40,660] {processor.py:637} INFO - DAG(s) dict_keys(['example_task_group']) retrieved from /Users/ballakeerthi/opt/anaconda3/lib/python3.8/site-packages/airflow/example_dags/example_task_group.py
[2021-12-07 13:36:40,675] {logging_mixin.py:109} INFO - [2021-12-07 13:36:40,675] {dag.py:2396} INFO - Sync 1 DAGs
[2021-12-07 13:36:40,682] {logging_mixin.py:109} INFO - [2021-12-07 13:36:40,682] {dag.py:2928} INFO - Setting next_dagrun for example_task_group to 2021-12-06T18:36:40.682155+00:00
[2021-12-07 13:36:40,689] {processor.py:171} INFO - Processing /Users/ballakeerthi/opt/anaconda3/lib/python3.8/site-packages/airflow/example_dags/example_task_group.py took 0.057 seconds
[2021-12-07 13:38:03,058] {processor.py:163} INFO - Started process (PID=7622) to work on /Users/ballakeerthi/opt/anaconda3/lib/python3.8/site-packages/airflow/example_dags/example_task_group.py
[2021-12-07 13:38:03,061] {processor.py:625} INFO - Processing file /Users/ballakeerthi/opt/anaconda3/lib/python3.8/site-packages/airflow/example_dags/example_task_group.py for tasks to queue
[2021-12-07 13:38:03,061] {logging_mixin.py:109} INFO - [2021-12-07 13:38:03,061] {dagbag.py:500} INFO - Filling up the DagBag from /Users/ballakeerthi/opt/anaconda3/lib/python3.8/site-packages/airflow/example_dags/example_task_group.py
[2021-12-07 13:38:03,094] {processor.py:637} INFO - DAG(s) dict_keys(['example_task_group']) retrieved from /Users/ballakeerthi/opt/anaconda3/lib/python3.8/site-packages/airflow/example_dags/example_task_group.py
[2021-12-07 13:38:03,110] {logging_mixin.py:109} INFO - [2021-12-07 13:38:03,110] {dag.py:2396} INFO - Sync 1 DAGs
[2021-12-07 13:38:03,117] {logging_mixin.py:109} INFO - [2021-12-07 13:38:03,117] {dag.py:2928} INFO - Setting next_dagrun for example_task_group to 2021-12-06T18:38:03.116948+00:00
[2021-12-07 13:38:03,124] {processor.py:171} INFO - Processing /Users/ballakeerthi/opt/anaconda3/lib/python3.8/site-packages/airflow/example_dags/example_task_group.py took 0.067 seconds
[2021-12-07 13:39:31,300] {processor.py:163} INFO - Started process (PID=7718) to work on /Users/ballakeerthi/opt/anaconda3/lib/python3.8/site-packages/airflow/example_dags/example_task_group.py
[2021-12-07 13:39:31,302] {processor.py:625} INFO - Processing file /Users/ballakeerthi/opt/anaconda3/lib/python3.8/site-packages/airflow/example_dags/example_task_group.py for tasks to queue
[2021-12-07 13:39:31,302] {logging_mixin.py:109} INFO - [2021-12-07 13:39:31,302] {dagbag.py:500} INFO - Filling up the DagBag from /Users/ballakeerthi/opt/anaconda3/lib/python3.8/site-packages/airflow/example_dags/example_task_group.py
[2021-12-07 13:39:31,328] {processor.py:637} INFO - DAG(s) dict_keys(['example_task_group']) retrieved from /Users/ballakeerthi/opt/anaconda3/lib/python3.8/site-packages/airflow/example_dags/example_task_group.py
[2021-12-07 13:39:31,342] {logging_mixin.py:109} INFO - [2021-12-07 13:39:31,342] {dag.py:2396} INFO - Sync 1 DAGs
[2021-12-07 13:39:31,349] {logging_mixin.py:109} INFO - [2021-12-07 13:39:31,349] {dag.py:2928} INFO - Setting next_dagrun for example_task_group to 2021-12-06T18:39:31.349069+00:00
[2021-12-07 13:39:31,357] {processor.py:171} INFO - Processing /Users/ballakeerthi/opt/anaconda3/lib/python3.8/site-packages/airflow/example_dags/example_task_group.py took 0.058 seconds
[2021-12-07 13:40:56,581] {processor.py:163} INFO - Started process (PID=7792) to work on /Users/ballakeerthi/opt/anaconda3/lib/python3.8/site-packages/airflow/example_dags/example_task_group.py
[2021-12-07 13:40:56,583] {processor.py:625} INFO - Processing file /Users/ballakeerthi/opt/anaconda3/lib/python3.8/site-packages/airflow/example_dags/example_task_group.py for tasks to queue
[2021-12-07 13:40:56,584] {logging_mixin.py:109} INFO - [2021-12-07 13:40:56,584] {dagbag.py:500} INFO - Filling up the DagBag from /Users/ballakeerthi/opt/anaconda3/lib/python3.8/site-packages/airflow/example_dags/example_task_group.py
[2021-12-07 13:40:56,612] {processor.py:637} INFO - DAG(s) dict_keys(['example_task_group']) retrieved from /Users/ballakeerthi/opt/anaconda3/lib/python3.8/site-packages/airflow/example_dags/example_task_group.py
[2021-12-07 13:40:56,626] {logging_mixin.py:109} INFO - [2021-12-07 13:40:56,626] {dag.py:2396} INFO - Sync 1 DAGs
[2021-12-07 13:40:56,633] {logging_mixin.py:109} INFO - [2021-12-07 13:40:56,633] {dag.py:2928} INFO - Setting next_dagrun for example_task_group to 2021-12-06T18:40:56.633436+00:00
[2021-12-07 13:40:56,642] {processor.py:171} INFO - Processing /Users/ballakeerthi/opt/anaconda3/lib/python3.8/site-packages/airflow/example_dags/example_task_group.py took 0.062 seconds
[2021-12-07 13:43:30,927] {processor.py:163} INFO - Started process (PID=7907) to work on /Users/ballakeerthi/opt/anaconda3/lib/python3.8/site-packages/airflow/example_dags/example_task_group.py
[2021-12-07 13:43:30,932] {processor.py:625} INFO - Processing file /Users/ballakeerthi/opt/anaconda3/lib/python3.8/site-packages/airflow/example_dags/example_task_group.py for tasks to queue
[2021-12-07 13:43:30,933] {logging_mixin.py:109} INFO - [2021-12-07 13:43:30,933] {dagbag.py:500} INFO - Filling up the DagBag from /Users/ballakeerthi/opt/anaconda3/lib/python3.8/site-packages/airflow/example_dags/example_task_group.py
[2021-12-07 13:43:30,970] {processor.py:637} INFO - DAG(s) dict_keys(['example_task_group']) retrieved from /Users/ballakeerthi/opt/anaconda3/lib/python3.8/site-packages/airflow/example_dags/example_task_group.py
[2021-12-07 13:43:30,991] {logging_mixin.py:109} INFO - [2021-12-07 13:43:30,991] {dag.py:2396} INFO - Sync 1 DAGs
[2021-12-07 13:43:30,999] {logging_mixin.py:109} INFO - [2021-12-07 13:43:30,999] {dag.py:2928} INFO - Setting next_dagrun for example_task_group to 2021-12-06T18:43:30.998661+00:00
[2021-12-07 13:43:31,011] {processor.py:171} INFO - Processing /Users/ballakeerthi/opt/anaconda3/lib/python3.8/site-packages/airflow/example_dags/example_task_group.py took 0.085 seconds
[2021-12-07 13:44:58,990] {processor.py:163} INFO - Started process (PID=7972) to work on /Users/ballakeerthi/opt/anaconda3/lib/python3.8/site-packages/airflow/example_dags/example_task_group.py
[2021-12-07 13:44:58,990] {processor.py:625} INFO - Processing file /Users/ballakeerthi/opt/anaconda3/lib/python3.8/site-packages/airflow/example_dags/example_task_group.py for tasks to queue
[2021-12-07 13:44:58,991] {logging_mixin.py:109} INFO - [2021-12-07 13:44:58,990] {dagbag.py:500} INFO - Filling up the DagBag from /Users/ballakeerthi/opt/anaconda3/lib/python3.8/site-packages/airflow/example_dags/example_task_group.py
[2021-12-07 13:44:59,016] {processor.py:637} INFO - DAG(s) dict_keys(['example_task_group']) retrieved from /Users/ballakeerthi/opt/anaconda3/lib/python3.8/site-packages/airflow/example_dags/example_task_group.py
[2021-12-07 13:44:59,030] {logging_mixin.py:109} INFO - [2021-12-07 13:44:59,030] {dag.py:2396} INFO - Sync 1 DAGs
[2021-12-07 13:44:59,037] {logging_mixin.py:109} INFO - [2021-12-07 13:44:59,037] {dag.py:2928} INFO - Setting next_dagrun for example_task_group to 2021-12-06T18:44:59.036943+00:00
[2021-12-07 13:44:59,046] {processor.py:171} INFO - Processing /Users/ballakeerthi/opt/anaconda3/lib/python3.8/site-packages/airflow/example_dags/example_task_group.py took 0.057 seconds
[2021-12-07 14:06:15,438] {processor.py:163} INFO - Started process (PID=8195) to work on /Users/ballakeerthi/opt/anaconda3/lib/python3.8/site-packages/airflow/example_dags/example_task_group.py
[2021-12-07 14:06:15,439] {processor.py:625} INFO - Processing file /Users/ballakeerthi/opt/anaconda3/lib/python3.8/site-packages/airflow/example_dags/example_task_group.py for tasks to queue
[2021-12-07 14:06:15,439] {logging_mixin.py:109} INFO - [2021-12-07 14:06:15,439] {dagbag.py:500} INFO - Filling up the DagBag from /Users/ballakeerthi/opt/anaconda3/lib/python3.8/site-packages/airflow/example_dags/example_task_group.py
[2021-12-07 14:06:15,470] {processor.py:637} INFO - DAG(s) dict_keys(['example_task_group']) retrieved from /Users/ballakeerthi/opt/anaconda3/lib/python3.8/site-packages/airflow/example_dags/example_task_group.py
[2021-12-07 14:06:15,486] {logging_mixin.py:109} INFO - [2021-12-07 14:06:15,486] {dag.py:2396} INFO - Sync 1 DAGs
[2021-12-07 14:06:15,493] {logging_mixin.py:109} INFO - [2021-12-07 14:06:15,493] {dag.py:2928} INFO - Setting next_dagrun for example_task_group to 2021-12-06T19:06:15.492996+00:00
[2021-12-07 14:06:15,502] {processor.py:171} INFO - Processing /Users/ballakeerthi/opt/anaconda3/lib/python3.8/site-packages/airflow/example_dags/example_task_group.py took 0.064 seconds
