[2021-12-07 10:55:44,476] {processor.py:163} INFO - Started process (PID=2695) to work on /Users/ballakeerthi/opt/anaconda3/envs/airflow/lib/python3.9/site-packages/airflow/example_dags/example_task_group_decorator.py
[2021-12-07 10:55:44,477] {processor.py:625} INFO - Processing file /Users/ballakeerthi/opt/anaconda3/envs/airflow/lib/python3.9/site-packages/airflow/example_dags/example_task_group_decorator.py for tasks to queue
[2021-12-07 10:55:44,478] {logging_mixin.py:109} INFO - [2021-12-07 10:55:44,478] {dagbag.py:500} INFO - Filling up the DagBag from /Users/ballakeerthi/opt/anaconda3/envs/airflow/lib/python3.9/site-packages/airflow/example_dags/example_task_group_decorator.py
[2021-12-07 10:55:44,538] {processor.py:637} INFO - DAG(s) dict_keys(['example_task_group_decorator']) retrieved from /Users/ballakeerthi/opt/anaconda3/envs/airflow/lib/python3.9/site-packages/airflow/example_dags/example_task_group_decorator.py
[2021-12-07 10:55:44,938] {logging_mixin.py:109} INFO - [2021-12-07 10:55:44,938] {dag.py:2396} INFO - Sync 1 DAGs
[2021-12-07 10:55:44,947] {logging_mixin.py:109} INFO - [2021-12-07 10:55:44,947] {dag.py:2928} INFO - Setting next_dagrun for example_task_group_decorator to 2021-12-06T15:55:44.947282+00:00
[2021-12-07 10:55:44,957] {processor.py:171} INFO - Processing /Users/ballakeerthi/opt/anaconda3/envs/airflow/lib/python3.9/site-packages/airflow/example_dags/example_task_group_decorator.py took 0.482 seconds
[2021-12-07 10:57:35,606] {processor.py:163} INFO - Started process (PID=2783) to work on /Users/ballakeerthi/opt/anaconda3/envs/airflow/lib/python3.9/site-packages/airflow/example_dags/example_task_group_decorator.py
[2021-12-07 10:57:35,606] {processor.py:625} INFO - Processing file /Users/ballakeerthi/opt/anaconda3/envs/airflow/lib/python3.9/site-packages/airflow/example_dags/example_task_group_decorator.py for tasks to queue
[2021-12-07 10:57:35,608] {logging_mixin.py:109} INFO - [2021-12-07 10:57:35,608] {dagbag.py:500} INFO - Filling up the DagBag from /Users/ballakeerthi/opt/anaconda3/envs/airflow/lib/python3.9/site-packages/airflow/example_dags/example_task_group_decorator.py
[2021-12-07 10:57:35,667] {processor.py:637} INFO - DAG(s) dict_keys(['example_task_group_decorator']) retrieved from /Users/ballakeerthi/opt/anaconda3/envs/airflow/lib/python3.9/site-packages/airflow/example_dags/example_task_group_decorator.py
[2021-12-07 10:57:36,028] {logging_mixin.py:109} INFO - [2021-12-07 10:57:36,028] {dag.py:2396} INFO - Sync 1 DAGs
[2021-12-07 10:57:36,039] {logging_mixin.py:109} INFO - [2021-12-07 10:57:36,039] {dag.py:2928} INFO - Setting next_dagrun for example_task_group_decorator to 2021-12-06T15:57:36.039072+00:00
[2021-12-07 10:57:36,049] {processor.py:171} INFO - Processing /Users/ballakeerthi/opt/anaconda3/envs/airflow/lib/python3.9/site-packages/airflow/example_dags/example_task_group_decorator.py took 0.444 seconds
[2021-12-07 11:01:39,196] {processor.py:163} INFO - Started process (PID=3242) to work on /Users/ballakeerthi/opt/anaconda3/envs/airflow/lib/python3.9/site-packages/airflow/example_dags/example_task_group_decorator.py
[2021-12-07 11:01:39,197] {processor.py:625} INFO - Processing file /Users/ballakeerthi/opt/anaconda3/envs/airflow/lib/python3.9/site-packages/airflow/example_dags/example_task_group_decorator.py for tasks to queue
[2021-12-07 11:01:39,199] {logging_mixin.py:109} INFO - [2021-12-07 11:01:39,199] {dagbag.py:500} INFO - Filling up the DagBag from /Users/ballakeerthi/opt/anaconda3/envs/airflow/lib/python3.9/site-packages/airflow/example_dags/example_task_group_decorator.py
[2021-12-07 11:01:39,263] {processor.py:637} INFO - DAG(s) dict_keys(['example_task_group_decorator']) retrieved from /Users/ballakeerthi/opt/anaconda3/envs/airflow/lib/python3.9/site-packages/airflow/example_dags/example_task_group_decorator.py
[2021-12-07 11:01:39,684] {logging_mixin.py:109} INFO - [2021-12-07 11:01:39,684] {dag.py:2396} INFO - Sync 1 DAGs
[2021-12-07 11:01:39,695] {logging_mixin.py:109} INFO - [2021-12-07 11:01:39,694] {dag.py:2928} INFO - Setting next_dagrun for example_task_group_decorator to 2021-12-06T16:01:39.694801+00:00
[2021-12-07 11:01:39,706] {processor.py:171} INFO - Processing /Users/ballakeerthi/opt/anaconda3/envs/airflow/lib/python3.9/site-packages/airflow/example_dags/example_task_group_decorator.py took 0.510 seconds
[2021-12-07 11:03:25,322] {processor.py:163} INFO - Started process (PID=3423) to work on /Users/ballakeerthi/opt/anaconda3/envs/airflow/lib/python3.9/site-packages/airflow/example_dags/example_task_group_decorator.py
[2021-12-07 11:03:25,323] {processor.py:625} INFO - Processing file /Users/ballakeerthi/opt/anaconda3/envs/airflow/lib/python3.9/site-packages/airflow/example_dags/example_task_group_decorator.py for tasks to queue
[2021-12-07 11:03:25,324] {logging_mixin.py:109} INFO - [2021-12-07 11:03:25,324] {dagbag.py:500} INFO - Filling up the DagBag from /Users/ballakeerthi/opt/anaconda3/envs/airflow/lib/python3.9/site-packages/airflow/example_dags/example_task_group_decorator.py
[2021-12-07 11:03:25,375] {processor.py:637} INFO - DAG(s) dict_keys(['example_task_group_decorator']) retrieved from /Users/ballakeerthi/opt/anaconda3/envs/airflow/lib/python3.9/site-packages/airflow/example_dags/example_task_group_decorator.py
[2021-12-07 11:03:25,746] {logging_mixin.py:109} INFO - [2021-12-07 11:03:25,746] {dag.py:2396} INFO - Sync 1 DAGs
[2021-12-07 11:03:25,755] {logging_mixin.py:109} INFO - [2021-12-07 11:03:25,755] {dag.py:2928} INFO - Setting next_dagrun for example_task_group_decorator to 2021-12-06T16:03:25.755158+00:00
[2021-12-07 11:03:25,763] {processor.py:171} INFO - Processing /Users/ballakeerthi/opt/anaconda3/envs/airflow/lib/python3.9/site-packages/airflow/example_dags/example_task_group_decorator.py took 0.441 seconds
[2021-12-07 11:05:56,738] {processor.py:163} INFO - Started process (PID=3530) to work on /Users/ballakeerthi/opt/anaconda3/envs/airflow/lib/python3.9/site-packages/airflow/example_dags/example_task_group_decorator.py
[2021-12-07 11:05:56,744] {processor.py:625} INFO - Processing file /Users/ballakeerthi/opt/anaconda3/envs/airflow/lib/python3.9/site-packages/airflow/example_dags/example_task_group_decorator.py for tasks to queue
[2021-12-07 11:05:56,746] {logging_mixin.py:109} INFO - [2021-12-07 11:05:56,746] {dagbag.py:500} INFO - Filling up the DagBag from /Users/ballakeerthi/opt/anaconda3/envs/airflow/lib/python3.9/site-packages/airflow/example_dags/example_task_group_decorator.py
[2021-12-07 11:05:56,790] {processor.py:637} INFO - DAG(s) dict_keys(['example_task_group_decorator']) retrieved from /Users/ballakeerthi/opt/anaconda3/envs/airflow/lib/python3.9/site-packages/airflow/example_dags/example_task_group_decorator.py
[2021-12-07 11:05:56,983] {logging_mixin.py:109} INFO - [2021-12-07 11:05:56,983] {dag.py:2396} INFO - Sync 1 DAGs
[2021-12-07 11:05:56,991] {logging_mixin.py:109} INFO - [2021-12-07 11:05:56,991] {dag.py:2928} INFO - Setting next_dagrun for example_task_group_decorator to 2021-12-06T16:05:56.991429+00:00
[2021-12-07 11:05:56,998] {processor.py:171} INFO - Processing /Users/ballakeerthi/opt/anaconda3/envs/airflow/lib/python3.9/site-packages/airflow/example_dags/example_task_group_decorator.py took 0.261 seconds
[2021-12-07 11:08:38,963] {processor.py:163} INFO - Started process (PID=3595) to work on /Users/ballakeerthi/opt/anaconda3/lib/python3.8/site-packages/airflow/example_dags/example_task_group_decorator.py
[2021-12-07 11:08:38,966] {processor.py:625} INFO - Processing file /Users/ballakeerthi/opt/anaconda3/lib/python3.8/site-packages/airflow/example_dags/example_task_group_decorator.py for tasks to queue
[2021-12-07 11:08:38,966] {logging_mixin.py:109} INFO - [2021-12-07 11:08:38,966] {dagbag.py:500} INFO - Filling up the DagBag from /Users/ballakeerthi/opt/anaconda3/lib/python3.8/site-packages/airflow/example_dags/example_task_group_decorator.py
[2021-12-07 11:08:39,025] {processor.py:637} INFO - DAG(s) dict_keys(['example_task_group_decorator']) retrieved from /Users/ballakeerthi/opt/anaconda3/lib/python3.8/site-packages/airflow/example_dags/example_task_group_decorator.py
[2021-12-07 11:08:39,237] {logging_mixin.py:109} INFO - [2021-12-07 11:08:39,236] {dag.py:2396} INFO - Sync 1 DAGs
[2021-12-07 11:08:39,244] {logging_mixin.py:109} INFO - [2021-12-07 11:08:39,244] {dag.py:2928} INFO - Setting next_dagrun for example_task_group_decorator to 2021-12-06T16:08:39.244222+00:00
[2021-12-07 11:08:39,255] {processor.py:171} INFO - Processing /Users/ballakeerthi/opt/anaconda3/lib/python3.8/site-packages/airflow/example_dags/example_task_group_decorator.py took 0.292 seconds
[2021-12-07 11:10:44,165] {processor.py:163} INFO - Started process (PID=3684) to work on /Users/ballakeerthi/opt/anaconda3/lib/python3.8/site-packages/airflow/example_dags/example_task_group_decorator.py
[2021-12-07 11:10:44,171] {processor.py:625} INFO - Processing file /Users/ballakeerthi/opt/anaconda3/lib/python3.8/site-packages/airflow/example_dags/example_task_group_decorator.py for tasks to queue
[2021-12-07 11:10:44,172] {logging_mixin.py:109} INFO - [2021-12-07 11:10:44,172] {dagbag.py:500} INFO - Filling up the DagBag from /Users/ballakeerthi/opt/anaconda3/lib/python3.8/site-packages/airflow/example_dags/example_task_group_decorator.py
[2021-12-07 11:10:44,219] {processor.py:637} INFO - DAG(s) dict_keys(['example_task_group_decorator']) retrieved from /Users/ballakeerthi/opt/anaconda3/lib/python3.8/site-packages/airflow/example_dags/example_task_group_decorator.py
[2021-12-07 11:10:44,418] {logging_mixin.py:109} INFO - [2021-12-07 11:10:44,417] {dag.py:2396} INFO - Sync 1 DAGs
[2021-12-07 11:10:44,426] {logging_mixin.py:109} INFO - [2021-12-07 11:10:44,425] {dag.py:2928} INFO - Setting next_dagrun for example_task_group_decorator to 2021-12-06T16:10:44.425861+00:00
[2021-12-07 11:10:44,440] {processor.py:171} INFO - Processing /Users/ballakeerthi/opt/anaconda3/lib/python3.8/site-packages/airflow/example_dags/example_task_group_decorator.py took 0.275 seconds
[2021-12-07 11:12:13,682] {processor.py:163} INFO - Started process (PID=3751) to work on /Users/ballakeerthi/opt/anaconda3/lib/python3.8/site-packages/airflow/example_dags/example_task_group_decorator.py
[2021-12-07 11:12:13,685] {processor.py:625} INFO - Processing file /Users/ballakeerthi/opt/anaconda3/lib/python3.8/site-packages/airflow/example_dags/example_task_group_decorator.py for tasks to queue
[2021-12-07 11:12:13,685] {logging_mixin.py:109} INFO - [2021-12-07 11:12:13,685] {dagbag.py:500} INFO - Filling up the DagBag from /Users/ballakeerthi/opt/anaconda3/lib/python3.8/site-packages/airflow/example_dags/example_task_group_decorator.py
[2021-12-07 11:12:13,738] {processor.py:637} INFO - DAG(s) dict_keys(['example_task_group_decorator']) retrieved from /Users/ballakeerthi/opt/anaconda3/lib/python3.8/site-packages/airflow/example_dags/example_task_group_decorator.py
[2021-12-07 11:12:14,167] {logging_mixin.py:109} INFO - [2021-12-07 11:12:14,167] {dag.py:2396} INFO - Sync 1 DAGs
[2021-12-07 11:12:14,177] {logging_mixin.py:109} INFO - [2021-12-07 11:12:14,177] {dag.py:2928} INFO - Setting next_dagrun for example_task_group_decorator to 2021-12-06T16:12:14.176948+00:00
[2021-12-07 11:12:14,189] {processor.py:171} INFO - Processing /Users/ballakeerthi/opt/anaconda3/lib/python3.8/site-packages/airflow/example_dags/example_task_group_decorator.py took 0.507 seconds
[2021-12-07 11:13:37,813] {processor.py:163} INFO - Started process (PID=3812) to work on /Users/ballakeerthi/opt/anaconda3/lib/python3.8/site-packages/airflow/example_dags/example_task_group_decorator.py
[2021-12-07 11:13:37,813] {processor.py:625} INFO - Processing file /Users/ballakeerthi/opt/anaconda3/lib/python3.8/site-packages/airflow/example_dags/example_task_group_decorator.py for tasks to queue
[2021-12-07 11:13:37,814] {logging_mixin.py:109} INFO - [2021-12-07 11:13:37,814] {dagbag.py:500} INFO - Filling up the DagBag from /Users/ballakeerthi/opt/anaconda3/lib/python3.8/site-packages/airflow/example_dags/example_task_group_decorator.py
[2021-12-07 11:13:37,871] {processor.py:637} INFO - DAG(s) dict_keys(['example_task_group_decorator']) retrieved from /Users/ballakeerthi/opt/anaconda3/lib/python3.8/site-packages/airflow/example_dags/example_task_group_decorator.py
[2021-12-07 11:13:38,082] {logging_mixin.py:109} INFO - [2021-12-07 11:13:38,082] {dag.py:2396} INFO - Sync 1 DAGs
[2021-12-07 11:13:38,091] {logging_mixin.py:109} INFO - [2021-12-07 11:13:38,091] {dag.py:2928} INFO - Setting next_dagrun for example_task_group_decorator to 2021-12-06T16:13:38.091500+00:00
[2021-12-07 11:13:38,102] {processor.py:171} INFO - Processing /Users/ballakeerthi/opt/anaconda3/lib/python3.8/site-packages/airflow/example_dags/example_task_group_decorator.py took 0.289 seconds
[2021-12-07 11:15:00,848] {processor.py:163} INFO - Started process (PID=3870) to work on /Users/ballakeerthi/opt/anaconda3/lib/python3.8/site-packages/airflow/example_dags/example_task_group_decorator.py
[2021-12-07 11:15:00,849] {processor.py:625} INFO - Processing file /Users/ballakeerthi/opt/anaconda3/lib/python3.8/site-packages/airflow/example_dags/example_task_group_decorator.py for tasks to queue
[2021-12-07 11:15:00,849] {logging_mixin.py:109} INFO - [2021-12-07 11:15:00,849] {dagbag.py:500} INFO - Filling up the DagBag from /Users/ballakeerthi/opt/anaconda3/lib/python3.8/site-packages/airflow/example_dags/example_task_group_decorator.py
[2021-12-07 11:15:00,901] {processor.py:637} INFO - DAG(s) dict_keys(['example_task_group_decorator']) retrieved from /Users/ballakeerthi/opt/anaconda3/lib/python3.8/site-packages/airflow/example_dags/example_task_group_decorator.py
[2021-12-07 11:15:01,258] {logging_mixin.py:109} INFO - [2021-12-07 11:15:01,258] {dag.py:2396} INFO - Sync 1 DAGs
[2021-12-07 11:15:01,268] {logging_mixin.py:109} INFO - [2021-12-07 11:15:01,268] {dag.py:2928} INFO - Setting next_dagrun for example_task_group_decorator to 2021-12-06T16:15:01.267884+00:00
[2021-12-07 11:15:01,275] {processor.py:171} INFO - Processing /Users/ballakeerthi/opt/anaconda3/lib/python3.8/site-packages/airflow/example_dags/example_task_group_decorator.py took 0.427 seconds
[2021-12-07 11:16:18,666] {processor.py:163} INFO - Started process (PID=3926) to work on /Users/ballakeerthi/opt/anaconda3/lib/python3.8/site-packages/airflow/example_dags/example_task_group_decorator.py
[2021-12-07 11:16:18,672] {processor.py:625} INFO - Processing file /Users/ballakeerthi/opt/anaconda3/lib/python3.8/site-packages/airflow/example_dags/example_task_group_decorator.py for tasks to queue
[2021-12-07 11:16:18,672] {logging_mixin.py:109} INFO - [2021-12-07 11:16:18,672] {dagbag.py:500} INFO - Filling up the DagBag from /Users/ballakeerthi/opt/anaconda3/lib/python3.8/site-packages/airflow/example_dags/example_task_group_decorator.py
[2021-12-07 11:16:18,718] {processor.py:637} INFO - DAG(s) dict_keys(['example_task_group_decorator']) retrieved from /Users/ballakeerthi/opt/anaconda3/lib/python3.8/site-packages/airflow/example_dags/example_task_group_decorator.py
[2021-12-07 11:16:18,911] {logging_mixin.py:109} INFO - [2021-12-07 11:16:18,911] {dag.py:2396} INFO - Sync 1 DAGs
[2021-12-07 11:16:18,919] {logging_mixin.py:109} INFO - [2021-12-07 11:16:18,919] {dag.py:2928} INFO - Setting next_dagrun for example_task_group_decorator to 2021-12-06T16:16:18.919191+00:00
[2021-12-07 11:16:18,932] {processor.py:171} INFO - Processing /Users/ballakeerthi/opt/anaconda3/lib/python3.8/site-packages/airflow/example_dags/example_task_group_decorator.py took 0.267 seconds
[2021-12-07 11:17:38,934] {processor.py:163} INFO - Started process (PID=3981) to work on /Users/ballakeerthi/opt/anaconda3/lib/python3.8/site-packages/airflow/example_dags/example_task_group_decorator.py
[2021-12-07 11:17:38,934] {processor.py:625} INFO - Processing file /Users/ballakeerthi/opt/anaconda3/lib/python3.8/site-packages/airflow/example_dags/example_task_group_decorator.py for tasks to queue
[2021-12-07 11:17:38,935] {logging_mixin.py:109} INFO - [2021-12-07 11:17:38,935] {dagbag.py:500} INFO - Filling up the DagBag from /Users/ballakeerthi/opt/anaconda3/lib/python3.8/site-packages/airflow/example_dags/example_task_group_decorator.py
[2021-12-07 11:17:38,988] {processor.py:637} INFO - DAG(s) dict_keys(['example_task_group_decorator']) retrieved from /Users/ballakeerthi/opt/anaconda3/lib/python3.8/site-packages/airflow/example_dags/example_task_group_decorator.py
[2021-12-07 11:17:39,372] {logging_mixin.py:109} INFO - [2021-12-07 11:17:39,372] {dag.py:2396} INFO - Sync 1 DAGs
[2021-12-07 11:17:39,380] {logging_mixin.py:109} INFO - [2021-12-07 11:17:39,380] {dag.py:2928} INFO - Setting next_dagrun for example_task_group_decorator to 2021-12-06T16:17:39.380690+00:00
[2021-12-07 11:17:39,389] {processor.py:171} INFO - Processing /Users/ballakeerthi/opt/anaconda3/lib/python3.8/site-packages/airflow/example_dags/example_task_group_decorator.py took 0.456 seconds
[2021-12-07 11:18:54,048] {processor.py:163} INFO - Started process (PID=4035) to work on /Users/ballakeerthi/opt/anaconda3/lib/python3.8/site-packages/airflow/example_dags/example_task_group_decorator.py
[2021-12-07 11:18:54,054] {processor.py:625} INFO - Processing file /Users/ballakeerthi/opt/anaconda3/lib/python3.8/site-packages/airflow/example_dags/example_task_group_decorator.py for tasks to queue
[2021-12-07 11:18:54,054] {logging_mixin.py:109} INFO - [2021-12-07 11:18:54,054] {dagbag.py:500} INFO - Filling up the DagBag from /Users/ballakeerthi/opt/anaconda3/lib/python3.8/site-packages/airflow/example_dags/example_task_group_decorator.py
[2021-12-07 11:18:54,101] {processor.py:637} INFO - DAG(s) dict_keys(['example_task_group_decorator']) retrieved from /Users/ballakeerthi/opt/anaconda3/lib/python3.8/site-packages/airflow/example_dags/example_task_group_decorator.py
[2021-12-07 11:18:54,456] {logging_mixin.py:109} INFO - [2021-12-07 11:18:54,456] {dag.py:2396} INFO - Sync 1 DAGs
[2021-12-07 11:18:54,465] {logging_mixin.py:109} INFO - [2021-12-07 11:18:54,465] {dag.py:2928} INFO - Setting next_dagrun for example_task_group_decorator to 2021-12-06T16:18:54.465503+00:00
[2021-12-07 11:18:54,473] {processor.py:171} INFO - Processing /Users/ballakeerthi/opt/anaconda3/lib/python3.8/site-packages/airflow/example_dags/example_task_group_decorator.py took 0.425 seconds
[2021-12-07 11:20:15,448] {processor.py:163} INFO - Started process (PID=4098) to work on /Users/ballakeerthi/opt/anaconda3/lib/python3.8/site-packages/airflow/example_dags/example_task_group_decorator.py
[2021-12-07 11:20:15,449] {processor.py:625} INFO - Processing file /Users/ballakeerthi/opt/anaconda3/lib/python3.8/site-packages/airflow/example_dags/example_task_group_decorator.py for tasks to queue
[2021-12-07 11:20:15,450] {logging_mixin.py:109} INFO - [2021-12-07 11:20:15,449] {dagbag.py:500} INFO - Filling up the DagBag from /Users/ballakeerthi/opt/anaconda3/lib/python3.8/site-packages/airflow/example_dags/example_task_group_decorator.py
[2021-12-07 11:20:15,511] {processor.py:637} INFO - DAG(s) dict_keys(['example_task_group_decorator']) retrieved from /Users/ballakeerthi/opt/anaconda3/lib/python3.8/site-packages/airflow/example_dags/example_task_group_decorator.py
[2021-12-07 11:20:15,951] {logging_mixin.py:109} INFO - [2021-12-07 11:20:15,951] {dag.py:2396} INFO - Sync 1 DAGs
[2021-12-07 11:20:15,960] {logging_mixin.py:109} INFO - [2021-12-07 11:20:15,960] {dag.py:2928} INFO - Setting next_dagrun for example_task_group_decorator to 2021-12-06T16:20:15.960287+00:00
[2021-12-07 11:20:15,975] {processor.py:171} INFO - Processing /Users/ballakeerthi/opt/anaconda3/lib/python3.8/site-packages/airflow/example_dags/example_task_group_decorator.py took 0.527 seconds
[2021-12-07 11:21:44,143] {processor.py:163} INFO - Started process (PID=4183) to work on /Users/ballakeerthi/opt/anaconda3/lib/python3.8/site-packages/airflow/example_dags/example_task_group_decorator.py
[2021-12-07 11:21:44,145] {processor.py:625} INFO - Processing file /Users/ballakeerthi/opt/anaconda3/lib/python3.8/site-packages/airflow/example_dags/example_task_group_decorator.py for tasks to queue
[2021-12-07 11:21:44,145] {logging_mixin.py:109} INFO - [2021-12-07 11:21:44,145] {dagbag.py:500} INFO - Filling up the DagBag from /Users/ballakeerthi/opt/anaconda3/lib/python3.8/site-packages/airflow/example_dags/example_task_group_decorator.py
[2021-12-07 11:21:44,198] {processor.py:637} INFO - DAG(s) dict_keys(['example_task_group_decorator']) retrieved from /Users/ballakeerthi/opt/anaconda3/lib/python3.8/site-packages/airflow/example_dags/example_task_group_decorator.py
[2021-12-07 11:21:44,580] {logging_mixin.py:109} INFO - [2021-12-07 11:21:44,580] {dag.py:2396} INFO - Sync 1 DAGs
[2021-12-07 11:21:44,588] {logging_mixin.py:109} INFO - [2021-12-07 11:21:44,588] {dag.py:2928} INFO - Setting next_dagrun for example_task_group_decorator to 2021-12-06T16:21:44.588056+00:00
[2021-12-07 11:21:44,596] {processor.py:171} INFO - Processing /Users/ballakeerthi/opt/anaconda3/lib/python3.8/site-packages/airflow/example_dags/example_task_group_decorator.py took 0.454 seconds
[2021-12-07 11:23:05,540] {processor.py:163} INFO - Started process (PID=4253) to work on /Users/ballakeerthi/opt/anaconda3/lib/python3.8/site-packages/airflow/example_dags/example_task_group_decorator.py
[2021-12-07 11:23:05,542] {processor.py:625} INFO - Processing file /Users/ballakeerthi/opt/anaconda3/lib/python3.8/site-packages/airflow/example_dags/example_task_group_decorator.py for tasks to queue
[2021-12-07 11:23:05,543] {logging_mixin.py:109} INFO - [2021-12-07 11:23:05,542] {dagbag.py:500} INFO - Filling up the DagBag from /Users/ballakeerthi/opt/anaconda3/lib/python3.8/site-packages/airflow/example_dags/example_task_group_decorator.py
[2021-12-07 11:23:05,596] {processor.py:637} INFO - DAG(s) dict_keys(['example_task_group_decorator']) retrieved from /Users/ballakeerthi/opt/anaconda3/lib/python3.8/site-packages/airflow/example_dags/example_task_group_decorator.py
[2021-12-07 11:23:05,994] {logging_mixin.py:109} INFO - [2021-12-07 11:23:05,993] {dag.py:2396} INFO - Sync 1 DAGs
[2021-12-07 11:23:06,002] {logging_mixin.py:109} INFO - [2021-12-07 11:23:06,002] {dag.py:2928} INFO - Setting next_dagrun for example_task_group_decorator to 2021-12-06T16:23:06.002301+00:00
[2021-12-07 11:23:06,010] {processor.py:171} INFO - Processing /Users/ballakeerthi/opt/anaconda3/lib/python3.8/site-packages/airflow/example_dags/example_task_group_decorator.py took 0.471 seconds
[2021-12-07 11:24:25,894] {processor.py:163} INFO - Started process (PID=4315) to work on /Users/ballakeerthi/opt/anaconda3/lib/python3.8/site-packages/airflow/example_dags/example_task_group_decorator.py
[2021-12-07 11:24:25,900] {processor.py:625} INFO - Processing file /Users/ballakeerthi/opt/anaconda3/lib/python3.8/site-packages/airflow/example_dags/example_task_group_decorator.py for tasks to queue
[2021-12-07 11:24:25,900] {logging_mixin.py:109} INFO - [2021-12-07 11:24:25,900] {dagbag.py:500} INFO - Filling up the DagBag from /Users/ballakeerthi/opt/anaconda3/lib/python3.8/site-packages/airflow/example_dags/example_task_group_decorator.py
[2021-12-07 11:24:25,950] {processor.py:637} INFO - DAG(s) dict_keys(['example_task_group_decorator']) retrieved from /Users/ballakeerthi/opt/anaconda3/lib/python3.8/site-packages/airflow/example_dags/example_task_group_decorator.py
[2021-12-07 11:24:26,166] {logging_mixin.py:109} INFO - [2021-12-07 11:24:26,165] {dag.py:2396} INFO - Sync 1 DAGs
[2021-12-07 11:24:26,174] {logging_mixin.py:109} INFO - [2021-12-07 11:24:26,174] {dag.py:2928} INFO - Setting next_dagrun for example_task_group_decorator to 2021-12-06T16:24:26.173925+00:00
[2021-12-07 11:24:26,183] {processor.py:171} INFO - Processing /Users/ballakeerthi/opt/anaconda3/lib/python3.8/site-packages/airflow/example_dags/example_task_group_decorator.py took 0.289 seconds
[2021-12-07 11:25:55,271] {processor.py:163} INFO - Started process (PID=4376) to work on /Users/ballakeerthi/opt/anaconda3/lib/python3.8/site-packages/airflow/example_dags/example_task_group_decorator.py
[2021-12-07 11:25:55,272] {processor.py:625} INFO - Processing file /Users/ballakeerthi/opt/anaconda3/lib/python3.8/site-packages/airflow/example_dags/example_task_group_decorator.py for tasks to queue
[2021-12-07 11:25:55,273] {logging_mixin.py:109} INFO - [2021-12-07 11:25:55,272] {dagbag.py:500} INFO - Filling up the DagBag from /Users/ballakeerthi/opt/anaconda3/lib/python3.8/site-packages/airflow/example_dags/example_task_group_decorator.py
[2021-12-07 11:25:55,340] {processor.py:637} INFO - DAG(s) dict_keys(['example_task_group_decorator']) retrieved from /Users/ballakeerthi/opt/anaconda3/lib/python3.8/site-packages/airflow/example_dags/example_task_group_decorator.py
[2021-12-07 11:25:55,745] {logging_mixin.py:109} INFO - [2021-12-07 11:25:55,745] {dag.py:2396} INFO - Sync 1 DAGs
[2021-12-07 11:25:55,754] {logging_mixin.py:109} INFO - [2021-12-07 11:25:55,754] {dag.py:2928} INFO - Setting next_dagrun for example_task_group_decorator to 2021-12-06T16:25:55.754158+00:00
[2021-12-07 11:25:55,761] {processor.py:171} INFO - Processing /Users/ballakeerthi/opt/anaconda3/lib/python3.8/site-packages/airflow/example_dags/example_task_group_decorator.py took 0.490 seconds
[2021-12-07 11:27:19,639] {processor.py:163} INFO - Started process (PID=4433) to work on /Users/ballakeerthi/opt/anaconda3/lib/python3.8/site-packages/airflow/example_dags/example_task_group_decorator.py
[2021-12-07 11:27:19,645] {processor.py:625} INFO - Processing file /Users/ballakeerthi/opt/anaconda3/lib/python3.8/site-packages/airflow/example_dags/example_task_group_decorator.py for tasks to queue
[2021-12-07 11:27:19,645] {logging_mixin.py:109} INFO - [2021-12-07 11:27:19,645] {dagbag.py:500} INFO - Filling up the DagBag from /Users/ballakeerthi/opt/anaconda3/lib/python3.8/site-packages/airflow/example_dags/example_task_group_decorator.py
[2021-12-07 11:27:19,695] {processor.py:637} INFO - DAG(s) dict_keys(['example_task_group_decorator']) retrieved from /Users/ballakeerthi/opt/anaconda3/lib/python3.8/site-packages/airflow/example_dags/example_task_group_decorator.py
[2021-12-07 11:27:20,015] {logging_mixin.py:109} INFO - [2021-12-07 11:27:20,015] {dag.py:2396} INFO - Sync 1 DAGs
[2021-12-07 11:27:20,023] {logging_mixin.py:109} INFO - [2021-12-07 11:27:20,023] {dag.py:2928} INFO - Setting next_dagrun for example_task_group_decorator to 2021-12-06T16:27:20.023479+00:00
[2021-12-07 11:27:20,032] {processor.py:171} INFO - Processing /Users/ballakeerthi/opt/anaconda3/lib/python3.8/site-packages/airflow/example_dags/example_task_group_decorator.py took 0.394 seconds
[2021-12-07 11:28:44,701] {processor.py:163} INFO - Started process (PID=4504) to work on /Users/ballakeerthi/opt/anaconda3/lib/python3.8/site-packages/airflow/example_dags/example_task_group_decorator.py
[2021-12-07 11:28:44,707] {processor.py:625} INFO - Processing file /Users/ballakeerthi/opt/anaconda3/lib/python3.8/site-packages/airflow/example_dags/example_task_group_decorator.py for tasks to queue
[2021-12-07 11:28:44,708] {logging_mixin.py:109} INFO - [2021-12-07 11:28:44,707] {dagbag.py:500} INFO - Filling up the DagBag from /Users/ballakeerthi/opt/anaconda3/lib/python3.8/site-packages/airflow/example_dags/example_task_group_decorator.py
[2021-12-07 11:28:44,763] {processor.py:637} INFO - DAG(s) dict_keys(['example_task_group_decorator']) retrieved from /Users/ballakeerthi/opt/anaconda3/lib/python3.8/site-packages/airflow/example_dags/example_task_group_decorator.py
[2021-12-07 11:28:45,063] {logging_mixin.py:109} INFO - [2021-12-07 11:28:45,063] {dag.py:2396} INFO - Sync 1 DAGs
[2021-12-07 11:28:45,083] {logging_mixin.py:109} INFO - [2021-12-07 11:28:45,083] {dag.py:2928} INFO - Setting next_dagrun for example_task_group_decorator to 2021-12-06T16:28:45.083340+00:00
[2021-12-07 11:28:45,105] {processor.py:171} INFO - Processing /Users/ballakeerthi/opt/anaconda3/lib/python3.8/site-packages/airflow/example_dags/example_task_group_decorator.py took 0.404 seconds
[2021-12-07 11:30:26,512] {processor.py:163} INFO - Started process (PID=4692) to work on /Users/ballakeerthi/opt/anaconda3/lib/python3.8/site-packages/airflow/example_dags/example_task_group_decorator.py
[2021-12-07 11:30:26,517] {processor.py:625} INFO - Processing file /Users/ballakeerthi/opt/anaconda3/lib/python3.8/site-packages/airflow/example_dags/example_task_group_decorator.py for tasks to queue
[2021-12-07 11:30:26,518] {logging_mixin.py:109} INFO - [2021-12-07 11:30:26,518] {dagbag.py:500} INFO - Filling up the DagBag from /Users/ballakeerthi/opt/anaconda3/lib/python3.8/site-packages/airflow/example_dags/example_task_group_decorator.py
[2021-12-07 11:30:26,572] {processor.py:637} INFO - DAG(s) dict_keys(['example_task_group_decorator']) retrieved from /Users/ballakeerthi/opt/anaconda3/lib/python3.8/site-packages/airflow/example_dags/example_task_group_decorator.py
[2021-12-07 11:30:26,785] {logging_mixin.py:109} INFO - [2021-12-07 11:30:26,785] {dag.py:2396} INFO - Sync 1 DAGs
[2021-12-07 11:30:26,794] {logging_mixin.py:109} INFO - [2021-12-07 11:30:26,794] {dag.py:2928} INFO - Setting next_dagrun for example_task_group_decorator to 2021-12-06T16:30:26.794182+00:00
[2021-12-07 11:30:26,803] {processor.py:171} INFO - Processing /Users/ballakeerthi/opt/anaconda3/lib/python3.8/site-packages/airflow/example_dags/example_task_group_decorator.py took 0.292 seconds
[2021-12-07 11:32:10,796] {processor.py:163} INFO - Started process (PID=4773) to work on /Users/ballakeerthi/opt/anaconda3/lib/python3.8/site-packages/airflow/example_dags/example_task_group_decorator.py
[2021-12-07 11:32:10,798] {processor.py:625} INFO - Processing file /Users/ballakeerthi/opt/anaconda3/lib/python3.8/site-packages/airflow/example_dags/example_task_group_decorator.py for tasks to queue
[2021-12-07 11:32:10,799] {logging_mixin.py:109} INFO - [2021-12-07 11:32:10,799] {dagbag.py:500} INFO - Filling up the DagBag from /Users/ballakeerthi/opt/anaconda3/lib/python3.8/site-packages/airflow/example_dags/example_task_group_decorator.py
[2021-12-07 11:32:10,858] {processor.py:637} INFO - DAG(s) dict_keys(['example_task_group_decorator']) retrieved from /Users/ballakeerthi/opt/anaconda3/lib/python3.8/site-packages/airflow/example_dags/example_task_group_decorator.py
[2021-12-07 11:32:11,269] {logging_mixin.py:109} INFO - [2021-12-07 11:32:11,268] {dag.py:2396} INFO - Sync 1 DAGs
[2021-12-07 11:32:11,282] {logging_mixin.py:109} INFO - [2021-12-07 11:32:11,282] {dag.py:2928} INFO - Setting next_dagrun for example_task_group_decorator to 2021-12-06T16:32:11.282005+00:00
[2021-12-07 11:32:11,289] {processor.py:171} INFO - Processing /Users/ballakeerthi/opt/anaconda3/lib/python3.8/site-packages/airflow/example_dags/example_task_group_decorator.py took 0.493 seconds
[2021-12-07 11:33:55,572] {processor.py:163} INFO - Started process (PID=4839) to work on /Users/ballakeerthi/opt/anaconda3/lib/python3.8/site-packages/airflow/example_dags/example_task_group_decorator.py
[2021-12-07 11:33:55,579] {processor.py:625} INFO - Processing file /Users/ballakeerthi/opt/anaconda3/lib/python3.8/site-packages/airflow/example_dags/example_task_group_decorator.py for tasks to queue
[2021-12-07 11:33:55,579] {logging_mixin.py:109} INFO - [2021-12-07 11:33:55,579] {dagbag.py:500} INFO - Filling up the DagBag from /Users/ballakeerthi/opt/anaconda3/lib/python3.8/site-packages/airflow/example_dags/example_task_group_decorator.py
[2021-12-07 11:33:55,631] {processor.py:637} INFO - DAG(s) dict_keys(['example_task_group_decorator']) retrieved from /Users/ballakeerthi/opt/anaconda3/lib/python3.8/site-packages/airflow/example_dags/example_task_group_decorator.py
[2021-12-07 11:33:55,864] {logging_mixin.py:109} INFO - [2021-12-07 11:33:55,863] {dag.py:2396} INFO - Sync 1 DAGs
[2021-12-07 11:33:55,874] {logging_mixin.py:109} INFO - [2021-12-07 11:33:55,874] {dag.py:2928} INFO - Setting next_dagrun for example_task_group_decorator to 2021-12-06T16:33:55.874127+00:00
[2021-12-07 11:33:55,888] {processor.py:171} INFO - Processing /Users/ballakeerthi/opt/anaconda3/lib/python3.8/site-packages/airflow/example_dags/example_task_group_decorator.py took 0.316 seconds
[2021-12-07 11:35:34,724] {processor.py:163} INFO - Started process (PID=4907) to work on /Users/ballakeerthi/opt/anaconda3/lib/python3.8/site-packages/airflow/example_dags/example_task_group_decorator.py
[2021-12-07 11:35:34,727] {processor.py:625} INFO - Processing file /Users/ballakeerthi/opt/anaconda3/lib/python3.8/site-packages/airflow/example_dags/example_task_group_decorator.py for tasks to queue
[2021-12-07 11:35:34,727] {logging_mixin.py:109} INFO - [2021-12-07 11:35:34,727] {dagbag.py:500} INFO - Filling up the DagBag from /Users/ballakeerthi/opt/anaconda3/lib/python3.8/site-packages/airflow/example_dags/example_task_group_decorator.py
[2021-12-07 11:35:34,783] {processor.py:637} INFO - DAG(s) dict_keys(['example_task_group_decorator']) retrieved from /Users/ballakeerthi/opt/anaconda3/lib/python3.8/site-packages/airflow/example_dags/example_task_group_decorator.py
[2021-12-07 11:35:35,096] {logging_mixin.py:109} INFO - [2021-12-07 11:35:35,096] {dag.py:2396} INFO - Sync 1 DAGs
[2021-12-07 11:35:35,105] {logging_mixin.py:109} INFO - [2021-12-07 11:35:35,105] {dag.py:2928} INFO - Setting next_dagrun for example_task_group_decorator to 2021-12-06T16:35:35.104884+00:00
[2021-12-07 11:35:35,112] {processor.py:171} INFO - Processing /Users/ballakeerthi/opt/anaconda3/lib/python3.8/site-packages/airflow/example_dags/example_task_group_decorator.py took 0.389 seconds
[2021-12-07 11:37:23,752] {processor.py:163} INFO - Started process (PID=4973) to work on /Users/ballakeerthi/opt/anaconda3/lib/python3.8/site-packages/airflow/example_dags/example_task_group_decorator.py
[2021-12-07 11:37:23,753] {processor.py:625} INFO - Processing file /Users/ballakeerthi/opt/anaconda3/lib/python3.8/site-packages/airflow/example_dags/example_task_group_decorator.py for tasks to queue
[2021-12-07 11:37:23,754] {logging_mixin.py:109} INFO - [2021-12-07 11:37:23,754] {dagbag.py:500} INFO - Filling up the DagBag from /Users/ballakeerthi/opt/anaconda3/lib/python3.8/site-packages/airflow/example_dags/example_task_group_decorator.py
[2021-12-07 11:37:23,816] {processor.py:637} INFO - DAG(s) dict_keys(['example_task_group_decorator']) retrieved from /Users/ballakeerthi/opt/anaconda3/lib/python3.8/site-packages/airflow/example_dags/example_task_group_decorator.py
[2021-12-07 11:37:24,308] {logging_mixin.py:109} INFO - [2021-12-07 11:37:24,308] {dag.py:2396} INFO - Sync 1 DAGs
[2021-12-07 11:37:24,318] {logging_mixin.py:109} INFO - [2021-12-07 11:37:24,318] {dag.py:2928} INFO - Setting next_dagrun for example_task_group_decorator to 2021-12-06T16:37:24.318710+00:00
[2021-12-07 11:37:24,336] {processor.py:171} INFO - Processing /Users/ballakeerthi/opt/anaconda3/lib/python3.8/site-packages/airflow/example_dags/example_task_group_decorator.py took 0.584 seconds
[2021-12-07 11:38:59,473] {processor.py:163} INFO - Started process (PID=5037) to work on /Users/ballakeerthi/opt/anaconda3/lib/python3.8/site-packages/airflow/example_dags/example_task_group_decorator.py
[2021-12-07 11:38:59,479] {processor.py:625} INFO - Processing file /Users/ballakeerthi/opt/anaconda3/lib/python3.8/site-packages/airflow/example_dags/example_task_group_decorator.py for tasks to queue
[2021-12-07 11:38:59,480] {logging_mixin.py:109} INFO - [2021-12-07 11:38:59,480] {dagbag.py:500} INFO - Filling up the DagBag from /Users/ballakeerthi/opt/anaconda3/lib/python3.8/site-packages/airflow/example_dags/example_task_group_decorator.py
[2021-12-07 11:38:59,530] {processor.py:637} INFO - DAG(s) dict_keys(['example_task_group_decorator']) retrieved from /Users/ballakeerthi/opt/anaconda3/lib/python3.8/site-packages/airflow/example_dags/example_task_group_decorator.py
[2021-12-07 11:38:59,772] {logging_mixin.py:109} INFO - [2021-12-07 11:38:59,772] {dag.py:2396} INFO - Sync 1 DAGs
[2021-12-07 11:38:59,781] {logging_mixin.py:109} INFO - [2021-12-07 11:38:59,781] {dag.py:2928} INFO - Setting next_dagrun for example_task_group_decorator to 2021-12-06T16:38:59.781008+00:00
[2021-12-07 11:38:59,789] {processor.py:171} INFO - Processing /Users/ballakeerthi/opt/anaconda3/lib/python3.8/site-packages/airflow/example_dags/example_task_group_decorator.py took 0.316 seconds
[2021-12-07 11:40:23,029] {processor.py:163} INFO - Started process (PID=5093) to work on /Users/ballakeerthi/opt/anaconda3/lib/python3.8/site-packages/airflow/example_dags/example_task_group_decorator.py
[2021-12-07 11:40:23,035] {processor.py:625} INFO - Processing file /Users/ballakeerthi/opt/anaconda3/lib/python3.8/site-packages/airflow/example_dags/example_task_group_decorator.py for tasks to queue
[2021-12-07 11:40:23,035] {logging_mixin.py:109} INFO - [2021-12-07 11:40:23,035] {dagbag.py:500} INFO - Filling up the DagBag from /Users/ballakeerthi/opt/anaconda3/lib/python3.8/site-packages/airflow/example_dags/example_task_group_decorator.py
[2021-12-07 11:40:23,084] {processor.py:637} INFO - DAG(s) dict_keys(['example_task_group_decorator']) retrieved from /Users/ballakeerthi/opt/anaconda3/lib/python3.8/site-packages/airflow/example_dags/example_task_group_decorator.py
[2021-12-07 11:40:23,315] {logging_mixin.py:109} INFO - [2021-12-07 11:40:23,315] {dag.py:2396} INFO - Sync 1 DAGs
[2021-12-07 11:40:23,324] {logging_mixin.py:109} INFO - [2021-12-07 11:40:23,324] {dag.py:2928} INFO - Setting next_dagrun for example_task_group_decorator to 2021-12-06T16:40:23.323937+00:00
[2021-12-07 11:40:23,334] {processor.py:171} INFO - Processing /Users/ballakeerthi/opt/anaconda3/lib/python3.8/site-packages/airflow/example_dags/example_task_group_decorator.py took 0.306 seconds
[2021-12-07 11:42:05,682] {processor.py:163} INFO - Started process (PID=5152) to work on /Users/ballakeerthi/opt/anaconda3/lib/python3.8/site-packages/airflow/example_dags/example_task_group_decorator.py
[2021-12-07 11:42:05,683] {processor.py:625} INFO - Processing file /Users/ballakeerthi/opt/anaconda3/lib/python3.8/site-packages/airflow/example_dags/example_task_group_decorator.py for tasks to queue
[2021-12-07 11:42:05,683] {logging_mixin.py:109} INFO - [2021-12-07 11:42:05,683] {dagbag.py:500} INFO - Filling up the DagBag from /Users/ballakeerthi/opt/anaconda3/lib/python3.8/site-packages/airflow/example_dags/example_task_group_decorator.py
[2021-12-07 11:42:05,733] {processor.py:637} INFO - DAG(s) dict_keys(['example_task_group_decorator']) retrieved from /Users/ballakeerthi/opt/anaconda3/lib/python3.8/site-packages/airflow/example_dags/example_task_group_decorator.py
[2021-12-07 11:42:06,127] {logging_mixin.py:109} INFO - [2021-12-07 11:42:06,126] {dag.py:2396} INFO - Sync 1 DAGs
[2021-12-07 11:42:06,134] {logging_mixin.py:109} INFO - [2021-12-07 11:42:06,134] {dag.py:2928} INFO - Setting next_dagrun for example_task_group_decorator to 2021-12-06T16:42:06.134784+00:00
[2021-12-07 11:42:06,143] {processor.py:171} INFO - Processing /Users/ballakeerthi/opt/anaconda3/lib/python3.8/site-packages/airflow/example_dags/example_task_group_decorator.py took 0.462 seconds
[2021-12-07 11:43:33,609] {processor.py:163} INFO - Started process (PID=5205) to work on /Users/ballakeerthi/opt/anaconda3/lib/python3.8/site-packages/airflow/example_dags/example_task_group_decorator.py
[2021-12-07 11:43:33,609] {processor.py:625} INFO - Processing file /Users/ballakeerthi/opt/anaconda3/lib/python3.8/site-packages/airflow/example_dags/example_task_group_decorator.py for tasks to queue
[2021-12-07 11:43:33,610] {logging_mixin.py:109} INFO - [2021-12-07 11:43:33,610] {dagbag.py:500} INFO - Filling up the DagBag from /Users/ballakeerthi/opt/anaconda3/lib/python3.8/site-packages/airflow/example_dags/example_task_group_decorator.py
[2021-12-07 11:43:33,708] {processor.py:637} INFO - DAG(s) dict_keys(['example_task_group_decorator']) retrieved from /Users/ballakeerthi/opt/anaconda3/lib/python3.8/site-packages/airflow/example_dags/example_task_group_decorator.py
[2021-12-07 11:43:34,137] {logging_mixin.py:109} INFO - [2021-12-07 11:43:34,137] {dag.py:2396} INFO - Sync 1 DAGs
[2021-12-07 11:43:34,147] {logging_mixin.py:109} INFO - [2021-12-07 11:43:34,147] {dag.py:2928} INFO - Setting next_dagrun for example_task_group_decorator to 2021-12-06T16:43:34.147391+00:00
[2021-12-07 11:43:34,155] {processor.py:171} INFO - Processing /Users/ballakeerthi/opt/anaconda3/lib/python3.8/site-packages/airflow/example_dags/example_task_group_decorator.py took 0.546 seconds
[2021-12-07 11:45:01,105] {processor.py:163} INFO - Started process (PID=5262) to work on /Users/ballakeerthi/opt/anaconda3/lib/python3.8/site-packages/airflow/example_dags/example_task_group_decorator.py
[2021-12-07 11:45:01,111] {processor.py:625} INFO - Processing file /Users/ballakeerthi/opt/anaconda3/lib/python3.8/site-packages/airflow/example_dags/example_task_group_decorator.py for tasks to queue
[2021-12-07 11:45:01,112] {logging_mixin.py:109} INFO - [2021-12-07 11:45:01,112] {dagbag.py:500} INFO - Filling up the DagBag from /Users/ballakeerthi/opt/anaconda3/lib/python3.8/site-packages/airflow/example_dags/example_task_group_decorator.py
[2021-12-07 11:45:01,162] {processor.py:637} INFO - DAG(s) dict_keys(['example_task_group_decorator']) retrieved from /Users/ballakeerthi/opt/anaconda3/lib/python3.8/site-packages/airflow/example_dags/example_task_group_decorator.py
[2021-12-07 11:45:01,373] {logging_mixin.py:109} INFO - [2021-12-07 11:45:01,373] {dag.py:2396} INFO - Sync 1 DAGs
[2021-12-07 11:45:01,382] {logging_mixin.py:109} INFO - [2021-12-07 11:45:01,382] {dag.py:2928} INFO - Setting next_dagrun for example_task_group_decorator to 2021-12-06T16:45:01.382710+00:00
[2021-12-07 11:45:01,396] {processor.py:171} INFO - Processing /Users/ballakeerthi/opt/anaconda3/lib/python3.8/site-packages/airflow/example_dags/example_task_group_decorator.py took 0.292 seconds
[2021-12-07 11:46:26,062] {processor.py:163} INFO - Started process (PID=5319) to work on /Users/ballakeerthi/opt/anaconda3/lib/python3.8/site-packages/airflow/example_dags/example_task_group_decorator.py
[2021-12-07 11:46:26,067] {processor.py:625} INFO - Processing file /Users/ballakeerthi/opt/anaconda3/lib/python3.8/site-packages/airflow/example_dags/example_task_group_decorator.py for tasks to queue
[2021-12-07 11:46:26,068] {logging_mixin.py:109} INFO - [2021-12-07 11:46:26,067] {dagbag.py:500} INFO - Filling up the DagBag from /Users/ballakeerthi/opt/anaconda3/lib/python3.8/site-packages/airflow/example_dags/example_task_group_decorator.py
[2021-12-07 11:46:26,117] {processor.py:637} INFO - DAG(s) dict_keys(['example_task_group_decorator']) retrieved from /Users/ballakeerthi/opt/anaconda3/lib/python3.8/site-packages/airflow/example_dags/example_task_group_decorator.py
[2021-12-07 11:46:26,342] {logging_mixin.py:109} INFO - [2021-12-07 11:46:26,342] {dag.py:2396} INFO - Sync 1 DAGs
[2021-12-07 11:46:26,350] {logging_mixin.py:109} INFO - [2021-12-07 11:46:26,350] {dag.py:2928} INFO - Setting next_dagrun for example_task_group_decorator to 2021-12-06T16:46:26.350109+00:00
[2021-12-07 11:46:26,362] {processor.py:171} INFO - Processing /Users/ballakeerthi/opt/anaconda3/lib/python3.8/site-packages/airflow/example_dags/example_task_group_decorator.py took 0.301 seconds
[2021-12-07 11:48:13,095] {processor.py:163} INFO - Started process (PID=5386) to work on /Users/ballakeerthi/opt/anaconda3/lib/python3.8/site-packages/airflow/example_dags/example_task_group_decorator.py
[2021-12-07 11:48:13,101] {processor.py:625} INFO - Processing file /Users/ballakeerthi/opt/anaconda3/lib/python3.8/site-packages/airflow/example_dags/example_task_group_decorator.py for tasks to queue
[2021-12-07 11:48:13,102] {logging_mixin.py:109} INFO - [2021-12-07 11:48:13,101] {dagbag.py:500} INFO - Filling up the DagBag from /Users/ballakeerthi/opt/anaconda3/lib/python3.8/site-packages/airflow/example_dags/example_task_group_decorator.py
[2021-12-07 11:48:13,160] {processor.py:637} INFO - DAG(s) dict_keys(['example_task_group_decorator']) retrieved from /Users/ballakeerthi/opt/anaconda3/lib/python3.8/site-packages/airflow/example_dags/example_task_group_decorator.py
[2021-12-07 11:48:13,599] {logging_mixin.py:109} INFO - [2021-12-07 11:48:13,598] {dag.py:2396} INFO - Sync 1 DAGs
[2021-12-07 11:48:13,608] {logging_mixin.py:109} INFO - [2021-12-07 11:48:13,607] {dag.py:2928} INFO - Setting next_dagrun for example_task_group_decorator to 2021-12-06T16:48:13.607831+00:00
[2021-12-07 11:48:13,618] {processor.py:171} INFO - Processing /Users/ballakeerthi/opt/anaconda3/lib/python3.8/site-packages/airflow/example_dags/example_task_group_decorator.py took 0.523 seconds
[2021-12-07 11:50:07,066] {processor.py:163} INFO - Started process (PID=5458) to work on /Users/ballakeerthi/opt/anaconda3/lib/python3.8/site-packages/airflow/example_dags/example_task_group_decorator.py
[2021-12-07 11:50:07,072] {processor.py:625} INFO - Processing file /Users/ballakeerthi/opt/anaconda3/lib/python3.8/site-packages/airflow/example_dags/example_task_group_decorator.py for tasks to queue
[2021-12-07 11:50:07,073] {logging_mixin.py:109} INFO - [2021-12-07 11:50:07,073] {dagbag.py:500} INFO - Filling up the DagBag from /Users/ballakeerthi/opt/anaconda3/lib/python3.8/site-packages/airflow/example_dags/example_task_group_decorator.py
[2021-12-07 11:50:07,129] {processor.py:637} INFO - DAG(s) dict_keys(['example_task_group_decorator']) retrieved from /Users/ballakeerthi/opt/anaconda3/lib/python3.8/site-packages/airflow/example_dags/example_task_group_decorator.py
[2021-12-07 11:50:07,530] {logging_mixin.py:109} INFO - [2021-12-07 11:50:07,530] {dag.py:2396} INFO - Sync 1 DAGs
[2021-12-07 11:50:07,538] {logging_mixin.py:109} INFO - [2021-12-07 11:50:07,538] {dag.py:2928} INFO - Setting next_dagrun for example_task_group_decorator to 2021-12-06T16:50:07.538618+00:00
[2021-12-07 11:50:07,548] {processor.py:171} INFO - Processing /Users/ballakeerthi/opt/anaconda3/lib/python3.8/site-packages/airflow/example_dags/example_task_group_decorator.py took 0.483 seconds
[2021-12-07 11:52:14,780] {processor.py:163} INFO - Started process (PID=5537) to work on /Users/ballakeerthi/opt/anaconda3/lib/python3.8/site-packages/airflow/example_dags/example_task_group_decorator.py
[2021-12-07 11:52:14,783] {processor.py:625} INFO - Processing file /Users/ballakeerthi/opt/anaconda3/lib/python3.8/site-packages/airflow/example_dags/example_task_group_decorator.py for tasks to queue
[2021-12-07 11:52:14,783] {logging_mixin.py:109} INFO - [2021-12-07 11:52:14,783] {dagbag.py:500} INFO - Filling up the DagBag from /Users/ballakeerthi/opt/anaconda3/lib/python3.8/site-packages/airflow/example_dags/example_task_group_decorator.py
[2021-12-07 11:52:14,849] {processor.py:637} INFO - DAG(s) dict_keys(['example_task_group_decorator']) retrieved from /Users/ballakeerthi/opt/anaconda3/lib/python3.8/site-packages/airflow/example_dags/example_task_group_decorator.py
[2021-12-07 11:52:15,239] {logging_mixin.py:109} INFO - [2021-12-07 11:52:15,239] {dag.py:2396} INFO - Sync 1 DAGs
[2021-12-07 11:52:15,249] {logging_mixin.py:109} INFO - [2021-12-07 11:52:15,248] {dag.py:2928} INFO - Setting next_dagrun for example_task_group_decorator to 2021-12-06T16:52:15.248832+00:00
[2021-12-07 11:52:15,256] {processor.py:171} INFO - Processing /Users/ballakeerthi/opt/anaconda3/lib/python3.8/site-packages/airflow/example_dags/example_task_group_decorator.py took 0.476 seconds
[2021-12-07 11:53:55,765] {processor.py:163} INFO - Started process (PID=5600) to work on /Users/ballakeerthi/opt/anaconda3/lib/python3.8/site-packages/airflow/example_dags/example_task_group_decorator.py
[2021-12-07 11:53:55,771] {processor.py:625} INFO - Processing file /Users/ballakeerthi/opt/anaconda3/lib/python3.8/site-packages/airflow/example_dags/example_task_group_decorator.py for tasks to queue
[2021-12-07 11:53:55,771] {logging_mixin.py:109} INFO - [2021-12-07 11:53:55,771] {dagbag.py:500} INFO - Filling up the DagBag from /Users/ballakeerthi/opt/anaconda3/lib/python3.8/site-packages/airflow/example_dags/example_task_group_decorator.py
[2021-12-07 11:53:55,819] {processor.py:637} INFO - DAG(s) dict_keys(['example_task_group_decorator']) retrieved from /Users/ballakeerthi/opt/anaconda3/lib/python3.8/site-packages/airflow/example_dags/example_task_group_decorator.py
[2021-12-07 11:53:56,040] {logging_mixin.py:109} INFO - [2021-12-07 11:53:56,040] {dag.py:2396} INFO - Sync 1 DAGs
[2021-12-07 11:53:56,049] {logging_mixin.py:109} INFO - [2021-12-07 11:53:56,049] {dag.py:2928} INFO - Setting next_dagrun for example_task_group_decorator to 2021-12-06T16:53:56.049092+00:00
[2021-12-07 11:53:56,058] {processor.py:171} INFO - Processing /Users/ballakeerthi/opt/anaconda3/lib/python3.8/site-packages/airflow/example_dags/example_task_group_decorator.py took 0.293 seconds
[2021-12-07 11:55:17,171] {processor.py:163} INFO - Started process (PID=5652) to work on /Users/ballakeerthi/opt/anaconda3/lib/python3.8/site-packages/airflow/example_dags/example_task_group_decorator.py
[2021-12-07 11:55:17,177] {processor.py:625} INFO - Processing file /Users/ballakeerthi/opt/anaconda3/lib/python3.8/site-packages/airflow/example_dags/example_task_group_decorator.py for tasks to queue
[2021-12-07 11:55:17,177] {logging_mixin.py:109} INFO - [2021-12-07 11:55:17,177] {dagbag.py:500} INFO - Filling up the DagBag from /Users/ballakeerthi/opt/anaconda3/lib/python3.8/site-packages/airflow/example_dags/example_task_group_decorator.py
[2021-12-07 11:55:17,230] {processor.py:637} INFO - DAG(s) dict_keys(['example_task_group_decorator']) retrieved from /Users/ballakeerthi/opt/anaconda3/lib/python3.8/site-packages/airflow/example_dags/example_task_group_decorator.py
[2021-12-07 11:55:17,432] {logging_mixin.py:109} INFO - [2021-12-07 11:55:17,432] {dag.py:2396} INFO - Sync 1 DAGs
[2021-12-07 11:55:17,440] {logging_mixin.py:109} INFO - [2021-12-07 11:55:17,440] {dag.py:2928} INFO - Setting next_dagrun for example_task_group_decorator to 2021-12-06T16:55:17.440252+00:00
[2021-12-07 11:55:17,454] {processor.py:171} INFO - Processing /Users/ballakeerthi/opt/anaconda3/lib/python3.8/site-packages/airflow/example_dags/example_task_group_decorator.py took 0.284 seconds
[2021-12-07 11:56:47,997] {processor.py:163} INFO - Started process (PID=5732) to work on /Users/ballakeerthi/opt/anaconda3/lib/python3.8/site-packages/airflow/example_dags/example_task_group_decorator.py
[2021-12-07 11:56:48,003] {processor.py:625} INFO - Processing file /Users/ballakeerthi/opt/anaconda3/lib/python3.8/site-packages/airflow/example_dags/example_task_group_decorator.py for tasks to queue
[2021-12-07 11:56:48,003] {logging_mixin.py:109} INFO - [2021-12-07 11:56:48,003] {dagbag.py:500} INFO - Filling up the DagBag from /Users/ballakeerthi/opt/anaconda3/lib/python3.8/site-packages/airflow/example_dags/example_task_group_decorator.py
[2021-12-07 11:56:48,055] {processor.py:637} INFO - DAG(s) dict_keys(['example_task_group_decorator']) retrieved from /Users/ballakeerthi/opt/anaconda3/lib/python3.8/site-packages/airflow/example_dags/example_task_group_decorator.py
[2021-12-07 11:56:48,447] {logging_mixin.py:109} INFO - [2021-12-07 11:56:48,447] {dag.py:2396} INFO - Sync 1 DAGs
[2021-12-07 11:56:48,457] {logging_mixin.py:109} INFO - [2021-12-07 11:56:48,457] {dag.py:2928} INFO - Setting next_dagrun for example_task_group_decorator to 2021-12-06T16:56:48.457038+00:00
[2021-12-07 11:56:48,464] {processor.py:171} INFO - Processing /Users/ballakeerthi/opt/anaconda3/lib/python3.8/site-packages/airflow/example_dags/example_task_group_decorator.py took 0.467 seconds
[2021-12-07 11:58:10,213] {processor.py:163} INFO - Started process (PID=5788) to work on /Users/ballakeerthi/opt/anaconda3/lib/python3.8/site-packages/airflow/example_dags/example_task_group_decorator.py
[2021-12-07 11:58:10,219] {processor.py:625} INFO - Processing file /Users/ballakeerthi/opt/anaconda3/lib/python3.8/site-packages/airflow/example_dags/example_task_group_decorator.py for tasks to queue
[2021-12-07 11:58:10,220] {logging_mixin.py:109} INFO - [2021-12-07 11:58:10,219] {dagbag.py:500} INFO - Filling up the DagBag from /Users/ballakeerthi/opt/anaconda3/lib/python3.8/site-packages/airflow/example_dags/example_task_group_decorator.py
[2021-12-07 11:58:10,278] {processor.py:637} INFO - DAG(s) dict_keys(['example_task_group_decorator']) retrieved from /Users/ballakeerthi/opt/anaconda3/lib/python3.8/site-packages/airflow/example_dags/example_task_group_decorator.py
[2021-12-07 11:58:10,756] {logging_mixin.py:109} INFO - [2021-12-07 11:58:10,756] {dag.py:2396} INFO - Sync 1 DAGs
[2021-12-07 11:58:10,766] {logging_mixin.py:109} INFO - [2021-12-07 11:58:10,765] {dag.py:2928} INFO - Setting next_dagrun for example_task_group_decorator to 2021-12-06T16:58:10.765775+00:00
[2021-12-07 11:58:10,774] {processor.py:171} INFO - Processing /Users/ballakeerthi/opt/anaconda3/lib/python3.8/site-packages/airflow/example_dags/example_task_group_decorator.py took 0.562 seconds
[2021-12-07 11:59:46,344] {processor.py:163} INFO - Started process (PID=5859) to work on /Users/ballakeerthi/opt/anaconda3/lib/python3.8/site-packages/airflow/example_dags/example_task_group_decorator.py
[2021-12-07 11:59:46,351] {processor.py:625} INFO - Processing file /Users/ballakeerthi/opt/anaconda3/lib/python3.8/site-packages/airflow/example_dags/example_task_group_decorator.py for tasks to queue
[2021-12-07 11:59:46,352] {logging_mixin.py:109} INFO - [2021-12-07 11:59:46,352] {dagbag.py:500} INFO - Filling up the DagBag from /Users/ballakeerthi/opt/anaconda3/lib/python3.8/site-packages/airflow/example_dags/example_task_group_decorator.py
[2021-12-07 11:59:46,409] {processor.py:637} INFO - DAG(s) dict_keys(['example_task_group_decorator']) retrieved from /Users/ballakeerthi/opt/anaconda3/lib/python3.8/site-packages/airflow/example_dags/example_task_group_decorator.py
[2021-12-07 11:59:46,807] {logging_mixin.py:109} INFO - [2021-12-07 11:59:46,807] {dag.py:2396} INFO - Sync 1 DAGs
[2021-12-07 11:59:46,816] {logging_mixin.py:109} INFO - [2021-12-07 11:59:46,816] {dag.py:2928} INFO - Setting next_dagrun for example_task_group_decorator to 2021-12-06T16:59:46.816121+00:00
[2021-12-07 11:59:46,824] {processor.py:171} INFO - Processing /Users/ballakeerthi/opt/anaconda3/lib/python3.8/site-packages/airflow/example_dags/example_task_group_decorator.py took 0.480 seconds
[2021-12-07 12:01:12,003] {processor.py:163} INFO - Started process (PID=5913) to work on /Users/ballakeerthi/opt/anaconda3/lib/python3.8/site-packages/airflow/example_dags/example_task_group_decorator.py
[2021-12-07 12:01:12,004] {processor.py:625} INFO - Processing file /Users/ballakeerthi/opt/anaconda3/lib/python3.8/site-packages/airflow/example_dags/example_task_group_decorator.py for tasks to queue
[2021-12-07 12:01:12,004] {logging_mixin.py:109} INFO - [2021-12-07 12:01:12,004] {dagbag.py:500} INFO - Filling up the DagBag from /Users/ballakeerthi/opt/anaconda3/lib/python3.8/site-packages/airflow/example_dags/example_task_group_decorator.py
[2021-12-07 12:01:12,082] {processor.py:637} INFO - DAG(s) dict_keys(['example_task_group_decorator']) retrieved from /Users/ballakeerthi/opt/anaconda3/lib/python3.8/site-packages/airflow/example_dags/example_task_group_decorator.py
[2021-12-07 12:01:12,636] {logging_mixin.py:109} INFO - [2021-12-07 12:01:12,635] {dag.py:2396} INFO - Sync 1 DAGs
[2021-12-07 12:01:12,651] {logging_mixin.py:109} INFO - [2021-12-07 12:01:12,651] {dag.py:2928} INFO - Setting next_dagrun for example_task_group_decorator to 2021-12-06T17:01:12.651599+00:00
[2021-12-07 12:01:12,659] {processor.py:171} INFO - Processing /Users/ballakeerthi/opt/anaconda3/lib/python3.8/site-packages/airflow/example_dags/example_task_group_decorator.py took 0.657 seconds
[2021-12-07 12:02:37,778] {processor.py:163} INFO - Started process (PID=5968) to work on /Users/ballakeerthi/opt/anaconda3/lib/python3.8/site-packages/airflow/example_dags/example_task_group_decorator.py
[2021-12-07 12:02:37,779] {processor.py:625} INFO - Processing file /Users/ballakeerthi/opt/anaconda3/lib/python3.8/site-packages/airflow/example_dags/example_task_group_decorator.py for tasks to queue
[2021-12-07 12:02:37,779] {logging_mixin.py:109} INFO - [2021-12-07 12:02:37,779] {dagbag.py:500} INFO - Filling up the DagBag from /Users/ballakeerthi/opt/anaconda3/lib/python3.8/site-packages/airflow/example_dags/example_task_group_decorator.py
[2021-12-07 12:02:37,846] {processor.py:637} INFO - DAG(s) dict_keys(['example_task_group_decorator']) retrieved from /Users/ballakeerthi/opt/anaconda3/lib/python3.8/site-packages/airflow/example_dags/example_task_group_decorator.py
[2021-12-07 12:02:38,287] {logging_mixin.py:109} INFO - [2021-12-07 12:02:38,287] {dag.py:2396} INFO - Sync 1 DAGs
[2021-12-07 12:02:38,295] {logging_mixin.py:109} INFO - [2021-12-07 12:02:38,295] {dag.py:2928} INFO - Setting next_dagrun for example_task_group_decorator to 2021-12-06T17:02:38.295564+00:00
[2021-12-07 12:02:38,303] {processor.py:171} INFO - Processing /Users/ballakeerthi/opt/anaconda3/lib/python3.8/site-packages/airflow/example_dags/example_task_group_decorator.py took 0.525 seconds
[2021-12-07 12:04:14,323] {processor.py:163} INFO - Started process (PID=6023) to work on /Users/ballakeerthi/opt/anaconda3/lib/python3.8/site-packages/airflow/example_dags/example_task_group_decorator.py
[2021-12-07 12:04:14,323] {processor.py:625} INFO - Processing file /Users/ballakeerthi/opt/anaconda3/lib/python3.8/site-packages/airflow/example_dags/example_task_group_decorator.py for tasks to queue
[2021-12-07 12:04:14,324] {logging_mixin.py:109} INFO - [2021-12-07 12:04:14,324] {dagbag.py:500} INFO - Filling up the DagBag from /Users/ballakeerthi/opt/anaconda3/lib/python3.8/site-packages/airflow/example_dags/example_task_group_decorator.py
[2021-12-07 12:04:14,391] {processor.py:637} INFO - DAG(s) dict_keys(['example_task_group_decorator']) retrieved from /Users/ballakeerthi/opt/anaconda3/lib/python3.8/site-packages/airflow/example_dags/example_task_group_decorator.py
[2021-12-07 12:04:14,840] {logging_mixin.py:109} INFO - [2021-12-07 12:04:14,840] {dag.py:2396} INFO - Sync 1 DAGs
[2021-12-07 12:04:14,851] {logging_mixin.py:109} INFO - [2021-12-07 12:04:14,851] {dag.py:2928} INFO - Setting next_dagrun for example_task_group_decorator to 2021-12-06T17:04:14.850903+00:00
[2021-12-07 12:04:14,863] {processor.py:171} INFO - Processing /Users/ballakeerthi/opt/anaconda3/lib/python3.8/site-packages/airflow/example_dags/example_task_group_decorator.py took 0.541 seconds
[2021-12-07 12:05:52,187] {processor.py:163} INFO - Started process (PID=6085) to work on /Users/ballakeerthi/opt/anaconda3/lib/python3.8/site-packages/airflow/example_dags/example_task_group_decorator.py
[2021-12-07 12:05:52,193] {processor.py:625} INFO - Processing file /Users/ballakeerthi/opt/anaconda3/lib/python3.8/site-packages/airflow/example_dags/example_task_group_decorator.py for tasks to queue
[2021-12-07 12:05:52,194] {logging_mixin.py:109} INFO - [2021-12-07 12:05:52,194] {dagbag.py:500} INFO - Filling up the DagBag from /Users/ballakeerthi/opt/anaconda3/lib/python3.8/site-packages/airflow/example_dags/example_task_group_decorator.py
[2021-12-07 12:05:52,241] {processor.py:637} INFO - DAG(s) dict_keys(['example_task_group_decorator']) retrieved from /Users/ballakeerthi/opt/anaconda3/lib/python3.8/site-packages/airflow/example_dags/example_task_group_decorator.py
[2021-12-07 12:05:52,459] {logging_mixin.py:109} INFO - [2021-12-07 12:05:52,459] {dag.py:2396} INFO - Sync 1 DAGs
[2021-12-07 12:05:52,471] {logging_mixin.py:109} INFO - [2021-12-07 12:05:52,471] {dag.py:2928} INFO - Setting next_dagrun for example_task_group_decorator to 2021-12-06T17:05:52.471603+00:00
[2021-12-07 12:05:52,487] {processor.py:171} INFO - Processing /Users/ballakeerthi/opt/anaconda3/lib/python3.8/site-packages/airflow/example_dags/example_task_group_decorator.py took 0.300 seconds
[2021-12-07 12:07:19,525] {processor.py:163} INFO - Started process (PID=6140) to work on /Users/ballakeerthi/opt/anaconda3/lib/python3.8/site-packages/airflow/example_dags/example_task_group_decorator.py
[2021-12-07 12:07:19,526] {processor.py:625} INFO - Processing file /Users/ballakeerthi/opt/anaconda3/lib/python3.8/site-packages/airflow/example_dags/example_task_group_decorator.py for tasks to queue
[2021-12-07 12:07:19,526] {logging_mixin.py:109} INFO - [2021-12-07 12:07:19,526] {dagbag.py:500} INFO - Filling up the DagBag from /Users/ballakeerthi/opt/anaconda3/lib/python3.8/site-packages/airflow/example_dags/example_task_group_decorator.py
[2021-12-07 12:07:19,582] {processor.py:637} INFO - DAG(s) dict_keys(['example_task_group_decorator']) retrieved from /Users/ballakeerthi/opt/anaconda3/lib/python3.8/site-packages/airflow/example_dags/example_task_group_decorator.py
[2021-12-07 12:07:20,006] {logging_mixin.py:109} INFO - [2021-12-07 12:07:20,006] {dag.py:2396} INFO - Sync 1 DAGs
[2021-12-07 12:07:20,014] {logging_mixin.py:109} INFO - [2021-12-07 12:07:20,014] {dag.py:2928} INFO - Setting next_dagrun for example_task_group_decorator to 2021-12-06T17:07:20.014374+00:00
[2021-12-07 12:07:20,021] {processor.py:171} INFO - Processing /Users/ballakeerthi/opt/anaconda3/lib/python3.8/site-packages/airflow/example_dags/example_task_group_decorator.py took 0.497 seconds
[2021-12-07 12:08:44,082] {processor.py:163} INFO - Started process (PID=6200) to work on /Users/ballakeerthi/opt/anaconda3/lib/python3.8/site-packages/airflow/example_dags/example_task_group_decorator.py
[2021-12-07 12:08:44,088] {processor.py:625} INFO - Processing file /Users/ballakeerthi/opt/anaconda3/lib/python3.8/site-packages/airflow/example_dags/example_task_group_decorator.py for tasks to queue
[2021-12-07 12:08:44,089] {logging_mixin.py:109} INFO - [2021-12-07 12:08:44,088] {dagbag.py:500} INFO - Filling up the DagBag from /Users/ballakeerthi/opt/anaconda3/lib/python3.8/site-packages/airflow/example_dags/example_task_group_decorator.py
[2021-12-07 12:08:44,137] {processor.py:637} INFO - DAG(s) dict_keys(['example_task_group_decorator']) retrieved from /Users/ballakeerthi/opt/anaconda3/lib/python3.8/site-packages/airflow/example_dags/example_task_group_decorator.py
[2021-12-07 12:08:44,418] {logging_mixin.py:109} INFO - [2021-12-07 12:08:44,418] {dag.py:2396} INFO - Sync 1 DAGs
[2021-12-07 12:08:44,426] {logging_mixin.py:109} INFO - [2021-12-07 12:08:44,426] {dag.py:2928} INFO - Setting next_dagrun for example_task_group_decorator to 2021-12-06T17:08:44.426136+00:00
[2021-12-07 12:08:44,434] {processor.py:171} INFO - Processing /Users/ballakeerthi/opt/anaconda3/lib/python3.8/site-packages/airflow/example_dags/example_task_group_decorator.py took 0.352 seconds
[2021-12-07 12:10:11,701] {processor.py:163} INFO - Started process (PID=6256) to work on /Users/ballakeerthi/opt/anaconda3/lib/python3.8/site-packages/airflow/example_dags/example_task_group_decorator.py
[2021-12-07 12:10:11,707] {processor.py:625} INFO - Processing file /Users/ballakeerthi/opt/anaconda3/lib/python3.8/site-packages/airflow/example_dags/example_task_group_decorator.py for tasks to queue
[2021-12-07 12:10:11,707] {logging_mixin.py:109} INFO - [2021-12-07 12:10:11,707] {dagbag.py:500} INFO - Filling up the DagBag from /Users/ballakeerthi/opt/anaconda3/lib/python3.8/site-packages/airflow/example_dags/example_task_group_decorator.py
[2021-12-07 12:10:11,773] {processor.py:637} INFO - DAG(s) dict_keys(['example_task_group_decorator']) retrieved from /Users/ballakeerthi/opt/anaconda3/lib/python3.8/site-packages/airflow/example_dags/example_task_group_decorator.py
[2021-12-07 12:10:12,019] {logging_mixin.py:109} INFO - [2021-12-07 12:10:12,018] {dag.py:2396} INFO - Sync 1 DAGs
[2021-12-07 12:10:12,026] {logging_mixin.py:109} INFO - [2021-12-07 12:10:12,026] {dag.py:2928} INFO - Setting next_dagrun for example_task_group_decorator to 2021-12-06T17:10:12.026542+00:00
[2021-12-07 12:10:12,038] {processor.py:171} INFO - Processing /Users/ballakeerthi/opt/anaconda3/lib/python3.8/site-packages/airflow/example_dags/example_task_group_decorator.py took 0.338 seconds
[2021-12-07 12:11:36,309] {processor.py:163} INFO - Started process (PID=6310) to work on /Users/ballakeerthi/opt/anaconda3/lib/python3.8/site-packages/airflow/example_dags/example_task_group_decorator.py
[2021-12-07 12:11:36,315] {processor.py:625} INFO - Processing file /Users/ballakeerthi/opt/anaconda3/lib/python3.8/site-packages/airflow/example_dags/example_task_group_decorator.py for tasks to queue
[2021-12-07 12:11:36,316] {logging_mixin.py:109} INFO - [2021-12-07 12:11:36,315] {dagbag.py:500} INFO - Filling up the DagBag from /Users/ballakeerthi/opt/anaconda3/lib/python3.8/site-packages/airflow/example_dags/example_task_group_decorator.py
[2021-12-07 12:11:36,366] {processor.py:637} INFO - DAG(s) dict_keys(['example_task_group_decorator']) retrieved from /Users/ballakeerthi/opt/anaconda3/lib/python3.8/site-packages/airflow/example_dags/example_task_group_decorator.py
[2021-12-07 12:11:36,599] {logging_mixin.py:109} INFO - [2021-12-07 12:11:36,598] {dag.py:2396} INFO - Sync 1 DAGs
[2021-12-07 12:11:36,607] {logging_mixin.py:109} INFO - [2021-12-07 12:11:36,607] {dag.py:2928} INFO - Setting next_dagrun for example_task_group_decorator to 2021-12-06T17:11:36.607227+00:00
[2021-12-07 12:11:36,625] {processor.py:171} INFO - Processing /Users/ballakeerthi/opt/anaconda3/lib/python3.8/site-packages/airflow/example_dags/example_task_group_decorator.py took 0.316 seconds
[2021-12-07 12:13:02,561] {processor.py:163} INFO - Started process (PID=6364) to work on /Users/ballakeerthi/opt/anaconda3/lib/python3.8/site-packages/airflow/example_dags/example_task_group_decorator.py
[2021-12-07 12:13:02,563] {processor.py:625} INFO - Processing file /Users/ballakeerthi/opt/anaconda3/lib/python3.8/site-packages/airflow/example_dags/example_task_group_decorator.py for tasks to queue
[2021-12-07 12:13:02,563] {logging_mixin.py:109} INFO - [2021-12-07 12:13:02,563] {dagbag.py:500} INFO - Filling up the DagBag from /Users/ballakeerthi/opt/anaconda3/lib/python3.8/site-packages/airflow/example_dags/example_task_group_decorator.py
[2021-12-07 12:13:02,621] {processor.py:637} INFO - DAG(s) dict_keys(['example_task_group_decorator']) retrieved from /Users/ballakeerthi/opt/anaconda3/lib/python3.8/site-packages/airflow/example_dags/example_task_group_decorator.py
[2021-12-07 12:13:02,851] {logging_mixin.py:109} INFO - [2021-12-07 12:13:02,851] {dag.py:2396} INFO - Sync 1 DAGs
[2021-12-07 12:13:02,861] {logging_mixin.py:109} INFO - [2021-12-07 12:13:02,861] {dag.py:2928} INFO - Setting next_dagrun for example_task_group_decorator to 2021-12-06T17:13:02.861227+00:00
[2021-12-07 12:13:02,875] {processor.py:171} INFO - Processing /Users/ballakeerthi/opt/anaconda3/lib/python3.8/site-packages/airflow/example_dags/example_task_group_decorator.py took 0.315 seconds
[2021-12-07 12:14:29,917] {processor.py:163} INFO - Started process (PID=6420) to work on /Users/ballakeerthi/opt/anaconda3/lib/python3.8/site-packages/airflow/example_dags/example_task_group_decorator.py
[2021-12-07 12:14:29,918] {processor.py:625} INFO - Processing file /Users/ballakeerthi/opt/anaconda3/lib/python3.8/site-packages/airflow/example_dags/example_task_group_decorator.py for tasks to queue
[2021-12-07 12:14:29,918] {logging_mixin.py:109} INFO - [2021-12-07 12:14:29,918] {dagbag.py:500} INFO - Filling up the DagBag from /Users/ballakeerthi/opt/anaconda3/lib/python3.8/site-packages/airflow/example_dags/example_task_group_decorator.py
[2021-12-07 12:14:29,975] {processor.py:637} INFO - DAG(s) dict_keys(['example_task_group_decorator']) retrieved from /Users/ballakeerthi/opt/anaconda3/lib/python3.8/site-packages/airflow/example_dags/example_task_group_decorator.py
[2021-12-07 12:14:30,244] {logging_mixin.py:109} INFO - [2021-12-07 12:14:30,244] {dag.py:2396} INFO - Sync 1 DAGs
[2021-12-07 12:14:30,256] {logging_mixin.py:109} INFO - [2021-12-07 12:14:30,256] {dag.py:2928} INFO - Setting next_dagrun for example_task_group_decorator to 2021-12-06T17:14:30.256371+00:00
[2021-12-07 12:14:30,275] {processor.py:171} INFO - Processing /Users/ballakeerthi/opt/anaconda3/lib/python3.8/site-packages/airflow/example_dags/example_task_group_decorator.py took 0.359 seconds
[2021-12-07 12:16:03,465] {processor.py:163} INFO - Started process (PID=6478) to work on /Users/ballakeerthi/opt/anaconda3/lib/python3.8/site-packages/airflow/example_dags/example_task_group_decorator.py
[2021-12-07 12:16:03,471] {processor.py:625} INFO - Processing file /Users/ballakeerthi/opt/anaconda3/lib/python3.8/site-packages/airflow/example_dags/example_task_group_decorator.py for tasks to queue
[2021-12-07 12:16:03,472] {logging_mixin.py:109} INFO - [2021-12-07 12:16:03,472] {dagbag.py:500} INFO - Filling up the DagBag from /Users/ballakeerthi/opt/anaconda3/lib/python3.8/site-packages/airflow/example_dags/example_task_group_decorator.py
[2021-12-07 12:16:03,533] {processor.py:637} INFO - DAG(s) dict_keys(['example_task_group_decorator']) retrieved from /Users/ballakeerthi/opt/anaconda3/lib/python3.8/site-packages/airflow/example_dags/example_task_group_decorator.py
[2021-12-07 12:16:03,775] {logging_mixin.py:109} INFO - [2021-12-07 12:16:03,775] {dag.py:2396} INFO - Sync 1 DAGs
[2021-12-07 12:16:03,786] {logging_mixin.py:109} INFO - [2021-12-07 12:16:03,786] {dag.py:2928} INFO - Setting next_dagrun for example_task_group_decorator to 2021-12-06T17:16:03.786289+00:00
[2021-12-07 12:16:03,800] {processor.py:171} INFO - Processing /Users/ballakeerthi/opt/anaconda3/lib/python3.8/site-packages/airflow/example_dags/example_task_group_decorator.py took 0.335 seconds
[2021-12-07 12:17:26,926] {processor.py:163} INFO - Started process (PID=6531) to work on /Users/ballakeerthi/opt/anaconda3/lib/python3.8/site-packages/airflow/example_dags/example_task_group_decorator.py
[2021-12-07 12:17:26,928] {processor.py:625} INFO - Processing file /Users/ballakeerthi/opt/anaconda3/lib/python3.8/site-packages/airflow/example_dags/example_task_group_decorator.py for tasks to queue
[2021-12-07 12:17:26,929] {logging_mixin.py:109} INFO - [2021-12-07 12:17:26,928] {dagbag.py:500} INFO - Filling up the DagBag from /Users/ballakeerthi/opt/anaconda3/lib/python3.8/site-packages/airflow/example_dags/example_task_group_decorator.py
[2021-12-07 12:17:26,980] {processor.py:637} INFO - DAG(s) dict_keys(['example_task_group_decorator']) retrieved from /Users/ballakeerthi/opt/anaconda3/lib/python3.8/site-packages/airflow/example_dags/example_task_group_decorator.py
[2021-12-07 12:17:27,392] {logging_mixin.py:109} INFO - [2021-12-07 12:17:27,392] {dag.py:2396} INFO - Sync 1 DAGs
[2021-12-07 12:17:27,404] {logging_mixin.py:109} INFO - [2021-12-07 12:17:27,404] {dag.py:2928} INFO - Setting next_dagrun for example_task_group_decorator to 2021-12-06T17:17:27.404623+00:00
[2021-12-07 12:17:27,412] {processor.py:171} INFO - Processing /Users/ballakeerthi/opt/anaconda3/lib/python3.8/site-packages/airflow/example_dags/example_task_group_decorator.py took 0.486 seconds
[2021-12-07 12:19:03,876] {processor.py:163} INFO - Started process (PID=6584) to work on /Users/ballakeerthi/opt/anaconda3/lib/python3.8/site-packages/airflow/example_dags/example_task_group_decorator.py
[2021-12-07 12:19:03,879] {processor.py:625} INFO - Processing file /Users/ballakeerthi/opt/anaconda3/lib/python3.8/site-packages/airflow/example_dags/example_task_group_decorator.py for tasks to queue
[2021-12-07 12:19:03,880] {logging_mixin.py:109} INFO - [2021-12-07 12:19:03,880] {dagbag.py:500} INFO - Filling up the DagBag from /Users/ballakeerthi/opt/anaconda3/lib/python3.8/site-packages/airflow/example_dags/example_task_group_decorator.py
[2021-12-07 12:19:03,937] {processor.py:637} INFO - DAG(s) dict_keys(['example_task_group_decorator']) retrieved from /Users/ballakeerthi/opt/anaconda3/lib/python3.8/site-packages/airflow/example_dags/example_task_group_decorator.py
[2021-12-07 12:19:04,206] {logging_mixin.py:109} INFO - [2021-12-07 12:19:04,206] {dag.py:2396} INFO - Sync 1 DAGs
[2021-12-07 12:19:04,215] {logging_mixin.py:109} INFO - [2021-12-07 12:19:04,215] {dag.py:2928} INFO - Setting next_dagrun for example_task_group_decorator to 2021-12-06T17:19:04.215522+00:00
[2021-12-07 12:19:04,225] {processor.py:171} INFO - Processing /Users/ballakeerthi/opt/anaconda3/lib/python3.8/site-packages/airflow/example_dags/example_task_group_decorator.py took 0.350 seconds
[2021-12-07 12:20:31,555] {processor.py:163} INFO - Started process (PID=6641) to work on /Users/ballakeerthi/opt/anaconda3/lib/python3.8/site-packages/airflow/example_dags/example_task_group_decorator.py
[2021-12-07 12:20:31,561] {processor.py:625} INFO - Processing file /Users/ballakeerthi/opt/anaconda3/lib/python3.8/site-packages/airflow/example_dags/example_task_group_decorator.py for tasks to queue
[2021-12-07 12:20:31,562] {logging_mixin.py:109} INFO - [2021-12-07 12:20:31,562] {dagbag.py:500} INFO - Filling up the DagBag from /Users/ballakeerthi/opt/anaconda3/lib/python3.8/site-packages/airflow/example_dags/example_task_group_decorator.py
[2021-12-07 12:20:31,616] {processor.py:637} INFO - DAG(s) dict_keys(['example_task_group_decorator']) retrieved from /Users/ballakeerthi/opt/anaconda3/lib/python3.8/site-packages/airflow/example_dags/example_task_group_decorator.py
[2021-12-07 12:20:31,879] {logging_mixin.py:109} INFO - [2021-12-07 12:20:31,874] {dag.py:2396} INFO - Sync 1 DAGs
[2021-12-07 12:20:31,892] {logging_mixin.py:109} INFO - [2021-12-07 12:20:31,892] {dag.py:2928} INFO - Setting next_dagrun for example_task_group_decorator to 2021-12-06T17:20:31.892236+00:00
[2021-12-07 12:20:31,902] {processor.py:171} INFO - Processing /Users/ballakeerthi/opt/anaconda3/lib/python3.8/site-packages/airflow/example_dags/example_task_group_decorator.py took 0.347 seconds
[2021-12-07 12:21:57,004] {processor.py:163} INFO - Started process (PID=6697) to work on /Users/ballakeerthi/opt/anaconda3/lib/python3.8/site-packages/airflow/example_dags/example_task_group_decorator.py
[2021-12-07 12:21:57,010] {processor.py:625} INFO - Processing file /Users/ballakeerthi/opt/anaconda3/lib/python3.8/site-packages/airflow/example_dags/example_task_group_decorator.py for tasks to queue
[2021-12-07 12:21:57,011] {logging_mixin.py:109} INFO - [2021-12-07 12:21:57,011] {dagbag.py:500} INFO - Filling up the DagBag from /Users/ballakeerthi/opt/anaconda3/lib/python3.8/site-packages/airflow/example_dags/example_task_group_decorator.py
[2021-12-07 12:21:57,075] {processor.py:637} INFO - DAG(s) dict_keys(['example_task_group_decorator']) retrieved from /Users/ballakeerthi/opt/anaconda3/lib/python3.8/site-packages/airflow/example_dags/example_task_group_decorator.py
[2021-12-07 12:21:57,335] {logging_mixin.py:109} INFO - [2021-12-07 12:21:57,335] {dag.py:2396} INFO - Sync 1 DAGs
[2021-12-07 12:21:57,354] {logging_mixin.py:109} INFO - [2021-12-07 12:21:57,353] {dag.py:2928} INFO - Setting next_dagrun for example_task_group_decorator to 2021-12-06T17:21:57.353427+00:00
[2021-12-07 12:21:57,364] {processor.py:171} INFO - Processing /Users/ballakeerthi/opt/anaconda3/lib/python3.8/site-packages/airflow/example_dags/example_task_group_decorator.py took 0.360 seconds
[2021-12-07 12:23:19,719] {processor.py:163} INFO - Started process (PID=6749) to work on /Users/ballakeerthi/opt/anaconda3/lib/python3.8/site-packages/airflow/example_dags/example_task_group_decorator.py
[2021-12-07 12:23:19,720] {processor.py:625} INFO - Processing file /Users/ballakeerthi/opt/anaconda3/lib/python3.8/site-packages/airflow/example_dags/example_task_group_decorator.py for tasks to queue
[2021-12-07 12:23:19,722] {logging_mixin.py:109} INFO - [2021-12-07 12:23:19,722] {dagbag.py:500} INFO - Filling up the DagBag from /Users/ballakeerthi/opt/anaconda3/lib/python3.8/site-packages/airflow/example_dags/example_task_group_decorator.py
[2021-12-07 12:23:19,807] {processor.py:637} INFO - DAG(s) dict_keys(['example_task_group_decorator']) retrieved from /Users/ballakeerthi/opt/anaconda3/lib/python3.8/site-packages/airflow/example_dags/example_task_group_decorator.py
[2021-12-07 12:23:20,062] {logging_mixin.py:109} INFO - [2021-12-07 12:23:20,062] {dag.py:2396} INFO - Sync 1 DAGs
[2021-12-07 12:23:20,071] {logging_mixin.py:109} INFO - [2021-12-07 12:23:20,071] {dag.py:2928} INFO - Setting next_dagrun for example_task_group_decorator to 2021-12-06T17:23:20.071054+00:00
[2021-12-07 12:23:20,081] {processor.py:171} INFO - Processing /Users/ballakeerthi/opt/anaconda3/lib/python3.8/site-packages/airflow/example_dags/example_task_group_decorator.py took 0.362 seconds
[2021-12-07 12:24:42,069] {processor.py:163} INFO - Started process (PID=6805) to work on /Users/ballakeerthi/opt/anaconda3/lib/python3.8/site-packages/airflow/example_dags/example_task_group_decorator.py
[2021-12-07 12:24:42,072] {processor.py:625} INFO - Processing file /Users/ballakeerthi/opt/anaconda3/lib/python3.8/site-packages/airflow/example_dags/example_task_group_decorator.py for tasks to queue
[2021-12-07 12:24:42,072] {logging_mixin.py:109} INFO - [2021-12-07 12:24:42,072] {dagbag.py:500} INFO - Filling up the DagBag from /Users/ballakeerthi/opt/anaconda3/lib/python3.8/site-packages/airflow/example_dags/example_task_group_decorator.py
[2021-12-07 12:24:42,118] {processor.py:637} INFO - DAG(s) dict_keys(['example_task_group_decorator']) retrieved from /Users/ballakeerthi/opt/anaconda3/lib/python3.8/site-packages/airflow/example_dags/example_task_group_decorator.py
[2021-12-07 12:24:42,502] {logging_mixin.py:109} INFO - [2021-12-07 12:24:42,501] {dag.py:2396} INFO - Sync 1 DAGs
[2021-12-07 12:24:42,509] {logging_mixin.py:109} INFO - [2021-12-07 12:24:42,509] {dag.py:2928} INFO - Setting next_dagrun for example_task_group_decorator to 2021-12-06T17:24:42.509296+00:00
[2021-12-07 12:24:42,518] {processor.py:171} INFO - Processing /Users/ballakeerthi/opt/anaconda3/lib/python3.8/site-packages/airflow/example_dags/example_task_group_decorator.py took 0.449 seconds
[2021-12-07 13:24:36,765] {processor.py:163} INFO - Started process (PID=6977) to work on /Users/ballakeerthi/opt/anaconda3/lib/python3.8/site-packages/airflow/example_dags/example_task_group_decorator.py
[2021-12-07 13:24:36,768] {processor.py:625} INFO - Processing file /Users/ballakeerthi/opt/anaconda3/lib/python3.8/site-packages/airflow/example_dags/example_task_group_decorator.py for tasks to queue
[2021-12-07 13:24:36,768] {logging_mixin.py:109} INFO - [2021-12-07 13:24:36,768] {dagbag.py:500} INFO - Filling up the DagBag from /Users/ballakeerthi/opt/anaconda3/lib/python3.8/site-packages/airflow/example_dags/example_task_group_decorator.py
[2021-12-07 13:24:36,818] {processor.py:637} INFO - DAG(s) dict_keys(['example_task_group_decorator']) retrieved from /Users/ballakeerthi/opt/anaconda3/lib/python3.8/site-packages/airflow/example_dags/example_task_group_decorator.py
[2021-12-07 13:24:37,226] {logging_mixin.py:109} INFO - [2021-12-07 13:24:37,225] {dag.py:2396} INFO - Sync 1 DAGs
[2021-12-07 13:24:37,234] {logging_mixin.py:109} INFO - [2021-12-07 13:24:37,234] {dag.py:2928} INFO - Setting next_dagrun for example_task_group_decorator to 2021-12-06T18:24:37.233949+00:00
[2021-12-07 13:24:37,242] {processor.py:171} INFO - Processing /Users/ballakeerthi/opt/anaconda3/lib/python3.8/site-packages/airflow/example_dags/example_task_group_decorator.py took 0.477 seconds
[2021-12-07 13:26:29,604] {processor.py:163} INFO - Started process (PID=7059) to work on /Users/ballakeerthi/opt/anaconda3/lib/python3.8/site-packages/airflow/example_dags/example_task_group_decorator.py
[2021-12-07 13:26:29,610] {processor.py:625} INFO - Processing file /Users/ballakeerthi/opt/anaconda3/lib/python3.8/site-packages/airflow/example_dags/example_task_group_decorator.py for tasks to queue
[2021-12-07 13:26:29,611] {logging_mixin.py:109} INFO - [2021-12-07 13:26:29,611] {dagbag.py:500} INFO - Filling up the DagBag from /Users/ballakeerthi/opt/anaconda3/lib/python3.8/site-packages/airflow/example_dags/example_task_group_decorator.py
[2021-12-07 13:26:29,659] {processor.py:637} INFO - DAG(s) dict_keys(['example_task_group_decorator']) retrieved from /Users/ballakeerthi/opt/anaconda3/lib/python3.8/site-packages/airflow/example_dags/example_task_group_decorator.py
[2021-12-07 13:26:29,848] {logging_mixin.py:109} INFO - [2021-12-07 13:26:29,848] {dag.py:2396} INFO - Sync 1 DAGs
[2021-12-07 13:26:29,855] {logging_mixin.py:109} INFO - [2021-12-07 13:26:29,855] {dag.py:2928} INFO - Setting next_dagrun for example_task_group_decorator to 2021-12-06T18:26:29.855445+00:00
[2021-12-07 13:26:29,865] {processor.py:171} INFO - Processing /Users/ballakeerthi/opt/anaconda3/lib/python3.8/site-packages/airflow/example_dags/example_task_group_decorator.py took 0.262 seconds
[2021-12-07 13:28:56,983] {processor.py:163} INFO - Started process (PID=7161) to work on /Users/ballakeerthi/opt/anaconda3/lib/python3.8/site-packages/airflow/example_dags/example_task_group_decorator.py
[2021-12-07 13:28:56,984] {processor.py:625} INFO - Processing file /Users/ballakeerthi/opt/anaconda3/lib/python3.8/site-packages/airflow/example_dags/example_task_group_decorator.py for tasks to queue
[2021-12-07 13:28:56,985] {logging_mixin.py:109} INFO - [2021-12-07 13:28:56,985] {dagbag.py:500} INFO - Filling up the DagBag from /Users/ballakeerthi/opt/anaconda3/lib/python3.8/site-packages/airflow/example_dags/example_task_group_decorator.py
[2021-12-07 13:28:57,026] {processor.py:637} INFO - DAG(s) dict_keys(['example_task_group_decorator']) retrieved from /Users/ballakeerthi/opt/anaconda3/lib/python3.8/site-packages/airflow/example_dags/example_task_group_decorator.py
[2021-12-07 13:28:57,217] {logging_mixin.py:109} INFO - [2021-12-07 13:28:57,217] {dag.py:2396} INFO - Sync 1 DAGs
[2021-12-07 13:28:57,224] {logging_mixin.py:109} INFO - [2021-12-07 13:28:57,224] {dag.py:2928} INFO - Setting next_dagrun for example_task_group_decorator to 2021-12-06T18:28:57.224646+00:00
[2021-12-07 13:28:57,234] {processor.py:171} INFO - Processing /Users/ballakeerthi/opt/anaconda3/lib/python3.8/site-packages/airflow/example_dags/example_task_group_decorator.py took 0.251 seconds
[2021-12-07 13:31:09,499] {processor.py:163} INFO - Started process (PID=7269) to work on /Users/ballakeerthi/opt/anaconda3/lib/python3.8/site-packages/airflow/example_dags/example_task_group_decorator.py
[2021-12-07 13:31:09,505] {processor.py:625} INFO - Processing file /Users/ballakeerthi/opt/anaconda3/lib/python3.8/site-packages/airflow/example_dags/example_task_group_decorator.py for tasks to queue
[2021-12-07 13:31:09,506] {logging_mixin.py:109} INFO - [2021-12-07 13:31:09,506] {dagbag.py:500} INFO - Filling up the DagBag from /Users/ballakeerthi/opt/anaconda3/lib/python3.8/site-packages/airflow/example_dags/example_task_group_decorator.py
[2021-12-07 13:31:09,551] {processor.py:637} INFO - DAG(s) dict_keys(['example_task_group_decorator']) retrieved from /Users/ballakeerthi/opt/anaconda3/lib/python3.8/site-packages/airflow/example_dags/example_task_group_decorator.py
[2021-12-07 13:31:09,787] {logging_mixin.py:109} INFO - [2021-12-07 13:31:09,787] {dag.py:2396} INFO - Sync 1 DAGs
[2021-12-07 13:31:09,794] {logging_mixin.py:109} INFO - [2021-12-07 13:31:09,794] {dag.py:2928} INFO - Setting next_dagrun for example_task_group_decorator to 2021-12-06T18:31:09.794301+00:00
[2021-12-07 13:31:09,801] {processor.py:171} INFO - Processing /Users/ballakeerthi/opt/anaconda3/lib/python3.8/site-packages/airflow/example_dags/example_task_group_decorator.py took 0.303 seconds
[2021-12-07 13:33:27,385] {processor.py:163} INFO - Started process (PID=7372) to work on /Users/ballakeerthi/opt/anaconda3/lib/python3.8/site-packages/airflow/example_dags/example_task_group_decorator.py
[2021-12-07 13:33:27,386] {processor.py:625} INFO - Processing file /Users/ballakeerthi/opt/anaconda3/lib/python3.8/site-packages/airflow/example_dags/example_task_group_decorator.py for tasks to queue
[2021-12-07 13:33:27,386] {logging_mixin.py:109} INFO - [2021-12-07 13:33:27,386] {dagbag.py:500} INFO - Filling up the DagBag from /Users/ballakeerthi/opt/anaconda3/lib/python3.8/site-packages/airflow/example_dags/example_task_group_decorator.py
[2021-12-07 13:33:27,434] {processor.py:637} INFO - DAG(s) dict_keys(['example_task_group_decorator']) retrieved from /Users/ballakeerthi/opt/anaconda3/lib/python3.8/site-packages/airflow/example_dags/example_task_group_decorator.py
[2021-12-07 13:33:27,808] {logging_mixin.py:109} INFO - [2021-12-07 13:33:27,808] {dag.py:2396} INFO - Sync 1 DAGs
[2021-12-07 13:33:27,816] {logging_mixin.py:109} INFO - [2021-12-07 13:33:27,816] {dag.py:2928} INFO - Setting next_dagrun for example_task_group_decorator to 2021-12-06T18:33:27.816012+00:00
[2021-12-07 13:33:27,823] {processor.py:171} INFO - Processing /Users/ballakeerthi/opt/anaconda3/lib/python3.8/site-packages/airflow/example_dags/example_task_group_decorator.py took 0.439 seconds
[2021-12-07 13:35:10,161] {processor.py:163} INFO - Started process (PID=7467) to work on /Users/ballakeerthi/opt/anaconda3/lib/python3.8/site-packages/airflow/example_dags/example_task_group_decorator.py
[2021-12-07 13:35:10,162] {processor.py:625} INFO - Processing file /Users/ballakeerthi/opt/anaconda3/lib/python3.8/site-packages/airflow/example_dags/example_task_group_decorator.py for tasks to queue
[2021-12-07 13:35:10,162] {logging_mixin.py:109} INFO - [2021-12-07 13:35:10,162] {dagbag.py:500} INFO - Filling up the DagBag from /Users/ballakeerthi/opt/anaconda3/lib/python3.8/site-packages/airflow/example_dags/example_task_group_decorator.py
[2021-12-07 13:35:10,219] {processor.py:637} INFO - DAG(s) dict_keys(['example_task_group_decorator']) retrieved from /Users/ballakeerthi/opt/anaconda3/lib/python3.8/site-packages/airflow/example_dags/example_task_group_decorator.py
[2021-12-07 13:35:10,598] {logging_mixin.py:109} INFO - [2021-12-07 13:35:10,598] {dag.py:2396} INFO - Sync 1 DAGs
[2021-12-07 13:35:10,606] {logging_mixin.py:109} INFO - [2021-12-07 13:35:10,605] {dag.py:2928} INFO - Setting next_dagrun for example_task_group_decorator to 2021-12-06T18:35:10.605797+00:00
[2021-12-07 13:35:10,613] {processor.py:171} INFO - Processing /Users/ballakeerthi/opt/anaconda3/lib/python3.8/site-packages/airflow/example_dags/example_task_group_decorator.py took 0.452 seconds
[2021-12-07 13:36:37,831] {processor.py:163} INFO - Started process (PID=7549) to work on /Users/ballakeerthi/opt/anaconda3/lib/python3.8/site-packages/airflow/example_dags/example_task_group_decorator.py
[2021-12-07 13:36:37,837] {processor.py:625} INFO - Processing file /Users/ballakeerthi/opt/anaconda3/lib/python3.8/site-packages/airflow/example_dags/example_task_group_decorator.py for tasks to queue
[2021-12-07 13:36:37,837] {logging_mixin.py:109} INFO - [2021-12-07 13:36:37,837] {dagbag.py:500} INFO - Filling up the DagBag from /Users/ballakeerthi/opt/anaconda3/lib/python3.8/site-packages/airflow/example_dags/example_task_group_decorator.py
[2021-12-07 13:36:37,889] {processor.py:637} INFO - DAG(s) dict_keys(['example_task_group_decorator']) retrieved from /Users/ballakeerthi/opt/anaconda3/lib/python3.8/site-packages/airflow/example_dags/example_task_group_decorator.py
[2021-12-07 13:36:38,094] {logging_mixin.py:109} INFO - [2021-12-07 13:36:38,094] {dag.py:2396} INFO - Sync 1 DAGs
[2021-12-07 13:36:38,102] {logging_mixin.py:109} INFO - [2021-12-07 13:36:38,102] {dag.py:2928} INFO - Setting next_dagrun for example_task_group_decorator to 2021-12-06T18:36:38.101899+00:00
[2021-12-07 13:36:38,109] {processor.py:171} INFO - Processing /Users/ballakeerthi/opt/anaconda3/lib/python3.8/site-packages/airflow/example_dags/example_task_group_decorator.py took 0.279 seconds
[2021-12-07 13:38:00,073] {processor.py:163} INFO - Started process (PID=7618) to work on /Users/ballakeerthi/opt/anaconda3/lib/python3.8/site-packages/airflow/example_dags/example_task_group_decorator.py
[2021-12-07 13:38:00,074] {processor.py:625} INFO - Processing file /Users/ballakeerthi/opt/anaconda3/lib/python3.8/site-packages/airflow/example_dags/example_task_group_decorator.py for tasks to queue
[2021-12-07 13:38:00,075] {logging_mixin.py:109} INFO - [2021-12-07 13:38:00,075] {dagbag.py:500} INFO - Filling up the DagBag from /Users/ballakeerthi/opt/anaconda3/lib/python3.8/site-packages/airflow/example_dags/example_task_group_decorator.py
[2021-12-07 13:38:00,137] {processor.py:637} INFO - DAG(s) dict_keys(['example_task_group_decorator']) retrieved from /Users/ballakeerthi/opt/anaconda3/lib/python3.8/site-packages/airflow/example_dags/example_task_group_decorator.py
[2021-12-07 13:38:00,542] {logging_mixin.py:109} INFO - [2021-12-07 13:38:00,542] {dag.py:2396} INFO - Sync 1 DAGs
[2021-12-07 13:38:00,550] {logging_mixin.py:109} INFO - [2021-12-07 13:38:00,550] {dag.py:2928} INFO - Setting next_dagrun for example_task_group_decorator to 2021-12-06T18:38:00.550426+00:00
[2021-12-07 13:38:00,557] {processor.py:171} INFO - Processing /Users/ballakeerthi/opt/anaconda3/lib/python3.8/site-packages/airflow/example_dags/example_task_group_decorator.py took 0.485 seconds
[2021-12-07 13:39:28,434] {processor.py:163} INFO - Started process (PID=7714) to work on /Users/ballakeerthi/opt/anaconda3/lib/python3.8/site-packages/airflow/example_dags/example_task_group_decorator.py
[2021-12-07 13:39:28,435] {processor.py:625} INFO - Processing file /Users/ballakeerthi/opt/anaconda3/lib/python3.8/site-packages/airflow/example_dags/example_task_group_decorator.py for tasks to queue
[2021-12-07 13:39:28,436] {logging_mixin.py:109} INFO - [2021-12-07 13:39:28,435] {dagbag.py:500} INFO - Filling up the DagBag from /Users/ballakeerthi/opt/anaconda3/lib/python3.8/site-packages/airflow/example_dags/example_task_group_decorator.py
[2021-12-07 13:39:28,483] {processor.py:637} INFO - DAG(s) dict_keys(['example_task_group_decorator']) retrieved from /Users/ballakeerthi/opt/anaconda3/lib/python3.8/site-packages/airflow/example_dags/example_task_group_decorator.py
[2021-12-07 13:39:28,688] {logging_mixin.py:109} INFO - [2021-12-07 13:39:28,687] {dag.py:2396} INFO - Sync 1 DAGs
[2021-12-07 13:39:28,696] {logging_mixin.py:109} INFO - [2021-12-07 13:39:28,696] {dag.py:2928} INFO - Setting next_dagrun for example_task_group_decorator to 2021-12-06T18:39:28.696176+00:00
[2021-12-07 13:39:28,703] {processor.py:171} INFO - Processing /Users/ballakeerthi/opt/anaconda3/lib/python3.8/site-packages/airflow/example_dags/example_task_group_decorator.py took 0.270 seconds
[2021-12-07 13:40:53,195] {processor.py:163} INFO - Started process (PID=7790) to work on /Users/ballakeerthi/opt/anaconda3/lib/python3.8/site-packages/airflow/example_dags/example_task_group_decorator.py
[2021-12-07 13:40:53,202] {processor.py:625} INFO - Processing file /Users/ballakeerthi/opt/anaconda3/lib/python3.8/site-packages/airflow/example_dags/example_task_group_decorator.py for tasks to queue
[2021-12-07 13:40:53,202] {logging_mixin.py:109} INFO - [2021-12-07 13:40:53,202] {dagbag.py:500} INFO - Filling up the DagBag from /Users/ballakeerthi/opt/anaconda3/lib/python3.8/site-packages/airflow/example_dags/example_task_group_decorator.py
[2021-12-07 13:40:53,251] {processor.py:637} INFO - DAG(s) dict_keys(['example_task_group_decorator']) retrieved from /Users/ballakeerthi/opt/anaconda3/lib/python3.8/site-packages/airflow/example_dags/example_task_group_decorator.py
[2021-12-07 13:40:53,641] {logging_mixin.py:109} INFO - [2021-12-07 13:40:53,641] {dag.py:2396} INFO - Sync 1 DAGs
[2021-12-07 13:40:53,648] {logging_mixin.py:109} INFO - [2021-12-07 13:40:53,648] {dag.py:2928} INFO - Setting next_dagrun for example_task_group_decorator to 2021-12-06T18:40:53.648565+00:00
[2021-12-07 13:40:53,656] {processor.py:171} INFO - Processing /Users/ballakeerthi/opt/anaconda3/lib/python3.8/site-packages/airflow/example_dags/example_task_group_decorator.py took 0.461 seconds
[2021-12-07 13:43:28,147] {processor.py:163} INFO - Started process (PID=7905) to work on /Users/ballakeerthi/opt/anaconda3/lib/python3.8/site-packages/airflow/example_dags/example_task_group_decorator.py
[2021-12-07 13:43:28,153] {processor.py:625} INFO - Processing file /Users/ballakeerthi/opt/anaconda3/lib/python3.8/site-packages/airflow/example_dags/example_task_group_decorator.py for tasks to queue
[2021-12-07 13:43:28,154] {logging_mixin.py:109} INFO - [2021-12-07 13:43:28,154] {dagbag.py:500} INFO - Filling up the DagBag from /Users/ballakeerthi/opt/anaconda3/lib/python3.8/site-packages/airflow/example_dags/example_task_group_decorator.py
[2021-12-07 13:43:28,202] {processor.py:637} INFO - DAG(s) dict_keys(['example_task_group_decorator']) retrieved from /Users/ballakeerthi/opt/anaconda3/lib/python3.8/site-packages/airflow/example_dags/example_task_group_decorator.py
[2021-12-07 13:43:28,394] {logging_mixin.py:109} INFO - [2021-12-07 13:43:28,394] {dag.py:2396} INFO - Sync 1 DAGs
[2021-12-07 13:43:28,402] {logging_mixin.py:109} INFO - [2021-12-07 13:43:28,402] {dag.py:2928} INFO - Setting next_dagrun for example_task_group_decorator to 2021-12-06T18:43:28.401882+00:00
[2021-12-07 13:43:28,411] {processor.py:171} INFO - Processing /Users/ballakeerthi/opt/anaconda3/lib/python3.8/site-packages/airflow/example_dags/example_task_group_decorator.py took 0.265 seconds
[2021-12-07 13:44:55,785] {processor.py:163} INFO - Started process (PID=7968) to work on /Users/ballakeerthi/opt/anaconda3/lib/python3.8/site-packages/airflow/example_dags/example_task_group_decorator.py
[2021-12-07 13:44:55,788] {processor.py:625} INFO - Processing file /Users/ballakeerthi/opt/anaconda3/lib/python3.8/site-packages/airflow/example_dags/example_task_group_decorator.py for tasks to queue
[2021-12-07 13:44:55,788] {logging_mixin.py:109} INFO - [2021-12-07 13:44:55,788] {dagbag.py:500} INFO - Filling up the DagBag from /Users/ballakeerthi/opt/anaconda3/lib/python3.8/site-packages/airflow/example_dags/example_task_group_decorator.py
[2021-12-07 13:44:55,871] {processor.py:637} INFO - DAG(s) dict_keys(['example_task_group_decorator']) retrieved from /Users/ballakeerthi/opt/anaconda3/lib/python3.8/site-packages/airflow/example_dags/example_task_group_decorator.py
[2021-12-07 13:44:56,326] {logging_mixin.py:109} INFO - [2021-12-07 13:44:56,326] {dag.py:2396} INFO - Sync 1 DAGs
[2021-12-07 13:44:56,337] {logging_mixin.py:109} INFO - [2021-12-07 13:44:56,337] {dag.py:2928} INFO - Setting next_dagrun for example_task_group_decorator to 2021-12-06T18:44:56.337517+00:00
[2021-12-07 13:44:56,348] {processor.py:171} INFO - Processing /Users/ballakeerthi/opt/anaconda3/lib/python3.8/site-packages/airflow/example_dags/example_task_group_decorator.py took 0.563 seconds
[2021-12-07 14:06:09,900] {processor.py:163} INFO - Started process (PID=8193) to work on /Users/ballakeerthi/opt/anaconda3/lib/python3.8/site-packages/airflow/example_dags/example_task_group_decorator.py
[2021-12-07 14:06:09,907] {processor.py:625} INFO - Processing file /Users/ballakeerthi/opt/anaconda3/lib/python3.8/site-packages/airflow/example_dags/example_task_group_decorator.py for tasks to queue
[2021-12-07 14:06:09,907] {logging_mixin.py:109} INFO - [2021-12-07 14:06:09,907] {dagbag.py:500} INFO - Filling up the DagBag from /Users/ballakeerthi/opt/anaconda3/lib/python3.8/site-packages/airflow/example_dags/example_task_group_decorator.py
[2021-12-07 14:06:09,971] {processor.py:637} INFO - DAG(s) dict_keys(['example_task_group_decorator']) retrieved from /Users/ballakeerthi/opt/anaconda3/lib/python3.8/site-packages/airflow/example_dags/example_task_group_decorator.py
[2021-12-07 14:06:10,396] {logging_mixin.py:109} INFO - [2021-12-07 14:06:10,396] {dag.py:2396} INFO - Sync 1 DAGs
[2021-12-07 14:06:10,405] {logging_mixin.py:109} INFO - [2021-12-07 14:06:10,405] {dag.py:2928} INFO - Setting next_dagrun for example_task_group_decorator to 2021-12-06T19:06:10.405047+00:00
[2021-12-07 14:06:10,411] {processor.py:171} INFO - Processing /Users/ballakeerthi/opt/anaconda3/lib/python3.8/site-packages/airflow/example_dags/example_task_group_decorator.py took 0.512 seconds
