[2021-12-07 10:56:38,635] {processor.py:163} INFO - Started process (PID=2714) to work on /Users/ballakeerthi/opt/anaconda3/envs/airflow/lib/python3.9/site-packages/airflow/example_dags/example_branch_day_of_week_operator.py
[2021-12-07 10:56:38,635] {processor.py:625} INFO - Processing file /Users/ballakeerthi/opt/anaconda3/envs/airflow/lib/python3.9/site-packages/airflow/example_dags/example_branch_day_of_week_operator.py for tasks to queue
[2021-12-07 10:56:38,637] {logging_mixin.py:109} INFO - [2021-12-07 10:56:38,637] {dagbag.py:500} INFO - Filling up the DagBag from /Users/ballakeerthi/opt/anaconda3/envs/airflow/lib/python3.9/site-packages/airflow/example_dags/example_branch_day_of_week_operator.py
[2021-12-07 10:56:38,676] {processor.py:637} INFO - DAG(s) dict_keys(['example_weekday_branch_operator']) retrieved from /Users/ballakeerthi/opt/anaconda3/envs/airflow/lib/python3.9/site-packages/airflow/example_dags/example_branch_day_of_week_operator.py
[2021-12-07 10:56:38,691] {logging_mixin.py:109} INFO - [2021-12-07 10:56:38,691] {dag.py:2396} INFO - Sync 1 DAGs
[2021-12-07 10:56:38,700] {logging_mixin.py:109} INFO - [2021-12-07 10:56:38,700] {dag.py:2928} INFO - Setting next_dagrun for example_weekday_branch_operator to 2021-12-06 00:00:00+00:00
[2021-12-07 10:56:38,710] {processor.py:171} INFO - Processing /Users/ballakeerthi/opt/anaconda3/envs/airflow/lib/python3.9/site-packages/airflow/example_dags/example_branch_day_of_week_operator.py took 0.076 seconds
[2021-12-07 10:59:24,872] {processor.py:163} INFO - Started process (PID=3018) to work on /Users/ballakeerthi/opt/anaconda3/envs/airflow/lib/python3.9/site-packages/airflow/example_dags/example_branch_day_of_week_operator.py
[2021-12-07 10:59:24,873] {processor.py:625} INFO - Processing file /Users/ballakeerthi/opt/anaconda3/envs/airflow/lib/python3.9/site-packages/airflow/example_dags/example_branch_day_of_week_operator.py for tasks to queue
[2021-12-07 10:59:24,874] {logging_mixin.py:109} INFO - [2021-12-07 10:59:24,874] {dagbag.py:500} INFO - Filling up the DagBag from /Users/ballakeerthi/opt/anaconda3/envs/airflow/lib/python3.9/site-packages/airflow/example_dags/example_branch_day_of_week_operator.py
[2021-12-07 10:59:24,908] {processor.py:637} INFO - DAG(s) dict_keys(['example_weekday_branch_operator']) retrieved from /Users/ballakeerthi/opt/anaconda3/envs/airflow/lib/python3.9/site-packages/airflow/example_dags/example_branch_day_of_week_operator.py
[2021-12-07 10:59:24,925] {logging_mixin.py:109} INFO - [2021-12-07 10:59:24,925] {dag.py:2396} INFO - Sync 1 DAGs
[2021-12-07 10:59:24,936] {logging_mixin.py:109} INFO - [2021-12-07 10:59:24,936] {dag.py:2928} INFO - Setting next_dagrun for example_weekday_branch_operator to 2021-12-06 00:00:00+00:00
[2021-12-07 10:59:24,943] {processor.py:171} INFO - Processing /Users/ballakeerthi/opt/anaconda3/envs/airflow/lib/python3.9/site-packages/airflow/example_dags/example_branch_day_of_week_operator.py took 0.072 seconds
[2021-12-07 11:02:29,860] {processor.py:163} INFO - Started process (PID=3283) to work on /Users/ballakeerthi/opt/anaconda3/envs/airflow/lib/python3.9/site-packages/airflow/example_dags/example_branch_day_of_week_operator.py
[2021-12-07 11:02:29,861] {processor.py:625} INFO - Processing file /Users/ballakeerthi/opt/anaconda3/envs/airflow/lib/python3.9/site-packages/airflow/example_dags/example_branch_day_of_week_operator.py for tasks to queue
[2021-12-07 11:02:29,862] {logging_mixin.py:109} INFO - [2021-12-07 11:02:29,862] {dagbag.py:500} INFO - Filling up the DagBag from /Users/ballakeerthi/opt/anaconda3/envs/airflow/lib/python3.9/site-packages/airflow/example_dags/example_branch_day_of_week_operator.py
[2021-12-07 11:02:29,889] {processor.py:637} INFO - DAG(s) dict_keys(['example_weekday_branch_operator']) retrieved from /Users/ballakeerthi/opt/anaconda3/envs/airflow/lib/python3.9/site-packages/airflow/example_dags/example_branch_day_of_week_operator.py
[2021-12-07 11:02:29,903] {logging_mixin.py:109} INFO - [2021-12-07 11:02:29,903] {dag.py:2396} INFO - Sync 1 DAGs
[2021-12-07 11:02:29,913] {logging_mixin.py:109} INFO - [2021-12-07 11:02:29,913] {dag.py:2928} INFO - Setting next_dagrun for example_weekday_branch_operator to 2021-12-06 00:00:00+00:00
[2021-12-07 11:02:29,919] {processor.py:171} INFO - Processing /Users/ballakeerthi/opt/anaconda3/envs/airflow/lib/python3.9/site-packages/airflow/example_dags/example_branch_day_of_week_operator.py took 0.060 seconds
[2021-12-07 11:05:09,617] {processor.py:163} INFO - Started process (PID=3510) to work on /Users/ballakeerthi/opt/anaconda3/envs/airflow/lib/python3.9/site-packages/airflow/example_dags/example_branch_day_of_week_operator.py
[2021-12-07 11:05:09,626] {processor.py:625} INFO - Processing file /Users/ballakeerthi/opt/anaconda3/envs/airflow/lib/python3.9/site-packages/airflow/example_dags/example_branch_day_of_week_operator.py for tasks to queue
[2021-12-07 11:05:09,628] {logging_mixin.py:109} INFO - [2021-12-07 11:05:09,628] {dagbag.py:500} INFO - Filling up the DagBag from /Users/ballakeerthi/opt/anaconda3/envs/airflow/lib/python3.9/site-packages/airflow/example_dags/example_branch_day_of_week_operator.py
[2021-12-07 11:05:09,680] {processor.py:637} INFO - DAG(s) dict_keys(['example_weekday_branch_operator']) retrieved from /Users/ballakeerthi/opt/anaconda3/envs/airflow/lib/python3.9/site-packages/airflow/example_dags/example_branch_day_of_week_operator.py
[2021-12-07 11:05:09,702] {logging_mixin.py:109} INFO - [2021-12-07 11:05:09,702] {dag.py:2396} INFO - Sync 1 DAGs
[2021-12-07 11:05:09,713] {logging_mixin.py:109} INFO - [2021-12-07 11:05:09,713] {dag.py:2928} INFO - Setting next_dagrun for example_weekday_branch_operator to 2021-12-06 00:00:00+00:00
[2021-12-07 11:05:09,723] {processor.py:171} INFO - Processing /Users/ballakeerthi/opt/anaconda3/envs/airflow/lib/python3.9/site-packages/airflow/example_dags/example_branch_day_of_week_operator.py took 0.107 seconds
[2021-12-07 11:09:35,698] {processor.py:163} INFO - Started process (PID=3635) to work on /Users/ballakeerthi/opt/anaconda3/lib/python3.8/site-packages/airflow/example_dags/example_branch_day_of_week_operator.py
[2021-12-07 11:09:35,700] {processor.py:625} INFO - Processing file /Users/ballakeerthi/opt/anaconda3/lib/python3.8/site-packages/airflow/example_dags/example_branch_day_of_week_operator.py for tasks to queue
[2021-12-07 11:09:35,701] {logging_mixin.py:109} INFO - [2021-12-07 11:09:35,701] {dagbag.py:500} INFO - Filling up the DagBag from /Users/ballakeerthi/opt/anaconda3/lib/python3.8/site-packages/airflow/example_dags/example_branch_day_of_week_operator.py
[2021-12-07 11:09:35,736] {processor.py:637} INFO - DAG(s) dict_keys(['example_weekday_branch_operator']) retrieved from /Users/ballakeerthi/opt/anaconda3/lib/python3.8/site-packages/airflow/example_dags/example_branch_day_of_week_operator.py
[2021-12-07 11:09:35,960] {logging_mixin.py:109} INFO - [2021-12-07 11:09:35,960] {dag.py:2396} INFO - Sync 1 DAGs
[2021-12-07 11:09:35,972] {logging_mixin.py:109} INFO - [2021-12-07 11:09:35,971] {dag.py:2928} INFO - Setting next_dagrun for example_weekday_branch_operator to 2021-12-06 00:00:00+00:00
[2021-12-07 11:09:35,985] {processor.py:171} INFO - Processing /Users/ballakeerthi/opt/anaconda3/lib/python3.8/site-packages/airflow/example_dags/example_branch_day_of_week_operator.py took 0.287 seconds
[2021-12-07 11:12:35,985] {processor.py:163} INFO - Started process (PID=3767) to work on /Users/ballakeerthi/opt/anaconda3/lib/python3.8/site-packages/airflow/example_dags/example_branch_day_of_week_operator.py
[2021-12-07 11:12:35,991] {processor.py:625} INFO - Processing file /Users/ballakeerthi/opt/anaconda3/lib/python3.8/site-packages/airflow/example_dags/example_branch_day_of_week_operator.py for tasks to queue
[2021-12-07 11:12:35,991] {logging_mixin.py:109} INFO - [2021-12-07 11:12:35,991] {dagbag.py:500} INFO - Filling up the DagBag from /Users/ballakeerthi/opt/anaconda3/lib/python3.8/site-packages/airflow/example_dags/example_branch_day_of_week_operator.py
[2021-12-07 11:12:36,023] {processor.py:637} INFO - DAG(s) dict_keys(['example_weekday_branch_operator']) retrieved from /Users/ballakeerthi/opt/anaconda3/lib/python3.8/site-packages/airflow/example_dags/example_branch_day_of_week_operator.py
[2021-12-07 11:12:36,037] {logging_mixin.py:109} INFO - [2021-12-07 11:12:36,036] {dag.py:2396} INFO - Sync 1 DAGs
[2021-12-07 11:12:36,046] {logging_mixin.py:109} INFO - [2021-12-07 11:12:36,046] {dag.py:2928} INFO - Setting next_dagrun for example_weekday_branch_operator to 2021-12-06 00:00:00+00:00
[2021-12-07 11:12:36,054] {processor.py:171} INFO - Processing /Users/ballakeerthi/opt/anaconda3/lib/python3.8/site-packages/airflow/example_dags/example_branch_day_of_week_operator.py took 0.070 seconds
[2021-12-07 11:15:24,376] {processor.py:163} INFO - Started process (PID=3890) to work on /Users/ballakeerthi/opt/anaconda3/lib/python3.8/site-packages/airflow/example_dags/example_branch_day_of_week_operator.py
[2021-12-07 11:15:24,377] {processor.py:625} INFO - Processing file /Users/ballakeerthi/opt/anaconda3/lib/python3.8/site-packages/airflow/example_dags/example_branch_day_of_week_operator.py for tasks to queue
[2021-12-07 11:15:24,378] {logging_mixin.py:109} INFO - [2021-12-07 11:15:24,378] {dagbag.py:500} INFO - Filling up the DagBag from /Users/ballakeerthi/opt/anaconda3/lib/python3.8/site-packages/airflow/example_dags/example_branch_day_of_week_operator.py
[2021-12-07 11:15:24,412] {processor.py:637} INFO - DAG(s) dict_keys(['example_weekday_branch_operator']) retrieved from /Users/ballakeerthi/opt/anaconda3/lib/python3.8/site-packages/airflow/example_dags/example_branch_day_of_week_operator.py
[2021-12-07 11:15:24,429] {logging_mixin.py:109} INFO - [2021-12-07 11:15:24,428] {dag.py:2396} INFO - Sync 1 DAGs
[2021-12-07 11:15:24,438] {logging_mixin.py:109} INFO - [2021-12-07 11:15:24,438] {dag.py:2928} INFO - Setting next_dagrun for example_weekday_branch_operator to 2021-12-06 00:00:00+00:00
[2021-12-07 11:15:24,445] {processor.py:171} INFO - Processing /Users/ballakeerthi/opt/anaconda3/lib/python3.8/site-packages/airflow/example_dags/example_branch_day_of_week_operator.py took 0.069 seconds
[2021-12-07 11:17:59,100] {processor.py:163} INFO - Started process (PID=3998) to work on /Users/ballakeerthi/opt/anaconda3/lib/python3.8/site-packages/airflow/example_dags/example_branch_day_of_week_operator.py
[2021-12-07 11:17:59,101] {processor.py:625} INFO - Processing file /Users/ballakeerthi/opt/anaconda3/lib/python3.8/site-packages/airflow/example_dags/example_branch_day_of_week_operator.py for tasks to queue
[2021-12-07 11:17:59,102] {logging_mixin.py:109} INFO - [2021-12-07 11:17:59,102] {dagbag.py:500} INFO - Filling up the DagBag from /Users/ballakeerthi/opt/anaconda3/lib/python3.8/site-packages/airflow/example_dags/example_branch_day_of_week_operator.py
[2021-12-07 11:17:59,132] {processor.py:637} INFO - DAG(s) dict_keys(['example_weekday_branch_operator']) retrieved from /Users/ballakeerthi/opt/anaconda3/lib/python3.8/site-packages/airflow/example_dags/example_branch_day_of_week_operator.py
[2021-12-07 11:17:59,147] {logging_mixin.py:109} INFO - [2021-12-07 11:17:59,145] {dag.py:2396} INFO - Sync 1 DAGs
[2021-12-07 11:17:59,156] {logging_mixin.py:109} INFO - [2021-12-07 11:17:59,156] {dag.py:2928} INFO - Setting next_dagrun for example_weekday_branch_operator to 2021-12-06 00:00:00+00:00
[2021-12-07 11:17:59,166] {processor.py:171} INFO - Processing /Users/ballakeerthi/opt/anaconda3/lib/python3.8/site-packages/airflow/example_dags/example_branch_day_of_week_operator.py took 0.066 seconds
[2021-12-07 11:20:42,684] {processor.py:163} INFO - Started process (PID=4131) to work on /Users/ballakeerthi/opt/anaconda3/lib/python3.8/site-packages/airflow/example_dags/example_branch_day_of_week_operator.py
[2021-12-07 11:20:42,685] {processor.py:625} INFO - Processing file /Users/ballakeerthi/opt/anaconda3/lib/python3.8/site-packages/airflow/example_dags/example_branch_day_of_week_operator.py for tasks to queue
[2021-12-07 11:20:42,686] {logging_mixin.py:109} INFO - [2021-12-07 11:20:42,686] {dagbag.py:500} INFO - Filling up the DagBag from /Users/ballakeerthi/opt/anaconda3/lib/python3.8/site-packages/airflow/example_dags/example_branch_day_of_week_operator.py
[2021-12-07 11:20:42,717] {processor.py:637} INFO - DAG(s) dict_keys(['example_weekday_branch_operator']) retrieved from /Users/ballakeerthi/opt/anaconda3/lib/python3.8/site-packages/airflow/example_dags/example_branch_day_of_week_operator.py
[2021-12-07 11:20:42,734] {logging_mixin.py:109} INFO - [2021-12-07 11:20:42,732] {dag.py:2396} INFO - Sync 1 DAGs
[2021-12-07 11:20:42,743] {logging_mixin.py:109} INFO - [2021-12-07 11:20:42,743] {dag.py:2928} INFO - Setting next_dagrun for example_weekday_branch_operator to 2021-12-06 00:00:00+00:00
[2021-12-07 11:20:42,751] {processor.py:171} INFO - Processing /Users/ballakeerthi/opt/anaconda3/lib/python3.8/site-packages/airflow/example_dags/example_branch_day_of_week_operator.py took 0.067 seconds
[2021-12-07 11:23:29,441] {processor.py:163} INFO - Started process (PID=4274) to work on /Users/ballakeerthi/opt/anaconda3/lib/python3.8/site-packages/airflow/example_dags/example_branch_day_of_week_operator.py
[2021-12-07 11:23:29,447] {processor.py:625} INFO - Processing file /Users/ballakeerthi/opt/anaconda3/lib/python3.8/site-packages/airflow/example_dags/example_branch_day_of_week_operator.py for tasks to queue
[2021-12-07 11:23:29,447] {logging_mixin.py:109} INFO - [2021-12-07 11:23:29,447] {dagbag.py:500} INFO - Filling up the DagBag from /Users/ballakeerthi/opt/anaconda3/lib/python3.8/site-packages/airflow/example_dags/example_branch_day_of_week_operator.py
[2021-12-07 11:23:29,482] {processor.py:637} INFO - DAG(s) dict_keys(['example_weekday_branch_operator']) retrieved from /Users/ballakeerthi/opt/anaconda3/lib/python3.8/site-packages/airflow/example_dags/example_branch_day_of_week_operator.py
[2021-12-07 11:23:29,498] {logging_mixin.py:109} INFO - [2021-12-07 11:23:29,496] {dag.py:2396} INFO - Sync 1 DAGs
[2021-12-07 11:23:29,505] {logging_mixin.py:109} INFO - [2021-12-07 11:23:29,505] {dag.py:2928} INFO - Setting next_dagrun for example_weekday_branch_operator to 2021-12-06 00:00:00+00:00
[2021-12-07 11:23:29,513] {processor.py:171} INFO - Processing /Users/ballakeerthi/opt/anaconda3/lib/python3.8/site-packages/airflow/example_dags/example_branch_day_of_week_operator.py took 0.073 seconds
[2021-12-07 11:26:22,902] {processor.py:163} INFO - Started process (PID=4396) to work on /Users/ballakeerthi/opt/anaconda3/lib/python3.8/site-packages/airflow/example_dags/example_branch_day_of_week_operator.py
[2021-12-07 11:26:22,904] {processor.py:625} INFO - Processing file /Users/ballakeerthi/opt/anaconda3/lib/python3.8/site-packages/airflow/example_dags/example_branch_day_of_week_operator.py for tasks to queue
[2021-12-07 11:26:22,905] {logging_mixin.py:109} INFO - [2021-12-07 11:26:22,905] {dagbag.py:500} INFO - Filling up the DagBag from /Users/ballakeerthi/opt/anaconda3/lib/python3.8/site-packages/airflow/example_dags/example_branch_day_of_week_operator.py
[2021-12-07 11:26:22,935] {processor.py:637} INFO - DAG(s) dict_keys(['example_weekday_branch_operator']) retrieved from /Users/ballakeerthi/opt/anaconda3/lib/python3.8/site-packages/airflow/example_dags/example_branch_day_of_week_operator.py
[2021-12-07 11:26:22,954] {logging_mixin.py:109} INFO - [2021-12-07 11:26:22,953] {dag.py:2396} INFO - Sync 1 DAGs
[2021-12-07 11:26:22,964] {logging_mixin.py:109} INFO - [2021-12-07 11:26:22,963] {dag.py:2928} INFO - Setting next_dagrun for example_weekday_branch_operator to 2021-12-06 00:00:00+00:00
[2021-12-07 11:26:22,972] {processor.py:171} INFO - Processing /Users/ballakeerthi/opt/anaconda3/lib/python3.8/site-packages/airflow/example_dags/example_branch_day_of_week_operator.py took 0.071 seconds
[2021-12-07 11:29:22,431] {processor.py:163} INFO - Started process (PID=4529) to work on /Users/ballakeerthi/opt/anaconda3/lib/python3.8/site-packages/airflow/example_dags/example_branch_day_of_week_operator.py
[2021-12-07 11:29:22,437] {processor.py:625} INFO - Processing file /Users/ballakeerthi/opt/anaconda3/lib/python3.8/site-packages/airflow/example_dags/example_branch_day_of_week_operator.py for tasks to queue
[2021-12-07 11:29:22,438] {logging_mixin.py:109} INFO - [2021-12-07 11:29:22,438] {dagbag.py:500} INFO - Filling up the DagBag from /Users/ballakeerthi/opt/anaconda3/lib/python3.8/site-packages/airflow/example_dags/example_branch_day_of_week_operator.py
[2021-12-07 11:29:22,471] {processor.py:637} INFO - DAG(s) dict_keys(['example_weekday_branch_operator']) retrieved from /Users/ballakeerthi/opt/anaconda3/lib/python3.8/site-packages/airflow/example_dags/example_branch_day_of_week_operator.py
[2021-12-07 11:29:22,484] {logging_mixin.py:109} INFO - [2021-12-07 11:29:22,483] {dag.py:2396} INFO - Sync 1 DAGs
[2021-12-07 11:29:22,492] {logging_mixin.py:109} INFO - [2021-12-07 11:29:22,492] {dag.py:2928} INFO - Setting next_dagrun for example_weekday_branch_operator to 2021-12-06 00:00:00+00:00
[2021-12-07 11:29:22,501] {processor.py:171} INFO - Processing /Users/ballakeerthi/opt/anaconda3/lib/python3.8/site-packages/airflow/example_dags/example_branch_day_of_week_operator.py took 0.070 seconds
[2021-12-07 11:32:45,588] {processor.py:163} INFO - Started process (PID=4794) to work on /Users/ballakeerthi/opt/anaconda3/lib/python3.8/site-packages/airflow/example_dags/example_branch_day_of_week_operator.py
[2021-12-07 11:32:45,589] {processor.py:625} INFO - Processing file /Users/ballakeerthi/opt/anaconda3/lib/python3.8/site-packages/airflow/example_dags/example_branch_day_of_week_operator.py for tasks to queue
[2021-12-07 11:32:45,590] {logging_mixin.py:109} INFO - [2021-12-07 11:32:45,590] {dagbag.py:500} INFO - Filling up the DagBag from /Users/ballakeerthi/opt/anaconda3/lib/python3.8/site-packages/airflow/example_dags/example_branch_day_of_week_operator.py
[2021-12-07 11:32:45,634] {processor.py:637} INFO - DAG(s) dict_keys(['example_weekday_branch_operator']) retrieved from /Users/ballakeerthi/opt/anaconda3/lib/python3.8/site-packages/airflow/example_dags/example_branch_day_of_week_operator.py
[2021-12-07 11:32:45,657] {logging_mixin.py:109} INFO - [2021-12-07 11:32:45,655] {dag.py:2396} INFO - Sync 1 DAGs
[2021-12-07 11:32:45,667] {logging_mixin.py:109} INFO - [2021-12-07 11:32:45,667] {dag.py:2928} INFO - Setting next_dagrun for example_weekday_branch_operator to 2021-12-06 00:00:00+00:00
[2021-12-07 11:32:45,677] {processor.py:171} INFO - Processing /Users/ballakeerthi/opt/anaconda3/lib/python3.8/site-packages/airflow/example_dags/example_branch_day_of_week_operator.py took 0.089 seconds
[2021-12-07 11:35:58,590] {processor.py:163} INFO - Started process (PID=4925) to work on /Users/ballakeerthi/opt/anaconda3/lib/python3.8/site-packages/airflow/example_dags/example_branch_day_of_week_operator.py
[2021-12-07 11:35:58,596] {processor.py:625} INFO - Processing file /Users/ballakeerthi/opt/anaconda3/lib/python3.8/site-packages/airflow/example_dags/example_branch_day_of_week_operator.py for tasks to queue
[2021-12-07 11:35:58,597] {logging_mixin.py:109} INFO - [2021-12-07 11:35:58,597] {dagbag.py:500} INFO - Filling up the DagBag from /Users/ballakeerthi/opt/anaconda3/lib/python3.8/site-packages/airflow/example_dags/example_branch_day_of_week_operator.py
[2021-12-07 11:35:58,633] {processor.py:637} INFO - DAG(s) dict_keys(['example_weekday_branch_operator']) retrieved from /Users/ballakeerthi/opt/anaconda3/lib/python3.8/site-packages/airflow/example_dags/example_branch_day_of_week_operator.py
[2021-12-07 11:35:58,649] {logging_mixin.py:109} INFO - [2021-12-07 11:35:58,648] {dag.py:2396} INFO - Sync 1 DAGs
[2021-12-07 11:35:58,657] {logging_mixin.py:109} INFO - [2021-12-07 11:35:58,657] {dag.py:2928} INFO - Setting next_dagrun for example_weekday_branch_operator to 2021-12-06 00:00:00+00:00
[2021-12-07 11:35:58,667] {processor.py:171} INFO - Processing /Users/ballakeerthi/opt/anaconda3/lib/python3.8/site-packages/airflow/example_dags/example_branch_day_of_week_operator.py took 0.077 seconds
[2021-12-07 11:39:23,757] {processor.py:163} INFO - Started process (PID=5055) to work on /Users/ballakeerthi/opt/anaconda3/lib/python3.8/site-packages/airflow/example_dags/example_branch_day_of_week_operator.py
[2021-12-07 11:39:23,758] {processor.py:625} INFO - Processing file /Users/ballakeerthi/opt/anaconda3/lib/python3.8/site-packages/airflow/example_dags/example_branch_day_of_week_operator.py for tasks to queue
[2021-12-07 11:39:23,758] {logging_mixin.py:109} INFO - [2021-12-07 11:39:23,758] {dagbag.py:500} INFO - Filling up the DagBag from /Users/ballakeerthi/opt/anaconda3/lib/python3.8/site-packages/airflow/example_dags/example_branch_day_of_week_operator.py
[2021-12-07 11:39:23,794] {processor.py:637} INFO - DAG(s) dict_keys(['example_weekday_branch_operator']) retrieved from /Users/ballakeerthi/opt/anaconda3/lib/python3.8/site-packages/airflow/example_dags/example_branch_day_of_week_operator.py
[2021-12-07 11:39:23,809] {logging_mixin.py:109} INFO - [2021-12-07 11:39:23,807] {dag.py:2396} INFO - Sync 1 DAGs
[2021-12-07 11:39:23,817] {logging_mixin.py:109} INFO - [2021-12-07 11:39:23,817] {dag.py:2928} INFO - Setting next_dagrun for example_weekday_branch_operator to 2021-12-06 00:00:00+00:00
[2021-12-07 11:39:23,827] {processor.py:171} INFO - Processing /Users/ballakeerthi/opt/anaconda3/lib/python3.8/site-packages/airflow/example_dags/example_branch_day_of_week_operator.py took 0.071 seconds
[2021-12-07 11:42:29,070] {processor.py:163} INFO - Started process (PID=5168) to work on /Users/ballakeerthi/opt/anaconda3/lib/python3.8/site-packages/airflow/example_dags/example_branch_day_of_week_operator.py
[2021-12-07 11:42:29,072] {processor.py:625} INFO - Processing file /Users/ballakeerthi/opt/anaconda3/lib/python3.8/site-packages/airflow/example_dags/example_branch_day_of_week_operator.py for tasks to queue
[2021-12-07 11:42:29,073] {logging_mixin.py:109} INFO - [2021-12-07 11:42:29,073] {dagbag.py:500} INFO - Filling up the DagBag from /Users/ballakeerthi/opt/anaconda3/lib/python3.8/site-packages/airflow/example_dags/example_branch_day_of_week_operator.py
[2021-12-07 11:42:29,114] {processor.py:637} INFO - DAG(s) dict_keys(['example_weekday_branch_operator']) retrieved from /Users/ballakeerthi/opt/anaconda3/lib/python3.8/site-packages/airflow/example_dags/example_branch_day_of_week_operator.py
[2021-12-07 11:42:29,134] {logging_mixin.py:109} INFO - [2021-12-07 11:42:29,132] {dag.py:2396} INFO - Sync 1 DAGs
[2021-12-07 11:42:29,147] {logging_mixin.py:109} INFO - [2021-12-07 11:42:29,147] {dag.py:2928} INFO - Setting next_dagrun for example_weekday_branch_operator to 2021-12-06 00:00:00+00:00
[2021-12-07 11:42:29,153] {processor.py:171} INFO - Processing /Users/ballakeerthi/opt/anaconda3/lib/python3.8/site-packages/airflow/example_dags/example_branch_day_of_week_operator.py took 0.084 seconds
[2021-12-07 11:45:25,552] {processor.py:163} INFO - Started process (PID=5281) to work on /Users/ballakeerthi/opt/anaconda3/lib/python3.8/site-packages/airflow/example_dags/example_branch_day_of_week_operator.py
[2021-12-07 11:45:25,554] {processor.py:625} INFO - Processing file /Users/ballakeerthi/opt/anaconda3/lib/python3.8/site-packages/airflow/example_dags/example_branch_day_of_week_operator.py for tasks to queue
[2021-12-07 11:45:25,554] {logging_mixin.py:109} INFO - [2021-12-07 11:45:25,554] {dagbag.py:500} INFO - Filling up the DagBag from /Users/ballakeerthi/opt/anaconda3/lib/python3.8/site-packages/airflow/example_dags/example_branch_day_of_week_operator.py
[2021-12-07 11:45:25,589] {processor.py:637} INFO - DAG(s) dict_keys(['example_weekday_branch_operator']) retrieved from /Users/ballakeerthi/opt/anaconda3/lib/python3.8/site-packages/airflow/example_dags/example_branch_day_of_week_operator.py
[2021-12-07 11:45:25,606] {logging_mixin.py:109} INFO - [2021-12-07 11:45:25,604] {dag.py:2396} INFO - Sync 1 DAGs
[2021-12-07 11:45:25,615] {logging_mixin.py:109} INFO - [2021-12-07 11:45:25,615] {dag.py:2928} INFO - Setting next_dagrun for example_weekday_branch_operator to 2021-12-06 00:00:00+00:00
[2021-12-07 11:45:25,622] {processor.py:171} INFO - Processing /Users/ballakeerthi/opt/anaconda3/lib/python3.8/site-packages/airflow/example_dags/example_branch_day_of_week_operator.py took 0.070 seconds
[2021-12-07 11:48:45,381] {processor.py:163} INFO - Started process (PID=5407) to work on /Users/ballakeerthi/opt/anaconda3/lib/python3.8/site-packages/airflow/example_dags/example_branch_day_of_week_operator.py
[2021-12-07 11:48:45,383] {processor.py:625} INFO - Processing file /Users/ballakeerthi/opt/anaconda3/lib/python3.8/site-packages/airflow/example_dags/example_branch_day_of_week_operator.py for tasks to queue
[2021-12-07 11:48:45,383] {logging_mixin.py:109} INFO - [2021-12-07 11:48:45,383] {dagbag.py:500} INFO - Filling up the DagBag from /Users/ballakeerthi/opt/anaconda3/lib/python3.8/site-packages/airflow/example_dags/example_branch_day_of_week_operator.py
[2021-12-07 11:48:45,416] {processor.py:637} INFO - DAG(s) dict_keys(['example_weekday_branch_operator']) retrieved from /Users/ballakeerthi/opt/anaconda3/lib/python3.8/site-packages/airflow/example_dags/example_branch_day_of_week_operator.py
[2021-12-07 11:48:45,432] {logging_mixin.py:109} INFO - [2021-12-07 11:48:45,431] {dag.py:2396} INFO - Sync 1 DAGs
[2021-12-07 11:48:45,441] {logging_mixin.py:109} INFO - [2021-12-07 11:48:45,441] {dag.py:2928} INFO - Setting next_dagrun for example_weekday_branch_operator to 2021-12-06 00:00:00+00:00
[2021-12-07 11:48:45,450] {processor.py:171} INFO - Processing /Users/ballakeerthi/opt/anaconda3/lib/python3.8/site-packages/airflow/example_dags/example_branch_day_of_week_operator.py took 0.070 seconds
[2021-12-07 11:52:54,815] {processor.py:163} INFO - Started process (PID=5561) to work on /Users/ballakeerthi/opt/anaconda3/lib/python3.8/site-packages/airflow/example_dags/example_branch_day_of_week_operator.py
[2021-12-07 11:52:54,815] {processor.py:625} INFO - Processing file /Users/ballakeerthi/opt/anaconda3/lib/python3.8/site-packages/airflow/example_dags/example_branch_day_of_week_operator.py for tasks to queue
[2021-12-07 11:52:54,816] {logging_mixin.py:109} INFO - [2021-12-07 11:52:54,816] {dagbag.py:500} INFO - Filling up the DagBag from /Users/ballakeerthi/opt/anaconda3/lib/python3.8/site-packages/airflow/example_dags/example_branch_day_of_week_operator.py
[2021-12-07 11:52:54,846] {processor.py:637} INFO - DAG(s) dict_keys(['example_weekday_branch_operator']) retrieved from /Users/ballakeerthi/opt/anaconda3/lib/python3.8/site-packages/airflow/example_dags/example_branch_day_of_week_operator.py
[2021-12-07 11:52:54,861] {logging_mixin.py:109} INFO - [2021-12-07 11:52:54,860] {dag.py:2396} INFO - Sync 1 DAGs
[2021-12-07 11:52:54,869] {logging_mixin.py:109} INFO - [2021-12-07 11:52:54,869] {dag.py:2928} INFO - Setting next_dagrun for example_weekday_branch_operator to 2021-12-06 00:00:00+00:00
[2021-12-07 11:52:54,878] {processor.py:171} INFO - Processing /Users/ballakeerthi/opt/anaconda3/lib/python3.8/site-packages/airflow/example_dags/example_branch_day_of_week_operator.py took 0.063 seconds
[2021-12-07 11:55:39,885] {processor.py:163} INFO - Started process (PID=5669) to work on /Users/ballakeerthi/opt/anaconda3/lib/python3.8/site-packages/airflow/example_dags/example_branch_day_of_week_operator.py
[2021-12-07 11:55:39,886] {processor.py:625} INFO - Processing file /Users/ballakeerthi/opt/anaconda3/lib/python3.8/site-packages/airflow/example_dags/example_branch_day_of_week_operator.py for tasks to queue
[2021-12-07 11:55:39,887] {logging_mixin.py:109} INFO - [2021-12-07 11:55:39,887] {dagbag.py:500} INFO - Filling up the DagBag from /Users/ballakeerthi/opt/anaconda3/lib/python3.8/site-packages/airflow/example_dags/example_branch_day_of_week_operator.py
[2021-12-07 11:55:39,916] {processor.py:637} INFO - DAG(s) dict_keys(['example_weekday_branch_operator']) retrieved from /Users/ballakeerthi/opt/anaconda3/lib/python3.8/site-packages/airflow/example_dags/example_branch_day_of_week_operator.py
[2021-12-07 11:55:39,935] {logging_mixin.py:109} INFO - [2021-12-07 11:55:39,934] {dag.py:2396} INFO - Sync 1 DAGs
[2021-12-07 11:55:39,943] {logging_mixin.py:109} INFO - [2021-12-07 11:55:39,943] {dag.py:2928} INFO - Setting next_dagrun for example_weekday_branch_operator to 2021-12-06 00:00:00+00:00
[2021-12-07 11:55:39,952] {processor.py:171} INFO - Processing /Users/ballakeerthi/opt/anaconda3/lib/python3.8/site-packages/airflow/example_dags/example_branch_day_of_week_operator.py took 0.067 seconds
[2021-12-07 11:58:33,607] {processor.py:163} INFO - Started process (PID=5804) to work on /Users/ballakeerthi/opt/anaconda3/lib/python3.8/site-packages/airflow/example_dags/example_branch_day_of_week_operator.py
[2021-12-07 11:58:33,614] {processor.py:625} INFO - Processing file /Users/ballakeerthi/opt/anaconda3/lib/python3.8/site-packages/airflow/example_dags/example_branch_day_of_week_operator.py for tasks to queue
[2021-12-07 11:58:33,614] {logging_mixin.py:109} INFO - [2021-12-07 11:58:33,614] {dagbag.py:500} INFO - Filling up the DagBag from /Users/ballakeerthi/opt/anaconda3/lib/python3.8/site-packages/airflow/example_dags/example_branch_day_of_week_operator.py
[2021-12-07 11:58:33,647] {processor.py:637} INFO - DAG(s) dict_keys(['example_weekday_branch_operator']) retrieved from /Users/ballakeerthi/opt/anaconda3/lib/python3.8/site-packages/airflow/example_dags/example_branch_day_of_week_operator.py
[2021-12-07 11:58:33,663] {logging_mixin.py:109} INFO - [2021-12-07 11:58:33,662] {dag.py:2396} INFO - Sync 1 DAGs
[2021-12-07 11:58:33,673] {logging_mixin.py:109} INFO - [2021-12-07 11:58:33,673] {dag.py:2928} INFO - Setting next_dagrun for example_weekday_branch_operator to 2021-12-06 00:00:00+00:00
[2021-12-07 11:58:33,682] {processor.py:171} INFO - Processing /Users/ballakeerthi/opt/anaconda3/lib/python3.8/site-packages/airflow/example_dags/example_branch_day_of_week_operator.py took 0.075 seconds
[2021-12-07 12:01:35,868] {processor.py:163} INFO - Started process (PID=5931) to work on /Users/ballakeerthi/opt/anaconda3/lib/python3.8/site-packages/airflow/example_dags/example_branch_day_of_week_operator.py
[2021-12-07 12:01:35,874] {processor.py:625} INFO - Processing file /Users/ballakeerthi/opt/anaconda3/lib/python3.8/site-packages/airflow/example_dags/example_branch_day_of_week_operator.py for tasks to queue
[2021-12-07 12:01:35,874] {logging_mixin.py:109} INFO - [2021-12-07 12:01:35,874] {dagbag.py:500} INFO - Filling up the DagBag from /Users/ballakeerthi/opt/anaconda3/lib/python3.8/site-packages/airflow/example_dags/example_branch_day_of_week_operator.py
[2021-12-07 12:01:35,903] {processor.py:637} INFO - DAG(s) dict_keys(['example_weekday_branch_operator']) retrieved from /Users/ballakeerthi/opt/anaconda3/lib/python3.8/site-packages/airflow/example_dags/example_branch_day_of_week_operator.py
[2021-12-07 12:01:35,920] {logging_mixin.py:109} INFO - [2021-12-07 12:01:35,919] {dag.py:2396} INFO - Sync 1 DAGs
[2021-12-07 12:01:35,929] {logging_mixin.py:109} INFO - [2021-12-07 12:01:35,928] {dag.py:2928} INFO - Setting next_dagrun for example_weekday_branch_operator to 2021-12-06 00:00:00+00:00
[2021-12-07 12:01:35,937] {processor.py:171} INFO - Processing /Users/ballakeerthi/opt/anaconda3/lib/python3.8/site-packages/airflow/example_dags/example_branch_day_of_week_operator.py took 0.069 seconds
[2021-12-07 12:04:50,048] {processor.py:163} INFO - Started process (PID=6046) to work on /Users/ballakeerthi/opt/anaconda3/lib/python3.8/site-packages/airflow/example_dags/example_branch_day_of_week_operator.py
[2021-12-07 12:04:50,054] {processor.py:625} INFO - Processing file /Users/ballakeerthi/opt/anaconda3/lib/python3.8/site-packages/airflow/example_dags/example_branch_day_of_week_operator.py for tasks to queue
[2021-12-07 12:04:50,055] {logging_mixin.py:109} INFO - [2021-12-07 12:04:50,055] {dagbag.py:500} INFO - Filling up the DagBag from /Users/ballakeerthi/opt/anaconda3/lib/python3.8/site-packages/airflow/example_dags/example_branch_day_of_week_operator.py
[2021-12-07 12:04:50,086] {processor.py:637} INFO - DAG(s) dict_keys(['example_weekday_branch_operator']) retrieved from /Users/ballakeerthi/opt/anaconda3/lib/python3.8/site-packages/airflow/example_dags/example_branch_day_of_week_operator.py
[2021-12-07 12:04:50,101] {logging_mixin.py:109} INFO - [2021-12-07 12:04:50,099] {dag.py:2396} INFO - Sync 1 DAGs
[2021-12-07 12:04:50,109] {logging_mixin.py:109} INFO - [2021-12-07 12:04:50,109] {dag.py:2928} INFO - Setting next_dagrun for example_weekday_branch_operator to 2021-12-06 00:00:00+00:00
[2021-12-07 12:04:50,119] {processor.py:171} INFO - Processing /Users/ballakeerthi/opt/anaconda3/lib/python3.8/site-packages/airflow/example_dags/example_branch_day_of_week_operator.py took 0.071 seconds
[2021-12-07 12:07:44,179] {processor.py:163} INFO - Started process (PID=6157) to work on /Users/ballakeerthi/opt/anaconda3/lib/python3.8/site-packages/airflow/example_dags/example_branch_day_of_week_operator.py
[2021-12-07 12:07:44,185] {processor.py:625} INFO - Processing file /Users/ballakeerthi/opt/anaconda3/lib/python3.8/site-packages/airflow/example_dags/example_branch_day_of_week_operator.py for tasks to queue
[2021-12-07 12:07:44,185] {logging_mixin.py:109} INFO - [2021-12-07 12:07:44,185] {dagbag.py:500} INFO - Filling up the DagBag from /Users/ballakeerthi/opt/anaconda3/lib/python3.8/site-packages/airflow/example_dags/example_branch_day_of_week_operator.py
[2021-12-07 12:07:44,218] {processor.py:637} INFO - DAG(s) dict_keys(['example_weekday_branch_operator']) retrieved from /Users/ballakeerthi/opt/anaconda3/lib/python3.8/site-packages/airflow/example_dags/example_branch_day_of_week_operator.py
[2021-12-07 12:07:44,233] {logging_mixin.py:109} INFO - [2021-12-07 12:07:44,231] {dag.py:2396} INFO - Sync 1 DAGs
[2021-12-07 12:07:44,246] {logging_mixin.py:109} INFO - [2021-12-07 12:07:44,246] {dag.py:2928} INFO - Setting next_dagrun for example_weekday_branch_operator to 2021-12-06 00:00:00+00:00
[2021-12-07 12:07:44,256] {processor.py:171} INFO - Processing /Users/ballakeerthi/opt/anaconda3/lib/python3.8/site-packages/airflow/example_dags/example_branch_day_of_week_operator.py took 0.078 seconds
[2021-12-07 12:10:36,551] {processor.py:163} INFO - Started process (PID=6272) to work on /Users/ballakeerthi/opt/anaconda3/lib/python3.8/site-packages/airflow/example_dags/example_branch_day_of_week_operator.py
[2021-12-07 12:10:36,557] {processor.py:625} INFO - Processing file /Users/ballakeerthi/opt/anaconda3/lib/python3.8/site-packages/airflow/example_dags/example_branch_day_of_week_operator.py for tasks to queue
[2021-12-07 12:10:36,557] {logging_mixin.py:109} INFO - [2021-12-07 12:10:36,557] {dagbag.py:500} INFO - Filling up the DagBag from /Users/ballakeerthi/opt/anaconda3/lib/python3.8/site-packages/airflow/example_dags/example_branch_day_of_week_operator.py
[2021-12-07 12:10:36,586] {processor.py:637} INFO - DAG(s) dict_keys(['example_weekday_branch_operator']) retrieved from /Users/ballakeerthi/opt/anaconda3/lib/python3.8/site-packages/airflow/example_dags/example_branch_day_of_week_operator.py
[2021-12-07 12:10:36,605] {logging_mixin.py:109} INFO - [2021-12-07 12:10:36,604] {dag.py:2396} INFO - Sync 1 DAGs
[2021-12-07 12:10:36,613] {logging_mixin.py:109} INFO - [2021-12-07 12:10:36,612] {dag.py:2928} INFO - Setting next_dagrun for example_weekday_branch_operator to 2021-12-06 00:00:00+00:00
[2021-12-07 12:10:36,620] {processor.py:171} INFO - Processing /Users/ballakeerthi/opt/anaconda3/lib/python3.8/site-packages/airflow/example_dags/example_branch_day_of_week_operator.py took 0.069 seconds
[2021-12-07 12:13:27,839] {processor.py:163} INFO - Started process (PID=6382) to work on /Users/ballakeerthi/opt/anaconda3/lib/python3.8/site-packages/airflow/example_dags/example_branch_day_of_week_operator.py
[2021-12-07 12:13:27,842] {processor.py:625} INFO - Processing file /Users/ballakeerthi/opt/anaconda3/lib/python3.8/site-packages/airflow/example_dags/example_branch_day_of_week_operator.py for tasks to queue
[2021-12-07 12:13:27,843] {logging_mixin.py:109} INFO - [2021-12-07 12:13:27,843] {dagbag.py:500} INFO - Filling up the DagBag from /Users/ballakeerthi/opt/anaconda3/lib/python3.8/site-packages/airflow/example_dags/example_branch_day_of_week_operator.py
[2021-12-07 12:13:27,877] {processor.py:637} INFO - DAG(s) dict_keys(['example_weekday_branch_operator']) retrieved from /Users/ballakeerthi/opt/anaconda3/lib/python3.8/site-packages/airflow/example_dags/example_branch_day_of_week_operator.py
[2021-12-07 12:13:27,895] {logging_mixin.py:109} INFO - [2021-12-07 12:13:27,893] {dag.py:2396} INFO - Sync 1 DAGs
[2021-12-07 12:13:27,908] {logging_mixin.py:109} INFO - [2021-12-07 12:13:27,908] {dag.py:2928} INFO - Setting next_dagrun for example_weekday_branch_operator to 2021-12-06 00:00:00+00:00
[2021-12-07 12:13:27,919] {processor.py:171} INFO - Processing /Users/ballakeerthi/opt/anaconda3/lib/python3.8/site-packages/airflow/example_dags/example_branch_day_of_week_operator.py took 0.081 seconds
[2021-12-07 12:16:27,247] {processor.py:163} INFO - Started process (PID=6494) to work on /Users/ballakeerthi/opt/anaconda3/lib/python3.8/site-packages/airflow/example_dags/example_branch_day_of_week_operator.py
[2021-12-07 12:16:27,248] {processor.py:625} INFO - Processing file /Users/ballakeerthi/opt/anaconda3/lib/python3.8/site-packages/airflow/example_dags/example_branch_day_of_week_operator.py for tasks to queue
[2021-12-07 12:16:27,248] {logging_mixin.py:109} INFO - [2021-12-07 12:16:27,248] {dagbag.py:500} INFO - Filling up the DagBag from /Users/ballakeerthi/opt/anaconda3/lib/python3.8/site-packages/airflow/example_dags/example_branch_day_of_week_operator.py
[2021-12-07 12:16:27,278] {processor.py:637} INFO - DAG(s) dict_keys(['example_weekday_branch_operator']) retrieved from /Users/ballakeerthi/opt/anaconda3/lib/python3.8/site-packages/airflow/example_dags/example_branch_day_of_week_operator.py
[2021-12-07 12:16:27,300] {logging_mixin.py:109} INFO - [2021-12-07 12:16:27,298] {dag.py:2396} INFO - Sync 1 DAGs
[2021-12-07 12:16:27,309] {logging_mixin.py:109} INFO - [2021-12-07 12:16:27,309] {dag.py:2928} INFO - Setting next_dagrun for example_weekday_branch_operator to 2021-12-06 00:00:00+00:00
[2021-12-07 12:16:27,317] {processor.py:171} INFO - Processing /Users/ballakeerthi/opt/anaconda3/lib/python3.8/site-packages/airflow/example_dags/example_branch_day_of_week_operator.py took 0.071 seconds
[2021-12-07 12:19:32,164] {processor.py:163} INFO - Started process (PID=6603) to work on /Users/ballakeerthi/opt/anaconda3/lib/python3.8/site-packages/airflow/example_dags/example_branch_day_of_week_operator.py
[2021-12-07 12:19:32,172] {processor.py:625} INFO - Processing file /Users/ballakeerthi/opt/anaconda3/lib/python3.8/site-packages/airflow/example_dags/example_branch_day_of_week_operator.py for tasks to queue
[2021-12-07 12:19:32,173] {logging_mixin.py:109} INFO - [2021-12-07 12:19:32,173] {dagbag.py:500} INFO - Filling up the DagBag from /Users/ballakeerthi/opt/anaconda3/lib/python3.8/site-packages/airflow/example_dags/example_branch_day_of_week_operator.py
[2021-12-07 12:19:32,208] {processor.py:637} INFO - DAG(s) dict_keys(['example_weekday_branch_operator']) retrieved from /Users/ballakeerthi/opt/anaconda3/lib/python3.8/site-packages/airflow/example_dags/example_branch_day_of_week_operator.py
[2021-12-07 12:19:32,225] {logging_mixin.py:109} INFO - [2021-12-07 12:19:32,224] {dag.py:2396} INFO - Sync 1 DAGs
[2021-12-07 12:19:32,234] {logging_mixin.py:109} INFO - [2021-12-07 12:19:32,234] {dag.py:2928} INFO - Setting next_dagrun for example_weekday_branch_operator to 2021-12-06 00:00:00+00:00
[2021-12-07 12:19:32,243] {processor.py:171} INFO - Processing /Users/ballakeerthi/opt/anaconda3/lib/python3.8/site-packages/airflow/example_dags/example_branch_day_of_week_operator.py took 0.080 seconds
[2021-12-07 12:22:20,781] {processor.py:163} INFO - Started process (PID=6713) to work on /Users/ballakeerthi/opt/anaconda3/lib/python3.8/site-packages/airflow/example_dags/example_branch_day_of_week_operator.py
[2021-12-07 12:22:20,787] {processor.py:625} INFO - Processing file /Users/ballakeerthi/opt/anaconda3/lib/python3.8/site-packages/airflow/example_dags/example_branch_day_of_week_operator.py for tasks to queue
[2021-12-07 12:22:20,788] {logging_mixin.py:109} INFO - [2021-12-07 12:22:20,788] {dagbag.py:500} INFO - Filling up the DagBag from /Users/ballakeerthi/opt/anaconda3/lib/python3.8/site-packages/airflow/example_dags/example_branch_day_of_week_operator.py
[2021-12-07 12:22:20,822] {processor.py:637} INFO - DAG(s) dict_keys(['example_weekday_branch_operator']) retrieved from /Users/ballakeerthi/opt/anaconda3/lib/python3.8/site-packages/airflow/example_dags/example_branch_day_of_week_operator.py
[2021-12-07 12:22:20,839] {logging_mixin.py:109} INFO - [2021-12-07 12:22:20,838] {dag.py:2396} INFO - Sync 1 DAGs
[2021-12-07 12:22:20,849] {logging_mixin.py:109} INFO - [2021-12-07 12:22:20,849] {dag.py:2928} INFO - Setting next_dagrun for example_weekday_branch_operator to 2021-12-06 00:00:00+00:00
[2021-12-07 12:22:20,857] {processor.py:171} INFO - Processing /Users/ballakeerthi/opt/anaconda3/lib/python3.8/site-packages/airflow/example_dags/example_branch_day_of_week_operator.py took 0.076 seconds
[2021-12-07 12:25:02,466] {processor.py:163} INFO - Started process (PID=6821) to work on /Users/ballakeerthi/opt/anaconda3/lib/python3.8/site-packages/airflow/example_dags/example_branch_day_of_week_operator.py
[2021-12-07 12:25:02,473] {processor.py:625} INFO - Processing file /Users/ballakeerthi/opt/anaconda3/lib/python3.8/site-packages/airflow/example_dags/example_branch_day_of_week_operator.py for tasks to queue
[2021-12-07 12:25:02,473] {logging_mixin.py:109} INFO - [2021-12-07 12:25:02,473] {dagbag.py:500} INFO - Filling up the DagBag from /Users/ballakeerthi/opt/anaconda3/lib/python3.8/site-packages/airflow/example_dags/example_branch_day_of_week_operator.py
[2021-12-07 12:25:02,503] {processor.py:637} INFO - DAG(s) dict_keys(['example_weekday_branch_operator']) retrieved from /Users/ballakeerthi/opt/anaconda3/lib/python3.8/site-packages/airflow/example_dags/example_branch_day_of_week_operator.py
[2021-12-07 12:25:02,516] {logging_mixin.py:109} INFO - [2021-12-07 12:25:02,515] {dag.py:2396} INFO - Sync 1 DAGs
[2021-12-07 12:25:02,523] {logging_mixin.py:109} INFO - [2021-12-07 12:25:02,523] {dag.py:2928} INFO - Setting next_dagrun for example_weekday_branch_operator to 2021-12-06 00:00:00+00:00
[2021-12-07 12:25:02,532] {processor.py:171} INFO - Processing /Users/ballakeerthi/opt/anaconda3/lib/python3.8/site-packages/airflow/example_dags/example_branch_day_of_week_operator.py took 0.066 seconds
[2021-12-07 13:25:24,896] {processor.py:163} INFO - Started process (PID=7012) to work on /Users/ballakeerthi/opt/anaconda3/lib/python3.8/site-packages/airflow/example_dags/example_branch_day_of_week_operator.py
[2021-12-07 13:25:24,896] {processor.py:625} INFO - Processing file /Users/ballakeerthi/opt/anaconda3/lib/python3.8/site-packages/airflow/example_dags/example_branch_day_of_week_operator.py for tasks to queue
[2021-12-07 13:25:24,897] {logging_mixin.py:109} INFO - [2021-12-07 13:25:24,897] {dagbag.py:500} INFO - Filling up the DagBag from /Users/ballakeerthi/opt/anaconda3/lib/python3.8/site-packages/airflow/example_dags/example_branch_day_of_week_operator.py
[2021-12-07 13:25:24,924] {processor.py:637} INFO - DAG(s) dict_keys(['example_weekday_branch_operator']) retrieved from /Users/ballakeerthi/opt/anaconda3/lib/python3.8/site-packages/airflow/example_dags/example_branch_day_of_week_operator.py
[2021-12-07 13:25:24,937] {logging_mixin.py:109} INFO - [2021-12-07 13:25:24,936] {dag.py:2396} INFO - Sync 1 DAGs
[2021-12-07 13:25:24,944] {logging_mixin.py:109} INFO - [2021-12-07 13:25:24,944] {dag.py:2928} INFO - Setting next_dagrun for example_weekday_branch_operator to 2021-12-06 00:00:00+00:00
[2021-12-07 13:25:24,952] {processor.py:171} INFO - Processing /Users/ballakeerthi/opt/anaconda3/lib/python3.8/site-packages/airflow/example_dags/example_branch_day_of_week_operator.py took 0.057 seconds
[2021-12-07 13:28:06,010] {processor.py:163} INFO - Started process (PID=7125) to work on /Users/ballakeerthi/opt/anaconda3/lib/python3.8/site-packages/airflow/example_dags/example_branch_day_of_week_operator.py
[2021-12-07 13:28:06,016] {processor.py:625} INFO - Processing file /Users/ballakeerthi/opt/anaconda3/lib/python3.8/site-packages/airflow/example_dags/example_branch_day_of_week_operator.py for tasks to queue
[2021-12-07 13:28:06,017] {logging_mixin.py:109} INFO - [2021-12-07 13:28:06,017] {dagbag.py:500} INFO - Filling up the DagBag from /Users/ballakeerthi/opt/anaconda3/lib/python3.8/site-packages/airflow/example_dags/example_branch_day_of_week_operator.py
[2021-12-07 13:28:06,048] {processor.py:637} INFO - DAG(s) dict_keys(['example_weekday_branch_operator']) retrieved from /Users/ballakeerthi/opt/anaconda3/lib/python3.8/site-packages/airflow/example_dags/example_branch_day_of_week_operator.py
[2021-12-07 13:28:06,061] {logging_mixin.py:109} INFO - [2021-12-07 13:28:06,060] {dag.py:2396} INFO - Sync 1 DAGs
[2021-12-07 13:28:06,068] {logging_mixin.py:109} INFO - [2021-12-07 13:28:06,068] {dag.py:2928} INFO - Setting next_dagrun for example_weekday_branch_operator to 2021-12-06 00:00:00+00:00
[2021-12-07 13:28:06,078] {processor.py:171} INFO - Processing /Users/ballakeerthi/opt/anaconda3/lib/python3.8/site-packages/airflow/example_dags/example_branch_day_of_week_operator.py took 0.068 seconds
[2021-12-07 13:30:23,015] {processor.py:163} INFO - Started process (PID=7230) to work on /Users/ballakeerthi/opt/anaconda3/lib/python3.8/site-packages/airflow/example_dags/example_branch_day_of_week_operator.py
[2021-12-07 13:30:23,021] {processor.py:625} INFO - Processing file /Users/ballakeerthi/opt/anaconda3/lib/python3.8/site-packages/airflow/example_dags/example_branch_day_of_week_operator.py for tasks to queue
[2021-12-07 13:30:23,022] {logging_mixin.py:109} INFO - [2021-12-07 13:30:23,022] {dagbag.py:500} INFO - Filling up the DagBag from /Users/ballakeerthi/opt/anaconda3/lib/python3.8/site-packages/airflow/example_dags/example_branch_day_of_week_operator.py
[2021-12-07 13:30:23,051] {processor.py:637} INFO - DAG(s) dict_keys(['example_weekday_branch_operator']) retrieved from /Users/ballakeerthi/opt/anaconda3/lib/python3.8/site-packages/airflow/example_dags/example_branch_day_of_week_operator.py
[2021-12-07 13:30:23,065] {logging_mixin.py:109} INFO - [2021-12-07 13:30:23,064] {dag.py:2396} INFO - Sync 1 DAGs
[2021-12-07 13:30:23,072] {logging_mixin.py:109} INFO - [2021-12-07 13:30:23,072] {dag.py:2928} INFO - Setting next_dagrun for example_weekday_branch_operator to 2021-12-06 00:00:00+00:00
[2021-12-07 13:30:23,082] {processor.py:171} INFO - Processing /Users/ballakeerthi/opt/anaconda3/lib/python3.8/site-packages/airflow/example_dags/example_branch_day_of_week_operator.py took 0.067 seconds
[2021-12-07 13:32:36,632] {processor.py:163} INFO - Started process (PID=7335) to work on /Users/ballakeerthi/opt/anaconda3/lib/python3.8/site-packages/airflow/example_dags/example_branch_day_of_week_operator.py
[2021-12-07 13:32:36,633] {processor.py:625} INFO - Processing file /Users/ballakeerthi/opt/anaconda3/lib/python3.8/site-packages/airflow/example_dags/example_branch_day_of_week_operator.py for tasks to queue
[2021-12-07 13:32:36,634] {logging_mixin.py:109} INFO - [2021-12-07 13:32:36,634] {dagbag.py:500} INFO - Filling up the DagBag from /Users/ballakeerthi/opt/anaconda3/lib/python3.8/site-packages/airflow/example_dags/example_branch_day_of_week_operator.py
[2021-12-07 13:32:36,663] {processor.py:637} INFO - DAG(s) dict_keys(['example_weekday_branch_operator']) retrieved from /Users/ballakeerthi/opt/anaconda3/lib/python3.8/site-packages/airflow/example_dags/example_branch_day_of_week_operator.py
[2021-12-07 13:32:36,676] {logging_mixin.py:109} INFO - [2021-12-07 13:32:36,675] {dag.py:2396} INFO - Sync 1 DAGs
[2021-12-07 13:32:36,686] {logging_mixin.py:109} INFO - [2021-12-07 13:32:36,686] {dag.py:2928} INFO - Setting next_dagrun for example_weekday_branch_operator to 2021-12-06 00:00:00+00:00
[2021-12-07 13:32:36,694] {processor.py:171} INFO - Processing /Users/ballakeerthi/opt/anaconda3/lib/python3.8/site-packages/airflow/example_dags/example_branch_day_of_week_operator.py took 0.062 seconds
[2021-12-07 13:35:39,549] {processor.py:163} INFO - Started process (PID=7508) to work on /Users/ballakeerthi/opt/anaconda3/lib/python3.8/site-packages/airflow/example_dags/example_branch_day_of_week_operator.py
[2021-12-07 13:35:39,551] {processor.py:625} INFO - Processing file /Users/ballakeerthi/opt/anaconda3/lib/python3.8/site-packages/airflow/example_dags/example_branch_day_of_week_operator.py for tasks to queue
[2021-12-07 13:35:39,552] {logging_mixin.py:109} INFO - [2021-12-07 13:35:39,552] {dagbag.py:500} INFO - Filling up the DagBag from /Users/ballakeerthi/opt/anaconda3/lib/python3.8/site-packages/airflow/example_dags/example_branch_day_of_week_operator.py
[2021-12-07 13:35:39,580] {processor.py:637} INFO - DAG(s) dict_keys(['example_weekday_branch_operator']) retrieved from /Users/ballakeerthi/opt/anaconda3/lib/python3.8/site-packages/airflow/example_dags/example_branch_day_of_week_operator.py
[2021-12-07 13:35:39,593] {logging_mixin.py:109} INFO - [2021-12-07 13:35:39,592] {dag.py:2396} INFO - Sync 1 DAGs
[2021-12-07 13:35:39,601] {logging_mixin.py:109} INFO - [2021-12-07 13:35:39,601] {dag.py:2928} INFO - Setting next_dagrun for example_weekday_branch_operator to 2021-12-06 00:00:00+00:00
[2021-12-07 13:35:39,609] {processor.py:171} INFO - Processing /Users/ballakeerthi/opt/anaconda3/lib/python3.8/site-packages/airflow/example_dags/example_branch_day_of_week_operator.py took 0.061 seconds
[2021-12-07 13:38:28,316] {processor.py:163} INFO - Started process (PID=7671) to work on /Users/ballakeerthi/opt/anaconda3/lib/python3.8/site-packages/airflow/example_dags/example_branch_day_of_week_operator.py
[2021-12-07 13:38:28,316] {processor.py:625} INFO - Processing file /Users/ballakeerthi/opt/anaconda3/lib/python3.8/site-packages/airflow/example_dags/example_branch_day_of_week_operator.py for tasks to queue
[2021-12-07 13:38:28,317] {logging_mixin.py:109} INFO - [2021-12-07 13:38:28,317] {dagbag.py:500} INFO - Filling up the DagBag from /Users/ballakeerthi/opt/anaconda3/lib/python3.8/site-packages/airflow/example_dags/example_branch_day_of_week_operator.py
[2021-12-07 13:38:28,348] {processor.py:637} INFO - DAG(s) dict_keys(['example_weekday_branch_operator']) retrieved from /Users/ballakeerthi/opt/anaconda3/lib/python3.8/site-packages/airflow/example_dags/example_branch_day_of_week_operator.py
[2021-12-07 13:38:28,362] {logging_mixin.py:109} INFO - [2021-12-07 13:38:28,361] {dag.py:2396} INFO - Sync 1 DAGs
[2021-12-07 13:38:28,372] {logging_mixin.py:109} INFO - [2021-12-07 13:38:28,372] {dag.py:2928} INFO - Setting next_dagrun for example_weekday_branch_operator to 2021-12-06 00:00:00+00:00
[2021-12-07 13:38:28,379] {processor.py:171} INFO - Processing /Users/ballakeerthi/opt/anaconda3/lib/python3.8/site-packages/airflow/example_dags/example_branch_day_of_week_operator.py took 0.064 seconds
[2021-12-07 13:41:12,478] {processor.py:163} INFO - Started process (PID=7805) to work on /Users/ballakeerthi/opt/anaconda3/lib/python3.8/site-packages/airflow/example_dags/example_branch_day_of_week_operator.py
[2021-12-07 13:41:12,479] {processor.py:625} INFO - Processing file /Users/ballakeerthi/opt/anaconda3/lib/python3.8/site-packages/airflow/example_dags/example_branch_day_of_week_operator.py for tasks to queue
[2021-12-07 13:41:12,479] {logging_mixin.py:109} INFO - [2021-12-07 13:41:12,479] {dagbag.py:500} INFO - Filling up the DagBag from /Users/ballakeerthi/opt/anaconda3/lib/python3.8/site-packages/airflow/example_dags/example_branch_day_of_week_operator.py
[2021-12-07 13:41:12,509] {processor.py:637} INFO - DAG(s) dict_keys(['example_weekday_branch_operator']) retrieved from /Users/ballakeerthi/opt/anaconda3/lib/python3.8/site-packages/airflow/example_dags/example_branch_day_of_week_operator.py
[2021-12-07 13:41:12,523] {logging_mixin.py:109} INFO - [2021-12-07 13:41:12,522] {dag.py:2396} INFO - Sync 1 DAGs
[2021-12-07 13:41:12,532] {logging_mixin.py:109} INFO - [2021-12-07 13:41:12,532] {dag.py:2928} INFO - Setting next_dagrun for example_weekday_branch_operator to 2021-12-06 00:00:00+00:00
[2021-12-07 13:41:12,537] {processor.py:171} INFO - Processing /Users/ballakeerthi/opt/anaconda3/lib/python3.8/site-packages/airflow/example_dags/example_branch_day_of_week_operator.py took 0.059 seconds
[2021-12-07 13:43:56,953] {processor.py:163} INFO - Started process (PID=7924) to work on /Users/ballakeerthi/opt/anaconda3/lib/python3.8/site-packages/airflow/example_dags/example_branch_day_of_week_operator.py
[2021-12-07 13:43:56,956] {processor.py:625} INFO - Processing file /Users/ballakeerthi/opt/anaconda3/lib/python3.8/site-packages/airflow/example_dags/example_branch_day_of_week_operator.py for tasks to queue
[2021-12-07 13:43:56,957] {logging_mixin.py:109} INFO - [2021-12-07 13:43:56,956] {dagbag.py:500} INFO - Filling up the DagBag from /Users/ballakeerthi/opt/anaconda3/lib/python3.8/site-packages/airflow/example_dags/example_branch_day_of_week_operator.py
[2021-12-07 13:43:57,001] {processor.py:637} INFO - DAG(s) dict_keys(['example_weekday_branch_operator']) retrieved from /Users/ballakeerthi/opt/anaconda3/lib/python3.8/site-packages/airflow/example_dags/example_branch_day_of_week_operator.py
[2021-12-07 13:43:57,035] {logging_mixin.py:109} INFO - [2021-12-07 13:43:57,032] {dag.py:2396} INFO - Sync 1 DAGs
[2021-12-07 13:43:57,051] {logging_mixin.py:109} INFO - [2021-12-07 13:43:57,051] {dag.py:2928} INFO - Setting next_dagrun for example_weekday_branch_operator to 2021-12-06 00:00:00+00:00
[2021-12-07 13:43:57,063] {processor.py:171} INFO - Processing /Users/ballakeerthi/opt/anaconda3/lib/python3.8/site-packages/airflow/example_dags/example_branch_day_of_week_operator.py took 0.110 seconds
