[2021-12-07 10:55:31,073] {processor.py:163} INFO - Started process (PID=2686) to work on /Users/ballakeerthi/opt/anaconda3/envs/airflow/lib/python3.9/site-packages/airflow/example_dags/example_xcom.py
[2021-12-07 10:55:31,073] {processor.py:625} INFO - Processing file /Users/ballakeerthi/opt/anaconda3/envs/airflow/lib/python3.9/site-packages/airflow/example_dags/example_xcom.py for tasks to queue
[2021-12-07 10:55:31,075] {logging_mixin.py:109} INFO - [2021-12-07 10:55:31,075] {dagbag.py:500} INFO - Filling up the DagBag from /Users/ballakeerthi/opt/anaconda3/envs/airflow/lib/python3.9/site-packages/airflow/example_dags/example_xcom.py
[2021-12-07 10:55:31,142] {processor.py:637} INFO - DAG(s) dict_keys(['example_xcom']) retrieved from /Users/ballakeerthi/opt/anaconda3/envs/airflow/lib/python3.9/site-packages/airflow/example_dags/example_xcom.py
[2021-12-07 10:55:31,568] {logging_mixin.py:109} INFO - [2021-12-07 10:55:31,568] {dag.py:2396} INFO - Sync 1 DAGs
[2021-12-07 10:55:31,582] {logging_mixin.py:109} INFO - [2021-12-07 10:55:31,581] {dag.py:2928} INFO - Setting next_dagrun for example_xcom to 2021-01-01T00:00:00+00:00
[2021-12-07 10:55:31,603] {processor.py:171} INFO - Processing /Users/ballakeerthi/opt/anaconda3/envs/airflow/lib/python3.9/site-packages/airflow/example_dags/example_xcom.py took 0.531 seconds
[2021-12-07 10:57:23,693] {processor.py:163} INFO - Started process (PID=2741) to work on /Users/ballakeerthi/opt/anaconda3/envs/airflow/lib/python3.9/site-packages/airflow/example_dags/example_xcom.py
[2021-12-07 10:57:23,699] {processor.py:625} INFO - Processing file /Users/ballakeerthi/opt/anaconda3/envs/airflow/lib/python3.9/site-packages/airflow/example_dags/example_xcom.py for tasks to queue
[2021-12-07 10:57:23,701] {logging_mixin.py:109} INFO - [2021-12-07 10:57:23,701] {dagbag.py:500} INFO - Filling up the DagBag from /Users/ballakeerthi/opt/anaconda3/envs/airflow/lib/python3.9/site-packages/airflow/example_dags/example_xcom.py
[2021-12-07 10:57:23,745] {processor.py:637} INFO - DAG(s) dict_keys(['example_xcom']) retrieved from /Users/ballakeerthi/opt/anaconda3/envs/airflow/lib/python3.9/site-packages/airflow/example_dags/example_xcom.py
[2021-12-07 10:57:24,013] {logging_mixin.py:109} INFO - [2021-12-07 10:57:24,012] {dag.py:2396} INFO - Sync 1 DAGs
[2021-12-07 10:57:24,023] {logging_mixin.py:109} INFO - [2021-12-07 10:57:24,023] {dag.py:2928} INFO - Setting next_dagrun for example_xcom to 2021-01-01T00:00:00+00:00
[2021-12-07 10:57:24,044] {processor.py:171} INFO - Processing /Users/ballakeerthi/opt/anaconda3/envs/airflow/lib/python3.9/site-packages/airflow/example_dags/example_xcom.py took 0.351 seconds
[2021-12-07 10:58:47,469] {processor.py:163} INFO - Started process (PID=2971) to work on /Users/ballakeerthi/opt/anaconda3/envs/airflow/lib/python3.9/site-packages/airflow/example_dags/example_xcom.py
[2021-12-07 10:58:47,470] {processor.py:625} INFO - Processing file /Users/ballakeerthi/opt/anaconda3/envs/airflow/lib/python3.9/site-packages/airflow/example_dags/example_xcom.py for tasks to queue
[2021-12-07 10:58:47,472] {logging_mixin.py:109} INFO - [2021-12-07 10:58:47,472] {dagbag.py:500} INFO - Filling up the DagBag from /Users/ballakeerthi/opt/anaconda3/envs/airflow/lib/python3.9/site-packages/airflow/example_dags/example_xcom.py
[2021-12-07 10:58:47,534] {processor.py:637} INFO - DAG(s) dict_keys(['example_xcom']) retrieved from /Users/ballakeerthi/opt/anaconda3/envs/airflow/lib/python3.9/site-packages/airflow/example_dags/example_xcom.py
[2021-12-07 10:58:47,814] {logging_mixin.py:109} INFO - [2021-12-07 10:58:47,813] {dag.py:2396} INFO - Sync 1 DAGs
[2021-12-07 10:58:47,823] {logging_mixin.py:109} INFO - [2021-12-07 10:58:47,823] {dag.py:2928} INFO - Setting next_dagrun for example_xcom to 2021-01-01T00:00:00+00:00
[2021-12-07 10:58:47,831] {processor.py:171} INFO - Processing /Users/ballakeerthi/opt/anaconda3/envs/airflow/lib/python3.9/site-packages/airflow/example_dags/example_xcom.py took 0.362 seconds
[2021-12-07 11:00:16,365] {processor.py:163} INFO - Started process (PID=3069) to work on /Users/ballakeerthi/opt/anaconda3/envs/airflow/lib/python3.9/site-packages/airflow/example_dags/example_xcom.py
[2021-12-07 11:00:16,366] {processor.py:625} INFO - Processing file /Users/ballakeerthi/opt/anaconda3/envs/airflow/lib/python3.9/site-packages/airflow/example_dags/example_xcom.py for tasks to queue
[2021-12-07 11:00:16,368] {logging_mixin.py:109} INFO - [2021-12-07 11:00:16,368] {dagbag.py:500} INFO - Filling up the DagBag from /Users/ballakeerthi/opt/anaconda3/envs/airflow/lib/python3.9/site-packages/airflow/example_dags/example_xcom.py
[2021-12-07 11:00:16,409] {processor.py:637} INFO - DAG(s) dict_keys(['example_xcom']) retrieved from /Users/ballakeerthi/opt/anaconda3/envs/airflow/lib/python3.9/site-packages/airflow/example_dags/example_xcom.py
[2021-12-07 11:00:16,629] {logging_mixin.py:109} INFO - [2021-12-07 11:00:16,629] {dag.py:2396} INFO - Sync 1 DAGs
[2021-12-07 11:00:16,637] {logging_mixin.py:109} INFO - [2021-12-07 11:00:16,637] {dag.py:2928} INFO - Setting next_dagrun for example_xcom to 2021-01-01T00:00:00+00:00
[2021-12-07 11:00:16,644] {processor.py:171} INFO - Processing /Users/ballakeerthi/opt/anaconda3/envs/airflow/lib/python3.9/site-packages/airflow/example_dags/example_xcom.py took 0.280 seconds
[2021-12-07 11:01:26,255] {processor.py:163} INFO - Started process (PID=3237) to work on /Users/ballakeerthi/opt/anaconda3/envs/airflow/lib/python3.9/site-packages/airflow/example_dags/example_xcom.py
[2021-12-07 11:01:26,255] {processor.py:625} INFO - Processing file /Users/ballakeerthi/opt/anaconda3/envs/airflow/lib/python3.9/site-packages/airflow/example_dags/example_xcom.py for tasks to queue
[2021-12-07 11:01:26,258] {logging_mixin.py:109} INFO - [2021-12-07 11:01:26,257] {dagbag.py:500} INFO - Filling up the DagBag from /Users/ballakeerthi/opt/anaconda3/envs/airflow/lib/python3.9/site-packages/airflow/example_dags/example_xcom.py
[2021-12-07 11:01:26,308] {processor.py:637} INFO - DAG(s) dict_keys(['example_xcom']) retrieved from /Users/ballakeerthi/opt/anaconda3/envs/airflow/lib/python3.9/site-packages/airflow/example_dags/example_xcom.py
[2021-12-07 11:01:26,567] {logging_mixin.py:109} INFO - [2021-12-07 11:01:26,567] {dag.py:2396} INFO - Sync 1 DAGs
[2021-12-07 11:01:26,578] {logging_mixin.py:109} INFO - [2021-12-07 11:01:26,578] {dag.py:2928} INFO - Setting next_dagrun for example_xcom to 2021-01-01T00:00:00+00:00
[2021-12-07 11:01:26,589] {processor.py:171} INFO - Processing /Users/ballakeerthi/opt/anaconda3/envs/airflow/lib/python3.9/site-packages/airflow/example_dags/example_xcom.py took 0.335 seconds
[2021-12-07 11:03:13,481] {processor.py:163} INFO - Started process (PID=3388) to work on /Users/ballakeerthi/opt/anaconda3/envs/airflow/lib/python3.9/site-packages/airflow/example_dags/example_xcom.py
[2021-12-07 11:03:13,482] {processor.py:625} INFO - Processing file /Users/ballakeerthi/opt/anaconda3/envs/airflow/lib/python3.9/site-packages/airflow/example_dags/example_xcom.py for tasks to queue
[2021-12-07 11:03:13,484] {logging_mixin.py:109} INFO - [2021-12-07 11:03:13,484] {dagbag.py:500} INFO - Filling up the DagBag from /Users/ballakeerthi/opt/anaconda3/envs/airflow/lib/python3.9/site-packages/airflow/example_dags/example_xcom.py
[2021-12-07 11:03:13,529] {processor.py:637} INFO - DAG(s) dict_keys(['example_xcom']) retrieved from /Users/ballakeerthi/opt/anaconda3/envs/airflow/lib/python3.9/site-packages/airflow/example_dags/example_xcom.py
[2021-12-07 11:03:13,767] {logging_mixin.py:109} INFO - [2021-12-07 11:03:13,767] {dag.py:2396} INFO - Sync 1 DAGs
[2021-12-07 11:03:13,776] {logging_mixin.py:109} INFO - [2021-12-07 11:03:13,776] {dag.py:2928} INFO - Setting next_dagrun for example_xcom to 2021-01-01T00:00:00+00:00
[2021-12-07 11:03:13,783] {processor.py:171} INFO - Processing /Users/ballakeerthi/opt/anaconda3/envs/airflow/lib/python3.9/site-packages/airflow/example_dags/example_xcom.py took 0.303 seconds
[2021-12-07 11:04:37,981] {processor.py:163} INFO - Started process (PID=3495) to work on /Users/ballakeerthi/opt/anaconda3/envs/airflow/lib/python3.9/site-packages/airflow/example_dags/example_xcom.py
[2021-12-07 11:04:37,982] {processor.py:625} INFO - Processing file /Users/ballakeerthi/opt/anaconda3/envs/airflow/lib/python3.9/site-packages/airflow/example_dags/example_xcom.py for tasks to queue
[2021-12-07 11:04:37,983] {logging_mixin.py:109} INFO - [2021-12-07 11:04:37,983] {dagbag.py:500} INFO - Filling up the DagBag from /Users/ballakeerthi/opt/anaconda3/envs/airflow/lib/python3.9/site-packages/airflow/example_dags/example_xcom.py
[2021-12-07 11:04:38,020] {processor.py:637} INFO - DAG(s) dict_keys(['example_xcom']) retrieved from /Users/ballakeerthi/opt/anaconda3/envs/airflow/lib/python3.9/site-packages/airflow/example_dags/example_xcom.py
[2021-12-07 11:04:38,216] {logging_mixin.py:109} INFO - [2021-12-07 11:04:38,216] {dag.py:2396} INFO - Sync 1 DAGs
[2021-12-07 11:04:38,223] {logging_mixin.py:109} INFO - [2021-12-07 11:04:38,223] {dag.py:2928} INFO - Setting next_dagrun for example_xcom to 2021-01-01T00:00:00+00:00
[2021-12-07 11:04:38,230] {processor.py:171} INFO - Processing /Users/ballakeerthi/opt/anaconda3/envs/airflow/lib/python3.9/site-packages/airflow/example_dags/example_xcom.py took 0.250 seconds
[2021-12-07 11:05:48,702] {processor.py:163} INFO - Started process (PID=3526) to work on /Users/ballakeerthi/opt/anaconda3/envs/airflow/lib/python3.9/site-packages/airflow/example_dags/example_xcom.py
[2021-12-07 11:05:48,708] {processor.py:625} INFO - Processing file /Users/ballakeerthi/opt/anaconda3/envs/airflow/lib/python3.9/site-packages/airflow/example_dags/example_xcom.py for tasks to queue
[2021-12-07 11:05:48,710] {logging_mixin.py:109} INFO - [2021-12-07 11:05:48,710] {dagbag.py:500} INFO - Filling up the DagBag from /Users/ballakeerthi/opt/anaconda3/envs/airflow/lib/python3.9/site-packages/airflow/example_dags/example_xcom.py
[2021-12-07 11:05:48,808] {processor.py:637} INFO - DAG(s) dict_keys(['example_xcom']) retrieved from /Users/ballakeerthi/opt/anaconda3/envs/airflow/lib/python3.9/site-packages/airflow/example_dags/example_xcom.py
[2021-12-07 11:05:49,125] {logging_mixin.py:109} INFO - [2021-12-07 11:05:49,125] {dag.py:2396} INFO - Sync 1 DAGs
[2021-12-07 11:05:49,144] {logging_mixin.py:109} INFO - [2021-12-07 11:05:49,144] {dag.py:2928} INFO - Setting next_dagrun for example_xcom to 2021-01-01T00:00:00+00:00
[2021-12-07 11:05:49,158] {processor.py:171} INFO - Processing /Users/ballakeerthi/opt/anaconda3/envs/airflow/lib/python3.9/site-packages/airflow/example_dags/example_xcom.py took 0.457 seconds
[2021-12-07 11:08:18,680] {processor.py:163} INFO - Started process (PID=3582) to work on /Users/ballakeerthi/opt/anaconda3/lib/python3.8/site-packages/airflow/example_dags/example_xcom.py
[2021-12-07 11:08:18,686] {processor.py:625} INFO - Processing file /Users/ballakeerthi/opt/anaconda3/lib/python3.8/site-packages/airflow/example_dags/example_xcom.py for tasks to queue
[2021-12-07 11:08:18,686] {logging_mixin.py:109} INFO - [2021-12-07 11:08:18,686] {dagbag.py:500} INFO - Filling up the DagBag from /Users/ballakeerthi/opt/anaconda3/lib/python3.8/site-packages/airflow/example_dags/example_xcom.py
[2021-12-07 11:08:18,735] {processor.py:637} INFO - DAG(s) dict_keys(['example_xcom']) retrieved from /Users/ballakeerthi/opt/anaconda3/lib/python3.8/site-packages/airflow/example_dags/example_xcom.py
[2021-12-07 11:08:18,980] {logging_mixin.py:109} INFO - [2021-12-07 11:08:18,979] {dag.py:2396} INFO - Sync 1 DAGs
[2021-12-07 11:08:18,988] {logging_mixin.py:109} INFO - [2021-12-07 11:08:18,987] {dag.py:2928} INFO - Setting next_dagrun for example_xcom to 2021-01-01T00:00:00+00:00
[2021-12-07 11:08:18,997] {processor.py:171} INFO - Processing /Users/ballakeerthi/opt/anaconda3/lib/python3.8/site-packages/airflow/example_dags/example_xcom.py took 0.318 seconds
[2021-12-07 11:10:32,884] {processor.py:163} INFO - Started process (PID=3670) to work on /Users/ballakeerthi/opt/anaconda3/lib/python3.8/site-packages/airflow/example_dags/example_xcom.py
[2021-12-07 11:10:32,885] {processor.py:625} INFO - Processing file /Users/ballakeerthi/opt/anaconda3/lib/python3.8/site-packages/airflow/example_dags/example_xcom.py for tasks to queue
[2021-12-07 11:10:32,885] {logging_mixin.py:109} INFO - [2021-12-07 11:10:32,885] {dagbag.py:500} INFO - Filling up the DagBag from /Users/ballakeerthi/opt/anaconda3/lib/python3.8/site-packages/airflow/example_dags/example_xcom.py
[2021-12-07 11:10:32,926] {processor.py:637} INFO - DAG(s) dict_keys(['example_xcom']) retrieved from /Users/ballakeerthi/opt/anaconda3/lib/python3.8/site-packages/airflow/example_dags/example_xcom.py
[2021-12-07 11:10:33,133] {logging_mixin.py:109} INFO - [2021-12-07 11:10:33,133] {dag.py:2396} INFO - Sync 1 DAGs
[2021-12-07 11:10:33,141] {logging_mixin.py:109} INFO - [2021-12-07 11:10:33,141] {dag.py:2928} INFO - Setting next_dagrun for example_xcom to 2021-01-01T00:00:00+00:00
[2021-12-07 11:10:33,151] {processor.py:171} INFO - Processing /Users/ballakeerthi/opt/anaconda3/lib/python3.8/site-packages/airflow/example_dags/example_xcom.py took 0.268 seconds
[2021-12-07 11:12:01,362] {processor.py:163} INFO - Started process (PID=3740) to work on /Users/ballakeerthi/opt/anaconda3/lib/python3.8/site-packages/airflow/example_dags/example_xcom.py
[2021-12-07 11:12:01,368] {processor.py:625} INFO - Processing file /Users/ballakeerthi/opt/anaconda3/lib/python3.8/site-packages/airflow/example_dags/example_xcom.py for tasks to queue
[2021-12-07 11:12:01,369] {logging_mixin.py:109} INFO - [2021-12-07 11:12:01,369] {dagbag.py:500} INFO - Filling up the DagBag from /Users/ballakeerthi/opt/anaconda3/lib/python3.8/site-packages/airflow/example_dags/example_xcom.py
[2021-12-07 11:12:01,409] {processor.py:637} INFO - DAG(s) dict_keys(['example_xcom']) retrieved from /Users/ballakeerthi/opt/anaconda3/lib/python3.8/site-packages/airflow/example_dags/example_xcom.py
[2021-12-07 11:12:01,608] {logging_mixin.py:109} INFO - [2021-12-07 11:12:01,608] {dag.py:2396} INFO - Sync 1 DAGs
[2021-12-07 11:12:01,615] {logging_mixin.py:109} INFO - [2021-12-07 11:12:01,615] {dag.py:2928} INFO - Setting next_dagrun for example_xcom to 2021-01-01T00:00:00+00:00
[2021-12-07 11:12:01,625] {processor.py:171} INFO - Processing /Users/ballakeerthi/opt/anaconda3/lib/python3.8/site-packages/airflow/example_dags/example_xcom.py took 0.264 seconds
[2021-12-07 11:13:25,959] {processor.py:163} INFO - Started process (PID=3798) to work on /Users/ballakeerthi/opt/anaconda3/lib/python3.8/site-packages/airflow/example_dags/example_xcom.py
[2021-12-07 11:13:25,960] {processor.py:625} INFO - Processing file /Users/ballakeerthi/opt/anaconda3/lib/python3.8/site-packages/airflow/example_dags/example_xcom.py for tasks to queue
[2021-12-07 11:13:25,961] {logging_mixin.py:109} INFO - [2021-12-07 11:13:25,961] {dagbag.py:500} INFO - Filling up the DagBag from /Users/ballakeerthi/opt/anaconda3/lib/python3.8/site-packages/airflow/example_dags/example_xcom.py
[2021-12-07 11:13:26,015] {processor.py:637} INFO - DAG(s) dict_keys(['example_xcom']) retrieved from /Users/ballakeerthi/opt/anaconda3/lib/python3.8/site-packages/airflow/example_dags/example_xcom.py
[2021-12-07 11:13:26,322] {logging_mixin.py:109} INFO - [2021-12-07 11:13:26,322] {dag.py:2396} INFO - Sync 1 DAGs
[2021-12-07 11:13:26,337] {logging_mixin.py:109} INFO - [2021-12-07 11:13:26,337] {dag.py:2928} INFO - Setting next_dagrun for example_xcom to 2021-01-01T00:00:00+00:00
[2021-12-07 11:13:26,350] {processor.py:171} INFO - Processing /Users/ballakeerthi/opt/anaconda3/lib/python3.8/site-packages/airflow/example_dags/example_xcom.py took 0.392 seconds
[2021-12-07 11:14:46,678] {processor.py:163} INFO - Started process (PID=3859) to work on /Users/ballakeerthi/opt/anaconda3/lib/python3.8/site-packages/airflow/example_dags/example_xcom.py
[2021-12-07 11:14:46,681] {processor.py:625} INFO - Processing file /Users/ballakeerthi/opt/anaconda3/lib/python3.8/site-packages/airflow/example_dags/example_xcom.py for tasks to queue
[2021-12-07 11:14:46,681] {logging_mixin.py:109} INFO - [2021-12-07 11:14:46,681] {dagbag.py:500} INFO - Filling up the DagBag from /Users/ballakeerthi/opt/anaconda3/lib/python3.8/site-packages/airflow/example_dags/example_xcom.py
[2021-12-07 11:14:46,719] {processor.py:637} INFO - DAG(s) dict_keys(['example_xcom']) retrieved from /Users/ballakeerthi/opt/anaconda3/lib/python3.8/site-packages/airflow/example_dags/example_xcom.py
[2021-12-07 11:14:46,922] {logging_mixin.py:109} INFO - [2021-12-07 11:14:46,922] {dag.py:2396} INFO - Sync 1 DAGs
[2021-12-07 11:14:46,931] {logging_mixin.py:109} INFO - [2021-12-07 11:14:46,931] {dag.py:2928} INFO - Setting next_dagrun for example_xcom to 2021-01-01T00:00:00+00:00
[2021-12-07 11:14:46,944] {processor.py:171} INFO - Processing /Users/ballakeerthi/opt/anaconda3/lib/python3.8/site-packages/airflow/example_dags/example_xcom.py took 0.266 seconds
[2021-12-07 11:16:07,967] {processor.py:163} INFO - Started process (PID=3918) to work on /Users/ballakeerthi/opt/anaconda3/lib/python3.8/site-packages/airflow/example_dags/example_xcom.py
[2021-12-07 11:16:07,973] {processor.py:625} INFO - Processing file /Users/ballakeerthi/opt/anaconda3/lib/python3.8/site-packages/airflow/example_dags/example_xcom.py for tasks to queue
[2021-12-07 11:16:07,974] {logging_mixin.py:109} INFO - [2021-12-07 11:16:07,974] {dagbag.py:500} INFO - Filling up the DagBag from /Users/ballakeerthi/opt/anaconda3/lib/python3.8/site-packages/airflow/example_dags/example_xcom.py
[2021-12-07 11:16:08,014] {processor.py:637} INFO - DAG(s) dict_keys(['example_xcom']) retrieved from /Users/ballakeerthi/opt/anaconda3/lib/python3.8/site-packages/airflow/example_dags/example_xcom.py
[2021-12-07 11:16:08,209] {logging_mixin.py:109} INFO - [2021-12-07 11:16:08,209] {dag.py:2396} INFO - Sync 1 DAGs
[2021-12-07 11:16:08,216] {logging_mixin.py:109} INFO - [2021-12-07 11:16:08,216] {dag.py:2928} INFO - Setting next_dagrun for example_xcom to 2021-01-01T00:00:00+00:00
[2021-12-07 11:16:08,227] {processor.py:171} INFO - Processing /Users/ballakeerthi/opt/anaconda3/lib/python3.8/site-packages/airflow/example_dags/example_xcom.py took 0.261 seconds
[2021-12-07 11:17:26,924] {processor.py:163} INFO - Started process (PID=3973) to work on /Users/ballakeerthi/opt/anaconda3/lib/python3.8/site-packages/airflow/example_dags/example_xcom.py
[2021-12-07 11:17:26,929] {processor.py:625} INFO - Processing file /Users/ballakeerthi/opt/anaconda3/lib/python3.8/site-packages/airflow/example_dags/example_xcom.py for tasks to queue
[2021-12-07 11:17:26,930] {logging_mixin.py:109} INFO - [2021-12-07 11:17:26,930] {dagbag.py:500} INFO - Filling up the DagBag from /Users/ballakeerthi/opt/anaconda3/lib/python3.8/site-packages/airflow/example_dags/example_xcom.py
[2021-12-07 11:17:26,969] {processor.py:637} INFO - DAG(s) dict_keys(['example_xcom']) retrieved from /Users/ballakeerthi/opt/anaconda3/lib/python3.8/site-packages/airflow/example_dags/example_xcom.py
[2021-12-07 11:17:27,166] {logging_mixin.py:109} INFO - [2021-12-07 11:17:27,166] {dag.py:2396} INFO - Sync 1 DAGs
[2021-12-07 11:17:27,173] {logging_mixin.py:109} INFO - [2021-12-07 11:17:27,173] {dag.py:2928} INFO - Setting next_dagrun for example_xcom to 2021-01-01T00:00:00+00:00
[2021-12-07 11:17:27,187] {processor.py:171} INFO - Processing /Users/ballakeerthi/opt/anaconda3/lib/python3.8/site-packages/airflow/example_dags/example_xcom.py took 0.263 seconds
[2021-12-07 11:18:42,590] {processor.py:163} INFO - Started process (PID=4027) to work on /Users/ballakeerthi/opt/anaconda3/lib/python3.8/site-packages/airflow/example_dags/example_xcom.py
[2021-12-07 11:18:42,592] {processor.py:625} INFO - Processing file /Users/ballakeerthi/opt/anaconda3/lib/python3.8/site-packages/airflow/example_dags/example_xcom.py for tasks to queue
[2021-12-07 11:18:42,592] {logging_mixin.py:109} INFO - [2021-12-07 11:18:42,592] {dagbag.py:500} INFO - Filling up the DagBag from /Users/ballakeerthi/opt/anaconda3/lib/python3.8/site-packages/airflow/example_dags/example_xcom.py
[2021-12-07 11:18:42,632] {processor.py:637} INFO - DAG(s) dict_keys(['example_xcom']) retrieved from /Users/ballakeerthi/opt/anaconda3/lib/python3.8/site-packages/airflow/example_dags/example_xcom.py
[2021-12-07 11:18:42,836] {logging_mixin.py:109} INFO - [2021-12-07 11:18:42,836] {dag.py:2396} INFO - Sync 1 DAGs
[2021-12-07 11:18:42,843] {logging_mixin.py:109} INFO - [2021-12-07 11:18:42,843] {dag.py:2928} INFO - Setting next_dagrun for example_xcom to 2021-01-01T00:00:00+00:00
[2021-12-07 11:18:42,852] {processor.py:171} INFO - Processing /Users/ballakeerthi/opt/anaconda3/lib/python3.8/site-packages/airflow/example_dags/example_xcom.py took 0.263 seconds
[2021-12-07 11:20:02,371] {processor.py:163} INFO - Started process (PID=4085) to work on /Users/ballakeerthi/opt/anaconda3/lib/python3.8/site-packages/airflow/example_dags/example_xcom.py
[2021-12-07 11:20:02,377] {processor.py:625} INFO - Processing file /Users/ballakeerthi/opt/anaconda3/lib/python3.8/site-packages/airflow/example_dags/example_xcom.py for tasks to queue
[2021-12-07 11:20:02,378] {logging_mixin.py:109} INFO - [2021-12-07 11:20:02,378] {dagbag.py:500} INFO - Filling up the DagBag from /Users/ballakeerthi/opt/anaconda3/lib/python3.8/site-packages/airflow/example_dags/example_xcom.py
[2021-12-07 11:20:02,423] {processor.py:637} INFO - DAG(s) dict_keys(['example_xcom']) retrieved from /Users/ballakeerthi/opt/anaconda3/lib/python3.8/site-packages/airflow/example_dags/example_xcom.py
[2021-12-07 11:20:02,648] {logging_mixin.py:109} INFO - [2021-12-07 11:20:02,647] {dag.py:2396} INFO - Sync 1 DAGs
[2021-12-07 11:20:02,656] {logging_mixin.py:109} INFO - [2021-12-07 11:20:02,656] {dag.py:2928} INFO - Setting next_dagrun for example_xcom to 2021-01-01T00:00:00+00:00
[2021-12-07 11:20:02,671] {processor.py:171} INFO - Processing /Users/ballakeerthi/opt/anaconda3/lib/python3.8/site-packages/airflow/example_dags/example_xcom.py took 0.300 seconds
[2021-12-07 11:21:32,005] {processor.py:163} INFO - Started process (PID=4172) to work on /Users/ballakeerthi/opt/anaconda3/lib/python3.8/site-packages/airflow/example_dags/example_xcom.py
[2021-12-07 11:21:32,006] {processor.py:625} INFO - Processing file /Users/ballakeerthi/opt/anaconda3/lib/python3.8/site-packages/airflow/example_dags/example_xcom.py for tasks to queue
[2021-12-07 11:21:32,007] {logging_mixin.py:109} INFO - [2021-12-07 11:21:32,006] {dagbag.py:500} INFO - Filling up the DagBag from /Users/ballakeerthi/opt/anaconda3/lib/python3.8/site-packages/airflow/example_dags/example_xcom.py
[2021-12-07 11:21:32,059] {processor.py:637} INFO - DAG(s) dict_keys(['example_xcom']) retrieved from /Users/ballakeerthi/opt/anaconda3/lib/python3.8/site-packages/airflow/example_dags/example_xcom.py
[2021-12-07 11:21:32,273] {logging_mixin.py:109} INFO - [2021-12-07 11:21:32,273] {dag.py:2396} INFO - Sync 1 DAGs
[2021-12-07 11:21:32,280] {logging_mixin.py:109} INFO - [2021-12-07 11:21:32,280] {dag.py:2928} INFO - Setting next_dagrun for example_xcom to 2021-01-01T00:00:00+00:00
[2021-12-07 11:21:32,287] {processor.py:171} INFO - Processing /Users/ballakeerthi/opt/anaconda3/lib/python3.8/site-packages/airflow/example_dags/example_xcom.py took 0.282 seconds
[2021-12-07 11:22:54,523] {processor.py:163} INFO - Started process (PID=4245) to work on /Users/ballakeerthi/opt/anaconda3/lib/python3.8/site-packages/airflow/example_dags/example_xcom.py
[2021-12-07 11:22:54,530] {processor.py:625} INFO - Processing file /Users/ballakeerthi/opt/anaconda3/lib/python3.8/site-packages/airflow/example_dags/example_xcom.py for tasks to queue
[2021-12-07 11:22:54,530] {logging_mixin.py:109} INFO - [2021-12-07 11:22:54,530] {dagbag.py:500} INFO - Filling up the DagBag from /Users/ballakeerthi/opt/anaconda3/lib/python3.8/site-packages/airflow/example_dags/example_xcom.py
[2021-12-07 11:22:54,573] {processor.py:637} INFO - DAG(s) dict_keys(['example_xcom']) retrieved from /Users/ballakeerthi/opt/anaconda3/lib/python3.8/site-packages/airflow/example_dags/example_xcom.py
[2021-12-07 11:22:54,815] {logging_mixin.py:109} INFO - [2021-12-07 11:22:54,815] {dag.py:2396} INFO - Sync 1 DAGs
[2021-12-07 11:22:54,825] {logging_mixin.py:109} INFO - [2021-12-07 11:22:54,825] {dag.py:2928} INFO - Setting next_dagrun for example_xcom to 2021-01-01T00:00:00+00:00
[2021-12-07 11:22:54,835] {processor.py:171} INFO - Processing /Users/ballakeerthi/opt/anaconda3/lib/python3.8/site-packages/airflow/example_dags/example_xcom.py took 0.313 seconds
[2021-12-07 11:24:14,961] {processor.py:163} INFO - Started process (PID=4307) to work on /Users/ballakeerthi/opt/anaconda3/lib/python3.8/site-packages/airflow/example_dags/example_xcom.py
[2021-12-07 11:24:14,961] {processor.py:625} INFO - Processing file /Users/ballakeerthi/opt/anaconda3/lib/python3.8/site-packages/airflow/example_dags/example_xcom.py for tasks to queue
[2021-12-07 11:24:14,962] {logging_mixin.py:109} INFO - [2021-12-07 11:24:14,962] {dagbag.py:500} INFO - Filling up the DagBag from /Users/ballakeerthi/opt/anaconda3/lib/python3.8/site-packages/airflow/example_dags/example_xcom.py
[2021-12-07 11:24:15,006] {processor.py:637} INFO - DAG(s) dict_keys(['example_xcom']) retrieved from /Users/ballakeerthi/opt/anaconda3/lib/python3.8/site-packages/airflow/example_dags/example_xcom.py
[2021-12-07 11:24:15,208] {logging_mixin.py:109} INFO - [2021-12-07 11:24:15,208] {dag.py:2396} INFO - Sync 1 DAGs
[2021-12-07 11:24:15,216] {logging_mixin.py:109} INFO - [2021-12-07 11:24:15,216] {dag.py:2928} INFO - Setting next_dagrun for example_xcom to 2021-01-01T00:00:00+00:00
[2021-12-07 11:24:15,226] {processor.py:171} INFO - Processing /Users/ballakeerthi/opt/anaconda3/lib/python3.8/site-packages/airflow/example_dags/example_xcom.py took 0.265 seconds
[2021-12-07 11:25:40,276] {processor.py:163} INFO - Started process (PID=4365) to work on /Users/ballakeerthi/opt/anaconda3/lib/python3.8/site-packages/airflow/example_dags/example_xcom.py
[2021-12-07 11:25:40,280] {processor.py:625} INFO - Processing file /Users/ballakeerthi/opt/anaconda3/lib/python3.8/site-packages/airflow/example_dags/example_xcom.py for tasks to queue
[2021-12-07 11:25:40,281] {logging_mixin.py:109} INFO - [2021-12-07 11:25:40,281] {dagbag.py:500} INFO - Filling up the DagBag from /Users/ballakeerthi/opt/anaconda3/lib/python3.8/site-packages/airflow/example_dags/example_xcom.py
[2021-12-07 11:25:40,333] {processor.py:637} INFO - DAG(s) dict_keys(['example_xcom']) retrieved from /Users/ballakeerthi/opt/anaconda3/lib/python3.8/site-packages/airflow/example_dags/example_xcom.py
[2021-12-07 11:25:40,608] {logging_mixin.py:109} INFO - [2021-12-07 11:25:40,608] {dag.py:2396} INFO - Sync 1 DAGs
[2021-12-07 11:25:40,616] {logging_mixin.py:109} INFO - [2021-12-07 11:25:40,616] {dag.py:2928} INFO - Setting next_dagrun for example_xcom to 2021-01-01T00:00:00+00:00
[2021-12-07 11:25:40,629] {processor.py:171} INFO - Processing /Users/ballakeerthi/opt/anaconda3/lib/python3.8/site-packages/airflow/example_dags/example_xcom.py took 0.354 seconds
[2021-12-07 11:27:08,002] {processor.py:163} INFO - Started process (PID=4424) to work on /Users/ballakeerthi/opt/anaconda3/lib/python3.8/site-packages/airflow/example_dags/example_xcom.py
[2021-12-07 11:27:08,004] {processor.py:625} INFO - Processing file /Users/ballakeerthi/opt/anaconda3/lib/python3.8/site-packages/airflow/example_dags/example_xcom.py for tasks to queue
[2021-12-07 11:27:08,005] {logging_mixin.py:109} INFO - [2021-12-07 11:27:08,005] {dagbag.py:500} INFO - Filling up the DagBag from /Users/ballakeerthi/opt/anaconda3/lib/python3.8/site-packages/airflow/example_dags/example_xcom.py
[2021-12-07 11:27:08,043] {processor.py:637} INFO - DAG(s) dict_keys(['example_xcom']) retrieved from /Users/ballakeerthi/opt/anaconda3/lib/python3.8/site-packages/airflow/example_dags/example_xcom.py
[2021-12-07 11:27:08,238] {logging_mixin.py:109} INFO - [2021-12-07 11:27:08,238] {dag.py:2396} INFO - Sync 1 DAGs
[2021-12-07 11:27:08,245] {logging_mixin.py:109} INFO - [2021-12-07 11:27:08,245] {dag.py:2928} INFO - Setting next_dagrun for example_xcom to 2021-01-01T00:00:00+00:00
[2021-12-07 11:27:08,259] {processor.py:171} INFO - Processing /Users/ballakeerthi/opt/anaconda3/lib/python3.8/site-packages/airflow/example_dags/example_xcom.py took 0.257 seconds
[2021-12-07 11:28:32,578] {processor.py:163} INFO - Started process (PID=4495) to work on /Users/ballakeerthi/opt/anaconda3/lib/python3.8/site-packages/airflow/example_dags/example_xcom.py
[2021-12-07 11:28:32,580] {processor.py:625} INFO - Processing file /Users/ballakeerthi/opt/anaconda3/lib/python3.8/site-packages/airflow/example_dags/example_xcom.py for tasks to queue
[2021-12-07 11:28:32,580] {logging_mixin.py:109} INFO - [2021-12-07 11:28:32,580] {dagbag.py:500} INFO - Filling up the DagBag from /Users/ballakeerthi/opt/anaconda3/lib/python3.8/site-packages/airflow/example_dags/example_xcom.py
[2021-12-07 11:28:32,628] {processor.py:637} INFO - DAG(s) dict_keys(['example_xcom']) retrieved from /Users/ballakeerthi/opt/anaconda3/lib/python3.8/site-packages/airflow/example_dags/example_xcom.py
[2021-12-07 11:28:32,838] {logging_mixin.py:109} INFO - [2021-12-07 11:28:32,838] {dag.py:2396} INFO - Sync 1 DAGs
[2021-12-07 11:28:32,845] {logging_mixin.py:109} INFO - [2021-12-07 11:28:32,844] {dag.py:2928} INFO - Setting next_dagrun for example_xcom to 2021-01-01T00:00:00+00:00
[2021-12-07 11:28:32,858] {processor.py:171} INFO - Processing /Users/ballakeerthi/opt/anaconda3/lib/python3.8/site-packages/airflow/example_dags/example_xcom.py took 0.281 seconds
[2021-12-07 11:30:10,874] {processor.py:163} INFO - Started process (PID=4677) to work on /Users/ballakeerthi/opt/anaconda3/lib/python3.8/site-packages/airflow/example_dags/example_xcom.py
[2021-12-07 11:30:10,880] {processor.py:625} INFO - Processing file /Users/ballakeerthi/opt/anaconda3/lib/python3.8/site-packages/airflow/example_dags/example_xcom.py for tasks to queue
[2021-12-07 11:30:10,881] {logging_mixin.py:109} INFO - [2021-12-07 11:30:10,881] {dagbag.py:500} INFO - Filling up the DagBag from /Users/ballakeerthi/opt/anaconda3/lib/python3.8/site-packages/airflow/example_dags/example_xcom.py
[2021-12-07 11:30:10,918] {processor.py:637} INFO - DAG(s) dict_keys(['example_xcom']) retrieved from /Users/ballakeerthi/opt/anaconda3/lib/python3.8/site-packages/airflow/example_dags/example_xcom.py
[2021-12-07 11:30:11,127] {logging_mixin.py:109} INFO - [2021-12-07 11:30:11,127] {dag.py:2396} INFO - Sync 1 DAGs
[2021-12-07 11:30:11,134] {logging_mixin.py:109} INFO - [2021-12-07 11:30:11,134] {dag.py:2928} INFO - Setting next_dagrun for example_xcom to 2021-01-01T00:00:00+00:00
[2021-12-07 11:30:11,143] {processor.py:171} INFO - Processing /Users/ballakeerthi/opt/anaconda3/lib/python3.8/site-packages/airflow/example_dags/example_xcom.py took 0.269 seconds
[2021-12-07 11:31:52,823] {processor.py:163} INFO - Started process (PID=4762) to work on /Users/ballakeerthi/opt/anaconda3/lib/python3.8/site-packages/airflow/example_dags/example_xcom.py
[2021-12-07 11:31:52,824] {processor.py:625} INFO - Processing file /Users/ballakeerthi/opt/anaconda3/lib/python3.8/site-packages/airflow/example_dags/example_xcom.py for tasks to queue
[2021-12-07 11:31:52,824] {logging_mixin.py:109} INFO - [2021-12-07 11:31:52,824] {dagbag.py:500} INFO - Filling up the DagBag from /Users/ballakeerthi/opt/anaconda3/lib/python3.8/site-packages/airflow/example_dags/example_xcom.py
[2021-12-07 11:31:52,866] {processor.py:637} INFO - DAG(s) dict_keys(['example_xcom']) retrieved from /Users/ballakeerthi/opt/anaconda3/lib/python3.8/site-packages/airflow/example_dags/example_xcom.py
[2021-12-07 11:31:53,141] {logging_mixin.py:109} INFO - [2021-12-07 11:31:53,141] {dag.py:2396} INFO - Sync 1 DAGs
[2021-12-07 11:31:53,158] {logging_mixin.py:109} INFO - [2021-12-07 11:31:53,158] {dag.py:2928} INFO - Setting next_dagrun for example_xcom to 2021-01-01T00:00:00+00:00
[2021-12-07 11:31:53,165] {processor.py:171} INFO - Processing /Users/ballakeerthi/opt/anaconda3/lib/python3.8/site-packages/airflow/example_dags/example_xcom.py took 0.343 seconds
[2021-12-07 11:33:43,526] {processor.py:163} INFO - Started process (PID=4828) to work on /Users/ballakeerthi/opt/anaconda3/lib/python3.8/site-packages/airflow/example_dags/example_xcom.py
[2021-12-07 11:33:43,532] {processor.py:625} INFO - Processing file /Users/ballakeerthi/opt/anaconda3/lib/python3.8/site-packages/airflow/example_dags/example_xcom.py for tasks to queue
[2021-12-07 11:33:43,533] {logging_mixin.py:109} INFO - [2021-12-07 11:33:43,533] {dagbag.py:500} INFO - Filling up the DagBag from /Users/ballakeerthi/opt/anaconda3/lib/python3.8/site-packages/airflow/example_dags/example_xcom.py
[2021-12-07 11:33:43,578] {processor.py:637} INFO - DAG(s) dict_keys(['example_xcom']) retrieved from /Users/ballakeerthi/opt/anaconda3/lib/python3.8/site-packages/airflow/example_dags/example_xcom.py
[2021-12-07 11:33:43,810] {logging_mixin.py:109} INFO - [2021-12-07 11:33:43,810] {dag.py:2396} INFO - Sync 1 DAGs
[2021-12-07 11:33:43,819] {logging_mixin.py:109} INFO - [2021-12-07 11:33:43,819] {dag.py:2928} INFO - Setting next_dagrun for example_xcom to 2021-01-01T00:00:00+00:00
[2021-12-07 11:33:43,833] {processor.py:171} INFO - Processing /Users/ballakeerthi/opt/anaconda3/lib/python3.8/site-packages/airflow/example_dags/example_xcom.py took 0.307 seconds
[2021-12-07 11:35:21,866] {processor.py:163} INFO - Started process (PID=4899) to work on /Users/ballakeerthi/opt/anaconda3/lib/python3.8/site-packages/airflow/example_dags/example_xcom.py
[2021-12-07 11:35:21,872] {processor.py:625} INFO - Processing file /Users/ballakeerthi/opt/anaconda3/lib/python3.8/site-packages/airflow/example_dags/example_xcom.py for tasks to queue
[2021-12-07 11:35:21,873] {logging_mixin.py:109} INFO - [2021-12-07 11:35:21,873] {dagbag.py:500} INFO - Filling up the DagBag from /Users/ballakeerthi/opt/anaconda3/lib/python3.8/site-packages/airflow/example_dags/example_xcom.py
[2021-12-07 11:35:21,914] {processor.py:637} INFO - DAG(s) dict_keys(['example_xcom']) retrieved from /Users/ballakeerthi/opt/anaconda3/lib/python3.8/site-packages/airflow/example_dags/example_xcom.py
[2021-12-07 11:35:22,135] {logging_mixin.py:109} INFO - [2021-12-07 11:35:22,135] {dag.py:2396} INFO - Sync 1 DAGs
[2021-12-07 11:35:22,143] {logging_mixin.py:109} INFO - [2021-12-07 11:35:22,143] {dag.py:2928} INFO - Setting next_dagrun for example_xcom to 2021-01-01T00:00:00+00:00
[2021-12-07 11:35:22,159] {processor.py:171} INFO - Processing /Users/ballakeerthi/opt/anaconda3/lib/python3.8/site-packages/airflow/example_dags/example_xcom.py took 0.293 seconds
[2021-12-07 11:36:59,673] {processor.py:163} INFO - Started process (PID=4956) to work on /Users/ballakeerthi/opt/anaconda3/lib/python3.8/site-packages/airflow/example_dags/example_xcom.py
[2021-12-07 11:36:59,674] {processor.py:625} INFO - Processing file /Users/ballakeerthi/opt/anaconda3/lib/python3.8/site-packages/airflow/example_dags/example_xcom.py for tasks to queue
[2021-12-07 11:36:59,674] {logging_mixin.py:109} INFO - [2021-12-07 11:36:59,674] {dagbag.py:500} INFO - Filling up the DagBag from /Users/ballakeerthi/opt/anaconda3/lib/python3.8/site-packages/airflow/example_dags/example_xcom.py
[2021-12-07 11:36:59,792] {processor.py:637} INFO - DAG(s) dict_keys(['example_xcom']) retrieved from /Users/ballakeerthi/opt/anaconda3/lib/python3.8/site-packages/airflow/example_dags/example_xcom.py
[2021-12-07 11:37:00,467] {logging_mixin.py:109} INFO - [2021-12-07 11:37:00,467] {dag.py:2396} INFO - Sync 1 DAGs
[2021-12-07 11:37:00,487] {logging_mixin.py:109} INFO - [2021-12-07 11:37:00,487] {dag.py:2928} INFO - Setting next_dagrun for example_xcom to 2021-01-01T00:00:00+00:00
[2021-12-07 11:37:00,498] {processor.py:171} INFO - Processing /Users/ballakeerthi/opt/anaconda3/lib/python3.8/site-packages/airflow/example_dags/example_xcom.py took 0.827 seconds
[2021-12-07 11:38:46,683] {processor.py:163} INFO - Started process (PID=5029) to work on /Users/ballakeerthi/opt/anaconda3/lib/python3.8/site-packages/airflow/example_dags/example_xcom.py
[2021-12-07 11:38:46,684] {processor.py:625} INFO - Processing file /Users/ballakeerthi/opt/anaconda3/lib/python3.8/site-packages/airflow/example_dags/example_xcom.py for tasks to queue
[2021-12-07 11:38:46,684] {logging_mixin.py:109} INFO - [2021-12-07 11:38:46,684] {dagbag.py:500} INFO - Filling up the DagBag from /Users/ballakeerthi/opt/anaconda3/lib/python3.8/site-packages/airflow/example_dags/example_xcom.py
[2021-12-07 11:38:46,740] {processor.py:637} INFO - DAG(s) dict_keys(['example_xcom']) retrieved from /Users/ballakeerthi/opt/anaconda3/lib/python3.8/site-packages/airflow/example_dags/example_xcom.py
[2021-12-07 11:38:46,990] {logging_mixin.py:109} INFO - [2021-12-07 11:38:46,990] {dag.py:2396} INFO - Sync 1 DAGs
[2021-12-07 11:38:46,999] {logging_mixin.py:109} INFO - [2021-12-07 11:38:46,999] {dag.py:2928} INFO - Setting next_dagrun for example_xcom to 2021-01-01T00:00:00+00:00
[2021-12-07 11:38:47,007] {processor.py:171} INFO - Processing /Users/ballakeerthi/opt/anaconda3/lib/python3.8/site-packages/airflow/example_dags/example_xcom.py took 0.325 seconds
[2021-12-07 11:40:11,059] {processor.py:163} INFO - Started process (PID=5085) to work on /Users/ballakeerthi/opt/anaconda3/lib/python3.8/site-packages/airflow/example_dags/example_xcom.py
[2021-12-07 11:40:11,064] {processor.py:625} INFO - Processing file /Users/ballakeerthi/opt/anaconda3/lib/python3.8/site-packages/airflow/example_dags/example_xcom.py for tasks to queue
[2021-12-07 11:40:11,065] {logging_mixin.py:109} INFO - [2021-12-07 11:40:11,065] {dagbag.py:500} INFO - Filling up the DagBag from /Users/ballakeerthi/opt/anaconda3/lib/python3.8/site-packages/airflow/example_dags/example_xcom.py
[2021-12-07 11:40:11,113] {processor.py:637} INFO - DAG(s) dict_keys(['example_xcom']) retrieved from /Users/ballakeerthi/opt/anaconda3/lib/python3.8/site-packages/airflow/example_dags/example_xcom.py
[2021-12-07 11:40:11,366] {logging_mixin.py:109} INFO - [2021-12-07 11:40:11,366] {dag.py:2396} INFO - Sync 1 DAGs
[2021-12-07 11:40:11,375] {logging_mixin.py:109} INFO - [2021-12-07 11:40:11,375] {dag.py:2928} INFO - Setting next_dagrun for example_xcom to 2021-01-01T00:00:00+00:00
[2021-12-07 11:40:11,389] {processor.py:171} INFO - Processing /Users/ballakeerthi/opt/anaconda3/lib/python3.8/site-packages/airflow/example_dags/example_xcom.py took 0.331 seconds
[2021-12-07 11:41:52,188] {processor.py:163} INFO - Started process (PID=5144) to work on /Users/ballakeerthi/opt/anaconda3/lib/python3.8/site-packages/airflow/example_dags/example_xcom.py
[2021-12-07 11:41:52,189] {processor.py:625} INFO - Processing file /Users/ballakeerthi/opt/anaconda3/lib/python3.8/site-packages/airflow/example_dags/example_xcom.py for tasks to queue
[2021-12-07 11:41:52,190] {logging_mixin.py:109} INFO - [2021-12-07 11:41:52,189] {dagbag.py:500} INFO - Filling up the DagBag from /Users/ballakeerthi/opt/anaconda3/lib/python3.8/site-packages/airflow/example_dags/example_xcom.py
[2021-12-07 11:41:52,234] {processor.py:637} INFO - DAG(s) dict_keys(['example_xcom']) retrieved from /Users/ballakeerthi/opt/anaconda3/lib/python3.8/site-packages/airflow/example_dags/example_xcom.py
[2021-12-07 11:41:52,489] {logging_mixin.py:109} INFO - [2021-12-07 11:41:52,489] {dag.py:2396} INFO - Sync 1 DAGs
[2021-12-07 11:41:52,499] {logging_mixin.py:109} INFO - [2021-12-07 11:41:52,499] {dag.py:2928} INFO - Setting next_dagrun for example_xcom to 2021-01-01T00:00:00+00:00
[2021-12-07 11:41:52,508] {processor.py:171} INFO - Processing /Users/ballakeerthi/opt/anaconda3/lib/python3.8/site-packages/airflow/example_dags/example_xcom.py took 0.321 seconds
[2021-12-07 11:43:19,625] {processor.py:163} INFO - Started process (PID=5197) to work on /Users/ballakeerthi/opt/anaconda3/lib/python3.8/site-packages/airflow/example_dags/example_xcom.py
[2021-12-07 11:43:19,631] {processor.py:625} INFO - Processing file /Users/ballakeerthi/opt/anaconda3/lib/python3.8/site-packages/airflow/example_dags/example_xcom.py for tasks to queue
[2021-12-07 11:43:19,632] {logging_mixin.py:109} INFO - [2021-12-07 11:43:19,632] {dagbag.py:500} INFO - Filling up the DagBag from /Users/ballakeerthi/opt/anaconda3/lib/python3.8/site-packages/airflow/example_dags/example_xcom.py
[2021-12-07 11:43:19,671] {processor.py:637} INFO - DAG(s) dict_keys(['example_xcom']) retrieved from /Users/ballakeerthi/opt/anaconda3/lib/python3.8/site-packages/airflow/example_dags/example_xcom.py
[2021-12-07 11:43:19,889] {logging_mixin.py:109} INFO - [2021-12-07 11:43:19,889] {dag.py:2396} INFO - Sync 1 DAGs
[2021-12-07 11:43:19,897] {logging_mixin.py:109} INFO - [2021-12-07 11:43:19,897] {dag.py:2928} INFO - Setting next_dagrun for example_xcom to 2021-01-01T00:00:00+00:00
[2021-12-07 11:43:19,905] {processor.py:171} INFO - Processing /Users/ballakeerthi/opt/anaconda3/lib/python3.8/site-packages/airflow/example_dags/example_xcom.py took 0.280 seconds
[2021-12-07 11:44:49,444] {processor.py:163} INFO - Started process (PID=5254) to work on /Users/ballakeerthi/opt/anaconda3/lib/python3.8/site-packages/airflow/example_dags/example_xcom.py
[2021-12-07 11:44:49,449] {processor.py:625} INFO - Processing file /Users/ballakeerthi/opt/anaconda3/lib/python3.8/site-packages/airflow/example_dags/example_xcom.py for tasks to queue
[2021-12-07 11:44:49,450] {logging_mixin.py:109} INFO - [2021-12-07 11:44:49,450] {dagbag.py:500} INFO - Filling up the DagBag from /Users/ballakeerthi/opt/anaconda3/lib/python3.8/site-packages/airflow/example_dags/example_xcom.py
[2021-12-07 11:44:49,492] {processor.py:637} INFO - DAG(s) dict_keys(['example_xcom']) retrieved from /Users/ballakeerthi/opt/anaconda3/lib/python3.8/site-packages/airflow/example_dags/example_xcom.py
[2021-12-07 11:44:49,700] {logging_mixin.py:109} INFO - [2021-12-07 11:44:49,700] {dag.py:2396} INFO - Sync 1 DAGs
[2021-12-07 11:44:49,708] {logging_mixin.py:109} INFO - [2021-12-07 11:44:49,708] {dag.py:2928} INFO - Setting next_dagrun for example_xcom to 2021-01-01T00:00:00+00:00
[2021-12-07 11:44:49,724] {processor.py:171} INFO - Processing /Users/ballakeerthi/opt/anaconda3/lib/python3.8/site-packages/airflow/example_dags/example_xcom.py took 0.281 seconds
[2021-12-07 11:46:13,639] {processor.py:163} INFO - Started process (PID=5311) to work on /Users/ballakeerthi/opt/anaconda3/lib/python3.8/site-packages/airflow/example_dags/example_xcom.py
[2021-12-07 11:46:13,644] {processor.py:625} INFO - Processing file /Users/ballakeerthi/opt/anaconda3/lib/python3.8/site-packages/airflow/example_dags/example_xcom.py for tasks to queue
[2021-12-07 11:46:13,645] {logging_mixin.py:109} INFO - [2021-12-07 11:46:13,645] {dagbag.py:500} INFO - Filling up the DagBag from /Users/ballakeerthi/opt/anaconda3/lib/python3.8/site-packages/airflow/example_dags/example_xcom.py
[2021-12-07 11:46:13,693] {processor.py:637} INFO - DAG(s) dict_keys(['example_xcom']) retrieved from /Users/ballakeerthi/opt/anaconda3/lib/python3.8/site-packages/airflow/example_dags/example_xcom.py
[2021-12-07 11:46:13,926] {logging_mixin.py:109} INFO - [2021-12-07 11:46:13,926] {dag.py:2396} INFO - Sync 1 DAGs
[2021-12-07 11:46:13,933] {logging_mixin.py:109} INFO - [2021-12-07 11:46:13,933] {dag.py:2928} INFO - Setting next_dagrun for example_xcom to 2021-01-01T00:00:00+00:00
[2021-12-07 11:46:13,946] {processor.py:171} INFO - Processing /Users/ballakeerthi/opt/anaconda3/lib/python3.8/site-packages/airflow/example_dags/example_xcom.py took 0.308 seconds
[2021-12-07 11:48:00,560] {processor.py:163} INFO - Started process (PID=5378) to work on /Users/ballakeerthi/opt/anaconda3/lib/python3.8/site-packages/airflow/example_dags/example_xcom.py
[2021-12-07 11:48:00,561] {processor.py:625} INFO - Processing file /Users/ballakeerthi/opt/anaconda3/lib/python3.8/site-packages/airflow/example_dags/example_xcom.py for tasks to queue
[2021-12-07 11:48:00,561] {logging_mixin.py:109} INFO - [2021-12-07 11:48:00,561] {dagbag.py:500} INFO - Filling up the DagBag from /Users/ballakeerthi/opt/anaconda3/lib/python3.8/site-packages/airflow/example_dags/example_xcom.py
[2021-12-07 11:48:00,604] {processor.py:637} INFO - DAG(s) dict_keys(['example_xcom']) retrieved from /Users/ballakeerthi/opt/anaconda3/lib/python3.8/site-packages/airflow/example_dags/example_xcom.py
[2021-12-07 11:48:00,822] {logging_mixin.py:109} INFO - [2021-12-07 11:48:00,822] {dag.py:2396} INFO - Sync 1 DAGs
[2021-12-07 11:48:00,830] {logging_mixin.py:109} INFO - [2021-12-07 11:48:00,830] {dag.py:2928} INFO - Setting next_dagrun for example_xcom to 2021-01-01T00:00:00+00:00
[2021-12-07 11:48:00,842] {processor.py:171} INFO - Processing /Users/ballakeerthi/opt/anaconda3/lib/python3.8/site-packages/airflow/example_dags/example_xcom.py took 0.283 seconds
[2021-12-07 11:49:48,847] {processor.py:163} INFO - Started process (PID=5446) to work on /Users/ballakeerthi/opt/anaconda3/lib/python3.8/site-packages/airflow/example_dags/example_xcom.py
[2021-12-07 11:49:48,872] {processor.py:625} INFO - Processing file /Users/ballakeerthi/opt/anaconda3/lib/python3.8/site-packages/airflow/example_dags/example_xcom.py for tasks to queue
[2021-12-07 11:49:48,873] {logging_mixin.py:109} INFO - [2021-12-07 11:49:48,873] {dagbag.py:500} INFO - Filling up the DagBag from /Users/ballakeerthi/opt/anaconda3/lib/python3.8/site-packages/airflow/example_dags/example_xcom.py
[2021-12-07 11:49:49,409] {processor.py:637} INFO - DAG(s) dict_keys(['example_xcom']) retrieved from /Users/ballakeerthi/opt/anaconda3/lib/python3.8/site-packages/airflow/example_dags/example_xcom.py
[2021-12-07 11:49:50,505] {logging_mixin.py:109} INFO - [2021-12-07 11:49:50,505] {dag.py:2396} INFO - Sync 1 DAGs
[2021-12-07 11:49:50,517] {logging_mixin.py:109} INFO - [2021-12-07 11:49:50,517] {dag.py:2928} INFO - Setting next_dagrun for example_xcom to 2021-01-01T00:00:00+00:00
[2021-12-07 11:49:50,591] {processor.py:171} INFO - Processing /Users/ballakeerthi/opt/anaconda3/lib/python3.8/site-packages/airflow/example_dags/example_xcom.py took 1.744 seconds
[2021-12-07 11:51:59,766] {processor.py:163} INFO - Started process (PID=5529) to work on /Users/ballakeerthi/opt/anaconda3/lib/python3.8/site-packages/airflow/example_dags/example_xcom.py
[2021-12-07 11:51:59,766] {processor.py:625} INFO - Processing file /Users/ballakeerthi/opt/anaconda3/lib/python3.8/site-packages/airflow/example_dags/example_xcom.py for tasks to queue
[2021-12-07 11:51:59,767] {logging_mixin.py:109} INFO - [2021-12-07 11:51:59,767] {dagbag.py:500} INFO - Filling up the DagBag from /Users/ballakeerthi/opt/anaconda3/lib/python3.8/site-packages/airflow/example_dags/example_xcom.py
[2021-12-07 11:51:59,818] {processor.py:637} INFO - DAG(s) dict_keys(['example_xcom']) retrieved from /Users/ballakeerthi/opt/anaconda3/lib/python3.8/site-packages/airflow/example_dags/example_xcom.py
[2021-12-07 11:52:00,035] {logging_mixin.py:109} INFO - [2021-12-07 11:52:00,035] {dag.py:2396} INFO - Sync 1 DAGs
[2021-12-07 11:52:00,043] {logging_mixin.py:109} INFO - [2021-12-07 11:52:00,043] {dag.py:2928} INFO - Setting next_dagrun for example_xcom to 2021-01-01T00:00:00+00:00
[2021-12-07 11:52:00,057] {processor.py:171} INFO - Processing /Users/ballakeerthi/opt/anaconda3/lib/python3.8/site-packages/airflow/example_dags/example_xcom.py took 0.292 seconds
[2021-12-07 11:53:44,536] {processor.py:163} INFO - Started process (PID=5591) to work on /Users/ballakeerthi/opt/anaconda3/lib/python3.8/site-packages/airflow/example_dags/example_xcom.py
[2021-12-07 11:53:44,542] {processor.py:625} INFO - Processing file /Users/ballakeerthi/opt/anaconda3/lib/python3.8/site-packages/airflow/example_dags/example_xcom.py for tasks to queue
[2021-12-07 11:53:44,542] {logging_mixin.py:109} INFO - [2021-12-07 11:53:44,542] {dagbag.py:500} INFO - Filling up the DagBag from /Users/ballakeerthi/opt/anaconda3/lib/python3.8/site-packages/airflow/example_dags/example_xcom.py
[2021-12-07 11:53:44,585] {processor.py:637} INFO - DAG(s) dict_keys(['example_xcom']) retrieved from /Users/ballakeerthi/opt/anaconda3/lib/python3.8/site-packages/airflow/example_dags/example_xcom.py
[2021-12-07 11:53:44,792] {logging_mixin.py:109} INFO - [2021-12-07 11:53:44,791] {dag.py:2396} INFO - Sync 1 DAGs
[2021-12-07 11:53:44,799] {logging_mixin.py:109} INFO - [2021-12-07 11:53:44,799] {dag.py:2928} INFO - Setting next_dagrun for example_xcom to 2021-01-01T00:00:00+00:00
[2021-12-07 11:53:44,812] {processor.py:171} INFO - Processing /Users/ballakeerthi/opt/anaconda3/lib/python3.8/site-packages/airflow/example_dags/example_xcom.py took 0.276 seconds
[2021-12-07 11:55:04,719] {processor.py:163} INFO - Started process (PID=5644) to work on /Users/ballakeerthi/opt/anaconda3/lib/python3.8/site-packages/airflow/example_dags/example_xcom.py
[2021-12-07 11:55:04,725] {processor.py:625} INFO - Processing file /Users/ballakeerthi/opt/anaconda3/lib/python3.8/site-packages/airflow/example_dags/example_xcom.py for tasks to queue
[2021-12-07 11:55:04,725] {logging_mixin.py:109} INFO - [2021-12-07 11:55:04,725] {dagbag.py:500} INFO - Filling up the DagBag from /Users/ballakeerthi/opt/anaconda3/lib/python3.8/site-packages/airflow/example_dags/example_xcom.py
[2021-12-07 11:55:04,772] {processor.py:637} INFO - DAG(s) dict_keys(['example_xcom']) retrieved from /Users/ballakeerthi/opt/anaconda3/lib/python3.8/site-packages/airflow/example_dags/example_xcom.py
[2021-12-07 11:55:04,977] {logging_mixin.py:109} INFO - [2021-12-07 11:55:04,977] {dag.py:2396} INFO - Sync 1 DAGs
[2021-12-07 11:55:04,985] {logging_mixin.py:109} INFO - [2021-12-07 11:55:04,985] {dag.py:2928} INFO - Setting next_dagrun for example_xcom to 2021-01-01T00:00:00+00:00
[2021-12-07 11:55:04,999] {processor.py:171} INFO - Processing /Users/ballakeerthi/opt/anaconda3/lib/python3.8/site-packages/airflow/example_dags/example_xcom.py took 0.281 seconds
[2021-12-07 11:56:34,352] {processor.py:163} INFO - Started process (PID=5723) to work on /Users/ballakeerthi/opt/anaconda3/lib/python3.8/site-packages/airflow/example_dags/example_xcom.py
[2021-12-07 11:56:34,358] {processor.py:625} INFO - Processing file /Users/ballakeerthi/opt/anaconda3/lib/python3.8/site-packages/airflow/example_dags/example_xcom.py for tasks to queue
[2021-12-07 11:56:34,359] {logging_mixin.py:109} INFO - [2021-12-07 11:56:34,359] {dagbag.py:500} INFO - Filling up the DagBag from /Users/ballakeerthi/opt/anaconda3/lib/python3.8/site-packages/airflow/example_dags/example_xcom.py
[2021-12-07 11:56:34,407] {processor.py:637} INFO - DAG(s) dict_keys(['example_xcom']) retrieved from /Users/ballakeerthi/opt/anaconda3/lib/python3.8/site-packages/airflow/example_dags/example_xcom.py
[2021-12-07 11:56:34,652] {logging_mixin.py:109} INFO - [2021-12-07 11:56:34,652] {dag.py:2396} INFO - Sync 1 DAGs
[2021-12-07 11:56:34,662] {logging_mixin.py:109} INFO - [2021-12-07 11:56:34,661] {dag.py:2928} INFO - Setting next_dagrun for example_xcom to 2021-01-01T00:00:00+00:00
[2021-12-07 11:56:34,671] {processor.py:171} INFO - Processing /Users/ballakeerthi/opt/anaconda3/lib/python3.8/site-packages/airflow/example_dags/example_xcom.py took 0.319 seconds
[2021-12-07 11:57:57,845] {processor.py:163} INFO - Started process (PID=5779) to work on /Users/ballakeerthi/opt/anaconda3/lib/python3.8/site-packages/airflow/example_dags/example_xcom.py
[2021-12-07 11:57:57,851] {processor.py:625} INFO - Processing file /Users/ballakeerthi/opt/anaconda3/lib/python3.8/site-packages/airflow/example_dags/example_xcom.py for tasks to queue
[2021-12-07 11:57:57,851] {logging_mixin.py:109} INFO - [2021-12-07 11:57:57,851] {dagbag.py:500} INFO - Filling up the DagBag from /Users/ballakeerthi/opt/anaconda3/lib/python3.8/site-packages/airflow/example_dags/example_xcom.py
[2021-12-07 11:57:57,896] {processor.py:637} INFO - DAG(s) dict_keys(['example_xcom']) retrieved from /Users/ballakeerthi/opt/anaconda3/lib/python3.8/site-packages/airflow/example_dags/example_xcom.py
[2021-12-07 11:57:58,105] {logging_mixin.py:109} INFO - [2021-12-07 11:57:58,105] {dag.py:2396} INFO - Sync 1 DAGs
[2021-12-07 11:57:58,112] {logging_mixin.py:109} INFO - [2021-12-07 11:57:58,112] {dag.py:2928} INFO - Setting next_dagrun for example_xcom to 2021-01-01T00:00:00+00:00
[2021-12-07 11:57:58,127] {processor.py:171} INFO - Processing /Users/ballakeerthi/opt/anaconda3/lib/python3.8/site-packages/airflow/example_dags/example_xcom.py took 0.283 seconds
[2021-12-07 11:59:31,557] {processor.py:163} INFO - Started process (PID=5849) to work on /Users/ballakeerthi/opt/anaconda3/lib/python3.8/site-packages/airflow/example_dags/example_xcom.py
[2021-12-07 11:59:31,563] {processor.py:625} INFO - Processing file /Users/ballakeerthi/opt/anaconda3/lib/python3.8/site-packages/airflow/example_dags/example_xcom.py for tasks to queue
[2021-12-07 11:59:31,563] {logging_mixin.py:109} INFO - [2021-12-07 11:59:31,563] {dagbag.py:500} INFO - Filling up the DagBag from /Users/ballakeerthi/opt/anaconda3/lib/python3.8/site-packages/airflow/example_dags/example_xcom.py
[2021-12-07 11:59:31,612] {processor.py:637} INFO - DAG(s) dict_keys(['example_xcom']) retrieved from /Users/ballakeerthi/opt/anaconda3/lib/python3.8/site-packages/airflow/example_dags/example_xcom.py
[2021-12-07 11:59:31,820] {logging_mixin.py:109} INFO - [2021-12-07 11:59:31,820] {dag.py:2396} INFO - Sync 1 DAGs
[2021-12-07 11:59:31,828] {logging_mixin.py:109} INFO - [2021-12-07 11:59:31,828] {dag.py:2928} INFO - Setting next_dagrun for example_xcom to 2021-01-01T00:00:00+00:00
[2021-12-07 11:59:31,837] {processor.py:171} INFO - Processing /Users/ballakeerthi/opt/anaconda3/lib/python3.8/site-packages/airflow/example_dags/example_xcom.py took 0.281 seconds
[2021-12-07 12:00:57,276] {processor.py:163} INFO - Started process (PID=5905) to work on /Users/ballakeerthi/opt/anaconda3/lib/python3.8/site-packages/airflow/example_dags/example_xcom.py
[2021-12-07 12:00:57,282] {processor.py:625} INFO - Processing file /Users/ballakeerthi/opt/anaconda3/lib/python3.8/site-packages/airflow/example_dags/example_xcom.py for tasks to queue
[2021-12-07 12:00:57,282] {logging_mixin.py:109} INFO - [2021-12-07 12:00:57,282] {dagbag.py:500} INFO - Filling up the DagBag from /Users/ballakeerthi/opt/anaconda3/lib/python3.8/site-packages/airflow/example_dags/example_xcom.py
[2021-12-07 12:00:57,326] {processor.py:637} INFO - DAG(s) dict_keys(['example_xcom']) retrieved from /Users/ballakeerthi/opt/anaconda3/lib/python3.8/site-packages/airflow/example_dags/example_xcom.py
[2021-12-07 12:00:57,548] {logging_mixin.py:109} INFO - [2021-12-07 12:00:57,548] {dag.py:2396} INFO - Sync 1 DAGs
[2021-12-07 12:00:57,555] {logging_mixin.py:109} INFO - [2021-12-07 12:00:57,555] {dag.py:2928} INFO - Setting next_dagrun for example_xcom to 2021-01-01T00:00:00+00:00
[2021-12-07 12:00:57,573] {processor.py:171} INFO - Processing /Users/ballakeerthi/opt/anaconda3/lib/python3.8/site-packages/airflow/example_dags/example_xcom.py took 0.297 seconds
[2021-12-07 12:02:23,781] {processor.py:163} INFO - Started process (PID=5960) to work on /Users/ballakeerthi/opt/anaconda3/lib/python3.8/site-packages/airflow/example_dags/example_xcom.py
[2021-12-07 12:02:23,787] {processor.py:625} INFO - Processing file /Users/ballakeerthi/opt/anaconda3/lib/python3.8/site-packages/airflow/example_dags/example_xcom.py for tasks to queue
[2021-12-07 12:02:23,788] {logging_mixin.py:109} INFO - [2021-12-07 12:02:23,788] {dagbag.py:500} INFO - Filling up the DagBag from /Users/ballakeerthi/opt/anaconda3/lib/python3.8/site-packages/airflow/example_dags/example_xcom.py
[2021-12-07 12:02:23,832] {processor.py:637} INFO - DAG(s) dict_keys(['example_xcom']) retrieved from /Users/ballakeerthi/opt/anaconda3/lib/python3.8/site-packages/airflow/example_dags/example_xcom.py
[2021-12-07 12:02:24,047] {logging_mixin.py:109} INFO - [2021-12-07 12:02:24,047] {dag.py:2396} INFO - Sync 1 DAGs
[2021-12-07 12:02:24,055] {logging_mixin.py:109} INFO - [2021-12-07 12:02:24,055] {dag.py:2928} INFO - Setting next_dagrun for example_xcom to 2021-01-01T00:00:00+00:00
[2021-12-07 12:02:24,065] {processor.py:171} INFO - Processing /Users/ballakeerthi/opt/anaconda3/lib/python3.8/site-packages/airflow/example_dags/example_xcom.py took 0.285 seconds
[2021-12-07 12:04:00,064] {processor.py:163} INFO - Started process (PID=6015) to work on /Users/ballakeerthi/opt/anaconda3/lib/python3.8/site-packages/airflow/example_dags/example_xcom.py
[2021-12-07 12:04:00,065] {processor.py:625} INFO - Processing file /Users/ballakeerthi/opt/anaconda3/lib/python3.8/site-packages/airflow/example_dags/example_xcom.py for tasks to queue
[2021-12-07 12:04:00,066] {logging_mixin.py:109} INFO - [2021-12-07 12:04:00,066] {dagbag.py:500} INFO - Filling up the DagBag from /Users/ballakeerthi/opt/anaconda3/lib/python3.8/site-packages/airflow/example_dags/example_xcom.py
[2021-12-07 12:04:00,106] {processor.py:637} INFO - DAG(s) dict_keys(['example_xcom']) retrieved from /Users/ballakeerthi/opt/anaconda3/lib/python3.8/site-packages/airflow/example_dags/example_xcom.py
[2021-12-07 12:04:00,373] {logging_mixin.py:109} INFO - [2021-12-07 12:04:00,372] {dag.py:2396} INFO - Sync 1 DAGs
[2021-12-07 12:04:00,381] {logging_mixin.py:109} INFO - [2021-12-07 12:04:00,381] {dag.py:2928} INFO - Setting next_dagrun for example_xcom to 2021-01-01T00:00:00+00:00
[2021-12-07 12:04:00,389] {processor.py:171} INFO - Processing /Users/ballakeerthi/opt/anaconda3/lib/python3.8/site-packages/airflow/example_dags/example_xcom.py took 0.325 seconds
[2021-12-07 12:05:39,554] {processor.py:163} INFO - Started process (PID=6077) to work on /Users/ballakeerthi/opt/anaconda3/lib/python3.8/site-packages/airflow/example_dags/example_xcom.py
[2021-12-07 12:05:39,560] {processor.py:625} INFO - Processing file /Users/ballakeerthi/opt/anaconda3/lib/python3.8/site-packages/airflow/example_dags/example_xcom.py for tasks to queue
[2021-12-07 12:05:39,561] {logging_mixin.py:109} INFO - [2021-12-07 12:05:39,560] {dagbag.py:500} INFO - Filling up the DagBag from /Users/ballakeerthi/opt/anaconda3/lib/python3.8/site-packages/airflow/example_dags/example_xcom.py
[2021-12-07 12:05:39,611] {processor.py:637} INFO - DAG(s) dict_keys(['example_xcom']) retrieved from /Users/ballakeerthi/opt/anaconda3/lib/python3.8/site-packages/airflow/example_dags/example_xcom.py
[2021-12-07 12:05:39,858] {logging_mixin.py:109} INFO - [2021-12-07 12:05:39,858] {dag.py:2396} INFO - Sync 1 DAGs
[2021-12-07 12:05:39,870] {logging_mixin.py:109} INFO - [2021-12-07 12:05:39,870] {dag.py:2928} INFO - Setting next_dagrun for example_xcom to 2021-01-01T00:00:00+00:00
[2021-12-07 12:05:39,884] {processor.py:171} INFO - Processing /Users/ballakeerthi/opt/anaconda3/lib/python3.8/site-packages/airflow/example_dags/example_xcom.py took 0.331 seconds
[2021-12-07 12:07:05,540] {processor.py:163} INFO - Started process (PID=6132) to work on /Users/ballakeerthi/opt/anaconda3/lib/python3.8/site-packages/airflow/example_dags/example_xcom.py
[2021-12-07 12:07:05,546] {processor.py:625} INFO - Processing file /Users/ballakeerthi/opt/anaconda3/lib/python3.8/site-packages/airflow/example_dags/example_xcom.py for tasks to queue
[2021-12-07 12:07:05,547] {logging_mixin.py:109} INFO - [2021-12-07 12:07:05,547] {dagbag.py:500} INFO - Filling up the DagBag from /Users/ballakeerthi/opt/anaconda3/lib/python3.8/site-packages/airflow/example_dags/example_xcom.py
[2021-12-07 12:07:05,591] {processor.py:637} INFO - DAG(s) dict_keys(['example_xcom']) retrieved from /Users/ballakeerthi/opt/anaconda3/lib/python3.8/site-packages/airflow/example_dags/example_xcom.py
[2021-12-07 12:07:05,831] {logging_mixin.py:109} INFO - [2021-12-07 12:07:05,831] {dag.py:2396} INFO - Sync 1 DAGs
[2021-12-07 12:07:05,839] {logging_mixin.py:109} INFO - [2021-12-07 12:07:05,839] {dag.py:2928} INFO - Setting next_dagrun for example_xcom to 2021-01-01T00:00:00+00:00
[2021-12-07 12:07:05,853] {processor.py:171} INFO - Processing /Users/ballakeerthi/opt/anaconda3/lib/python3.8/site-packages/airflow/example_dags/example_xcom.py took 0.313 seconds
[2021-12-07 12:08:32,258] {processor.py:163} INFO - Started process (PID=6192) to work on /Users/ballakeerthi/opt/anaconda3/lib/python3.8/site-packages/airflow/example_dags/example_xcom.py
[2021-12-07 12:08:32,259] {processor.py:625} INFO - Processing file /Users/ballakeerthi/opt/anaconda3/lib/python3.8/site-packages/airflow/example_dags/example_xcom.py for tasks to queue
[2021-12-07 12:08:32,259] {logging_mixin.py:109} INFO - [2021-12-07 12:08:32,259] {dagbag.py:500} INFO - Filling up the DagBag from /Users/ballakeerthi/opt/anaconda3/lib/python3.8/site-packages/airflow/example_dags/example_xcom.py
[2021-12-07 12:08:32,317] {processor.py:637} INFO - DAG(s) dict_keys(['example_xcom']) retrieved from /Users/ballakeerthi/opt/anaconda3/lib/python3.8/site-packages/airflow/example_dags/example_xcom.py
[2021-12-07 12:08:32,570] {logging_mixin.py:109} INFO - [2021-12-07 12:08:32,569] {dag.py:2396} INFO - Sync 1 DAGs
[2021-12-07 12:08:32,577] {logging_mixin.py:109} INFO - [2021-12-07 12:08:32,577] {dag.py:2928} INFO - Setting next_dagrun for example_xcom to 2021-01-01T00:00:00+00:00
[2021-12-07 12:08:32,588] {processor.py:171} INFO - Processing /Users/ballakeerthi/opt/anaconda3/lib/python3.8/site-packages/airflow/example_dags/example_xcom.py took 0.330 seconds
[2021-12-07 12:09:59,673] {processor.py:163} INFO - Started process (PID=6248) to work on /Users/ballakeerthi/opt/anaconda3/lib/python3.8/site-packages/airflow/example_dags/example_xcom.py
[2021-12-07 12:09:59,679] {processor.py:625} INFO - Processing file /Users/ballakeerthi/opt/anaconda3/lib/python3.8/site-packages/airflow/example_dags/example_xcom.py for tasks to queue
[2021-12-07 12:09:59,684] {logging_mixin.py:109} INFO - [2021-12-07 12:09:59,684] {dagbag.py:500} INFO - Filling up the DagBag from /Users/ballakeerthi/opt/anaconda3/lib/python3.8/site-packages/airflow/example_dags/example_xcom.py
[2021-12-07 12:09:59,726] {processor.py:637} INFO - DAG(s) dict_keys(['example_xcom']) retrieved from /Users/ballakeerthi/opt/anaconda3/lib/python3.8/site-packages/airflow/example_dags/example_xcom.py
[2021-12-07 12:09:59,953] {logging_mixin.py:109} INFO - [2021-12-07 12:09:59,953] {dag.py:2396} INFO - Sync 1 DAGs
[2021-12-07 12:09:59,961] {logging_mixin.py:109} INFO - [2021-12-07 12:09:59,961] {dag.py:2928} INFO - Setting next_dagrun for example_xcom to 2021-01-01T00:00:00+00:00
[2021-12-07 12:09:59,976] {processor.py:171} INFO - Processing /Users/ballakeerthi/opt/anaconda3/lib/python3.8/site-packages/airflow/example_dags/example_xcom.py took 0.303 seconds
[2021-12-07 12:11:24,054] {processor.py:163} INFO - Started process (PID=6301) to work on /Users/ballakeerthi/opt/anaconda3/lib/python3.8/site-packages/airflow/example_dags/example_xcom.py
[2021-12-07 12:11:24,060] {processor.py:625} INFO - Processing file /Users/ballakeerthi/opt/anaconda3/lib/python3.8/site-packages/airflow/example_dags/example_xcom.py for tasks to queue
[2021-12-07 12:11:24,060] {logging_mixin.py:109} INFO - [2021-12-07 12:11:24,060] {dagbag.py:500} INFO - Filling up the DagBag from /Users/ballakeerthi/opt/anaconda3/lib/python3.8/site-packages/airflow/example_dags/example_xcom.py
[2021-12-07 12:11:24,104] {processor.py:637} INFO - DAG(s) dict_keys(['example_xcom']) retrieved from /Users/ballakeerthi/opt/anaconda3/lib/python3.8/site-packages/airflow/example_dags/example_xcom.py
[2021-12-07 12:11:24,350] {logging_mixin.py:109} INFO - [2021-12-07 12:11:24,350] {dag.py:2396} INFO - Sync 1 DAGs
[2021-12-07 12:11:24,358] {logging_mixin.py:109} INFO - [2021-12-07 12:11:24,358] {dag.py:2928} INFO - Setting next_dagrun for example_xcom to 2021-01-01T00:00:00+00:00
[2021-12-07 12:11:24,367] {processor.py:171} INFO - Processing /Users/ballakeerthi/opt/anaconda3/lib/python3.8/site-packages/airflow/example_dags/example_xcom.py took 0.314 seconds
[2021-12-07 12:12:49,506] {processor.py:163} INFO - Started process (PID=6355) to work on /Users/ballakeerthi/opt/anaconda3/lib/python3.8/site-packages/airflow/example_dags/example_xcom.py
[2021-12-07 12:12:49,509] {processor.py:625} INFO - Processing file /Users/ballakeerthi/opt/anaconda3/lib/python3.8/site-packages/airflow/example_dags/example_xcom.py for tasks to queue
[2021-12-07 12:12:49,512] {logging_mixin.py:109} INFO - [2021-12-07 12:12:49,511] {dagbag.py:500} INFO - Filling up the DagBag from /Users/ballakeerthi/opt/anaconda3/lib/python3.8/site-packages/airflow/example_dags/example_xcom.py
[2021-12-07 12:12:49,571] {processor.py:637} INFO - DAG(s) dict_keys(['example_xcom']) retrieved from /Users/ballakeerthi/opt/anaconda3/lib/python3.8/site-packages/airflow/example_dags/example_xcom.py
[2021-12-07 12:12:49,834] {logging_mixin.py:109} INFO - [2021-12-07 12:12:49,834] {dag.py:2396} INFO - Sync 1 DAGs
[2021-12-07 12:12:49,851] {logging_mixin.py:109} INFO - [2021-12-07 12:12:49,851] {dag.py:2928} INFO - Setting next_dagrun for example_xcom to 2021-01-01T00:00:00+00:00
[2021-12-07 12:12:49,859] {processor.py:171} INFO - Processing /Users/ballakeerthi/opt/anaconda3/lib/python3.8/site-packages/airflow/example_dags/example_xcom.py took 0.354 seconds
[2021-12-07 12:14:16,496] {processor.py:163} INFO - Started process (PID=6412) to work on /Users/ballakeerthi/opt/anaconda3/lib/python3.8/site-packages/airflow/example_dags/example_xcom.py
[2021-12-07 12:14:16,499] {processor.py:625} INFO - Processing file /Users/ballakeerthi/opt/anaconda3/lib/python3.8/site-packages/airflow/example_dags/example_xcom.py for tasks to queue
[2021-12-07 12:14:16,499] {logging_mixin.py:109} INFO - [2021-12-07 12:14:16,499] {dagbag.py:500} INFO - Filling up the DagBag from /Users/ballakeerthi/opt/anaconda3/lib/python3.8/site-packages/airflow/example_dags/example_xcom.py
[2021-12-07 12:14:16,545] {processor.py:637} INFO - DAG(s) dict_keys(['example_xcom']) retrieved from /Users/ballakeerthi/opt/anaconda3/lib/python3.8/site-packages/airflow/example_dags/example_xcom.py
[2021-12-07 12:14:16,842] {logging_mixin.py:109} INFO - [2021-12-07 12:14:16,842] {dag.py:2396} INFO - Sync 1 DAGs
[2021-12-07 12:14:16,853] {logging_mixin.py:109} INFO - [2021-12-07 12:14:16,853] {dag.py:2928} INFO - Setting next_dagrun for example_xcom to 2021-01-01T00:00:00+00:00
[2021-12-07 12:14:16,872] {processor.py:171} INFO - Processing /Users/ballakeerthi/opt/anaconda3/lib/python3.8/site-packages/airflow/example_dags/example_xcom.py took 0.377 seconds
[2021-12-07 12:15:50,824] {processor.py:163} INFO - Started process (PID=6469) to work on /Users/ballakeerthi/opt/anaconda3/lib/python3.8/site-packages/airflow/example_dags/example_xcom.py
[2021-12-07 12:15:50,827] {processor.py:625} INFO - Processing file /Users/ballakeerthi/opt/anaconda3/lib/python3.8/site-packages/airflow/example_dags/example_xcom.py for tasks to queue
[2021-12-07 12:15:50,827] {logging_mixin.py:109} INFO - [2021-12-07 12:15:50,827] {dagbag.py:500} INFO - Filling up the DagBag from /Users/ballakeerthi/opt/anaconda3/lib/python3.8/site-packages/airflow/example_dags/example_xcom.py
[2021-12-07 12:15:50,869] {processor.py:637} INFO - DAG(s) dict_keys(['example_xcom']) retrieved from /Users/ballakeerthi/opt/anaconda3/lib/python3.8/site-packages/airflow/example_dags/example_xcom.py
[2021-12-07 12:15:51,090] {logging_mixin.py:109} INFO - [2021-12-07 12:15:51,090] {dag.py:2396} INFO - Sync 1 DAGs
[2021-12-07 12:15:51,105] {logging_mixin.py:109} INFO - [2021-12-07 12:15:51,105] {dag.py:2928} INFO - Setting next_dagrun for example_xcom to 2021-01-01T00:00:00+00:00
[2021-12-07 12:15:51,123] {processor.py:171} INFO - Processing /Users/ballakeerthi/opt/anaconda3/lib/python3.8/site-packages/airflow/example_dags/example_xcom.py took 0.299 seconds
[2021-12-07 12:17:14,728] {processor.py:163} INFO - Started process (PID=6522) to work on /Users/ballakeerthi/opt/anaconda3/lib/python3.8/site-packages/airflow/example_dags/example_xcom.py
[2021-12-07 12:17:14,734] {processor.py:625} INFO - Processing file /Users/ballakeerthi/opt/anaconda3/lib/python3.8/site-packages/airflow/example_dags/example_xcom.py for tasks to queue
[2021-12-07 12:17:14,734] {logging_mixin.py:109} INFO - [2021-12-07 12:17:14,734] {dagbag.py:500} INFO - Filling up the DagBag from /Users/ballakeerthi/opt/anaconda3/lib/python3.8/site-packages/airflow/example_dags/example_xcom.py
[2021-12-07 12:17:14,784] {processor.py:637} INFO - DAG(s) dict_keys(['example_xcom']) retrieved from /Users/ballakeerthi/opt/anaconda3/lib/python3.8/site-packages/airflow/example_dags/example_xcom.py
[2021-12-07 12:17:15,026] {logging_mixin.py:109} INFO - [2021-12-07 12:17:15,026] {dag.py:2396} INFO - Sync 1 DAGs
[2021-12-07 12:17:15,035] {logging_mixin.py:109} INFO - [2021-12-07 12:17:15,035] {dag.py:2928} INFO - Setting next_dagrun for example_xcom to 2021-01-01T00:00:00+00:00
[2021-12-07 12:17:15,048] {processor.py:171} INFO - Processing /Users/ballakeerthi/opt/anaconda3/lib/python3.8/site-packages/airflow/example_dags/example_xcom.py took 0.320 seconds
[2021-12-07 12:18:49,865] {processor.py:163} INFO - Started process (PID=6576) to work on /Users/ballakeerthi/opt/anaconda3/lib/python3.8/site-packages/airflow/example_dags/example_xcom.py
[2021-12-07 12:18:49,868] {processor.py:625} INFO - Processing file /Users/ballakeerthi/opt/anaconda3/lib/python3.8/site-packages/airflow/example_dags/example_xcom.py for tasks to queue
[2021-12-07 12:18:49,868] {logging_mixin.py:109} INFO - [2021-12-07 12:18:49,868] {dagbag.py:500} INFO - Filling up the DagBag from /Users/ballakeerthi/opt/anaconda3/lib/python3.8/site-packages/airflow/example_dags/example_xcom.py
[2021-12-07 12:18:49,914] {processor.py:637} INFO - DAG(s) dict_keys(['example_xcom']) retrieved from /Users/ballakeerthi/opt/anaconda3/lib/python3.8/site-packages/airflow/example_dags/example_xcom.py
[2021-12-07 12:18:50,134] {logging_mixin.py:109} INFO - [2021-12-07 12:18:50,134] {dag.py:2396} INFO - Sync 1 DAGs
[2021-12-07 12:18:50,141] {logging_mixin.py:109} INFO - [2021-12-07 12:18:50,141] {dag.py:2928} INFO - Setting next_dagrun for example_xcom to 2021-01-01T00:00:00+00:00
[2021-12-07 12:18:50,149] {processor.py:171} INFO - Processing /Users/ballakeerthi/opt/anaconda3/lib/python3.8/site-packages/airflow/example_dags/example_xcom.py took 0.284 seconds
[2021-12-07 12:20:18,551] {processor.py:163} INFO - Started process (PID=6633) to work on /Users/ballakeerthi/opt/anaconda3/lib/python3.8/site-packages/airflow/example_dags/example_xcom.py
[2021-12-07 12:20:18,553] {processor.py:625} INFO - Processing file /Users/ballakeerthi/opt/anaconda3/lib/python3.8/site-packages/airflow/example_dags/example_xcom.py for tasks to queue
[2021-12-07 12:20:18,554] {logging_mixin.py:109} INFO - [2021-12-07 12:20:18,553] {dagbag.py:500} INFO - Filling up the DagBag from /Users/ballakeerthi/opt/anaconda3/lib/python3.8/site-packages/airflow/example_dags/example_xcom.py
[2021-12-07 12:20:18,596] {processor.py:637} INFO - DAG(s) dict_keys(['example_xcom']) retrieved from /Users/ballakeerthi/opt/anaconda3/lib/python3.8/site-packages/airflow/example_dags/example_xcom.py
[2021-12-07 12:20:18,816] {logging_mixin.py:109} INFO - [2021-12-07 12:20:18,816] {dag.py:2396} INFO - Sync 1 DAGs
[2021-12-07 12:20:18,824] {logging_mixin.py:109} INFO - [2021-12-07 12:20:18,824] {dag.py:2928} INFO - Setting next_dagrun for example_xcom to 2021-01-01T00:00:00+00:00
[2021-12-07 12:20:18,838] {processor.py:171} INFO - Processing /Users/ballakeerthi/opt/anaconda3/lib/python3.8/site-packages/airflow/example_dags/example_xcom.py took 0.288 seconds
[2021-12-07 12:21:44,416] {processor.py:163} INFO - Started process (PID=6688) to work on /Users/ballakeerthi/opt/anaconda3/lib/python3.8/site-packages/airflow/example_dags/example_xcom.py
[2021-12-07 12:21:44,422] {processor.py:625} INFO - Processing file /Users/ballakeerthi/opt/anaconda3/lib/python3.8/site-packages/airflow/example_dags/example_xcom.py for tasks to queue
[2021-12-07 12:21:44,423] {logging_mixin.py:109} INFO - [2021-12-07 12:21:44,422] {dagbag.py:500} INFO - Filling up the DagBag from /Users/ballakeerthi/opt/anaconda3/lib/python3.8/site-packages/airflow/example_dags/example_xcom.py
[2021-12-07 12:21:44,478] {processor.py:637} INFO - DAG(s) dict_keys(['example_xcom']) retrieved from /Users/ballakeerthi/opt/anaconda3/lib/python3.8/site-packages/airflow/example_dags/example_xcom.py
[2021-12-07 12:21:44,750] {logging_mixin.py:109} INFO - [2021-12-07 12:21:44,750] {dag.py:2396} INFO - Sync 1 DAGs
[2021-12-07 12:21:44,760] {logging_mixin.py:109} INFO - [2021-12-07 12:21:44,760] {dag.py:2928} INFO - Setting next_dagrun for example_xcom to 2021-01-01T00:00:00+00:00
[2021-12-07 12:21:44,768] {processor.py:171} INFO - Processing /Users/ballakeerthi/opt/anaconda3/lib/python3.8/site-packages/airflow/example_dags/example_xcom.py took 0.353 seconds
[2021-12-07 12:23:07,230] {processor.py:163} INFO - Started process (PID=6741) to work on /Users/ballakeerthi/opt/anaconda3/lib/python3.8/site-packages/airflow/example_dags/example_xcom.py
[2021-12-07 12:23:07,236] {processor.py:625} INFO - Processing file /Users/ballakeerthi/opt/anaconda3/lib/python3.8/site-packages/airflow/example_dags/example_xcom.py for tasks to queue
[2021-12-07 12:23:07,237] {logging_mixin.py:109} INFO - [2021-12-07 12:23:07,237] {dagbag.py:500} INFO - Filling up the DagBag from /Users/ballakeerthi/opt/anaconda3/lib/python3.8/site-packages/airflow/example_dags/example_xcom.py
[2021-12-07 12:23:07,282] {processor.py:637} INFO - DAG(s) dict_keys(['example_xcom']) retrieved from /Users/ballakeerthi/opt/anaconda3/lib/python3.8/site-packages/airflow/example_dags/example_xcom.py
[2021-12-07 12:23:07,500] {logging_mixin.py:109} INFO - [2021-12-07 12:23:07,500] {dag.py:2396} INFO - Sync 1 DAGs
[2021-12-07 12:23:07,507] {logging_mixin.py:109} INFO - [2021-12-07 12:23:07,507] {dag.py:2928} INFO - Setting next_dagrun for example_xcom to 2021-01-01T00:00:00+00:00
[2021-12-07 12:23:07,522] {processor.py:171} INFO - Processing /Users/ballakeerthi/opt/anaconda3/lib/python3.8/site-packages/airflow/example_dags/example_xcom.py took 0.292 seconds
[2021-12-07 12:24:31,487] {processor.py:163} INFO - Started process (PID=6797) to work on /Users/ballakeerthi/opt/anaconda3/lib/python3.8/site-packages/airflow/example_dags/example_xcom.py
[2021-12-07 12:24:31,493] {processor.py:625} INFO - Processing file /Users/ballakeerthi/opt/anaconda3/lib/python3.8/site-packages/airflow/example_dags/example_xcom.py for tasks to queue
[2021-12-07 12:24:31,493] {logging_mixin.py:109} INFO - [2021-12-07 12:24:31,493] {dagbag.py:500} INFO - Filling up the DagBag from /Users/ballakeerthi/opt/anaconda3/lib/python3.8/site-packages/airflow/example_dags/example_xcom.py
[2021-12-07 12:24:31,532] {processor.py:637} INFO - DAG(s) dict_keys(['example_xcom']) retrieved from /Users/ballakeerthi/opt/anaconda3/lib/python3.8/site-packages/airflow/example_dags/example_xcom.py
[2021-12-07 12:24:31,712] {logging_mixin.py:109} INFO - [2021-12-07 12:24:31,711] {dag.py:2396} INFO - Sync 1 DAGs
[2021-12-07 12:24:31,718] {logging_mixin.py:109} INFO - [2021-12-07 12:24:31,718] {dag.py:2928} INFO - Setting next_dagrun for example_xcom to 2021-01-01T00:00:00+00:00
[2021-12-07 12:24:31,727] {processor.py:171} INFO - Processing /Users/ballakeerthi/opt/anaconda3/lib/python3.8/site-packages/airflow/example_dags/example_xcom.py took 0.240 seconds
[2021-12-07 12:25:41,303] {processor.py:163} INFO - Started process (PID=6849) to work on /Users/ballakeerthi/opt/anaconda3/lib/python3.8/site-packages/airflow/example_dags/example_xcom.py
[2021-12-07 12:25:41,309] {processor.py:625} INFO - Processing file /Users/ballakeerthi/opt/anaconda3/lib/python3.8/site-packages/airflow/example_dags/example_xcom.py for tasks to queue
[2021-12-07 12:25:41,310] {logging_mixin.py:109} INFO - [2021-12-07 12:25:41,310] {dagbag.py:500} INFO - Filling up the DagBag from /Users/ballakeerthi/opt/anaconda3/lib/python3.8/site-packages/airflow/example_dags/example_xcom.py
[2021-12-07 12:25:41,353] {processor.py:637} INFO - DAG(s) dict_keys(['example_xcom']) retrieved from /Users/ballakeerthi/opt/anaconda3/lib/python3.8/site-packages/airflow/example_dags/example_xcom.py
[2021-12-07 12:25:41,543] {logging_mixin.py:109} INFO - [2021-12-07 12:25:41,543] {dag.py:2396} INFO - Sync 1 DAGs
[2021-12-07 12:25:41,550] {logging_mixin.py:109} INFO - [2021-12-07 12:25:41,550] {dag.py:2928} INFO - Setting next_dagrun for example_xcom to 2021-01-01T00:00:00+00:00
[2021-12-07 12:25:41,557] {processor.py:171} INFO - Processing /Users/ballakeerthi/opt/anaconda3/lib/python3.8/site-packages/airflow/example_dags/example_xcom.py took 0.254 seconds
[2021-12-07 13:24:24,626] {processor.py:163} INFO - Started process (PID=6966) to work on /Users/ballakeerthi/opt/anaconda3/lib/python3.8/site-packages/airflow/example_dags/example_xcom.py
[2021-12-07 13:24:24,633] {processor.py:625} INFO - Processing file /Users/ballakeerthi/opt/anaconda3/lib/python3.8/site-packages/airflow/example_dags/example_xcom.py for tasks to queue
[2021-12-07 13:24:24,633] {logging_mixin.py:109} INFO - [2021-12-07 13:24:24,633] {dagbag.py:500} INFO - Filling up the DagBag from /Users/ballakeerthi/opt/anaconda3/lib/python3.8/site-packages/airflow/example_dags/example_xcom.py
[2021-12-07 13:24:24,672] {processor.py:637} INFO - DAG(s) dict_keys(['example_xcom']) retrieved from /Users/ballakeerthi/opt/anaconda3/lib/python3.8/site-packages/airflow/example_dags/example_xcom.py
[2021-12-07 13:24:24,850] {logging_mixin.py:109} INFO - [2021-12-07 13:24:24,849] {dag.py:2396} INFO - Sync 1 DAGs
[2021-12-07 13:24:24,856] {logging_mixin.py:109} INFO - [2021-12-07 13:24:24,856] {dag.py:2928} INFO - Setting next_dagrun for example_xcom to 2021-01-01T00:00:00+00:00
[2021-12-07 13:24:24,869] {processor.py:171} INFO - Processing /Users/ballakeerthi/opt/anaconda3/lib/python3.8/site-packages/airflow/example_dags/example_xcom.py took 0.243 seconds
[2021-12-07 13:26:16,312] {processor.py:163} INFO - Started process (PID=7049) to work on /Users/ballakeerthi/opt/anaconda3/lib/python3.8/site-packages/airflow/example_dags/example_xcom.py
[2021-12-07 13:26:16,319] {processor.py:625} INFO - Processing file /Users/ballakeerthi/opt/anaconda3/lib/python3.8/site-packages/airflow/example_dags/example_xcom.py for tasks to queue
[2021-12-07 13:26:16,328] {logging_mixin.py:109} INFO - [2021-12-07 13:26:16,324] {dagbag.py:500} INFO - Filling up the DagBag from /Users/ballakeerthi/opt/anaconda3/lib/python3.8/site-packages/airflow/example_dags/example_xcom.py
[2021-12-07 13:26:16,410] {processor.py:637} INFO - DAG(s) dict_keys(['example_xcom']) retrieved from /Users/ballakeerthi/opt/anaconda3/lib/python3.8/site-packages/airflow/example_dags/example_xcom.py
[2021-12-07 13:26:16,624] {logging_mixin.py:109} INFO - [2021-12-07 13:26:16,624] {dag.py:2396} INFO - Sync 1 DAGs
[2021-12-07 13:26:16,634] {logging_mixin.py:109} INFO - [2021-12-07 13:26:16,634] {dag.py:2928} INFO - Setting next_dagrun for example_xcom to 2021-01-01T00:00:00+00:00
[2021-12-07 13:26:16,644] {processor.py:171} INFO - Processing /Users/ballakeerthi/opt/anaconda3/lib/python3.8/site-packages/airflow/example_dags/example_xcom.py took 0.339 seconds
[2021-12-07 13:27:34,423] {processor.py:163} INFO - Started process (PID=7102) to work on /Users/ballakeerthi/opt/anaconda3/lib/python3.8/site-packages/airflow/example_dags/example_xcom.py
[2021-12-07 13:27:34,426] {processor.py:625} INFO - Processing file /Users/ballakeerthi/opt/anaconda3/lib/python3.8/site-packages/airflow/example_dags/example_xcom.py for tasks to queue
[2021-12-07 13:27:34,426] {logging_mixin.py:109} INFO - [2021-12-07 13:27:34,426] {dagbag.py:500} INFO - Filling up the DagBag from /Users/ballakeerthi/opt/anaconda3/lib/python3.8/site-packages/airflow/example_dags/example_xcom.py
[2021-12-07 13:27:34,466] {processor.py:637} INFO - DAG(s) dict_keys(['example_xcom']) retrieved from /Users/ballakeerthi/opt/anaconda3/lib/python3.8/site-packages/airflow/example_dags/example_xcom.py
[2021-12-07 13:27:34,656] {logging_mixin.py:109} INFO - [2021-12-07 13:27:34,656] {dag.py:2396} INFO - Sync 1 DAGs
[2021-12-07 13:27:34,662] {logging_mixin.py:109} INFO - [2021-12-07 13:27:34,662] {dag.py:2928} INFO - Setting next_dagrun for example_xcom to 2021-01-01T00:00:00+00:00
[2021-12-07 13:27:34,672] {processor.py:171} INFO - Processing /Users/ballakeerthi/opt/anaconda3/lib/python3.8/site-packages/airflow/example_dags/example_xcom.py took 0.249 seconds
[2021-12-07 13:28:46,752] {processor.py:163} INFO - Started process (PID=7153) to work on /Users/ballakeerthi/opt/anaconda3/lib/python3.8/site-packages/airflow/example_dags/example_xcom.py
[2021-12-07 13:28:46,758] {processor.py:625} INFO - Processing file /Users/ballakeerthi/opt/anaconda3/lib/python3.8/site-packages/airflow/example_dags/example_xcom.py for tasks to queue
[2021-12-07 13:28:46,758] {logging_mixin.py:109} INFO - [2021-12-07 13:28:46,758] {dagbag.py:500} INFO - Filling up the DagBag from /Users/ballakeerthi/opt/anaconda3/lib/python3.8/site-packages/airflow/example_dags/example_xcom.py
[2021-12-07 13:28:46,795] {processor.py:637} INFO - DAG(s) dict_keys(['example_xcom']) retrieved from /Users/ballakeerthi/opt/anaconda3/lib/python3.8/site-packages/airflow/example_dags/example_xcom.py
[2021-12-07 13:28:46,980] {logging_mixin.py:109} INFO - [2021-12-07 13:28:46,979] {dag.py:2396} INFO - Sync 1 DAGs
[2021-12-07 13:28:46,986] {logging_mixin.py:109} INFO - [2021-12-07 13:28:46,986] {dag.py:2928} INFO - Setting next_dagrun for example_xcom to 2021-01-01T00:00:00+00:00
[2021-12-07 13:28:47,000] {processor.py:171} INFO - Processing /Users/ballakeerthi/opt/anaconda3/lib/python3.8/site-packages/airflow/example_dags/example_xcom.py took 0.248 seconds
[2021-12-07 13:29:54,952] {processor.py:163} INFO - Started process (PID=7207) to work on /Users/ballakeerthi/opt/anaconda3/lib/python3.8/site-packages/airflow/example_dags/example_xcom.py
[2021-12-07 13:29:54,958] {processor.py:625} INFO - Processing file /Users/ballakeerthi/opt/anaconda3/lib/python3.8/site-packages/airflow/example_dags/example_xcom.py for tasks to queue
[2021-12-07 13:29:54,959] {logging_mixin.py:109} INFO - [2021-12-07 13:29:54,959] {dagbag.py:500} INFO - Filling up the DagBag from /Users/ballakeerthi/opt/anaconda3/lib/python3.8/site-packages/airflow/example_dags/example_xcom.py
[2021-12-07 13:29:54,997] {processor.py:637} INFO - DAG(s) dict_keys(['example_xcom']) retrieved from /Users/ballakeerthi/opt/anaconda3/lib/python3.8/site-packages/airflow/example_dags/example_xcom.py
[2021-12-07 13:29:55,170] {logging_mixin.py:109} INFO - [2021-12-07 13:29:55,170] {dag.py:2396} INFO - Sync 1 DAGs
[2021-12-07 13:29:55,176] {logging_mixin.py:109} INFO - [2021-12-07 13:29:55,176] {dag.py:2928} INFO - Setting next_dagrun for example_xcom to 2021-01-01T00:00:00+00:00
[2021-12-07 13:29:55,190] {processor.py:171} INFO - Processing /Users/ballakeerthi/opt/anaconda3/lib/python3.8/site-packages/airflow/example_dags/example_xcom.py took 0.238 seconds
[2021-12-07 13:31:01,477] {processor.py:163} INFO - Started process (PID=7262) to work on /Users/ballakeerthi/opt/anaconda3/lib/python3.8/site-packages/airflow/example_dags/example_xcom.py
[2021-12-07 13:31:01,479] {processor.py:625} INFO - Processing file /Users/ballakeerthi/opt/anaconda3/lib/python3.8/site-packages/airflow/example_dags/example_xcom.py for tasks to queue
[2021-12-07 13:31:01,480] {logging_mixin.py:109} INFO - [2021-12-07 13:31:01,480] {dagbag.py:500} INFO - Filling up the DagBag from /Users/ballakeerthi/opt/anaconda3/lib/python3.8/site-packages/airflow/example_dags/example_xcom.py
[2021-12-07 13:31:01,519] {processor.py:637} INFO - DAG(s) dict_keys(['example_xcom']) retrieved from /Users/ballakeerthi/opt/anaconda3/lib/python3.8/site-packages/airflow/example_dags/example_xcom.py
[2021-12-07 13:31:01,774] {logging_mixin.py:109} INFO - [2021-12-07 13:31:01,774] {dag.py:2396} INFO - Sync 1 DAGs
[2021-12-07 13:31:01,781] {logging_mixin.py:109} INFO - [2021-12-07 13:31:01,781] {dag.py:2928} INFO - Setting next_dagrun for example_xcom to 2021-01-01T00:00:00+00:00
[2021-12-07 13:31:01,794] {processor.py:171} INFO - Processing /Users/ballakeerthi/opt/anaconda3/lib/python3.8/site-packages/airflow/example_dags/example_xcom.py took 0.317 seconds
[2021-12-07 13:32:08,084] {processor.py:163} INFO - Started process (PID=7312) to work on /Users/ballakeerthi/opt/anaconda3/lib/python3.8/site-packages/airflow/example_dags/example_xcom.py
[2021-12-07 13:32:08,090] {processor.py:625} INFO - Processing file /Users/ballakeerthi/opt/anaconda3/lib/python3.8/site-packages/airflow/example_dags/example_xcom.py for tasks to queue
[2021-12-07 13:32:08,090] {logging_mixin.py:109} INFO - [2021-12-07 13:32:08,090] {dagbag.py:500} INFO - Filling up the DagBag from /Users/ballakeerthi/opt/anaconda3/lib/python3.8/site-packages/airflow/example_dags/example_xcom.py
[2021-12-07 13:32:08,130] {processor.py:637} INFO - DAG(s) dict_keys(['example_xcom']) retrieved from /Users/ballakeerthi/opt/anaconda3/lib/python3.8/site-packages/airflow/example_dags/example_xcom.py
[2021-12-07 13:32:08,351] {logging_mixin.py:109} INFO - [2021-12-07 13:32:08,351] {dag.py:2396} INFO - Sync 1 DAGs
[2021-12-07 13:32:08,358] {logging_mixin.py:109} INFO - [2021-12-07 13:32:08,358] {dag.py:2928} INFO - Setting next_dagrun for example_xcom to 2021-01-01T00:00:00+00:00
[2021-12-07 13:32:08,371] {processor.py:171} INFO - Processing /Users/ballakeerthi/opt/anaconda3/lib/python3.8/site-packages/airflow/example_dags/example_xcom.py took 0.288 seconds
[2021-12-07 13:33:15,992] {processor.py:163} INFO - Started process (PID=7364) to work on /Users/ballakeerthi/opt/anaconda3/lib/python3.8/site-packages/airflow/example_dags/example_xcom.py
[2021-12-07 13:33:15,992] {processor.py:625} INFO - Processing file /Users/ballakeerthi/opt/anaconda3/lib/python3.8/site-packages/airflow/example_dags/example_xcom.py for tasks to queue
[2021-12-07 13:33:15,992] {logging_mixin.py:109} INFO - [2021-12-07 13:33:15,992] {dagbag.py:500} INFO - Filling up the DagBag from /Users/ballakeerthi/opt/anaconda3/lib/python3.8/site-packages/airflow/example_dags/example_xcom.py
[2021-12-07 13:33:16,028] {processor.py:637} INFO - DAG(s) dict_keys(['example_xcom']) retrieved from /Users/ballakeerthi/opt/anaconda3/lib/python3.8/site-packages/airflow/example_dags/example_xcom.py
[2021-12-07 13:33:16,265] {logging_mixin.py:109} INFO - [2021-12-07 13:33:16,265] {dag.py:2396} INFO - Sync 1 DAGs
[2021-12-07 13:33:16,272] {logging_mixin.py:109} INFO - [2021-12-07 13:33:16,271] {dag.py:2928} INFO - Setting next_dagrun for example_xcom to 2021-01-01T00:00:00+00:00
[2021-12-07 13:33:16,278] {processor.py:171} INFO - Processing /Users/ballakeerthi/opt/anaconda3/lib/python3.8/site-packages/airflow/example_dags/example_xcom.py took 0.288 seconds
[2021-12-07 13:34:54,200] {processor.py:163} INFO - Started process (PID=7446) to work on /Users/ballakeerthi/opt/anaconda3/lib/python3.8/site-packages/airflow/example_dags/example_xcom.py
[2021-12-07 13:34:54,201] {processor.py:625} INFO - Processing file /Users/ballakeerthi/opt/anaconda3/lib/python3.8/site-packages/airflow/example_dags/example_xcom.py for tasks to queue
[2021-12-07 13:34:54,202] {logging_mixin.py:109} INFO - [2021-12-07 13:34:54,201] {dagbag.py:500} INFO - Filling up the DagBag from /Users/ballakeerthi/opt/anaconda3/lib/python3.8/site-packages/airflow/example_dags/example_xcom.py
[2021-12-07 13:34:54,253] {processor.py:637} INFO - DAG(s) dict_keys(['example_xcom']) retrieved from /Users/ballakeerthi/opt/anaconda3/lib/python3.8/site-packages/airflow/example_dags/example_xcom.py
[2021-12-07 13:34:54,613] {logging_mixin.py:109} INFO - [2021-12-07 13:34:54,613] {dag.py:2396} INFO - Sync 1 DAGs
[2021-12-07 13:34:54,619] {logging_mixin.py:109} INFO - [2021-12-07 13:34:54,619] {dag.py:2928} INFO - Setting next_dagrun for example_xcom to 2021-01-01T00:00:00+00:00
[2021-12-07 13:34:54,627] {processor.py:171} INFO - Processing /Users/ballakeerthi/opt/anaconda3/lib/python3.8/site-packages/airflow/example_dags/example_xcom.py took 0.427 seconds
[2021-12-07 13:36:27,263] {processor.py:163} INFO - Started process (PID=7539) to work on /Users/ballakeerthi/opt/anaconda3/lib/python3.8/site-packages/airflow/example_dags/example_xcom.py
[2021-12-07 13:36:27,264] {processor.py:625} INFO - Processing file /Users/ballakeerthi/opt/anaconda3/lib/python3.8/site-packages/airflow/example_dags/example_xcom.py for tasks to queue
[2021-12-07 13:36:27,264] {logging_mixin.py:109} INFO - [2021-12-07 13:36:27,264] {dagbag.py:500} INFO - Filling up the DagBag from /Users/ballakeerthi/opt/anaconda3/lib/python3.8/site-packages/airflow/example_dags/example_xcom.py
[2021-12-07 13:36:27,312] {processor.py:637} INFO - DAG(s) dict_keys(['example_xcom']) retrieved from /Users/ballakeerthi/opt/anaconda3/lib/python3.8/site-packages/airflow/example_dags/example_xcom.py
[2021-12-07 13:36:27,517] {logging_mixin.py:109} INFO - [2021-12-07 13:36:27,517] {dag.py:2396} INFO - Sync 1 DAGs
[2021-12-07 13:36:27,524] {logging_mixin.py:109} INFO - [2021-12-07 13:36:27,524] {dag.py:2928} INFO - Setting next_dagrun for example_xcom to 2021-01-01T00:00:00+00:00
[2021-12-07 13:36:27,534] {processor.py:171} INFO - Processing /Users/ballakeerthi/opt/anaconda3/lib/python3.8/site-packages/airflow/example_dags/example_xcom.py took 0.271 seconds
[2021-12-07 13:37:46,965] {processor.py:163} INFO - Started process (PID=7602) to work on /Users/ballakeerthi/opt/anaconda3/lib/python3.8/site-packages/airflow/example_dags/example_xcom.py
[2021-12-07 13:37:46,965] {processor.py:625} INFO - Processing file /Users/ballakeerthi/opt/anaconda3/lib/python3.8/site-packages/airflow/example_dags/example_xcom.py for tasks to queue
[2021-12-07 13:37:46,966] {logging_mixin.py:109} INFO - [2021-12-07 13:37:46,966] {dagbag.py:500} INFO - Filling up the DagBag from /Users/ballakeerthi/opt/anaconda3/lib/python3.8/site-packages/airflow/example_dags/example_xcom.py
[2021-12-07 13:37:47,013] {processor.py:637} INFO - DAG(s) dict_keys(['example_xcom']) retrieved from /Users/ballakeerthi/opt/anaconda3/lib/python3.8/site-packages/airflow/example_dags/example_xcom.py
[2021-12-07 13:37:47,217] {logging_mixin.py:109} INFO - [2021-12-07 13:37:47,217] {dag.py:2396} INFO - Sync 1 DAGs
[2021-12-07 13:37:47,224] {logging_mixin.py:109} INFO - [2021-12-07 13:37:47,224] {dag.py:2928} INFO - Setting next_dagrun for example_xcom to 2021-01-01T00:00:00+00:00
[2021-12-07 13:37:47,233] {processor.py:171} INFO - Processing /Users/ballakeerthi/opt/anaconda3/lib/python3.8/site-packages/airflow/example_dags/example_xcom.py took 0.268 seconds
[2021-12-07 13:39:17,197] {processor.py:163} INFO - Started process (PID=7704) to work on /Users/ballakeerthi/opt/anaconda3/lib/python3.8/site-packages/airflow/example_dags/example_xcom.py
[2021-12-07 13:39:17,199] {processor.py:625} INFO - Processing file /Users/ballakeerthi/opt/anaconda3/lib/python3.8/site-packages/airflow/example_dags/example_xcom.py for tasks to queue
[2021-12-07 13:39:17,200] {logging_mixin.py:109} INFO - [2021-12-07 13:39:17,200] {dagbag.py:500} INFO - Filling up the DagBag from /Users/ballakeerthi/opt/anaconda3/lib/python3.8/site-packages/airflow/example_dags/example_xcom.py
[2021-12-07 13:39:17,254] {processor.py:637} INFO - DAG(s) dict_keys(['example_xcom']) retrieved from /Users/ballakeerthi/opt/anaconda3/lib/python3.8/site-packages/airflow/example_dags/example_xcom.py
[2021-12-07 13:39:17,452] {logging_mixin.py:109} INFO - [2021-12-07 13:39:17,452] {dag.py:2396} INFO - Sync 1 DAGs
[2021-12-07 13:39:17,458] {logging_mixin.py:109} INFO - [2021-12-07 13:39:17,458] {dag.py:2928} INFO - Setting next_dagrun for example_xcom to 2021-01-01T00:00:00+00:00
[2021-12-07 13:39:17,466] {processor.py:171} INFO - Processing /Users/ballakeerthi/opt/anaconda3/lib/python3.8/site-packages/airflow/example_dags/example_xcom.py took 0.270 seconds
[2021-12-07 13:40:42,350] {processor.py:163} INFO - Started process (PID=7778) to work on /Users/ballakeerthi/opt/anaconda3/lib/python3.8/site-packages/airflow/example_dags/example_xcom.py
[2021-12-07 13:40:42,352] {processor.py:625} INFO - Processing file /Users/ballakeerthi/opt/anaconda3/lib/python3.8/site-packages/airflow/example_dags/example_xcom.py for tasks to queue
[2021-12-07 13:40:42,353] {logging_mixin.py:109} INFO - [2021-12-07 13:40:42,353] {dagbag.py:500} INFO - Filling up the DagBag from /Users/ballakeerthi/opt/anaconda3/lib/python3.8/site-packages/airflow/example_dags/example_xcom.py
[2021-12-07 13:40:42,391] {processor.py:637} INFO - DAG(s) dict_keys(['example_xcom']) retrieved from /Users/ballakeerthi/opt/anaconda3/lib/python3.8/site-packages/airflow/example_dags/example_xcom.py
[2021-12-07 13:40:42,602] {logging_mixin.py:109} INFO - [2021-12-07 13:40:42,602] {dag.py:2396} INFO - Sync 1 DAGs
[2021-12-07 13:40:42,612] {logging_mixin.py:109} INFO - [2021-12-07 13:40:42,612] {dag.py:2928} INFO - Setting next_dagrun for example_xcom to 2021-01-01T00:00:00+00:00
[2021-12-07 13:40:42,622] {processor.py:171} INFO - Processing /Users/ballakeerthi/opt/anaconda3/lib/python3.8/site-packages/airflow/example_dags/example_xcom.py took 0.273 seconds
[2021-12-07 13:41:56,062] {processor.py:163} INFO - Started process (PID=7835) to work on /Users/ballakeerthi/opt/anaconda3/lib/python3.8/site-packages/airflow/example_dags/example_xcom.py
[2021-12-07 13:41:56,063] {processor.py:625} INFO - Processing file /Users/ballakeerthi/opt/anaconda3/lib/python3.8/site-packages/airflow/example_dags/example_xcom.py for tasks to queue
[2021-12-07 13:41:56,063] {logging_mixin.py:109} INFO - [2021-12-07 13:41:56,063] {dagbag.py:500} INFO - Filling up the DagBag from /Users/ballakeerthi/opt/anaconda3/lib/python3.8/site-packages/airflow/example_dags/example_xcom.py
[2021-12-07 13:41:56,100] {processor.py:637} INFO - DAG(s) dict_keys(['example_xcom']) retrieved from /Users/ballakeerthi/opt/anaconda3/lib/python3.8/site-packages/airflow/example_dags/example_xcom.py
[2021-12-07 13:41:56,279] {logging_mixin.py:109} INFO - [2021-12-07 13:41:56,279] {dag.py:2396} INFO - Sync 1 DAGs
[2021-12-07 13:41:56,286] {logging_mixin.py:109} INFO - [2021-12-07 13:41:56,286] {dag.py:2928} INFO - Setting next_dagrun for example_xcom to 2021-01-01T00:00:00+00:00
[2021-12-07 13:41:56,300] {processor.py:171} INFO - Processing /Users/ballakeerthi/opt/anaconda3/lib/python3.8/site-packages/airflow/example_dags/example_xcom.py took 0.238 seconds
[2021-12-07 13:43:16,530] {processor.py:163} INFO - Started process (PID=7896) to work on /Users/ballakeerthi/opt/anaconda3/lib/python3.8/site-packages/airflow/example_dags/example_xcom.py
[2021-12-07 13:43:16,531] {processor.py:625} INFO - Processing file /Users/ballakeerthi/opt/anaconda3/lib/python3.8/site-packages/airflow/example_dags/example_xcom.py for tasks to queue
[2021-12-07 13:43:16,531] {logging_mixin.py:109} INFO - [2021-12-07 13:43:16,531] {dagbag.py:500} INFO - Filling up the DagBag from /Users/ballakeerthi/opt/anaconda3/lib/python3.8/site-packages/airflow/example_dags/example_xcom.py
[2021-12-07 13:43:16,756] {processor.py:637} INFO - DAG(s) dict_keys(['example_xcom']) retrieved from /Users/ballakeerthi/opt/anaconda3/lib/python3.8/site-packages/airflow/example_dags/example_xcom.py
[2021-12-07 13:43:17,181] {logging_mixin.py:109} INFO - [2021-12-07 13:43:17,181] {dag.py:2396} INFO - Sync 1 DAGs
[2021-12-07 13:43:17,188] {logging_mixin.py:109} INFO - [2021-12-07 13:43:17,187] {dag.py:2928} INFO - Setting next_dagrun for example_xcom to 2021-01-01T00:00:00+00:00
[2021-12-07 13:43:17,195] {processor.py:171} INFO - Processing /Users/ballakeerthi/opt/anaconda3/lib/python3.8/site-packages/airflow/example_dags/example_xcom.py took 0.665 seconds
[2021-12-07 13:44:43,881] {processor.py:163} INFO - Started process (PID=7957) to work on /Users/ballakeerthi/opt/anaconda3/lib/python3.8/site-packages/airflow/example_dags/example_xcom.py
[2021-12-07 13:44:43,883] {processor.py:625} INFO - Processing file /Users/ballakeerthi/opt/anaconda3/lib/python3.8/site-packages/airflow/example_dags/example_xcom.py for tasks to queue
[2021-12-07 13:44:43,884] {logging_mixin.py:109} INFO - [2021-12-07 13:44:43,883] {dagbag.py:500} INFO - Filling up the DagBag from /Users/ballakeerthi/opt/anaconda3/lib/python3.8/site-packages/airflow/example_dags/example_xcom.py
[2021-12-07 13:44:43,920] {processor.py:637} INFO - DAG(s) dict_keys(['example_xcom']) retrieved from /Users/ballakeerthi/opt/anaconda3/lib/python3.8/site-packages/airflow/example_dags/example_xcom.py
[2021-12-07 13:44:44,162] {logging_mixin.py:109} INFO - [2021-12-07 13:44:44,162] {dag.py:2396} INFO - Sync 1 DAGs
[2021-12-07 13:44:44,168] {logging_mixin.py:109} INFO - [2021-12-07 13:44:44,168] {dag.py:2928} INFO - Setting next_dagrun for example_xcom to 2021-01-01T00:00:00+00:00
[2021-12-07 13:44:44,175] {processor.py:171} INFO - Processing /Users/ballakeerthi/opt/anaconda3/lib/python3.8/site-packages/airflow/example_dags/example_xcom.py took 0.295 seconds
[2021-12-07 14:05:57,176] {processor.py:163} INFO - Started process (PID=8185) to work on /Users/ballakeerthi/opt/anaconda3/lib/python3.8/site-packages/airflow/example_dags/example_xcom.py
[2021-12-07 14:05:57,181] {processor.py:625} INFO - Processing file /Users/ballakeerthi/opt/anaconda3/lib/python3.8/site-packages/airflow/example_dags/example_xcom.py for tasks to queue
[2021-12-07 14:05:57,182] {logging_mixin.py:109} INFO - [2021-12-07 14:05:57,182] {dagbag.py:500} INFO - Filling up the DagBag from /Users/ballakeerthi/opt/anaconda3/lib/python3.8/site-packages/airflow/example_dags/example_xcom.py
[2021-12-07 14:05:57,218] {processor.py:637} INFO - DAG(s) dict_keys(['example_xcom']) retrieved from /Users/ballakeerthi/opt/anaconda3/lib/python3.8/site-packages/airflow/example_dags/example_xcom.py
[2021-12-07 14:05:57,412] {logging_mixin.py:109} INFO - [2021-12-07 14:05:57,411] {dag.py:2396} INFO - Sync 1 DAGs
[2021-12-07 14:05:57,419] {logging_mixin.py:109} INFO - [2021-12-07 14:05:57,419] {dag.py:2928} INFO - Setting next_dagrun for example_xcom to 2021-01-01T00:00:00+00:00
[2021-12-07 14:05:57,425] {processor.py:171} INFO - Processing /Users/ballakeerthi/opt/anaconda3/lib/python3.8/site-packages/airflow/example_dags/example_xcom.py took 0.250 seconds
