[2021-12-07 10:56:14,144] {processor.py:163} INFO - Started process (PID=2705) to work on /Users/ballakeerthi/opt/anaconda3/envs/airflow/lib/python3.9/site-packages/airflow/example_dags/example_kubernetes_executor_config.py
[2021-12-07 10:56:14,144] {processor.py:625} INFO - Processing file /Users/ballakeerthi/opt/anaconda3/envs/airflow/lib/python3.9/site-packages/airflow/example_dags/example_kubernetes_executor_config.py for tasks to queue
[2021-12-07 10:56:14,147] {logging_mixin.py:109} INFO - [2021-12-07 10:56:14,147] {dagbag.py:500} INFO - Filling up the DagBag from /Users/ballakeerthi/opt/anaconda3/envs/airflow/lib/python3.9/site-packages/airflow/example_dags/example_kubernetes_executor_config.py
[2021-12-07 10:56:14,169] {logging_mixin.py:109} INFO - [2021-12-07 10:56:14,169] {example_kubernetes_executor_config.py:171} WARNING - Could not import DAGs in example_kubernetes_executor_config.py: No module named 'kubernetes'
[2021-12-07 10:56:14,169] {logging_mixin.py:109} INFO - [2021-12-07 10:56:14,169] {example_kubernetes_executor_config.py:172} WARNING - Install kubernetes dependencies with: pip install apache-airflow['cncf.kubernetes']
[2021-12-07 10:56:14,193] {processor.py:639} WARNING - No viable dags retrieved from /Users/ballakeerthi/opt/anaconda3/envs/airflow/lib/python3.9/site-packages/airflow/example_dags/example_kubernetes_executor_config.py
[2021-12-07 10:56:14,196] {processor.py:171} INFO - Processing /Users/ballakeerthi/opt/anaconda3/envs/airflow/lib/python3.9/site-packages/airflow/example_dags/example_kubernetes_executor_config.py took 0.053 seconds
[2021-12-07 10:58:59,827] {processor.py:163} INFO - Started process (PID=2978) to work on /Users/ballakeerthi/opt/anaconda3/envs/airflow/lib/python3.9/site-packages/airflow/example_dags/example_kubernetes_executor_config.py
[2021-12-07 10:58:59,828] {processor.py:625} INFO - Processing file /Users/ballakeerthi/opt/anaconda3/envs/airflow/lib/python3.9/site-packages/airflow/example_dags/example_kubernetes_executor_config.py for tasks to queue
[2021-12-07 10:58:59,830] {logging_mixin.py:109} INFO - [2021-12-07 10:58:59,830] {dagbag.py:500} INFO - Filling up the DagBag from /Users/ballakeerthi/opt/anaconda3/envs/airflow/lib/python3.9/site-packages/airflow/example_dags/example_kubernetes_executor_config.py
[2021-12-07 10:58:59,847] {logging_mixin.py:109} INFO - [2021-12-07 10:58:59,847] {example_kubernetes_executor_config.py:171} WARNING - Could not import DAGs in example_kubernetes_executor_config.py: No module named 'kubernetes'
[2021-12-07 10:58:59,847] {logging_mixin.py:109} INFO - [2021-12-07 10:58:59,847] {example_kubernetes_executor_config.py:172} WARNING - Install kubernetes dependencies with: pip install apache-airflow['cncf.kubernetes']
[2021-12-07 10:58:59,869] {processor.py:639} WARNING - No viable dags retrieved from /Users/ballakeerthi/opt/anaconda3/envs/airflow/lib/python3.9/site-packages/airflow/example_dags/example_kubernetes_executor_config.py
[2021-12-07 10:58:59,871] {processor.py:171} INFO - Processing /Users/ballakeerthi/opt/anaconda3/envs/airflow/lib/python3.9/site-packages/airflow/example_dags/example_kubernetes_executor_config.py took 0.044 seconds
[2021-12-07 11:02:07,420] {processor.py:163} INFO - Started process (PID=3252) to work on /Users/ballakeerthi/opt/anaconda3/envs/airflow/lib/python3.9/site-packages/airflow/example_dags/example_kubernetes_executor_config.py
[2021-12-07 11:02:07,420] {processor.py:625} INFO - Processing file /Users/ballakeerthi/opt/anaconda3/envs/airflow/lib/python3.9/site-packages/airflow/example_dags/example_kubernetes_executor_config.py for tasks to queue
[2021-12-07 11:02:07,422] {logging_mixin.py:109} INFO - [2021-12-07 11:02:07,422] {dagbag.py:500} INFO - Filling up the DagBag from /Users/ballakeerthi/opt/anaconda3/envs/airflow/lib/python3.9/site-packages/airflow/example_dags/example_kubernetes_executor_config.py
[2021-12-07 11:02:07,440] {logging_mixin.py:109} INFO - [2021-12-07 11:02:07,440] {example_kubernetes_executor_config.py:171} WARNING - Could not import DAGs in example_kubernetes_executor_config.py: No module named 'kubernetes'
[2021-12-07 11:02:07,440] {logging_mixin.py:109} INFO - [2021-12-07 11:02:07,440] {example_kubernetes_executor_config.py:172} WARNING - Install kubernetes dependencies with: pip install apache-airflow['cncf.kubernetes']
[2021-12-07 11:02:07,460] {processor.py:639} WARNING - No viable dags retrieved from /Users/ballakeerthi/opt/anaconda3/envs/airflow/lib/python3.9/site-packages/airflow/example_dags/example_kubernetes_executor_config.py
[2021-12-07 11:02:07,462] {processor.py:171} INFO - Processing /Users/ballakeerthi/opt/anaconda3/envs/airflow/lib/python3.9/site-packages/airflow/example_dags/example_kubernetes_executor_config.py took 0.043 seconds
[2021-12-07 11:04:47,442] {processor.py:163} INFO - Started process (PID=3499) to work on /Users/ballakeerthi/opt/anaconda3/envs/airflow/lib/python3.9/site-packages/airflow/example_dags/example_kubernetes_executor_config.py
[2021-12-07 11:04:47,443] {processor.py:625} INFO - Processing file /Users/ballakeerthi/opt/anaconda3/envs/airflow/lib/python3.9/site-packages/airflow/example_dags/example_kubernetes_executor_config.py for tasks to queue
[2021-12-07 11:04:47,444] {logging_mixin.py:109} INFO - [2021-12-07 11:04:47,444] {dagbag.py:500} INFO - Filling up the DagBag from /Users/ballakeerthi/opt/anaconda3/envs/airflow/lib/python3.9/site-packages/airflow/example_dags/example_kubernetes_executor_config.py
[2021-12-07 11:04:47,460] {logging_mixin.py:109} INFO - [2021-12-07 11:04:47,460] {example_kubernetes_executor_config.py:171} WARNING - Could not import DAGs in example_kubernetes_executor_config.py: No module named 'kubernetes'
[2021-12-07 11:04:47,460] {logging_mixin.py:109} INFO - [2021-12-07 11:04:47,460] {example_kubernetes_executor_config.py:172} WARNING - Install kubernetes dependencies with: pip install apache-airflow['cncf.kubernetes']
[2021-12-07 11:04:47,478] {processor.py:639} WARNING - No viable dags retrieved from /Users/ballakeerthi/opt/anaconda3/envs/airflow/lib/python3.9/site-packages/airflow/example_dags/example_kubernetes_executor_config.py
[2021-12-07 11:04:47,479] {processor.py:171} INFO - Processing /Users/ballakeerthi/opt/anaconda3/envs/airflow/lib/python3.9/site-packages/airflow/example_dags/example_kubernetes_executor_config.py took 0.038 seconds
[2021-12-07 11:09:10,599] {processor.py:163} INFO - Started process (PID=3617) to work on /Users/ballakeerthi/opt/anaconda3/lib/python3.8/site-packages/airflow/example_dags/example_kubernetes_executor_config.py
[2021-12-07 11:09:10,605] {processor.py:625} INFO - Processing file /Users/ballakeerthi/opt/anaconda3/lib/python3.8/site-packages/airflow/example_dags/example_kubernetes_executor_config.py for tasks to queue
[2021-12-07 11:09:10,605] {logging_mixin.py:109} INFO - [2021-12-07 11:09:10,605] {dagbag.py:500} INFO - Filling up the DagBag from /Users/ballakeerthi/opt/anaconda3/lib/python3.8/site-packages/airflow/example_dags/example_kubernetes_executor_config.py
[2021-12-07 11:09:10,622] {logging_mixin.py:109} INFO - [2021-12-07 11:09:10,622] {example_kubernetes_executor_config.py:171} WARNING - Could not import DAGs in example_kubernetes_executor_config.py: No module named 'kubernetes'
[2021-12-07 11:09:10,622] {logging_mixin.py:109} INFO - [2021-12-07 11:09:10,622] {example_kubernetes_executor_config.py:172} WARNING - Install kubernetes dependencies with: pip install apache-airflow['cncf.kubernetes']
[2021-12-07 11:09:10,641] {processor.py:639} WARNING - No viable dags retrieved from /Users/ballakeerthi/opt/anaconda3/lib/python3.8/site-packages/airflow/example_dags/example_kubernetes_executor_config.py
[2021-12-07 11:09:10,642] {processor.py:171} INFO - Processing /Users/ballakeerthi/opt/anaconda3/lib/python3.8/site-packages/airflow/example_dags/example_kubernetes_executor_config.py took 0.044 seconds
[2021-12-07 11:11:18,012] {processor.py:163} INFO - Started process (PID=3706) to work on /Users/ballakeerthi/opt/anaconda3/lib/python3.8/site-packages/airflow/example_dags/example_kubernetes_executor_config.py
[2021-12-07 11:11:18,017] {processor.py:625} INFO - Processing file /Users/ballakeerthi/opt/anaconda3/lib/python3.8/site-packages/airflow/example_dags/example_kubernetes_executor_config.py for tasks to queue
[2021-12-07 11:11:18,018] {logging_mixin.py:109} INFO - [2021-12-07 11:11:18,018] {dagbag.py:500} INFO - Filling up the DagBag from /Users/ballakeerthi/opt/anaconda3/lib/python3.8/site-packages/airflow/example_dags/example_kubernetes_executor_config.py
[2021-12-07 11:11:18,037] {logging_mixin.py:109} INFO - [2021-12-07 11:11:18,037] {example_kubernetes_executor_config.py:171} WARNING - Could not import DAGs in example_kubernetes_executor_config.py: No module named 'kubernetes'
[2021-12-07 11:11:18,037] {logging_mixin.py:109} INFO - [2021-12-07 11:11:18,037] {example_kubernetes_executor_config.py:172} WARNING - Install kubernetes dependencies with: pip install apache-airflow['cncf.kubernetes']
[2021-12-07 11:11:18,059] {processor.py:639} WARNING - No viable dags retrieved from /Users/ballakeerthi/opt/anaconda3/lib/python3.8/site-packages/airflow/example_dags/example_kubernetes_executor_config.py
[2021-12-07 11:11:18,060] {processor.py:171} INFO - Processing /Users/ballakeerthi/opt/anaconda3/lib/python3.8/site-packages/airflow/example_dags/example_kubernetes_executor_config.py took 0.049 seconds
[2021-12-07 11:13:59,302] {processor.py:163} INFO - Started process (PID=3828) to work on /Users/ballakeerthi/opt/anaconda3/lib/python3.8/site-packages/airflow/example_dags/example_kubernetes_executor_config.py
[2021-12-07 11:13:59,307] {processor.py:625} INFO - Processing file /Users/ballakeerthi/opt/anaconda3/lib/python3.8/site-packages/airflow/example_dags/example_kubernetes_executor_config.py for tasks to queue
[2021-12-07 11:13:59,308] {logging_mixin.py:109} INFO - [2021-12-07 11:13:59,308] {dagbag.py:500} INFO - Filling up the DagBag from /Users/ballakeerthi/opt/anaconda3/lib/python3.8/site-packages/airflow/example_dags/example_kubernetes_executor_config.py
[2021-12-07 11:13:59,324] {logging_mixin.py:109} INFO - [2021-12-07 11:13:59,324] {example_kubernetes_executor_config.py:171} WARNING - Could not import DAGs in example_kubernetes_executor_config.py: No module named 'kubernetes'
[2021-12-07 11:13:59,324] {logging_mixin.py:109} INFO - [2021-12-07 11:13:59,324] {example_kubernetes_executor_config.py:172} WARNING - Install kubernetes dependencies with: pip install apache-airflow['cncf.kubernetes']
[2021-12-07 11:13:59,344] {processor.py:639} WARNING - No viable dags retrieved from /Users/ballakeerthi/opt/anaconda3/lib/python3.8/site-packages/airflow/example_dags/example_kubernetes_executor_config.py
[2021-12-07 11:13:59,345] {processor.py:171} INFO - Processing /Users/ballakeerthi/opt/anaconda3/lib/python3.8/site-packages/airflow/example_dags/example_kubernetes_executor_config.py took 0.044 seconds
[2021-12-07 11:16:40,291] {processor.py:163} INFO - Started process (PID=3942) to work on /Users/ballakeerthi/opt/anaconda3/lib/python3.8/site-packages/airflow/example_dags/example_kubernetes_executor_config.py
[2021-12-07 11:16:40,297] {processor.py:625} INFO - Processing file /Users/ballakeerthi/opt/anaconda3/lib/python3.8/site-packages/airflow/example_dags/example_kubernetes_executor_config.py for tasks to queue
[2021-12-07 11:16:40,298] {logging_mixin.py:109} INFO - [2021-12-07 11:16:40,298] {dagbag.py:500} INFO - Filling up the DagBag from /Users/ballakeerthi/opt/anaconda3/lib/python3.8/site-packages/airflow/example_dags/example_kubernetes_executor_config.py
[2021-12-07 11:16:40,315] {logging_mixin.py:109} INFO - [2021-12-07 11:16:40,315] {example_kubernetes_executor_config.py:171} WARNING - Could not import DAGs in example_kubernetes_executor_config.py: No module named 'kubernetes'
[2021-12-07 11:16:40,315] {logging_mixin.py:109} INFO - [2021-12-07 11:16:40,315] {example_kubernetes_executor_config.py:172} WARNING - Install kubernetes dependencies with: pip install apache-airflow['cncf.kubernetes']
[2021-12-07 11:16:40,334] {processor.py:639} WARNING - No viable dags retrieved from /Users/ballakeerthi/opt/anaconda3/lib/python3.8/site-packages/airflow/example_dags/example_kubernetes_executor_config.py
[2021-12-07 11:16:40,335] {processor.py:171} INFO - Processing /Users/ballakeerthi/opt/anaconda3/lib/python3.8/site-packages/airflow/example_dags/example_kubernetes_executor_config.py took 0.044 seconds
[2021-12-07 11:19:17,004] {processor.py:163} INFO - Started process (PID=4052) to work on /Users/ballakeerthi/opt/anaconda3/lib/python3.8/site-packages/airflow/example_dags/example_kubernetes_executor_config.py
[2021-12-07 11:19:17,006] {processor.py:625} INFO - Processing file /Users/ballakeerthi/opt/anaconda3/lib/python3.8/site-packages/airflow/example_dags/example_kubernetes_executor_config.py for tasks to queue
[2021-12-07 11:19:17,007] {logging_mixin.py:109} INFO - [2021-12-07 11:19:17,007] {dagbag.py:500} INFO - Filling up the DagBag from /Users/ballakeerthi/opt/anaconda3/lib/python3.8/site-packages/airflow/example_dags/example_kubernetes_executor_config.py
[2021-12-07 11:19:17,025] {logging_mixin.py:109} INFO - [2021-12-07 11:19:17,024] {example_kubernetes_executor_config.py:171} WARNING - Could not import DAGs in example_kubernetes_executor_config.py: No module named 'kubernetes'
[2021-12-07 11:19:17,025] {logging_mixin.py:109} INFO - [2021-12-07 11:19:17,025] {example_kubernetes_executor_config.py:172} WARNING - Install kubernetes dependencies with: pip install apache-airflow['cncf.kubernetes']
[2021-12-07 11:19:17,044] {processor.py:639} WARNING - No viable dags retrieved from /Users/ballakeerthi/opt/anaconda3/lib/python3.8/site-packages/airflow/example_dags/example_kubernetes_executor_config.py
[2021-12-07 11:19:17,045] {processor.py:171} INFO - Processing /Users/ballakeerthi/opt/anaconda3/lib/python3.8/site-packages/airflow/example_dags/example_kubernetes_executor_config.py took 0.041 seconds
[2021-12-07 11:22:10,505] {processor.py:163} INFO - Started process (PID=4206) to work on /Users/ballakeerthi/opt/anaconda3/lib/python3.8/site-packages/airflow/example_dags/example_kubernetes_executor_config.py
[2021-12-07 11:22:10,510] {processor.py:625} INFO - Processing file /Users/ballakeerthi/opt/anaconda3/lib/python3.8/site-packages/airflow/example_dags/example_kubernetes_executor_config.py for tasks to queue
[2021-12-07 11:22:10,511] {logging_mixin.py:109} INFO - [2021-12-07 11:22:10,511] {dagbag.py:500} INFO - Filling up the DagBag from /Users/ballakeerthi/opt/anaconda3/lib/python3.8/site-packages/airflow/example_dags/example_kubernetes_executor_config.py
[2021-12-07 11:22:10,529] {logging_mixin.py:109} INFO - [2021-12-07 11:22:10,529] {example_kubernetes_executor_config.py:171} WARNING - Could not import DAGs in example_kubernetes_executor_config.py: No module named 'kubernetes'
[2021-12-07 11:22:10,529] {logging_mixin.py:109} INFO - [2021-12-07 11:22:10,529] {example_kubernetes_executor_config.py:172} WARNING - Install kubernetes dependencies with: pip install apache-airflow['cncf.kubernetes']
[2021-12-07 11:22:10,549] {processor.py:639} WARNING - No viable dags retrieved from /Users/ballakeerthi/opt/anaconda3/lib/python3.8/site-packages/airflow/example_dags/example_kubernetes_executor_config.py
[2021-12-07 11:22:10,551] {processor.py:171} INFO - Processing /Users/ballakeerthi/opt/anaconda3/lib/python3.8/site-packages/airflow/example_dags/example_kubernetes_executor_config.py took 0.047 seconds
[2021-12-07 11:24:51,361] {processor.py:163} INFO - Started process (PID=4331) to work on /Users/ballakeerthi/opt/anaconda3/lib/python3.8/site-packages/airflow/example_dags/example_kubernetes_executor_config.py
[2021-12-07 11:24:51,363] {processor.py:625} INFO - Processing file /Users/ballakeerthi/opt/anaconda3/lib/python3.8/site-packages/airflow/example_dags/example_kubernetes_executor_config.py for tasks to queue
[2021-12-07 11:24:51,364] {logging_mixin.py:109} INFO - [2021-12-07 11:24:51,364] {dagbag.py:500} INFO - Filling up the DagBag from /Users/ballakeerthi/opt/anaconda3/lib/python3.8/site-packages/airflow/example_dags/example_kubernetes_executor_config.py
[2021-12-07 11:24:51,386] {logging_mixin.py:109} INFO - [2021-12-07 11:24:51,386] {example_kubernetes_executor_config.py:171} WARNING - Could not import DAGs in example_kubernetes_executor_config.py: No module named 'kubernetes'
[2021-12-07 11:24:51,387] {logging_mixin.py:109} INFO - [2021-12-07 11:24:51,387] {example_kubernetes_executor_config.py:172} WARNING - Install kubernetes dependencies with: pip install apache-airflow['cncf.kubernetes']
[2021-12-07 11:24:51,409] {processor.py:639} WARNING - No viable dags retrieved from /Users/ballakeerthi/opt/anaconda3/lib/python3.8/site-packages/airflow/example_dags/example_kubernetes_executor_config.py
[2021-12-07 11:24:51,410] {processor.py:171} INFO - Processing /Users/ballakeerthi/opt/anaconda3/lib/python3.8/site-packages/airflow/example_dags/example_kubernetes_executor_config.py took 0.050 seconds
[2021-12-07 11:27:41,489] {processor.py:163} INFO - Started process (PID=4449) to work on /Users/ballakeerthi/opt/anaconda3/lib/python3.8/site-packages/airflow/example_dags/example_kubernetes_executor_config.py
[2021-12-07 11:27:41,491] {processor.py:625} INFO - Processing file /Users/ballakeerthi/opt/anaconda3/lib/python3.8/site-packages/airflow/example_dags/example_kubernetes_executor_config.py for tasks to queue
[2021-12-07 11:27:41,492] {logging_mixin.py:109} INFO - [2021-12-07 11:27:41,492] {dagbag.py:500} INFO - Filling up the DagBag from /Users/ballakeerthi/opt/anaconda3/lib/python3.8/site-packages/airflow/example_dags/example_kubernetes_executor_config.py
[2021-12-07 11:27:41,511] {logging_mixin.py:109} INFO - [2021-12-07 11:27:41,511] {example_kubernetes_executor_config.py:171} WARNING - Could not import DAGs in example_kubernetes_executor_config.py: No module named 'kubernetes'
[2021-12-07 11:27:41,511] {logging_mixin.py:109} INFO - [2021-12-07 11:27:41,511] {example_kubernetes_executor_config.py:172} WARNING - Install kubernetes dependencies with: pip install apache-airflow['cncf.kubernetes']
[2021-12-07 11:27:41,529] {processor.py:639} WARNING - No viable dags retrieved from /Users/ballakeerthi/opt/anaconda3/lib/python3.8/site-packages/airflow/example_dags/example_kubernetes_executor_config.py
[2021-12-07 11:27:41,530] {processor.py:171} INFO - Processing /Users/ballakeerthi/opt/anaconda3/lib/python3.8/site-packages/airflow/example_dags/example_kubernetes_executor_config.py took 0.042 seconds
[2021-12-07 11:30:52,565] {processor.py:163} INFO - Started process (PID=4709) to work on /Users/ballakeerthi/opt/anaconda3/lib/python3.8/site-packages/airflow/example_dags/example_kubernetes_executor_config.py
[2021-12-07 11:30:52,565] {processor.py:625} INFO - Processing file /Users/ballakeerthi/opt/anaconda3/lib/python3.8/site-packages/airflow/example_dags/example_kubernetes_executor_config.py for tasks to queue
[2021-12-07 11:30:52,566] {logging_mixin.py:109} INFO - [2021-12-07 11:30:52,566] {dagbag.py:500} INFO - Filling up the DagBag from /Users/ballakeerthi/opt/anaconda3/lib/python3.8/site-packages/airflow/example_dags/example_kubernetes_executor_config.py
[2021-12-07 11:30:52,582] {logging_mixin.py:109} INFO - [2021-12-07 11:30:52,582] {example_kubernetes_executor_config.py:171} WARNING - Could not import DAGs in example_kubernetes_executor_config.py: No module named 'kubernetes'
[2021-12-07 11:30:52,582] {logging_mixin.py:109} INFO - [2021-12-07 11:30:52,582] {example_kubernetes_executor_config.py:172} WARNING - Install kubernetes dependencies with: pip install apache-airflow['cncf.kubernetes']
[2021-12-07 11:30:52,600] {processor.py:639} WARNING - No viable dags retrieved from /Users/ballakeerthi/opt/anaconda3/lib/python3.8/site-packages/airflow/example_dags/example_kubernetes_executor_config.py
[2021-12-07 11:30:52,601] {processor.py:171} INFO - Processing /Users/ballakeerthi/opt/anaconda3/lib/python3.8/site-packages/airflow/example_dags/example_kubernetes_executor_config.py took 0.037 seconds
[2021-12-07 11:34:30,006] {processor.py:163} INFO - Started process (PID=4861) to work on /Users/ballakeerthi/opt/anaconda3/lib/python3.8/site-packages/airflow/example_dags/example_kubernetes_executor_config.py
[2021-12-07 11:34:30,008] {processor.py:625} INFO - Processing file /Users/ballakeerthi/opt/anaconda3/lib/python3.8/site-packages/airflow/example_dags/example_kubernetes_executor_config.py for tasks to queue
[2021-12-07 11:34:30,009] {logging_mixin.py:109} INFO - [2021-12-07 11:34:30,009] {dagbag.py:500} INFO - Filling up the DagBag from /Users/ballakeerthi/opt/anaconda3/lib/python3.8/site-packages/airflow/example_dags/example_kubernetes_executor_config.py
[2021-12-07 11:34:30,026] {logging_mixin.py:109} INFO - [2021-12-07 11:34:30,026] {example_kubernetes_executor_config.py:171} WARNING - Could not import DAGs in example_kubernetes_executor_config.py: No module named 'kubernetes'
[2021-12-07 11:34:30,026] {logging_mixin.py:109} INFO - [2021-12-07 11:34:30,026] {example_kubernetes_executor_config.py:172} WARNING - Install kubernetes dependencies with: pip install apache-airflow['cncf.kubernetes']
[2021-12-07 11:34:30,047] {processor.py:639} WARNING - No viable dags retrieved from /Users/ballakeerthi/opt/anaconda3/lib/python3.8/site-packages/airflow/example_dags/example_kubernetes_executor_config.py
[2021-12-07 11:34:30,049] {processor.py:171} INFO - Processing /Users/ballakeerthi/opt/anaconda3/lib/python3.8/site-packages/airflow/example_dags/example_kubernetes_executor_config.py took 0.043 seconds
[2021-12-07 11:37:57,329] {processor.py:163} INFO - Started process (PID=4997) to work on /Users/ballakeerthi/opt/anaconda3/lib/python3.8/site-packages/airflow/example_dags/example_kubernetes_executor_config.py
[2021-12-07 11:37:57,335] {processor.py:625} INFO - Processing file /Users/ballakeerthi/opt/anaconda3/lib/python3.8/site-packages/airflow/example_dags/example_kubernetes_executor_config.py for tasks to queue
[2021-12-07 11:37:57,335] {logging_mixin.py:109} INFO - [2021-12-07 11:37:57,335] {dagbag.py:500} INFO - Filling up the DagBag from /Users/ballakeerthi/opt/anaconda3/lib/python3.8/site-packages/airflow/example_dags/example_kubernetes_executor_config.py
[2021-12-07 11:37:57,355] {logging_mixin.py:109} INFO - [2021-12-07 11:37:57,355] {example_kubernetes_executor_config.py:171} WARNING - Could not import DAGs in example_kubernetes_executor_config.py: No module named 'kubernetes'
[2021-12-07 11:37:57,355] {logging_mixin.py:109} INFO - [2021-12-07 11:37:57,355] {example_kubernetes_executor_config.py:172} WARNING - Install kubernetes dependencies with: pip install apache-airflow['cncf.kubernetes']
[2021-12-07 11:37:57,374] {processor.py:639} WARNING - No viable dags retrieved from /Users/ballakeerthi/opt/anaconda3/lib/python3.8/site-packages/airflow/example_dags/example_kubernetes_executor_config.py
[2021-12-07 11:37:57,375] {processor.py:171} INFO - Processing /Users/ballakeerthi/opt/anaconda3/lib/python3.8/site-packages/airflow/example_dags/example_kubernetes_executor_config.py took 0.047 seconds
[2021-12-07 11:40:44,252] {processor.py:163} INFO - Started process (PID=5107) to work on /Users/ballakeerthi/opt/anaconda3/lib/python3.8/site-packages/airflow/example_dags/example_kubernetes_executor_config.py
[2021-12-07 11:40:44,257] {processor.py:625} INFO - Processing file /Users/ballakeerthi/opt/anaconda3/lib/python3.8/site-packages/airflow/example_dags/example_kubernetes_executor_config.py for tasks to queue
[2021-12-07 11:40:44,258] {logging_mixin.py:109} INFO - [2021-12-07 11:40:44,258] {dagbag.py:500} INFO - Filling up the DagBag from /Users/ballakeerthi/opt/anaconda3/lib/python3.8/site-packages/airflow/example_dags/example_kubernetes_executor_config.py
[2021-12-07 11:40:44,285] {logging_mixin.py:109} INFO - [2021-12-07 11:40:44,285] {example_kubernetes_executor_config.py:171} WARNING - Could not import DAGs in example_kubernetes_executor_config.py: No module named 'kubernetes'
[2021-12-07 11:40:44,285] {logging_mixin.py:109} INFO - [2021-12-07 11:40:44,285] {example_kubernetes_executor_config.py:172} WARNING - Install kubernetes dependencies with: pip install apache-airflow['cncf.kubernetes']
[2021-12-07 11:40:44,305] {processor.py:639} WARNING - No viable dags retrieved from /Users/ballakeerthi/opt/anaconda3/lib/python3.8/site-packages/airflow/example_dags/example_kubernetes_executor_config.py
[2021-12-07 11:40:44,306] {processor.py:171} INFO - Processing /Users/ballakeerthi/opt/anaconda3/lib/python3.8/site-packages/airflow/example_dags/example_kubernetes_executor_config.py took 0.055 seconds
[2021-12-07 11:43:56,974] {processor.py:163} INFO - Started process (PID=5222) to work on /Users/ballakeerthi/opt/anaconda3/lib/python3.8/site-packages/airflow/example_dags/example_kubernetes_executor_config.py
[2021-12-07 11:43:56,975] {processor.py:625} INFO - Processing file /Users/ballakeerthi/opt/anaconda3/lib/python3.8/site-packages/airflow/example_dags/example_kubernetes_executor_config.py for tasks to queue
[2021-12-07 11:43:56,975] {logging_mixin.py:109} INFO - [2021-12-07 11:43:56,975] {dagbag.py:500} INFO - Filling up the DagBag from /Users/ballakeerthi/opt/anaconda3/lib/python3.8/site-packages/airflow/example_dags/example_kubernetes_executor_config.py
[2021-12-07 11:43:57,000] {logging_mixin.py:109} INFO - [2021-12-07 11:43:57,000] {example_kubernetes_executor_config.py:171} WARNING - Could not import DAGs in example_kubernetes_executor_config.py: No module named 'kubernetes'
[2021-12-07 11:43:57,000] {logging_mixin.py:109} INFO - [2021-12-07 11:43:57,000] {example_kubernetes_executor_config.py:172} WARNING - Install kubernetes dependencies with: pip install apache-airflow['cncf.kubernetes']
[2021-12-07 11:43:57,020] {processor.py:639} WARNING - No viable dags retrieved from /Users/ballakeerthi/opt/anaconda3/lib/python3.8/site-packages/airflow/example_dags/example_kubernetes_executor_config.py
[2021-12-07 11:43:57,026] {processor.py:171} INFO - Processing /Users/ballakeerthi/opt/anaconda3/lib/python3.8/site-packages/airflow/example_dags/example_kubernetes_executor_config.py took 0.053 seconds
[2021-12-07 11:46:47,443] {processor.py:163} INFO - Started process (PID=5333) to work on /Users/ballakeerthi/opt/anaconda3/lib/python3.8/site-packages/airflow/example_dags/example_kubernetes_executor_config.py
[2021-12-07 11:46:47,448] {processor.py:625} INFO - Processing file /Users/ballakeerthi/opt/anaconda3/lib/python3.8/site-packages/airflow/example_dags/example_kubernetes_executor_config.py for tasks to queue
[2021-12-07 11:46:47,449] {logging_mixin.py:109} INFO - [2021-12-07 11:46:47,449] {dagbag.py:500} INFO - Filling up the DagBag from /Users/ballakeerthi/opt/anaconda3/lib/python3.8/site-packages/airflow/example_dags/example_kubernetes_executor_config.py
[2021-12-07 11:46:47,467] {logging_mixin.py:109} INFO - [2021-12-07 11:46:47,467] {example_kubernetes_executor_config.py:171} WARNING - Could not import DAGs in example_kubernetes_executor_config.py: No module named 'kubernetes'
[2021-12-07 11:46:47,467] {logging_mixin.py:109} INFO - [2021-12-07 11:46:47,467] {example_kubernetes_executor_config.py:172} WARNING - Install kubernetes dependencies with: pip install apache-airflow['cncf.kubernetes']
[2021-12-07 11:46:47,486] {processor.py:639} WARNING - No viable dags retrieved from /Users/ballakeerthi/opt/anaconda3/lib/python3.8/site-packages/airflow/example_dags/example_kubernetes_executor_config.py
[2021-12-07 11:46:47,487] {processor.py:171} INFO - Processing /Users/ballakeerthi/opt/anaconda3/lib/python3.8/site-packages/airflow/example_dags/example_kubernetes_executor_config.py took 0.045 seconds
[2021-12-07 11:50:43,240] {processor.py:163} INFO - Started process (PID=5477) to work on /Users/ballakeerthi/opt/anaconda3/lib/python3.8/site-packages/airflow/example_dags/example_kubernetes_executor_config.py
[2021-12-07 11:50:43,251] {processor.py:625} INFO - Processing file /Users/ballakeerthi/opt/anaconda3/lib/python3.8/site-packages/airflow/example_dags/example_kubernetes_executor_config.py for tasks to queue
[2021-12-07 11:50:43,252] {logging_mixin.py:109} INFO - [2021-12-07 11:50:43,252] {dagbag.py:500} INFO - Filling up the DagBag from /Users/ballakeerthi/opt/anaconda3/lib/python3.8/site-packages/airflow/example_dags/example_kubernetes_executor_config.py
[2021-12-07 11:50:43,517] {logging_mixin.py:109} INFO - [2021-12-07 11:50:43,517] {example_kubernetes_executor_config.py:171} WARNING - Could not import DAGs in example_kubernetes_executor_config.py: No module named 'kubernetes'
[2021-12-07 11:50:43,517] {logging_mixin.py:109} INFO - [2021-12-07 11:50:43,517] {example_kubernetes_executor_config.py:172} WARNING - Install kubernetes dependencies with: pip install apache-airflow['cncf.kubernetes']
[2021-12-07 11:50:43,841] {processor.py:639} WARNING - No viable dags retrieved from /Users/ballakeerthi/opt/anaconda3/lib/python3.8/site-packages/airflow/example_dags/example_kubernetes_executor_config.py
[2021-12-07 11:50:43,844] {processor.py:171} INFO - Processing /Users/ballakeerthi/opt/anaconda3/lib/python3.8/site-packages/airflow/example_dags/example_kubernetes_executor_config.py took 0.606 seconds
[2021-12-07 11:54:10,856] {processor.py:163} INFO - Started process (PID=5610) to work on /Users/ballakeerthi/opt/anaconda3/lib/python3.8/site-packages/airflow/example_dags/example_kubernetes_executor_config.py
[2021-12-07 11:54:10,862] {processor.py:625} INFO - Processing file /Users/ballakeerthi/opt/anaconda3/lib/python3.8/site-packages/airflow/example_dags/example_kubernetes_executor_config.py for tasks to queue
[2021-12-07 11:54:10,863] {logging_mixin.py:109} INFO - [2021-12-07 11:54:10,863] {dagbag.py:500} INFO - Filling up the DagBag from /Users/ballakeerthi/opt/anaconda3/lib/python3.8/site-packages/airflow/example_dags/example_kubernetes_executor_config.py
[2021-12-07 11:54:10,881] {logging_mixin.py:109} INFO - [2021-12-07 11:54:10,880] {example_kubernetes_executor_config.py:171} WARNING - Could not import DAGs in example_kubernetes_executor_config.py: No module named 'kubernetes'
[2021-12-07 11:54:10,881] {logging_mixin.py:109} INFO - [2021-12-07 11:54:10,881] {example_kubernetes_executor_config.py:172} WARNING - Install kubernetes dependencies with: pip install apache-airflow['cncf.kubernetes']
[2021-12-07 11:54:10,901] {processor.py:639} WARNING - No viable dags retrieved from /Users/ballakeerthi/opt/anaconda3/lib/python3.8/site-packages/airflow/example_dags/example_kubernetes_executor_config.py
[2021-12-07 11:54:10,902] {processor.py:171} INFO - Processing /Users/ballakeerthi/opt/anaconda3/lib/python3.8/site-packages/airflow/example_dags/example_kubernetes_executor_config.py took 0.047 seconds
[2021-12-07 11:57:00,178] {processor.py:163} INFO - Started process (PID=5743) to work on /Users/ballakeerthi/opt/anaconda3/lib/python3.8/site-packages/airflow/example_dags/example_kubernetes_executor_config.py
[2021-12-07 11:57:00,183] {processor.py:625} INFO - Processing file /Users/ballakeerthi/opt/anaconda3/lib/python3.8/site-packages/airflow/example_dags/example_kubernetes_executor_config.py for tasks to queue
[2021-12-07 11:57:00,184] {logging_mixin.py:109} INFO - [2021-12-07 11:57:00,184] {dagbag.py:500} INFO - Filling up the DagBag from /Users/ballakeerthi/opt/anaconda3/lib/python3.8/site-packages/airflow/example_dags/example_kubernetes_executor_config.py
[2021-12-07 11:57:00,201] {logging_mixin.py:109} INFO - [2021-12-07 11:57:00,201] {example_kubernetes_executor_config.py:171} WARNING - Could not import DAGs in example_kubernetes_executor_config.py: No module named 'kubernetes'
[2021-12-07 11:57:00,201] {logging_mixin.py:109} INFO - [2021-12-07 11:57:00,201] {example_kubernetes_executor_config.py:172} WARNING - Install kubernetes dependencies with: pip install apache-airflow['cncf.kubernetes']
[2021-12-07 11:57:00,223] {processor.py:639} WARNING - No viable dags retrieved from /Users/ballakeerthi/opt/anaconda3/lib/python3.8/site-packages/airflow/example_dags/example_kubernetes_executor_config.py
[2021-12-07 11:57:00,225] {processor.py:171} INFO - Processing /Users/ballakeerthi/opt/anaconda3/lib/python3.8/site-packages/airflow/example_dags/example_kubernetes_executor_config.py took 0.048 seconds
[2021-12-07 12:00:00,983] {processor.py:163} INFO - Started process (PID=5870) to work on /Users/ballakeerthi/opt/anaconda3/lib/python3.8/site-packages/airflow/example_dags/example_kubernetes_executor_config.py
[2021-12-07 12:00:00,984] {processor.py:625} INFO - Processing file /Users/ballakeerthi/opt/anaconda3/lib/python3.8/site-packages/airflow/example_dags/example_kubernetes_executor_config.py for tasks to queue
[2021-12-07 12:00:00,985] {logging_mixin.py:109} INFO - [2021-12-07 12:00:00,985] {dagbag.py:500} INFO - Filling up the DagBag from /Users/ballakeerthi/opt/anaconda3/lib/python3.8/site-packages/airflow/example_dags/example_kubernetes_executor_config.py
[2021-12-07 12:00:01,001] {logging_mixin.py:109} INFO - [2021-12-07 12:00:01,001] {example_kubernetes_executor_config.py:171} WARNING - Could not import DAGs in example_kubernetes_executor_config.py: No module named 'kubernetes'
[2021-12-07 12:00:01,001] {logging_mixin.py:109} INFO - [2021-12-07 12:00:01,001] {example_kubernetes_executor_config.py:172} WARNING - Install kubernetes dependencies with: pip install apache-airflow['cncf.kubernetes']
[2021-12-07 12:00:01,020] {processor.py:639} WARNING - No viable dags retrieved from /Users/ballakeerthi/opt/anaconda3/lib/python3.8/site-packages/airflow/example_dags/example_kubernetes_executor_config.py
[2021-12-07 12:00:01,022] {processor.py:171} INFO - Processing /Users/ballakeerthi/opt/anaconda3/lib/python3.8/site-packages/airflow/example_dags/example_kubernetes_executor_config.py took 0.039 seconds
[2021-12-07 12:02:50,419] {processor.py:163} INFO - Started process (PID=5976) to work on /Users/ballakeerthi/opt/anaconda3/lib/python3.8/site-packages/airflow/example_dags/example_kubernetes_executor_config.py
[2021-12-07 12:02:50,421] {processor.py:625} INFO - Processing file /Users/ballakeerthi/opt/anaconda3/lib/python3.8/site-packages/airflow/example_dags/example_kubernetes_executor_config.py for tasks to queue
[2021-12-07 12:02:50,421] {logging_mixin.py:109} INFO - [2021-12-07 12:02:50,421] {dagbag.py:500} INFO - Filling up the DagBag from /Users/ballakeerthi/opt/anaconda3/lib/python3.8/site-packages/airflow/example_dags/example_kubernetes_executor_config.py
[2021-12-07 12:02:50,448] {logging_mixin.py:109} INFO - [2021-12-07 12:02:50,448] {example_kubernetes_executor_config.py:171} WARNING - Could not import DAGs in example_kubernetes_executor_config.py: No module named 'kubernetes'
[2021-12-07 12:02:50,448] {logging_mixin.py:109} INFO - [2021-12-07 12:02:50,448] {example_kubernetes_executor_config.py:172} WARNING - Install kubernetes dependencies with: pip install apache-airflow['cncf.kubernetes']
[2021-12-07 12:02:50,469] {processor.py:639} WARNING - No viable dags retrieved from /Users/ballakeerthi/opt/anaconda3/lib/python3.8/site-packages/airflow/example_dags/example_kubernetes_executor_config.py
[2021-12-07 12:02:50,470] {processor.py:171} INFO - Processing /Users/ballakeerthi/opt/anaconda3/lib/python3.8/site-packages/airflow/example_dags/example_kubernetes_executor_config.py took 0.052 seconds
[2021-12-07 12:06:07,544] {processor.py:163} INFO - Started process (PID=6097) to work on /Users/ballakeerthi/opt/anaconda3/lib/python3.8/site-packages/airflow/example_dags/example_kubernetes_executor_config.py
[2021-12-07 12:06:07,547] {processor.py:625} INFO - Processing file /Users/ballakeerthi/opt/anaconda3/lib/python3.8/site-packages/airflow/example_dags/example_kubernetes_executor_config.py for tasks to queue
[2021-12-07 12:06:07,547] {logging_mixin.py:109} INFO - [2021-12-07 12:06:07,547] {dagbag.py:500} INFO - Filling up the DagBag from /Users/ballakeerthi/opt/anaconda3/lib/python3.8/site-packages/airflow/example_dags/example_kubernetes_executor_config.py
[2021-12-07 12:06:07,563] {logging_mixin.py:109} INFO - [2021-12-07 12:06:07,563] {example_kubernetes_executor_config.py:171} WARNING - Could not import DAGs in example_kubernetes_executor_config.py: No module named 'kubernetes'
[2021-12-07 12:06:07,563] {logging_mixin.py:109} INFO - [2021-12-07 12:06:07,563] {example_kubernetes_executor_config.py:172} WARNING - Install kubernetes dependencies with: pip install apache-airflow['cncf.kubernetes']
[2021-12-07 12:06:07,583] {processor.py:639} WARNING - No viable dags retrieved from /Users/ballakeerthi/opt/anaconda3/lib/python3.8/site-packages/airflow/example_dags/example_kubernetes_executor_config.py
[2021-12-07 12:06:07,584] {processor.py:171} INFO - Processing /Users/ballakeerthi/opt/anaconda3/lib/python3.8/site-packages/airflow/example_dags/example_kubernetes_executor_config.py took 0.041 seconds
[2021-12-07 12:08:58,639] {processor.py:163} INFO - Started process (PID=6210) to work on /Users/ballakeerthi/opt/anaconda3/lib/python3.8/site-packages/airflow/example_dags/example_kubernetes_executor_config.py
[2021-12-07 12:08:58,641] {processor.py:625} INFO - Processing file /Users/ballakeerthi/opt/anaconda3/lib/python3.8/site-packages/airflow/example_dags/example_kubernetes_executor_config.py for tasks to queue
[2021-12-07 12:08:58,642] {logging_mixin.py:109} INFO - [2021-12-07 12:08:58,642] {dagbag.py:500} INFO - Filling up the DagBag from /Users/ballakeerthi/opt/anaconda3/lib/python3.8/site-packages/airflow/example_dags/example_kubernetes_executor_config.py
[2021-12-07 12:08:58,654] {logging_mixin.py:109} INFO - [2021-12-07 12:08:58,654] {example_kubernetes_executor_config.py:171} WARNING - Could not import DAGs in example_kubernetes_executor_config.py: No module named 'kubernetes'
[2021-12-07 12:08:58,654] {logging_mixin.py:109} INFO - [2021-12-07 12:08:58,654] {example_kubernetes_executor_config.py:172} WARNING - Install kubernetes dependencies with: pip install apache-airflow['cncf.kubernetes']
[2021-12-07 12:08:58,674] {processor.py:639} WARNING - No viable dags retrieved from /Users/ballakeerthi/opt/anaconda3/lib/python3.8/site-packages/airflow/example_dags/example_kubernetes_executor_config.py
[2021-12-07 12:08:58,676] {processor.py:171} INFO - Processing /Users/ballakeerthi/opt/anaconda3/lib/python3.8/site-packages/airflow/example_dags/example_kubernetes_executor_config.py took 0.037 seconds
[2021-12-07 12:11:51,927] {processor.py:163} INFO - Started process (PID=6320) to work on /Users/ballakeerthi/opt/anaconda3/lib/python3.8/site-packages/airflow/example_dags/example_kubernetes_executor_config.py
[2021-12-07 12:11:51,929] {processor.py:625} INFO - Processing file /Users/ballakeerthi/opt/anaconda3/lib/python3.8/site-packages/airflow/example_dags/example_kubernetes_executor_config.py for tasks to queue
[2021-12-07 12:11:51,930] {logging_mixin.py:109} INFO - [2021-12-07 12:11:51,930] {dagbag.py:500} INFO - Filling up the DagBag from /Users/ballakeerthi/opt/anaconda3/lib/python3.8/site-packages/airflow/example_dags/example_kubernetes_executor_config.py
[2021-12-07 12:11:51,951] {logging_mixin.py:109} INFO - [2021-12-07 12:11:51,951] {example_kubernetes_executor_config.py:171} WARNING - Could not import DAGs in example_kubernetes_executor_config.py: No module named 'kubernetes'
[2021-12-07 12:11:51,951] {logging_mixin.py:109} INFO - [2021-12-07 12:11:51,951] {example_kubernetes_executor_config.py:172} WARNING - Install kubernetes dependencies with: pip install apache-airflow['cncf.kubernetes']
[2021-12-07 12:11:51,971] {processor.py:639} WARNING - No viable dags retrieved from /Users/ballakeerthi/opt/anaconda3/lib/python3.8/site-packages/airflow/example_dags/example_kubernetes_executor_config.py
[2021-12-07 12:11:51,972] {processor.py:171} INFO - Processing /Users/ballakeerthi/opt/anaconda3/lib/python3.8/site-packages/airflow/example_dags/example_kubernetes_executor_config.py took 0.046 seconds
[2021-12-07 12:14:45,733] {processor.py:163} INFO - Started process (PID=6430) to work on /Users/ballakeerthi/opt/anaconda3/lib/python3.8/site-packages/airflow/example_dags/example_kubernetes_executor_config.py
[2021-12-07 12:14:45,739] {processor.py:625} INFO - Processing file /Users/ballakeerthi/opt/anaconda3/lib/python3.8/site-packages/airflow/example_dags/example_kubernetes_executor_config.py for tasks to queue
[2021-12-07 12:14:45,739] {logging_mixin.py:109} INFO - [2021-12-07 12:14:45,739] {dagbag.py:500} INFO - Filling up the DagBag from /Users/ballakeerthi/opt/anaconda3/lib/python3.8/site-packages/airflow/example_dags/example_kubernetes_executor_config.py
[2021-12-07 12:14:45,761] {logging_mixin.py:109} INFO - [2021-12-07 12:14:45,761] {example_kubernetes_executor_config.py:171} WARNING - Could not import DAGs in example_kubernetes_executor_config.py: No module named 'kubernetes'
[2021-12-07 12:14:45,761] {logging_mixin.py:109} INFO - [2021-12-07 12:14:45,761] {example_kubernetes_executor_config.py:172} WARNING - Install kubernetes dependencies with: pip install apache-airflow['cncf.kubernetes']
[2021-12-07 12:14:45,785] {processor.py:639} WARNING - No viable dags retrieved from /Users/ballakeerthi/opt/anaconda3/lib/python3.8/site-packages/airflow/example_dags/example_kubernetes_executor_config.py
[2021-12-07 12:14:45,787] {processor.py:171} INFO - Processing /Users/ballakeerthi/opt/anaconda3/lib/python3.8/site-packages/airflow/example_dags/example_kubernetes_executor_config.py took 0.055 seconds
[2021-12-07 12:17:43,724] {processor.py:163} INFO - Started process (PID=6541) to work on /Users/ballakeerthi/opt/anaconda3/lib/python3.8/site-packages/airflow/example_dags/example_kubernetes_executor_config.py
[2021-12-07 12:17:43,724] {processor.py:625} INFO - Processing file /Users/ballakeerthi/opt/anaconda3/lib/python3.8/site-packages/airflow/example_dags/example_kubernetes_executor_config.py for tasks to queue
[2021-12-07 12:17:43,725] {logging_mixin.py:109} INFO - [2021-12-07 12:17:43,725] {dagbag.py:500} INFO - Filling up the DagBag from /Users/ballakeerthi/opt/anaconda3/lib/python3.8/site-packages/airflow/example_dags/example_kubernetes_executor_config.py
[2021-12-07 12:17:43,742] {logging_mixin.py:109} INFO - [2021-12-07 12:17:43,742] {example_kubernetes_executor_config.py:171} WARNING - Could not import DAGs in example_kubernetes_executor_config.py: No module named 'kubernetes'
[2021-12-07 12:17:43,742] {logging_mixin.py:109} INFO - [2021-12-07 12:17:43,742] {example_kubernetes_executor_config.py:172} WARNING - Install kubernetes dependencies with: pip install apache-airflow['cncf.kubernetes']
[2021-12-07 12:17:43,766] {processor.py:639} WARNING - No viable dags retrieved from /Users/ballakeerthi/opt/anaconda3/lib/python3.8/site-packages/airflow/example_dags/example_kubernetes_executor_config.py
[2021-12-07 12:17:43,767] {processor.py:171} INFO - Processing /Users/ballakeerthi/opt/anaconda3/lib/python3.8/site-packages/airflow/example_dags/example_kubernetes_executor_config.py took 0.044 seconds
[2021-12-07 12:20:47,163] {processor.py:163} INFO - Started process (PID=6651) to work on /Users/ballakeerthi/opt/anaconda3/lib/python3.8/site-packages/airflow/example_dags/example_kubernetes_executor_config.py
[2021-12-07 12:20:47,168] {processor.py:625} INFO - Processing file /Users/ballakeerthi/opt/anaconda3/lib/python3.8/site-packages/airflow/example_dags/example_kubernetes_executor_config.py for tasks to queue
[2021-12-07 12:20:47,169] {logging_mixin.py:109} INFO - [2021-12-07 12:20:47,169] {dagbag.py:500} INFO - Filling up the DagBag from /Users/ballakeerthi/opt/anaconda3/lib/python3.8/site-packages/airflow/example_dags/example_kubernetes_executor_config.py
[2021-12-07 12:20:47,188] {logging_mixin.py:109} INFO - [2021-12-07 12:20:47,187] {example_kubernetes_executor_config.py:171} WARNING - Could not import DAGs in example_kubernetes_executor_config.py: No module named 'kubernetes'
[2021-12-07 12:20:47,188] {logging_mixin.py:109} INFO - [2021-12-07 12:20:47,188] {example_kubernetes_executor_config.py:172} WARNING - Install kubernetes dependencies with: pip install apache-airflow['cncf.kubernetes']
[2021-12-07 12:20:47,210] {processor.py:639} WARNING - No viable dags retrieved from /Users/ballakeerthi/opt/anaconda3/lib/python3.8/site-packages/airflow/example_dags/example_kubernetes_executor_config.py
[2021-12-07 12:20:47,211] {processor.py:171} INFO - Processing /Users/ballakeerthi/opt/anaconda3/lib/python3.8/site-packages/airflow/example_dags/example_kubernetes_executor_config.py took 0.049 seconds
[2021-12-07 12:23:34,987] {processor.py:163} INFO - Started process (PID=6761) to work on /Users/ballakeerthi/opt/anaconda3/lib/python3.8/site-packages/airflow/example_dags/example_kubernetes_executor_config.py
[2021-12-07 12:23:34,993] {processor.py:625} INFO - Processing file /Users/ballakeerthi/opt/anaconda3/lib/python3.8/site-packages/airflow/example_dags/example_kubernetes_executor_config.py for tasks to queue
[2021-12-07 12:23:34,994] {logging_mixin.py:109} INFO - [2021-12-07 12:23:34,994] {dagbag.py:500} INFO - Filling up the DagBag from /Users/ballakeerthi/opt/anaconda3/lib/python3.8/site-packages/airflow/example_dags/example_kubernetes_executor_config.py
[2021-12-07 12:23:35,011] {logging_mixin.py:109} INFO - [2021-12-07 12:23:35,011] {example_kubernetes_executor_config.py:171} WARNING - Could not import DAGs in example_kubernetes_executor_config.py: No module named 'kubernetes'
[2021-12-07 12:23:35,011] {logging_mixin.py:109} INFO - [2021-12-07 12:23:35,011] {example_kubernetes_executor_config.py:172} WARNING - Install kubernetes dependencies with: pip install apache-airflow['cncf.kubernetes']
[2021-12-07 12:23:35,031] {processor.py:639} WARNING - No viable dags retrieved from /Users/ballakeerthi/opt/anaconda3/lib/python3.8/site-packages/airflow/example_dags/example_kubernetes_executor_config.py
[2021-12-07 12:23:35,032] {processor.py:171} INFO - Processing /Users/ballakeerthi/opt/anaconda3/lib/python3.8/site-packages/airflow/example_dags/example_kubernetes_executor_config.py took 0.045 seconds
[2021-12-07 13:03:40,152] {processor.py:163} INFO - Started process (PID=6891) to work on /Users/ballakeerthi/opt/anaconda3/lib/python3.8/site-packages/airflow/example_dags/example_kubernetes_executor_config.py
[2021-12-07 13:03:40,153] {processor.py:625} INFO - Processing file /Users/ballakeerthi/opt/anaconda3/lib/python3.8/site-packages/airflow/example_dags/example_kubernetes_executor_config.py for tasks to queue
[2021-12-07 13:03:40,154] {logging_mixin.py:109} INFO - [2021-12-07 13:03:40,154] {dagbag.py:500} INFO - Filling up the DagBag from /Users/ballakeerthi/opt/anaconda3/lib/python3.8/site-packages/airflow/example_dags/example_kubernetes_executor_config.py
[2021-12-07 13:03:40,180] {logging_mixin.py:109} INFO - [2021-12-07 13:03:40,179] {example_kubernetes_executor_config.py:171} WARNING - Could not import DAGs in example_kubernetes_executor_config.py: No module named 'kubernetes'
[2021-12-07 13:03:40,180] {logging_mixin.py:109} INFO - [2021-12-07 13:03:40,180] {example_kubernetes_executor_config.py:172} WARNING - Install kubernetes dependencies with: pip install apache-airflow['cncf.kubernetes']
[2021-12-07 13:03:40,197] {processor.py:639} WARNING - No viable dags retrieved from /Users/ballakeerthi/opt/anaconda3/lib/python3.8/site-packages/airflow/example_dags/example_kubernetes_executor_config.py
[2021-12-07 13:03:40,199] {processor.py:171} INFO - Processing /Users/ballakeerthi/opt/anaconda3/lib/python3.8/site-packages/airflow/example_dags/example_kubernetes_executor_config.py took 0.047 seconds
[2021-12-07 13:25:07,016] {processor.py:163} INFO - Started process (PID=7000) to work on /Users/ballakeerthi/opt/anaconda3/lib/python3.8/site-packages/airflow/example_dags/example_kubernetes_executor_config.py
[2021-12-07 13:25:07,022] {processor.py:625} INFO - Processing file /Users/ballakeerthi/opt/anaconda3/lib/python3.8/site-packages/airflow/example_dags/example_kubernetes_executor_config.py for tasks to queue
[2021-12-07 13:25:07,023] {logging_mixin.py:109} INFO - [2021-12-07 13:25:07,022] {dagbag.py:500} INFO - Filling up the DagBag from /Users/ballakeerthi/opt/anaconda3/lib/python3.8/site-packages/airflow/example_dags/example_kubernetes_executor_config.py
[2021-12-07 13:25:07,040] {logging_mixin.py:109} INFO - [2021-12-07 13:25:07,040] {example_kubernetes_executor_config.py:171} WARNING - Could not import DAGs in example_kubernetes_executor_config.py: No module named 'kubernetes'
[2021-12-07 13:25:07,041] {logging_mixin.py:109} INFO - [2021-12-07 13:25:07,041] {example_kubernetes_executor_config.py:172} WARNING - Install kubernetes dependencies with: pip install apache-airflow['cncf.kubernetes']
[2021-12-07 13:25:07,057] {processor.py:639} WARNING - No viable dags retrieved from /Users/ballakeerthi/opt/anaconda3/lib/python3.8/site-packages/airflow/example_dags/example_kubernetes_executor_config.py
[2021-12-07 13:25:07,058] {processor.py:171} INFO - Processing /Users/ballakeerthi/opt/anaconda3/lib/python3.8/site-packages/airflow/example_dags/example_kubernetes_executor_config.py took 0.042 seconds
[2021-12-07 13:27:49,103] {processor.py:163} INFO - Started process (PID=7113) to work on /Users/ballakeerthi/opt/anaconda3/lib/python3.8/site-packages/airflow/example_dags/example_kubernetes_executor_config.py
[2021-12-07 13:27:49,104] {processor.py:625} INFO - Processing file /Users/ballakeerthi/opt/anaconda3/lib/python3.8/site-packages/airflow/example_dags/example_kubernetes_executor_config.py for tasks to queue
[2021-12-07 13:27:49,104] {logging_mixin.py:109} INFO - [2021-12-07 13:27:49,104] {dagbag.py:500} INFO - Filling up the DagBag from /Users/ballakeerthi/opt/anaconda3/lib/python3.8/site-packages/airflow/example_dags/example_kubernetes_executor_config.py
[2021-12-07 13:27:49,130] {logging_mixin.py:109} INFO - [2021-12-07 13:27:49,130] {example_kubernetes_executor_config.py:171} WARNING - Could not import DAGs in example_kubernetes_executor_config.py: No module named 'kubernetes'
[2021-12-07 13:27:49,130] {logging_mixin.py:109} INFO - [2021-12-07 13:27:49,130] {example_kubernetes_executor_config.py:172} WARNING - Install kubernetes dependencies with: pip install apache-airflow['cncf.kubernetes']
[2021-12-07 13:27:49,152] {processor.py:639} WARNING - No viable dags retrieved from /Users/ballakeerthi/opt/anaconda3/lib/python3.8/site-packages/airflow/example_dags/example_kubernetes_executor_config.py
[2021-12-07 13:27:49,153] {processor.py:171} INFO - Processing /Users/ballakeerthi/opt/anaconda3/lib/python3.8/site-packages/airflow/example_dags/example_kubernetes_executor_config.py took 0.051 seconds
[2021-12-07 13:30:08,416] {processor.py:163} INFO - Started process (PID=7218) to work on /Users/ballakeerthi/opt/anaconda3/lib/python3.8/site-packages/airflow/example_dags/example_kubernetes_executor_config.py
[2021-12-07 13:30:08,422] {processor.py:625} INFO - Processing file /Users/ballakeerthi/opt/anaconda3/lib/python3.8/site-packages/airflow/example_dags/example_kubernetes_executor_config.py for tasks to queue
[2021-12-07 13:30:08,423] {logging_mixin.py:109} INFO - [2021-12-07 13:30:08,422] {dagbag.py:500} INFO - Filling up the DagBag from /Users/ballakeerthi/opt/anaconda3/lib/python3.8/site-packages/airflow/example_dags/example_kubernetes_executor_config.py
[2021-12-07 13:30:08,441] {logging_mixin.py:109} INFO - [2021-12-07 13:30:08,441] {example_kubernetes_executor_config.py:171} WARNING - Could not import DAGs in example_kubernetes_executor_config.py: No module named 'kubernetes'
[2021-12-07 13:30:08,441] {logging_mixin.py:109} INFO - [2021-12-07 13:30:08,441] {example_kubernetes_executor_config.py:172} WARNING - Install kubernetes dependencies with: pip install apache-airflow['cncf.kubernetes']
[2021-12-07 13:30:08,458] {processor.py:639} WARNING - No viable dags retrieved from /Users/ballakeerthi/opt/anaconda3/lib/python3.8/site-packages/airflow/example_dags/example_kubernetes_executor_config.py
[2021-12-07 13:30:08,459] {processor.py:171} INFO - Processing /Users/ballakeerthi/opt/anaconda3/lib/python3.8/site-packages/airflow/example_dags/example_kubernetes_executor_config.py took 0.043 seconds
[2021-12-07 13:32:20,543] {processor.py:163} INFO - Started process (PID=7322) to work on /Users/ballakeerthi/opt/anaconda3/lib/python3.8/site-packages/airflow/example_dags/example_kubernetes_executor_config.py
[2021-12-07 13:32:20,544] {processor.py:625} INFO - Processing file /Users/ballakeerthi/opt/anaconda3/lib/python3.8/site-packages/airflow/example_dags/example_kubernetes_executor_config.py for tasks to queue
[2021-12-07 13:32:20,545] {logging_mixin.py:109} INFO - [2021-12-07 13:32:20,545] {dagbag.py:500} INFO - Filling up the DagBag from /Users/ballakeerthi/opt/anaconda3/lib/python3.8/site-packages/airflow/example_dags/example_kubernetes_executor_config.py
[2021-12-07 13:32:20,560] {logging_mixin.py:109} INFO - [2021-12-07 13:32:20,560] {example_kubernetes_executor_config.py:171} WARNING - Could not import DAGs in example_kubernetes_executor_config.py: No module named 'kubernetes'
[2021-12-07 13:32:20,560] {logging_mixin.py:109} INFO - [2021-12-07 13:32:20,560] {example_kubernetes_executor_config.py:172} WARNING - Install kubernetes dependencies with: pip install apache-airflow['cncf.kubernetes']
[2021-12-07 13:32:20,577] {processor.py:639} WARNING - No viable dags retrieved from /Users/ballakeerthi/opt/anaconda3/lib/python3.8/site-packages/airflow/example_dags/example_kubernetes_executor_config.py
[2021-12-07 13:32:20,578] {processor.py:171} INFO - Processing /Users/ballakeerthi/opt/anaconda3/lib/python3.8/site-packages/airflow/example_dags/example_kubernetes_executor_config.py took 0.035 seconds
[2021-12-07 13:35:19,110] {processor.py:163} INFO - Started process (PID=7488) to work on /Users/ballakeerthi/opt/anaconda3/lib/python3.8/site-packages/airflow/example_dags/example_kubernetes_executor_config.py
[2021-12-07 13:35:19,111] {processor.py:625} INFO - Processing file /Users/ballakeerthi/opt/anaconda3/lib/python3.8/site-packages/airflow/example_dags/example_kubernetes_executor_config.py for tasks to queue
[2021-12-07 13:35:19,111] {logging_mixin.py:109} INFO - [2021-12-07 13:35:19,111] {dagbag.py:500} INFO - Filling up the DagBag from /Users/ballakeerthi/opt/anaconda3/lib/python3.8/site-packages/airflow/example_dags/example_kubernetes_executor_config.py
[2021-12-07 13:35:19,131] {logging_mixin.py:109} INFO - [2021-12-07 13:35:19,131] {example_kubernetes_executor_config.py:171} WARNING - Could not import DAGs in example_kubernetes_executor_config.py: No module named 'kubernetes'
[2021-12-07 13:35:19,131] {logging_mixin.py:109} INFO - [2021-12-07 13:35:19,131] {example_kubernetes_executor_config.py:172} WARNING - Install kubernetes dependencies with: pip install apache-airflow['cncf.kubernetes']
[2021-12-07 13:35:19,153] {processor.py:639} WARNING - No viable dags retrieved from /Users/ballakeerthi/opt/anaconda3/lib/python3.8/site-packages/airflow/example_dags/example_kubernetes_executor_config.py
[2021-12-07 13:35:19,155] {processor.py:171} INFO - Processing /Users/ballakeerthi/opt/anaconda3/lib/python3.8/site-packages/airflow/example_dags/example_kubernetes_executor_config.py took 0.045 seconds
[2021-12-07 13:38:06,200] {processor.py:163} INFO - Started process (PID=7624) to work on /Users/ballakeerthi/opt/anaconda3/lib/python3.8/site-packages/airflow/example_dags/example_kubernetes_executor_config.py
[2021-12-07 13:38:06,200] {processor.py:625} INFO - Processing file /Users/ballakeerthi/opt/anaconda3/lib/python3.8/site-packages/airflow/example_dags/example_kubernetes_executor_config.py for tasks to queue
[2021-12-07 13:38:06,201] {logging_mixin.py:109} INFO - [2021-12-07 13:38:06,201] {dagbag.py:500} INFO - Filling up the DagBag from /Users/ballakeerthi/opt/anaconda3/lib/python3.8/site-packages/airflow/example_dags/example_kubernetes_executor_config.py
[2021-12-07 13:38:06,220] {logging_mixin.py:109} INFO - [2021-12-07 13:38:06,220] {example_kubernetes_executor_config.py:171} WARNING - Could not import DAGs in example_kubernetes_executor_config.py: No module named 'kubernetes'
[2021-12-07 13:38:06,220] {logging_mixin.py:109} INFO - [2021-12-07 13:38:06,220] {example_kubernetes_executor_config.py:172} WARNING - Install kubernetes dependencies with: pip install apache-airflow['cncf.kubernetes']
[2021-12-07 13:38:06,238] {processor.py:639} WARNING - No viable dags retrieved from /Users/ballakeerthi/opt/anaconda3/lib/python3.8/site-packages/airflow/example_dags/example_kubernetes_executor_config.py
[2021-12-07 13:38:06,240] {processor.py:171} INFO - Processing /Users/ballakeerthi/opt/anaconda3/lib/python3.8/site-packages/airflow/example_dags/example_kubernetes_executor_config.py took 0.041 seconds
[2021-12-07 13:39:56,565] {processor.py:163} INFO - Started process (PID=7743) to work on /Users/ballakeerthi/opt/anaconda3/lib/python3.8/site-packages/airflow/example_dags/example_kubernetes_executor_config.py
[2021-12-07 13:39:56,567] {processor.py:625} INFO - Processing file /Users/ballakeerthi/opt/anaconda3/lib/python3.8/site-packages/airflow/example_dags/example_kubernetes_executor_config.py for tasks to queue
[2021-12-07 13:39:56,568] {logging_mixin.py:109} INFO - [2021-12-07 13:39:56,568] {dagbag.py:500} INFO - Filling up the DagBag from /Users/ballakeerthi/opt/anaconda3/lib/python3.8/site-packages/airflow/example_dags/example_kubernetes_executor_config.py
[2021-12-07 13:39:56,585] {logging_mixin.py:109} INFO - [2021-12-07 13:39:56,584] {example_kubernetes_executor_config.py:171} WARNING - Could not import DAGs in example_kubernetes_executor_config.py: No module named 'kubernetes'
[2021-12-07 13:39:56,585] {logging_mixin.py:109} INFO - [2021-12-07 13:39:56,585] {example_kubernetes_executor_config.py:172} WARNING - Install kubernetes dependencies with: pip install apache-airflow['cncf.kubernetes']
[2021-12-07 13:39:56,603] {processor.py:639} WARNING - No viable dags retrieved from /Users/ballakeerthi/opt/anaconda3/lib/python3.8/site-packages/airflow/example_dags/example_kubernetes_executor_config.py
[2021-12-07 13:39:56,604] {processor.py:171} INFO - Processing /Users/ballakeerthi/opt/anaconda3/lib/python3.8/site-packages/airflow/example_dags/example_kubernetes_executor_config.py took 0.040 seconds
[2021-12-07 13:42:32,830] {processor.py:163} INFO - Started process (PID=7864) to work on /Users/ballakeerthi/opt/anaconda3/lib/python3.8/site-packages/airflow/example_dags/example_kubernetes_executor_config.py
[2021-12-07 13:42:32,833] {processor.py:625} INFO - Processing file /Users/ballakeerthi/opt/anaconda3/lib/python3.8/site-packages/airflow/example_dags/example_kubernetes_executor_config.py for tasks to queue
[2021-12-07 13:42:32,833] {logging_mixin.py:109} INFO - [2021-12-07 13:42:32,833] {dagbag.py:500} INFO - Filling up the DagBag from /Users/ballakeerthi/opt/anaconda3/lib/python3.8/site-packages/airflow/example_dags/example_kubernetes_executor_config.py
[2021-12-07 13:42:32,860] {logging_mixin.py:109} INFO - [2021-12-07 13:42:32,860] {example_kubernetes_executor_config.py:171} WARNING - Could not import DAGs in example_kubernetes_executor_config.py: No module named 'kubernetes'
[2021-12-07 13:42:32,860] {logging_mixin.py:109} INFO - [2021-12-07 13:42:32,860] {example_kubernetes_executor_config.py:172} WARNING - Install kubernetes dependencies with: pip install apache-airflow['cncf.kubernetes']
[2021-12-07 13:42:32,878] {processor.py:639} WARNING - No viable dags retrieved from /Users/ballakeerthi/opt/anaconda3/lib/python3.8/site-packages/airflow/example_dags/example_kubernetes_executor_config.py
[2021-12-07 13:42:32,879] {processor.py:171} INFO - Processing /Users/ballakeerthi/opt/anaconda3/lib/python3.8/site-packages/airflow/example_dags/example_kubernetes_executor_config.py took 0.050 seconds
