[2021-12-07 10:56:41,069] {processor.py:163} INFO - Started process (PID=2715) to work on /Users/ballakeerthi/opt/anaconda3/envs/airflow/lib/python3.9/site-packages/airflow/example_dags/example_branch_datetime_operator.py
[2021-12-07 10:56:41,070] {processor.py:625} INFO - Processing file /Users/ballakeerthi/opt/anaconda3/envs/airflow/lib/python3.9/site-packages/airflow/example_dags/example_branch_datetime_operator.py for tasks to queue
[2021-12-07 10:56:41,072] {logging_mixin.py:109} INFO - [2021-12-07 10:56:41,072] {dagbag.py:500} INFO - Filling up the DagBag from /Users/ballakeerthi/opt/anaconda3/envs/airflow/lib/python3.9/site-packages/airflow/example_dags/example_branch_datetime_operator.py
[2021-12-07 10:56:41,109] {processor.py:637} INFO - DAG(s) dict_keys(['example_branch_datetime_operator_2']) retrieved from /Users/ballakeerthi/opt/anaconda3/envs/airflow/lib/python3.9/site-packages/airflow/example_dags/example_branch_datetime_operator.py
[2021-12-07 10:56:41,123] {logging_mixin.py:109} INFO - [2021-12-07 10:56:41,123] {dag.py:2396} INFO - Sync 1 DAGs
[2021-12-07 10:56:41,132] {logging_mixin.py:109} INFO - [2021-12-07 10:56:41,132] {dag.py:2928} INFO - Setting next_dagrun for example_branch_datetime_operator_2 to 2021-12-06 00:00:00+00:00
[2021-12-07 10:56:41,141] {processor.py:171} INFO - Processing /Users/ballakeerthi/opt/anaconda3/envs/airflow/lib/python3.9/site-packages/airflow/example_dags/example_branch_datetime_operator.py took 0.073 seconds
[2021-12-07 10:59:31,201] {processor.py:163} INFO - Started process (PID=3032) to work on /Users/ballakeerthi/opt/anaconda3/envs/airflow/lib/python3.9/site-packages/airflow/example_dags/example_branch_datetime_operator.py
[2021-12-07 10:59:31,202] {processor.py:625} INFO - Processing file /Users/ballakeerthi/opt/anaconda3/envs/airflow/lib/python3.9/site-packages/airflow/example_dags/example_branch_datetime_operator.py for tasks to queue
[2021-12-07 10:59:31,205] {logging_mixin.py:109} INFO - [2021-12-07 10:59:31,205] {dagbag.py:500} INFO - Filling up the DagBag from /Users/ballakeerthi/opt/anaconda3/envs/airflow/lib/python3.9/site-packages/airflow/example_dags/example_branch_datetime_operator.py
[2021-12-07 10:59:31,293] {processor.py:637} INFO - DAG(s) dict_keys(['example_branch_datetime_operator_2']) retrieved from /Users/ballakeerthi/opt/anaconda3/envs/airflow/lib/python3.9/site-packages/airflow/example_dags/example_branch_datetime_operator.py
[2021-12-07 10:59:31,325] {logging_mixin.py:109} INFO - [2021-12-07 10:59:31,324] {dag.py:2396} INFO - Sync 1 DAGs
[2021-12-07 10:59:31,355] {logging_mixin.py:109} INFO - [2021-12-07 10:59:31,355] {dag.py:2928} INFO - Setting next_dagrun for example_branch_datetime_operator_2 to 2021-12-06 00:00:00+00:00
[2021-12-07 10:59:31,376] {processor.py:171} INFO - Processing /Users/ballakeerthi/opt/anaconda3/envs/airflow/lib/python3.9/site-packages/airflow/example_dags/example_branch_datetime_operator.py took 0.176 seconds
[2021-12-07 11:02:32,265] {processor.py:163} INFO - Started process (PID=3297) to work on /Users/ballakeerthi/opt/anaconda3/envs/airflow/lib/python3.9/site-packages/airflow/example_dags/example_branch_datetime_operator.py
[2021-12-07 11:02:32,266] {processor.py:625} INFO - Processing file /Users/ballakeerthi/opt/anaconda3/envs/airflow/lib/python3.9/site-packages/airflow/example_dags/example_branch_datetime_operator.py for tasks to queue
[2021-12-07 11:02:32,267] {logging_mixin.py:109} INFO - [2021-12-07 11:02:32,267] {dagbag.py:500} INFO - Filling up the DagBag from /Users/ballakeerthi/opt/anaconda3/envs/airflow/lib/python3.9/site-packages/airflow/example_dags/example_branch_datetime_operator.py
[2021-12-07 11:02:32,295] {processor.py:637} INFO - DAG(s) dict_keys(['example_branch_datetime_operator_2']) retrieved from /Users/ballakeerthi/opt/anaconda3/envs/airflow/lib/python3.9/site-packages/airflow/example_dags/example_branch_datetime_operator.py
[2021-12-07 11:02:32,310] {logging_mixin.py:109} INFO - [2021-12-07 11:02:32,310] {dag.py:2396} INFO - Sync 1 DAGs
[2021-12-07 11:02:32,321] {logging_mixin.py:109} INFO - [2021-12-07 11:02:32,321] {dag.py:2928} INFO - Setting next_dagrun for example_branch_datetime_operator_2 to 2021-12-06 00:00:00+00:00
[2021-12-07 11:02:32,327] {processor.py:171} INFO - Processing /Users/ballakeerthi/opt/anaconda3/envs/airflow/lib/python3.9/site-packages/airflow/example_dags/example_branch_datetime_operator.py took 0.062 seconds
[2021-12-07 11:05:11,852] {processor.py:163} INFO - Started process (PID=3511) to work on /Users/ballakeerthi/opt/anaconda3/envs/airflow/lib/python3.9/site-packages/airflow/example_dags/example_branch_datetime_operator.py
[2021-12-07 11:05:11,854] {processor.py:625} INFO - Processing file /Users/ballakeerthi/opt/anaconda3/envs/airflow/lib/python3.9/site-packages/airflow/example_dags/example_branch_datetime_operator.py for tasks to queue
[2021-12-07 11:05:11,856] {logging_mixin.py:109} INFO - [2021-12-07 11:05:11,856] {dagbag.py:500} INFO - Filling up the DagBag from /Users/ballakeerthi/opt/anaconda3/envs/airflow/lib/python3.9/site-packages/airflow/example_dags/example_branch_datetime_operator.py
[2021-12-07 11:05:11,888] {processor.py:637} INFO - DAG(s) dict_keys(['example_branch_datetime_operator_2']) retrieved from /Users/ballakeerthi/opt/anaconda3/envs/airflow/lib/python3.9/site-packages/airflow/example_dags/example_branch_datetime_operator.py
[2021-12-07 11:05:11,902] {logging_mixin.py:109} INFO - [2021-12-07 11:05:11,902] {dag.py:2396} INFO - Sync 1 DAGs
[2021-12-07 11:05:11,911] {logging_mixin.py:109} INFO - [2021-12-07 11:05:11,911] {dag.py:2928} INFO - Setting next_dagrun for example_branch_datetime_operator_2 to 2021-12-06 00:00:00+00:00
[2021-12-07 11:05:11,917] {processor.py:171} INFO - Processing /Users/ballakeerthi/opt/anaconda3/envs/airflow/lib/python3.9/site-packages/airflow/example_dags/example_branch_datetime_operator.py took 0.066 seconds
[2021-12-07 11:09:38,687] {processor.py:163} INFO - Started process (PID=3637) to work on /Users/ballakeerthi/opt/anaconda3/lib/python3.8/site-packages/airflow/example_dags/example_branch_datetime_operator.py
[2021-12-07 11:09:38,692] {processor.py:625} INFO - Processing file /Users/ballakeerthi/opt/anaconda3/lib/python3.8/site-packages/airflow/example_dags/example_branch_datetime_operator.py for tasks to queue
[2021-12-07 11:09:38,693] {logging_mixin.py:109} INFO - [2021-12-07 11:09:38,693] {dagbag.py:500} INFO - Filling up the DagBag from /Users/ballakeerthi/opt/anaconda3/lib/python3.8/site-packages/airflow/example_dags/example_branch_datetime_operator.py
[2021-12-07 11:09:38,722] {processor.py:637} INFO - DAG(s) dict_keys(['example_branch_datetime_operator_2']) retrieved from /Users/ballakeerthi/opt/anaconda3/lib/python3.8/site-packages/airflow/example_dags/example_branch_datetime_operator.py
[2021-12-07 11:09:38,925] {logging_mixin.py:109} INFO - [2021-12-07 11:09:38,924] {dag.py:2396} INFO - Sync 1 DAGs
[2021-12-07 11:09:38,932] {logging_mixin.py:109} INFO - [2021-12-07 11:09:38,932] {dag.py:2928} INFO - Setting next_dagrun for example_branch_datetime_operator_2 to 2021-12-06 00:00:00+00:00
[2021-12-07 11:09:38,949] {processor.py:171} INFO - Processing /Users/ballakeerthi/opt/anaconda3/lib/python3.8/site-packages/airflow/example_dags/example_branch_datetime_operator.py took 0.262 seconds
[2021-12-07 11:12:38,747] {processor.py:163} INFO - Started process (PID=3769) to work on /Users/ballakeerthi/opt/anaconda3/lib/python3.8/site-packages/airflow/example_dags/example_branch_datetime_operator.py
[2021-12-07 11:12:38,750] {processor.py:625} INFO - Processing file /Users/ballakeerthi/opt/anaconda3/lib/python3.8/site-packages/airflow/example_dags/example_branch_datetime_operator.py for tasks to queue
[2021-12-07 11:12:38,750] {logging_mixin.py:109} INFO - [2021-12-07 11:12:38,750] {dagbag.py:500} INFO - Filling up the DagBag from /Users/ballakeerthi/opt/anaconda3/lib/python3.8/site-packages/airflow/example_dags/example_branch_datetime_operator.py
[2021-12-07 11:12:38,779] {processor.py:637} INFO - DAG(s) dict_keys(['example_branch_datetime_operator_2']) retrieved from /Users/ballakeerthi/opt/anaconda3/lib/python3.8/site-packages/airflow/example_dags/example_branch_datetime_operator.py
[2021-12-07 11:12:38,793] {logging_mixin.py:109} INFO - [2021-12-07 11:12:38,793] {dag.py:2396} INFO - Sync 1 DAGs
[2021-12-07 11:12:38,801] {logging_mixin.py:109} INFO - [2021-12-07 11:12:38,801] {dag.py:2928} INFO - Setting next_dagrun for example_branch_datetime_operator_2 to 2021-12-06 00:00:00+00:00
[2021-12-07 11:12:38,810] {processor.py:171} INFO - Processing /Users/ballakeerthi/opt/anaconda3/lib/python3.8/site-packages/airflow/example_dags/example_branch_datetime_operator.py took 0.063 seconds
[2021-12-07 11:15:26,950] {processor.py:163} INFO - Started process (PID=3892) to work on /Users/ballakeerthi/opt/anaconda3/lib/python3.8/site-packages/airflow/example_dags/example_branch_datetime_operator.py
[2021-12-07 11:15:26,955] {processor.py:625} INFO - Processing file /Users/ballakeerthi/opt/anaconda3/lib/python3.8/site-packages/airflow/example_dags/example_branch_datetime_operator.py for tasks to queue
[2021-12-07 11:15:26,956] {logging_mixin.py:109} INFO - [2021-12-07 11:15:26,956] {dagbag.py:500} INFO - Filling up the DagBag from /Users/ballakeerthi/opt/anaconda3/lib/python3.8/site-packages/airflow/example_dags/example_branch_datetime_operator.py
[2021-12-07 11:15:26,986] {processor.py:637} INFO - DAG(s) dict_keys(['example_branch_datetime_operator_2']) retrieved from /Users/ballakeerthi/opt/anaconda3/lib/python3.8/site-packages/airflow/example_dags/example_branch_datetime_operator.py
[2021-12-07 11:15:27,002] {logging_mixin.py:109} INFO - [2021-12-07 11:15:27,000] {dag.py:2396} INFO - Sync 1 DAGs
[2021-12-07 11:15:27,013] {logging_mixin.py:109} INFO - [2021-12-07 11:15:27,013] {dag.py:2928} INFO - Setting next_dagrun for example_branch_datetime_operator_2 to 2021-12-06 00:00:00+00:00
[2021-12-07 11:15:27,021] {processor.py:171} INFO - Processing /Users/ballakeerthi/opt/anaconda3/lib/python3.8/site-packages/airflow/example_dags/example_branch_datetime_operator.py took 0.072 seconds
[2021-12-07 11:18:01,897] {processor.py:163} INFO - Started process (PID=4000) to work on /Users/ballakeerthi/opt/anaconda3/lib/python3.8/site-packages/airflow/example_dags/example_branch_datetime_operator.py
[2021-12-07 11:18:01,897] {processor.py:625} INFO - Processing file /Users/ballakeerthi/opt/anaconda3/lib/python3.8/site-packages/airflow/example_dags/example_branch_datetime_operator.py for tasks to queue
[2021-12-07 11:18:01,897] {logging_mixin.py:109} INFO - [2021-12-07 11:18:01,897] {dagbag.py:500} INFO - Filling up the DagBag from /Users/ballakeerthi/opt/anaconda3/lib/python3.8/site-packages/airflow/example_dags/example_branch_datetime_operator.py
[2021-12-07 11:18:01,926] {processor.py:637} INFO - DAG(s) dict_keys(['example_branch_datetime_operator_2']) retrieved from /Users/ballakeerthi/opt/anaconda3/lib/python3.8/site-packages/airflow/example_dags/example_branch_datetime_operator.py
[2021-12-07 11:18:01,942] {logging_mixin.py:109} INFO - [2021-12-07 11:18:01,941] {dag.py:2396} INFO - Sync 1 DAGs
[2021-12-07 11:18:01,951] {logging_mixin.py:109} INFO - [2021-12-07 11:18:01,951] {dag.py:2928} INFO - Setting next_dagrun for example_branch_datetime_operator_2 to 2021-12-06 00:00:00+00:00
[2021-12-07 11:18:01,960] {processor.py:171} INFO - Processing /Users/ballakeerthi/opt/anaconda3/lib/python3.8/site-packages/airflow/example_dags/example_branch_datetime_operator.py took 0.064 seconds
[2021-12-07 11:20:45,459] {processor.py:163} INFO - Started process (PID=4134) to work on /Users/ballakeerthi/opt/anaconda3/lib/python3.8/site-packages/airflow/example_dags/example_branch_datetime_operator.py
[2021-12-07 11:20:45,459] {processor.py:625} INFO - Processing file /Users/ballakeerthi/opt/anaconda3/lib/python3.8/site-packages/airflow/example_dags/example_branch_datetime_operator.py for tasks to queue
[2021-12-07 11:20:45,460] {logging_mixin.py:109} INFO - [2021-12-07 11:20:45,460] {dagbag.py:500} INFO - Filling up the DagBag from /Users/ballakeerthi/opt/anaconda3/lib/python3.8/site-packages/airflow/example_dags/example_branch_datetime_operator.py
[2021-12-07 11:20:45,489] {processor.py:637} INFO - DAG(s) dict_keys(['example_branch_datetime_operator_2']) retrieved from /Users/ballakeerthi/opt/anaconda3/lib/python3.8/site-packages/airflow/example_dags/example_branch_datetime_operator.py
[2021-12-07 11:20:45,506] {logging_mixin.py:109} INFO - [2021-12-07 11:20:45,505] {dag.py:2396} INFO - Sync 1 DAGs
[2021-12-07 11:20:45,514] {logging_mixin.py:109} INFO - [2021-12-07 11:20:45,514] {dag.py:2928} INFO - Setting next_dagrun for example_branch_datetime_operator_2 to 2021-12-06 00:00:00+00:00
[2021-12-07 11:20:45,520] {processor.py:171} INFO - Processing /Users/ballakeerthi/opt/anaconda3/lib/python3.8/site-packages/airflow/example_dags/example_branch_datetime_operator.py took 0.062 seconds
[2021-12-07 11:23:32,019] {processor.py:163} INFO - Started process (PID=4277) to work on /Users/ballakeerthi/opt/anaconda3/lib/python3.8/site-packages/airflow/example_dags/example_branch_datetime_operator.py
[2021-12-07 11:23:32,025] {processor.py:625} INFO - Processing file /Users/ballakeerthi/opt/anaconda3/lib/python3.8/site-packages/airflow/example_dags/example_branch_datetime_operator.py for tasks to queue
[2021-12-07 11:23:32,026] {logging_mixin.py:109} INFO - [2021-12-07 11:23:32,026] {dagbag.py:500} INFO - Filling up the DagBag from /Users/ballakeerthi/opt/anaconda3/lib/python3.8/site-packages/airflow/example_dags/example_branch_datetime_operator.py
[2021-12-07 11:23:32,055] {processor.py:637} INFO - DAG(s) dict_keys(['example_branch_datetime_operator_2']) retrieved from /Users/ballakeerthi/opt/anaconda3/lib/python3.8/site-packages/airflow/example_dags/example_branch_datetime_operator.py
[2021-12-07 11:23:32,069] {logging_mixin.py:109} INFO - [2021-12-07 11:23:32,068] {dag.py:2396} INFO - Sync 1 DAGs
[2021-12-07 11:23:32,077] {logging_mixin.py:109} INFO - [2021-12-07 11:23:32,077] {dag.py:2928} INFO - Setting next_dagrun for example_branch_datetime_operator_2 to 2021-12-06 00:00:00+00:00
[2021-12-07 11:23:32,085] {processor.py:171} INFO - Processing /Users/ballakeerthi/opt/anaconda3/lib/python3.8/site-packages/airflow/example_dags/example_branch_datetime_operator.py took 0.066 seconds
[2021-12-07 11:26:25,981] {processor.py:163} INFO - Started process (PID=4398) to work on /Users/ballakeerthi/opt/anaconda3/lib/python3.8/site-packages/airflow/example_dags/example_branch_datetime_operator.py
[2021-12-07 11:26:25,988] {processor.py:625} INFO - Processing file /Users/ballakeerthi/opt/anaconda3/lib/python3.8/site-packages/airflow/example_dags/example_branch_datetime_operator.py for tasks to queue
[2021-12-07 11:26:25,988] {logging_mixin.py:109} INFO - [2021-12-07 11:26:25,988] {dagbag.py:500} INFO - Filling up the DagBag from /Users/ballakeerthi/opt/anaconda3/lib/python3.8/site-packages/airflow/example_dags/example_branch_datetime_operator.py
[2021-12-07 11:26:26,023] {processor.py:637} INFO - DAG(s) dict_keys(['example_branch_datetime_operator_2']) retrieved from /Users/ballakeerthi/opt/anaconda3/lib/python3.8/site-packages/airflow/example_dags/example_branch_datetime_operator.py
[2021-12-07 11:26:26,038] {logging_mixin.py:109} INFO - [2021-12-07 11:26:26,037] {dag.py:2396} INFO - Sync 1 DAGs
[2021-12-07 11:26:26,048] {logging_mixin.py:109} INFO - [2021-12-07 11:26:26,048] {dag.py:2928} INFO - Setting next_dagrun for example_branch_datetime_operator_2 to 2021-12-06 00:00:00+00:00
[2021-12-07 11:26:26,057] {processor.py:171} INFO - Processing /Users/ballakeerthi/opt/anaconda3/lib/python3.8/site-packages/airflow/example_dags/example_branch_datetime_operator.py took 0.076 seconds
[2021-12-07 11:29:25,116] {processor.py:163} INFO - Started process (PID=4531) to work on /Users/ballakeerthi/opt/anaconda3/lib/python3.8/site-packages/airflow/example_dags/example_branch_datetime_operator.py
[2021-12-07 11:29:25,122] {processor.py:625} INFO - Processing file /Users/ballakeerthi/opt/anaconda3/lib/python3.8/site-packages/airflow/example_dags/example_branch_datetime_operator.py for tasks to queue
[2021-12-07 11:29:25,122] {logging_mixin.py:109} INFO - [2021-12-07 11:29:25,122] {dagbag.py:500} INFO - Filling up the DagBag from /Users/ballakeerthi/opt/anaconda3/lib/python3.8/site-packages/airflow/example_dags/example_branch_datetime_operator.py
[2021-12-07 11:29:25,153] {processor.py:637} INFO - DAG(s) dict_keys(['example_branch_datetime_operator_2']) retrieved from /Users/ballakeerthi/opt/anaconda3/lib/python3.8/site-packages/airflow/example_dags/example_branch_datetime_operator.py
[2021-12-07 11:29:25,168] {logging_mixin.py:109} INFO - [2021-12-07 11:29:25,167] {dag.py:2396} INFO - Sync 1 DAGs
[2021-12-07 11:29:25,176] {logging_mixin.py:109} INFO - [2021-12-07 11:29:25,176] {dag.py:2928} INFO - Setting next_dagrun for example_branch_datetime_operator_2 to 2021-12-06 00:00:00+00:00
[2021-12-07 11:29:25,184] {processor.py:171} INFO - Processing /Users/ballakeerthi/opt/anaconda3/lib/python3.8/site-packages/airflow/example_dags/example_branch_datetime_operator.py took 0.069 seconds
[2021-12-07 11:32:48,873] {processor.py:163} INFO - Started process (PID=4796) to work on /Users/ballakeerthi/opt/anaconda3/lib/python3.8/site-packages/airflow/example_dags/example_branch_datetime_operator.py
[2021-12-07 11:32:48,876] {processor.py:625} INFO - Processing file /Users/ballakeerthi/opt/anaconda3/lib/python3.8/site-packages/airflow/example_dags/example_branch_datetime_operator.py for tasks to queue
[2021-12-07 11:32:48,876] {logging_mixin.py:109} INFO - [2021-12-07 11:32:48,876] {dagbag.py:500} INFO - Filling up the DagBag from /Users/ballakeerthi/opt/anaconda3/lib/python3.8/site-packages/airflow/example_dags/example_branch_datetime_operator.py
[2021-12-07 11:32:48,925] {processor.py:637} INFO - DAG(s) dict_keys(['example_branch_datetime_operator_2']) retrieved from /Users/ballakeerthi/opt/anaconda3/lib/python3.8/site-packages/airflow/example_dags/example_branch_datetime_operator.py
[2021-12-07 11:32:48,947] {logging_mixin.py:109} INFO - [2021-12-07 11:32:48,945] {dag.py:2396} INFO - Sync 1 DAGs
[2021-12-07 11:32:48,957] {logging_mixin.py:109} INFO - [2021-12-07 11:32:48,957] {dag.py:2928} INFO - Setting next_dagrun for example_branch_datetime_operator_2 to 2021-12-06 00:00:00+00:00
[2021-12-07 11:32:48,965] {processor.py:171} INFO - Processing /Users/ballakeerthi/opt/anaconda3/lib/python3.8/site-packages/airflow/example_dags/example_branch_datetime_operator.py took 0.093 seconds
[2021-12-07 11:36:01,383] {processor.py:163} INFO - Started process (PID=4927) to work on /Users/ballakeerthi/opt/anaconda3/lib/python3.8/site-packages/airflow/example_dags/example_branch_datetime_operator.py
[2021-12-07 11:36:01,388] {processor.py:625} INFO - Processing file /Users/ballakeerthi/opt/anaconda3/lib/python3.8/site-packages/airflow/example_dags/example_branch_datetime_operator.py for tasks to queue
[2021-12-07 11:36:01,389] {logging_mixin.py:109} INFO - [2021-12-07 11:36:01,389] {dagbag.py:500} INFO - Filling up the DagBag from /Users/ballakeerthi/opt/anaconda3/lib/python3.8/site-packages/airflow/example_dags/example_branch_datetime_operator.py
[2021-12-07 11:36:01,419] {processor.py:637} INFO - DAG(s) dict_keys(['example_branch_datetime_operator_2']) retrieved from /Users/ballakeerthi/opt/anaconda3/lib/python3.8/site-packages/airflow/example_dags/example_branch_datetime_operator.py
[2021-12-07 11:36:01,434] {logging_mixin.py:109} INFO - [2021-12-07 11:36:01,433] {dag.py:2396} INFO - Sync 1 DAGs
[2021-12-07 11:36:01,442] {logging_mixin.py:109} INFO - [2021-12-07 11:36:01,442] {dag.py:2928} INFO - Setting next_dagrun for example_branch_datetime_operator_2 to 2021-12-06 00:00:00+00:00
[2021-12-07 11:36:01,451] {processor.py:171} INFO - Processing /Users/ballakeerthi/opt/anaconda3/lib/python3.8/site-packages/airflow/example_dags/example_branch_datetime_operator.py took 0.069 seconds
[2021-12-07 11:39:26,761] {processor.py:163} INFO - Started process (PID=5057) to work on /Users/ballakeerthi/opt/anaconda3/lib/python3.8/site-packages/airflow/example_dags/example_branch_datetime_operator.py
[2021-12-07 11:39:26,761] {processor.py:625} INFO - Processing file /Users/ballakeerthi/opt/anaconda3/lib/python3.8/site-packages/airflow/example_dags/example_branch_datetime_operator.py for tasks to queue
[2021-12-07 11:39:26,762] {logging_mixin.py:109} INFO - [2021-12-07 11:39:26,762] {dagbag.py:500} INFO - Filling up the DagBag from /Users/ballakeerthi/opt/anaconda3/lib/python3.8/site-packages/airflow/example_dags/example_branch_datetime_operator.py
[2021-12-07 11:39:26,789] {processor.py:637} INFO - DAG(s) dict_keys(['example_branch_datetime_operator_2']) retrieved from /Users/ballakeerthi/opt/anaconda3/lib/python3.8/site-packages/airflow/example_dags/example_branch_datetime_operator.py
[2021-12-07 11:39:26,808] {logging_mixin.py:109} INFO - [2021-12-07 11:39:26,807] {dag.py:2396} INFO - Sync 1 DAGs
[2021-12-07 11:39:26,816] {logging_mixin.py:109} INFO - [2021-12-07 11:39:26,816] {dag.py:2928} INFO - Setting next_dagrun for example_branch_datetime_operator_2 to 2021-12-06 00:00:00+00:00
[2021-12-07 11:39:26,823] {processor.py:171} INFO - Processing /Users/ballakeerthi/opt/anaconda3/lib/python3.8/site-packages/airflow/example_dags/example_branch_datetime_operator.py took 0.063 seconds
[2021-12-07 11:42:32,477] {processor.py:163} INFO - Started process (PID=5170) to work on /Users/ballakeerthi/opt/anaconda3/lib/python3.8/site-packages/airflow/example_dags/example_branch_datetime_operator.py
[2021-12-07 11:42:32,478] {processor.py:625} INFO - Processing file /Users/ballakeerthi/opt/anaconda3/lib/python3.8/site-packages/airflow/example_dags/example_branch_datetime_operator.py for tasks to queue
[2021-12-07 11:42:32,478] {logging_mixin.py:109} INFO - [2021-12-07 11:42:32,478] {dagbag.py:500} INFO - Filling up the DagBag from /Users/ballakeerthi/opt/anaconda3/lib/python3.8/site-packages/airflow/example_dags/example_branch_datetime_operator.py
[2021-12-07 11:42:32,511] {processor.py:637} INFO - DAG(s) dict_keys(['example_branch_datetime_operator_2']) retrieved from /Users/ballakeerthi/opt/anaconda3/lib/python3.8/site-packages/airflow/example_dags/example_branch_datetime_operator.py
[2021-12-07 11:42:32,534] {logging_mixin.py:109} INFO - [2021-12-07 11:42:32,533] {dag.py:2396} INFO - Sync 1 DAGs
[2021-12-07 11:42:32,545] {logging_mixin.py:109} INFO - [2021-12-07 11:42:32,545] {dag.py:2928} INFO - Setting next_dagrun for example_branch_datetime_operator_2 to 2021-12-06 00:00:00+00:00
[2021-12-07 11:42:32,552] {processor.py:171} INFO - Processing /Users/ballakeerthi/opt/anaconda3/lib/python3.8/site-packages/airflow/example_dags/example_branch_datetime_operator.py took 0.075 seconds
[2021-12-07 11:45:28,220] {processor.py:163} INFO - Started process (PID=5283) to work on /Users/ballakeerthi/opt/anaconda3/lib/python3.8/site-packages/airflow/example_dags/example_branch_datetime_operator.py
[2021-12-07 11:45:28,226] {processor.py:625} INFO - Processing file /Users/ballakeerthi/opt/anaconda3/lib/python3.8/site-packages/airflow/example_dags/example_branch_datetime_operator.py for tasks to queue
[2021-12-07 11:45:28,227] {logging_mixin.py:109} INFO - [2021-12-07 11:45:28,227] {dagbag.py:500} INFO - Filling up the DagBag from /Users/ballakeerthi/opt/anaconda3/lib/python3.8/site-packages/airflow/example_dags/example_branch_datetime_operator.py
[2021-12-07 11:45:28,258] {processor.py:637} INFO - DAG(s) dict_keys(['example_branch_datetime_operator_2']) retrieved from /Users/ballakeerthi/opt/anaconda3/lib/python3.8/site-packages/airflow/example_dags/example_branch_datetime_operator.py
[2021-12-07 11:45:28,273] {logging_mixin.py:109} INFO - [2021-12-07 11:45:28,271] {dag.py:2396} INFO - Sync 1 DAGs
[2021-12-07 11:45:28,282] {logging_mixin.py:109} INFO - [2021-12-07 11:45:28,282] {dag.py:2928} INFO - Setting next_dagrun for example_branch_datetime_operator_2 to 2021-12-06 00:00:00+00:00
[2021-12-07 11:45:28,290] {processor.py:171} INFO - Processing /Users/ballakeerthi/opt/anaconda3/lib/python3.8/site-packages/airflow/example_dags/example_branch_datetime_operator.py took 0.070 seconds
[2021-12-07 11:48:48,729] {processor.py:163} INFO - Started process (PID=5410) to work on /Users/ballakeerthi/opt/anaconda3/lib/python3.8/site-packages/airflow/example_dags/example_branch_datetime_operator.py
[2021-12-07 11:48:48,736] {processor.py:625} INFO - Processing file /Users/ballakeerthi/opt/anaconda3/lib/python3.8/site-packages/airflow/example_dags/example_branch_datetime_operator.py for tasks to queue
[2021-12-07 11:48:48,736] {logging_mixin.py:109} INFO - [2021-12-07 11:48:48,736] {dagbag.py:500} INFO - Filling up the DagBag from /Users/ballakeerthi/opt/anaconda3/lib/python3.8/site-packages/airflow/example_dags/example_branch_datetime_operator.py
[2021-12-07 11:48:48,770] {processor.py:637} INFO - DAG(s) dict_keys(['example_branch_datetime_operator_2']) retrieved from /Users/ballakeerthi/opt/anaconda3/lib/python3.8/site-packages/airflow/example_dags/example_branch_datetime_operator.py
[2021-12-07 11:48:48,787] {logging_mixin.py:109} INFO - [2021-12-07 11:48:48,786] {dag.py:2396} INFO - Sync 1 DAGs
[2021-12-07 11:48:48,795] {logging_mixin.py:109} INFO - [2021-12-07 11:48:48,795] {dag.py:2928} INFO - Setting next_dagrun for example_branch_datetime_operator_2 to 2021-12-06 00:00:00+00:00
[2021-12-07 11:48:48,804] {processor.py:171} INFO - Processing /Users/ballakeerthi/opt/anaconda3/lib/python3.8/site-packages/airflow/example_dags/example_branch_datetime_operator.py took 0.075 seconds
[2021-12-07 11:52:57,752] {processor.py:163} INFO - Started process (PID=5563) to work on /Users/ballakeerthi/opt/anaconda3/lib/python3.8/site-packages/airflow/example_dags/example_branch_datetime_operator.py
[2021-12-07 11:52:57,757] {processor.py:625} INFO - Processing file /Users/ballakeerthi/opt/anaconda3/lib/python3.8/site-packages/airflow/example_dags/example_branch_datetime_operator.py for tasks to queue
[2021-12-07 11:52:57,758] {logging_mixin.py:109} INFO - [2021-12-07 11:52:57,758] {dagbag.py:500} INFO - Filling up the DagBag from /Users/ballakeerthi/opt/anaconda3/lib/python3.8/site-packages/airflow/example_dags/example_branch_datetime_operator.py
[2021-12-07 11:52:57,791] {processor.py:637} INFO - DAG(s) dict_keys(['example_branch_datetime_operator_2']) retrieved from /Users/ballakeerthi/opt/anaconda3/lib/python3.8/site-packages/airflow/example_dags/example_branch_datetime_operator.py
[2021-12-07 11:52:57,808] {logging_mixin.py:109} INFO - [2021-12-07 11:52:57,807] {dag.py:2396} INFO - Sync 1 DAGs
[2021-12-07 11:52:57,817] {logging_mixin.py:109} INFO - [2021-12-07 11:52:57,816] {dag.py:2928} INFO - Setting next_dagrun for example_branch_datetime_operator_2 to 2021-12-06 00:00:00+00:00
[2021-12-07 11:52:57,824] {processor.py:171} INFO - Processing /Users/ballakeerthi/opt/anaconda3/lib/python3.8/site-packages/airflow/example_dags/example_branch_datetime_operator.py took 0.073 seconds
[2021-12-07 11:55:42,640] {processor.py:163} INFO - Started process (PID=5671) to work on /Users/ballakeerthi/opt/anaconda3/lib/python3.8/site-packages/airflow/example_dags/example_branch_datetime_operator.py
[2021-12-07 11:55:42,645] {processor.py:625} INFO - Processing file /Users/ballakeerthi/opt/anaconda3/lib/python3.8/site-packages/airflow/example_dags/example_branch_datetime_operator.py for tasks to queue
[2021-12-07 11:55:42,646] {logging_mixin.py:109} INFO - [2021-12-07 11:55:42,646] {dagbag.py:500} INFO - Filling up the DagBag from /Users/ballakeerthi/opt/anaconda3/lib/python3.8/site-packages/airflow/example_dags/example_branch_datetime_operator.py
[2021-12-07 11:55:42,678] {processor.py:637} INFO - DAG(s) dict_keys(['example_branch_datetime_operator_2']) retrieved from /Users/ballakeerthi/opt/anaconda3/lib/python3.8/site-packages/airflow/example_dags/example_branch_datetime_operator.py
[2021-12-07 11:55:42,694] {logging_mixin.py:109} INFO - [2021-12-07 11:55:42,693] {dag.py:2396} INFO - Sync 1 DAGs
[2021-12-07 11:55:42,702] {logging_mixin.py:109} INFO - [2021-12-07 11:55:42,702] {dag.py:2928} INFO - Setting next_dagrun for example_branch_datetime_operator_2 to 2021-12-06 00:00:00+00:00
[2021-12-07 11:55:42,711] {processor.py:171} INFO - Processing /Users/ballakeerthi/opt/anaconda3/lib/python3.8/site-packages/airflow/example_dags/example_branch_datetime_operator.py took 0.071 seconds
[2021-12-07 11:58:36,372] {processor.py:163} INFO - Started process (PID=5806) to work on /Users/ballakeerthi/opt/anaconda3/lib/python3.8/site-packages/airflow/example_dags/example_branch_datetime_operator.py
[2021-12-07 11:58:36,378] {processor.py:625} INFO - Processing file /Users/ballakeerthi/opt/anaconda3/lib/python3.8/site-packages/airflow/example_dags/example_branch_datetime_operator.py for tasks to queue
[2021-12-07 11:58:36,378] {logging_mixin.py:109} INFO - [2021-12-07 11:58:36,378] {dagbag.py:500} INFO - Filling up the DagBag from /Users/ballakeerthi/opt/anaconda3/lib/python3.8/site-packages/airflow/example_dags/example_branch_datetime_operator.py
[2021-12-07 11:58:36,411] {processor.py:637} INFO - DAG(s) dict_keys(['example_branch_datetime_operator_2']) retrieved from /Users/ballakeerthi/opt/anaconda3/lib/python3.8/site-packages/airflow/example_dags/example_branch_datetime_operator.py
[2021-12-07 11:58:36,426] {logging_mixin.py:109} INFO - [2021-12-07 11:58:36,425] {dag.py:2396} INFO - Sync 1 DAGs
[2021-12-07 11:58:36,434] {logging_mixin.py:109} INFO - [2021-12-07 11:58:36,433] {dag.py:2928} INFO - Setting next_dagrun for example_branch_datetime_operator_2 to 2021-12-06 00:00:00+00:00
[2021-12-07 11:58:36,442] {processor.py:171} INFO - Processing /Users/ballakeerthi/opt/anaconda3/lib/python3.8/site-packages/airflow/example_dags/example_branch_datetime_operator.py took 0.070 seconds
[2021-12-07 12:01:38,736] {processor.py:163} INFO - Started process (PID=5933) to work on /Users/ballakeerthi/opt/anaconda3/lib/python3.8/site-packages/airflow/example_dags/example_branch_datetime_operator.py
[2021-12-07 12:01:38,737] {processor.py:625} INFO - Processing file /Users/ballakeerthi/opt/anaconda3/lib/python3.8/site-packages/airflow/example_dags/example_branch_datetime_operator.py for tasks to queue
[2021-12-07 12:01:38,737] {logging_mixin.py:109} INFO - [2021-12-07 12:01:38,737] {dagbag.py:500} INFO - Filling up the DagBag from /Users/ballakeerthi/opt/anaconda3/lib/python3.8/site-packages/airflow/example_dags/example_branch_datetime_operator.py
[2021-12-07 12:01:38,770] {processor.py:637} INFO - DAG(s) dict_keys(['example_branch_datetime_operator_2']) retrieved from /Users/ballakeerthi/opt/anaconda3/lib/python3.8/site-packages/airflow/example_dags/example_branch_datetime_operator.py
[2021-12-07 12:01:38,788] {logging_mixin.py:109} INFO - [2021-12-07 12:01:38,787] {dag.py:2396} INFO - Sync 1 DAGs
[2021-12-07 12:01:38,797] {logging_mixin.py:109} INFO - [2021-12-07 12:01:38,797] {dag.py:2928} INFO - Setting next_dagrun for example_branch_datetime_operator_2 to 2021-12-06 00:00:00+00:00
[2021-12-07 12:01:38,804] {processor.py:171} INFO - Processing /Users/ballakeerthi/opt/anaconda3/lib/python3.8/site-packages/airflow/example_dags/example_branch_datetime_operator.py took 0.069 seconds
[2021-12-07 12:04:53,311] {processor.py:163} INFO - Started process (PID=6048) to work on /Users/ballakeerthi/opt/anaconda3/lib/python3.8/site-packages/airflow/example_dags/example_branch_datetime_operator.py
[2021-12-07 12:04:53,312] {processor.py:625} INFO - Processing file /Users/ballakeerthi/opt/anaconda3/lib/python3.8/site-packages/airflow/example_dags/example_branch_datetime_operator.py for tasks to queue
[2021-12-07 12:04:53,312] {logging_mixin.py:109} INFO - [2021-12-07 12:04:53,312] {dagbag.py:500} INFO - Filling up the DagBag from /Users/ballakeerthi/opt/anaconda3/lib/python3.8/site-packages/airflow/example_dags/example_branch_datetime_operator.py
[2021-12-07 12:04:53,341] {processor.py:637} INFO - DAG(s) dict_keys(['example_branch_datetime_operator_2']) retrieved from /Users/ballakeerthi/opt/anaconda3/lib/python3.8/site-packages/airflow/example_dags/example_branch_datetime_operator.py
[2021-12-07 12:04:53,358] {logging_mixin.py:109} INFO - [2021-12-07 12:04:53,357] {dag.py:2396} INFO - Sync 1 DAGs
[2021-12-07 12:04:53,367] {logging_mixin.py:109} INFO - [2021-12-07 12:04:53,367] {dag.py:2928} INFO - Setting next_dagrun for example_branch_datetime_operator_2 to 2021-12-06 00:00:00+00:00
[2021-12-07 12:04:53,380] {processor.py:171} INFO - Processing /Users/ballakeerthi/opt/anaconda3/lib/python3.8/site-packages/airflow/example_dags/example_branch_datetime_operator.py took 0.069 seconds
[2021-12-07 12:07:46,950] {processor.py:163} INFO - Started process (PID=6159) to work on /Users/ballakeerthi/opt/anaconda3/lib/python3.8/site-packages/airflow/example_dags/example_branch_datetime_operator.py
[2021-12-07 12:07:46,955] {processor.py:625} INFO - Processing file /Users/ballakeerthi/opt/anaconda3/lib/python3.8/site-packages/airflow/example_dags/example_branch_datetime_operator.py for tasks to queue
[2021-12-07 12:07:46,956] {logging_mixin.py:109} INFO - [2021-12-07 12:07:46,956] {dagbag.py:500} INFO - Filling up the DagBag from /Users/ballakeerthi/opt/anaconda3/lib/python3.8/site-packages/airflow/example_dags/example_branch_datetime_operator.py
[2021-12-07 12:07:46,985] {processor.py:637} INFO - DAG(s) dict_keys(['example_branch_datetime_operator_2']) retrieved from /Users/ballakeerthi/opt/anaconda3/lib/python3.8/site-packages/airflow/example_dags/example_branch_datetime_operator.py
[2021-12-07 12:07:47,000] {logging_mixin.py:109} INFO - [2021-12-07 12:07:46,999] {dag.py:2396} INFO - Sync 1 DAGs
[2021-12-07 12:07:47,009] {logging_mixin.py:109} INFO - [2021-12-07 12:07:47,009] {dag.py:2928} INFO - Setting next_dagrun for example_branch_datetime_operator_2 to 2021-12-06 00:00:00+00:00
[2021-12-07 12:07:47,018] {processor.py:171} INFO - Processing /Users/ballakeerthi/opt/anaconda3/lib/python3.8/site-packages/airflow/example_dags/example_branch_datetime_operator.py took 0.069 seconds
[2021-12-07 12:10:39,345] {processor.py:163} INFO - Started process (PID=6274) to work on /Users/ballakeerthi/opt/anaconda3/lib/python3.8/site-packages/airflow/example_dags/example_branch_datetime_operator.py
[2021-12-07 12:10:39,352] {processor.py:625} INFO - Processing file /Users/ballakeerthi/opt/anaconda3/lib/python3.8/site-packages/airflow/example_dags/example_branch_datetime_operator.py for tasks to queue
[2021-12-07 12:10:39,354] {logging_mixin.py:109} INFO - [2021-12-07 12:10:39,353] {dagbag.py:500} INFO - Filling up the DagBag from /Users/ballakeerthi/opt/anaconda3/lib/python3.8/site-packages/airflow/example_dags/example_branch_datetime_operator.py
[2021-12-07 12:10:39,382] {processor.py:637} INFO - DAG(s) dict_keys(['example_branch_datetime_operator_2']) retrieved from /Users/ballakeerthi/opt/anaconda3/lib/python3.8/site-packages/airflow/example_dags/example_branch_datetime_operator.py
[2021-12-07 12:10:39,400] {logging_mixin.py:109} INFO - [2021-12-07 12:10:39,399] {dag.py:2396} INFO - Sync 1 DAGs
[2021-12-07 12:10:39,408] {logging_mixin.py:109} INFO - [2021-12-07 12:10:39,408] {dag.py:2928} INFO - Setting next_dagrun for example_branch_datetime_operator_2 to 2021-12-06 00:00:00+00:00
[2021-12-07 12:10:39,418] {processor.py:171} INFO - Processing /Users/ballakeerthi/opt/anaconda3/lib/python3.8/site-packages/airflow/example_dags/example_branch_datetime_operator.py took 0.074 seconds
[2021-12-07 12:13:31,111] {processor.py:163} INFO - Started process (PID=6384) to work on /Users/ballakeerthi/opt/anaconda3/lib/python3.8/site-packages/airflow/example_dags/example_branch_datetime_operator.py
[2021-12-07 12:13:31,115] {processor.py:625} INFO - Processing file /Users/ballakeerthi/opt/anaconda3/lib/python3.8/site-packages/airflow/example_dags/example_branch_datetime_operator.py for tasks to queue
[2021-12-07 12:13:31,116] {logging_mixin.py:109} INFO - [2021-12-07 12:13:31,116] {dagbag.py:500} INFO - Filling up the DagBag from /Users/ballakeerthi/opt/anaconda3/lib/python3.8/site-packages/airflow/example_dags/example_branch_datetime_operator.py
[2021-12-07 12:13:31,150] {processor.py:637} INFO - DAG(s) dict_keys(['example_branch_datetime_operator_2']) retrieved from /Users/ballakeerthi/opt/anaconda3/lib/python3.8/site-packages/airflow/example_dags/example_branch_datetime_operator.py
[2021-12-07 12:13:31,166] {logging_mixin.py:109} INFO - [2021-12-07 12:13:31,165] {dag.py:2396} INFO - Sync 1 DAGs
[2021-12-07 12:13:31,174] {logging_mixin.py:109} INFO - [2021-12-07 12:13:31,174] {dag.py:2928} INFO - Setting next_dagrun for example_branch_datetime_operator_2 to 2021-12-06 00:00:00+00:00
[2021-12-07 12:13:31,183] {processor.py:171} INFO - Processing /Users/ballakeerthi/opt/anaconda3/lib/python3.8/site-packages/airflow/example_dags/example_branch_datetime_operator.py took 0.073 seconds
[2021-12-07 12:16:30,067] {processor.py:163} INFO - Started process (PID=6496) to work on /Users/ballakeerthi/opt/anaconda3/lib/python3.8/site-packages/airflow/example_dags/example_branch_datetime_operator.py
[2021-12-07 12:16:30,068] {processor.py:625} INFO - Processing file /Users/ballakeerthi/opt/anaconda3/lib/python3.8/site-packages/airflow/example_dags/example_branch_datetime_operator.py for tasks to queue
[2021-12-07 12:16:30,069] {logging_mixin.py:109} INFO - [2021-12-07 12:16:30,069] {dagbag.py:500} INFO - Filling up the DagBag from /Users/ballakeerthi/opt/anaconda3/lib/python3.8/site-packages/airflow/example_dags/example_branch_datetime_operator.py
[2021-12-07 12:16:30,099] {processor.py:637} INFO - DAG(s) dict_keys(['example_branch_datetime_operator_2']) retrieved from /Users/ballakeerthi/opt/anaconda3/lib/python3.8/site-packages/airflow/example_dags/example_branch_datetime_operator.py
[2021-12-07 12:16:30,115] {logging_mixin.py:109} INFO - [2021-12-07 12:16:30,114] {dag.py:2396} INFO - Sync 1 DAGs
[2021-12-07 12:16:30,124] {logging_mixin.py:109} INFO - [2021-12-07 12:16:30,124] {dag.py:2928} INFO - Setting next_dagrun for example_branch_datetime_operator_2 to 2021-12-06 00:00:00+00:00
[2021-12-07 12:16:30,132] {processor.py:171} INFO - Processing /Users/ballakeerthi/opt/anaconda3/lib/python3.8/site-packages/airflow/example_dags/example_branch_datetime_operator.py took 0.065 seconds
[2021-12-07 12:19:35,105] {processor.py:163} INFO - Started process (PID=6605) to work on /Users/ballakeerthi/opt/anaconda3/lib/python3.8/site-packages/airflow/example_dags/example_branch_datetime_operator.py
[2021-12-07 12:19:35,111] {processor.py:625} INFO - Processing file /Users/ballakeerthi/opt/anaconda3/lib/python3.8/site-packages/airflow/example_dags/example_branch_datetime_operator.py for tasks to queue
[2021-12-07 12:19:35,111] {logging_mixin.py:109} INFO - [2021-12-07 12:19:35,111] {dagbag.py:500} INFO - Filling up the DagBag from /Users/ballakeerthi/opt/anaconda3/lib/python3.8/site-packages/airflow/example_dags/example_branch_datetime_operator.py
[2021-12-07 12:19:35,144] {processor.py:637} INFO - DAG(s) dict_keys(['example_branch_datetime_operator_2']) retrieved from /Users/ballakeerthi/opt/anaconda3/lib/python3.8/site-packages/airflow/example_dags/example_branch_datetime_operator.py
[2021-12-07 12:19:35,161] {logging_mixin.py:109} INFO - [2021-12-07 12:19:35,160] {dag.py:2396} INFO - Sync 1 DAGs
[2021-12-07 12:19:35,169] {logging_mixin.py:109} INFO - [2021-12-07 12:19:35,169] {dag.py:2928} INFO - Setting next_dagrun for example_branch_datetime_operator_2 to 2021-12-06 00:00:00+00:00
[2021-12-07 12:19:35,183] {processor.py:171} INFO - Processing /Users/ballakeerthi/opt/anaconda3/lib/python3.8/site-packages/airflow/example_dags/example_branch_datetime_operator.py took 0.078 seconds
[2021-12-07 12:22:23,792] {processor.py:163} INFO - Started process (PID=6715) to work on /Users/ballakeerthi/opt/anaconda3/lib/python3.8/site-packages/airflow/example_dags/example_branch_datetime_operator.py
[2021-12-07 12:22:23,798] {processor.py:625} INFO - Processing file /Users/ballakeerthi/opt/anaconda3/lib/python3.8/site-packages/airflow/example_dags/example_branch_datetime_operator.py for tasks to queue
[2021-12-07 12:22:23,799] {logging_mixin.py:109} INFO - [2021-12-07 12:22:23,799] {dagbag.py:500} INFO - Filling up the DagBag from /Users/ballakeerthi/opt/anaconda3/lib/python3.8/site-packages/airflow/example_dags/example_branch_datetime_operator.py
[2021-12-07 12:22:23,830] {processor.py:637} INFO - DAG(s) dict_keys(['example_branch_datetime_operator_2']) retrieved from /Users/ballakeerthi/opt/anaconda3/lib/python3.8/site-packages/airflow/example_dags/example_branch_datetime_operator.py
[2021-12-07 12:22:23,846] {logging_mixin.py:109} INFO - [2021-12-07 12:22:23,845] {dag.py:2396} INFO - Sync 1 DAGs
[2021-12-07 12:22:23,854] {logging_mixin.py:109} INFO - [2021-12-07 12:22:23,854] {dag.py:2928} INFO - Setting next_dagrun for example_branch_datetime_operator_2 to 2021-12-06 00:00:00+00:00
[2021-12-07 12:22:23,863] {processor.py:171} INFO - Processing /Users/ballakeerthi/opt/anaconda3/lib/python3.8/site-packages/airflow/example_dags/example_branch_datetime_operator.py took 0.072 seconds
[2021-12-07 12:25:05,658] {processor.py:163} INFO - Started process (PID=6823) to work on /Users/ballakeerthi/opt/anaconda3/lib/python3.8/site-packages/airflow/example_dags/example_branch_datetime_operator.py
[2021-12-07 12:25:05,664] {processor.py:625} INFO - Processing file /Users/ballakeerthi/opt/anaconda3/lib/python3.8/site-packages/airflow/example_dags/example_branch_datetime_operator.py for tasks to queue
[2021-12-07 12:25:05,665] {logging_mixin.py:109} INFO - [2021-12-07 12:25:05,665] {dagbag.py:500} INFO - Filling up the DagBag from /Users/ballakeerthi/opt/anaconda3/lib/python3.8/site-packages/airflow/example_dags/example_branch_datetime_operator.py
[2021-12-07 12:25:05,694] {processor.py:637} INFO - DAG(s) dict_keys(['example_branch_datetime_operator_2']) retrieved from /Users/ballakeerthi/opt/anaconda3/lib/python3.8/site-packages/airflow/example_dags/example_branch_datetime_operator.py
[2021-12-07 12:25:05,707] {logging_mixin.py:109} INFO - [2021-12-07 12:25:05,706] {dag.py:2396} INFO - Sync 1 DAGs
[2021-12-07 12:25:05,714] {logging_mixin.py:109} INFO - [2021-12-07 12:25:05,714] {dag.py:2928} INFO - Setting next_dagrun for example_branch_datetime_operator_2 to 2021-12-06 00:00:00+00:00
[2021-12-07 12:25:05,723] {processor.py:171} INFO - Processing /Users/ballakeerthi/opt/anaconda3/lib/python3.8/site-packages/airflow/example_dags/example_branch_datetime_operator.py took 0.065 seconds
[2021-12-07 13:25:27,320] {processor.py:163} INFO - Started process (PID=7014) to work on /Users/ballakeerthi/opt/anaconda3/lib/python3.8/site-packages/airflow/example_dags/example_branch_datetime_operator.py
[2021-12-07 13:25:27,325] {processor.py:625} INFO - Processing file /Users/ballakeerthi/opt/anaconda3/lib/python3.8/site-packages/airflow/example_dags/example_branch_datetime_operator.py for tasks to queue
[2021-12-07 13:25:27,326] {logging_mixin.py:109} INFO - [2021-12-07 13:25:27,326] {dagbag.py:500} INFO - Filling up the DagBag from /Users/ballakeerthi/opt/anaconda3/lib/python3.8/site-packages/airflow/example_dags/example_branch_datetime_operator.py
[2021-12-07 13:25:27,355] {processor.py:637} INFO - DAG(s) dict_keys(['example_branch_datetime_operator_2']) retrieved from /Users/ballakeerthi/opt/anaconda3/lib/python3.8/site-packages/airflow/example_dags/example_branch_datetime_operator.py
[2021-12-07 13:25:27,368] {logging_mixin.py:109} INFO - [2021-12-07 13:25:27,367] {dag.py:2396} INFO - Sync 1 DAGs
[2021-12-07 13:25:27,375] {logging_mixin.py:109} INFO - [2021-12-07 13:25:27,375] {dag.py:2928} INFO - Setting next_dagrun for example_branch_datetime_operator_2 to 2021-12-06 00:00:00+00:00
[2021-12-07 13:25:27,383] {processor.py:171} INFO - Processing /Users/ballakeerthi/opt/anaconda3/lib/python3.8/site-packages/airflow/example_dags/example_branch_datetime_operator.py took 0.064 seconds
[2021-12-07 13:28:08,302] {processor.py:163} INFO - Started process (PID=7127) to work on /Users/ballakeerthi/opt/anaconda3/lib/python3.8/site-packages/airflow/example_dags/example_branch_datetime_operator.py
[2021-12-07 13:28:08,308] {processor.py:625} INFO - Processing file /Users/ballakeerthi/opt/anaconda3/lib/python3.8/site-packages/airflow/example_dags/example_branch_datetime_operator.py for tasks to queue
[2021-12-07 13:28:08,308] {logging_mixin.py:109} INFO - [2021-12-07 13:28:08,308] {dagbag.py:500} INFO - Filling up the DagBag from /Users/ballakeerthi/opt/anaconda3/lib/python3.8/site-packages/airflow/example_dags/example_branch_datetime_operator.py
[2021-12-07 13:28:08,338] {processor.py:637} INFO - DAG(s) dict_keys(['example_branch_datetime_operator_2']) retrieved from /Users/ballakeerthi/opt/anaconda3/lib/python3.8/site-packages/airflow/example_dags/example_branch_datetime_operator.py
[2021-12-07 13:28:08,351] {logging_mixin.py:109} INFO - [2021-12-07 13:28:08,350] {dag.py:2396} INFO - Sync 1 DAGs
[2021-12-07 13:28:08,358] {logging_mixin.py:109} INFO - [2021-12-07 13:28:08,358] {dag.py:2928} INFO - Setting next_dagrun for example_branch_datetime_operator_2 to 2021-12-06 00:00:00+00:00
[2021-12-07 13:28:08,367] {processor.py:171} INFO - Processing /Users/ballakeerthi/opt/anaconda3/lib/python3.8/site-packages/airflow/example_dags/example_branch_datetime_operator.py took 0.066 seconds
[2021-12-07 13:30:25,523] {processor.py:163} INFO - Started process (PID=7232) to work on /Users/ballakeerthi/opt/anaconda3/lib/python3.8/site-packages/airflow/example_dags/example_branch_datetime_operator.py
[2021-12-07 13:30:25,529] {processor.py:625} INFO - Processing file /Users/ballakeerthi/opt/anaconda3/lib/python3.8/site-packages/airflow/example_dags/example_branch_datetime_operator.py for tasks to queue
[2021-12-07 13:30:25,530] {logging_mixin.py:109} INFO - [2021-12-07 13:30:25,530] {dagbag.py:500} INFO - Filling up the DagBag from /Users/ballakeerthi/opt/anaconda3/lib/python3.8/site-packages/airflow/example_dags/example_branch_datetime_operator.py
[2021-12-07 13:30:25,560] {processor.py:637} INFO - DAG(s) dict_keys(['example_branch_datetime_operator_2']) retrieved from /Users/ballakeerthi/opt/anaconda3/lib/python3.8/site-packages/airflow/example_dags/example_branch_datetime_operator.py
[2021-12-07 13:30:25,573] {logging_mixin.py:109} INFO - [2021-12-07 13:30:25,572] {dag.py:2396} INFO - Sync 1 DAGs
[2021-12-07 13:30:25,582] {logging_mixin.py:109} INFO - [2021-12-07 13:30:25,582] {dag.py:2928} INFO - Setting next_dagrun for example_branch_datetime_operator_2 to 2021-12-06 00:00:00+00:00
[2021-12-07 13:30:25,590] {processor.py:171} INFO - Processing /Users/ballakeerthi/opt/anaconda3/lib/python3.8/site-packages/airflow/example_dags/example_branch_datetime_operator.py took 0.067 seconds
[2021-12-07 13:32:39,332] {processor.py:163} INFO - Started process (PID=7337) to work on /Users/ballakeerthi/opt/anaconda3/lib/python3.8/site-packages/airflow/example_dags/example_branch_datetime_operator.py
[2021-12-07 13:32:39,332] {processor.py:625} INFO - Processing file /Users/ballakeerthi/opt/anaconda3/lib/python3.8/site-packages/airflow/example_dags/example_branch_datetime_operator.py for tasks to queue
[2021-12-07 13:32:39,333] {logging_mixin.py:109} INFO - [2021-12-07 13:32:39,333] {dagbag.py:500} INFO - Filling up the DagBag from /Users/ballakeerthi/opt/anaconda3/lib/python3.8/site-packages/airflow/example_dags/example_branch_datetime_operator.py
[2021-12-07 13:32:39,358] {processor.py:637} INFO - DAG(s) dict_keys(['example_branch_datetime_operator_2']) retrieved from /Users/ballakeerthi/opt/anaconda3/lib/python3.8/site-packages/airflow/example_dags/example_branch_datetime_operator.py
[2021-12-07 13:32:39,371] {logging_mixin.py:109} INFO - [2021-12-07 13:32:39,370] {dag.py:2396} INFO - Sync 1 DAGs
[2021-12-07 13:32:39,378] {logging_mixin.py:109} INFO - [2021-12-07 13:32:39,378] {dag.py:2928} INFO - Setting next_dagrun for example_branch_datetime_operator_2 to 2021-12-06 00:00:00+00:00
[2021-12-07 13:32:39,386] {processor.py:171} INFO - Processing /Users/ballakeerthi/opt/anaconda3/lib/python3.8/site-packages/airflow/example_dags/example_branch_datetime_operator.py took 0.055 seconds
[2021-12-07 13:35:42,233] {processor.py:163} INFO - Started process (PID=7511) to work on /Users/ballakeerthi/opt/anaconda3/lib/python3.8/site-packages/airflow/example_dags/example_branch_datetime_operator.py
[2021-12-07 13:35:42,234] {processor.py:625} INFO - Processing file /Users/ballakeerthi/opt/anaconda3/lib/python3.8/site-packages/airflow/example_dags/example_branch_datetime_operator.py for tasks to queue
[2021-12-07 13:35:42,235] {logging_mixin.py:109} INFO - [2021-12-07 13:35:42,235] {dagbag.py:500} INFO - Filling up the DagBag from /Users/ballakeerthi/opt/anaconda3/lib/python3.8/site-packages/airflow/example_dags/example_branch_datetime_operator.py
[2021-12-07 13:35:42,270] {processor.py:637} INFO - DAG(s) dict_keys(['example_branch_datetime_operator_2']) retrieved from /Users/ballakeerthi/opt/anaconda3/lib/python3.8/site-packages/airflow/example_dags/example_branch_datetime_operator.py
[2021-12-07 13:35:42,297] {logging_mixin.py:109} INFO - [2021-12-07 13:35:42,296] {dag.py:2396} INFO - Sync 1 DAGs
[2021-12-07 13:35:42,306] {logging_mixin.py:109} INFO - [2021-12-07 13:35:42,306] {dag.py:2928} INFO - Setting next_dagrun for example_branch_datetime_operator_2 to 2021-12-06 00:00:00+00:00
[2021-12-07 13:35:42,311] {processor.py:171} INFO - Processing /Users/ballakeerthi/opt/anaconda3/lib/python3.8/site-packages/airflow/example_dags/example_branch_datetime_operator.py took 0.078 seconds
[2021-12-07 13:38:30,712] {processor.py:163} INFO - Started process (PID=7674) to work on /Users/ballakeerthi/opt/anaconda3/lib/python3.8/site-packages/airflow/example_dags/example_branch_datetime_operator.py
[2021-12-07 13:38:30,718] {processor.py:625} INFO - Processing file /Users/ballakeerthi/opt/anaconda3/lib/python3.8/site-packages/airflow/example_dags/example_branch_datetime_operator.py for tasks to queue
[2021-12-07 13:38:30,719] {logging_mixin.py:109} INFO - [2021-12-07 13:38:30,719] {dagbag.py:500} INFO - Filling up the DagBag from /Users/ballakeerthi/opt/anaconda3/lib/python3.8/site-packages/airflow/example_dags/example_branch_datetime_operator.py
[2021-12-07 13:38:30,749] {processor.py:637} INFO - DAG(s) dict_keys(['example_branch_datetime_operator_2']) retrieved from /Users/ballakeerthi/opt/anaconda3/lib/python3.8/site-packages/airflow/example_dags/example_branch_datetime_operator.py
[2021-12-07 13:38:30,762] {logging_mixin.py:109} INFO - [2021-12-07 13:38:30,761] {dag.py:2396} INFO - Sync 1 DAGs
[2021-12-07 13:38:30,769] {logging_mixin.py:109} INFO - [2021-12-07 13:38:30,769] {dag.py:2928} INFO - Setting next_dagrun for example_branch_datetime_operator_2 to 2021-12-06 00:00:00+00:00
[2021-12-07 13:38:30,777] {processor.py:171} INFO - Processing /Users/ballakeerthi/opt/anaconda3/lib/python3.8/site-packages/airflow/example_dags/example_branch_datetime_operator.py took 0.065 seconds
[2021-12-07 13:41:15,320] {processor.py:163} INFO - Started process (PID=7807) to work on /Users/ballakeerthi/opt/anaconda3/lib/python3.8/site-packages/airflow/example_dags/example_branch_datetime_operator.py
[2021-12-07 13:41:15,321] {processor.py:625} INFO - Processing file /Users/ballakeerthi/opt/anaconda3/lib/python3.8/site-packages/airflow/example_dags/example_branch_datetime_operator.py for tasks to queue
[2021-12-07 13:41:15,321] {logging_mixin.py:109} INFO - [2021-12-07 13:41:15,321] {dagbag.py:500} INFO - Filling up the DagBag from /Users/ballakeerthi/opt/anaconda3/lib/python3.8/site-packages/airflow/example_dags/example_branch_datetime_operator.py
[2021-12-07 13:41:15,350] {processor.py:637} INFO - DAG(s) dict_keys(['example_branch_datetime_operator_2']) retrieved from /Users/ballakeerthi/opt/anaconda3/lib/python3.8/site-packages/airflow/example_dags/example_branch_datetime_operator.py
[2021-12-07 13:41:15,365] {logging_mixin.py:109} INFO - [2021-12-07 13:41:15,364] {dag.py:2396} INFO - Sync 1 DAGs
[2021-12-07 13:41:15,372] {logging_mixin.py:109} INFO - [2021-12-07 13:41:15,372] {dag.py:2928} INFO - Setting next_dagrun for example_branch_datetime_operator_2 to 2021-12-06 00:00:00+00:00
[2021-12-07 13:41:15,378] {processor.py:171} INFO - Processing /Users/ballakeerthi/opt/anaconda3/lib/python3.8/site-packages/airflow/example_dags/example_branch_datetime_operator.py took 0.058 seconds
[2021-12-07 13:44:00,081] {processor.py:163} INFO - Started process (PID=7926) to work on /Users/ballakeerthi/opt/anaconda3/lib/python3.8/site-packages/airflow/example_dags/example_branch_datetime_operator.py
[2021-12-07 13:44:00,082] {processor.py:625} INFO - Processing file /Users/ballakeerthi/opt/anaconda3/lib/python3.8/site-packages/airflow/example_dags/example_branch_datetime_operator.py for tasks to queue
[2021-12-07 13:44:00,082] {logging_mixin.py:109} INFO - [2021-12-07 13:44:00,082] {dagbag.py:500} INFO - Filling up the DagBag from /Users/ballakeerthi/opt/anaconda3/lib/python3.8/site-packages/airflow/example_dags/example_branch_datetime_operator.py
[2021-12-07 13:44:00,109] {processor.py:637} INFO - DAG(s) dict_keys(['example_branch_datetime_operator_2']) retrieved from /Users/ballakeerthi/opt/anaconda3/lib/python3.8/site-packages/airflow/example_dags/example_branch_datetime_operator.py
[2021-12-07 13:44:00,123] {logging_mixin.py:109} INFO - [2021-12-07 13:44:00,122] {dag.py:2396} INFO - Sync 1 DAGs
[2021-12-07 13:44:00,130] {logging_mixin.py:109} INFO - [2021-12-07 13:44:00,130] {dag.py:2928} INFO - Setting next_dagrun for example_branch_datetime_operator_2 to 2021-12-06 00:00:00+00:00
[2021-12-07 13:44:00,140] {processor.py:171} INFO - Processing /Users/ballakeerthi/opt/anaconda3/lib/python3.8/site-packages/airflow/example_dags/example_branch_datetime_operator.py took 0.059 seconds
