[2021-12-07 10:56:07,529] {processor.py:163} INFO - Started process (PID=2703) to work on /Users/ballakeerthi/opt/anaconda3/envs/airflow/lib/python3.9/site-packages/airflow/example_dags/example_latest_only_with_trigger.py
[2021-12-07 10:56:07,530] {processor.py:625} INFO - Processing file /Users/ballakeerthi/opt/anaconda3/envs/airflow/lib/python3.9/site-packages/airflow/example_dags/example_latest_only_with_trigger.py for tasks to queue
[2021-12-07 10:56:07,531] {logging_mixin.py:109} INFO - [2021-12-07 10:56:07,531] {dagbag.py:500} INFO - Filling up the DagBag from /Users/ballakeerthi/opt/anaconda3/envs/airflow/lib/python3.9/site-packages/airflow/example_dags/example_latest_only_with_trigger.py
[2021-12-07 10:56:07,563] {processor.py:637} INFO - DAG(s) dict_keys(['latest_only_with_trigger']) retrieved from /Users/ballakeerthi/opt/anaconda3/envs/airflow/lib/python3.9/site-packages/airflow/example_dags/example_latest_only_with_trigger.py
[2021-12-07 10:56:07,580] {logging_mixin.py:109} INFO - [2021-12-07 10:56:07,580] {dag.py:2396} INFO - Sync 1 DAGs
[2021-12-07 10:56:07,590] {logging_mixin.py:109} INFO - [2021-12-07 10:56:07,590] {dag.py:2928} INFO - Setting next_dagrun for latest_only_with_trigger to 2021-12-07T11:56:07.589908+00:00
[2021-12-07 10:56:07,596] {processor.py:171} INFO - Processing /Users/ballakeerthi/opt/anaconda3/envs/airflow/lib/python3.9/site-packages/airflow/example_dags/example_latest_only_with_trigger.py took 0.067 seconds
[2021-12-07 10:58:00,033] {processor.py:163} INFO - Started process (PID=2855) to work on /Users/ballakeerthi/opt/anaconda3/envs/airflow/lib/python3.9/site-packages/airflow/example_dags/example_latest_only_with_trigger.py
[2021-12-07 10:58:00,035] {processor.py:625} INFO - Processing file /Users/ballakeerthi/opt/anaconda3/envs/airflow/lib/python3.9/site-packages/airflow/example_dags/example_latest_only_with_trigger.py for tasks to queue
[2021-12-07 10:58:00,037] {logging_mixin.py:109} INFO - [2021-12-07 10:58:00,037] {dagbag.py:500} INFO - Filling up the DagBag from /Users/ballakeerthi/opt/anaconda3/envs/airflow/lib/python3.9/site-packages/airflow/example_dags/example_latest_only_with_trigger.py
[2021-12-07 10:58:00,069] {processor.py:637} INFO - DAG(s) dict_keys(['latest_only_with_trigger']) retrieved from /Users/ballakeerthi/opt/anaconda3/envs/airflow/lib/python3.9/site-packages/airflow/example_dags/example_latest_only_with_trigger.py
[2021-12-07 10:58:00,087] {logging_mixin.py:109} INFO - [2021-12-07 10:58:00,087] {dag.py:2396} INFO - Sync 1 DAGs
[2021-12-07 10:58:00,096] {logging_mixin.py:109} INFO - [2021-12-07 10:58:00,096] {dag.py:2928} INFO - Setting next_dagrun for latest_only_with_trigger to 2021-12-07T11:58:00.096389+00:00
[2021-12-07 10:58:00,105] {processor.py:171} INFO - Processing /Users/ballakeerthi/opt/anaconda3/envs/airflow/lib/python3.9/site-packages/airflow/example_dags/example_latest_only_with_trigger.py took 0.073 seconds
[2021-12-07 11:02:00,170] {processor.py:163} INFO - Started process (PID=3250) to work on /Users/ballakeerthi/opt/anaconda3/envs/airflow/lib/python3.9/site-packages/airflow/example_dags/example_latest_only_with_trigger.py
[2021-12-07 11:02:00,171] {processor.py:625} INFO - Processing file /Users/ballakeerthi/opt/anaconda3/envs/airflow/lib/python3.9/site-packages/airflow/example_dags/example_latest_only_with_trigger.py for tasks to queue
[2021-12-07 11:02:00,173] {logging_mixin.py:109} INFO - [2021-12-07 11:02:00,173] {dagbag.py:500} INFO - Filling up the DagBag from /Users/ballakeerthi/opt/anaconda3/envs/airflow/lib/python3.9/site-packages/airflow/example_dags/example_latest_only_with_trigger.py
[2021-12-07 11:02:00,203] {processor.py:637} INFO - DAG(s) dict_keys(['latest_only_with_trigger']) retrieved from /Users/ballakeerthi/opt/anaconda3/envs/airflow/lib/python3.9/site-packages/airflow/example_dags/example_latest_only_with_trigger.py
[2021-12-07 11:02:00,229] {logging_mixin.py:109} INFO - [2021-12-07 11:02:00,229] {dag.py:2396} INFO - Sync 1 DAGs
[2021-12-07 11:02:00,237] {logging_mixin.py:109} INFO - [2021-12-07 11:02:00,237] {dag.py:2928} INFO - Setting next_dagrun for latest_only_with_trigger to 2021-12-07T12:02:00.237690+00:00
[2021-12-07 11:02:00,246] {processor.py:171} INFO - Processing /Users/ballakeerthi/opt/anaconda3/envs/airflow/lib/python3.9/site-packages/airflow/example_dags/example_latest_only_with_trigger.py took 0.076 seconds
[2021-12-07 11:03:50,730] {processor.py:163} INFO - Started process (PID=3444) to work on /Users/ballakeerthi/opt/anaconda3/envs/airflow/lib/python3.9/site-packages/airflow/example_dags/example_latest_only_with_trigger.py
[2021-12-07 11:03:50,730] {processor.py:625} INFO - Processing file /Users/ballakeerthi/opt/anaconda3/envs/airflow/lib/python3.9/site-packages/airflow/example_dags/example_latest_only_with_trigger.py for tasks to queue
[2021-12-07 11:03:50,732] {logging_mixin.py:109} INFO - [2021-12-07 11:03:50,732] {dagbag.py:500} INFO - Filling up the DagBag from /Users/ballakeerthi/opt/anaconda3/envs/airflow/lib/python3.9/site-packages/airflow/example_dags/example_latest_only_with_trigger.py
[2021-12-07 11:03:50,762] {processor.py:637} INFO - DAG(s) dict_keys(['latest_only_with_trigger']) retrieved from /Users/ballakeerthi/opt/anaconda3/envs/airflow/lib/python3.9/site-packages/airflow/example_dags/example_latest_only_with_trigger.py
[2021-12-07 11:03:50,778] {logging_mixin.py:109} INFO - [2021-12-07 11:03:50,778] {dag.py:2396} INFO - Sync 1 DAGs
[2021-12-07 11:03:50,786] {logging_mixin.py:109} INFO - [2021-12-07 11:03:50,786] {dag.py:2928} INFO - Setting next_dagrun for latest_only_with_trigger to 2021-12-07T12:03:50.786574+00:00
[2021-12-07 11:03:50,793] {processor.py:171} INFO - Processing /Users/ballakeerthi/opt/anaconda3/envs/airflow/lib/python3.9/site-packages/airflow/example_dags/example_latest_only_with_trigger.py took 0.063 seconds
[2021-12-07 11:06:15,678] {processor.py:163} INFO - Started process (PID=3538) to work on /Users/ballakeerthi/opt/anaconda3/envs/airflow/lib/python3.9/site-packages/airflow/example_dags/example_latest_only_with_trigger.py
[2021-12-07 11:06:15,678] {processor.py:625} INFO - Processing file /Users/ballakeerthi/opt/anaconda3/envs/airflow/lib/python3.9/site-packages/airflow/example_dags/example_latest_only_with_trigger.py for tasks to queue
[2021-12-07 11:06:15,680] {logging_mixin.py:109} INFO - [2021-12-07 11:06:15,680] {dagbag.py:500} INFO - Filling up the DagBag from /Users/ballakeerthi/opt/anaconda3/envs/airflow/lib/python3.9/site-packages/airflow/example_dags/example_latest_only_with_trigger.py
[2021-12-07 11:06:15,708] {processor.py:637} INFO - DAG(s) dict_keys(['latest_only_with_trigger']) retrieved from /Users/ballakeerthi/opt/anaconda3/envs/airflow/lib/python3.9/site-packages/airflow/example_dags/example_latest_only_with_trigger.py
[2021-12-07 11:06:15,723] {logging_mixin.py:109} INFO - [2021-12-07 11:06:15,723] {dag.py:2396} INFO - Sync 1 DAGs
[2021-12-07 11:06:15,731] {logging_mixin.py:109} INFO - [2021-12-07 11:06:15,731] {dag.py:2928} INFO - Setting next_dagrun for latest_only_with_trigger to 2021-12-07T12:06:15.731619+00:00
[2021-12-07 11:06:15,740] {processor.py:171} INFO - Processing /Users/ballakeerthi/opt/anaconda3/envs/airflow/lib/python3.9/site-packages/airflow/example_dags/example_latest_only_with_trigger.py took 0.062 seconds
[2021-12-07 11:09:04,703] {processor.py:163} INFO - Started process (PID=3612) to work on /Users/ballakeerthi/opt/anaconda3/lib/python3.8/site-packages/airflow/example_dags/example_latest_only_with_trigger.py
[2021-12-07 11:09:04,708] {processor.py:625} INFO - Processing file /Users/ballakeerthi/opt/anaconda3/lib/python3.8/site-packages/airflow/example_dags/example_latest_only_with_trigger.py for tasks to queue
[2021-12-07 11:09:04,709] {logging_mixin.py:109} INFO - [2021-12-07 11:09:04,709] {dagbag.py:500} INFO - Filling up the DagBag from /Users/ballakeerthi/opt/anaconda3/lib/python3.8/site-packages/airflow/example_dags/example_latest_only_with_trigger.py
[2021-12-07 11:09:04,738] {processor.py:637} INFO - DAG(s) dict_keys(['latest_only_with_trigger']) retrieved from /Users/ballakeerthi/opt/anaconda3/lib/python3.8/site-packages/airflow/example_dags/example_latest_only_with_trigger.py
[2021-12-07 11:09:04,943] {logging_mixin.py:109} INFO - [2021-12-07 11:09:04,943] {dag.py:2396} INFO - Sync 1 DAGs
[2021-12-07 11:09:04,950] {logging_mixin.py:109} INFO - [2021-12-07 11:09:04,950] {dag.py:2928} INFO - Setting next_dagrun for latest_only_with_trigger to 2021-12-07T12:09:04.950426+00:00
[2021-12-07 11:09:04,965] {processor.py:171} INFO - Processing /Users/ballakeerthi/opt/anaconda3/lib/python3.8/site-packages/airflow/example_dags/example_latest_only_with_trigger.py took 0.263 seconds
[2021-12-07 11:11:08,923] {processor.py:163} INFO - Started process (PID=3701) to work on /Users/ballakeerthi/opt/anaconda3/lib/python3.8/site-packages/airflow/example_dags/example_latest_only_with_trigger.py
[2021-12-07 11:11:08,925] {processor.py:625} INFO - Processing file /Users/ballakeerthi/opt/anaconda3/lib/python3.8/site-packages/airflow/example_dags/example_latest_only_with_trigger.py for tasks to queue
[2021-12-07 11:11:08,925] {logging_mixin.py:109} INFO - [2021-12-07 11:11:08,925] {dagbag.py:500} INFO - Filling up the DagBag from /Users/ballakeerthi/opt/anaconda3/lib/python3.8/site-packages/airflow/example_dags/example_latest_only_with_trigger.py
[2021-12-07 11:11:08,955] {processor.py:637} INFO - DAG(s) dict_keys(['latest_only_with_trigger']) retrieved from /Users/ballakeerthi/opt/anaconda3/lib/python3.8/site-packages/airflow/example_dags/example_latest_only_with_trigger.py
[2021-12-07 11:11:08,970] {logging_mixin.py:109} INFO - [2021-12-07 11:11:08,970] {dag.py:2396} INFO - Sync 1 DAGs
[2021-12-07 11:11:08,978] {logging_mixin.py:109} INFO - [2021-12-07 11:11:08,978] {dag.py:2928} INFO - Setting next_dagrun for latest_only_with_trigger to 2021-12-07T12:11:08.978447+00:00
[2021-12-07 11:11:08,986] {processor.py:171} INFO - Processing /Users/ballakeerthi/opt/anaconda3/lib/python3.8/site-packages/airflow/example_dags/example_latest_only_with_trigger.py took 0.064 seconds
[2021-12-07 11:13:53,936] {processor.py:163} INFO - Started process (PID=3824) to work on /Users/ballakeerthi/opt/anaconda3/lib/python3.8/site-packages/airflow/example_dags/example_latest_only_with_trigger.py
[2021-12-07 11:13:53,942] {processor.py:625} INFO - Processing file /Users/ballakeerthi/opt/anaconda3/lib/python3.8/site-packages/airflow/example_dags/example_latest_only_with_trigger.py for tasks to queue
[2021-12-07 11:13:53,942] {logging_mixin.py:109} INFO - [2021-12-07 11:13:53,942] {dagbag.py:500} INFO - Filling up the DagBag from /Users/ballakeerthi/opt/anaconda3/lib/python3.8/site-packages/airflow/example_dags/example_latest_only_with_trigger.py
[2021-12-07 11:13:53,971] {processor.py:637} INFO - DAG(s) dict_keys(['latest_only_with_trigger']) retrieved from /Users/ballakeerthi/opt/anaconda3/lib/python3.8/site-packages/airflow/example_dags/example_latest_only_with_trigger.py
[2021-12-07 11:13:53,985] {logging_mixin.py:109} INFO - [2021-12-07 11:13:53,985] {dag.py:2396} INFO - Sync 1 DAGs
[2021-12-07 11:13:53,993] {logging_mixin.py:109} INFO - [2021-12-07 11:13:53,993] {dag.py:2928} INFO - Setting next_dagrun for latest_only_with_trigger to 2021-12-07T12:13:53.993579+00:00
[2021-12-07 11:13:54,002] {processor.py:171} INFO - Processing /Users/ballakeerthi/opt/anaconda3/lib/python3.8/site-packages/airflow/example_dags/example_latest_only_with_trigger.py took 0.066 seconds
[2021-12-07 11:16:34,991] {processor.py:163} INFO - Started process (PID=3938) to work on /Users/ballakeerthi/opt/anaconda3/lib/python3.8/site-packages/airflow/example_dags/example_latest_only_with_trigger.py
[2021-12-07 11:16:34,996] {processor.py:625} INFO - Processing file /Users/ballakeerthi/opt/anaconda3/lib/python3.8/site-packages/airflow/example_dags/example_latest_only_with_trigger.py for tasks to queue
[2021-12-07 11:16:34,997] {logging_mixin.py:109} INFO - [2021-12-07 11:16:34,997] {dagbag.py:500} INFO - Filling up the DagBag from /Users/ballakeerthi/opt/anaconda3/lib/python3.8/site-packages/airflow/example_dags/example_latest_only_with_trigger.py
[2021-12-07 11:16:35,025] {processor.py:637} INFO - DAG(s) dict_keys(['latest_only_with_trigger']) retrieved from /Users/ballakeerthi/opt/anaconda3/lib/python3.8/site-packages/airflow/example_dags/example_latest_only_with_trigger.py
[2021-12-07 11:16:35,039] {logging_mixin.py:109} INFO - [2021-12-07 11:16:35,039] {dag.py:2396} INFO - Sync 1 DAGs
[2021-12-07 11:16:35,047] {logging_mixin.py:109} INFO - [2021-12-07 11:16:35,047] {dag.py:2928} INFO - Setting next_dagrun for latest_only_with_trigger to 2021-12-07T12:16:35.047747+00:00
[2021-12-07 11:16:35,056] {processor.py:171} INFO - Processing /Users/ballakeerthi/opt/anaconda3/lib/python3.8/site-packages/airflow/example_dags/example_latest_only_with_trigger.py took 0.066 seconds
[2021-12-07 11:19:10,896] {processor.py:163} INFO - Started process (PID=4048) to work on /Users/ballakeerthi/opt/anaconda3/lib/python3.8/site-packages/airflow/example_dags/example_latest_only_with_trigger.py
[2021-12-07 11:19:10,908] {processor.py:625} INFO - Processing file /Users/ballakeerthi/opt/anaconda3/lib/python3.8/site-packages/airflow/example_dags/example_latest_only_with_trigger.py for tasks to queue
[2021-12-07 11:19:10,909] {logging_mixin.py:109} INFO - [2021-12-07 11:19:10,909] {dagbag.py:500} INFO - Filling up the DagBag from /Users/ballakeerthi/opt/anaconda3/lib/python3.8/site-packages/airflow/example_dags/example_latest_only_with_trigger.py
[2021-12-07 11:19:10,950] {processor.py:637} INFO - DAG(s) dict_keys(['latest_only_with_trigger']) retrieved from /Users/ballakeerthi/opt/anaconda3/lib/python3.8/site-packages/airflow/example_dags/example_latest_only_with_trigger.py
[2021-12-07 11:19:10,965] {logging_mixin.py:109} INFO - [2021-12-07 11:19:10,965] {dag.py:2396} INFO - Sync 1 DAGs
[2021-12-07 11:19:10,975] {logging_mixin.py:109} INFO - [2021-12-07 11:19:10,975] {dag.py:2928} INFO - Setting next_dagrun for latest_only_with_trigger to 2021-12-07T12:19:10.975069+00:00
[2021-12-07 11:19:10,984] {processor.py:171} INFO - Processing /Users/ballakeerthi/opt/anaconda3/lib/python3.8/site-packages/airflow/example_dags/example_latest_only_with_trigger.py took 0.093 seconds
[2021-12-07 11:22:03,963] {processor.py:163} INFO - Started process (PID=4202) to work on /Users/ballakeerthi/opt/anaconda3/lib/python3.8/site-packages/airflow/example_dags/example_latest_only_with_trigger.py
[2021-12-07 11:22:03,975] {processor.py:625} INFO - Processing file /Users/ballakeerthi/opt/anaconda3/lib/python3.8/site-packages/airflow/example_dags/example_latest_only_with_trigger.py for tasks to queue
[2021-12-07 11:22:03,976] {logging_mixin.py:109} INFO - [2021-12-07 11:22:03,976] {dagbag.py:500} INFO - Filling up the DagBag from /Users/ballakeerthi/opt/anaconda3/lib/python3.8/site-packages/airflow/example_dags/example_latest_only_with_trigger.py
[2021-12-07 11:22:04,013] {processor.py:637} INFO - DAG(s) dict_keys(['latest_only_with_trigger']) retrieved from /Users/ballakeerthi/opt/anaconda3/lib/python3.8/site-packages/airflow/example_dags/example_latest_only_with_trigger.py
[2021-12-07 11:22:04,026] {logging_mixin.py:109} INFO - [2021-12-07 11:22:04,026] {dag.py:2396} INFO - Sync 1 DAGs
[2021-12-07 11:22:04,034] {logging_mixin.py:109} INFO - [2021-12-07 11:22:04,034] {dag.py:2928} INFO - Setting next_dagrun for latest_only_with_trigger to 2021-12-07T12:22:04.034727+00:00
[2021-12-07 11:22:04,043] {processor.py:171} INFO - Processing /Users/ballakeerthi/opt/anaconda3/lib/python3.8/site-packages/airflow/example_dags/example_latest_only_with_trigger.py took 0.080 seconds
[2021-12-07 11:24:44,449] {processor.py:163} INFO - Started process (PID=4327) to work on /Users/ballakeerthi/opt/anaconda3/lib/python3.8/site-packages/airflow/example_dags/example_latest_only_with_trigger.py
[2021-12-07 11:24:44,450] {processor.py:625} INFO - Processing file /Users/ballakeerthi/opt/anaconda3/lib/python3.8/site-packages/airflow/example_dags/example_latest_only_with_trigger.py for tasks to queue
[2021-12-07 11:24:44,450] {logging_mixin.py:109} INFO - [2021-12-07 11:24:44,450] {dagbag.py:500} INFO - Filling up the DagBag from /Users/ballakeerthi/opt/anaconda3/lib/python3.8/site-packages/airflow/example_dags/example_latest_only_with_trigger.py
[2021-12-07 11:24:44,492] {processor.py:637} INFO - DAG(s) dict_keys(['latest_only_with_trigger']) retrieved from /Users/ballakeerthi/opt/anaconda3/lib/python3.8/site-packages/airflow/example_dags/example_latest_only_with_trigger.py
[2021-12-07 11:24:44,509] {logging_mixin.py:109} INFO - [2021-12-07 11:24:44,508] {dag.py:2396} INFO - Sync 1 DAGs
[2021-12-07 11:24:44,522] {logging_mixin.py:109} INFO - [2021-12-07 11:24:44,521] {dag.py:2928} INFO - Setting next_dagrun for latest_only_with_trigger to 2021-12-07T12:24:44.521699+00:00
[2021-12-07 11:24:44,536] {processor.py:171} INFO - Processing /Users/ballakeerthi/opt/anaconda3/lib/python3.8/site-packages/airflow/example_dags/example_latest_only_with_trigger.py took 0.088 seconds
[2021-12-07 11:27:35,896] {processor.py:163} INFO - Started process (PID=4445) to work on /Users/ballakeerthi/opt/anaconda3/lib/python3.8/site-packages/airflow/example_dags/example_latest_only_with_trigger.py
[2021-12-07 11:27:35,902] {processor.py:625} INFO - Processing file /Users/ballakeerthi/opt/anaconda3/lib/python3.8/site-packages/airflow/example_dags/example_latest_only_with_trigger.py for tasks to queue
[2021-12-07 11:27:35,902] {logging_mixin.py:109} INFO - [2021-12-07 11:27:35,902] {dagbag.py:500} INFO - Filling up the DagBag from /Users/ballakeerthi/opt/anaconda3/lib/python3.8/site-packages/airflow/example_dags/example_latest_only_with_trigger.py
[2021-12-07 11:27:35,931] {processor.py:637} INFO - DAG(s) dict_keys(['latest_only_with_trigger']) retrieved from /Users/ballakeerthi/opt/anaconda3/lib/python3.8/site-packages/airflow/example_dags/example_latest_only_with_trigger.py
[2021-12-07 11:27:35,945] {logging_mixin.py:109} INFO - [2021-12-07 11:27:35,945] {dag.py:2396} INFO - Sync 1 DAGs
[2021-12-07 11:27:35,953] {logging_mixin.py:109} INFO - [2021-12-07 11:27:35,953] {dag.py:2928} INFO - Setting next_dagrun for latest_only_with_trigger to 2021-12-07T12:27:35.953311+00:00
[2021-12-07 11:27:35,962] {processor.py:171} INFO - Processing /Users/ballakeerthi/opt/anaconda3/lib/python3.8/site-packages/airflow/example_dags/example_latest_only_with_trigger.py took 0.066 seconds
[2021-12-07 11:30:46,846] {processor.py:163} INFO - Started process (PID=4705) to work on /Users/ballakeerthi/opt/anaconda3/lib/python3.8/site-packages/airflow/example_dags/example_latest_only_with_trigger.py
[2021-12-07 11:30:46,852] {processor.py:625} INFO - Processing file /Users/ballakeerthi/opt/anaconda3/lib/python3.8/site-packages/airflow/example_dags/example_latest_only_with_trigger.py for tasks to queue
[2021-12-07 11:30:46,853] {logging_mixin.py:109} INFO - [2021-12-07 11:30:46,852] {dagbag.py:500} INFO - Filling up the DagBag from /Users/ballakeerthi/opt/anaconda3/lib/python3.8/site-packages/airflow/example_dags/example_latest_only_with_trigger.py
[2021-12-07 11:30:46,882] {processor.py:637} INFO - DAG(s) dict_keys(['latest_only_with_trigger']) retrieved from /Users/ballakeerthi/opt/anaconda3/lib/python3.8/site-packages/airflow/example_dags/example_latest_only_with_trigger.py
[2021-12-07 11:30:46,896] {logging_mixin.py:109} INFO - [2021-12-07 11:30:46,895] {dag.py:2396} INFO - Sync 1 DAGs
[2021-12-07 11:30:46,904] {logging_mixin.py:109} INFO - [2021-12-07 11:30:46,904] {dag.py:2928} INFO - Setting next_dagrun for latest_only_with_trigger to 2021-12-07T12:30:46.903915+00:00
[2021-12-07 11:30:46,913] {processor.py:171} INFO - Processing /Users/ballakeerthi/opt/anaconda3/lib/python3.8/site-packages/airflow/example_dags/example_latest_only_with_trigger.py took 0.068 seconds
[2021-12-07 11:32:38,387] {processor.py:163} INFO - Started process (PID=4790) to work on /Users/ballakeerthi/opt/anaconda3/lib/python3.8/site-packages/airflow/example_dags/example_latest_only_with_trigger.py
[2021-12-07 11:32:38,388] {processor.py:625} INFO - Processing file /Users/ballakeerthi/opt/anaconda3/lib/python3.8/site-packages/airflow/example_dags/example_latest_only_with_trigger.py for tasks to queue
[2021-12-07 11:32:38,388] {logging_mixin.py:109} INFO - [2021-12-07 11:32:38,388] {dagbag.py:500} INFO - Filling up the DagBag from /Users/ballakeerthi/opt/anaconda3/lib/python3.8/site-packages/airflow/example_dags/example_latest_only_with_trigger.py
[2021-12-07 11:32:38,427] {processor.py:637} INFO - DAG(s) dict_keys(['latest_only_with_trigger']) retrieved from /Users/ballakeerthi/opt/anaconda3/lib/python3.8/site-packages/airflow/example_dags/example_latest_only_with_trigger.py
[2021-12-07 11:32:38,444] {logging_mixin.py:109} INFO - [2021-12-07 11:32:38,444] {dag.py:2396} INFO - Sync 1 DAGs
[2021-12-07 11:32:38,452] {logging_mixin.py:109} INFO - [2021-12-07 11:32:38,452] {dag.py:2928} INFO - Setting next_dagrun for latest_only_with_trigger to 2021-12-07T12:32:38.452372+00:00
[2021-12-07 11:32:38,459] {processor.py:171} INFO - Processing /Users/ballakeerthi/opt/anaconda3/lib/python3.8/site-packages/airflow/example_dags/example_latest_only_with_trigger.py took 0.072 seconds
[2021-12-07 11:34:24,310] {processor.py:163} INFO - Started process (PID=4857) to work on /Users/ballakeerthi/opt/anaconda3/lib/python3.8/site-packages/airflow/example_dags/example_latest_only_with_trigger.py
[2021-12-07 11:34:24,315] {processor.py:625} INFO - Processing file /Users/ballakeerthi/opt/anaconda3/lib/python3.8/site-packages/airflow/example_dags/example_latest_only_with_trigger.py for tasks to queue
[2021-12-07 11:34:24,316] {logging_mixin.py:109} INFO - [2021-12-07 11:34:24,316] {dagbag.py:500} INFO - Filling up the DagBag from /Users/ballakeerthi/opt/anaconda3/lib/python3.8/site-packages/airflow/example_dags/example_latest_only_with_trigger.py
[2021-12-07 11:34:24,345] {processor.py:637} INFO - DAG(s) dict_keys(['latest_only_with_trigger']) retrieved from /Users/ballakeerthi/opt/anaconda3/lib/python3.8/site-packages/airflow/example_dags/example_latest_only_with_trigger.py
[2021-12-07 11:34:24,360] {logging_mixin.py:109} INFO - [2021-12-07 11:34:24,360] {dag.py:2396} INFO - Sync 1 DAGs
[2021-12-07 11:34:24,369] {logging_mixin.py:109} INFO - [2021-12-07 11:34:24,369] {dag.py:2928} INFO - Setting next_dagrun for latest_only_with_trigger to 2021-12-07T12:34:24.368894+00:00
[2021-12-07 11:34:24,378] {processor.py:171} INFO - Processing /Users/ballakeerthi/opt/anaconda3/lib/python3.8/site-packages/airflow/example_dags/example_latest_only_with_trigger.py took 0.069 seconds
[2021-12-07 11:37:51,384] {processor.py:163} INFO - Started process (PID=4992) to work on /Users/ballakeerthi/opt/anaconda3/lib/python3.8/site-packages/airflow/example_dags/example_latest_only_with_trigger.py
[2021-12-07 11:37:51,386] {processor.py:625} INFO - Processing file /Users/ballakeerthi/opt/anaconda3/lib/python3.8/site-packages/airflow/example_dags/example_latest_only_with_trigger.py for tasks to queue
[2021-12-07 11:37:51,387] {logging_mixin.py:109} INFO - [2021-12-07 11:37:51,387] {dagbag.py:500} INFO - Filling up the DagBag from /Users/ballakeerthi/opt/anaconda3/lib/python3.8/site-packages/airflow/example_dags/example_latest_only_with_trigger.py
[2021-12-07 11:37:51,421] {processor.py:637} INFO - DAG(s) dict_keys(['latest_only_with_trigger']) retrieved from /Users/ballakeerthi/opt/anaconda3/lib/python3.8/site-packages/airflow/example_dags/example_latest_only_with_trigger.py
[2021-12-07 11:37:51,436] {logging_mixin.py:109} INFO - [2021-12-07 11:37:51,436] {dag.py:2396} INFO - Sync 1 DAGs
[2021-12-07 11:37:51,445] {logging_mixin.py:109} INFO - [2021-12-07 11:37:51,445] {dag.py:2928} INFO - Setting next_dagrun for latest_only_with_trigger to 2021-12-07T12:37:51.445650+00:00
[2021-12-07 11:37:51,453] {processor.py:171} INFO - Processing /Users/ballakeerthi/opt/anaconda3/lib/python3.8/site-packages/airflow/example_dags/example_latest_only_with_trigger.py took 0.070 seconds
[2021-12-07 11:40:38,469] {processor.py:163} INFO - Started process (PID=5103) to work on /Users/ballakeerthi/opt/anaconda3/lib/python3.8/site-packages/airflow/example_dags/example_latest_only_with_trigger.py
[2021-12-07 11:40:38,472] {processor.py:625} INFO - Processing file /Users/ballakeerthi/opt/anaconda3/lib/python3.8/site-packages/airflow/example_dags/example_latest_only_with_trigger.py for tasks to queue
[2021-12-07 11:40:38,473] {logging_mixin.py:109} INFO - [2021-12-07 11:40:38,473] {dagbag.py:500} INFO - Filling up the DagBag from /Users/ballakeerthi/opt/anaconda3/lib/python3.8/site-packages/airflow/example_dags/example_latest_only_with_trigger.py
[2021-12-07 11:40:38,508] {processor.py:637} INFO - DAG(s) dict_keys(['latest_only_with_trigger']) retrieved from /Users/ballakeerthi/opt/anaconda3/lib/python3.8/site-packages/airflow/example_dags/example_latest_only_with_trigger.py
[2021-12-07 11:40:38,523] {logging_mixin.py:109} INFO - [2021-12-07 11:40:38,523] {dag.py:2396} INFO - Sync 1 DAGs
[2021-12-07 11:40:38,532] {logging_mixin.py:109} INFO - [2021-12-07 11:40:38,532] {dag.py:2928} INFO - Setting next_dagrun for latest_only_with_trigger to 2021-12-07T12:40:38.532417+00:00
[2021-12-07 11:40:38,541] {processor.py:171} INFO - Processing /Users/ballakeerthi/opt/anaconda3/lib/python3.8/site-packages/airflow/example_dags/example_latest_only_with_trigger.py took 0.073 seconds
[2021-12-07 11:43:51,008] {processor.py:163} INFO - Started process (PID=5215) to work on /Users/ballakeerthi/opt/anaconda3/lib/python3.8/site-packages/airflow/example_dags/example_latest_only_with_trigger.py
[2021-12-07 11:43:51,011] {processor.py:625} INFO - Processing file /Users/ballakeerthi/opt/anaconda3/lib/python3.8/site-packages/airflow/example_dags/example_latest_only_with_trigger.py for tasks to queue
[2021-12-07 11:43:51,011] {logging_mixin.py:109} INFO - [2021-12-07 11:43:51,011] {dagbag.py:500} INFO - Filling up the DagBag from /Users/ballakeerthi/opt/anaconda3/lib/python3.8/site-packages/airflow/example_dags/example_latest_only_with_trigger.py
[2021-12-07 11:43:51,047] {processor.py:637} INFO - DAG(s) dict_keys(['latest_only_with_trigger']) retrieved from /Users/ballakeerthi/opt/anaconda3/lib/python3.8/site-packages/airflow/example_dags/example_latest_only_with_trigger.py
[2021-12-07 11:43:51,063] {logging_mixin.py:109} INFO - [2021-12-07 11:43:51,063] {dag.py:2396} INFO - Sync 1 DAGs
[2021-12-07 11:43:51,072] {logging_mixin.py:109} INFO - [2021-12-07 11:43:51,072] {dag.py:2928} INFO - Setting next_dagrun for latest_only_with_trigger to 2021-12-07T12:43:51.072446+00:00
[2021-12-07 11:43:51,080] {processor.py:171} INFO - Processing /Users/ballakeerthi/opt/anaconda3/lib/python3.8/site-packages/airflow/example_dags/example_latest_only_with_trigger.py took 0.072 seconds
[2021-12-07 11:46:41,828] {processor.py:163} INFO - Started process (PID=5329) to work on /Users/ballakeerthi/opt/anaconda3/lib/python3.8/site-packages/airflow/example_dags/example_latest_only_with_trigger.py
[2021-12-07 11:46:41,833] {processor.py:625} INFO - Processing file /Users/ballakeerthi/opt/anaconda3/lib/python3.8/site-packages/airflow/example_dags/example_latest_only_with_trigger.py for tasks to queue
[2021-12-07 11:46:41,834] {logging_mixin.py:109} INFO - [2021-12-07 11:46:41,834] {dagbag.py:500} INFO - Filling up the DagBag from /Users/ballakeerthi/opt/anaconda3/lib/python3.8/site-packages/airflow/example_dags/example_latest_only_with_trigger.py
[2021-12-07 11:46:41,864] {processor.py:637} INFO - DAG(s) dict_keys(['latest_only_with_trigger']) retrieved from /Users/ballakeerthi/opt/anaconda3/lib/python3.8/site-packages/airflow/example_dags/example_latest_only_with_trigger.py
[2021-12-07 11:46:41,891] {logging_mixin.py:109} INFO - [2021-12-07 11:46:41,891] {dag.py:2396} INFO - Sync 1 DAGs
[2021-12-07 11:46:41,900] {logging_mixin.py:109} INFO - [2021-12-07 11:46:41,900] {dag.py:2928} INFO - Setting next_dagrun for latest_only_with_trigger to 2021-12-07T12:46:41.899900+00:00
[2021-12-07 11:46:41,907] {processor.py:171} INFO - Processing /Users/ballakeerthi/opt/anaconda3/lib/python3.8/site-packages/airflow/example_dags/example_latest_only_with_trigger.py took 0.079 seconds
[2021-12-07 11:50:28,888] {processor.py:163} INFO - Started process (PID=5473) to work on /Users/ballakeerthi/opt/anaconda3/lib/python3.8/site-packages/airflow/example_dags/example_latest_only_with_trigger.py
[2021-12-07 11:50:28,890] {processor.py:625} INFO - Processing file /Users/ballakeerthi/opt/anaconda3/lib/python3.8/site-packages/airflow/example_dags/example_latest_only_with_trigger.py for tasks to queue
[2021-12-07 11:50:28,891] {logging_mixin.py:109} INFO - [2021-12-07 11:50:28,891] {dagbag.py:500} INFO - Filling up the DagBag from /Users/ballakeerthi/opt/anaconda3/lib/python3.8/site-packages/airflow/example_dags/example_latest_only_with_trigger.py
[2021-12-07 11:50:28,943] {processor.py:637} INFO - DAG(s) dict_keys(['latest_only_with_trigger']) retrieved from /Users/ballakeerthi/opt/anaconda3/lib/python3.8/site-packages/airflow/example_dags/example_latest_only_with_trigger.py
[2021-12-07 11:50:28,969] {logging_mixin.py:109} INFO - [2021-12-07 11:50:28,969] {dag.py:2396} INFO - Sync 1 DAGs
[2021-12-07 11:50:28,978] {logging_mixin.py:109} INFO - [2021-12-07 11:50:28,978] {dag.py:2928} INFO - Setting next_dagrun for latest_only_with_trigger to 2021-12-07T12:50:28.978382+00:00
[2021-12-07 11:50:29,008] {processor.py:171} INFO - Processing /Users/ballakeerthi/opt/anaconda3/lib/python3.8/site-packages/airflow/example_dags/example_latest_only_with_trigger.py took 0.121 seconds
[2021-12-07 11:52:45,628] {processor.py:163} INFO - Started process (PID=5555) to work on /Users/ballakeerthi/opt/anaconda3/lib/python3.8/site-packages/airflow/example_dags/example_latest_only_with_trigger.py
[2021-12-07 11:52:45,634] {processor.py:625} INFO - Processing file /Users/ballakeerthi/opt/anaconda3/lib/python3.8/site-packages/airflow/example_dags/example_latest_only_with_trigger.py for tasks to queue
[2021-12-07 11:52:45,634] {logging_mixin.py:109} INFO - [2021-12-07 11:52:45,634] {dagbag.py:500} INFO - Filling up the DagBag from /Users/ballakeerthi/opt/anaconda3/lib/python3.8/site-packages/airflow/example_dags/example_latest_only_with_trigger.py
[2021-12-07 11:52:45,664] {processor.py:637} INFO - DAG(s) dict_keys(['latest_only_with_trigger']) retrieved from /Users/ballakeerthi/opt/anaconda3/lib/python3.8/site-packages/airflow/example_dags/example_latest_only_with_trigger.py
[2021-12-07 11:52:45,680] {logging_mixin.py:109} INFO - [2021-12-07 11:52:45,679] {dag.py:2396} INFO - Sync 1 DAGs
[2021-12-07 11:52:45,688] {logging_mixin.py:109} INFO - [2021-12-07 11:52:45,688] {dag.py:2928} INFO - Setting next_dagrun for latest_only_with_trigger to 2021-12-07T12:52:45.688306+00:00
[2021-12-07 11:52:45,696] {processor.py:171} INFO - Processing /Users/ballakeerthi/opt/anaconda3/lib/python3.8/site-packages/airflow/example_dags/example_latest_only_with_trigger.py took 0.069 seconds
[2021-12-07 11:55:31,081] {processor.py:163} INFO - Started process (PID=5663) to work on /Users/ballakeerthi/opt/anaconda3/lib/python3.8/site-packages/airflow/example_dags/example_latest_only_with_trigger.py
[2021-12-07 11:55:31,086] {processor.py:625} INFO - Processing file /Users/ballakeerthi/opt/anaconda3/lib/python3.8/site-packages/airflow/example_dags/example_latest_only_with_trigger.py for tasks to queue
[2021-12-07 11:55:31,087] {logging_mixin.py:109} INFO - [2021-12-07 11:55:31,087] {dagbag.py:500} INFO - Filling up the DagBag from /Users/ballakeerthi/opt/anaconda3/lib/python3.8/site-packages/airflow/example_dags/example_latest_only_with_trigger.py
[2021-12-07 11:55:31,116] {processor.py:637} INFO - DAG(s) dict_keys(['latest_only_with_trigger']) retrieved from /Users/ballakeerthi/opt/anaconda3/lib/python3.8/site-packages/airflow/example_dags/example_latest_only_with_trigger.py
[2021-12-07 11:55:31,130] {logging_mixin.py:109} INFO - [2021-12-07 11:55:31,130] {dag.py:2396} INFO - Sync 1 DAGs
[2021-12-07 11:55:31,139] {logging_mixin.py:109} INFO - [2021-12-07 11:55:31,139] {dag.py:2928} INFO - Setting next_dagrun for latest_only_with_trigger to 2021-12-07T12:55:31.139307+00:00
[2021-12-07 11:55:31,148] {processor.py:171} INFO - Processing /Users/ballakeerthi/opt/anaconda3/lib/python3.8/site-packages/airflow/example_dags/example_latest_only_with_trigger.py took 0.068 seconds
[2021-12-07 11:58:25,137] {processor.py:163} INFO - Started process (PID=5798) to work on /Users/ballakeerthi/opt/anaconda3/lib/python3.8/site-packages/airflow/example_dags/example_latest_only_with_trigger.py
[2021-12-07 11:58:25,143] {processor.py:625} INFO - Processing file /Users/ballakeerthi/opt/anaconda3/lib/python3.8/site-packages/airflow/example_dags/example_latest_only_with_trigger.py for tasks to queue
[2021-12-07 11:58:25,144] {logging_mixin.py:109} INFO - [2021-12-07 11:58:25,143] {dagbag.py:500} INFO - Filling up the DagBag from /Users/ballakeerthi/opt/anaconda3/lib/python3.8/site-packages/airflow/example_dags/example_latest_only_with_trigger.py
[2021-12-07 11:58:25,175] {processor.py:637} INFO - DAG(s) dict_keys(['latest_only_with_trigger']) retrieved from /Users/ballakeerthi/opt/anaconda3/lib/python3.8/site-packages/airflow/example_dags/example_latest_only_with_trigger.py
[2021-12-07 11:58:25,190] {logging_mixin.py:109} INFO - [2021-12-07 11:58:25,190] {dag.py:2396} INFO - Sync 1 DAGs
[2021-12-07 11:58:25,199] {logging_mixin.py:109} INFO - [2021-12-07 11:58:25,199] {dag.py:2928} INFO - Setting next_dagrun for latest_only_with_trigger to 2021-12-07T12:58:25.199789+00:00
[2021-12-07 11:58:25,206] {processor.py:171} INFO - Processing /Users/ballakeerthi/opt/anaconda3/lib/python3.8/site-packages/airflow/example_dags/example_latest_only_with_trigger.py took 0.070 seconds
[2021-12-07 12:01:27,433] {processor.py:163} INFO - Started process (PID=5925) to work on /Users/ballakeerthi/opt/anaconda3/lib/python3.8/site-packages/airflow/example_dags/example_latest_only_with_trigger.py
[2021-12-07 12:01:27,439] {processor.py:625} INFO - Processing file /Users/ballakeerthi/opt/anaconda3/lib/python3.8/site-packages/airflow/example_dags/example_latest_only_with_trigger.py for tasks to queue
[2021-12-07 12:01:27,439] {logging_mixin.py:109} INFO - [2021-12-07 12:01:27,439] {dagbag.py:500} INFO - Filling up the DagBag from /Users/ballakeerthi/opt/anaconda3/lib/python3.8/site-packages/airflow/example_dags/example_latest_only_with_trigger.py
[2021-12-07 12:01:27,467] {processor.py:637} INFO - DAG(s) dict_keys(['latest_only_with_trigger']) retrieved from /Users/ballakeerthi/opt/anaconda3/lib/python3.8/site-packages/airflow/example_dags/example_latest_only_with_trigger.py
[2021-12-07 12:01:27,481] {logging_mixin.py:109} INFO - [2021-12-07 12:01:27,481] {dag.py:2396} INFO - Sync 1 DAGs
[2021-12-07 12:01:27,489] {logging_mixin.py:109} INFO - [2021-12-07 12:01:27,489] {dag.py:2928} INFO - Setting next_dagrun for latest_only_with_trigger to 2021-12-07T13:01:27.489450+00:00
[2021-12-07 12:01:27,497] {processor.py:171} INFO - Processing /Users/ballakeerthi/opt/anaconda3/lib/python3.8/site-packages/airflow/example_dags/example_latest_only_with_trigger.py took 0.065 seconds
[2021-12-07 12:04:41,428] {processor.py:163} INFO - Started process (PID=6039) to work on /Users/ballakeerthi/opt/anaconda3/lib/python3.8/site-packages/airflow/example_dags/example_latest_only_with_trigger.py
[2021-12-07 12:04:41,428] {processor.py:625} INFO - Processing file /Users/ballakeerthi/opt/anaconda3/lib/python3.8/site-packages/airflow/example_dags/example_latest_only_with_trigger.py for tasks to queue
[2021-12-07 12:04:41,429] {logging_mixin.py:109} INFO - [2021-12-07 12:04:41,429] {dagbag.py:500} INFO - Filling up the DagBag from /Users/ballakeerthi/opt/anaconda3/lib/python3.8/site-packages/airflow/example_dags/example_latest_only_with_trigger.py
[2021-12-07 12:04:41,464] {processor.py:637} INFO - DAG(s) dict_keys(['latest_only_with_trigger']) retrieved from /Users/ballakeerthi/opt/anaconda3/lib/python3.8/site-packages/airflow/example_dags/example_latest_only_with_trigger.py
[2021-12-07 12:04:41,486] {logging_mixin.py:109} INFO - [2021-12-07 12:04:41,486] {dag.py:2396} INFO - Sync 1 DAGs
[2021-12-07 12:04:41,495] {logging_mixin.py:109} INFO - [2021-12-07 12:04:41,495] {dag.py:2928} INFO - Setting next_dagrun for latest_only_with_trigger to 2021-12-07T13:04:41.494956+00:00
[2021-12-07 12:04:41,501] {processor.py:171} INFO - Processing /Users/ballakeerthi/opt/anaconda3/lib/python3.8/site-packages/airflow/example_dags/example_latest_only_with_trigger.py took 0.074 seconds
[2021-12-07 12:07:35,398] {processor.py:163} INFO - Started process (PID=6151) to work on /Users/ballakeerthi/opt/anaconda3/lib/python3.8/site-packages/airflow/example_dags/example_latest_only_with_trigger.py
[2021-12-07 12:07:35,404] {processor.py:625} INFO - Processing file /Users/ballakeerthi/opt/anaconda3/lib/python3.8/site-packages/airflow/example_dags/example_latest_only_with_trigger.py for tasks to queue
[2021-12-07 12:07:35,405] {logging_mixin.py:109} INFO - [2021-12-07 12:07:35,405] {dagbag.py:500} INFO - Filling up the DagBag from /Users/ballakeerthi/opt/anaconda3/lib/python3.8/site-packages/airflow/example_dags/example_latest_only_with_trigger.py
[2021-12-07 12:07:35,436] {processor.py:637} INFO - DAG(s) dict_keys(['latest_only_with_trigger']) retrieved from /Users/ballakeerthi/opt/anaconda3/lib/python3.8/site-packages/airflow/example_dags/example_latest_only_with_trigger.py
[2021-12-07 12:07:35,450] {logging_mixin.py:109} INFO - [2021-12-07 12:07:35,450] {dag.py:2396} INFO - Sync 1 DAGs
[2021-12-07 12:07:35,465] {logging_mixin.py:109} INFO - [2021-12-07 12:07:35,465] {dag.py:2928} INFO - Setting next_dagrun for latest_only_with_trigger to 2021-12-07T13:07:35.464970+00:00
[2021-12-07 12:07:35,475] {processor.py:171} INFO - Processing /Users/ballakeerthi/opt/anaconda3/lib/python3.8/site-packages/airflow/example_dags/example_latest_only_with_trigger.py took 0.077 seconds
[2021-12-07 12:10:27,461] {processor.py:163} INFO - Started process (PID=6266) to work on /Users/ballakeerthi/opt/anaconda3/lib/python3.8/site-packages/airflow/example_dags/example_latest_only_with_trigger.py
[2021-12-07 12:10:27,467] {processor.py:625} INFO - Processing file /Users/ballakeerthi/opt/anaconda3/lib/python3.8/site-packages/airflow/example_dags/example_latest_only_with_trigger.py for tasks to queue
[2021-12-07 12:10:27,467] {logging_mixin.py:109} INFO - [2021-12-07 12:10:27,467] {dagbag.py:500} INFO - Filling up the DagBag from /Users/ballakeerthi/opt/anaconda3/lib/python3.8/site-packages/airflow/example_dags/example_latest_only_with_trigger.py
[2021-12-07 12:10:27,500] {processor.py:637} INFO - DAG(s) dict_keys(['latest_only_with_trigger']) retrieved from /Users/ballakeerthi/opt/anaconda3/lib/python3.8/site-packages/airflow/example_dags/example_latest_only_with_trigger.py
[2021-12-07 12:10:27,519] {logging_mixin.py:109} INFO - [2021-12-07 12:10:27,519] {dag.py:2396} INFO - Sync 1 DAGs
[2021-12-07 12:10:27,527] {logging_mixin.py:109} INFO - [2021-12-07 12:10:27,527] {dag.py:2928} INFO - Setting next_dagrun for latest_only_with_trigger to 2021-12-07T13:10:27.527469+00:00
[2021-12-07 12:10:27,536] {processor.py:171} INFO - Processing /Users/ballakeerthi/opt/anaconda3/lib/python3.8/site-packages/airflow/example_dags/example_latest_only_with_trigger.py took 0.075 seconds
[2021-12-07 12:13:18,046] {processor.py:163} INFO - Started process (PID=6375) to work on /Users/ballakeerthi/opt/anaconda3/lib/python3.8/site-packages/airflow/example_dags/example_latest_only_with_trigger.py
[2021-12-07 12:13:18,052] {processor.py:625} INFO - Processing file /Users/ballakeerthi/opt/anaconda3/lib/python3.8/site-packages/airflow/example_dags/example_latest_only_with_trigger.py for tasks to queue
[2021-12-07 12:13:18,052] {logging_mixin.py:109} INFO - [2021-12-07 12:13:18,052] {dagbag.py:500} INFO - Filling up the DagBag from /Users/ballakeerthi/opt/anaconda3/lib/python3.8/site-packages/airflow/example_dags/example_latest_only_with_trigger.py
[2021-12-07 12:13:18,087] {processor.py:637} INFO - DAG(s) dict_keys(['latest_only_with_trigger']) retrieved from /Users/ballakeerthi/opt/anaconda3/lib/python3.8/site-packages/airflow/example_dags/example_latest_only_with_trigger.py
[2021-12-07 12:13:18,103] {logging_mixin.py:109} INFO - [2021-12-07 12:13:18,103] {dag.py:2396} INFO - Sync 1 DAGs
[2021-12-07 12:13:18,113] {logging_mixin.py:109} INFO - [2021-12-07 12:13:18,112] {dag.py:2928} INFO - Setting next_dagrun for latest_only_with_trigger to 2021-12-07T13:13:18.112834+00:00
[2021-12-07 12:13:18,122] {processor.py:171} INFO - Processing /Users/ballakeerthi/opt/anaconda3/lib/python3.8/site-packages/airflow/example_dags/example_latest_only_with_trigger.py took 0.077 seconds
[2021-12-07 12:16:18,796] {processor.py:163} INFO - Started process (PID=6488) to work on /Users/ballakeerthi/opt/anaconda3/lib/python3.8/site-packages/airflow/example_dags/example_latest_only_with_trigger.py
[2021-12-07 12:16:18,802] {processor.py:625} INFO - Processing file /Users/ballakeerthi/opt/anaconda3/lib/python3.8/site-packages/airflow/example_dags/example_latest_only_with_trigger.py for tasks to queue
[2021-12-07 12:16:18,803] {logging_mixin.py:109} INFO - [2021-12-07 12:16:18,803] {dagbag.py:500} INFO - Filling up the DagBag from /Users/ballakeerthi/opt/anaconda3/lib/python3.8/site-packages/airflow/example_dags/example_latest_only_with_trigger.py
[2021-12-07 12:16:18,834] {processor.py:637} INFO - DAG(s) dict_keys(['latest_only_with_trigger']) retrieved from /Users/ballakeerthi/opt/anaconda3/lib/python3.8/site-packages/airflow/example_dags/example_latest_only_with_trigger.py
[2021-12-07 12:16:18,849] {logging_mixin.py:109} INFO - [2021-12-07 12:16:18,849] {dag.py:2396} INFO - Sync 1 DAGs
[2021-12-07 12:16:18,859] {logging_mixin.py:109} INFO - [2021-12-07 12:16:18,858] {dag.py:2928} INFO - Setting next_dagrun for latest_only_with_trigger to 2021-12-07T13:16:18.858623+00:00
[2021-12-07 12:16:18,867] {processor.py:171} INFO - Processing /Users/ballakeerthi/opt/anaconda3/lib/python3.8/site-packages/airflow/example_dags/example_latest_only_with_trigger.py took 0.071 seconds
[2021-12-07 12:19:22,633] {processor.py:163} INFO - Started process (PID=6596) to work on /Users/ballakeerthi/opt/anaconda3/lib/python3.8/site-packages/airflow/example_dags/example_latest_only_with_trigger.py
[2021-12-07 12:19:22,639] {processor.py:625} INFO - Processing file /Users/ballakeerthi/opt/anaconda3/lib/python3.8/site-packages/airflow/example_dags/example_latest_only_with_trigger.py for tasks to queue
[2021-12-07 12:19:22,640] {logging_mixin.py:109} INFO - [2021-12-07 12:19:22,640] {dagbag.py:500} INFO - Filling up the DagBag from /Users/ballakeerthi/opt/anaconda3/lib/python3.8/site-packages/airflow/example_dags/example_latest_only_with_trigger.py
[2021-12-07 12:19:22,671] {processor.py:637} INFO - DAG(s) dict_keys(['latest_only_with_trigger']) retrieved from /Users/ballakeerthi/opt/anaconda3/lib/python3.8/site-packages/airflow/example_dags/example_latest_only_with_trigger.py
[2021-12-07 12:19:22,687] {logging_mixin.py:109} INFO - [2021-12-07 12:19:22,687] {dag.py:2396} INFO - Sync 1 DAGs
[2021-12-07 12:19:22,696] {logging_mixin.py:109} INFO - [2021-12-07 12:19:22,696] {dag.py:2928} INFO - Setting next_dagrun for latest_only_with_trigger to 2021-12-07T13:19:22.695672+00:00
[2021-12-07 12:19:22,704] {processor.py:171} INFO - Processing /Users/ballakeerthi/opt/anaconda3/lib/python3.8/site-packages/airflow/example_dags/example_latest_only_with_trigger.py took 0.071 seconds
[2021-12-07 12:22:12,185] {processor.py:163} INFO - Started process (PID=6707) to work on /Users/ballakeerthi/opt/anaconda3/lib/python3.8/site-packages/airflow/example_dags/example_latest_only_with_trigger.py
[2021-12-07 12:22:12,191] {processor.py:625} INFO - Processing file /Users/ballakeerthi/opt/anaconda3/lib/python3.8/site-packages/airflow/example_dags/example_latest_only_with_trigger.py for tasks to queue
[2021-12-07 12:22:12,192] {logging_mixin.py:109} INFO - [2021-12-07 12:22:12,192] {dagbag.py:500} INFO - Filling up the DagBag from /Users/ballakeerthi/opt/anaconda3/lib/python3.8/site-packages/airflow/example_dags/example_latest_only_with_trigger.py
[2021-12-07 12:22:12,232] {processor.py:637} INFO - DAG(s) dict_keys(['latest_only_with_trigger']) retrieved from /Users/ballakeerthi/opt/anaconda3/lib/python3.8/site-packages/airflow/example_dags/example_latest_only_with_trigger.py
[2021-12-07 12:22:12,251] {logging_mixin.py:109} INFO - [2021-12-07 12:22:12,251] {dag.py:2396} INFO - Sync 1 DAGs
[2021-12-07 12:22:12,259] {logging_mixin.py:109} INFO - [2021-12-07 12:22:12,259] {dag.py:2928} INFO - Setting next_dagrun for latest_only_with_trigger to 2021-12-07T13:22:12.259273+00:00
[2021-12-07 12:22:12,268] {processor.py:171} INFO - Processing /Users/ballakeerthi/opt/anaconda3/lib/python3.8/site-packages/airflow/example_dags/example_latest_only_with_trigger.py took 0.084 seconds
[2021-12-07 12:24:55,530] {processor.py:163} INFO - Started process (PID=6815) to work on /Users/ballakeerthi/opt/anaconda3/lib/python3.8/site-packages/airflow/example_dags/example_latest_only_with_trigger.py
[2021-12-07 12:24:55,536] {processor.py:625} INFO - Processing file /Users/ballakeerthi/opt/anaconda3/lib/python3.8/site-packages/airflow/example_dags/example_latest_only_with_trigger.py for tasks to queue
[2021-12-07 12:24:55,536] {logging_mixin.py:109} INFO - [2021-12-07 12:24:55,536] {dagbag.py:500} INFO - Filling up the DagBag from /Users/ballakeerthi/opt/anaconda3/lib/python3.8/site-packages/airflow/example_dags/example_latest_only_with_trigger.py
[2021-12-07 12:24:55,565] {processor.py:637} INFO - DAG(s) dict_keys(['latest_only_with_trigger']) retrieved from /Users/ballakeerthi/opt/anaconda3/lib/python3.8/site-packages/airflow/example_dags/example_latest_only_with_trigger.py
[2021-12-07 12:24:55,578] {logging_mixin.py:109} INFO - [2021-12-07 12:24:55,578] {dag.py:2396} INFO - Sync 1 DAGs
[2021-12-07 12:24:55,585] {logging_mixin.py:109} INFO - [2021-12-07 12:24:55,585] {dag.py:2928} INFO - Setting next_dagrun for latest_only_with_trigger to 2021-12-07T13:24:55.585408+00:00
[2021-12-07 12:24:55,595] {processor.py:171} INFO - Processing /Users/ballakeerthi/opt/anaconda3/lib/python3.8/site-packages/airflow/example_dags/example_latest_only_with_trigger.py took 0.065 seconds
[2021-12-07 13:25:01,938] {processor.py:163} INFO - Started process (PID=6995) to work on /Users/ballakeerthi/opt/anaconda3/lib/python3.8/site-packages/airflow/example_dags/example_latest_only_with_trigger.py
[2021-12-07 13:25:01,944] {processor.py:625} INFO - Processing file /Users/ballakeerthi/opt/anaconda3/lib/python3.8/site-packages/airflow/example_dags/example_latest_only_with_trigger.py for tasks to queue
[2021-12-07 13:25:01,945] {logging_mixin.py:109} INFO - [2021-12-07 13:25:01,944] {dagbag.py:500} INFO - Filling up the DagBag from /Users/ballakeerthi/opt/anaconda3/lib/python3.8/site-packages/airflow/example_dags/example_latest_only_with_trigger.py
[2021-12-07 13:25:01,974] {processor.py:637} INFO - DAG(s) dict_keys(['latest_only_with_trigger']) retrieved from /Users/ballakeerthi/opt/anaconda3/lib/python3.8/site-packages/airflow/example_dags/example_latest_only_with_trigger.py
[2021-12-07 13:25:01,987] {logging_mixin.py:109} INFO - [2021-12-07 13:25:01,987] {dag.py:2396} INFO - Sync 1 DAGs
[2021-12-07 13:25:01,994] {logging_mixin.py:109} INFO - [2021-12-07 13:25:01,994] {dag.py:2928} INFO - Setting next_dagrun for latest_only_with_trigger to 2021-12-07T14:25:01.994662+00:00
[2021-12-07 13:25:02,000] {processor.py:171} INFO - Processing /Users/ballakeerthi/opt/anaconda3/lib/python3.8/site-packages/airflow/example_dags/example_latest_only_with_trigger.py took 0.063 seconds
[2021-12-07 13:26:52,920] {processor.py:163} INFO - Started process (PID=7075) to work on /Users/ballakeerthi/opt/anaconda3/lib/python3.8/site-packages/airflow/example_dags/example_latest_only_with_trigger.py
[2021-12-07 13:26:52,926] {processor.py:625} INFO - Processing file /Users/ballakeerthi/opt/anaconda3/lib/python3.8/site-packages/airflow/example_dags/example_latest_only_with_trigger.py for tasks to queue
[2021-12-07 13:26:52,926] {logging_mixin.py:109} INFO - [2021-12-07 13:26:52,926] {dagbag.py:500} INFO - Filling up the DagBag from /Users/ballakeerthi/opt/anaconda3/lib/python3.8/site-packages/airflow/example_dags/example_latest_only_with_trigger.py
[2021-12-07 13:26:52,956] {processor.py:637} INFO - DAG(s) dict_keys(['latest_only_with_trigger']) retrieved from /Users/ballakeerthi/opt/anaconda3/lib/python3.8/site-packages/airflow/example_dags/example_latest_only_with_trigger.py
[2021-12-07 13:26:52,969] {logging_mixin.py:109} INFO - [2021-12-07 13:26:52,969] {dag.py:2396} INFO - Sync 1 DAGs
[2021-12-07 13:26:52,976] {logging_mixin.py:109} INFO - [2021-12-07 13:26:52,976] {dag.py:2928} INFO - Setting next_dagrun for latest_only_with_trigger to 2021-12-07T14:26:52.976533+00:00
[2021-12-07 13:26:52,985] {processor.py:171} INFO - Processing /Users/ballakeerthi/opt/anaconda3/lib/python3.8/site-packages/airflow/example_dags/example_latest_only_with_trigger.py took 0.065 seconds
[2021-12-07 13:29:18,541] {processor.py:163} INFO - Started process (PID=7180) to work on /Users/ballakeerthi/opt/anaconda3/lib/python3.8/site-packages/airflow/example_dags/example_latest_only_with_trigger.py
[2021-12-07 13:29:18,547] {processor.py:625} INFO - Processing file /Users/ballakeerthi/opt/anaconda3/lib/python3.8/site-packages/airflow/example_dags/example_latest_only_with_trigger.py for tasks to queue
[2021-12-07 13:29:18,548] {logging_mixin.py:109} INFO - [2021-12-07 13:29:18,548] {dagbag.py:500} INFO - Filling up the DagBag from /Users/ballakeerthi/opt/anaconda3/lib/python3.8/site-packages/airflow/example_dags/example_latest_only_with_trigger.py
[2021-12-07 13:29:18,576] {processor.py:637} INFO - DAG(s) dict_keys(['latest_only_with_trigger']) retrieved from /Users/ballakeerthi/opt/anaconda3/lib/python3.8/site-packages/airflow/example_dags/example_latest_only_with_trigger.py
[2021-12-07 13:29:18,588] {logging_mixin.py:109} INFO - [2021-12-07 13:29:18,588] {dag.py:2396} INFO - Sync 1 DAGs
[2021-12-07 13:29:18,595] {logging_mixin.py:109} INFO - [2021-12-07 13:29:18,595] {dag.py:2928} INFO - Setting next_dagrun for latest_only_with_trigger to 2021-12-07T14:29:18.595668+00:00
[2021-12-07 13:29:18,604] {processor.py:171} INFO - Processing /Users/ballakeerthi/opt/anaconda3/lib/python3.8/site-packages/airflow/example_dags/example_latest_only_with_trigger.py took 0.063 seconds
[2021-12-07 13:31:32,567] {processor.py:163} INFO - Started process (PID=7286) to work on /Users/ballakeerthi/opt/anaconda3/lib/python3.8/site-packages/airflow/example_dags/example_latest_only_with_trigger.py
[2021-12-07 13:31:32,568] {processor.py:625} INFO - Processing file /Users/ballakeerthi/opt/anaconda3/lib/python3.8/site-packages/airflow/example_dags/example_latest_only_with_trigger.py for tasks to queue
[2021-12-07 13:31:32,568] {logging_mixin.py:109} INFO - [2021-12-07 13:31:32,568] {dagbag.py:500} INFO - Filling up the DagBag from /Users/ballakeerthi/opt/anaconda3/lib/python3.8/site-packages/airflow/example_dags/example_latest_only_with_trigger.py
[2021-12-07 13:31:32,602] {processor.py:637} INFO - DAG(s) dict_keys(['latest_only_with_trigger']) retrieved from /Users/ballakeerthi/opt/anaconda3/lib/python3.8/site-packages/airflow/example_dags/example_latest_only_with_trigger.py
[2021-12-07 13:31:32,615] {logging_mixin.py:109} INFO - [2021-12-07 13:31:32,614] {dag.py:2396} INFO - Sync 1 DAGs
[2021-12-07 13:31:32,622] {logging_mixin.py:109} INFO - [2021-12-07 13:31:32,622] {dag.py:2928} INFO - Setting next_dagrun for latest_only_with_trigger to 2021-12-07T14:31:32.622433+00:00
[2021-12-07 13:31:32,628] {processor.py:171} INFO - Processing /Users/ballakeerthi/opt/anaconda3/lib/python3.8/site-packages/airflow/example_dags/example_latest_only_with_trigger.py took 0.061 seconds
[2021-12-07 13:33:58,235] {processor.py:163} INFO - Started process (PID=7392) to work on /Users/ballakeerthi/opt/anaconda3/lib/python3.8/site-packages/airflow/example_dags/example_latest_only_with_trigger.py
[2021-12-07 13:33:58,239] {processor.py:625} INFO - Processing file /Users/ballakeerthi/opt/anaconda3/lib/python3.8/site-packages/airflow/example_dags/example_latest_only_with_trigger.py for tasks to queue
[2021-12-07 13:33:58,239] {logging_mixin.py:109} INFO - [2021-12-07 13:33:58,239] {dagbag.py:500} INFO - Filling up the DagBag from /Users/ballakeerthi/opt/anaconda3/lib/python3.8/site-packages/airflow/example_dags/example_latest_only_with_trigger.py
[2021-12-07 13:33:58,342] {processor.py:637} INFO - DAG(s) dict_keys(['latest_only_with_trigger']) retrieved from /Users/ballakeerthi/opt/anaconda3/lib/python3.8/site-packages/airflow/example_dags/example_latest_only_with_trigger.py
[2021-12-07 13:33:58,374] {logging_mixin.py:109} INFO - [2021-12-07 13:33:58,374] {dag.py:2396} INFO - Sync 1 DAGs
[2021-12-07 13:33:58,385] {logging_mixin.py:109} INFO - [2021-12-07 13:33:58,385] {dag.py:2928} INFO - Setting next_dagrun for latest_only_with_trigger to 2021-12-07T14:33:58.385572+00:00
[2021-12-07 13:33:58,396] {processor.py:171} INFO - Processing /Users/ballakeerthi/opt/anaconda3/lib/python3.8/site-packages/airflow/example_dags/example_latest_only_with_trigger.py took 0.162 seconds
[2021-12-07 13:37:00,761] {processor.py:163} INFO - Started process (PID=7565) to work on /Users/ballakeerthi/opt/anaconda3/lib/python3.8/site-packages/airflow/example_dags/example_latest_only_with_trigger.py
[2021-12-07 13:37:00,762] {processor.py:625} INFO - Processing file /Users/ballakeerthi/opt/anaconda3/lib/python3.8/site-packages/airflow/example_dags/example_latest_only_with_trigger.py for tasks to queue
[2021-12-07 13:37:00,762] {logging_mixin.py:109} INFO - [2021-12-07 13:37:00,762] {dagbag.py:500} INFO - Filling up the DagBag from /Users/ballakeerthi/opt/anaconda3/lib/python3.8/site-packages/airflow/example_dags/example_latest_only_with_trigger.py
[2021-12-07 13:37:00,788] {processor.py:637} INFO - DAG(s) dict_keys(['latest_only_with_trigger']) retrieved from /Users/ballakeerthi/opt/anaconda3/lib/python3.8/site-packages/airflow/example_dags/example_latest_only_with_trigger.py
[2021-12-07 13:37:00,801] {logging_mixin.py:109} INFO - [2021-12-07 13:37:00,801] {dag.py:2396} INFO - Sync 1 DAGs
[2021-12-07 13:37:00,808] {logging_mixin.py:109} INFO - [2021-12-07 13:37:00,808] {dag.py:2928} INFO - Setting next_dagrun for latest_only_with_trigger to 2021-12-07T14:37:00.808233+00:00
[2021-12-07 13:37:00,816] {processor.py:171} INFO - Processing /Users/ballakeerthi/opt/anaconda3/lib/python3.8/site-packages/airflow/example_dags/example_latest_only_with_trigger.py took 0.056 seconds
[2021-12-07 13:39:50,886] {processor.py:163} INFO - Started process (PID=7739) to work on /Users/ballakeerthi/opt/anaconda3/lib/python3.8/site-packages/airflow/example_dags/example_latest_only_with_trigger.py
[2021-12-07 13:39:50,892] {processor.py:625} INFO - Processing file /Users/ballakeerthi/opt/anaconda3/lib/python3.8/site-packages/airflow/example_dags/example_latest_only_with_trigger.py for tasks to queue
[2021-12-07 13:39:50,892] {logging_mixin.py:109} INFO - [2021-12-07 13:39:50,892] {dagbag.py:500} INFO - Filling up the DagBag from /Users/ballakeerthi/opt/anaconda3/lib/python3.8/site-packages/airflow/example_dags/example_latest_only_with_trigger.py
[2021-12-07 13:39:50,927] {processor.py:637} INFO - DAG(s) dict_keys(['latest_only_with_trigger']) retrieved from /Users/ballakeerthi/opt/anaconda3/lib/python3.8/site-packages/airflow/example_dags/example_latest_only_with_trigger.py
[2021-12-07 13:39:50,946] {logging_mixin.py:109} INFO - [2021-12-07 13:39:50,946] {dag.py:2396} INFO - Sync 1 DAGs
[2021-12-07 13:39:50,955] {logging_mixin.py:109} INFO - [2021-12-07 13:39:50,955] {dag.py:2928} INFO - Setting next_dagrun for latest_only_with_trigger to 2021-12-07T14:39:50.955316+00:00
[2021-12-07 13:39:50,963] {processor.py:171} INFO - Processing /Users/ballakeerthi/opt/anaconda3/lib/python3.8/site-packages/airflow/example_dags/example_latest_only_with_trigger.py took 0.078 seconds
[2021-12-07 13:42:22,886] {processor.py:163} INFO - Started process (PID=7857) to work on /Users/ballakeerthi/opt/anaconda3/lib/python3.8/site-packages/airflow/example_dags/example_latest_only_with_trigger.py
[2021-12-07 13:42:22,888] {processor.py:625} INFO - Processing file /Users/ballakeerthi/opt/anaconda3/lib/python3.8/site-packages/airflow/example_dags/example_latest_only_with_trigger.py for tasks to queue
[2021-12-07 13:42:22,889] {logging_mixin.py:109} INFO - [2021-12-07 13:42:22,889] {dagbag.py:500} INFO - Filling up the DagBag from /Users/ballakeerthi/opt/anaconda3/lib/python3.8/site-packages/airflow/example_dags/example_latest_only_with_trigger.py
[2021-12-07 13:42:22,917] {processor.py:637} INFO - DAG(s) dict_keys(['latest_only_with_trigger']) retrieved from /Users/ballakeerthi/opt/anaconda3/lib/python3.8/site-packages/airflow/example_dags/example_latest_only_with_trigger.py
[2021-12-07 13:42:22,930] {logging_mixin.py:109} INFO - [2021-12-07 13:42:22,930] {dag.py:2396} INFO - Sync 1 DAGs
[2021-12-07 13:42:22,944] {logging_mixin.py:109} INFO - [2021-12-07 13:42:22,944] {dag.py:2928} INFO - Setting next_dagrun for latest_only_with_trigger to 2021-12-07T14:42:22.944243+00:00
[2021-12-07 13:42:22,955] {processor.py:171} INFO - Processing /Users/ballakeerthi/opt/anaconda3/lib/python3.8/site-packages/airflow/example_dags/example_latest_only_with_trigger.py took 0.070 seconds
[2021-12-07 14:06:42,322] {processor.py:163} INFO - Started process (PID=8212) to work on /Users/ballakeerthi/opt/anaconda3/lib/python3.8/site-packages/airflow/example_dags/example_latest_only_with_trigger.py
[2021-12-07 14:06:42,322] {processor.py:625} INFO - Processing file /Users/ballakeerthi/opt/anaconda3/lib/python3.8/site-packages/airflow/example_dags/example_latest_only_with_trigger.py for tasks to queue
[2021-12-07 14:06:42,323] {logging_mixin.py:109} INFO - [2021-12-07 14:06:42,323] {dagbag.py:500} INFO - Filling up the DagBag from /Users/ballakeerthi/opt/anaconda3/lib/python3.8/site-packages/airflow/example_dags/example_latest_only_with_trigger.py
[2021-12-07 14:06:42,351] {processor.py:637} INFO - DAG(s) dict_keys(['latest_only_with_trigger']) retrieved from /Users/ballakeerthi/opt/anaconda3/lib/python3.8/site-packages/airflow/example_dags/example_latest_only_with_trigger.py
[2021-12-07 14:06:42,369] {logging_mixin.py:109} INFO - [2021-12-07 14:06:42,369] {dag.py:2396} INFO - Sync 1 DAGs
[2021-12-07 14:06:42,380] {logging_mixin.py:109} INFO - [2021-12-07 14:06:42,380] {dag.py:2928} INFO - Setting next_dagrun for latest_only_with_trigger to 2021-12-07T15:06:42.380620+00:00
[2021-12-07 14:06:42,387] {processor.py:171} INFO - Processing /Users/ballakeerthi/opt/anaconda3/lib/python3.8/site-packages/airflow/example_dags/example_latest_only_with_trigger.py took 0.066 seconds
