[2021-12-07 10:55:56,998] {processor.py:163} INFO - Started process (PID=2699) to work on /Users/ballakeerthi/opt/anaconda3/envs/airflow/lib/python3.9/site-packages/airflow/example_dags/example_short_circuit_operator.py
[2021-12-07 10:55:56,998] {processor.py:625} INFO - Processing file /Users/ballakeerthi/opt/anaconda3/envs/airflow/lib/python3.9/site-packages/airflow/example_dags/example_short_circuit_operator.py for tasks to queue
[2021-12-07 10:55:57,000] {logging_mixin.py:109} INFO - [2021-12-07 10:55:57,000] {dagbag.py:500} INFO - Filling up the DagBag from /Users/ballakeerthi/opt/anaconda3/envs/airflow/lib/python3.9/site-packages/airflow/example_dags/example_short_circuit_operator.py
[2021-12-07 10:55:57,054] {processor.py:637} INFO - DAG(s) dict_keys(['example_short_circuit_operator']) retrieved from /Users/ballakeerthi/opt/anaconda3/envs/airflow/lib/python3.9/site-packages/airflow/example_dags/example_short_circuit_operator.py
[2021-12-07 10:55:57,069] {logging_mixin.py:109} INFO - [2021-12-07 10:55:57,069] {dag.py:2396} INFO - Sync 1 DAGs
[2021-12-07 10:55:57,077] {logging_mixin.py:109} INFO - [2021-12-07 10:55:57,077] {dag.py:2928} INFO - Setting next_dagrun for example_short_circuit_operator to 2021-12-06T15:55:57.077278+00:00
[2021-12-07 10:55:57,083] {processor.py:171} INFO - Processing /Users/ballakeerthi/opt/anaconda3/envs/airflow/lib/python3.9/site-packages/airflow/example_dags/example_short_circuit_operator.py took 0.086 seconds
[2021-12-07 10:57:48,062] {processor.py:163} INFO - Started process (PID=2799) to work on /Users/ballakeerthi/opt/anaconda3/envs/airflow/lib/python3.9/site-packages/airflow/example_dags/example_short_circuit_operator.py
[2021-12-07 10:57:48,064] {processor.py:625} INFO - Processing file /Users/ballakeerthi/opt/anaconda3/envs/airflow/lib/python3.9/site-packages/airflow/example_dags/example_short_circuit_operator.py for tasks to queue
[2021-12-07 10:57:48,067] {logging_mixin.py:109} INFO - [2021-12-07 10:57:48,066] {dagbag.py:500} INFO - Filling up the DagBag from /Users/ballakeerthi/opt/anaconda3/envs/airflow/lib/python3.9/site-packages/airflow/example_dags/example_short_circuit_operator.py
[2021-12-07 10:57:48,120] {processor.py:637} INFO - DAG(s) dict_keys(['example_short_circuit_operator']) retrieved from /Users/ballakeerthi/opt/anaconda3/envs/airflow/lib/python3.9/site-packages/airflow/example_dags/example_short_circuit_operator.py
[2021-12-07 10:57:48,137] {logging_mixin.py:109} INFO - [2021-12-07 10:57:48,137] {dag.py:2396} INFO - Sync 1 DAGs
[2021-12-07 10:57:48,147] {logging_mixin.py:109} INFO - [2021-12-07 10:57:48,147] {dag.py:2928} INFO - Setting next_dagrun for example_short_circuit_operator to 2021-12-06T15:57:48.147573+00:00
[2021-12-07 10:57:48,155] {processor.py:171} INFO - Processing /Users/ballakeerthi/opt/anaconda3/envs/airflow/lib/python3.9/site-packages/airflow/example_dags/example_short_circuit_operator.py took 0.093 seconds
[2021-12-07 11:01:50,453] {processor.py:163} INFO - Started process (PID=3246) to work on /Users/ballakeerthi/opt/anaconda3/envs/airflow/lib/python3.9/site-packages/airflow/example_dags/example_short_circuit_operator.py
[2021-12-07 11:01:50,454] {processor.py:625} INFO - Processing file /Users/ballakeerthi/opt/anaconda3/envs/airflow/lib/python3.9/site-packages/airflow/example_dags/example_short_circuit_operator.py for tasks to queue
[2021-12-07 11:01:50,455] {logging_mixin.py:109} INFO - [2021-12-07 11:01:50,455] {dagbag.py:500} INFO - Filling up the DagBag from /Users/ballakeerthi/opt/anaconda3/envs/airflow/lib/python3.9/site-packages/airflow/example_dags/example_short_circuit_operator.py
[2021-12-07 11:01:50,508] {processor.py:637} INFO - DAG(s) dict_keys(['example_short_circuit_operator']) retrieved from /Users/ballakeerthi/opt/anaconda3/envs/airflow/lib/python3.9/site-packages/airflow/example_dags/example_short_circuit_operator.py
[2021-12-07 11:01:50,526] {logging_mixin.py:109} INFO - [2021-12-07 11:01:50,526] {dag.py:2396} INFO - Sync 1 DAGs
[2021-12-07 11:01:50,534] {logging_mixin.py:109} INFO - [2021-12-07 11:01:50,533] {dag.py:2928} INFO - Setting next_dagrun for example_short_circuit_operator to 2021-12-06T16:01:50.533781+00:00
[2021-12-07 11:01:50,541] {processor.py:171} INFO - Processing /Users/ballakeerthi/opt/anaconda3/envs/airflow/lib/python3.9/site-packages/airflow/example_dags/example_short_circuit_operator.py took 0.088 seconds
[2021-12-07 11:03:38,944] {processor.py:163} INFO - Started process (PID=3439) to work on /Users/ballakeerthi/opt/anaconda3/envs/airflow/lib/python3.9/site-packages/airflow/example_dags/example_short_circuit_operator.py
[2021-12-07 11:03:38,945] {processor.py:625} INFO - Processing file /Users/ballakeerthi/opt/anaconda3/envs/airflow/lib/python3.9/site-packages/airflow/example_dags/example_short_circuit_operator.py for tasks to queue
[2021-12-07 11:03:38,946] {logging_mixin.py:109} INFO - [2021-12-07 11:03:38,946] {dagbag.py:500} INFO - Filling up the DagBag from /Users/ballakeerthi/opt/anaconda3/envs/airflow/lib/python3.9/site-packages/airflow/example_dags/example_short_circuit_operator.py
[2021-12-07 11:03:38,997] {processor.py:637} INFO - DAG(s) dict_keys(['example_short_circuit_operator']) retrieved from /Users/ballakeerthi/opt/anaconda3/envs/airflow/lib/python3.9/site-packages/airflow/example_dags/example_short_circuit_operator.py
[2021-12-07 11:03:39,017] {logging_mixin.py:109} INFO - [2021-12-07 11:03:39,017] {dag.py:2396} INFO - Sync 1 DAGs
[2021-12-07 11:03:39,026] {logging_mixin.py:109} INFO - [2021-12-07 11:03:39,026] {dag.py:2928} INFO - Setting next_dagrun for example_short_circuit_operator to 2021-12-06T16:03:39.026781+00:00
[2021-12-07 11:03:39,035] {processor.py:171} INFO - Processing /Users/ballakeerthi/opt/anaconda3/envs/airflow/lib/python3.9/site-packages/airflow/example_dags/example_short_circuit_operator.py took 0.092 seconds
[2021-12-07 11:06:06,329] {processor.py:163} INFO - Started process (PID=3534) to work on /Users/ballakeerthi/opt/anaconda3/envs/airflow/lib/python3.9/site-packages/airflow/example_dags/example_short_circuit_operator.py
[2021-12-07 11:06:06,330] {processor.py:625} INFO - Processing file /Users/ballakeerthi/opt/anaconda3/envs/airflow/lib/python3.9/site-packages/airflow/example_dags/example_short_circuit_operator.py for tasks to queue
[2021-12-07 11:06:06,331] {logging_mixin.py:109} INFO - [2021-12-07 11:06:06,331] {dagbag.py:500} INFO - Filling up the DagBag from /Users/ballakeerthi/opt/anaconda3/envs/airflow/lib/python3.9/site-packages/airflow/example_dags/example_short_circuit_operator.py
[2021-12-07 11:06:06,371] {processor.py:637} INFO - DAG(s) dict_keys(['example_short_circuit_operator']) retrieved from /Users/ballakeerthi/opt/anaconda3/envs/airflow/lib/python3.9/site-packages/airflow/example_dags/example_short_circuit_operator.py
[2021-12-07 11:06:06,387] {logging_mixin.py:109} INFO - [2021-12-07 11:06:06,387] {dag.py:2396} INFO - Sync 1 DAGs
[2021-12-07 11:06:06,394] {logging_mixin.py:109} INFO - [2021-12-07 11:06:06,394] {dag.py:2928} INFO - Setting next_dagrun for example_short_circuit_operator to 2021-12-06T16:06:06.394272+00:00
[2021-12-07 11:06:06,403] {processor.py:171} INFO - Processing /Users/ballakeerthi/opt/anaconda3/envs/airflow/lib/python3.9/site-packages/airflow/example_dags/example_short_circuit_operator.py took 0.074 seconds
[2021-12-07 11:08:51,714] {processor.py:163} INFO - Started process (PID=3604) to work on /Users/ballakeerthi/opt/anaconda3/lib/python3.8/site-packages/airflow/example_dags/example_short_circuit_operator.py
[2021-12-07 11:08:51,716] {processor.py:625} INFO - Processing file /Users/ballakeerthi/opt/anaconda3/lib/python3.8/site-packages/airflow/example_dags/example_short_circuit_operator.py for tasks to queue
[2021-12-07 11:08:51,716] {logging_mixin.py:109} INFO - [2021-12-07 11:08:51,716] {dagbag.py:500} INFO - Filling up the DagBag from /Users/ballakeerthi/opt/anaconda3/lib/python3.8/site-packages/airflow/example_dags/example_short_circuit_operator.py
[2021-12-07 11:08:51,768] {processor.py:637} INFO - DAG(s) dict_keys(['example_short_circuit_operator']) retrieved from /Users/ballakeerthi/opt/anaconda3/lib/python3.8/site-packages/airflow/example_dags/example_short_circuit_operator.py
[2021-12-07 11:08:51,996] {logging_mixin.py:109} INFO - [2021-12-07 11:08:51,996] {dag.py:2396} INFO - Sync 1 DAGs
[2021-12-07 11:08:52,003] {logging_mixin.py:109} INFO - [2021-12-07 11:08:52,003] {dag.py:2928} INFO - Setting next_dagrun for example_short_circuit_operator to 2021-12-06T16:08:52.003679+00:00
[2021-12-07 11:08:52,014] {processor.py:171} INFO - Processing /Users/ballakeerthi/opt/anaconda3/lib/python3.8/site-packages/airflow/example_dags/example_short_circuit_operator.py took 0.301 seconds
[2021-12-07 11:10:57,586] {processor.py:163} INFO - Started process (PID=3692) to work on /Users/ballakeerthi/opt/anaconda3/lib/python3.8/site-packages/airflow/example_dags/example_short_circuit_operator.py
[2021-12-07 11:10:57,587] {processor.py:625} INFO - Processing file /Users/ballakeerthi/opt/anaconda3/lib/python3.8/site-packages/airflow/example_dags/example_short_circuit_operator.py for tasks to queue
[2021-12-07 11:10:57,588] {logging_mixin.py:109} INFO - [2021-12-07 11:10:57,587] {dagbag.py:500} INFO - Filling up the DagBag from /Users/ballakeerthi/opt/anaconda3/lib/python3.8/site-packages/airflow/example_dags/example_short_circuit_operator.py
[2021-12-07 11:10:57,637] {processor.py:637} INFO - DAG(s) dict_keys(['example_short_circuit_operator']) retrieved from /Users/ballakeerthi/opt/anaconda3/lib/python3.8/site-packages/airflow/example_dags/example_short_circuit_operator.py
[2021-12-07 11:10:57,654] {logging_mixin.py:109} INFO - [2021-12-07 11:10:57,654] {dag.py:2396} INFO - Sync 1 DAGs
[2021-12-07 11:10:57,663] {logging_mixin.py:109} INFO - [2021-12-07 11:10:57,663] {dag.py:2928} INFO - Setting next_dagrun for example_short_circuit_operator to 2021-12-06T16:10:57.663290+00:00
[2021-12-07 11:10:57,672] {processor.py:171} INFO - Processing /Users/ballakeerthi/opt/anaconda3/lib/python3.8/site-packages/airflow/example_dags/example_short_circuit_operator.py took 0.086 seconds
[2021-12-07 11:12:25,223] {processor.py:163} INFO - Started process (PID=3759) to work on /Users/ballakeerthi/opt/anaconda3/lib/python3.8/site-packages/airflow/example_dags/example_short_circuit_operator.py
[2021-12-07 11:12:25,226] {processor.py:625} INFO - Processing file /Users/ballakeerthi/opt/anaconda3/lib/python3.8/site-packages/airflow/example_dags/example_short_circuit_operator.py for tasks to queue
[2021-12-07 11:12:25,226] {logging_mixin.py:109} INFO - [2021-12-07 11:12:25,226] {dagbag.py:500} INFO - Filling up the DagBag from /Users/ballakeerthi/opt/anaconda3/lib/python3.8/site-packages/airflow/example_dags/example_short_circuit_operator.py
[2021-12-07 11:12:25,270] {processor.py:637} INFO - DAG(s) dict_keys(['example_short_circuit_operator']) retrieved from /Users/ballakeerthi/opt/anaconda3/lib/python3.8/site-packages/airflow/example_dags/example_short_circuit_operator.py
[2021-12-07 11:12:25,287] {logging_mixin.py:109} INFO - [2021-12-07 11:12:25,287] {dag.py:2396} INFO - Sync 1 DAGs
[2021-12-07 11:12:25,295] {logging_mixin.py:109} INFO - [2021-12-07 11:12:25,295] {dag.py:2928} INFO - Setting next_dagrun for example_short_circuit_operator to 2021-12-06T16:12:25.295148+00:00
[2021-12-07 11:12:25,304] {processor.py:171} INFO - Processing /Users/ballakeerthi/opt/anaconda3/lib/python3.8/site-packages/airflow/example_dags/example_short_circuit_operator.py took 0.081 seconds
[2021-12-07 11:13:48,567] {processor.py:163} INFO - Started process (PID=3820) to work on /Users/ballakeerthi/opt/anaconda3/lib/python3.8/site-packages/airflow/example_dags/example_short_circuit_operator.py
[2021-12-07 11:13:48,568] {processor.py:625} INFO - Processing file /Users/ballakeerthi/opt/anaconda3/lib/python3.8/site-packages/airflow/example_dags/example_short_circuit_operator.py for tasks to queue
[2021-12-07 11:13:48,568] {logging_mixin.py:109} INFO - [2021-12-07 11:13:48,568] {dagbag.py:500} INFO - Filling up the DagBag from /Users/ballakeerthi/opt/anaconda3/lib/python3.8/site-packages/airflow/example_dags/example_short_circuit_operator.py
[2021-12-07 11:13:48,610] {processor.py:637} INFO - DAG(s) dict_keys(['example_short_circuit_operator']) retrieved from /Users/ballakeerthi/opt/anaconda3/lib/python3.8/site-packages/airflow/example_dags/example_short_circuit_operator.py
[2021-12-07 11:13:48,624] {logging_mixin.py:109} INFO - [2021-12-07 11:13:48,624] {dag.py:2396} INFO - Sync 1 DAGs
[2021-12-07 11:13:48,632] {logging_mixin.py:109} INFO - [2021-12-07 11:13:48,631] {dag.py:2928} INFO - Setting next_dagrun for example_short_circuit_operator to 2021-12-06T16:13:48.631826+00:00
[2021-12-07 11:13:48,640] {processor.py:171} INFO - Processing /Users/ballakeerthi/opt/anaconda3/lib/python3.8/site-packages/airflow/example_dags/example_short_circuit_operator.py took 0.073 seconds
[2021-12-07 11:15:13,061] {processor.py:163} INFO - Started process (PID=3880) to work on /Users/ballakeerthi/opt/anaconda3/lib/python3.8/site-packages/airflow/example_dags/example_short_circuit_operator.py
[2021-12-07 11:15:13,061] {processor.py:625} INFO - Processing file /Users/ballakeerthi/opt/anaconda3/lib/python3.8/site-packages/airflow/example_dags/example_short_circuit_operator.py for tasks to queue
[2021-12-07 11:15:13,062] {logging_mixin.py:109} INFO - [2021-12-07 11:15:13,062] {dagbag.py:500} INFO - Filling up the DagBag from /Users/ballakeerthi/opt/anaconda3/lib/python3.8/site-packages/airflow/example_dags/example_short_circuit_operator.py
[2021-12-07 11:15:13,109] {processor.py:637} INFO - DAG(s) dict_keys(['example_short_circuit_operator']) retrieved from /Users/ballakeerthi/opt/anaconda3/lib/python3.8/site-packages/airflow/example_dags/example_short_circuit_operator.py
[2021-12-07 11:15:13,123] {logging_mixin.py:109} INFO - [2021-12-07 11:15:13,123] {dag.py:2396} INFO - Sync 1 DAGs
[2021-12-07 11:15:13,130] {logging_mixin.py:109} INFO - [2021-12-07 11:15:13,130] {dag.py:2928} INFO - Setting next_dagrun for example_short_circuit_operator to 2021-12-06T16:15:13.130302+00:00
[2021-12-07 11:15:13,139] {processor.py:171} INFO - Processing /Users/ballakeerthi/opt/anaconda3/lib/python3.8/site-packages/airflow/example_dags/example_short_circuit_operator.py took 0.078 seconds
[2021-12-07 11:16:29,622] {processor.py:163} INFO - Started process (PID=3934) to work on /Users/ballakeerthi/opt/anaconda3/lib/python3.8/site-packages/airflow/example_dags/example_short_circuit_operator.py
[2021-12-07 11:16:29,628] {processor.py:625} INFO - Processing file /Users/ballakeerthi/opt/anaconda3/lib/python3.8/site-packages/airflow/example_dags/example_short_circuit_operator.py for tasks to queue
[2021-12-07 11:16:29,628] {logging_mixin.py:109} INFO - [2021-12-07 11:16:29,628] {dagbag.py:500} INFO - Filling up the DagBag from /Users/ballakeerthi/opt/anaconda3/lib/python3.8/site-packages/airflow/example_dags/example_short_circuit_operator.py
[2021-12-07 11:16:29,666] {processor.py:637} INFO - DAG(s) dict_keys(['example_short_circuit_operator']) retrieved from /Users/ballakeerthi/opt/anaconda3/lib/python3.8/site-packages/airflow/example_dags/example_short_circuit_operator.py
[2021-12-07 11:16:29,679] {logging_mixin.py:109} INFO - [2021-12-07 11:16:29,679] {dag.py:2396} INFO - Sync 1 DAGs
[2021-12-07 11:16:29,686] {logging_mixin.py:109} INFO - [2021-12-07 11:16:29,686] {dag.py:2928} INFO - Setting next_dagrun for example_short_circuit_operator to 2021-12-06T16:16:29.686642+00:00
[2021-12-07 11:16:29,694] {processor.py:171} INFO - Processing /Users/ballakeerthi/opt/anaconda3/lib/python3.8/site-packages/airflow/example_dags/example_short_circuit_operator.py took 0.073 seconds
[2021-12-07 11:19:05,297] {processor.py:163} INFO - Started process (PID=4043) to work on /Users/ballakeerthi/opt/anaconda3/lib/python3.8/site-packages/airflow/example_dags/example_short_circuit_operator.py
[2021-12-07 11:19:05,302] {processor.py:625} INFO - Processing file /Users/ballakeerthi/opt/anaconda3/lib/python3.8/site-packages/airflow/example_dags/example_short_circuit_operator.py for tasks to queue
[2021-12-07 11:19:05,303] {logging_mixin.py:109} INFO - [2021-12-07 11:19:05,303] {dagbag.py:500} INFO - Filling up the DagBag from /Users/ballakeerthi/opt/anaconda3/lib/python3.8/site-packages/airflow/example_dags/example_short_circuit_operator.py
[2021-12-07 11:19:05,348] {processor.py:637} INFO - DAG(s) dict_keys(['example_short_circuit_operator']) retrieved from /Users/ballakeerthi/opt/anaconda3/lib/python3.8/site-packages/airflow/example_dags/example_short_circuit_operator.py
[2021-12-07 11:19:05,362] {logging_mixin.py:109} INFO - [2021-12-07 11:19:05,362] {dag.py:2396} INFO - Sync 1 DAGs
[2021-12-07 11:19:05,369] {logging_mixin.py:109} INFO - [2021-12-07 11:19:05,369] {dag.py:2928} INFO - Setting next_dagrun for example_short_circuit_operator to 2021-12-06T16:19:05.369162+00:00
[2021-12-07 11:19:05,377] {processor.py:171} INFO - Processing /Users/ballakeerthi/opt/anaconda3/lib/python3.8/site-packages/airflow/example_dags/example_short_circuit_operator.py took 0.081 seconds
[2021-12-07 11:20:28,263] {processor.py:163} INFO - Started process (PID=4121) to work on /Users/ballakeerthi/opt/anaconda3/lib/python3.8/site-packages/airflow/example_dags/example_short_circuit_operator.py
[2021-12-07 11:20:28,264] {processor.py:625} INFO - Processing file /Users/ballakeerthi/opt/anaconda3/lib/python3.8/site-packages/airflow/example_dags/example_short_circuit_operator.py for tasks to queue
[2021-12-07 11:20:28,265] {logging_mixin.py:109} INFO - [2021-12-07 11:20:28,265] {dagbag.py:500} INFO - Filling up the DagBag from /Users/ballakeerthi/opt/anaconda3/lib/python3.8/site-packages/airflow/example_dags/example_short_circuit_operator.py
[2021-12-07 11:20:28,332] {processor.py:637} INFO - DAG(s) dict_keys(['example_short_circuit_operator']) retrieved from /Users/ballakeerthi/opt/anaconda3/lib/python3.8/site-packages/airflow/example_dags/example_short_circuit_operator.py
[2021-12-07 11:20:28,352] {logging_mixin.py:109} INFO - [2021-12-07 11:20:28,352] {dag.py:2396} INFO - Sync 1 DAGs
[2021-12-07 11:20:28,361] {logging_mixin.py:109} INFO - [2021-12-07 11:20:28,361] {dag.py:2928} INFO - Setting next_dagrun for example_short_circuit_operator to 2021-12-06T16:20:28.361774+00:00
[2021-12-07 11:20:28,373] {processor.py:171} INFO - Processing /Users/ballakeerthi/opt/anaconda3/lib/python3.8/site-packages/airflow/example_dags/example_short_circuit_operator.py took 0.111 seconds
[2021-12-07 11:21:55,485] {processor.py:163} INFO - Started process (PID=4196) to work on /Users/ballakeerthi/opt/anaconda3/lib/python3.8/site-packages/airflow/example_dags/example_short_circuit_operator.py
[2021-12-07 11:21:55,486] {processor.py:625} INFO - Processing file /Users/ballakeerthi/opt/anaconda3/lib/python3.8/site-packages/airflow/example_dags/example_short_circuit_operator.py for tasks to queue
[2021-12-07 11:21:55,487] {logging_mixin.py:109} INFO - [2021-12-07 11:21:55,487] {dagbag.py:500} INFO - Filling up the DagBag from /Users/ballakeerthi/opt/anaconda3/lib/python3.8/site-packages/airflow/example_dags/example_short_circuit_operator.py
[2021-12-07 11:21:55,541] {processor.py:637} INFO - DAG(s) dict_keys(['example_short_circuit_operator']) retrieved from /Users/ballakeerthi/opt/anaconda3/lib/python3.8/site-packages/airflow/example_dags/example_short_circuit_operator.py
[2021-12-07 11:21:55,557] {logging_mixin.py:109} INFO - [2021-12-07 11:21:55,557] {dag.py:2396} INFO - Sync 1 DAGs
[2021-12-07 11:21:55,565] {logging_mixin.py:109} INFO - [2021-12-07 11:21:55,565] {dag.py:2928} INFO - Setting next_dagrun for example_short_circuit_operator to 2021-12-06T16:21:55.565279+00:00
[2021-12-07 11:21:55,572] {processor.py:171} INFO - Processing /Users/ballakeerthi/opt/anaconda3/lib/python3.8/site-packages/airflow/example_dags/example_short_circuit_operator.py took 0.087 seconds
[2021-12-07 11:23:16,836] {processor.py:163} INFO - Started process (PID=4262) to work on /Users/ballakeerthi/opt/anaconda3/lib/python3.8/site-packages/airflow/example_dags/example_short_circuit_operator.py
[2021-12-07 11:23:16,842] {processor.py:625} INFO - Processing file /Users/ballakeerthi/opt/anaconda3/lib/python3.8/site-packages/airflow/example_dags/example_short_circuit_operator.py for tasks to queue
[2021-12-07 11:23:16,842] {logging_mixin.py:109} INFO - [2021-12-07 11:23:16,842] {dagbag.py:500} INFO - Filling up the DagBag from /Users/ballakeerthi/opt/anaconda3/lib/python3.8/site-packages/airflow/example_dags/example_short_circuit_operator.py
[2021-12-07 11:23:16,881] {processor.py:637} INFO - DAG(s) dict_keys(['example_short_circuit_operator']) retrieved from /Users/ballakeerthi/opt/anaconda3/lib/python3.8/site-packages/airflow/example_dags/example_short_circuit_operator.py
[2021-12-07 11:23:16,918] {logging_mixin.py:109} INFO - [2021-12-07 11:23:16,918] {dag.py:2396} INFO - Sync 1 DAGs
[2021-12-07 11:23:16,934] {logging_mixin.py:109} INFO - [2021-12-07 11:23:16,934] {dag.py:2928} INFO - Setting next_dagrun for example_short_circuit_operator to 2021-12-06T16:23:16.933965+00:00
[2021-12-07 11:23:16,948] {processor.py:171} INFO - Processing /Users/ballakeerthi/opt/anaconda3/lib/python3.8/site-packages/airflow/example_dags/example_short_circuit_operator.py took 0.113 seconds
[2021-12-07 11:24:37,463] {processor.py:163} INFO - Started process (PID=4323) to work on /Users/ballakeerthi/opt/anaconda3/lib/python3.8/site-packages/airflow/example_dags/example_short_circuit_operator.py
[2021-12-07 11:24:37,463] {processor.py:625} INFO - Processing file /Users/ballakeerthi/opt/anaconda3/lib/python3.8/site-packages/airflow/example_dags/example_short_circuit_operator.py for tasks to queue
[2021-12-07 11:24:37,464] {logging_mixin.py:109} INFO - [2021-12-07 11:24:37,464] {dagbag.py:500} INFO - Filling up the DagBag from /Users/ballakeerthi/opt/anaconda3/lib/python3.8/site-packages/airflow/example_dags/example_short_circuit_operator.py
[2021-12-07 11:24:37,511] {processor.py:637} INFO - DAG(s) dict_keys(['example_short_circuit_operator']) retrieved from /Users/ballakeerthi/opt/anaconda3/lib/python3.8/site-packages/airflow/example_dags/example_short_circuit_operator.py
[2021-12-07 11:24:37,530] {logging_mixin.py:109} INFO - [2021-12-07 11:24:37,529] {dag.py:2396} INFO - Sync 1 DAGs
[2021-12-07 11:24:37,538] {logging_mixin.py:109} INFO - [2021-12-07 11:24:37,538] {dag.py:2928} INFO - Setting next_dagrun for example_short_circuit_operator to 2021-12-06T16:24:37.537979+00:00
[2021-12-07 11:24:37,548] {processor.py:171} INFO - Processing /Users/ballakeerthi/opt/anaconda3/lib/python3.8/site-packages/airflow/example_dags/example_short_circuit_operator.py took 0.086 seconds
[2021-12-07 11:26:08,048] {processor.py:163} INFO - Started process (PID=4386) to work on /Users/ballakeerthi/opt/anaconda3/lib/python3.8/site-packages/airflow/example_dags/example_short_circuit_operator.py
[2021-12-07 11:26:08,049] {processor.py:625} INFO - Processing file /Users/ballakeerthi/opt/anaconda3/lib/python3.8/site-packages/airflow/example_dags/example_short_circuit_operator.py for tasks to queue
[2021-12-07 11:26:08,049] {logging_mixin.py:109} INFO - [2021-12-07 11:26:08,049] {dagbag.py:500} INFO - Filling up the DagBag from /Users/ballakeerthi/opt/anaconda3/lib/python3.8/site-packages/airflow/example_dags/example_short_circuit_operator.py
[2021-12-07 11:26:08,102] {processor.py:637} INFO - DAG(s) dict_keys(['example_short_circuit_operator']) retrieved from /Users/ballakeerthi/opt/anaconda3/lib/python3.8/site-packages/airflow/example_dags/example_short_circuit_operator.py
[2021-12-07 11:26:08,116] {logging_mixin.py:109} INFO - [2021-12-07 11:26:08,116] {dag.py:2396} INFO - Sync 1 DAGs
[2021-12-07 11:26:08,124] {logging_mixin.py:109} INFO - [2021-12-07 11:26:08,124] {dag.py:2928} INFO - Setting next_dagrun for example_short_circuit_operator to 2021-12-06T16:26:08.123905+00:00
[2021-12-07 11:26:08,133] {processor.py:171} INFO - Processing /Users/ballakeerthi/opt/anaconda3/lib/python3.8/site-packages/airflow/example_dags/example_short_circuit_operator.py took 0.085 seconds
[2021-12-07 11:27:30,666] {processor.py:163} INFO - Started process (PID=4441) to work on /Users/ballakeerthi/opt/anaconda3/lib/python3.8/site-packages/airflow/example_dags/example_short_circuit_operator.py
[2021-12-07 11:27:30,668] {processor.py:625} INFO - Processing file /Users/ballakeerthi/opt/anaconda3/lib/python3.8/site-packages/airflow/example_dags/example_short_circuit_operator.py for tasks to queue
[2021-12-07 11:27:30,669] {logging_mixin.py:109} INFO - [2021-12-07 11:27:30,669] {dagbag.py:500} INFO - Filling up the DagBag from /Users/ballakeerthi/opt/anaconda3/lib/python3.8/site-packages/airflow/example_dags/example_short_circuit_operator.py
[2021-12-07 11:27:30,715] {processor.py:637} INFO - DAG(s) dict_keys(['example_short_circuit_operator']) retrieved from /Users/ballakeerthi/opt/anaconda3/lib/python3.8/site-packages/airflow/example_dags/example_short_circuit_operator.py
[2021-12-07 11:27:30,729] {logging_mixin.py:109} INFO - [2021-12-07 11:27:30,729] {dag.py:2396} INFO - Sync 1 DAGs
[2021-12-07 11:27:30,736] {logging_mixin.py:109} INFO - [2021-12-07 11:27:30,736] {dag.py:2928} INFO - Setting next_dagrun for example_short_circuit_operator to 2021-12-06T16:27:30.736041+00:00
[2021-12-07 11:27:30,745] {processor.py:171} INFO - Processing /Users/ballakeerthi/opt/anaconda3/lib/python3.8/site-packages/airflow/example_dags/example_short_circuit_operator.py took 0.080 seconds
[2021-12-07 11:29:05,510] {processor.py:163} INFO - Started process (PID=4518) to work on /Users/ballakeerthi/opt/anaconda3/lib/python3.8/site-packages/airflow/example_dags/example_short_circuit_operator.py
[2021-12-07 11:29:05,510] {processor.py:625} INFO - Processing file /Users/ballakeerthi/opt/anaconda3/lib/python3.8/site-packages/airflow/example_dags/example_short_circuit_operator.py for tasks to queue
[2021-12-07 11:29:05,511] {logging_mixin.py:109} INFO - [2021-12-07 11:29:05,510] {dagbag.py:500} INFO - Filling up the DagBag from /Users/ballakeerthi/opt/anaconda3/lib/python3.8/site-packages/airflow/example_dags/example_short_circuit_operator.py
[2021-12-07 11:29:05,560] {processor.py:637} INFO - DAG(s) dict_keys(['example_short_circuit_operator']) retrieved from /Users/ballakeerthi/opt/anaconda3/lib/python3.8/site-packages/airflow/example_dags/example_short_circuit_operator.py
[2021-12-07 11:29:05,582] {logging_mixin.py:109} INFO - [2021-12-07 11:29:05,582] {dag.py:2396} INFO - Sync 1 DAGs
[2021-12-07 11:29:05,590] {logging_mixin.py:109} INFO - [2021-12-07 11:29:05,590] {dag.py:2928} INFO - Setting next_dagrun for example_short_circuit_operator to 2021-12-06T16:29:05.590083+00:00
[2021-12-07 11:29:05,604] {processor.py:171} INFO - Processing /Users/ballakeerthi/opt/anaconda3/lib/python3.8/site-packages/airflow/example_dags/example_short_circuit_operator.py took 0.095 seconds
[2021-12-07 11:30:38,744] {processor.py:163} INFO - Started process (PID=4701) to work on /Users/ballakeerthi/opt/anaconda3/lib/python3.8/site-packages/airflow/example_dags/example_short_circuit_operator.py
[2021-12-07 11:30:38,750] {processor.py:625} INFO - Processing file /Users/ballakeerthi/opt/anaconda3/lib/python3.8/site-packages/airflow/example_dags/example_short_circuit_operator.py for tasks to queue
[2021-12-07 11:30:38,750] {logging_mixin.py:109} INFO - [2021-12-07 11:30:38,750] {dagbag.py:500} INFO - Filling up the DagBag from /Users/ballakeerthi/opt/anaconda3/lib/python3.8/site-packages/airflow/example_dags/example_short_circuit_operator.py
[2021-12-07 11:30:38,798] {processor.py:637} INFO - DAG(s) dict_keys(['example_short_circuit_operator']) retrieved from /Users/ballakeerthi/opt/anaconda3/lib/python3.8/site-packages/airflow/example_dags/example_short_circuit_operator.py
[2021-12-07 11:30:38,816] {logging_mixin.py:109} INFO - [2021-12-07 11:30:38,816] {dag.py:2396} INFO - Sync 1 DAGs
[2021-12-07 11:30:38,825] {logging_mixin.py:109} INFO - [2021-12-07 11:30:38,825] {dag.py:2928} INFO - Setting next_dagrun for example_short_circuit_operator to 2021-12-06T16:30:38.825491+00:00
[2021-12-07 11:30:38,836] {processor.py:171} INFO - Processing /Users/ballakeerthi/opt/anaconda3/lib/python3.8/site-packages/airflow/example_dags/example_short_circuit_operator.py took 0.093 seconds
[2021-12-07 11:32:26,415] {processor.py:163} INFO - Started process (PID=4782) to work on /Users/ballakeerthi/opt/anaconda3/lib/python3.8/site-packages/airflow/example_dags/example_short_circuit_operator.py
[2021-12-07 11:32:26,421] {processor.py:625} INFO - Processing file /Users/ballakeerthi/opt/anaconda3/lib/python3.8/site-packages/airflow/example_dags/example_short_circuit_operator.py for tasks to queue
[2021-12-07 11:32:26,421] {logging_mixin.py:109} INFO - [2021-12-07 11:32:26,421] {dagbag.py:500} INFO - Filling up the DagBag from /Users/ballakeerthi/opt/anaconda3/lib/python3.8/site-packages/airflow/example_dags/example_short_circuit_operator.py
[2021-12-07 11:32:26,479] {processor.py:637} INFO - DAG(s) dict_keys(['example_short_circuit_operator']) retrieved from /Users/ballakeerthi/opt/anaconda3/lib/python3.8/site-packages/airflow/example_dags/example_short_circuit_operator.py
[2021-12-07 11:32:26,495] {logging_mixin.py:109} INFO - [2021-12-07 11:32:26,494] {dag.py:2396} INFO - Sync 1 DAGs
[2021-12-07 11:32:26,503] {logging_mixin.py:109} INFO - [2021-12-07 11:32:26,502] {dag.py:2928} INFO - Setting next_dagrun for example_short_circuit_operator to 2021-12-06T16:32:26.502829+00:00
[2021-12-07 11:32:26,509] {processor.py:171} INFO - Processing /Users/ballakeerthi/opt/anaconda3/lib/python3.8/site-packages/airflow/example_dags/example_short_circuit_operator.py took 0.094 seconds
[2021-12-07 11:34:11,583] {processor.py:163} INFO - Started process (PID=4848) to work on /Users/ballakeerthi/opt/anaconda3/lib/python3.8/site-packages/airflow/example_dags/example_short_circuit_operator.py
[2021-12-07 11:34:11,588] {processor.py:625} INFO - Processing file /Users/ballakeerthi/opt/anaconda3/lib/python3.8/site-packages/airflow/example_dags/example_short_circuit_operator.py for tasks to queue
[2021-12-07 11:34:11,589] {logging_mixin.py:109} INFO - [2021-12-07 11:34:11,589] {dagbag.py:500} INFO - Filling up the DagBag from /Users/ballakeerthi/opt/anaconda3/lib/python3.8/site-packages/airflow/example_dags/example_short_circuit_operator.py
[2021-12-07 11:34:11,645] {processor.py:637} INFO - DAG(s) dict_keys(['example_short_circuit_operator']) retrieved from /Users/ballakeerthi/opt/anaconda3/lib/python3.8/site-packages/airflow/example_dags/example_short_circuit_operator.py
[2021-12-07 11:34:11,663] {logging_mixin.py:109} INFO - [2021-12-07 11:34:11,663] {dag.py:2396} INFO - Sync 1 DAGs
[2021-12-07 11:34:11,672] {logging_mixin.py:109} INFO - [2021-12-07 11:34:11,672] {dag.py:2928} INFO - Setting next_dagrun for example_short_circuit_operator to 2021-12-06T16:34:11.672276+00:00
[2021-12-07 11:34:11,689] {processor.py:171} INFO - Processing /Users/ballakeerthi/opt/anaconda3/lib/python3.8/site-packages/airflow/example_dags/example_short_circuit_operator.py took 0.106 seconds
[2021-12-07 11:35:46,889] {processor.py:163} INFO - Started process (PID=4915) to work on /Users/ballakeerthi/opt/anaconda3/lib/python3.8/site-packages/airflow/example_dags/example_short_circuit_operator.py
[2021-12-07 11:35:46,890] {processor.py:625} INFO - Processing file /Users/ballakeerthi/opt/anaconda3/lib/python3.8/site-packages/airflow/example_dags/example_short_circuit_operator.py for tasks to queue
[2021-12-07 11:35:46,890] {logging_mixin.py:109} INFO - [2021-12-07 11:35:46,890] {dagbag.py:500} INFO - Filling up the DagBag from /Users/ballakeerthi/opt/anaconda3/lib/python3.8/site-packages/airflow/example_dags/example_short_circuit_operator.py
[2021-12-07 11:35:46,942] {processor.py:637} INFO - DAG(s) dict_keys(['example_short_circuit_operator']) retrieved from /Users/ballakeerthi/opt/anaconda3/lib/python3.8/site-packages/airflow/example_dags/example_short_circuit_operator.py
[2021-12-07 11:35:46,957] {logging_mixin.py:109} INFO - [2021-12-07 11:35:46,957] {dag.py:2396} INFO - Sync 1 DAGs
[2021-12-07 11:35:46,965] {logging_mixin.py:109} INFO - [2021-12-07 11:35:46,965] {dag.py:2928} INFO - Setting next_dagrun for example_short_circuit_operator to 2021-12-06T16:35:46.965572+00:00
[2021-12-07 11:35:46,972] {processor.py:171} INFO - Processing /Users/ballakeerthi/opt/anaconda3/lib/python3.8/site-packages/airflow/example_dags/example_short_circuit_operator.py took 0.083 seconds
[2021-12-07 11:37:45,598] {processor.py:163} INFO - Started process (PID=4987) to work on /Users/ballakeerthi/opt/anaconda3/lib/python3.8/site-packages/airflow/example_dags/example_short_circuit_operator.py
[2021-12-07 11:37:45,604] {processor.py:625} INFO - Processing file /Users/ballakeerthi/opt/anaconda3/lib/python3.8/site-packages/airflow/example_dags/example_short_circuit_operator.py for tasks to queue
[2021-12-07 11:37:45,605] {logging_mixin.py:109} INFO - [2021-12-07 11:37:45,605] {dagbag.py:500} INFO - Filling up the DagBag from /Users/ballakeerthi/opt/anaconda3/lib/python3.8/site-packages/airflow/example_dags/example_short_circuit_operator.py
[2021-12-07 11:37:45,662] {processor.py:637} INFO - DAG(s) dict_keys(['example_short_circuit_operator']) retrieved from /Users/ballakeerthi/opt/anaconda3/lib/python3.8/site-packages/airflow/example_dags/example_short_circuit_operator.py
[2021-12-07 11:37:45,679] {logging_mixin.py:109} INFO - [2021-12-07 11:37:45,679] {dag.py:2396} INFO - Sync 1 DAGs
[2021-12-07 11:37:45,686] {logging_mixin.py:109} INFO - [2021-12-07 11:37:45,686] {dag.py:2928} INFO - Setting next_dagrun for example_short_circuit_operator to 2021-12-06T16:37:45.686794+00:00
[2021-12-07 11:37:45,695] {processor.py:171} INFO - Processing /Users/ballakeerthi/opt/anaconda3/lib/python3.8/site-packages/airflow/example_dags/example_short_circuit_operator.py took 0.097 seconds
[2021-12-07 11:39:11,611] {processor.py:163} INFO - Started process (PID=5046) to work on /Users/ballakeerthi/opt/anaconda3/lib/python3.8/site-packages/airflow/example_dags/example_short_circuit_operator.py
[2021-12-07 11:39:11,617] {processor.py:625} INFO - Processing file /Users/ballakeerthi/opt/anaconda3/lib/python3.8/site-packages/airflow/example_dags/example_short_circuit_operator.py for tasks to queue
[2021-12-07 11:39:11,617] {logging_mixin.py:109} INFO - [2021-12-07 11:39:11,617] {dagbag.py:500} INFO - Filling up the DagBag from /Users/ballakeerthi/opt/anaconda3/lib/python3.8/site-packages/airflow/example_dags/example_short_circuit_operator.py
[2021-12-07 11:39:11,672] {processor.py:637} INFO - DAG(s) dict_keys(['example_short_circuit_operator']) retrieved from /Users/ballakeerthi/opt/anaconda3/lib/python3.8/site-packages/airflow/example_dags/example_short_circuit_operator.py
[2021-12-07 11:39:11,688] {logging_mixin.py:109} INFO - [2021-12-07 11:39:11,687] {dag.py:2396} INFO - Sync 1 DAGs
[2021-12-07 11:39:11,695] {logging_mixin.py:109} INFO - [2021-12-07 11:39:11,695] {dag.py:2928} INFO - Setting next_dagrun for example_short_circuit_operator to 2021-12-06T16:39:11.695610+00:00
[2021-12-07 11:39:11,704] {processor.py:171} INFO - Processing /Users/ballakeerthi/opt/anaconda3/lib/python3.8/site-packages/airflow/example_dags/example_short_circuit_operator.py took 0.094 seconds
[2021-12-07 11:42:17,497] {processor.py:163} INFO - Started process (PID=5160) to work on /Users/ballakeerthi/opt/anaconda3/lib/python3.8/site-packages/airflow/example_dags/example_short_circuit_operator.py
[2021-12-07 11:42:17,503] {processor.py:625} INFO - Processing file /Users/ballakeerthi/opt/anaconda3/lib/python3.8/site-packages/airflow/example_dags/example_short_circuit_operator.py for tasks to queue
[2021-12-07 11:42:17,503] {logging_mixin.py:109} INFO - [2021-12-07 11:42:17,503] {dagbag.py:500} INFO - Filling up the DagBag from /Users/ballakeerthi/opt/anaconda3/lib/python3.8/site-packages/airflow/example_dags/example_short_circuit_operator.py
[2021-12-07 11:42:17,541] {processor.py:637} INFO - DAG(s) dict_keys(['example_short_circuit_operator']) retrieved from /Users/ballakeerthi/opt/anaconda3/lib/python3.8/site-packages/airflow/example_dags/example_short_circuit_operator.py
[2021-12-07 11:42:17,560] {logging_mixin.py:109} INFO - [2021-12-07 11:42:17,560] {dag.py:2396} INFO - Sync 1 DAGs
[2021-12-07 11:42:17,569] {logging_mixin.py:109} INFO - [2021-12-07 11:42:17,568] {dag.py:2928} INFO - Setting next_dagrun for example_short_circuit_operator to 2021-12-06T16:42:17.568831+00:00
[2021-12-07 11:42:17,576] {processor.py:171} INFO - Processing /Users/ballakeerthi/opt/anaconda3/lib/python3.8/site-packages/airflow/example_dags/example_short_circuit_operator.py took 0.080 seconds
[2021-12-07 11:45:12,931] {processor.py:163} INFO - Started process (PID=5271) to work on /Users/ballakeerthi/opt/anaconda3/lib/python3.8/site-packages/airflow/example_dags/example_short_circuit_operator.py
[2021-12-07 11:45:12,937] {processor.py:625} INFO - Processing file /Users/ballakeerthi/opt/anaconda3/lib/python3.8/site-packages/airflow/example_dags/example_short_circuit_operator.py for tasks to queue
[2021-12-07 11:45:12,938] {logging_mixin.py:109} INFO - [2021-12-07 11:45:12,938] {dagbag.py:500} INFO - Filling up the DagBag from /Users/ballakeerthi/opt/anaconda3/lib/python3.8/site-packages/airflow/example_dags/example_short_circuit_operator.py
[2021-12-07 11:45:12,984] {processor.py:637} INFO - DAG(s) dict_keys(['example_short_circuit_operator']) retrieved from /Users/ballakeerthi/opt/anaconda3/lib/python3.8/site-packages/airflow/example_dags/example_short_circuit_operator.py
[2021-12-07 11:45:12,999] {logging_mixin.py:109} INFO - [2021-12-07 11:45:12,999] {dag.py:2396} INFO - Sync 1 DAGs
[2021-12-07 11:45:13,008] {logging_mixin.py:109} INFO - [2021-12-07 11:45:13,008] {dag.py:2928} INFO - Setting next_dagrun for example_short_circuit_operator to 2021-12-06T16:45:13.008169+00:00
[2021-12-07 11:45:13,016] {processor.py:171} INFO - Processing /Users/ballakeerthi/opt/anaconda3/lib/python3.8/site-packages/airflow/example_dags/example_short_circuit_operator.py took 0.085 seconds
[2021-12-07 11:48:26,655] {processor.py:163} INFO - Started process (PID=5395) to work on /Users/ballakeerthi/opt/anaconda3/lib/python3.8/site-packages/airflow/example_dags/example_short_circuit_operator.py
[2021-12-07 11:48:26,661] {processor.py:625} INFO - Processing file /Users/ballakeerthi/opt/anaconda3/lib/python3.8/site-packages/airflow/example_dags/example_short_circuit_operator.py for tasks to queue
[2021-12-07 11:48:26,662] {logging_mixin.py:109} INFO - [2021-12-07 11:48:26,662] {dagbag.py:500} INFO - Filling up the DagBag from /Users/ballakeerthi/opt/anaconda3/lib/python3.8/site-packages/airflow/example_dags/example_short_circuit_operator.py
[2021-12-07 11:48:26,713] {processor.py:637} INFO - DAG(s) dict_keys(['example_short_circuit_operator']) retrieved from /Users/ballakeerthi/opt/anaconda3/lib/python3.8/site-packages/airflow/example_dags/example_short_circuit_operator.py
[2021-12-07 11:48:26,728] {logging_mixin.py:109} INFO - [2021-12-07 11:48:26,728] {dag.py:2396} INFO - Sync 1 DAGs
[2021-12-07 11:48:26,735] {logging_mixin.py:109} INFO - [2021-12-07 11:48:26,735] {dag.py:2928} INFO - Setting next_dagrun for example_short_circuit_operator to 2021-12-06T16:48:26.735660+00:00
[2021-12-07 11:48:26,744] {processor.py:171} INFO - Processing /Users/ballakeerthi/opt/anaconda3/lib/python3.8/site-packages/airflow/example_dags/example_short_circuit_operator.py took 0.089 seconds
[2021-12-07 11:50:19,512] {processor.py:163} INFO - Started process (PID=5467) to work on /Users/ballakeerthi/opt/anaconda3/lib/python3.8/site-packages/airflow/example_dags/example_short_circuit_operator.py
[2021-12-07 11:50:19,513] {processor.py:625} INFO - Processing file /Users/ballakeerthi/opt/anaconda3/lib/python3.8/site-packages/airflow/example_dags/example_short_circuit_operator.py for tasks to queue
[2021-12-07 11:50:19,514] {logging_mixin.py:109} INFO - [2021-12-07 11:50:19,513] {dagbag.py:500} INFO - Filling up the DagBag from /Users/ballakeerthi/opt/anaconda3/lib/python3.8/site-packages/airflow/example_dags/example_short_circuit_operator.py
[2021-12-07 11:50:19,566] {processor.py:637} INFO - DAG(s) dict_keys(['example_short_circuit_operator']) retrieved from /Users/ballakeerthi/opt/anaconda3/lib/python3.8/site-packages/airflow/example_dags/example_short_circuit_operator.py
[2021-12-07 11:50:19,581] {logging_mixin.py:109} INFO - [2021-12-07 11:50:19,581] {dag.py:2396} INFO - Sync 1 DAGs
[2021-12-07 11:50:19,589] {logging_mixin.py:109} INFO - [2021-12-07 11:50:19,589] {dag.py:2928} INFO - Setting next_dagrun for example_short_circuit_operator to 2021-12-06T16:50:19.588976+00:00
[2021-12-07 11:50:19,598] {processor.py:171} INFO - Processing /Users/ballakeerthi/opt/anaconda3/lib/python3.8/site-packages/airflow/example_dags/example_short_circuit_operator.py took 0.086 seconds
[2021-12-07 11:52:33,357] {processor.py:163} INFO - Started process (PID=5545) to work on /Users/ballakeerthi/opt/anaconda3/lib/python3.8/site-packages/airflow/example_dags/example_short_circuit_operator.py
[2021-12-07 11:52:33,358] {processor.py:625} INFO - Processing file /Users/ballakeerthi/opt/anaconda3/lib/python3.8/site-packages/airflow/example_dags/example_short_circuit_operator.py for tasks to queue
[2021-12-07 11:52:33,358] {logging_mixin.py:109} INFO - [2021-12-07 11:52:33,358] {dagbag.py:500} INFO - Filling up the DagBag from /Users/ballakeerthi/opt/anaconda3/lib/python3.8/site-packages/airflow/example_dags/example_short_circuit_operator.py
[2021-12-07 11:52:33,410] {processor.py:637} INFO - DAG(s) dict_keys(['example_short_circuit_operator']) retrieved from /Users/ballakeerthi/opt/anaconda3/lib/python3.8/site-packages/airflow/example_dags/example_short_circuit_operator.py
[2021-12-07 11:52:33,426] {logging_mixin.py:109} INFO - [2021-12-07 11:52:33,426] {dag.py:2396} INFO - Sync 1 DAGs
[2021-12-07 11:52:33,436] {logging_mixin.py:109} INFO - [2021-12-07 11:52:33,435] {dag.py:2928} INFO - Setting next_dagrun for example_short_circuit_operator to 2021-12-06T16:52:33.435804+00:00
[2021-12-07 11:52:33,443] {processor.py:171} INFO - Processing /Users/ballakeerthi/opt/anaconda3/lib/python3.8/site-packages/airflow/example_dags/example_short_circuit_operator.py took 0.086 seconds
[2021-12-07 11:54:08,012] {processor.py:163} INFO - Started process (PID=5608) to work on /Users/ballakeerthi/opt/anaconda3/lib/python3.8/site-packages/airflow/example_dags/example_short_circuit_operator.py
[2021-12-07 11:54:08,018] {processor.py:625} INFO - Processing file /Users/ballakeerthi/opt/anaconda3/lib/python3.8/site-packages/airflow/example_dags/example_short_circuit_operator.py for tasks to queue
[2021-12-07 11:54:08,018] {logging_mixin.py:109} INFO - [2021-12-07 11:54:08,018] {dagbag.py:500} INFO - Filling up the DagBag from /Users/ballakeerthi/opt/anaconda3/lib/python3.8/site-packages/airflow/example_dags/example_short_circuit_operator.py
[2021-12-07 11:54:08,062] {processor.py:637} INFO - DAG(s) dict_keys(['example_short_circuit_operator']) retrieved from /Users/ballakeerthi/opt/anaconda3/lib/python3.8/site-packages/airflow/example_dags/example_short_circuit_operator.py
[2021-12-07 11:54:08,079] {logging_mixin.py:109} INFO - [2021-12-07 11:54:08,078] {dag.py:2396} INFO - Sync 1 DAGs
[2021-12-07 11:54:08,086] {logging_mixin.py:109} INFO - [2021-12-07 11:54:08,086] {dag.py:2928} INFO - Setting next_dagrun for example_short_circuit_operator to 2021-12-06T16:54:08.085937+00:00
[2021-12-07 11:54:08,096] {processor.py:171} INFO - Processing /Users/ballakeerthi/opt/anaconda3/lib/python3.8/site-packages/airflow/example_dags/example_short_circuit_operator.py took 0.084 seconds
[2021-12-07 11:56:56,954] {processor.py:163} INFO - Started process (PID=5740) to work on /Users/ballakeerthi/opt/anaconda3/lib/python3.8/site-packages/airflow/example_dags/example_short_circuit_operator.py
[2021-12-07 11:56:56,960] {processor.py:625} INFO - Processing file /Users/ballakeerthi/opt/anaconda3/lib/python3.8/site-packages/airflow/example_dags/example_short_circuit_operator.py for tasks to queue
[2021-12-07 11:56:56,961] {logging_mixin.py:109} INFO - [2021-12-07 11:56:56,961] {dagbag.py:500} INFO - Filling up the DagBag from /Users/ballakeerthi/opt/anaconda3/lib/python3.8/site-packages/airflow/example_dags/example_short_circuit_operator.py
[2021-12-07 11:56:57,014] {processor.py:637} INFO - DAG(s) dict_keys(['example_short_circuit_operator']) retrieved from /Users/ballakeerthi/opt/anaconda3/lib/python3.8/site-packages/airflow/example_dags/example_short_circuit_operator.py
[2021-12-07 11:56:57,029] {logging_mixin.py:109} INFO - [2021-12-07 11:56:57,029] {dag.py:2396} INFO - Sync 1 DAGs
[2021-12-07 11:56:57,042] {logging_mixin.py:109} INFO - [2021-12-07 11:56:57,042] {dag.py:2928} INFO - Setting next_dagrun for example_short_circuit_operator to 2021-12-06T16:56:57.041912+00:00
[2021-12-07 11:56:57,051] {processor.py:171} INFO - Processing /Users/ballakeerthi/opt/anaconda3/lib/python3.8/site-packages/airflow/example_dags/example_short_circuit_operator.py took 0.098 seconds
[2021-12-07 11:59:58,121] {processor.py:163} INFO - Started process (PID=5868) to work on /Users/ballakeerthi/opt/anaconda3/lib/python3.8/site-packages/airflow/example_dags/example_short_circuit_operator.py
[2021-12-07 11:59:58,122] {processor.py:625} INFO - Processing file /Users/ballakeerthi/opt/anaconda3/lib/python3.8/site-packages/airflow/example_dags/example_short_circuit_operator.py for tasks to queue
[2021-12-07 11:59:58,122] {logging_mixin.py:109} INFO - [2021-12-07 11:59:58,122] {dagbag.py:500} INFO - Filling up the DagBag from /Users/ballakeerthi/opt/anaconda3/lib/python3.8/site-packages/airflow/example_dags/example_short_circuit_operator.py
[2021-12-07 11:59:58,159] {processor.py:637} INFO - DAG(s) dict_keys(['example_short_circuit_operator']) retrieved from /Users/ballakeerthi/opt/anaconda3/lib/python3.8/site-packages/airflow/example_dags/example_short_circuit_operator.py
[2021-12-07 11:59:58,175] {logging_mixin.py:109} INFO - [2021-12-07 11:59:58,175] {dag.py:2396} INFO - Sync 1 DAGs
[2021-12-07 11:59:58,182] {logging_mixin.py:109} INFO - [2021-12-07 11:59:58,182] {dag.py:2928} INFO - Setting next_dagrun for example_short_circuit_operator to 2021-12-06T16:59:58.182107+00:00
[2021-12-07 11:59:58,192] {processor.py:171} INFO - Processing /Users/ballakeerthi/opt/anaconda3/lib/python3.8/site-packages/airflow/example_dags/example_short_circuit_operator.py took 0.071 seconds
[2021-12-07 12:02:46,628] {processor.py:163} INFO - Started process (PID=5974) to work on /Users/ballakeerthi/opt/anaconda3/lib/python3.8/site-packages/airflow/example_dags/example_short_circuit_operator.py
[2021-12-07 12:02:46,634] {processor.py:625} INFO - Processing file /Users/ballakeerthi/opt/anaconda3/lib/python3.8/site-packages/airflow/example_dags/example_short_circuit_operator.py for tasks to queue
[2021-12-07 12:02:46,634] {logging_mixin.py:109} INFO - [2021-12-07 12:02:46,634] {dagbag.py:500} INFO - Filling up the DagBag from /Users/ballakeerthi/opt/anaconda3/lib/python3.8/site-packages/airflow/example_dags/example_short_circuit_operator.py
[2021-12-07 12:02:46,676] {processor.py:637} INFO - DAG(s) dict_keys(['example_short_circuit_operator']) retrieved from /Users/ballakeerthi/opt/anaconda3/lib/python3.8/site-packages/airflow/example_dags/example_short_circuit_operator.py
[2021-12-07 12:02:46,691] {logging_mixin.py:109} INFO - [2021-12-07 12:02:46,691] {dag.py:2396} INFO - Sync 1 DAGs
[2021-12-07 12:02:46,698] {logging_mixin.py:109} INFO - [2021-12-07 12:02:46,698] {dag.py:2928} INFO - Setting next_dagrun for example_short_circuit_operator to 2021-12-06T17:02:46.698179+00:00
[2021-12-07 12:02:46,709] {processor.py:171} INFO - Processing /Users/ballakeerthi/opt/anaconda3/lib/python3.8/site-packages/airflow/example_dags/example_short_circuit_operator.py took 0.082 seconds
[2021-12-07 12:04:29,320] {processor.py:163} INFO - Started process (PID=6031) to work on /Users/ballakeerthi/opt/anaconda3/lib/python3.8/site-packages/airflow/example_dags/example_short_circuit_operator.py
[2021-12-07 12:04:29,326] {processor.py:625} INFO - Processing file /Users/ballakeerthi/opt/anaconda3/lib/python3.8/site-packages/airflow/example_dags/example_short_circuit_operator.py for tasks to queue
[2021-12-07 12:04:29,327] {logging_mixin.py:109} INFO - [2021-12-07 12:04:29,327] {dagbag.py:500} INFO - Filling up the DagBag from /Users/ballakeerthi/opt/anaconda3/lib/python3.8/site-packages/airflow/example_dags/example_short_circuit_operator.py
[2021-12-07 12:04:29,371] {processor.py:637} INFO - DAG(s) dict_keys(['example_short_circuit_operator']) retrieved from /Users/ballakeerthi/opt/anaconda3/lib/python3.8/site-packages/airflow/example_dags/example_short_circuit_operator.py
[2021-12-07 12:04:29,386] {logging_mixin.py:109} INFO - [2021-12-07 12:04:29,385] {dag.py:2396} INFO - Sync 1 DAGs
[2021-12-07 12:04:29,393] {logging_mixin.py:109} INFO - [2021-12-07 12:04:29,393] {dag.py:2928} INFO - Setting next_dagrun for example_short_circuit_operator to 2021-12-06T17:04:29.392987+00:00
[2021-12-07 12:04:29,403] {processor.py:171} INFO - Processing /Users/ballakeerthi/opt/anaconda3/lib/python3.8/site-packages/airflow/example_dags/example_short_circuit_operator.py took 0.083 seconds
[2021-12-07 12:06:04,319] {processor.py:163} INFO - Started process (PID=6095) to work on /Users/ballakeerthi/opt/anaconda3/lib/python3.8/site-packages/airflow/example_dags/example_short_circuit_operator.py
[2021-12-07 12:06:04,325] {processor.py:625} INFO - Processing file /Users/ballakeerthi/opt/anaconda3/lib/python3.8/site-packages/airflow/example_dags/example_short_circuit_operator.py for tasks to queue
[2021-12-07 12:06:04,326] {logging_mixin.py:109} INFO - [2021-12-07 12:06:04,326] {dagbag.py:500} INFO - Filling up the DagBag from /Users/ballakeerthi/opt/anaconda3/lib/python3.8/site-packages/airflow/example_dags/example_short_circuit_operator.py
[2021-12-07 12:06:04,379] {processor.py:637} INFO - DAG(s) dict_keys(['example_short_circuit_operator']) retrieved from /Users/ballakeerthi/opt/anaconda3/lib/python3.8/site-packages/airflow/example_dags/example_short_circuit_operator.py
[2021-12-07 12:06:04,399] {logging_mixin.py:109} INFO - [2021-12-07 12:06:04,398] {dag.py:2396} INFO - Sync 1 DAGs
[2021-12-07 12:06:04,408] {logging_mixin.py:109} INFO - [2021-12-07 12:06:04,408] {dag.py:2928} INFO - Setting next_dagrun for example_short_circuit_operator to 2021-12-06T17:06:04.407909+00:00
[2021-12-07 12:06:04,413] {processor.py:171} INFO - Processing /Users/ballakeerthi/opt/anaconda3/lib/python3.8/site-packages/airflow/example_dags/example_short_circuit_operator.py took 0.094 seconds
[2021-12-07 12:08:55,725] {processor.py:163} INFO - Started process (PID=6208) to work on /Users/ballakeerthi/opt/anaconda3/lib/python3.8/site-packages/airflow/example_dags/example_short_circuit_operator.py
[2021-12-07 12:08:55,731] {processor.py:625} INFO - Processing file /Users/ballakeerthi/opt/anaconda3/lib/python3.8/site-packages/airflow/example_dags/example_short_circuit_operator.py for tasks to queue
[2021-12-07 12:08:55,733] {logging_mixin.py:109} INFO - [2021-12-07 12:08:55,733] {dagbag.py:500} INFO - Filling up the DagBag from /Users/ballakeerthi/opt/anaconda3/lib/python3.8/site-packages/airflow/example_dags/example_short_circuit_operator.py
[2021-12-07 12:08:55,776] {processor.py:637} INFO - DAG(s) dict_keys(['example_short_circuit_operator']) retrieved from /Users/ballakeerthi/opt/anaconda3/lib/python3.8/site-packages/airflow/example_dags/example_short_circuit_operator.py
[2021-12-07 12:08:55,792] {logging_mixin.py:109} INFO - [2021-12-07 12:08:55,791] {dag.py:2396} INFO - Sync 1 DAGs
[2021-12-07 12:08:55,804] {logging_mixin.py:109} INFO - [2021-12-07 12:08:55,804] {dag.py:2928} INFO - Setting next_dagrun for example_short_circuit_operator to 2021-12-06T17:08:55.804453+00:00
[2021-12-07 12:08:55,813] {processor.py:171} INFO - Processing /Users/ballakeerthi/opt/anaconda3/lib/python3.8/site-packages/airflow/example_dags/example_short_circuit_operator.py took 0.088 seconds
[2021-12-07 12:11:48,704] {processor.py:163} INFO - Started process (PID=6318) to work on /Users/ballakeerthi/opt/anaconda3/lib/python3.8/site-packages/airflow/example_dags/example_short_circuit_operator.py
[2021-12-07 12:11:48,709] {processor.py:625} INFO - Processing file /Users/ballakeerthi/opt/anaconda3/lib/python3.8/site-packages/airflow/example_dags/example_short_circuit_operator.py for tasks to queue
[2021-12-07 12:11:48,710] {logging_mixin.py:109} INFO - [2021-12-07 12:11:48,710] {dagbag.py:500} INFO - Filling up the DagBag from /Users/ballakeerthi/opt/anaconda3/lib/python3.8/site-packages/airflow/example_dags/example_short_circuit_operator.py
[2021-12-07 12:11:48,766] {processor.py:637} INFO - DAG(s) dict_keys(['example_short_circuit_operator']) retrieved from /Users/ballakeerthi/opt/anaconda3/lib/python3.8/site-packages/airflow/example_dags/example_short_circuit_operator.py
[2021-12-07 12:11:48,781] {logging_mixin.py:109} INFO - [2021-12-07 12:11:48,780] {dag.py:2396} INFO - Sync 1 DAGs
[2021-12-07 12:11:48,793] {logging_mixin.py:109} INFO - [2021-12-07 12:11:48,792] {dag.py:2928} INFO - Setting next_dagrun for example_short_circuit_operator to 2021-12-06T17:11:48.792699+00:00
[2021-12-07 12:11:48,803] {processor.py:171} INFO - Processing /Users/ballakeerthi/opt/anaconda3/lib/python3.8/site-packages/airflow/example_dags/example_short_circuit_operator.py took 0.100 seconds
[2021-12-07 12:14:42,299] {processor.py:163} INFO - Started process (PID=6428) to work on /Users/ballakeerthi/opt/anaconda3/lib/python3.8/site-packages/airflow/example_dags/example_short_circuit_operator.py
[2021-12-07 12:14:42,304] {processor.py:625} INFO - Processing file /Users/ballakeerthi/opt/anaconda3/lib/python3.8/site-packages/airflow/example_dags/example_short_circuit_operator.py for tasks to queue
[2021-12-07 12:14:42,305] {logging_mixin.py:109} INFO - [2021-12-07 12:14:42,305] {dagbag.py:500} INFO - Filling up the DagBag from /Users/ballakeerthi/opt/anaconda3/lib/python3.8/site-packages/airflow/example_dags/example_short_circuit_operator.py
[2021-12-07 12:14:42,357] {processor.py:637} INFO - DAG(s) dict_keys(['example_short_circuit_operator']) retrieved from /Users/ballakeerthi/opt/anaconda3/lib/python3.8/site-packages/airflow/example_dags/example_short_circuit_operator.py
[2021-12-07 12:14:42,373] {logging_mixin.py:109} INFO - [2021-12-07 12:14:42,372] {dag.py:2396} INFO - Sync 1 DAGs
[2021-12-07 12:14:42,383] {logging_mixin.py:109} INFO - [2021-12-07 12:14:42,382] {dag.py:2928} INFO - Setting next_dagrun for example_short_circuit_operator to 2021-12-06T17:14:42.382540+00:00
[2021-12-07 12:14:42,393] {processor.py:171} INFO - Processing /Users/ballakeerthi/opt/anaconda3/lib/python3.8/site-packages/airflow/example_dags/example_short_circuit_operator.py took 0.095 seconds
[2021-12-07 12:17:40,374] {processor.py:163} INFO - Started process (PID=6539) to work on /Users/ballakeerthi/opt/anaconda3/lib/python3.8/site-packages/airflow/example_dags/example_short_circuit_operator.py
[2021-12-07 12:17:40,380] {processor.py:625} INFO - Processing file /Users/ballakeerthi/opt/anaconda3/lib/python3.8/site-packages/airflow/example_dags/example_short_circuit_operator.py for tasks to queue
[2021-12-07 12:17:40,381] {logging_mixin.py:109} INFO - [2021-12-07 12:17:40,381] {dagbag.py:500} INFO - Filling up the DagBag from /Users/ballakeerthi/opt/anaconda3/lib/python3.8/site-packages/airflow/example_dags/example_short_circuit_operator.py
[2021-12-07 12:17:40,423] {processor.py:637} INFO - DAG(s) dict_keys(['example_short_circuit_operator']) retrieved from /Users/ballakeerthi/opt/anaconda3/lib/python3.8/site-packages/airflow/example_dags/example_short_circuit_operator.py
[2021-12-07 12:17:40,439] {logging_mixin.py:109} INFO - [2021-12-07 12:17:40,439] {dag.py:2396} INFO - Sync 1 DAGs
[2021-12-07 12:17:40,447] {logging_mixin.py:109} INFO - [2021-12-07 12:17:40,447] {dag.py:2928} INFO - Setting next_dagrun for example_short_circuit_operator to 2021-12-06T17:17:40.447553+00:00
[2021-12-07 12:17:40,458] {processor.py:171} INFO - Processing /Users/ballakeerthi/opt/anaconda3/lib/python3.8/site-packages/airflow/example_dags/example_short_circuit_operator.py took 0.085 seconds
[2021-12-07 12:20:44,018] {processor.py:163} INFO - Started process (PID=6649) to work on /Users/ballakeerthi/opt/anaconda3/lib/python3.8/site-packages/airflow/example_dags/example_short_circuit_operator.py
[2021-12-07 12:20:44,024] {processor.py:625} INFO - Processing file /Users/ballakeerthi/opt/anaconda3/lib/python3.8/site-packages/airflow/example_dags/example_short_circuit_operator.py for tasks to queue
[2021-12-07 12:20:44,024] {logging_mixin.py:109} INFO - [2021-12-07 12:20:44,024] {dagbag.py:500} INFO - Filling up the DagBag from /Users/ballakeerthi/opt/anaconda3/lib/python3.8/site-packages/airflow/example_dags/example_short_circuit_operator.py
[2021-12-07 12:20:44,067] {processor.py:637} INFO - DAG(s) dict_keys(['example_short_circuit_operator']) retrieved from /Users/ballakeerthi/opt/anaconda3/lib/python3.8/site-packages/airflow/example_dags/example_short_circuit_operator.py
[2021-12-07 12:20:44,083] {logging_mixin.py:109} INFO - [2021-12-07 12:20:44,083] {dag.py:2396} INFO - Sync 1 DAGs
[2021-12-07 12:20:44,091] {logging_mixin.py:109} INFO - [2021-12-07 12:20:44,091] {dag.py:2928} INFO - Setting next_dagrun for example_short_circuit_operator to 2021-12-06T17:20:44.091511+00:00
[2021-12-07 12:20:44,101] {processor.py:171} INFO - Processing /Users/ballakeerthi/opt/anaconda3/lib/python3.8/site-packages/airflow/example_dags/example_short_circuit_operator.py took 0.084 seconds
[2021-12-07 12:23:32,000] {processor.py:163} INFO - Started process (PID=6759) to work on /Users/ballakeerthi/opt/anaconda3/lib/python3.8/site-packages/airflow/example_dags/example_short_circuit_operator.py
[2021-12-07 12:23:32,007] {processor.py:625} INFO - Processing file /Users/ballakeerthi/opt/anaconda3/lib/python3.8/site-packages/airflow/example_dags/example_short_circuit_operator.py for tasks to queue
[2021-12-07 12:23:32,011] {logging_mixin.py:109} INFO - [2021-12-07 12:23:32,010] {dagbag.py:500} INFO - Filling up the DagBag from /Users/ballakeerthi/opt/anaconda3/lib/python3.8/site-packages/airflow/example_dags/example_short_circuit_operator.py
[2021-12-07 12:23:32,064] {processor.py:637} INFO - DAG(s) dict_keys(['example_short_circuit_operator']) retrieved from /Users/ballakeerthi/opt/anaconda3/lib/python3.8/site-packages/airflow/example_dags/example_short_circuit_operator.py
[2021-12-07 12:23:32,079] {logging_mixin.py:109} INFO - [2021-12-07 12:23:32,079] {dag.py:2396} INFO - Sync 1 DAGs
[2021-12-07 12:23:32,089] {logging_mixin.py:109} INFO - [2021-12-07 12:23:32,089] {dag.py:2928} INFO - Setting next_dagrun for example_short_circuit_operator to 2021-12-06T17:23:32.089526+00:00
[2021-12-07 12:23:32,098] {processor.py:171} INFO - Processing /Users/ballakeerthi/opt/anaconda3/lib/python3.8/site-packages/airflow/example_dags/example_short_circuit_operator.py took 0.099 seconds
[2021-12-07 13:03:21,600] {processor.py:163} INFO - Started process (PID=6886) to work on /Users/ballakeerthi/opt/anaconda3/lib/python3.8/site-packages/airflow/example_dags/example_short_circuit_operator.py
[2021-12-07 13:03:21,601] {processor.py:625} INFO - Processing file /Users/ballakeerthi/opt/anaconda3/lib/python3.8/site-packages/airflow/example_dags/example_short_circuit_operator.py for tasks to queue
[2021-12-07 13:03:21,605] {logging_mixin.py:109} INFO - [2021-12-07 13:03:21,605] {dagbag.py:500} INFO - Filling up the DagBag from /Users/ballakeerthi/opt/anaconda3/lib/python3.8/site-packages/airflow/example_dags/example_short_circuit_operator.py
[2021-12-07 13:03:22,046] {processor.py:637} INFO - DAG(s) dict_keys(['example_short_circuit_operator']) retrieved from /Users/ballakeerthi/opt/anaconda3/lib/python3.8/site-packages/airflow/example_dags/example_short_circuit_operator.py
[2021-12-07 13:03:22,173] {logging_mixin.py:109} INFO - [2021-12-07 13:03:22,173] {dag.py:2396} INFO - Sync 1 DAGs
[2021-12-07 13:03:22,189] {logging_mixin.py:109} INFO - [2021-12-07 13:03:22,188] {dag.py:2928} INFO - Setting next_dagrun for example_short_circuit_operator to 2021-12-06T18:03:22.188594+00:00
[2021-12-07 13:03:22,197] {processor.py:171} INFO - Processing /Users/ballakeerthi/opt/anaconda3/lib/python3.8/site-packages/airflow/example_dags/example_short_circuit_operator.py took 0.604 seconds
[2021-12-07 13:24:50,836] {processor.py:163} INFO - Started process (PID=6987) to work on /Users/ballakeerthi/opt/anaconda3/lib/python3.8/site-packages/airflow/example_dags/example_short_circuit_operator.py
[2021-12-07 13:24:50,836] {processor.py:625} INFO - Processing file /Users/ballakeerthi/opt/anaconda3/lib/python3.8/site-packages/airflow/example_dags/example_short_circuit_operator.py for tasks to queue
[2021-12-07 13:24:50,837] {logging_mixin.py:109} INFO - [2021-12-07 13:24:50,837] {dagbag.py:500} INFO - Filling up the DagBag from /Users/ballakeerthi/opt/anaconda3/lib/python3.8/site-packages/airflow/example_dags/example_short_circuit_operator.py
[2021-12-07 13:24:50,906] {processor.py:637} INFO - DAG(s) dict_keys(['example_short_circuit_operator']) retrieved from /Users/ballakeerthi/opt/anaconda3/lib/python3.8/site-packages/airflow/example_dags/example_short_circuit_operator.py
[2021-12-07 13:24:50,920] {logging_mixin.py:109} INFO - [2021-12-07 13:24:50,920] {dag.py:2396} INFO - Sync 1 DAGs
[2021-12-07 13:24:50,929] {logging_mixin.py:109} INFO - [2021-12-07 13:24:50,929] {dag.py:2928} INFO - Setting next_dagrun for example_short_circuit_operator to 2021-12-06T18:24:50.928880+00:00
[2021-12-07 13:24:50,935] {processor.py:171} INFO - Processing /Users/ballakeerthi/opt/anaconda3/lib/python3.8/site-packages/airflow/example_dags/example_short_circuit_operator.py took 0.100 seconds
[2021-12-07 13:26:41,229] {processor.py:163} INFO - Started process (PID=7067) to work on /Users/ballakeerthi/opt/anaconda3/lib/python3.8/site-packages/airflow/example_dags/example_short_circuit_operator.py
[2021-12-07 13:26:41,232] {processor.py:625} INFO - Processing file /Users/ballakeerthi/opt/anaconda3/lib/python3.8/site-packages/airflow/example_dags/example_short_circuit_operator.py for tasks to queue
[2021-12-07 13:26:41,232] {logging_mixin.py:109} INFO - [2021-12-07 13:26:41,232] {dagbag.py:500} INFO - Filling up the DagBag from /Users/ballakeerthi/opt/anaconda3/lib/python3.8/site-packages/airflow/example_dags/example_short_circuit_operator.py
[2021-12-07 13:26:41,281] {processor.py:637} INFO - DAG(s) dict_keys(['example_short_circuit_operator']) retrieved from /Users/ballakeerthi/opt/anaconda3/lib/python3.8/site-packages/airflow/example_dags/example_short_circuit_operator.py
[2021-12-07 13:26:41,296] {logging_mixin.py:109} INFO - [2021-12-07 13:26:41,295] {dag.py:2396} INFO - Sync 1 DAGs
[2021-12-07 13:26:41,302] {logging_mixin.py:109} INFO - [2021-12-07 13:26:41,302] {dag.py:2928} INFO - Setting next_dagrun for example_short_circuit_operator to 2021-12-06T18:26:41.302649+00:00
[2021-12-07 13:26:41,312] {processor.py:171} INFO - Processing /Users/ballakeerthi/opt/anaconda3/lib/python3.8/site-packages/airflow/example_dags/example_short_circuit_operator.py took 0.083 seconds
[2021-12-07 13:29:07,663] {processor.py:163} INFO - Started process (PID=7172) to work on /Users/ballakeerthi/opt/anaconda3/lib/python3.8/site-packages/airflow/example_dags/example_short_circuit_operator.py
[2021-12-07 13:29:07,665] {processor.py:625} INFO - Processing file /Users/ballakeerthi/opt/anaconda3/lib/python3.8/site-packages/airflow/example_dags/example_short_circuit_operator.py for tasks to queue
[2021-12-07 13:29:07,666] {logging_mixin.py:109} INFO - [2021-12-07 13:29:07,666] {dagbag.py:500} INFO - Filling up the DagBag from /Users/ballakeerthi/opt/anaconda3/lib/python3.8/site-packages/airflow/example_dags/example_short_circuit_operator.py
[2021-12-07 13:29:07,707] {processor.py:637} INFO - DAG(s) dict_keys(['example_short_circuit_operator']) retrieved from /Users/ballakeerthi/opt/anaconda3/lib/python3.8/site-packages/airflow/example_dags/example_short_circuit_operator.py
[2021-12-07 13:29:07,721] {logging_mixin.py:109} INFO - [2021-12-07 13:29:07,721] {dag.py:2396} INFO - Sync 1 DAGs
[2021-12-07 13:29:07,728] {logging_mixin.py:109} INFO - [2021-12-07 13:29:07,728] {dag.py:2928} INFO - Setting next_dagrun for example_short_circuit_operator to 2021-12-06T18:29:07.728108+00:00
[2021-12-07 13:29:07,735] {processor.py:171} INFO - Processing /Users/ballakeerthi/opt/anaconda3/lib/python3.8/site-packages/airflow/example_dags/example_short_circuit_operator.py took 0.073 seconds
[2021-12-07 13:31:22,805] {processor.py:163} INFO - Started process (PID=7278) to work on /Users/ballakeerthi/opt/anaconda3/lib/python3.8/site-packages/airflow/example_dags/example_short_circuit_operator.py
[2021-12-07 13:31:22,806] {processor.py:625} INFO - Processing file /Users/ballakeerthi/opt/anaconda3/lib/python3.8/site-packages/airflow/example_dags/example_short_circuit_operator.py for tasks to queue
[2021-12-07 13:31:22,806] {logging_mixin.py:109} INFO - [2021-12-07 13:31:22,806] {dagbag.py:500} INFO - Filling up the DagBag from /Users/ballakeerthi/opt/anaconda3/lib/python3.8/site-packages/airflow/example_dags/example_short_circuit_operator.py
[2021-12-07 13:31:22,855] {processor.py:637} INFO - DAG(s) dict_keys(['example_short_circuit_operator']) retrieved from /Users/ballakeerthi/opt/anaconda3/lib/python3.8/site-packages/airflow/example_dags/example_short_circuit_operator.py
[2021-12-07 13:31:22,868] {logging_mixin.py:109} INFO - [2021-12-07 13:31:22,868] {dag.py:2396} INFO - Sync 1 DAGs
[2021-12-07 13:31:22,875] {logging_mixin.py:109} INFO - [2021-12-07 13:31:22,875] {dag.py:2928} INFO - Setting next_dagrun for example_short_circuit_operator to 2021-12-06T18:31:22.874901+00:00
[2021-12-07 13:31:22,882] {processor.py:171} INFO - Processing /Users/ballakeerthi/opt/anaconda3/lib/python3.8/site-packages/airflow/example_dags/example_short_circuit_operator.py took 0.078 seconds
[2021-12-07 13:33:44,421] {processor.py:163} INFO - Started process (PID=7384) to work on /Users/ballakeerthi/opt/anaconda3/lib/python3.8/site-packages/airflow/example_dags/example_short_circuit_operator.py
[2021-12-07 13:33:44,422] {processor.py:625} INFO - Processing file /Users/ballakeerthi/opt/anaconda3/lib/python3.8/site-packages/airflow/example_dags/example_short_circuit_operator.py for tasks to queue
[2021-12-07 13:33:44,422] {logging_mixin.py:109} INFO - [2021-12-07 13:33:44,422] {dagbag.py:500} INFO - Filling up the DagBag from /Users/ballakeerthi/opt/anaconda3/lib/python3.8/site-packages/airflow/example_dags/example_short_circuit_operator.py
[2021-12-07 13:33:44,471] {processor.py:637} INFO - DAG(s) dict_keys(['example_short_circuit_operator']) retrieved from /Users/ballakeerthi/opt/anaconda3/lib/python3.8/site-packages/airflow/example_dags/example_short_circuit_operator.py
[2021-12-07 13:33:44,484] {logging_mixin.py:109} INFO - [2021-12-07 13:33:44,484] {dag.py:2396} INFO - Sync 1 DAGs
[2021-12-07 13:33:44,491] {logging_mixin.py:109} INFO - [2021-12-07 13:33:44,491] {dag.py:2928} INFO - Setting next_dagrun for example_short_circuit_operator to 2021-12-06T18:33:44.491117+00:00
[2021-12-07 13:33:44,499] {processor.py:171} INFO - Processing /Users/ballakeerthi/opt/anaconda3/lib/python3.8/site-packages/airflow/example_dags/example_short_circuit_operator.py took 0.078 seconds
[2021-12-07 13:36:48,856] {processor.py:163} INFO - Started process (PID=7557) to work on /Users/ballakeerthi/opt/anaconda3/lib/python3.8/site-packages/airflow/example_dags/example_short_circuit_operator.py
[2021-12-07 13:36:48,862] {processor.py:625} INFO - Processing file /Users/ballakeerthi/opt/anaconda3/lib/python3.8/site-packages/airflow/example_dags/example_short_circuit_operator.py for tasks to queue
[2021-12-07 13:36:48,862] {logging_mixin.py:109} INFO - [2021-12-07 13:36:48,862] {dagbag.py:500} INFO - Filling up the DagBag from /Users/ballakeerthi/opt/anaconda3/lib/python3.8/site-packages/airflow/example_dags/example_short_circuit_operator.py
[2021-12-07 13:36:48,897] {processor.py:637} INFO - DAG(s) dict_keys(['example_short_circuit_operator']) retrieved from /Users/ballakeerthi/opt/anaconda3/lib/python3.8/site-packages/airflow/example_dags/example_short_circuit_operator.py
[2021-12-07 13:36:48,910] {logging_mixin.py:109} INFO - [2021-12-07 13:36:48,910] {dag.py:2396} INFO - Sync 1 DAGs
[2021-12-07 13:36:48,917] {logging_mixin.py:109} INFO - [2021-12-07 13:36:48,917] {dag.py:2928} INFO - Setting next_dagrun for example_short_circuit_operator to 2021-12-06T18:36:48.916911+00:00
[2021-12-07 13:36:48,925] {processor.py:171} INFO - Processing /Users/ballakeerthi/opt/anaconda3/lib/python3.8/site-packages/airflow/example_dags/example_short_circuit_operator.py took 0.070 seconds
[2021-12-07 13:39:40,444] {processor.py:163} INFO - Started process (PID=7728) to work on /Users/ballakeerthi/opt/anaconda3/lib/python3.8/site-packages/airflow/example_dags/example_short_circuit_operator.py
[2021-12-07 13:39:40,446] {processor.py:625} INFO - Processing file /Users/ballakeerthi/opt/anaconda3/lib/python3.8/site-packages/airflow/example_dags/example_short_circuit_operator.py for tasks to queue
[2021-12-07 13:39:40,446] {logging_mixin.py:109} INFO - [2021-12-07 13:39:40,446] {dagbag.py:500} INFO - Filling up the DagBag from /Users/ballakeerthi/opt/anaconda3/lib/python3.8/site-packages/airflow/example_dags/example_short_circuit_operator.py
[2021-12-07 13:39:40,487] {processor.py:637} INFO - DAG(s) dict_keys(['example_short_circuit_operator']) retrieved from /Users/ballakeerthi/opt/anaconda3/lib/python3.8/site-packages/airflow/example_dags/example_short_circuit_operator.py
[2021-12-07 13:39:40,508] {logging_mixin.py:109} INFO - [2021-12-07 13:39:40,508] {dag.py:2396} INFO - Sync 1 DAGs
[2021-12-07 13:39:40,520] {logging_mixin.py:109} INFO - [2021-12-07 13:39:40,519] {dag.py:2928} INFO - Setting next_dagrun for example_short_circuit_operator to 2021-12-06T18:39:40.519554+00:00
[2021-12-07 13:39:40,526] {processor.py:171} INFO - Processing /Users/ballakeerthi/opt/anaconda3/lib/python3.8/site-packages/airflow/example_dags/example_short_circuit_operator.py took 0.082 seconds
[2021-12-07 13:42:10,754] {processor.py:163} INFO - Started process (PID=7849) to work on /Users/ballakeerthi/opt/anaconda3/lib/python3.8/site-packages/airflow/example_dags/example_short_circuit_operator.py
[2021-12-07 13:42:10,760] {processor.py:625} INFO - Processing file /Users/ballakeerthi/opt/anaconda3/lib/python3.8/site-packages/airflow/example_dags/example_short_circuit_operator.py for tasks to queue
[2021-12-07 13:42:10,760] {logging_mixin.py:109} INFO - [2021-12-07 13:42:10,760] {dagbag.py:500} INFO - Filling up the DagBag from /Users/ballakeerthi/opt/anaconda3/lib/python3.8/site-packages/airflow/example_dags/example_short_circuit_operator.py
[2021-12-07 13:42:10,802] {processor.py:637} INFO - DAG(s) dict_keys(['example_short_circuit_operator']) retrieved from /Users/ballakeerthi/opt/anaconda3/lib/python3.8/site-packages/airflow/example_dags/example_short_circuit_operator.py
[2021-12-07 13:42:10,818] {logging_mixin.py:109} INFO - [2021-12-07 13:42:10,818] {dag.py:2396} INFO - Sync 1 DAGs
[2021-12-07 13:42:10,826] {logging_mixin.py:109} INFO - [2021-12-07 13:42:10,826] {dag.py:2928} INFO - Setting next_dagrun for example_short_circuit_operator to 2021-12-06T18:42:10.825930+00:00
[2021-12-07 13:42:10,835] {processor.py:171} INFO - Processing /Users/ballakeerthi/opt/anaconda3/lib/python3.8/site-packages/airflow/example_dags/example_short_circuit_operator.py took 0.081 seconds
[2021-12-07 13:43:41,188] {processor.py:163} INFO - Started process (PID=7913) to work on /Users/ballakeerthi/opt/anaconda3/lib/python3.8/site-packages/airflow/example_dags/example_short_circuit_operator.py
[2021-12-07 13:43:41,189] {processor.py:625} INFO - Processing file /Users/ballakeerthi/opt/anaconda3/lib/python3.8/site-packages/airflow/example_dags/example_short_circuit_operator.py for tasks to queue
[2021-12-07 13:43:41,189] {logging_mixin.py:109} INFO - [2021-12-07 13:43:41,189] {dagbag.py:500} INFO - Filling up the DagBag from /Users/ballakeerthi/opt/anaconda3/lib/python3.8/site-packages/airflow/example_dags/example_short_circuit_operator.py
[2021-12-07 13:43:41,238] {processor.py:637} INFO - DAG(s) dict_keys(['example_short_circuit_operator']) retrieved from /Users/ballakeerthi/opt/anaconda3/lib/python3.8/site-packages/airflow/example_dags/example_short_circuit_operator.py
[2021-12-07 13:43:41,252] {logging_mixin.py:109} INFO - [2021-12-07 13:43:41,252] {dag.py:2396} INFO - Sync 1 DAGs
[2021-12-07 13:43:41,258] {logging_mixin.py:109} INFO - [2021-12-07 13:43:41,258] {dag.py:2928} INFO - Setting next_dagrun for example_short_circuit_operator to 2021-12-06T18:43:41.258545+00:00
[2021-12-07 13:43:41,264] {processor.py:171} INFO - Processing /Users/ballakeerthi/opt/anaconda3/lib/python3.8/site-packages/airflow/example_dags/example_short_circuit_operator.py took 0.077 seconds
[2021-12-07 14:06:25,840] {processor.py:163} INFO - Started process (PID=8203) to work on /Users/ballakeerthi/opt/anaconda3/lib/python3.8/site-packages/airflow/example_dags/example_short_circuit_operator.py
[2021-12-07 14:06:25,841] {processor.py:625} INFO - Processing file /Users/ballakeerthi/opt/anaconda3/lib/python3.8/site-packages/airflow/example_dags/example_short_circuit_operator.py for tasks to queue
[2021-12-07 14:06:25,841] {logging_mixin.py:109} INFO - [2021-12-07 14:06:25,841] {dagbag.py:500} INFO - Filling up the DagBag from /Users/ballakeerthi/opt/anaconda3/lib/python3.8/site-packages/airflow/example_dags/example_short_circuit_operator.py
[2021-12-07 14:06:25,888] {processor.py:637} INFO - DAG(s) dict_keys(['example_short_circuit_operator']) retrieved from /Users/ballakeerthi/opt/anaconda3/lib/python3.8/site-packages/airflow/example_dags/example_short_circuit_operator.py
[2021-12-07 14:06:25,904] {logging_mixin.py:109} INFO - [2021-12-07 14:06:25,904] {dag.py:2396} INFO - Sync 1 DAGs
[2021-12-07 14:06:25,915] {logging_mixin.py:109} INFO - [2021-12-07 14:06:25,915] {dag.py:2928} INFO - Setting next_dagrun for example_short_circuit_operator to 2021-12-06T19:06:25.915679+00:00
[2021-12-07 14:06:25,923] {processor.py:171} INFO - Processing /Users/ballakeerthi/opt/anaconda3/lib/python3.8/site-packages/airflow/example_dags/example_short_circuit_operator.py took 0.083 seconds
