[2021-12-07 10:56:10,536] {processor.py:163} INFO - Started process (PID=2704) to work on /Users/ballakeerthi/opt/anaconda3/envs/airflow/lib/python3.9/site-packages/airflow/example_dags/example_latest_only.py
[2021-12-07 10:56:10,536] {processor.py:625} INFO - Processing file /Users/ballakeerthi/opt/anaconda3/envs/airflow/lib/python3.9/site-packages/airflow/example_dags/example_latest_only.py for tasks to queue
[2021-12-07 10:56:10,538] {logging_mixin.py:109} INFO - [2021-12-07 10:56:10,538] {dagbag.py:500} INFO - Filling up the DagBag from /Users/ballakeerthi/opt/anaconda3/envs/airflow/lib/python3.9/site-packages/airflow/example_dags/example_latest_only.py
[2021-12-07 10:56:10,573] {processor.py:637} INFO - DAG(s) dict_keys(['latest_only']) retrieved from /Users/ballakeerthi/opt/anaconda3/envs/airflow/lib/python3.9/site-packages/airflow/example_dags/example_latest_only.py
[2021-12-07 10:56:10,592] {logging_mixin.py:109} INFO - [2021-12-07 10:56:10,592] {dag.py:2396} INFO - Sync 1 DAGs
[2021-12-07 10:56:10,603] {logging_mixin.py:109} INFO - [2021-12-07 10:56:10,603] {dag.py:2928} INFO - Setting next_dagrun for latest_only to 2021-12-07T11:56:10.603354+00:00
[2021-12-07 10:56:10,610] {processor.py:171} INFO - Processing /Users/ballakeerthi/opt/anaconda3/envs/airflow/lib/python3.9/site-packages/airflow/example_dags/example_latest_only.py took 0.076 seconds
[2021-12-07 10:58:02,995] {processor.py:163} INFO - Started process (PID=2862) to work on /Users/ballakeerthi/opt/anaconda3/envs/airflow/lib/python3.9/site-packages/airflow/example_dags/example_latest_only.py
[2021-12-07 10:58:02,996] {processor.py:625} INFO - Processing file /Users/ballakeerthi/opt/anaconda3/envs/airflow/lib/python3.9/site-packages/airflow/example_dags/example_latest_only.py for tasks to queue
[2021-12-07 10:58:02,998] {logging_mixin.py:109} INFO - [2021-12-07 10:58:02,998] {dagbag.py:500} INFO - Filling up the DagBag from /Users/ballakeerthi/opt/anaconda3/envs/airflow/lib/python3.9/site-packages/airflow/example_dags/example_latest_only.py
[2021-12-07 10:58:03,029] {processor.py:637} INFO - DAG(s) dict_keys(['latest_only']) retrieved from /Users/ballakeerthi/opt/anaconda3/envs/airflow/lib/python3.9/site-packages/airflow/example_dags/example_latest_only.py
[2021-12-07 10:58:03,045] {logging_mixin.py:109} INFO - [2021-12-07 10:58:03,045] {dag.py:2396} INFO - Sync 1 DAGs
[2021-12-07 10:58:03,056] {logging_mixin.py:109} INFO - [2021-12-07 10:58:03,056] {dag.py:2928} INFO - Setting next_dagrun for latest_only to 2021-12-07T11:58:03.056184+00:00
[2021-12-07 10:58:03,065] {processor.py:171} INFO - Processing /Users/ballakeerthi/opt/anaconda3/envs/airflow/lib/python3.9/site-packages/airflow/example_dags/example_latest_only.py took 0.070 seconds
[2021-12-07 11:02:03,934] {processor.py:163} INFO - Started process (PID=3251) to work on /Users/ballakeerthi/opt/anaconda3/envs/airflow/lib/python3.9/site-packages/airflow/example_dags/example_latest_only.py
[2021-12-07 11:02:03,938] {processor.py:625} INFO - Processing file /Users/ballakeerthi/opt/anaconda3/envs/airflow/lib/python3.9/site-packages/airflow/example_dags/example_latest_only.py for tasks to queue
[2021-12-07 11:02:03,941] {logging_mixin.py:109} INFO - [2021-12-07 11:02:03,941] {dagbag.py:500} INFO - Filling up the DagBag from /Users/ballakeerthi/opt/anaconda3/envs/airflow/lib/python3.9/site-packages/airflow/example_dags/example_latest_only.py
[2021-12-07 11:02:04,018] {processor.py:637} INFO - DAG(s) dict_keys(['latest_only']) retrieved from /Users/ballakeerthi/opt/anaconda3/envs/airflow/lib/python3.9/site-packages/airflow/example_dags/example_latest_only.py
[2021-12-07 11:02:04,053] {logging_mixin.py:109} INFO - [2021-12-07 11:02:04,053] {dag.py:2396} INFO - Sync 1 DAGs
[2021-12-07 11:02:04,093] {logging_mixin.py:109} INFO - [2021-12-07 11:02:04,093] {dag.py:2928} INFO - Setting next_dagrun for latest_only to 2021-12-07T12:02:04.093001+00:00
[2021-12-07 11:02:04,134] {processor.py:171} INFO - Processing /Users/ballakeerthi/opt/anaconda3/envs/airflow/lib/python3.9/site-packages/airflow/example_dags/example_latest_only.py took 0.202 seconds
[2021-12-07 11:03:53,433] {processor.py:163} INFO - Started process (PID=3445) to work on /Users/ballakeerthi/opt/anaconda3/envs/airflow/lib/python3.9/site-packages/airflow/example_dags/example_latest_only.py
[2021-12-07 11:03:53,435] {processor.py:625} INFO - Processing file /Users/ballakeerthi/opt/anaconda3/envs/airflow/lib/python3.9/site-packages/airflow/example_dags/example_latest_only.py for tasks to queue
[2021-12-07 11:03:53,437] {logging_mixin.py:109} INFO - [2021-12-07 11:03:53,437] {dagbag.py:500} INFO - Filling up the DagBag from /Users/ballakeerthi/opt/anaconda3/envs/airflow/lib/python3.9/site-packages/airflow/example_dags/example_latest_only.py
[2021-12-07 11:03:53,472] {processor.py:637} INFO - DAG(s) dict_keys(['latest_only']) retrieved from /Users/ballakeerthi/opt/anaconda3/envs/airflow/lib/python3.9/site-packages/airflow/example_dags/example_latest_only.py
[2021-12-07 11:03:53,490] {logging_mixin.py:109} INFO - [2021-12-07 11:03:53,489] {dag.py:2396} INFO - Sync 1 DAGs
[2021-12-07 11:03:53,498] {logging_mixin.py:109} INFO - [2021-12-07 11:03:53,498] {dag.py:2928} INFO - Setting next_dagrun for latest_only to 2021-12-07T12:03:53.498713+00:00
[2021-12-07 11:03:53,506] {processor.py:171} INFO - Processing /Users/ballakeerthi/opt/anaconda3/envs/airflow/lib/python3.9/site-packages/airflow/example_dags/example_latest_only.py took 0.074 seconds
[2021-12-07 11:06:18,060] {processor.py:163} INFO - Started process (PID=3539) to work on /Users/ballakeerthi/opt/anaconda3/envs/airflow/lib/python3.9/site-packages/airflow/example_dags/example_latest_only.py
[2021-12-07 11:06:18,066] {processor.py:625} INFO - Processing file /Users/ballakeerthi/opt/anaconda3/envs/airflow/lib/python3.9/site-packages/airflow/example_dags/example_latest_only.py for tasks to queue
[2021-12-07 11:06:18,067] {logging_mixin.py:109} INFO - [2021-12-07 11:06:18,067] {dagbag.py:500} INFO - Filling up the DagBag from /Users/ballakeerthi/opt/anaconda3/envs/airflow/lib/python3.9/site-packages/airflow/example_dags/example_latest_only.py
[2021-12-07 11:06:18,094] {processor.py:637} INFO - DAG(s) dict_keys(['latest_only']) retrieved from /Users/ballakeerthi/opt/anaconda3/envs/airflow/lib/python3.9/site-packages/airflow/example_dags/example_latest_only.py
[2021-12-07 11:06:18,108] {logging_mixin.py:109} INFO - [2021-12-07 11:06:18,108] {dag.py:2396} INFO - Sync 1 DAGs
[2021-12-07 11:06:18,116] {logging_mixin.py:109} INFO - [2021-12-07 11:06:18,116] {dag.py:2928} INFO - Setting next_dagrun for latest_only to 2021-12-07T12:06:18.116266+00:00
[2021-12-07 11:06:18,122] {processor.py:171} INFO - Processing /Users/ballakeerthi/opt/anaconda3/envs/airflow/lib/python3.9/site-packages/airflow/example_dags/example_latest_only.py took 0.063 seconds
[2021-12-07 11:09:07,821] {processor.py:163} INFO - Started process (PID=3615) to work on /Users/ballakeerthi/opt/anaconda3/lib/python3.8/site-packages/airflow/example_dags/example_latest_only.py
[2021-12-07 11:09:07,827] {processor.py:625} INFO - Processing file /Users/ballakeerthi/opt/anaconda3/lib/python3.8/site-packages/airflow/example_dags/example_latest_only.py for tasks to queue
[2021-12-07 11:09:07,829] {logging_mixin.py:109} INFO - [2021-12-07 11:09:07,829] {dagbag.py:500} INFO - Filling up the DagBag from /Users/ballakeerthi/opt/anaconda3/lib/python3.8/site-packages/airflow/example_dags/example_latest_only.py
[2021-12-07 11:09:07,865] {processor.py:637} INFO - DAG(s) dict_keys(['latest_only']) retrieved from /Users/ballakeerthi/opt/anaconda3/lib/python3.8/site-packages/airflow/example_dags/example_latest_only.py
[2021-12-07 11:09:08,072] {logging_mixin.py:109} INFO - [2021-12-07 11:09:08,072] {dag.py:2396} INFO - Sync 1 DAGs
[2021-12-07 11:09:08,079] {logging_mixin.py:109} INFO - [2021-12-07 11:09:08,079] {dag.py:2928} INFO - Setting next_dagrun for latest_only to 2021-12-07T12:09:08.079486+00:00
[2021-12-07 11:09:08,094] {processor.py:171} INFO - Processing /Users/ballakeerthi/opt/anaconda3/lib/python3.8/site-packages/airflow/example_dags/example_latest_only.py took 0.273 seconds
[2021-12-07 11:11:14,668] {processor.py:163} INFO - Started process (PID=3703) to work on /Users/ballakeerthi/opt/anaconda3/lib/python3.8/site-packages/airflow/example_dags/example_latest_only.py
[2021-12-07 11:11:14,668] {processor.py:625} INFO - Processing file /Users/ballakeerthi/opt/anaconda3/lib/python3.8/site-packages/airflow/example_dags/example_latest_only.py for tasks to queue
[2021-12-07 11:11:14,669] {logging_mixin.py:109} INFO - [2021-12-07 11:11:14,669] {dagbag.py:500} INFO - Filling up the DagBag from /Users/ballakeerthi/opt/anaconda3/lib/python3.8/site-packages/airflow/example_dags/example_latest_only.py
[2021-12-07 11:11:14,701] {processor.py:637} INFO - DAG(s) dict_keys(['latest_only']) retrieved from /Users/ballakeerthi/opt/anaconda3/lib/python3.8/site-packages/airflow/example_dags/example_latest_only.py
[2021-12-07 11:11:14,717] {logging_mixin.py:109} INFO - [2021-12-07 11:11:14,717] {dag.py:2396} INFO - Sync 1 DAGs
[2021-12-07 11:11:14,729] {logging_mixin.py:109} INFO - [2021-12-07 11:11:14,729] {dag.py:2928} INFO - Setting next_dagrun for latest_only to 2021-12-07T12:11:14.729529+00:00
[2021-12-07 11:11:14,738] {processor.py:171} INFO - Processing /Users/ballakeerthi/opt/anaconda3/lib/python3.8/site-packages/airflow/example_dags/example_latest_only.py took 0.071 seconds
[2021-12-07 11:13:56,612] {processor.py:163} INFO - Started process (PID=3826) to work on /Users/ballakeerthi/opt/anaconda3/lib/python3.8/site-packages/airflow/example_dags/example_latest_only.py
[2021-12-07 11:13:56,618] {processor.py:625} INFO - Processing file /Users/ballakeerthi/opt/anaconda3/lib/python3.8/site-packages/airflow/example_dags/example_latest_only.py for tasks to queue
[2021-12-07 11:13:56,618] {logging_mixin.py:109} INFO - [2021-12-07 11:13:56,618] {dagbag.py:500} INFO - Filling up the DagBag from /Users/ballakeerthi/opt/anaconda3/lib/python3.8/site-packages/airflow/example_dags/example_latest_only.py
[2021-12-07 11:13:56,647] {processor.py:637} INFO - DAG(s) dict_keys(['latest_only']) retrieved from /Users/ballakeerthi/opt/anaconda3/lib/python3.8/site-packages/airflow/example_dags/example_latest_only.py
[2021-12-07 11:13:56,663] {logging_mixin.py:109} INFO - [2021-12-07 11:13:56,662] {dag.py:2396} INFO - Sync 1 DAGs
[2021-12-07 11:13:56,671] {logging_mixin.py:109} INFO - [2021-12-07 11:13:56,670] {dag.py:2928} INFO - Setting next_dagrun for latest_only to 2021-12-07T12:13:56.670782+00:00
[2021-12-07 11:13:56,679] {processor.py:171} INFO - Processing /Users/ballakeerthi/opt/anaconda3/lib/python3.8/site-packages/airflow/example_dags/example_latest_only.py took 0.067 seconds
[2021-12-07 11:16:37,611] {processor.py:163} INFO - Started process (PID=3940) to work on /Users/ballakeerthi/opt/anaconda3/lib/python3.8/site-packages/airflow/example_dags/example_latest_only.py
[2021-12-07 11:16:37,617] {processor.py:625} INFO - Processing file /Users/ballakeerthi/opt/anaconda3/lib/python3.8/site-packages/airflow/example_dags/example_latest_only.py for tasks to queue
[2021-12-07 11:16:37,617] {logging_mixin.py:109} INFO - [2021-12-07 11:16:37,617] {dagbag.py:500} INFO - Filling up the DagBag from /Users/ballakeerthi/opt/anaconda3/lib/python3.8/site-packages/airflow/example_dags/example_latest_only.py
[2021-12-07 11:16:37,644] {processor.py:637} INFO - DAG(s) dict_keys(['latest_only']) retrieved from /Users/ballakeerthi/opt/anaconda3/lib/python3.8/site-packages/airflow/example_dags/example_latest_only.py
[2021-12-07 11:16:37,657] {logging_mixin.py:109} INFO - [2021-12-07 11:16:37,657] {dag.py:2396} INFO - Sync 1 DAGs
[2021-12-07 11:16:37,666] {logging_mixin.py:109} INFO - [2021-12-07 11:16:37,666] {dag.py:2928} INFO - Setting next_dagrun for latest_only to 2021-12-07T12:16:37.666010+00:00
[2021-12-07 11:16:37,675] {processor.py:171} INFO - Processing /Users/ballakeerthi/opt/anaconda3/lib/python3.8/site-packages/airflow/example_dags/example_latest_only.py took 0.064 seconds
[2021-12-07 11:19:14,170] {processor.py:163} INFO - Started process (PID=4050) to work on /Users/ballakeerthi/opt/anaconda3/lib/python3.8/site-packages/airflow/example_dags/example_latest_only.py
[2021-12-07 11:19:14,171] {processor.py:625} INFO - Processing file /Users/ballakeerthi/opt/anaconda3/lib/python3.8/site-packages/airflow/example_dags/example_latest_only.py for tasks to queue
[2021-12-07 11:19:14,171] {logging_mixin.py:109} INFO - [2021-12-07 11:19:14,171] {dagbag.py:500} INFO - Filling up the DagBag from /Users/ballakeerthi/opt/anaconda3/lib/python3.8/site-packages/airflow/example_dags/example_latest_only.py
[2021-12-07 11:19:14,199] {processor.py:637} INFO - DAG(s) dict_keys(['latest_only']) retrieved from /Users/ballakeerthi/opt/anaconda3/lib/python3.8/site-packages/airflow/example_dags/example_latest_only.py
[2021-12-07 11:19:14,216] {logging_mixin.py:109} INFO - [2021-12-07 11:19:14,215] {dag.py:2396} INFO - Sync 1 DAGs
[2021-12-07 11:19:14,226] {logging_mixin.py:109} INFO - [2021-12-07 11:19:14,226] {dag.py:2928} INFO - Setting next_dagrun for latest_only to 2021-12-07T12:19:14.226375+00:00
[2021-12-07 11:19:14,237] {processor.py:171} INFO - Processing /Users/ballakeerthi/opt/anaconda3/lib/python3.8/site-packages/airflow/example_dags/example_latest_only.py took 0.067 seconds
[2021-12-07 11:22:07,480] {processor.py:163} INFO - Started process (PID=4204) to work on /Users/ballakeerthi/opt/anaconda3/lib/python3.8/site-packages/airflow/example_dags/example_latest_only.py
[2021-12-07 11:22:07,483] {processor.py:625} INFO - Processing file /Users/ballakeerthi/opt/anaconda3/lib/python3.8/site-packages/airflow/example_dags/example_latest_only.py for tasks to queue
[2021-12-07 11:22:07,483] {logging_mixin.py:109} INFO - [2021-12-07 11:22:07,483] {dagbag.py:500} INFO - Filling up the DagBag from /Users/ballakeerthi/opt/anaconda3/lib/python3.8/site-packages/airflow/example_dags/example_latest_only.py
[2021-12-07 11:22:07,515] {processor.py:637} INFO - DAG(s) dict_keys(['latest_only']) retrieved from /Users/ballakeerthi/opt/anaconda3/lib/python3.8/site-packages/airflow/example_dags/example_latest_only.py
[2021-12-07 11:22:07,530] {logging_mixin.py:109} INFO - [2021-12-07 11:22:07,530] {dag.py:2396} INFO - Sync 1 DAGs
[2021-12-07 11:22:07,538] {logging_mixin.py:109} INFO - [2021-12-07 11:22:07,538] {dag.py:2928} INFO - Setting next_dagrun for latest_only to 2021-12-07T12:22:07.538524+00:00
[2021-12-07 11:22:07,547] {processor.py:171} INFO - Processing /Users/ballakeerthi/opt/anaconda3/lib/python3.8/site-packages/airflow/example_dags/example_latest_only.py took 0.068 seconds
[2021-12-07 11:24:47,523] {processor.py:163} INFO - Started process (PID=4329) to work on /Users/ballakeerthi/opt/anaconda3/lib/python3.8/site-packages/airflow/example_dags/example_latest_only.py
[2021-12-07 11:24:47,525] {processor.py:625} INFO - Processing file /Users/ballakeerthi/opt/anaconda3/lib/python3.8/site-packages/airflow/example_dags/example_latest_only.py for tasks to queue
[2021-12-07 11:24:47,525] {logging_mixin.py:109} INFO - [2021-12-07 11:24:47,525] {dagbag.py:500} INFO - Filling up the DagBag from /Users/ballakeerthi/opt/anaconda3/lib/python3.8/site-packages/airflow/example_dags/example_latest_only.py
[2021-12-07 11:24:47,551] {processor.py:637} INFO - DAG(s) dict_keys(['latest_only']) retrieved from /Users/ballakeerthi/opt/anaconda3/lib/python3.8/site-packages/airflow/example_dags/example_latest_only.py
[2021-12-07 11:24:47,564] {logging_mixin.py:109} INFO - [2021-12-07 11:24:47,564] {dag.py:2396} INFO - Sync 1 DAGs
[2021-12-07 11:24:47,575] {logging_mixin.py:109} INFO - [2021-12-07 11:24:47,575] {dag.py:2928} INFO - Setting next_dagrun for latest_only to 2021-12-07T12:24:47.573978+00:00
[2021-12-07 11:24:47,581] {processor.py:171} INFO - Processing /Users/ballakeerthi/opt/anaconda3/lib/python3.8/site-packages/airflow/example_dags/example_latest_only.py took 0.059 seconds
[2021-12-07 11:27:38,434] {processor.py:163} INFO - Started process (PID=4447) to work on /Users/ballakeerthi/opt/anaconda3/lib/python3.8/site-packages/airflow/example_dags/example_latest_only.py
[2021-12-07 11:27:38,440] {processor.py:625} INFO - Processing file /Users/ballakeerthi/opt/anaconda3/lib/python3.8/site-packages/airflow/example_dags/example_latest_only.py for tasks to queue
[2021-12-07 11:27:38,440] {logging_mixin.py:109} INFO - [2021-12-07 11:27:38,440] {dagbag.py:500} INFO - Filling up the DagBag from /Users/ballakeerthi/opt/anaconda3/lib/python3.8/site-packages/airflow/example_dags/example_latest_only.py
[2021-12-07 11:27:38,469] {processor.py:637} INFO - DAG(s) dict_keys(['latest_only']) retrieved from /Users/ballakeerthi/opt/anaconda3/lib/python3.8/site-packages/airflow/example_dags/example_latest_only.py
[2021-12-07 11:27:38,482] {logging_mixin.py:109} INFO - [2021-12-07 11:27:38,482] {dag.py:2396} INFO - Sync 1 DAGs
[2021-12-07 11:27:38,490] {logging_mixin.py:109} INFO - [2021-12-07 11:27:38,490] {dag.py:2928} INFO - Setting next_dagrun for latest_only to 2021-12-07T12:27:38.490635+00:00
[2021-12-07 11:27:38,499] {processor.py:171} INFO - Processing /Users/ballakeerthi/opt/anaconda3/lib/python3.8/site-packages/airflow/example_dags/example_latest_only.py took 0.066 seconds
[2021-12-07 11:30:49,541] {processor.py:163} INFO - Started process (PID=4707) to work on /Users/ballakeerthi/opt/anaconda3/lib/python3.8/site-packages/airflow/example_dags/example_latest_only.py
[2021-12-07 11:30:49,547] {processor.py:625} INFO - Processing file /Users/ballakeerthi/opt/anaconda3/lib/python3.8/site-packages/airflow/example_dags/example_latest_only.py for tasks to queue
[2021-12-07 11:30:49,548] {logging_mixin.py:109} INFO - [2021-12-07 11:30:49,547] {dagbag.py:500} INFO - Filling up the DagBag from /Users/ballakeerthi/opt/anaconda3/lib/python3.8/site-packages/airflow/example_dags/example_latest_only.py
[2021-12-07 11:30:49,579] {processor.py:637} INFO - DAG(s) dict_keys(['latest_only']) retrieved from /Users/ballakeerthi/opt/anaconda3/lib/python3.8/site-packages/airflow/example_dags/example_latest_only.py
[2021-12-07 11:30:49,594] {logging_mixin.py:109} INFO - [2021-12-07 11:30:49,594] {dag.py:2396} INFO - Sync 1 DAGs
[2021-12-07 11:30:49,603] {logging_mixin.py:109} INFO - [2021-12-07 11:30:49,603] {dag.py:2928} INFO - Setting next_dagrun for latest_only to 2021-12-07T12:30:49.603735+00:00
[2021-12-07 11:30:49,612] {processor.py:171} INFO - Processing /Users/ballakeerthi/opt/anaconda3/lib/python3.8/site-packages/airflow/example_dags/example_latest_only.py took 0.071 seconds
[2021-12-07 11:34:27,038] {processor.py:163} INFO - Started process (PID=4859) to work on /Users/ballakeerthi/opt/anaconda3/lib/python3.8/site-packages/airflow/example_dags/example_latest_only.py
[2021-12-07 11:34:27,043] {processor.py:625} INFO - Processing file /Users/ballakeerthi/opt/anaconda3/lib/python3.8/site-packages/airflow/example_dags/example_latest_only.py for tasks to queue
[2021-12-07 11:34:27,044] {logging_mixin.py:109} INFO - [2021-12-07 11:34:27,044] {dagbag.py:500} INFO - Filling up the DagBag from /Users/ballakeerthi/opt/anaconda3/lib/python3.8/site-packages/airflow/example_dags/example_latest_only.py
[2021-12-07 11:34:27,071] {processor.py:637} INFO - DAG(s) dict_keys(['latest_only']) retrieved from /Users/ballakeerthi/opt/anaconda3/lib/python3.8/site-packages/airflow/example_dags/example_latest_only.py
[2021-12-07 11:34:27,086] {logging_mixin.py:109} INFO - [2021-12-07 11:34:27,086] {dag.py:2396} INFO - Sync 1 DAGs
[2021-12-07 11:34:27,095] {logging_mixin.py:109} INFO - [2021-12-07 11:34:27,095] {dag.py:2928} INFO - Setting next_dagrun for latest_only to 2021-12-07T12:34:27.094877+00:00
[2021-12-07 11:34:27,103] {processor.py:171} INFO - Processing /Users/ballakeerthi/opt/anaconda3/lib/python3.8/site-packages/airflow/example_dags/example_latest_only.py took 0.066 seconds
[2021-12-07 11:37:54,510] {processor.py:163} INFO - Started process (PID=4994) to work on /Users/ballakeerthi/opt/anaconda3/lib/python3.8/site-packages/airflow/example_dags/example_latest_only.py
[2021-12-07 11:37:54,513] {processor.py:625} INFO - Processing file /Users/ballakeerthi/opt/anaconda3/lib/python3.8/site-packages/airflow/example_dags/example_latest_only.py for tasks to queue
[2021-12-07 11:37:54,513] {logging_mixin.py:109} INFO - [2021-12-07 11:37:54,513] {dagbag.py:500} INFO - Filling up the DagBag from /Users/ballakeerthi/opt/anaconda3/lib/python3.8/site-packages/airflow/example_dags/example_latest_only.py
[2021-12-07 11:37:54,547] {processor.py:637} INFO - DAG(s) dict_keys(['latest_only']) retrieved from /Users/ballakeerthi/opt/anaconda3/lib/python3.8/site-packages/airflow/example_dags/example_latest_only.py
[2021-12-07 11:37:54,568] {logging_mixin.py:109} INFO - [2021-12-07 11:37:54,568] {dag.py:2396} INFO - Sync 1 DAGs
[2021-12-07 11:37:54,578] {logging_mixin.py:109} INFO - [2021-12-07 11:37:54,578] {dag.py:2928} INFO - Setting next_dagrun for latest_only to 2021-12-07T12:37:54.578406+00:00
[2021-12-07 11:37:54,586] {processor.py:171} INFO - Processing /Users/ballakeerthi/opt/anaconda3/lib/python3.8/site-packages/airflow/example_dags/example_latest_only.py took 0.076 seconds
[2021-12-07 11:40:41,473] {processor.py:163} INFO - Started process (PID=5105) to work on /Users/ballakeerthi/opt/anaconda3/lib/python3.8/site-packages/airflow/example_dags/example_latest_only.py
[2021-12-07 11:40:41,480] {processor.py:625} INFO - Processing file /Users/ballakeerthi/opt/anaconda3/lib/python3.8/site-packages/airflow/example_dags/example_latest_only.py for tasks to queue
[2021-12-07 11:40:41,480] {logging_mixin.py:109} INFO - [2021-12-07 11:40:41,480] {dagbag.py:500} INFO - Filling up the DagBag from /Users/ballakeerthi/opt/anaconda3/lib/python3.8/site-packages/airflow/example_dags/example_latest_only.py
[2021-12-07 11:40:41,514] {processor.py:637} INFO - DAG(s) dict_keys(['latest_only']) retrieved from /Users/ballakeerthi/opt/anaconda3/lib/python3.8/site-packages/airflow/example_dags/example_latest_only.py
[2021-12-07 11:40:41,529] {logging_mixin.py:109} INFO - [2021-12-07 11:40:41,528] {dag.py:2396} INFO - Sync 1 DAGs
[2021-12-07 11:40:41,537] {logging_mixin.py:109} INFO - [2021-12-07 11:40:41,537] {dag.py:2928} INFO - Setting next_dagrun for latest_only to 2021-12-07T12:40:41.537593+00:00
[2021-12-07 11:40:41,546] {processor.py:171} INFO - Processing /Users/ballakeerthi/opt/anaconda3/lib/python3.8/site-packages/airflow/example_dags/example_latest_only.py took 0.073 seconds
[2021-12-07 11:43:54,070] {processor.py:163} INFO - Started process (PID=5217) to work on /Users/ballakeerthi/opt/anaconda3/lib/python3.8/site-packages/airflow/example_dags/example_latest_only.py
[2021-12-07 11:43:54,076] {processor.py:625} INFO - Processing file /Users/ballakeerthi/opt/anaconda3/lib/python3.8/site-packages/airflow/example_dags/example_latest_only.py for tasks to queue
[2021-12-07 11:43:54,076] {logging_mixin.py:109} INFO - [2021-12-07 11:43:54,076] {dagbag.py:500} INFO - Filling up the DagBag from /Users/ballakeerthi/opt/anaconda3/lib/python3.8/site-packages/airflow/example_dags/example_latest_only.py
[2021-12-07 11:43:54,108] {processor.py:637} INFO - DAG(s) dict_keys(['latest_only']) retrieved from /Users/ballakeerthi/opt/anaconda3/lib/python3.8/site-packages/airflow/example_dags/example_latest_only.py
[2021-12-07 11:43:54,122] {logging_mixin.py:109} INFO - [2021-12-07 11:43:54,121] {dag.py:2396} INFO - Sync 1 DAGs
[2021-12-07 11:43:54,132] {logging_mixin.py:109} INFO - [2021-12-07 11:43:54,132] {dag.py:2928} INFO - Setting next_dagrun for latest_only to 2021-12-07T12:43:54.132386+00:00
[2021-12-07 11:43:54,142] {processor.py:171} INFO - Processing /Users/ballakeerthi/opt/anaconda3/lib/python3.8/site-packages/airflow/example_dags/example_latest_only.py took 0.072 seconds
[2021-12-07 11:46:44,749] {processor.py:163} INFO - Started process (PID=5331) to work on /Users/ballakeerthi/opt/anaconda3/lib/python3.8/site-packages/airflow/example_dags/example_latest_only.py
[2021-12-07 11:46:44,756] {processor.py:625} INFO - Processing file /Users/ballakeerthi/opt/anaconda3/lib/python3.8/site-packages/airflow/example_dags/example_latest_only.py for tasks to queue
[2021-12-07 11:46:44,756] {logging_mixin.py:109} INFO - [2021-12-07 11:46:44,756] {dagbag.py:500} INFO - Filling up the DagBag from /Users/ballakeerthi/opt/anaconda3/lib/python3.8/site-packages/airflow/example_dags/example_latest_only.py
[2021-12-07 11:46:44,786] {processor.py:637} INFO - DAG(s) dict_keys(['latest_only']) retrieved from /Users/ballakeerthi/opt/anaconda3/lib/python3.8/site-packages/airflow/example_dags/example_latest_only.py
[2021-12-07 11:46:44,810] {logging_mixin.py:109} INFO - [2021-12-07 11:46:44,810] {dag.py:2396} INFO - Sync 1 DAGs
[2021-12-07 11:46:44,818] {logging_mixin.py:109} INFO - [2021-12-07 11:46:44,818] {dag.py:2928} INFO - Setting next_dagrun for latest_only to 2021-12-07T12:46:44.818350+00:00
[2021-12-07 11:46:44,827] {processor.py:171} INFO - Processing /Users/ballakeerthi/opt/anaconda3/lib/python3.8/site-packages/airflow/example_dags/example_latest_only.py took 0.078 seconds
[2021-12-07 11:50:34,820] {processor.py:163} INFO - Started process (PID=5475) to work on /Users/ballakeerthi/opt/anaconda3/lib/python3.8/site-packages/airflow/example_dags/example_latest_only.py
[2021-12-07 11:50:34,822] {processor.py:625} INFO - Processing file /Users/ballakeerthi/opt/anaconda3/lib/python3.8/site-packages/airflow/example_dags/example_latest_only.py for tasks to queue
[2021-12-07 11:50:34,822] {logging_mixin.py:109} INFO - [2021-12-07 11:50:34,822] {dagbag.py:500} INFO - Filling up the DagBag from /Users/ballakeerthi/opt/anaconda3/lib/python3.8/site-packages/airflow/example_dags/example_latest_only.py
[2021-12-07 11:50:35,085] {processor.py:637} INFO - DAG(s) dict_keys(['latest_only']) retrieved from /Users/ballakeerthi/opt/anaconda3/lib/python3.8/site-packages/airflow/example_dags/example_latest_only.py
[2021-12-07 11:50:35,128] {logging_mixin.py:109} INFO - [2021-12-07 11:50:35,128] {dag.py:2396} INFO - Sync 1 DAGs
[2021-12-07 11:50:35,148] {logging_mixin.py:109} INFO - [2021-12-07 11:50:35,148] {dag.py:2928} INFO - Setting next_dagrun for latest_only to 2021-12-07T12:50:35.148688+00:00
[2021-12-07 11:50:35,164] {processor.py:171} INFO - Processing /Users/ballakeerthi/opt/anaconda3/lib/python3.8/site-packages/airflow/example_dags/example_latest_only.py took 0.342 seconds
[2021-12-07 11:52:48,379] {processor.py:163} INFO - Started process (PID=5557) to work on /Users/ballakeerthi/opt/anaconda3/lib/python3.8/site-packages/airflow/example_dags/example_latest_only.py
[2021-12-07 11:52:48,385] {processor.py:625} INFO - Processing file /Users/ballakeerthi/opt/anaconda3/lib/python3.8/site-packages/airflow/example_dags/example_latest_only.py for tasks to queue
[2021-12-07 11:52:48,386] {logging_mixin.py:109} INFO - [2021-12-07 11:52:48,386] {dagbag.py:500} INFO - Filling up the DagBag from /Users/ballakeerthi/opt/anaconda3/lib/python3.8/site-packages/airflow/example_dags/example_latest_only.py
[2021-12-07 11:52:48,417] {processor.py:637} INFO - DAG(s) dict_keys(['latest_only']) retrieved from /Users/ballakeerthi/opt/anaconda3/lib/python3.8/site-packages/airflow/example_dags/example_latest_only.py
[2021-12-07 11:52:48,433] {logging_mixin.py:109} INFO - [2021-12-07 11:52:48,433] {dag.py:2396} INFO - Sync 1 DAGs
[2021-12-07 11:52:48,442] {logging_mixin.py:109} INFO - [2021-12-07 11:52:48,442] {dag.py:2928} INFO - Setting next_dagrun for latest_only to 2021-12-07T12:52:48.441906+00:00
[2021-12-07 11:52:48,450] {processor.py:171} INFO - Processing /Users/ballakeerthi/opt/anaconda3/lib/python3.8/site-packages/airflow/example_dags/example_latest_only.py took 0.071 seconds
[2021-12-07 11:55:34,000] {processor.py:163} INFO - Started process (PID=5665) to work on /Users/ballakeerthi/opt/anaconda3/lib/python3.8/site-packages/airflow/example_dags/example_latest_only.py
[2021-12-07 11:55:34,001] {processor.py:625} INFO - Processing file /Users/ballakeerthi/opt/anaconda3/lib/python3.8/site-packages/airflow/example_dags/example_latest_only.py for tasks to queue
[2021-12-07 11:55:34,001] {logging_mixin.py:109} INFO - [2021-12-07 11:55:34,001] {dagbag.py:500} INFO - Filling up the DagBag from /Users/ballakeerthi/opt/anaconda3/lib/python3.8/site-packages/airflow/example_dags/example_latest_only.py
[2021-12-07 11:55:34,030] {processor.py:637} INFO - DAG(s) dict_keys(['latest_only']) retrieved from /Users/ballakeerthi/opt/anaconda3/lib/python3.8/site-packages/airflow/example_dags/example_latest_only.py
[2021-12-07 11:55:34,048] {logging_mixin.py:109} INFO - [2021-12-07 11:55:34,047] {dag.py:2396} INFO - Sync 1 DAGs
[2021-12-07 11:55:34,056] {logging_mixin.py:109} INFO - [2021-12-07 11:55:34,056] {dag.py:2928} INFO - Setting next_dagrun for latest_only to 2021-12-07T12:55:34.056578+00:00
[2021-12-07 11:55:34,065] {processor.py:171} INFO - Processing /Users/ballakeerthi/opt/anaconda3/lib/python3.8/site-packages/airflow/example_dags/example_latest_only.py took 0.066 seconds
[2021-12-07 11:58:28,279] {processor.py:163} INFO - Started process (PID=5800) to work on /Users/ballakeerthi/opt/anaconda3/lib/python3.8/site-packages/airflow/example_dags/example_latest_only.py
[2021-12-07 11:58:28,280] {processor.py:625} INFO - Processing file /Users/ballakeerthi/opt/anaconda3/lib/python3.8/site-packages/airflow/example_dags/example_latest_only.py for tasks to queue
[2021-12-07 11:58:28,280] {logging_mixin.py:109} INFO - [2021-12-07 11:58:28,280] {dagbag.py:500} INFO - Filling up the DagBag from /Users/ballakeerthi/opt/anaconda3/lib/python3.8/site-packages/airflow/example_dags/example_latest_only.py
[2021-12-07 11:58:28,317] {processor.py:637} INFO - DAG(s) dict_keys(['latest_only']) retrieved from /Users/ballakeerthi/opt/anaconda3/lib/python3.8/site-packages/airflow/example_dags/example_latest_only.py
[2021-12-07 11:58:28,333] {logging_mixin.py:109} INFO - [2021-12-07 11:58:28,333] {dag.py:2396} INFO - Sync 1 DAGs
[2021-12-07 11:58:28,341] {logging_mixin.py:109} INFO - [2021-12-07 11:58:28,341] {dag.py:2928} INFO - Setting next_dagrun for latest_only to 2021-12-07T12:58:28.341444+00:00
[2021-12-07 11:58:28,350] {processor.py:171} INFO - Processing /Users/ballakeerthi/opt/anaconda3/lib/python3.8/site-packages/airflow/example_dags/example_latest_only.py took 0.071 seconds
[2021-12-07 12:01:30,189] {processor.py:163} INFO - Started process (PID=5927) to work on /Users/ballakeerthi/opt/anaconda3/lib/python3.8/site-packages/airflow/example_dags/example_latest_only.py
[2021-12-07 12:01:30,195] {processor.py:625} INFO - Processing file /Users/ballakeerthi/opt/anaconda3/lib/python3.8/site-packages/airflow/example_dags/example_latest_only.py for tasks to queue
[2021-12-07 12:01:30,195] {logging_mixin.py:109} INFO - [2021-12-07 12:01:30,195] {dagbag.py:500} INFO - Filling up the DagBag from /Users/ballakeerthi/opt/anaconda3/lib/python3.8/site-packages/airflow/example_dags/example_latest_only.py
[2021-12-07 12:01:30,223] {processor.py:637} INFO - DAG(s) dict_keys(['latest_only']) retrieved from /Users/ballakeerthi/opt/anaconda3/lib/python3.8/site-packages/airflow/example_dags/example_latest_only.py
[2021-12-07 12:01:30,237] {logging_mixin.py:109} INFO - [2021-12-07 12:01:30,236] {dag.py:2396} INFO - Sync 1 DAGs
[2021-12-07 12:01:30,245] {logging_mixin.py:109} INFO - [2021-12-07 12:01:30,245] {dag.py:2928} INFO - Setting next_dagrun for latest_only to 2021-12-07T13:01:30.245036+00:00
[2021-12-07 12:01:30,253] {processor.py:171} INFO - Processing /Users/ballakeerthi/opt/anaconda3/lib/python3.8/site-packages/airflow/example_dags/example_latest_only.py took 0.064 seconds
[2021-12-07 12:04:44,289] {processor.py:163} INFO - Started process (PID=6042) to work on /Users/ballakeerthi/opt/anaconda3/lib/python3.8/site-packages/airflow/example_dags/example_latest_only.py
[2021-12-07 12:04:44,291] {processor.py:625} INFO - Processing file /Users/ballakeerthi/opt/anaconda3/lib/python3.8/site-packages/airflow/example_dags/example_latest_only.py for tasks to queue
[2021-12-07 12:04:44,292] {logging_mixin.py:109} INFO - [2021-12-07 12:04:44,292] {dagbag.py:500} INFO - Filling up the DagBag from /Users/ballakeerthi/opt/anaconda3/lib/python3.8/site-packages/airflow/example_dags/example_latest_only.py
[2021-12-07 12:04:44,320] {processor.py:637} INFO - DAG(s) dict_keys(['latest_only']) retrieved from /Users/ballakeerthi/opt/anaconda3/lib/python3.8/site-packages/airflow/example_dags/example_latest_only.py
[2021-12-07 12:04:44,336] {logging_mixin.py:109} INFO - [2021-12-07 12:04:44,336] {dag.py:2396} INFO - Sync 1 DAGs
[2021-12-07 12:04:44,344] {logging_mixin.py:109} INFO - [2021-12-07 12:04:44,344] {dag.py:2928} INFO - Setting next_dagrun for latest_only to 2021-12-07T13:04:44.343889+00:00
[2021-12-07 12:04:44,353] {processor.py:171} INFO - Processing /Users/ballakeerthi/opt/anaconda3/lib/python3.8/site-packages/airflow/example_dags/example_latest_only.py took 0.064 seconds
[2021-12-07 12:07:38,510] {processor.py:163} INFO - Started process (PID=6153) to work on /Users/ballakeerthi/opt/anaconda3/lib/python3.8/site-packages/airflow/example_dags/example_latest_only.py
[2021-12-07 12:07:38,510] {processor.py:625} INFO - Processing file /Users/ballakeerthi/opt/anaconda3/lib/python3.8/site-packages/airflow/example_dags/example_latest_only.py for tasks to queue
[2021-12-07 12:07:38,510] {logging_mixin.py:109} INFO - [2021-12-07 12:07:38,510] {dagbag.py:500} INFO - Filling up the DagBag from /Users/ballakeerthi/opt/anaconda3/lib/python3.8/site-packages/airflow/example_dags/example_latest_only.py
[2021-12-07 12:07:38,540] {processor.py:637} INFO - DAG(s) dict_keys(['latest_only']) retrieved from /Users/ballakeerthi/opt/anaconda3/lib/python3.8/site-packages/airflow/example_dags/example_latest_only.py
[2021-12-07 12:07:38,559] {logging_mixin.py:109} INFO - [2021-12-07 12:07:38,559] {dag.py:2396} INFO - Sync 1 DAGs
[2021-12-07 12:07:38,568] {logging_mixin.py:109} INFO - [2021-12-07 12:07:38,568] {dag.py:2928} INFO - Setting next_dagrun for latest_only to 2021-12-07T13:07:38.568011+00:00
[2021-12-07 12:07:38,577] {processor.py:171} INFO - Processing /Users/ballakeerthi/opt/anaconda3/lib/python3.8/site-packages/airflow/example_dags/example_latest_only.py took 0.068 seconds
[2021-12-07 12:10:30,427] {processor.py:163} INFO - Started process (PID=6268) to work on /Users/ballakeerthi/opt/anaconda3/lib/python3.8/site-packages/airflow/example_dags/example_latest_only.py
[2021-12-07 12:10:30,433] {processor.py:625} INFO - Processing file /Users/ballakeerthi/opt/anaconda3/lib/python3.8/site-packages/airflow/example_dags/example_latest_only.py for tasks to queue
[2021-12-07 12:10:30,434] {logging_mixin.py:109} INFO - [2021-12-07 12:10:30,434] {dagbag.py:500} INFO - Filling up the DagBag from /Users/ballakeerthi/opt/anaconda3/lib/python3.8/site-packages/airflow/example_dags/example_latest_only.py
[2021-12-07 12:10:30,466] {processor.py:637} INFO - DAG(s) dict_keys(['latest_only']) retrieved from /Users/ballakeerthi/opt/anaconda3/lib/python3.8/site-packages/airflow/example_dags/example_latest_only.py
[2021-12-07 12:10:30,483] {logging_mixin.py:109} INFO - [2021-12-07 12:10:30,483] {dag.py:2396} INFO - Sync 1 DAGs
[2021-12-07 12:10:30,492] {logging_mixin.py:109} INFO - [2021-12-07 12:10:30,492] {dag.py:2928} INFO - Setting next_dagrun for latest_only to 2021-12-07T13:10:30.491973+00:00
[2021-12-07 12:10:30,501] {processor.py:171} INFO - Processing /Users/ballakeerthi/opt/anaconda3/lib/python3.8/site-packages/airflow/example_dags/example_latest_only.py took 0.074 seconds
[2021-12-07 12:13:20,906] {processor.py:163} INFO - Started process (PID=6377) to work on /Users/ballakeerthi/opt/anaconda3/lib/python3.8/site-packages/airflow/example_dags/example_latest_only.py
[2021-12-07 12:13:20,908] {processor.py:625} INFO - Processing file /Users/ballakeerthi/opt/anaconda3/lib/python3.8/site-packages/airflow/example_dags/example_latest_only.py for tasks to queue
[2021-12-07 12:13:20,909] {logging_mixin.py:109} INFO - [2021-12-07 12:13:20,909] {dagbag.py:500} INFO - Filling up the DagBag from /Users/ballakeerthi/opt/anaconda3/lib/python3.8/site-packages/airflow/example_dags/example_latest_only.py
[2021-12-07 12:13:20,937] {processor.py:637} INFO - DAG(s) dict_keys(['latest_only']) retrieved from /Users/ballakeerthi/opt/anaconda3/lib/python3.8/site-packages/airflow/example_dags/example_latest_only.py
[2021-12-07 12:13:20,953] {logging_mixin.py:109} INFO - [2021-12-07 12:13:20,953] {dag.py:2396} INFO - Sync 1 DAGs
[2021-12-07 12:13:20,961] {logging_mixin.py:109} INFO - [2021-12-07 12:13:20,961] {dag.py:2928} INFO - Setting next_dagrun for latest_only to 2021-12-07T13:13:20.961688+00:00
[2021-12-07 12:13:20,971] {processor.py:171} INFO - Processing /Users/ballakeerthi/opt/anaconda3/lib/python3.8/site-packages/airflow/example_dags/example_latest_only.py took 0.065 seconds
[2021-12-07 12:16:21,795] {processor.py:163} INFO - Started process (PID=6490) to work on /Users/ballakeerthi/opt/anaconda3/lib/python3.8/site-packages/airflow/example_dags/example_latest_only.py
[2021-12-07 12:16:21,801] {processor.py:625} INFO - Processing file /Users/ballakeerthi/opt/anaconda3/lib/python3.8/site-packages/airflow/example_dags/example_latest_only.py for tasks to queue
[2021-12-07 12:16:21,801] {logging_mixin.py:109} INFO - [2021-12-07 12:16:21,801] {dagbag.py:500} INFO - Filling up the DagBag from /Users/ballakeerthi/opt/anaconda3/lib/python3.8/site-packages/airflow/example_dags/example_latest_only.py
[2021-12-07 12:16:21,828] {processor.py:637} INFO - DAG(s) dict_keys(['latest_only']) retrieved from /Users/ballakeerthi/opt/anaconda3/lib/python3.8/site-packages/airflow/example_dags/example_latest_only.py
[2021-12-07 12:16:21,845] {logging_mixin.py:109} INFO - [2021-12-07 12:16:21,844] {dag.py:2396} INFO - Sync 1 DAGs
[2021-12-07 12:16:21,854] {logging_mixin.py:109} INFO - [2021-12-07 12:16:21,854] {dag.py:2928} INFO - Setting next_dagrun for latest_only to 2021-12-07T13:16:21.854498+00:00
[2021-12-07 12:16:21,862] {processor.py:171} INFO - Processing /Users/ballakeerthi/opt/anaconda3/lib/python3.8/site-packages/airflow/example_dags/example_latest_only.py took 0.067 seconds
[2021-12-07 12:19:25,885] {processor.py:163} INFO - Started process (PID=6599) to work on /Users/ballakeerthi/opt/anaconda3/lib/python3.8/site-packages/airflow/example_dags/example_latest_only.py
[2021-12-07 12:19:25,891] {processor.py:625} INFO - Processing file /Users/ballakeerthi/opt/anaconda3/lib/python3.8/site-packages/airflow/example_dags/example_latest_only.py for tasks to queue
[2021-12-07 12:19:25,892] {logging_mixin.py:109} INFO - [2021-12-07 12:19:25,892] {dagbag.py:500} INFO - Filling up the DagBag from /Users/ballakeerthi/opt/anaconda3/lib/python3.8/site-packages/airflow/example_dags/example_latest_only.py
[2021-12-07 12:19:25,927] {processor.py:637} INFO - DAG(s) dict_keys(['latest_only']) retrieved from /Users/ballakeerthi/opt/anaconda3/lib/python3.8/site-packages/airflow/example_dags/example_latest_only.py
[2021-12-07 12:19:25,946] {logging_mixin.py:109} INFO - [2021-12-07 12:19:25,945] {dag.py:2396} INFO - Sync 1 DAGs
[2021-12-07 12:19:25,958] {logging_mixin.py:109} INFO - [2021-12-07 12:19:25,958] {dag.py:2928} INFO - Setting next_dagrun for latest_only to 2021-12-07T13:19:25.958222+00:00
[2021-12-07 12:19:25,965] {processor.py:171} INFO - Processing /Users/ballakeerthi/opt/anaconda3/lib/python3.8/site-packages/airflow/example_dags/example_latest_only.py took 0.080 seconds
[2021-12-07 12:22:15,056] {processor.py:163} INFO - Started process (PID=6709) to work on /Users/ballakeerthi/opt/anaconda3/lib/python3.8/site-packages/airflow/example_dags/example_latest_only.py
[2021-12-07 12:22:15,062] {processor.py:625} INFO - Processing file /Users/ballakeerthi/opt/anaconda3/lib/python3.8/site-packages/airflow/example_dags/example_latest_only.py for tasks to queue
[2021-12-07 12:22:15,062] {logging_mixin.py:109} INFO - [2021-12-07 12:22:15,062] {dagbag.py:500} INFO - Filling up the DagBag from /Users/ballakeerthi/opt/anaconda3/lib/python3.8/site-packages/airflow/example_dags/example_latest_only.py
[2021-12-07 12:22:15,092] {processor.py:637} INFO - DAG(s) dict_keys(['latest_only']) retrieved from /Users/ballakeerthi/opt/anaconda3/lib/python3.8/site-packages/airflow/example_dags/example_latest_only.py
[2021-12-07 12:22:15,107] {logging_mixin.py:109} INFO - [2021-12-07 12:22:15,107] {dag.py:2396} INFO - Sync 1 DAGs
[2021-12-07 12:22:15,117] {logging_mixin.py:109} INFO - [2021-12-07 12:22:15,117] {dag.py:2928} INFO - Setting next_dagrun for latest_only to 2021-12-07T13:22:15.117164+00:00
[2021-12-07 12:22:15,126] {processor.py:171} INFO - Processing /Users/ballakeerthi/opt/anaconda3/lib/python3.8/site-packages/airflow/example_dags/example_latest_only.py took 0.070 seconds
[2021-12-07 12:24:57,431] {processor.py:163} INFO - Started process (PID=6817) to work on /Users/ballakeerthi/opt/anaconda3/lib/python3.8/site-packages/airflow/example_dags/example_latest_only.py
[2021-12-07 12:24:57,434] {processor.py:625} INFO - Processing file /Users/ballakeerthi/opt/anaconda3/lib/python3.8/site-packages/airflow/example_dags/example_latest_only.py for tasks to queue
[2021-12-07 12:24:57,434] {logging_mixin.py:109} INFO - [2021-12-07 12:24:57,434] {dagbag.py:500} INFO - Filling up the DagBag from /Users/ballakeerthi/opt/anaconda3/lib/python3.8/site-packages/airflow/example_dags/example_latest_only.py
[2021-12-07 12:24:57,459] {processor.py:637} INFO - DAG(s) dict_keys(['latest_only']) retrieved from /Users/ballakeerthi/opt/anaconda3/lib/python3.8/site-packages/airflow/example_dags/example_latest_only.py
[2021-12-07 12:24:57,473] {logging_mixin.py:109} INFO - [2021-12-07 12:24:57,472] {dag.py:2396} INFO - Sync 1 DAGs
[2021-12-07 12:24:57,480] {logging_mixin.py:109} INFO - [2021-12-07 12:24:57,480] {dag.py:2928} INFO - Setting next_dagrun for latest_only to 2021-12-07T13:24:57.480182+00:00
[2021-12-07 12:24:57,486] {processor.py:171} INFO - Processing /Users/ballakeerthi/opt/anaconda3/lib/python3.8/site-packages/airflow/example_dags/example_latest_only.py took 0.055 seconds
[2021-12-07 13:25:04,480] {processor.py:163} INFO - Started process (PID=6997) to work on /Users/ballakeerthi/opt/anaconda3/lib/python3.8/site-packages/airflow/example_dags/example_latest_only.py
[2021-12-07 13:25:04,482] {processor.py:625} INFO - Processing file /Users/ballakeerthi/opt/anaconda3/lib/python3.8/site-packages/airflow/example_dags/example_latest_only.py for tasks to queue
[2021-12-07 13:25:04,483] {logging_mixin.py:109} INFO - [2021-12-07 13:25:04,482] {dagbag.py:500} INFO - Filling up the DagBag from /Users/ballakeerthi/opt/anaconda3/lib/python3.8/site-packages/airflow/example_dags/example_latest_only.py
[2021-12-07 13:25:04,508] {processor.py:637} INFO - DAG(s) dict_keys(['latest_only']) retrieved from /Users/ballakeerthi/opt/anaconda3/lib/python3.8/site-packages/airflow/example_dags/example_latest_only.py
[2021-12-07 13:25:04,521] {logging_mixin.py:109} INFO - [2021-12-07 13:25:04,521] {dag.py:2396} INFO - Sync 1 DAGs
[2021-12-07 13:25:04,528] {logging_mixin.py:109} INFO - [2021-12-07 13:25:04,528] {dag.py:2928} INFO - Setting next_dagrun for latest_only to 2021-12-07T14:25:04.528220+00:00
[2021-12-07 13:25:04,536] {processor.py:171} INFO - Processing /Users/ballakeerthi/opt/anaconda3/lib/python3.8/site-packages/airflow/example_dags/example_latest_only.py took 0.057 seconds
[2021-12-07 13:27:45,434] {processor.py:163} INFO - Started process (PID=7111) to work on /Users/ballakeerthi/opt/anaconda3/lib/python3.8/site-packages/airflow/example_dags/example_latest_only.py
[2021-12-07 13:27:45,436] {processor.py:625} INFO - Processing file /Users/ballakeerthi/opt/anaconda3/lib/python3.8/site-packages/airflow/example_dags/example_latest_only.py for tasks to queue
[2021-12-07 13:27:45,436] {logging_mixin.py:109} INFO - [2021-12-07 13:27:45,436] {dagbag.py:500} INFO - Filling up the DagBag from /Users/ballakeerthi/opt/anaconda3/lib/python3.8/site-packages/airflow/example_dags/example_latest_only.py
[2021-12-07 13:27:45,473] {processor.py:637} INFO - DAG(s) dict_keys(['latest_only']) retrieved from /Users/ballakeerthi/opt/anaconda3/lib/python3.8/site-packages/airflow/example_dags/example_latest_only.py
[2021-12-07 13:27:45,493] {logging_mixin.py:109} INFO - [2021-12-07 13:27:45,493] {dag.py:2396} INFO - Sync 1 DAGs
[2021-12-07 13:27:45,502] {logging_mixin.py:109} INFO - [2021-12-07 13:27:45,502] {dag.py:2928} INFO - Setting next_dagrun for latest_only to 2021-12-07T14:27:45.502320+00:00
[2021-12-07 13:27:45,510] {processor.py:171} INFO - Processing /Users/ballakeerthi/opt/anaconda3/lib/python3.8/site-packages/airflow/example_dags/example_latest_only.py took 0.077 seconds
[2021-12-07 13:30:05,753] {processor.py:163} INFO - Started process (PID=7216) to work on /Users/ballakeerthi/opt/anaconda3/lib/python3.8/site-packages/airflow/example_dags/example_latest_only.py
[2021-12-07 13:30:05,753] {processor.py:625} INFO - Processing file /Users/ballakeerthi/opt/anaconda3/lib/python3.8/site-packages/airflow/example_dags/example_latest_only.py for tasks to queue
[2021-12-07 13:30:05,754] {logging_mixin.py:109} INFO - [2021-12-07 13:30:05,754] {dagbag.py:500} INFO - Filling up the DagBag from /Users/ballakeerthi/opt/anaconda3/lib/python3.8/site-packages/airflow/example_dags/example_latest_only.py
[2021-12-07 13:30:05,781] {processor.py:637} INFO - DAG(s) dict_keys(['latest_only']) retrieved from /Users/ballakeerthi/opt/anaconda3/lib/python3.8/site-packages/airflow/example_dags/example_latest_only.py
[2021-12-07 13:30:05,793] {logging_mixin.py:109} INFO - [2021-12-07 13:30:05,793] {dag.py:2396} INFO - Sync 1 DAGs
[2021-12-07 13:30:05,801] {logging_mixin.py:109} INFO - [2021-12-07 13:30:05,801] {dag.py:2928} INFO - Setting next_dagrun for latest_only to 2021-12-07T14:30:05.801107+00:00
[2021-12-07 13:30:05,806] {processor.py:171} INFO - Processing /Users/ballakeerthi/opt/anaconda3/lib/python3.8/site-packages/airflow/example_dags/example_latest_only.py took 0.054 seconds
[2021-12-07 13:32:18,201] {processor.py:163} INFO - Started process (PID=7320) to work on /Users/ballakeerthi/opt/anaconda3/lib/python3.8/site-packages/airflow/example_dags/example_latest_only.py
[2021-12-07 13:32:18,206] {processor.py:625} INFO - Processing file /Users/ballakeerthi/opt/anaconda3/lib/python3.8/site-packages/airflow/example_dags/example_latest_only.py for tasks to queue
[2021-12-07 13:32:18,207] {logging_mixin.py:109} INFO - [2021-12-07 13:32:18,207] {dagbag.py:500} INFO - Filling up the DagBag from /Users/ballakeerthi/opt/anaconda3/lib/python3.8/site-packages/airflow/example_dags/example_latest_only.py
[2021-12-07 13:32:18,230] {processor.py:637} INFO - DAG(s) dict_keys(['latest_only']) retrieved from /Users/ballakeerthi/opt/anaconda3/lib/python3.8/site-packages/airflow/example_dags/example_latest_only.py
[2021-12-07 13:32:18,242] {logging_mixin.py:109} INFO - [2021-12-07 13:32:18,242] {dag.py:2396} INFO - Sync 1 DAGs
[2021-12-07 13:32:18,250] {logging_mixin.py:109} INFO - [2021-12-07 13:32:18,250] {dag.py:2928} INFO - Setting next_dagrun for latest_only to 2021-12-07T14:32:18.249892+00:00
[2021-12-07 13:32:18,258] {processor.py:171} INFO - Processing /Users/ballakeerthi/opt/anaconda3/lib/python3.8/site-packages/airflow/example_dags/example_latest_only.py took 0.057 seconds
[2021-12-07 13:35:16,384] {processor.py:163} INFO - Started process (PID=7484) to work on /Users/ballakeerthi/opt/anaconda3/lib/python3.8/site-packages/airflow/example_dags/example_latest_only.py
[2021-12-07 13:35:16,386] {processor.py:625} INFO - Processing file /Users/ballakeerthi/opt/anaconda3/lib/python3.8/site-packages/airflow/example_dags/example_latest_only.py for tasks to queue
[2021-12-07 13:35:16,387] {logging_mixin.py:109} INFO - [2021-12-07 13:35:16,387] {dagbag.py:500} INFO - Filling up the DagBag from /Users/ballakeerthi/opt/anaconda3/lib/python3.8/site-packages/airflow/example_dags/example_latest_only.py
[2021-12-07 13:35:16,416] {processor.py:637} INFO - DAG(s) dict_keys(['latest_only']) retrieved from /Users/ballakeerthi/opt/anaconda3/lib/python3.8/site-packages/airflow/example_dags/example_latest_only.py
[2021-12-07 13:35:16,428] {logging_mixin.py:109} INFO - [2021-12-07 13:35:16,428] {dag.py:2396} INFO - Sync 1 DAGs
[2021-12-07 13:35:16,436] {logging_mixin.py:109} INFO - [2021-12-07 13:35:16,436] {dag.py:2928} INFO - Setting next_dagrun for latest_only to 2021-12-07T14:35:16.436201+00:00
[2021-12-07 13:35:16,447] {processor.py:171} INFO - Processing /Users/ballakeerthi/opt/anaconda3/lib/python3.8/site-packages/airflow/example_dags/example_latest_only.py took 0.064 seconds
[2021-12-07 13:37:03,185] {processor.py:163} INFO - Started process (PID=7568) to work on /Users/ballakeerthi/opt/anaconda3/lib/python3.8/site-packages/airflow/example_dags/example_latest_only.py
[2021-12-07 13:37:03,186] {processor.py:625} INFO - Processing file /Users/ballakeerthi/opt/anaconda3/lib/python3.8/site-packages/airflow/example_dags/example_latest_only.py for tasks to queue
[2021-12-07 13:37:03,186] {logging_mixin.py:109} INFO - [2021-12-07 13:37:03,186] {dagbag.py:500} INFO - Filling up the DagBag from /Users/ballakeerthi/opt/anaconda3/lib/python3.8/site-packages/airflow/example_dags/example_latest_only.py
[2021-12-07 13:37:03,211] {processor.py:637} INFO - DAG(s) dict_keys(['latest_only']) retrieved from /Users/ballakeerthi/opt/anaconda3/lib/python3.8/site-packages/airflow/example_dags/example_latest_only.py
[2021-12-07 13:37:03,224] {logging_mixin.py:109} INFO - [2021-12-07 13:37:03,224] {dag.py:2396} INFO - Sync 1 DAGs
[2021-12-07 13:37:03,231] {logging_mixin.py:109} INFO - [2021-12-07 13:37:03,231] {dag.py:2928} INFO - Setting next_dagrun for latest_only to 2021-12-07T14:37:03.231655+00:00
[2021-12-07 13:37:03,238] {processor.py:171} INFO - Processing /Users/ballakeerthi/opt/anaconda3/lib/python3.8/site-packages/airflow/example_dags/example_latest_only.py took 0.054 seconds
[2021-12-07 13:39:53,466] {processor.py:163} INFO - Started process (PID=7741) to work on /Users/ballakeerthi/opt/anaconda3/lib/python3.8/site-packages/airflow/example_dags/example_latest_only.py
[2021-12-07 13:39:53,472] {processor.py:625} INFO - Processing file /Users/ballakeerthi/opt/anaconda3/lib/python3.8/site-packages/airflow/example_dags/example_latest_only.py for tasks to queue
[2021-12-07 13:39:53,473] {logging_mixin.py:109} INFO - [2021-12-07 13:39:53,472] {dagbag.py:500} INFO - Filling up the DagBag from /Users/ballakeerthi/opt/anaconda3/lib/python3.8/site-packages/airflow/example_dags/example_latest_only.py
[2021-12-07 13:39:53,501] {processor.py:637} INFO - DAG(s) dict_keys(['latest_only']) retrieved from /Users/ballakeerthi/opt/anaconda3/lib/python3.8/site-packages/airflow/example_dags/example_latest_only.py
[2021-12-07 13:39:53,514] {logging_mixin.py:109} INFO - [2021-12-07 13:39:53,513] {dag.py:2396} INFO - Sync 1 DAGs
[2021-12-07 13:39:53,521] {logging_mixin.py:109} INFO - [2021-12-07 13:39:53,521] {dag.py:2928} INFO - Setting next_dagrun for latest_only to 2021-12-07T14:39:53.521214+00:00
[2021-12-07 13:39:53,528] {processor.py:171} INFO - Processing /Users/ballakeerthi/opt/anaconda3/lib/python3.8/site-packages/airflow/example_dags/example_latest_only.py took 0.062 seconds
[2021-12-07 13:42:30,048] {processor.py:163} INFO - Started process (PID=7859) to work on /Users/ballakeerthi/opt/anaconda3/lib/python3.8/site-packages/airflow/example_dags/example_latest_only.py
[2021-12-07 13:42:30,049] {processor.py:625} INFO - Processing file /Users/ballakeerthi/opt/anaconda3/lib/python3.8/site-packages/airflow/example_dags/example_latest_only.py for tasks to queue
[2021-12-07 13:42:30,050] {logging_mixin.py:109} INFO - [2021-12-07 13:42:30,050] {dagbag.py:500} INFO - Filling up the DagBag from /Users/ballakeerthi/opt/anaconda3/lib/python3.8/site-packages/airflow/example_dags/example_latest_only.py
[2021-12-07 13:42:30,074] {processor.py:637} INFO - DAG(s) dict_keys(['latest_only']) retrieved from /Users/ballakeerthi/opt/anaconda3/lib/python3.8/site-packages/airflow/example_dags/example_latest_only.py
[2021-12-07 13:42:30,090] {logging_mixin.py:109} INFO - [2021-12-07 13:42:30,090] {dag.py:2396} INFO - Sync 1 DAGs
[2021-12-07 13:42:30,099] {logging_mixin.py:109} INFO - [2021-12-07 13:42:30,099] {dag.py:2928} INFO - Setting next_dagrun for latest_only to 2021-12-07T14:42:30.099165+00:00
[2021-12-07 13:42:30,105] {processor.py:171} INFO - Processing /Users/ballakeerthi/opt/anaconda3/lib/python3.8/site-packages/airflow/example_dags/example_latest_only.py took 0.057 seconds
[2021-12-07 14:06:46,080] {processor.py:163} INFO - Started process (PID=8214) to work on /Users/ballakeerthi/opt/anaconda3/lib/python3.8/site-packages/airflow/example_dags/example_latest_only.py
[2021-12-07 14:06:46,080] {processor.py:625} INFO - Processing file /Users/ballakeerthi/opt/anaconda3/lib/python3.8/site-packages/airflow/example_dags/example_latest_only.py for tasks to queue
[2021-12-07 14:06:46,081] {logging_mixin.py:109} INFO - [2021-12-07 14:06:46,081] {dagbag.py:500} INFO - Filling up the DagBag from /Users/ballakeerthi/opt/anaconda3/lib/python3.8/site-packages/airflow/example_dags/example_latest_only.py
[2021-12-07 14:06:46,106] {processor.py:637} INFO - DAG(s) dict_keys(['latest_only']) retrieved from /Users/ballakeerthi/opt/anaconda3/lib/python3.8/site-packages/airflow/example_dags/example_latest_only.py
[2021-12-07 14:06:46,119] {logging_mixin.py:109} INFO - [2021-12-07 14:06:46,119] {dag.py:2396} INFO - Sync 1 DAGs
[2021-12-07 14:06:46,127] {logging_mixin.py:109} INFO - [2021-12-07 14:06:46,127] {dag.py:2928} INFO - Setting next_dagrun for latest_only to 2021-12-07T15:06:46.127361+00:00
[2021-12-07 14:06:46,135] {processor.py:171} INFO - Processing /Users/ballakeerthi/opt/anaconda3/lib/python3.8/site-packages/airflow/example_dags/example_latest_only.py took 0.056 seconds
