[2021-12-07 10:56:30,684] {processor.py:163} INFO - Started process (PID=2710) to work on /Users/ballakeerthi/opt/anaconda3/envs/airflow/lib/python3.9/site-packages/airflow/example_dags/example_branch_python_dop_operator_3.py
[2021-12-07 10:56:30,685] {processor.py:625} INFO - Processing file /Users/ballakeerthi/opt/anaconda3/envs/airflow/lib/python3.9/site-packages/airflow/example_dags/example_branch_python_dop_operator_3.py for tasks to queue
[2021-12-07 10:56:30,686] {logging_mixin.py:109} INFO - [2021-12-07 10:56:30,686] {dagbag.py:500} INFO - Filling up the DagBag from /Users/ballakeerthi/opt/anaconda3/envs/airflow/lib/python3.9/site-packages/airflow/example_dags/example_branch_python_dop_operator_3.py
[2021-12-07 10:56:30,735] {processor.py:637} INFO - DAG(s) dict_keys(['example_branch_dop_operator_v3']) retrieved from /Users/ballakeerthi/opt/anaconda3/envs/airflow/lib/python3.9/site-packages/airflow/example_dags/example_branch_python_dop_operator_3.py
[2021-12-07 10:56:30,750] {logging_mixin.py:109} INFO - [2021-12-07 10:56:30,750] {dag.py:2396} INFO - Sync 1 DAGs
[2021-12-07 10:56:30,761] {logging_mixin.py:109} INFO - [2021-12-07 10:56:30,760] {dag.py:2928} INFO - Setting next_dagrun for example_branch_dop_operator_v3 to 2021-12-07T15:55:00+00:00
[2021-12-07 10:56:30,769] {processor.py:171} INFO - Processing /Users/ballakeerthi/opt/anaconda3/envs/airflow/lib/python3.9/site-packages/airflow/example_dags/example_branch_python_dop_operator_3.py took 0.085 seconds
[2021-12-07 10:59:14,988] {processor.py:163} INFO - Started process (PID=3010) to work on /Users/ballakeerthi/opt/anaconda3/envs/airflow/lib/python3.9/site-packages/airflow/example_dags/example_branch_python_dop_operator_3.py
[2021-12-07 10:59:14,989] {processor.py:625} INFO - Processing file /Users/ballakeerthi/opt/anaconda3/envs/airflow/lib/python3.9/site-packages/airflow/example_dags/example_branch_python_dop_operator_3.py for tasks to queue
[2021-12-07 10:59:14,991] {logging_mixin.py:109} INFO - [2021-12-07 10:59:14,991] {dagbag.py:500} INFO - Filling up the DagBag from /Users/ballakeerthi/opt/anaconda3/envs/airflow/lib/python3.9/site-packages/airflow/example_dags/example_branch_python_dop_operator_3.py
[2021-12-07 10:59:15,041] {processor.py:637} INFO - DAG(s) dict_keys(['example_branch_dop_operator_v3']) retrieved from /Users/ballakeerthi/opt/anaconda3/envs/airflow/lib/python3.9/site-packages/airflow/example_dags/example_branch_python_dop_operator_3.py
[2021-12-07 10:59:15,059] {logging_mixin.py:109} INFO - [2021-12-07 10:59:15,059] {dag.py:2396} INFO - Sync 1 DAGs
[2021-12-07 10:59:15,074] {logging_mixin.py:109} INFO - [2021-12-07 10:59:15,074] {dag.py:2928} INFO - Setting next_dagrun for example_branch_dop_operator_v3 to 2021-12-07T15:58:00+00:00
[2021-12-07 10:59:15,082] {processor.py:171} INFO - Processing /Users/ballakeerthi/opt/anaconda3/envs/airflow/lib/python3.9/site-packages/airflow/example_dags/example_branch_python_dop_operator_3.py took 0.094 seconds
[2021-12-07 11:02:22,204] {processor.py:163} INFO - Started process (PID=3263) to work on /Users/ballakeerthi/opt/anaconda3/envs/airflow/lib/python3.9/site-packages/airflow/example_dags/example_branch_python_dop_operator_3.py
[2021-12-07 11:02:22,205] {processor.py:625} INFO - Processing file /Users/ballakeerthi/opt/anaconda3/envs/airflow/lib/python3.9/site-packages/airflow/example_dags/example_branch_python_dop_operator_3.py for tasks to queue
[2021-12-07 11:02:22,207] {logging_mixin.py:109} INFO - [2021-12-07 11:02:22,207] {dagbag.py:500} INFO - Filling up the DagBag from /Users/ballakeerthi/opt/anaconda3/envs/airflow/lib/python3.9/site-packages/airflow/example_dags/example_branch_python_dop_operator_3.py
[2021-12-07 11:02:22,247] {processor.py:637} INFO - DAG(s) dict_keys(['example_branch_dop_operator_v3']) retrieved from /Users/ballakeerthi/opt/anaconda3/envs/airflow/lib/python3.9/site-packages/airflow/example_dags/example_branch_python_dop_operator_3.py
[2021-12-07 11:02:22,264] {logging_mixin.py:109} INFO - [2021-12-07 11:02:22,264] {dag.py:2396} INFO - Sync 1 DAGs
[2021-12-07 11:02:22,276] {logging_mixin.py:109} INFO - [2021-12-07 11:02:22,275] {dag.py:2928} INFO - Setting next_dagrun for example_branch_dop_operator_v3 to 2021-12-07T16:01:00+00:00
[2021-12-07 11:02:22,282] {processor.py:171} INFO - Processing /Users/ballakeerthi/opt/anaconda3/envs/airflow/lib/python3.9/site-packages/airflow/example_dags/example_branch_python_dop_operator_3.py took 0.078 seconds
[2021-12-07 11:05:00,204] {processor.py:163} INFO - Started process (PID=3504) to work on /Users/ballakeerthi/opt/anaconda3/envs/airflow/lib/python3.9/site-packages/airflow/example_dags/example_branch_python_dop_operator_3.py
[2021-12-07 11:05:00,204] {processor.py:625} INFO - Processing file /Users/ballakeerthi/opt/anaconda3/envs/airflow/lib/python3.9/site-packages/airflow/example_dags/example_branch_python_dop_operator_3.py for tasks to queue
[2021-12-07 11:05:00,206] {logging_mixin.py:109} INFO - [2021-12-07 11:05:00,206] {dagbag.py:500} INFO - Filling up the DagBag from /Users/ballakeerthi/opt/anaconda3/envs/airflow/lib/python3.9/site-packages/airflow/example_dags/example_branch_python_dop_operator_3.py
[2021-12-07 11:05:00,251] {processor.py:637} INFO - DAG(s) dict_keys(['example_branch_dop_operator_v3']) retrieved from /Users/ballakeerthi/opt/anaconda3/envs/airflow/lib/python3.9/site-packages/airflow/example_dags/example_branch_python_dop_operator_3.py
[2021-12-07 11:05:00,267] {logging_mixin.py:109} INFO - [2021-12-07 11:05:00,266] {dag.py:2396} INFO - Sync 1 DAGs
[2021-12-07 11:05:00,278] {logging_mixin.py:109} INFO - [2021-12-07 11:05:00,278] {dag.py:2928} INFO - Setting next_dagrun for example_branch_dop_operator_v3 to 2021-12-07T16:04:00+00:00
[2021-12-07 11:05:00,284] {processor.py:171} INFO - Processing /Users/ballakeerthi/opt/anaconda3/envs/airflow/lib/python3.9/site-packages/airflow/example_dags/example_branch_python_dop_operator_3.py took 0.081 seconds
[2021-12-07 11:09:25,614] {processor.py:163} INFO - Started process (PID=3628) to work on /Users/ballakeerthi/opt/anaconda3/lib/python3.8/site-packages/airflow/example_dags/example_branch_python_dop_operator_3.py
[2021-12-07 11:09:25,620] {processor.py:625} INFO - Processing file /Users/ballakeerthi/opt/anaconda3/lib/python3.8/site-packages/airflow/example_dags/example_branch_python_dop_operator_3.py for tasks to queue
[2021-12-07 11:09:25,621] {logging_mixin.py:109} INFO - [2021-12-07 11:09:25,621] {dagbag.py:500} INFO - Filling up the DagBag from /Users/ballakeerthi/opt/anaconda3/lib/python3.8/site-packages/airflow/example_dags/example_branch_python_dop_operator_3.py
[2021-12-07 11:09:25,668] {processor.py:637} INFO - DAG(s) dict_keys(['example_branch_dop_operator_v3']) retrieved from /Users/ballakeerthi/opt/anaconda3/lib/python3.8/site-packages/airflow/example_dags/example_branch_python_dop_operator_3.py
[2021-12-07 11:09:25,908] {logging_mixin.py:109} INFO - [2021-12-07 11:09:25,908] {dag.py:2396} INFO - Sync 1 DAGs
[2021-12-07 11:09:25,921] {logging_mixin.py:109} INFO - [2021-12-07 11:09:25,921] {dag.py:2928} INFO - Setting next_dagrun for example_branch_dop_operator_v3 to 2021-12-07T16:08:00+00:00
[2021-12-07 11:09:25,932] {processor.py:171} INFO - Processing /Users/ballakeerthi/opt/anaconda3/lib/python3.8/site-packages/airflow/example_dags/example_branch_python_dop_operator_3.py took 0.318 seconds
[2021-12-07 11:11:32,224] {processor.py:163} INFO - Started process (PID=3717) to work on /Users/ballakeerthi/opt/anaconda3/lib/python3.8/site-packages/airflow/example_dags/example_branch_python_dop_operator_3.py
[2021-12-07 11:11:32,230] {processor.py:625} INFO - Processing file /Users/ballakeerthi/opt/anaconda3/lib/python3.8/site-packages/airflow/example_dags/example_branch_python_dop_operator_3.py for tasks to queue
[2021-12-07 11:11:32,230] {logging_mixin.py:109} INFO - [2021-12-07 11:11:32,230] {dagbag.py:500} INFO - Filling up the DagBag from /Users/ballakeerthi/opt/anaconda3/lib/python3.8/site-packages/airflow/example_dags/example_branch_python_dop_operator_3.py
[2021-12-07 11:11:32,276] {processor.py:637} INFO - DAG(s) dict_keys(['example_branch_dop_operator_v3']) retrieved from /Users/ballakeerthi/opt/anaconda3/lib/python3.8/site-packages/airflow/example_dags/example_branch_python_dop_operator_3.py
[2021-12-07 11:11:32,290] {logging_mixin.py:109} INFO - [2021-12-07 11:11:32,290] {dag.py:2396} INFO - Sync 1 DAGs
[2021-12-07 11:11:32,299] {logging_mixin.py:109} INFO - [2021-12-07 11:11:32,299] {dag.py:2928} INFO - Setting next_dagrun for example_branch_dop_operator_v3 to 2021-12-07T16:10:00+00:00
[2021-12-07 11:11:32,308] {processor.py:171} INFO - Processing /Users/ballakeerthi/opt/anaconda3/lib/python3.8/site-packages/airflow/example_dags/example_branch_python_dop_operator_3.py took 0.085 seconds
[2021-12-07 11:14:16,620] {processor.py:163} INFO - Started process (PID=3839) to work on /Users/ballakeerthi/opt/anaconda3/lib/python3.8/site-packages/airflow/example_dags/example_branch_python_dop_operator_3.py
[2021-12-07 11:14:16,621] {processor.py:625} INFO - Processing file /Users/ballakeerthi/opt/anaconda3/lib/python3.8/site-packages/airflow/example_dags/example_branch_python_dop_operator_3.py for tasks to queue
[2021-12-07 11:14:16,621] {logging_mixin.py:109} INFO - [2021-12-07 11:14:16,621] {dagbag.py:500} INFO - Filling up the DagBag from /Users/ballakeerthi/opt/anaconda3/lib/python3.8/site-packages/airflow/example_dags/example_branch_python_dop_operator_3.py
[2021-12-07 11:14:16,679] {processor.py:637} INFO - DAG(s) dict_keys(['example_branch_dop_operator_v3']) retrieved from /Users/ballakeerthi/opt/anaconda3/lib/python3.8/site-packages/airflow/example_dags/example_branch_python_dop_operator_3.py
[2021-12-07 11:14:16,695] {logging_mixin.py:109} INFO - [2021-12-07 11:14:16,695] {dag.py:2396} INFO - Sync 1 DAGs
[2021-12-07 11:14:16,709] {logging_mixin.py:109} INFO - [2021-12-07 11:14:16,709] {dag.py:2928} INFO - Setting next_dagrun for example_branch_dop_operator_v3 to 2021-12-07T16:13:00+00:00
[2021-12-07 11:14:16,719] {processor.py:171} INFO - Processing /Users/ballakeerthi/opt/anaconda3/lib/python3.8/site-packages/airflow/example_dags/example_branch_python_dop_operator_3.py took 0.101 seconds
[2021-12-07 11:16:54,257] {processor.py:163} INFO - Started process (PID=3952) to work on /Users/ballakeerthi/opt/anaconda3/lib/python3.8/site-packages/airflow/example_dags/example_branch_python_dop_operator_3.py
[2021-12-07 11:16:54,258] {processor.py:625} INFO - Processing file /Users/ballakeerthi/opt/anaconda3/lib/python3.8/site-packages/airflow/example_dags/example_branch_python_dop_operator_3.py for tasks to queue
[2021-12-07 11:16:54,259] {logging_mixin.py:109} INFO - [2021-12-07 11:16:54,259] {dagbag.py:500} INFO - Filling up the DagBag from /Users/ballakeerthi/opt/anaconda3/lib/python3.8/site-packages/airflow/example_dags/example_branch_python_dop_operator_3.py
[2021-12-07 11:16:54,390] {processor.py:637} INFO - DAG(s) dict_keys(['example_branch_dop_operator_v3']) retrieved from /Users/ballakeerthi/opt/anaconda3/lib/python3.8/site-packages/airflow/example_dags/example_branch_python_dop_operator_3.py
[2021-12-07 11:16:54,410] {logging_mixin.py:109} INFO - [2021-12-07 11:16:54,409] {dag.py:2396} INFO - Sync 1 DAGs
[2021-12-07 11:16:54,431] {logging_mixin.py:109} INFO - [2021-12-07 11:16:54,431] {dag.py:2928} INFO - Setting next_dagrun for example_branch_dop_operator_v3 to 2021-12-07T16:15:00+00:00
[2021-12-07 11:16:54,445] {processor.py:171} INFO - Processing /Users/ballakeerthi/opt/anaconda3/lib/python3.8/site-packages/airflow/example_dags/example_branch_python_dop_operator_3.py took 0.189 seconds
[2021-12-07 11:19:32,063] {processor.py:163} INFO - Started process (PID=4062) to work on /Users/ballakeerthi/opt/anaconda3/lib/python3.8/site-packages/airflow/example_dags/example_branch_python_dop_operator_3.py
[2021-12-07 11:19:32,070] {processor.py:625} INFO - Processing file /Users/ballakeerthi/opt/anaconda3/lib/python3.8/site-packages/airflow/example_dags/example_branch_python_dop_operator_3.py for tasks to queue
[2021-12-07 11:19:32,071] {logging_mixin.py:109} INFO - [2021-12-07 11:19:32,071] {dagbag.py:500} INFO - Filling up the DagBag from /Users/ballakeerthi/opt/anaconda3/lib/python3.8/site-packages/airflow/example_dags/example_branch_python_dop_operator_3.py
[2021-12-07 11:19:32,113] {processor.py:637} INFO - DAG(s) dict_keys(['example_branch_dop_operator_v3']) retrieved from /Users/ballakeerthi/opt/anaconda3/lib/python3.8/site-packages/airflow/example_dags/example_branch_python_dop_operator_3.py
[2021-12-07 11:19:32,128] {logging_mixin.py:109} INFO - [2021-12-07 11:19:32,128] {dag.py:2396} INFO - Sync 1 DAGs
[2021-12-07 11:19:32,138] {logging_mixin.py:109} INFO - [2021-12-07 11:19:32,138] {dag.py:2928} INFO - Setting next_dagrun for example_branch_dop_operator_v3 to 2021-12-07T16:18:00+00:00
[2021-12-07 11:19:32,147] {processor.py:171} INFO - Processing /Users/ballakeerthi/opt/anaconda3/lib/python3.8/site-packages/airflow/example_dags/example_branch_python_dop_operator_3.py took 0.085 seconds
[2021-12-07 11:22:24,793] {processor.py:163} INFO - Started process (PID=4217) to work on /Users/ballakeerthi/opt/anaconda3/lib/python3.8/site-packages/airflow/example_dags/example_branch_python_dop_operator_3.py
[2021-12-07 11:22:24,799] {processor.py:625} INFO - Processing file /Users/ballakeerthi/opt/anaconda3/lib/python3.8/site-packages/airflow/example_dags/example_branch_python_dop_operator_3.py for tasks to queue
[2021-12-07 11:22:24,800] {logging_mixin.py:109} INFO - [2021-12-07 11:22:24,799] {dagbag.py:500} INFO - Filling up the DagBag from /Users/ballakeerthi/opt/anaconda3/lib/python3.8/site-packages/airflow/example_dags/example_branch_python_dop_operator_3.py
[2021-12-07 11:22:24,849] {processor.py:637} INFO - DAG(s) dict_keys(['example_branch_dop_operator_v3']) retrieved from /Users/ballakeerthi/opt/anaconda3/lib/python3.8/site-packages/airflow/example_dags/example_branch_python_dop_operator_3.py
[2021-12-07 11:22:24,868] {logging_mixin.py:109} INFO - [2021-12-07 11:22:24,868] {dag.py:2396} INFO - Sync 1 DAGs
[2021-12-07 11:22:24,882] {logging_mixin.py:109} INFO - [2021-12-07 11:22:24,882] {dag.py:2928} INFO - Setting next_dagrun for example_branch_dop_operator_v3 to 2021-12-07T16:21:00+00:00
[2021-12-07 11:22:24,894] {processor.py:171} INFO - Processing /Users/ballakeerthi/opt/anaconda3/lib/python3.8/site-packages/airflow/example_dags/example_branch_python_dop_operator_3.py took 0.102 seconds
[2021-12-07 11:25:07,500] {processor.py:163} INFO - Started process (PID=4344) to work on /Users/ballakeerthi/opt/anaconda3/lib/python3.8/site-packages/airflow/example_dags/example_branch_python_dop_operator_3.py
[2021-12-07 11:25:07,506] {processor.py:625} INFO - Processing file /Users/ballakeerthi/opt/anaconda3/lib/python3.8/site-packages/airflow/example_dags/example_branch_python_dop_operator_3.py for tasks to queue
[2021-12-07 11:25:07,507] {logging_mixin.py:109} INFO - [2021-12-07 11:25:07,507] {dagbag.py:500} INFO - Filling up the DagBag from /Users/ballakeerthi/opt/anaconda3/lib/python3.8/site-packages/airflow/example_dags/example_branch_python_dop_operator_3.py
[2021-12-07 11:25:07,578] {processor.py:637} INFO - DAG(s) dict_keys(['example_branch_dop_operator_v3']) retrieved from /Users/ballakeerthi/opt/anaconda3/lib/python3.8/site-packages/airflow/example_dags/example_branch_python_dop_operator_3.py
[2021-12-07 11:25:07,592] {logging_mixin.py:109} INFO - [2021-12-07 11:25:07,592] {dag.py:2396} INFO - Sync 1 DAGs
[2021-12-07 11:25:07,601] {logging_mixin.py:109} INFO - [2021-12-07 11:25:07,601] {dag.py:2928} INFO - Setting next_dagrun for example_branch_dop_operator_v3 to 2021-12-07T16:24:00+00:00
[2021-12-07 11:25:07,609] {processor.py:171} INFO - Processing /Users/ballakeerthi/opt/anaconda3/lib/python3.8/site-packages/airflow/example_dags/example_branch_python_dop_operator_3.py took 0.110 seconds
[2021-12-07 11:28:01,171] {processor.py:163} INFO - Started process (PID=4464) to work on /Users/ballakeerthi/opt/anaconda3/lib/python3.8/site-packages/airflow/example_dags/example_branch_python_dop_operator_3.py
[2021-12-07 11:28:01,171] {processor.py:625} INFO - Processing file /Users/ballakeerthi/opt/anaconda3/lib/python3.8/site-packages/airflow/example_dags/example_branch_python_dop_operator_3.py for tasks to queue
[2021-12-07 11:28:01,172] {logging_mixin.py:109} INFO - [2021-12-07 11:28:01,172] {dagbag.py:500} INFO - Filling up the DagBag from /Users/ballakeerthi/opt/anaconda3/lib/python3.8/site-packages/airflow/example_dags/example_branch_python_dop_operator_3.py
[2021-12-07 11:28:01,210] {processor.py:637} INFO - DAG(s) dict_keys(['example_branch_dop_operator_v3']) retrieved from /Users/ballakeerthi/opt/anaconda3/lib/python3.8/site-packages/airflow/example_dags/example_branch_python_dop_operator_3.py
[2021-12-07 11:28:01,224] {logging_mixin.py:109} INFO - [2021-12-07 11:28:01,224] {dag.py:2396} INFO - Sync 1 DAGs
[2021-12-07 11:28:01,235] {logging_mixin.py:109} INFO - [2021-12-07 11:28:01,235] {dag.py:2928} INFO - Setting next_dagrun for example_branch_dop_operator_v3 to 2021-12-07T16:27:00+00:00
[2021-12-07 11:28:01,245] {processor.py:171} INFO - Processing /Users/ballakeerthi/opt/anaconda3/lib/python3.8/site-packages/airflow/example_dags/example_branch_python_dop_operator_3.py took 0.075 seconds
[2021-12-07 11:31:13,131] {processor.py:163} INFO - Started process (PID=4721) to work on /Users/ballakeerthi/opt/anaconda3/lib/python3.8/site-packages/airflow/example_dags/example_branch_python_dop_operator_3.py
[2021-12-07 11:31:13,132] {processor.py:625} INFO - Processing file /Users/ballakeerthi/opt/anaconda3/lib/python3.8/site-packages/airflow/example_dags/example_branch_python_dop_operator_3.py for tasks to queue
[2021-12-07 11:31:13,133] {logging_mixin.py:109} INFO - [2021-12-07 11:31:13,133] {dagbag.py:500} INFO - Filling up the DagBag from /Users/ballakeerthi/opt/anaconda3/lib/python3.8/site-packages/airflow/example_dags/example_branch_python_dop_operator_3.py
[2021-12-07 11:31:13,172] {processor.py:637} INFO - DAG(s) dict_keys(['example_branch_dop_operator_v3']) retrieved from /Users/ballakeerthi/opt/anaconda3/lib/python3.8/site-packages/airflow/example_dags/example_branch_python_dop_operator_3.py
[2021-12-07 11:31:13,187] {logging_mixin.py:109} INFO - [2021-12-07 11:31:13,187] {dag.py:2396} INFO - Sync 1 DAGs
[2021-12-07 11:31:13,196] {logging_mixin.py:109} INFO - [2021-12-07 11:31:13,196] {dag.py:2928} INFO - Setting next_dagrun for example_branch_dop_operator_v3 to 2021-12-07T16:30:00+00:00
[2021-12-07 11:31:13,204] {processor.py:171} INFO - Processing /Users/ballakeerthi/opt/anaconda3/lib/python3.8/site-packages/airflow/example_dags/example_branch_python_dop_operator_3.py took 0.073 seconds
[2021-12-07 11:34:45,714] {processor.py:163} INFO - Started process (PID=4872) to work on /Users/ballakeerthi/opt/anaconda3/lib/python3.8/site-packages/airflow/example_dags/example_branch_python_dop_operator_3.py
[2021-12-07 11:34:45,714] {processor.py:625} INFO - Processing file /Users/ballakeerthi/opt/anaconda3/lib/python3.8/site-packages/airflow/example_dags/example_branch_python_dop_operator_3.py for tasks to queue
[2021-12-07 11:34:45,714] {logging_mixin.py:109} INFO - [2021-12-07 11:34:45,714] {dagbag.py:500} INFO - Filling up the DagBag from /Users/ballakeerthi/opt/anaconda3/lib/python3.8/site-packages/airflow/example_dags/example_branch_python_dop_operator_3.py
[2021-12-07 11:34:45,777] {processor.py:637} INFO - DAG(s) dict_keys(['example_branch_dop_operator_v3']) retrieved from /Users/ballakeerthi/opt/anaconda3/lib/python3.8/site-packages/airflow/example_dags/example_branch_python_dop_operator_3.py
[2021-12-07 11:34:45,797] {logging_mixin.py:109} INFO - [2021-12-07 11:34:45,797] {dag.py:2396} INFO - Sync 1 DAGs
[2021-12-07 11:34:45,812] {logging_mixin.py:109} INFO - [2021-12-07 11:34:45,812] {dag.py:2928} INFO - Setting next_dagrun for example_branch_dop_operator_v3 to 2021-12-07T16:33:00+00:00
[2021-12-07 11:34:45,822] {processor.py:171} INFO - Processing /Users/ballakeerthi/opt/anaconda3/lib/python3.8/site-packages/airflow/example_dags/example_branch_python_dop_operator_3.py took 0.108 seconds
[2021-12-07 11:38:12,716] {processor.py:163} INFO - Started process (PID=5007) to work on /Users/ballakeerthi/opt/anaconda3/lib/python3.8/site-packages/airflow/example_dags/example_branch_python_dop_operator_3.py
[2021-12-07 11:38:12,718] {processor.py:625} INFO - Processing file /Users/ballakeerthi/opt/anaconda3/lib/python3.8/site-packages/airflow/example_dags/example_branch_python_dop_operator_3.py for tasks to queue
[2021-12-07 11:38:12,719] {logging_mixin.py:109} INFO - [2021-12-07 11:38:12,719] {dagbag.py:500} INFO - Filling up the DagBag from /Users/ballakeerthi/opt/anaconda3/lib/python3.8/site-packages/airflow/example_dags/example_branch_python_dop_operator_3.py
[2021-12-07 11:38:12,762] {processor.py:637} INFO - DAG(s) dict_keys(['example_branch_dop_operator_v3']) retrieved from /Users/ballakeerthi/opt/anaconda3/lib/python3.8/site-packages/airflow/example_dags/example_branch_python_dop_operator_3.py
[2021-12-07 11:38:12,779] {logging_mixin.py:109} INFO - [2021-12-07 11:38:12,779] {dag.py:2396} INFO - Sync 1 DAGs
[2021-12-07 11:38:12,790] {logging_mixin.py:109} INFO - [2021-12-07 11:38:12,790] {dag.py:2928} INFO - Setting next_dagrun for example_branch_dop_operator_v3 to 2021-12-07T16:37:00+00:00
[2021-12-07 11:38:12,796] {processor.py:171} INFO - Processing /Users/ballakeerthi/opt/anaconda3/lib/python3.8/site-packages/airflow/example_dags/example_branch_python_dop_operator_3.py took 0.081 seconds
[2021-12-07 11:40:59,420] {processor.py:163} INFO - Started process (PID=5117) to work on /Users/ballakeerthi/opt/anaconda3/lib/python3.8/site-packages/airflow/example_dags/example_branch_python_dop_operator_3.py
[2021-12-07 11:40:59,425] {processor.py:625} INFO - Processing file /Users/ballakeerthi/opt/anaconda3/lib/python3.8/site-packages/airflow/example_dags/example_branch_python_dop_operator_3.py for tasks to queue
[2021-12-07 11:40:59,426] {logging_mixin.py:109} INFO - [2021-12-07 11:40:59,425] {dagbag.py:500} INFO - Filling up the DagBag from /Users/ballakeerthi/opt/anaconda3/lib/python3.8/site-packages/airflow/example_dags/example_branch_python_dop_operator_3.py
[2021-12-07 11:40:59,465] {processor.py:637} INFO - DAG(s) dict_keys(['example_branch_dop_operator_v3']) retrieved from /Users/ballakeerthi/opt/anaconda3/lib/python3.8/site-packages/airflow/example_dags/example_branch_python_dop_operator_3.py
[2021-12-07 11:40:59,480] {logging_mixin.py:109} INFO - [2021-12-07 11:40:59,480] {dag.py:2396} INFO - Sync 1 DAGs
[2021-12-07 11:40:59,490] {logging_mixin.py:109} INFO - [2021-12-07 11:40:59,490] {dag.py:2928} INFO - Setting next_dagrun for example_branch_dop_operator_v3 to 2021-12-07T16:39:00+00:00
[2021-12-07 11:40:59,499] {processor.py:171} INFO - Processing /Users/ballakeerthi/opt/anaconda3/lib/python3.8/site-packages/airflow/example_dags/example_branch_python_dop_operator_3.py took 0.080 seconds
[2021-12-07 11:44:11,421] {processor.py:163} INFO - Started process (PID=5232) to work on /Users/ballakeerthi/opt/anaconda3/lib/python3.8/site-packages/airflow/example_dags/example_branch_python_dop_operator_3.py
[2021-12-07 11:44:11,424] {processor.py:625} INFO - Processing file /Users/ballakeerthi/opt/anaconda3/lib/python3.8/site-packages/airflow/example_dags/example_branch_python_dop_operator_3.py for tasks to queue
[2021-12-07 11:44:11,425] {logging_mixin.py:109} INFO - [2021-12-07 11:44:11,425] {dagbag.py:500} INFO - Filling up the DagBag from /Users/ballakeerthi/opt/anaconda3/lib/python3.8/site-packages/airflow/example_dags/example_branch_python_dop_operator_3.py
[2021-12-07 11:44:11,469] {processor.py:637} INFO - DAG(s) dict_keys(['example_branch_dop_operator_v3']) retrieved from /Users/ballakeerthi/opt/anaconda3/lib/python3.8/site-packages/airflow/example_dags/example_branch_python_dop_operator_3.py
[2021-12-07 11:44:11,486] {logging_mixin.py:109} INFO - [2021-12-07 11:44:11,486] {dag.py:2396} INFO - Sync 1 DAGs
[2021-12-07 11:44:11,497] {logging_mixin.py:109} INFO - [2021-12-07 11:44:11,497] {dag.py:2928} INFO - Setting next_dagrun for example_branch_dop_operator_v3 to 2021-12-07T16:43:00+00:00
[2021-12-07 11:44:11,503] {processor.py:171} INFO - Processing /Users/ballakeerthi/opt/anaconda3/lib/python3.8/site-packages/airflow/example_dags/example_branch_python_dop_operator_3.py took 0.084 seconds
[2021-12-07 11:47:07,018] {processor.py:163} INFO - Started process (PID=5345) to work on /Users/ballakeerthi/opt/anaconda3/lib/python3.8/site-packages/airflow/example_dags/example_branch_python_dop_operator_3.py
[2021-12-07 11:47:07,019] {processor.py:625} INFO - Processing file /Users/ballakeerthi/opt/anaconda3/lib/python3.8/site-packages/airflow/example_dags/example_branch_python_dop_operator_3.py for tasks to queue
[2021-12-07 11:47:07,019] {logging_mixin.py:109} INFO - [2021-12-07 11:47:07,019] {dagbag.py:500} INFO - Filling up the DagBag from /Users/ballakeerthi/opt/anaconda3/lib/python3.8/site-packages/airflow/example_dags/example_branch_python_dop_operator_3.py
[2021-12-07 11:47:07,077] {processor.py:637} INFO - DAG(s) dict_keys(['example_branch_dop_operator_v3']) retrieved from /Users/ballakeerthi/opt/anaconda3/lib/python3.8/site-packages/airflow/example_dags/example_branch_python_dop_operator_3.py
[2021-12-07 11:47:07,095] {logging_mixin.py:109} INFO - [2021-12-07 11:47:07,094] {dag.py:2396} INFO - Sync 1 DAGs
[2021-12-07 11:47:07,114] {logging_mixin.py:109} INFO - [2021-12-07 11:47:07,114] {dag.py:2928} INFO - Setting next_dagrun for example_branch_dop_operator_v3 to 2021-12-07T16:46:00+00:00
[2021-12-07 11:47:07,122] {processor.py:171} INFO - Processing /Users/ballakeerthi/opt/anaconda3/lib/python3.8/site-packages/airflow/example_dags/example_branch_python_dop_operator_3.py took 0.104 seconds
[2021-12-07 11:51:02,652] {processor.py:163} INFO - Started process (PID=5488) to work on /Users/ballakeerthi/opt/anaconda3/lib/python3.8/site-packages/airflow/example_dags/example_branch_python_dop_operator_3.py
[2021-12-07 11:51:02,658] {processor.py:625} INFO - Processing file /Users/ballakeerthi/opt/anaconda3/lib/python3.8/site-packages/airflow/example_dags/example_branch_python_dop_operator_3.py for tasks to queue
[2021-12-07 11:51:02,659] {logging_mixin.py:109} INFO - [2021-12-07 11:51:02,659] {dagbag.py:500} INFO - Filling up the DagBag from /Users/ballakeerthi/opt/anaconda3/lib/python3.8/site-packages/airflow/example_dags/example_branch_python_dop_operator_3.py
[2021-12-07 11:51:02,717] {processor.py:637} INFO - DAG(s) dict_keys(['example_branch_dop_operator_v3']) retrieved from /Users/ballakeerthi/opt/anaconda3/lib/python3.8/site-packages/airflow/example_dags/example_branch_python_dop_operator_3.py
[2021-12-07 11:51:02,741] {logging_mixin.py:109} INFO - [2021-12-07 11:51:02,741] {dag.py:2396} INFO - Sync 1 DAGs
[2021-12-07 11:51:02,758] {logging_mixin.py:109} INFO - [2021-12-07 11:51:02,757] {dag.py:2928} INFO - Setting next_dagrun for example_branch_dop_operator_v3 to 2021-12-07T16:50:00+00:00
[2021-12-07 11:51:02,785] {processor.py:171} INFO - Processing /Users/ballakeerthi/opt/anaconda3/lib/python3.8/site-packages/airflow/example_dags/example_branch_python_dop_operator_3.py took 0.134 seconds
[2021-12-07 11:54:25,410] {processor.py:163} INFO - Started process (PID=5620) to work on /Users/ballakeerthi/opt/anaconda3/lib/python3.8/site-packages/airflow/example_dags/example_branch_python_dop_operator_3.py
[2021-12-07 11:54:25,416] {processor.py:625} INFO - Processing file /Users/ballakeerthi/opt/anaconda3/lib/python3.8/site-packages/airflow/example_dags/example_branch_python_dop_operator_3.py for tasks to queue
[2021-12-07 11:54:25,417] {logging_mixin.py:109} INFO - [2021-12-07 11:54:25,417] {dagbag.py:500} INFO - Filling up the DagBag from /Users/ballakeerthi/opt/anaconda3/lib/python3.8/site-packages/airflow/example_dags/example_branch_python_dop_operator_3.py
[2021-12-07 11:54:25,460] {processor.py:637} INFO - DAG(s) dict_keys(['example_branch_dop_operator_v3']) retrieved from /Users/ballakeerthi/opt/anaconda3/lib/python3.8/site-packages/airflow/example_dags/example_branch_python_dop_operator_3.py
[2021-12-07 11:54:25,475] {logging_mixin.py:109} INFO - [2021-12-07 11:54:25,475] {dag.py:2396} INFO - Sync 1 DAGs
[2021-12-07 11:54:25,485] {logging_mixin.py:109} INFO - [2021-12-07 11:54:25,485] {dag.py:2928} INFO - Setting next_dagrun for example_branch_dop_operator_v3 to 2021-12-07T16:53:00+00:00
[2021-12-07 11:54:25,494] {processor.py:171} INFO - Processing /Users/ballakeerthi/opt/anaconda3/lib/python3.8/site-packages/airflow/example_dags/example_branch_python_dop_operator_3.py took 0.085 seconds
[2021-12-07 11:57:15,379] {processor.py:163} INFO - Started process (PID=5753) to work on /Users/ballakeerthi/opt/anaconda3/lib/python3.8/site-packages/airflow/example_dags/example_branch_python_dop_operator_3.py
[2021-12-07 11:57:15,380] {processor.py:625} INFO - Processing file /Users/ballakeerthi/opt/anaconda3/lib/python3.8/site-packages/airflow/example_dags/example_branch_python_dop_operator_3.py for tasks to queue
[2021-12-07 11:57:15,380] {logging_mixin.py:109} INFO - [2021-12-07 11:57:15,380] {dagbag.py:500} INFO - Filling up the DagBag from /Users/ballakeerthi/opt/anaconda3/lib/python3.8/site-packages/airflow/example_dags/example_branch_python_dop_operator_3.py
[2021-12-07 11:57:15,427] {processor.py:637} INFO - DAG(s) dict_keys(['example_branch_dop_operator_v3']) retrieved from /Users/ballakeerthi/opt/anaconda3/lib/python3.8/site-packages/airflow/example_dags/example_branch_python_dop_operator_3.py
[2021-12-07 11:57:15,444] {logging_mixin.py:109} INFO - [2021-12-07 11:57:15,444] {dag.py:2396} INFO - Sync 1 DAGs
[2021-12-07 11:57:15,455] {logging_mixin.py:109} INFO - [2021-12-07 11:57:15,455] {dag.py:2928} INFO - Setting next_dagrun for example_branch_dop_operator_v3 to 2021-12-07T16:56:00+00:00
[2021-12-07 11:57:15,465] {processor.py:171} INFO - Processing /Users/ballakeerthi/opt/anaconda3/lib/python3.8/site-packages/airflow/example_dags/example_branch_python_dop_operator_3.py took 0.087 seconds
[2021-12-07 12:00:17,831] {processor.py:163} INFO - Started process (PID=5881) to work on /Users/ballakeerthi/opt/anaconda3/lib/python3.8/site-packages/airflow/example_dags/example_branch_python_dop_operator_3.py
[2021-12-07 12:00:17,834] {processor.py:625} INFO - Processing file /Users/ballakeerthi/opt/anaconda3/lib/python3.8/site-packages/airflow/example_dags/example_branch_python_dop_operator_3.py for tasks to queue
[2021-12-07 12:00:17,835] {logging_mixin.py:109} INFO - [2021-12-07 12:00:17,835] {dagbag.py:500} INFO - Filling up the DagBag from /Users/ballakeerthi/opt/anaconda3/lib/python3.8/site-packages/airflow/example_dags/example_branch_python_dop_operator_3.py
[2021-12-07 12:00:17,876] {processor.py:637} INFO - DAG(s) dict_keys(['example_branch_dop_operator_v3']) retrieved from /Users/ballakeerthi/opt/anaconda3/lib/python3.8/site-packages/airflow/example_dags/example_branch_python_dop_operator_3.py
[2021-12-07 12:00:17,895] {logging_mixin.py:109} INFO - [2021-12-07 12:00:17,895] {dag.py:2396} INFO - Sync 1 DAGs
[2021-12-07 12:00:17,913] {logging_mixin.py:109} INFO - [2021-12-07 12:00:17,913] {dag.py:2928} INFO - Setting next_dagrun for example_branch_dop_operator_v3 to 2021-12-07T16:59:00+00:00
[2021-12-07 12:00:17,922] {processor.py:171} INFO - Processing /Users/ballakeerthi/opt/anaconda3/lib/python3.8/site-packages/airflow/example_dags/example_branch_python_dop_operator_3.py took 0.092 seconds
[2021-12-07 12:03:15,788] {processor.py:163} INFO - Started process (PID=5988) to work on /Users/ballakeerthi/opt/anaconda3/lib/python3.8/site-packages/airflow/example_dags/example_branch_python_dop_operator_3.py
[2021-12-07 12:03:15,789] {processor.py:625} INFO - Processing file /Users/ballakeerthi/opt/anaconda3/lib/python3.8/site-packages/airflow/example_dags/example_branch_python_dop_operator_3.py for tasks to queue
[2021-12-07 12:03:15,789] {logging_mixin.py:109} INFO - [2021-12-07 12:03:15,789] {dagbag.py:500} INFO - Filling up the DagBag from /Users/ballakeerthi/opt/anaconda3/lib/python3.8/site-packages/airflow/example_dags/example_branch_python_dop_operator_3.py
[2021-12-07 12:03:15,833] {processor.py:637} INFO - DAG(s) dict_keys(['example_branch_dop_operator_v3']) retrieved from /Users/ballakeerthi/opt/anaconda3/lib/python3.8/site-packages/airflow/example_dags/example_branch_python_dop_operator_3.py
[2021-12-07 12:03:15,849] {logging_mixin.py:109} INFO - [2021-12-07 12:03:15,849] {dag.py:2396} INFO - Sync 1 DAGs
[2021-12-07 12:03:15,859] {logging_mixin.py:109} INFO - [2021-12-07 12:03:15,859] {dag.py:2928} INFO - Setting next_dagrun for example_branch_dop_operator_v3 to 2021-12-07T17:02:00+00:00
[2021-12-07 12:03:15,868] {processor.py:171} INFO - Processing /Users/ballakeerthi/opt/anaconda3/lib/python3.8/site-packages/airflow/example_dags/example_branch_python_dop_operator_3.py took 0.081 seconds
[2021-12-07 12:06:23,023] {processor.py:163} INFO - Started process (PID=6107) to work on /Users/ballakeerthi/opt/anaconda3/lib/python3.8/site-packages/airflow/example_dags/example_branch_python_dop_operator_3.py
[2021-12-07 12:06:23,028] {processor.py:625} INFO - Processing file /Users/ballakeerthi/opt/anaconda3/lib/python3.8/site-packages/airflow/example_dags/example_branch_python_dop_operator_3.py for tasks to queue
[2021-12-07 12:06:23,029] {logging_mixin.py:109} INFO - [2021-12-07 12:06:23,029] {dagbag.py:500} INFO - Filling up the DagBag from /Users/ballakeerthi/opt/anaconda3/lib/python3.8/site-packages/airflow/example_dags/example_branch_python_dop_operator_3.py
[2021-12-07 12:06:23,072] {processor.py:637} INFO - DAG(s) dict_keys(['example_branch_dop_operator_v3']) retrieved from /Users/ballakeerthi/opt/anaconda3/lib/python3.8/site-packages/airflow/example_dags/example_branch_python_dop_operator_3.py
[2021-12-07 12:06:23,086] {logging_mixin.py:109} INFO - [2021-12-07 12:06:23,086] {dag.py:2396} INFO - Sync 1 DAGs
[2021-12-07 12:06:23,098] {logging_mixin.py:109} INFO - [2021-12-07 12:06:23,098] {dag.py:2928} INFO - Setting next_dagrun for example_branch_dop_operator_v3 to 2021-12-07T17:05:00+00:00
[2021-12-07 12:06:23,108] {processor.py:171} INFO - Processing /Users/ballakeerthi/opt/anaconda3/lib/python3.8/site-packages/airflow/example_dags/example_branch_python_dop_operator_3.py took 0.086 seconds
[2021-12-07 12:09:15,838] {processor.py:163} INFO - Started process (PID=6221) to work on /Users/ballakeerthi/opt/anaconda3/lib/python3.8/site-packages/airflow/example_dags/example_branch_python_dop_operator_3.py
[2021-12-07 12:09:15,844] {processor.py:625} INFO - Processing file /Users/ballakeerthi/opt/anaconda3/lib/python3.8/site-packages/airflow/example_dags/example_branch_python_dop_operator_3.py for tasks to queue
[2021-12-07 12:09:15,844] {logging_mixin.py:109} INFO - [2021-12-07 12:09:15,844] {dagbag.py:500} INFO - Filling up the DagBag from /Users/ballakeerthi/opt/anaconda3/lib/python3.8/site-packages/airflow/example_dags/example_branch_python_dop_operator_3.py
[2021-12-07 12:09:15,891] {processor.py:637} INFO - DAG(s) dict_keys(['example_branch_dop_operator_v3']) retrieved from /Users/ballakeerthi/opt/anaconda3/lib/python3.8/site-packages/airflow/example_dags/example_branch_python_dop_operator_3.py
[2021-12-07 12:09:15,906] {logging_mixin.py:109} INFO - [2021-12-07 12:09:15,906] {dag.py:2396} INFO - Sync 1 DAGs
[2021-12-07 12:09:15,918] {logging_mixin.py:109} INFO - [2021-12-07 12:09:15,918] {dag.py:2928} INFO - Setting next_dagrun for example_branch_dop_operator_v3 to 2021-12-07T17:08:00+00:00
[2021-12-07 12:09:15,927] {processor.py:171} INFO - Processing /Users/ballakeerthi/opt/anaconda3/lib/python3.8/site-packages/airflow/example_dags/example_branch_python_dop_operator_3.py took 0.090 seconds
[2021-12-07 12:12:07,947] {processor.py:163} INFO - Started process (PID=6331) to work on /Users/ballakeerthi/opt/anaconda3/lib/python3.8/site-packages/airflow/example_dags/example_branch_python_dop_operator_3.py
[2021-12-07 12:12:07,953] {processor.py:625} INFO - Processing file /Users/ballakeerthi/opt/anaconda3/lib/python3.8/site-packages/airflow/example_dags/example_branch_python_dop_operator_3.py for tasks to queue
[2021-12-07 12:12:07,953] {logging_mixin.py:109} INFO - [2021-12-07 12:12:07,953] {dagbag.py:500} INFO - Filling up the DagBag from /Users/ballakeerthi/opt/anaconda3/lib/python3.8/site-packages/airflow/example_dags/example_branch_python_dop_operator_3.py
[2021-12-07 12:12:07,994] {processor.py:637} INFO - DAG(s) dict_keys(['example_branch_dop_operator_v3']) retrieved from /Users/ballakeerthi/opt/anaconda3/lib/python3.8/site-packages/airflow/example_dags/example_branch_python_dop_operator_3.py
[2021-12-07 12:12:08,010] {logging_mixin.py:109} INFO - [2021-12-07 12:12:08,010] {dag.py:2396} INFO - Sync 1 DAGs
[2021-12-07 12:12:08,022] {logging_mixin.py:109} INFO - [2021-12-07 12:12:08,021] {dag.py:2928} INFO - Setting next_dagrun for example_branch_dop_operator_v3 to 2021-12-07T17:11:00+00:00
[2021-12-07 12:12:08,030] {processor.py:171} INFO - Processing /Users/ballakeerthi/opt/anaconda3/lib/python3.8/site-packages/airflow/example_dags/example_branch_python_dop_operator_3.py took 0.084 seconds
[2021-12-07 12:15:00,614] {processor.py:163} INFO - Started process (PID=6440) to work on /Users/ballakeerthi/opt/anaconda3/lib/python3.8/site-packages/airflow/example_dags/example_branch_python_dop_operator_3.py
[2021-12-07 12:15:00,620] {processor.py:625} INFO - Processing file /Users/ballakeerthi/opt/anaconda3/lib/python3.8/site-packages/airflow/example_dags/example_branch_python_dop_operator_3.py for tasks to queue
[2021-12-07 12:15:00,621] {logging_mixin.py:109} INFO - [2021-12-07 12:15:00,621] {dagbag.py:500} INFO - Filling up the DagBag from /Users/ballakeerthi/opt/anaconda3/lib/python3.8/site-packages/airflow/example_dags/example_branch_python_dop_operator_3.py
[2021-12-07 12:15:00,672] {processor.py:637} INFO - DAG(s) dict_keys(['example_branch_dop_operator_v3']) retrieved from /Users/ballakeerthi/opt/anaconda3/lib/python3.8/site-packages/airflow/example_dags/example_branch_python_dop_operator_3.py
[2021-12-07 12:15:00,686] {logging_mixin.py:109} INFO - [2021-12-07 12:15:00,686] {dag.py:2396} INFO - Sync 1 DAGs
[2021-12-07 12:15:00,706] {logging_mixin.py:109} INFO - [2021-12-07 12:15:00,706] {dag.py:2928} INFO - Setting next_dagrun for example_branch_dop_operator_v3 to 2021-12-07T17:14:00+00:00
[2021-12-07 12:15:00,713] {processor.py:171} INFO - Processing /Users/ballakeerthi/opt/anaconda3/lib/python3.8/site-packages/airflow/example_dags/example_branch_python_dop_operator_3.py took 0.099 seconds
[2021-12-07 12:18:01,371] {processor.py:163} INFO - Started process (PID=6552) to work on /Users/ballakeerthi/opt/anaconda3/lib/python3.8/site-packages/airflow/example_dags/example_branch_python_dop_operator_3.py
[2021-12-07 12:18:01,373] {processor.py:625} INFO - Processing file /Users/ballakeerthi/opt/anaconda3/lib/python3.8/site-packages/airflow/example_dags/example_branch_python_dop_operator_3.py for tasks to queue
[2021-12-07 12:18:01,374] {logging_mixin.py:109} INFO - [2021-12-07 12:18:01,374] {dagbag.py:500} INFO - Filling up the DagBag from /Users/ballakeerthi/opt/anaconda3/lib/python3.8/site-packages/airflow/example_dags/example_branch_python_dop_operator_3.py
[2021-12-07 12:18:01,423] {processor.py:637} INFO - DAG(s) dict_keys(['example_branch_dop_operator_v3']) retrieved from /Users/ballakeerthi/opt/anaconda3/lib/python3.8/site-packages/airflow/example_dags/example_branch_python_dop_operator_3.py
[2021-12-07 12:18:01,444] {logging_mixin.py:109} INFO - [2021-12-07 12:18:01,444] {dag.py:2396} INFO - Sync 1 DAGs
[2021-12-07 12:18:01,456] {logging_mixin.py:109} INFO - [2021-12-07 12:18:01,456] {dag.py:2928} INFO - Setting next_dagrun for example_branch_dop_operator_v3 to 2021-12-07T17:17:00+00:00
[2021-12-07 12:18:01,468] {processor.py:171} INFO - Processing /Users/ballakeerthi/opt/anaconda3/lib/python3.8/site-packages/airflow/example_dags/example_branch_python_dop_operator_3.py took 0.098 seconds
[2021-12-07 12:21:02,495] {processor.py:163} INFO - Started process (PID=6661) to work on /Users/ballakeerthi/opt/anaconda3/lib/python3.8/site-packages/airflow/example_dags/example_branch_python_dop_operator_3.py
[2021-12-07 12:21:02,501] {processor.py:625} INFO - Processing file /Users/ballakeerthi/opt/anaconda3/lib/python3.8/site-packages/airflow/example_dags/example_branch_python_dop_operator_3.py for tasks to queue
[2021-12-07 12:21:02,502] {logging_mixin.py:109} INFO - [2021-12-07 12:21:02,501] {dagbag.py:500} INFO - Filling up the DagBag from /Users/ballakeerthi/opt/anaconda3/lib/python3.8/site-packages/airflow/example_dags/example_branch_python_dop_operator_3.py
[2021-12-07 12:21:02,548] {processor.py:637} INFO - DAG(s) dict_keys(['example_branch_dop_operator_v3']) retrieved from /Users/ballakeerthi/opt/anaconda3/lib/python3.8/site-packages/airflow/example_dags/example_branch_python_dop_operator_3.py
[2021-12-07 12:21:02,563] {logging_mixin.py:109} INFO - [2021-12-07 12:21:02,563] {dag.py:2396} INFO - Sync 1 DAGs
[2021-12-07 12:21:02,575] {logging_mixin.py:109} INFO - [2021-12-07 12:21:02,575] {dag.py:2928} INFO - Setting next_dagrun for example_branch_dop_operator_v3 to 2021-12-07T17:20:00+00:00
[2021-12-07 12:21:02,584] {processor.py:171} INFO - Processing /Users/ballakeerthi/opt/anaconda3/lib/python3.8/site-packages/airflow/example_dags/example_branch_python_dop_operator_3.py took 0.089 seconds
[2021-12-07 12:23:51,388] {processor.py:163} INFO - Started process (PID=6771) to work on /Users/ballakeerthi/opt/anaconda3/lib/python3.8/site-packages/airflow/example_dags/example_branch_python_dop_operator_3.py
[2021-12-07 12:23:51,391] {processor.py:625} INFO - Processing file /Users/ballakeerthi/opt/anaconda3/lib/python3.8/site-packages/airflow/example_dags/example_branch_python_dop_operator_3.py for tasks to queue
[2021-12-07 12:23:51,391] {logging_mixin.py:109} INFO - [2021-12-07 12:23:51,391] {dagbag.py:500} INFO - Filling up the DagBag from /Users/ballakeerthi/opt/anaconda3/lib/python3.8/site-packages/airflow/example_dags/example_branch_python_dop_operator_3.py
[2021-12-07 12:23:51,437] {processor.py:637} INFO - DAG(s) dict_keys(['example_branch_dop_operator_v3']) retrieved from /Users/ballakeerthi/opt/anaconda3/lib/python3.8/site-packages/airflow/example_dags/example_branch_python_dop_operator_3.py
[2021-12-07 12:23:51,451] {logging_mixin.py:109} INFO - [2021-12-07 12:23:51,451] {dag.py:2396} INFO - Sync 1 DAGs
[2021-12-07 12:23:51,463] {logging_mixin.py:109} INFO - [2021-12-07 12:23:51,463] {dag.py:2928} INFO - Setting next_dagrun for example_branch_dop_operator_v3 to 2021-12-07T17:22:00+00:00
[2021-12-07 12:23:51,473] {processor.py:171} INFO - Processing /Users/ballakeerthi/opt/anaconda3/lib/python3.8/site-packages/airflow/example_dags/example_branch_python_dop_operator_3.py took 0.086 seconds
[2021-12-07 13:23:38,349] {processor.py:163} INFO - Started process (PID=6911) to work on /Users/ballakeerthi/opt/anaconda3/lib/python3.8/site-packages/airflow/example_dags/example_branch_python_dop_operator_3.py
[2021-12-07 13:23:38,350] {processor.py:625} INFO - Processing file /Users/ballakeerthi/opt/anaconda3/lib/python3.8/site-packages/airflow/example_dags/example_branch_python_dop_operator_3.py for tasks to queue
[2021-12-07 13:23:38,351] {logging_mixin.py:109} INFO - [2021-12-07 13:23:38,351] {dagbag.py:500} INFO - Filling up the DagBag from /Users/ballakeerthi/opt/anaconda3/lib/python3.8/site-packages/airflow/example_dags/example_branch_python_dop_operator_3.py
[2021-12-07 13:23:38,513] {processor.py:637} INFO - DAG(s) dict_keys(['example_branch_dop_operator_v3']) retrieved from /Users/ballakeerthi/opt/anaconda3/lib/python3.8/site-packages/airflow/example_dags/example_branch_python_dop_operator_3.py
[2021-12-07 13:23:38,589] {logging_mixin.py:109} INFO - [2021-12-07 13:23:38,588] {dag.py:2396} INFO - Sync 1 DAGs
[2021-12-07 13:23:38,607] {logging_mixin.py:109} INFO - [2021-12-07 13:23:38,607] {dag.py:2928} INFO - Setting next_dagrun for example_branch_dop_operator_v3 to 2021-12-07T18:22:00+00:00
[2021-12-07 13:23:38,616] {processor.py:171} INFO - Processing /Users/ballakeerthi/opt/anaconda3/lib/python3.8/site-packages/airflow/example_dags/example_branch_python_dop_operator_3.py took 0.268 seconds
[2021-12-07 13:26:55,519] {processor.py:163} INFO - Started process (PID=7077) to work on /Users/ballakeerthi/opt/anaconda3/lib/python3.8/site-packages/airflow/example_dags/example_branch_python_dop_operator_3.py
[2021-12-07 13:26:55,521] {processor.py:625} INFO - Processing file /Users/ballakeerthi/opt/anaconda3/lib/python3.8/site-packages/airflow/example_dags/example_branch_python_dop_operator_3.py for tasks to queue
[2021-12-07 13:26:55,522] {logging_mixin.py:109} INFO - [2021-12-07 13:26:55,522] {dagbag.py:500} INFO - Filling up the DagBag from /Users/ballakeerthi/opt/anaconda3/lib/python3.8/site-packages/airflow/example_dags/example_branch_python_dop_operator_3.py
[2021-12-07 13:26:55,561] {processor.py:637} INFO - DAG(s) dict_keys(['example_branch_dop_operator_v3']) retrieved from /Users/ballakeerthi/opt/anaconda3/lib/python3.8/site-packages/airflow/example_dags/example_branch_python_dop_operator_3.py
[2021-12-07 13:26:55,574] {logging_mixin.py:109} INFO - [2021-12-07 13:26:55,574] {dag.py:2396} INFO - Sync 1 DAGs
[2021-12-07 13:26:55,583] {logging_mixin.py:109} INFO - [2021-12-07 13:26:55,583] {dag.py:2928} INFO - Setting next_dagrun for example_branch_dop_operator_v3 to 2021-12-07T18:25:00+00:00
[2021-12-07 13:26:55,592] {processor.py:171} INFO - Processing /Users/ballakeerthi/opt/anaconda3/lib/python3.8/site-packages/airflow/example_dags/example_branch_python_dop_operator_3.py took 0.074 seconds
[2021-12-07 13:29:21,226] {processor.py:163} INFO - Started process (PID=7182) to work on /Users/ballakeerthi/opt/anaconda3/lib/python3.8/site-packages/airflow/example_dags/example_branch_python_dop_operator_3.py
[2021-12-07 13:29:21,229] {processor.py:625} INFO - Processing file /Users/ballakeerthi/opt/anaconda3/lib/python3.8/site-packages/airflow/example_dags/example_branch_python_dop_operator_3.py for tasks to queue
[2021-12-07 13:29:21,229] {logging_mixin.py:109} INFO - [2021-12-07 13:29:21,229] {dagbag.py:500} INFO - Filling up the DagBag from /Users/ballakeerthi/opt/anaconda3/lib/python3.8/site-packages/airflow/example_dags/example_branch_python_dop_operator_3.py
[2021-12-07 13:29:21,268] {processor.py:637} INFO - DAG(s) dict_keys(['example_branch_dop_operator_v3']) retrieved from /Users/ballakeerthi/opt/anaconda3/lib/python3.8/site-packages/airflow/example_dags/example_branch_python_dop_operator_3.py
[2021-12-07 13:29:21,280] {logging_mixin.py:109} INFO - [2021-12-07 13:29:21,280] {dag.py:2396} INFO - Sync 1 DAGs
[2021-12-07 13:29:21,289] {logging_mixin.py:109} INFO - [2021-12-07 13:29:21,289] {dag.py:2928} INFO - Setting next_dagrun for example_branch_dop_operator_v3 to 2021-12-07T18:28:00+00:00
[2021-12-07 13:29:21,298] {processor.py:171} INFO - Processing /Users/ballakeerthi/opt/anaconda3/lib/python3.8/site-packages/airflow/example_dags/example_branch_python_dop_operator_3.py took 0.073 seconds
[2021-12-07 13:31:34,989] {processor.py:163} INFO - Started process (PID=7288) to work on /Users/ballakeerthi/opt/anaconda3/lib/python3.8/site-packages/airflow/example_dags/example_branch_python_dop_operator_3.py
[2021-12-07 13:31:34,995] {processor.py:625} INFO - Processing file /Users/ballakeerthi/opt/anaconda3/lib/python3.8/site-packages/airflow/example_dags/example_branch_python_dop_operator_3.py for tasks to queue
[2021-12-07 13:31:34,996] {logging_mixin.py:109} INFO - [2021-12-07 13:31:34,996] {dagbag.py:500} INFO - Filling up the DagBag from /Users/ballakeerthi/opt/anaconda3/lib/python3.8/site-packages/airflow/example_dags/example_branch_python_dop_operator_3.py
[2021-12-07 13:31:35,033] {processor.py:637} INFO - DAG(s) dict_keys(['example_branch_dop_operator_v3']) retrieved from /Users/ballakeerthi/opt/anaconda3/lib/python3.8/site-packages/airflow/example_dags/example_branch_python_dop_operator_3.py
[2021-12-07 13:31:35,045] {logging_mixin.py:109} INFO - [2021-12-07 13:31:35,045] {dag.py:2396} INFO - Sync 1 DAGs
[2021-12-07 13:31:35,055] {logging_mixin.py:109} INFO - [2021-12-07 13:31:35,055] {dag.py:2928} INFO - Setting next_dagrun for example_branch_dop_operator_v3 to 2021-12-07T18:30:00+00:00
[2021-12-07 13:31:35,064] {processor.py:171} INFO - Processing /Users/ballakeerthi/opt/anaconda3/lib/python3.8/site-packages/airflow/example_dags/example_branch_python_dop_operator_3.py took 0.076 seconds
[2021-12-07 13:34:03,247] {processor.py:163} INFO - Started process (PID=7396) to work on /Users/ballakeerthi/opt/anaconda3/lib/python3.8/site-packages/airflow/example_dags/example_branch_python_dop_operator_3.py
[2021-12-07 13:34:03,248] {processor.py:625} INFO - Processing file /Users/ballakeerthi/opt/anaconda3/lib/python3.8/site-packages/airflow/example_dags/example_branch_python_dop_operator_3.py for tasks to queue
[2021-12-07 13:34:03,249] {logging_mixin.py:109} INFO - [2021-12-07 13:34:03,249] {dagbag.py:500} INFO - Filling up the DagBag from /Users/ballakeerthi/opt/anaconda3/lib/python3.8/site-packages/airflow/example_dags/example_branch_python_dop_operator_3.py
[2021-12-07 13:34:03,286] {processor.py:637} INFO - DAG(s) dict_keys(['example_branch_dop_operator_v3']) retrieved from /Users/ballakeerthi/opt/anaconda3/lib/python3.8/site-packages/airflow/example_dags/example_branch_python_dop_operator_3.py
[2021-12-07 13:34:03,302] {logging_mixin.py:109} INFO - [2021-12-07 13:34:03,302] {dag.py:2396} INFO - Sync 1 DAGs
[2021-12-07 13:34:03,312] {logging_mixin.py:109} INFO - [2021-12-07 13:34:03,312] {dag.py:2928} INFO - Setting next_dagrun for example_branch_dop_operator_v3 to 2021-12-07T18:33:00+00:00
[2021-12-07 13:34:03,319] {processor.py:171} INFO - Processing /Users/ballakeerthi/opt/anaconda3/lib/python3.8/site-packages/airflow/example_dags/example_branch_python_dop_operator_3.py took 0.072 seconds
[2021-12-07 13:37:07,031] {processor.py:163} INFO - Started process (PID=7570) to work on /Users/ballakeerthi/opt/anaconda3/lib/python3.8/site-packages/airflow/example_dags/example_branch_python_dop_operator_3.py
[2021-12-07 13:37:07,032] {processor.py:625} INFO - Processing file /Users/ballakeerthi/opt/anaconda3/lib/python3.8/site-packages/airflow/example_dags/example_branch_python_dop_operator_3.py for tasks to queue
[2021-12-07 13:37:07,032] {logging_mixin.py:109} INFO - [2021-12-07 13:37:07,032] {dagbag.py:500} INFO - Filling up the DagBag from /Users/ballakeerthi/opt/anaconda3/lib/python3.8/site-packages/airflow/example_dags/example_branch_python_dop_operator_3.py
[2021-12-07 13:37:07,244] {processor.py:637} INFO - DAG(s) dict_keys(['example_branch_dop_operator_v3']) retrieved from /Users/ballakeerthi/opt/anaconda3/lib/python3.8/site-packages/airflow/example_dags/example_branch_python_dop_operator_3.py
[2021-12-07 13:37:07,294] {logging_mixin.py:109} INFO - [2021-12-07 13:37:07,290] {dag.py:2396} INFO - Sync 1 DAGs
[2021-12-07 13:37:07,362] {logging_mixin.py:109} INFO - [2021-12-07 13:37:07,362] {dag.py:2928} INFO - Setting next_dagrun for example_branch_dop_operator_v3 to 2021-12-07T18:36:00+00:00
[2021-12-07 13:37:07,379] {processor.py:171} INFO - Processing /Users/ballakeerthi/opt/anaconda3/lib/python3.8/site-packages/airflow/example_dags/example_branch_python_dop_operator_3.py took 0.349 seconds
[2021-12-07 13:40:02,162] {processor.py:163} INFO - Started process (PID=7747) to work on /Users/ballakeerthi/opt/anaconda3/lib/python3.8/site-packages/airflow/example_dags/example_branch_python_dop_operator_3.py
[2021-12-07 13:40:02,162] {processor.py:625} INFO - Processing file /Users/ballakeerthi/opt/anaconda3/lib/python3.8/site-packages/airflow/example_dags/example_branch_python_dop_operator_3.py for tasks to queue
[2021-12-07 13:40:02,163] {logging_mixin.py:109} INFO - [2021-12-07 13:40:02,163] {dagbag.py:500} INFO - Filling up the DagBag from /Users/ballakeerthi/opt/anaconda3/lib/python3.8/site-packages/airflow/example_dags/example_branch_python_dop_operator_3.py
[2021-12-07 13:40:02,236] {processor.py:637} INFO - DAG(s) dict_keys(['example_branch_dop_operator_v3']) retrieved from /Users/ballakeerthi/opt/anaconda3/lib/python3.8/site-packages/airflow/example_dags/example_branch_python_dop_operator_3.py
[2021-12-07 13:40:02,256] {logging_mixin.py:109} INFO - [2021-12-07 13:40:02,256] {dag.py:2396} INFO - Sync 1 DAGs
[2021-12-07 13:40:02,277] {logging_mixin.py:109} INFO - [2021-12-07 13:40:02,277] {dag.py:2928} INFO - Setting next_dagrun for example_branch_dop_operator_v3 to 2021-12-07T18:39:00+00:00
[2021-12-07 13:40:02,289] {processor.py:171} INFO - Processing /Users/ballakeerthi/opt/anaconda3/lib/python3.8/site-packages/airflow/example_dags/example_branch_python_dop_operator_3.py took 0.128 seconds
[2021-12-07 13:42:37,892] {processor.py:163} INFO - Started process (PID=7868) to work on /Users/ballakeerthi/opt/anaconda3/lib/python3.8/site-packages/airflow/example_dags/example_branch_python_dop_operator_3.py
[2021-12-07 13:42:37,895] {processor.py:625} INFO - Processing file /Users/ballakeerthi/opt/anaconda3/lib/python3.8/site-packages/airflow/example_dags/example_branch_python_dop_operator_3.py for tasks to queue
[2021-12-07 13:42:37,896] {logging_mixin.py:109} INFO - [2021-12-07 13:42:37,896] {dagbag.py:500} INFO - Filling up the DagBag from /Users/ballakeerthi/opt/anaconda3/lib/python3.8/site-packages/airflow/example_dags/example_branch_python_dop_operator_3.py
[2021-12-07 13:42:37,933] {processor.py:637} INFO - DAG(s) dict_keys(['example_branch_dop_operator_v3']) retrieved from /Users/ballakeerthi/opt/anaconda3/lib/python3.8/site-packages/airflow/example_dags/example_branch_python_dop_operator_3.py
[2021-12-07 13:42:37,945] {logging_mixin.py:109} INFO - [2021-12-07 13:42:37,945] {dag.py:2396} INFO - Sync 1 DAGs
[2021-12-07 13:42:37,957] {logging_mixin.py:109} INFO - [2021-12-07 13:42:37,957] {dag.py:2928} INFO - Setting next_dagrun for example_branch_dop_operator_v3 to 2021-12-07T18:41:00+00:00
[2021-12-07 13:42:37,967] {processor.py:171} INFO - Processing /Users/ballakeerthi/opt/anaconda3/lib/python3.8/site-packages/airflow/example_dags/example_branch_python_dop_operator_3.py took 0.075 seconds
