[2021-12-07 10:56:17,605] {processor.py:163} INFO - Started process (PID=2706) to work on /Users/ballakeerthi/opt/anaconda3/envs/airflow/lib/python3.9/site-packages/airflow/example_dags/example_kubernetes_executor.py
[2021-12-07 10:56:17,606] {processor.py:625} INFO - Processing file /Users/ballakeerthi/opt/anaconda3/envs/airflow/lib/python3.9/site-packages/airflow/example_dags/example_kubernetes_executor.py for tasks to queue
[2021-12-07 10:56:17,608] {logging_mixin.py:109} INFO - [2021-12-07 10:56:17,608] {dagbag.py:500} INFO - Filling up the DagBag from /Users/ballakeerthi/opt/anaconda3/envs/airflow/lib/python3.9/site-packages/airflow/example_dags/example_kubernetes_executor.py
[2021-12-07 10:56:17,653] {processor.py:637} INFO - DAG(s) dict_keys(['example_kubernetes_executor']) retrieved from /Users/ballakeerthi/opt/anaconda3/envs/airflow/lib/python3.9/site-packages/airflow/example_dags/example_kubernetes_executor.py
[2021-12-07 10:56:17,670] {logging_mixin.py:109} INFO - [2021-12-07 10:56:17,670] {dag.py:2396} INFO - Sync 1 DAGs
[2021-12-07 10:56:17,678] {logging_mixin.py:109} INFO - [2021-12-07 10:56:17,678] {dag.py:2928} INFO - Setting next_dagrun for example_kubernetes_executor to None
[2021-12-07 10:56:17,688] {processor.py:171} INFO - Processing /Users/ballakeerthi/opt/anaconda3/envs/airflow/lib/python3.9/site-packages/airflow/example_dags/example_kubernetes_executor.py took 0.084 seconds
[2021-12-07 10:59:02,295] {processor.py:163} INFO - Started process (PID=2979) to work on /Users/ballakeerthi/opt/anaconda3/envs/airflow/lib/python3.9/site-packages/airflow/example_dags/example_kubernetes_executor.py
[2021-12-07 10:59:02,298] {processor.py:625} INFO - Processing file /Users/ballakeerthi/opt/anaconda3/envs/airflow/lib/python3.9/site-packages/airflow/example_dags/example_kubernetes_executor.py for tasks to queue
[2021-12-07 10:59:02,299] {logging_mixin.py:109} INFO - [2021-12-07 10:59:02,299] {dagbag.py:500} INFO - Filling up the DagBag from /Users/ballakeerthi/opt/anaconda3/envs/airflow/lib/python3.9/site-packages/airflow/example_dags/example_kubernetes_executor.py
[2021-12-07 10:59:02,356] {processor.py:637} INFO - DAG(s) dict_keys(['example_kubernetes_executor']) retrieved from /Users/ballakeerthi/opt/anaconda3/envs/airflow/lib/python3.9/site-packages/airflow/example_dags/example_kubernetes_executor.py
[2021-12-07 10:59:02,370] {logging_mixin.py:109} INFO - [2021-12-07 10:59:02,370] {dag.py:2396} INFO - Sync 1 DAGs
[2021-12-07 10:59:02,379] {logging_mixin.py:109} INFO - [2021-12-07 10:59:02,379] {dag.py:2928} INFO - Setting next_dagrun for example_kubernetes_executor to None
[2021-12-07 10:59:02,385] {processor.py:171} INFO - Processing /Users/ballakeerthi/opt/anaconda3/envs/airflow/lib/python3.9/site-packages/airflow/example_dags/example_kubernetes_executor.py took 0.090 seconds
[2021-12-07 11:02:09,842] {processor.py:163} INFO - Started process (PID=3253) to work on /Users/ballakeerthi/opt/anaconda3/envs/airflow/lib/python3.9/site-packages/airflow/example_dags/example_kubernetes_executor.py
[2021-12-07 11:02:09,842] {processor.py:625} INFO - Processing file /Users/ballakeerthi/opt/anaconda3/envs/airflow/lib/python3.9/site-packages/airflow/example_dags/example_kubernetes_executor.py for tasks to queue
[2021-12-07 11:02:09,844] {logging_mixin.py:109} INFO - [2021-12-07 11:02:09,843] {dagbag.py:500} INFO - Filling up the DagBag from /Users/ballakeerthi/opt/anaconda3/envs/airflow/lib/python3.9/site-packages/airflow/example_dags/example_kubernetes_executor.py
[2021-12-07 11:02:09,885] {processor.py:637} INFO - DAG(s) dict_keys(['example_kubernetes_executor']) retrieved from /Users/ballakeerthi/opt/anaconda3/envs/airflow/lib/python3.9/site-packages/airflow/example_dags/example_kubernetes_executor.py
[2021-12-07 11:02:09,899] {logging_mixin.py:109} INFO - [2021-12-07 11:02:09,899] {dag.py:2396} INFO - Sync 1 DAGs
[2021-12-07 11:02:09,907] {logging_mixin.py:109} INFO - [2021-12-07 11:02:09,907] {dag.py:2928} INFO - Setting next_dagrun for example_kubernetes_executor to None
[2021-12-07 11:02:09,914] {processor.py:171} INFO - Processing /Users/ballakeerthi/opt/anaconda3/envs/airflow/lib/python3.9/site-packages/airflow/example_dags/example_kubernetes_executor.py took 0.073 seconds
[2021-12-07 11:04:49,777] {processor.py:163} INFO - Started process (PID=3500) to work on /Users/ballakeerthi/opt/anaconda3/envs/airflow/lib/python3.9/site-packages/airflow/example_dags/example_kubernetes_executor.py
[2021-12-07 11:04:49,778] {processor.py:625} INFO - Processing file /Users/ballakeerthi/opt/anaconda3/envs/airflow/lib/python3.9/site-packages/airflow/example_dags/example_kubernetes_executor.py for tasks to queue
[2021-12-07 11:04:49,780] {logging_mixin.py:109} INFO - [2021-12-07 11:04:49,780] {dagbag.py:500} INFO - Filling up the DagBag from /Users/ballakeerthi/opt/anaconda3/envs/airflow/lib/python3.9/site-packages/airflow/example_dags/example_kubernetes_executor.py
[2021-12-07 11:04:49,816] {processor.py:637} INFO - DAG(s) dict_keys(['example_kubernetes_executor']) retrieved from /Users/ballakeerthi/opt/anaconda3/envs/airflow/lib/python3.9/site-packages/airflow/example_dags/example_kubernetes_executor.py
[2021-12-07 11:04:49,830] {logging_mixin.py:109} INFO - [2021-12-07 11:04:49,830] {dag.py:2396} INFO - Sync 1 DAGs
[2021-12-07 11:04:49,837] {logging_mixin.py:109} INFO - [2021-12-07 11:04:49,837] {dag.py:2928} INFO - Setting next_dagrun for example_kubernetes_executor to None
[2021-12-07 11:04:49,845] {processor.py:171} INFO - Processing /Users/ballakeerthi/opt/anaconda3/envs/airflow/lib/python3.9/site-packages/airflow/example_dags/example_kubernetes_executor.py took 0.068 seconds
[2021-12-07 11:09:13,214] {processor.py:163} INFO - Started process (PID=3619) to work on /Users/ballakeerthi/opt/anaconda3/lib/python3.8/site-packages/airflow/example_dags/example_kubernetes_executor.py
[2021-12-07 11:09:13,219] {processor.py:625} INFO - Processing file /Users/ballakeerthi/opt/anaconda3/lib/python3.8/site-packages/airflow/example_dags/example_kubernetes_executor.py for tasks to queue
[2021-12-07 11:09:13,220] {logging_mixin.py:109} INFO - [2021-12-07 11:09:13,220] {dagbag.py:500} INFO - Filling up the DagBag from /Users/ballakeerthi/opt/anaconda3/lib/python3.8/site-packages/airflow/example_dags/example_kubernetes_executor.py
[2021-12-07 11:09:13,259] {processor.py:637} INFO - DAG(s) dict_keys(['example_kubernetes_executor']) retrieved from /Users/ballakeerthi/opt/anaconda3/lib/python3.8/site-packages/airflow/example_dags/example_kubernetes_executor.py
[2021-12-07 11:09:13,450] {logging_mixin.py:109} INFO - [2021-12-07 11:09:13,449] {dag.py:2396} INFO - Sync 1 DAGs
[2021-12-07 11:09:13,456] {logging_mixin.py:109} INFO - [2021-12-07 11:09:13,456] {dag.py:2928} INFO - Setting next_dagrun for example_kubernetes_executor to None
[2021-12-07 11:09:13,486] {processor.py:171} INFO - Processing /Users/ballakeerthi/opt/anaconda3/lib/python3.8/site-packages/airflow/example_dags/example_kubernetes_executor.py took 0.273 seconds
[2021-12-07 11:11:20,685] {processor.py:163} INFO - Started process (PID=3708) to work on /Users/ballakeerthi/opt/anaconda3/lib/python3.8/site-packages/airflow/example_dags/example_kubernetes_executor.py
[2021-12-07 11:11:20,686] {processor.py:625} INFO - Processing file /Users/ballakeerthi/opt/anaconda3/lib/python3.8/site-packages/airflow/example_dags/example_kubernetes_executor.py for tasks to queue
[2021-12-07 11:11:20,686] {logging_mixin.py:109} INFO - [2021-12-07 11:11:20,686] {dagbag.py:500} INFO - Filling up the DagBag from /Users/ballakeerthi/opt/anaconda3/lib/python3.8/site-packages/airflow/example_dags/example_kubernetes_executor.py
[2021-12-07 11:11:20,734] {processor.py:637} INFO - DAG(s) dict_keys(['example_kubernetes_executor']) retrieved from /Users/ballakeerthi/opt/anaconda3/lib/python3.8/site-packages/airflow/example_dags/example_kubernetes_executor.py
[2021-12-07 11:11:20,753] {logging_mixin.py:109} INFO - [2021-12-07 11:11:20,753] {dag.py:2396} INFO - Sync 1 DAGs
[2021-12-07 11:11:20,762] {logging_mixin.py:109} INFO - [2021-12-07 11:11:20,762] {dag.py:2928} INFO - Setting next_dagrun for example_kubernetes_executor to None
[2021-12-07 11:11:20,769] {processor.py:171} INFO - Processing /Users/ballakeerthi/opt/anaconda3/lib/python3.8/site-packages/airflow/example_dags/example_kubernetes_executor.py took 0.085 seconds
[2021-12-07 11:14:02,394] {processor.py:163} INFO - Started process (PID=3830) to work on /Users/ballakeerthi/opt/anaconda3/lib/python3.8/site-packages/airflow/example_dags/example_kubernetes_executor.py
[2021-12-07 11:14:02,396] {processor.py:625} INFO - Processing file /Users/ballakeerthi/opt/anaconda3/lib/python3.8/site-packages/airflow/example_dags/example_kubernetes_executor.py for tasks to queue
[2021-12-07 11:14:02,397] {logging_mixin.py:109} INFO - [2021-12-07 11:14:02,397] {dagbag.py:500} INFO - Filling up the DagBag from /Users/ballakeerthi/opt/anaconda3/lib/python3.8/site-packages/airflow/example_dags/example_kubernetes_executor.py
[2021-12-07 11:14:02,446] {processor.py:637} INFO - DAG(s) dict_keys(['example_kubernetes_executor']) retrieved from /Users/ballakeerthi/opt/anaconda3/lib/python3.8/site-packages/airflow/example_dags/example_kubernetes_executor.py
[2021-12-07 11:14:02,461] {logging_mixin.py:109} INFO - [2021-12-07 11:14:02,461] {dag.py:2396} INFO - Sync 1 DAGs
[2021-12-07 11:14:02,469] {logging_mixin.py:109} INFO - [2021-12-07 11:14:02,469] {dag.py:2928} INFO - Setting next_dagrun for example_kubernetes_executor to None
[2021-12-07 11:14:02,478] {processor.py:171} INFO - Processing /Users/ballakeerthi/opt/anaconda3/lib/python3.8/site-packages/airflow/example_dags/example_kubernetes_executor.py took 0.084 seconds
[2021-12-07 11:16:42,814] {processor.py:163} INFO - Started process (PID=3944) to work on /Users/ballakeerthi/opt/anaconda3/lib/python3.8/site-packages/airflow/example_dags/example_kubernetes_executor.py
[2021-12-07 11:16:42,820] {processor.py:625} INFO - Processing file /Users/ballakeerthi/opt/anaconda3/lib/python3.8/site-packages/airflow/example_dags/example_kubernetes_executor.py for tasks to queue
[2021-12-07 11:16:42,821] {logging_mixin.py:109} INFO - [2021-12-07 11:16:42,821] {dagbag.py:500} INFO - Filling up the DagBag from /Users/ballakeerthi/opt/anaconda3/lib/python3.8/site-packages/airflow/example_dags/example_kubernetes_executor.py
[2021-12-07 11:16:42,860] {processor.py:637} INFO - DAG(s) dict_keys(['example_kubernetes_executor']) retrieved from /Users/ballakeerthi/opt/anaconda3/lib/python3.8/site-packages/airflow/example_dags/example_kubernetes_executor.py
[2021-12-07 11:16:42,874] {logging_mixin.py:109} INFO - [2021-12-07 11:16:42,874] {dag.py:2396} INFO - Sync 1 DAGs
[2021-12-07 11:16:42,880] {logging_mixin.py:109} INFO - [2021-12-07 11:16:42,880] {dag.py:2928} INFO - Setting next_dagrun for example_kubernetes_executor to None
[2021-12-07 11:16:42,889] {processor.py:171} INFO - Processing /Users/ballakeerthi/opt/anaconda3/lib/python3.8/site-packages/airflow/example_dags/example_kubernetes_executor.py took 0.075 seconds
[2021-12-07 11:19:19,700] {processor.py:163} INFO - Started process (PID=4054) to work on /Users/ballakeerthi/opt/anaconda3/lib/python3.8/site-packages/airflow/example_dags/example_kubernetes_executor.py
[2021-12-07 11:19:19,702] {processor.py:625} INFO - Processing file /Users/ballakeerthi/opt/anaconda3/lib/python3.8/site-packages/airflow/example_dags/example_kubernetes_executor.py for tasks to queue
[2021-12-07 11:19:19,703] {logging_mixin.py:109} INFO - [2021-12-07 11:19:19,703] {dagbag.py:500} INFO - Filling up the DagBag from /Users/ballakeerthi/opt/anaconda3/lib/python3.8/site-packages/airflow/example_dags/example_kubernetes_executor.py
[2021-12-07 11:19:19,745] {processor.py:637} INFO - DAG(s) dict_keys(['example_kubernetes_executor']) retrieved from /Users/ballakeerthi/opt/anaconda3/lib/python3.8/site-packages/airflow/example_dags/example_kubernetes_executor.py
[2021-12-07 11:19:19,762] {logging_mixin.py:109} INFO - [2021-12-07 11:19:19,762] {dag.py:2396} INFO - Sync 1 DAGs
[2021-12-07 11:19:19,771] {logging_mixin.py:109} INFO - [2021-12-07 11:19:19,771] {dag.py:2928} INFO - Setting next_dagrun for example_kubernetes_executor to None
[2021-12-07 11:19:19,780] {processor.py:171} INFO - Processing /Users/ballakeerthi/opt/anaconda3/lib/python3.8/site-packages/airflow/example_dags/example_kubernetes_executor.py took 0.081 seconds
[2021-12-07 11:22:12,155] {processor.py:163} INFO - Started process (PID=4208) to work on /Users/ballakeerthi/opt/anaconda3/lib/python3.8/site-packages/airflow/example_dags/example_kubernetes_executor.py
[2021-12-07 11:22:12,160] {processor.py:625} INFO - Processing file /Users/ballakeerthi/opt/anaconda3/lib/python3.8/site-packages/airflow/example_dags/example_kubernetes_executor.py for tasks to queue
[2021-12-07 11:22:12,161] {logging_mixin.py:109} INFO - [2021-12-07 11:22:12,161] {dagbag.py:500} INFO - Filling up the DagBag from /Users/ballakeerthi/opt/anaconda3/lib/python3.8/site-packages/airflow/example_dags/example_kubernetes_executor.py
[2021-12-07 11:22:12,204] {processor.py:637} INFO - DAG(s) dict_keys(['example_kubernetes_executor']) retrieved from /Users/ballakeerthi/opt/anaconda3/lib/python3.8/site-packages/airflow/example_dags/example_kubernetes_executor.py
[2021-12-07 11:22:12,220] {logging_mixin.py:109} INFO - [2021-12-07 11:22:12,220] {dag.py:2396} INFO - Sync 1 DAGs
[2021-12-07 11:22:12,229] {logging_mixin.py:109} INFO - [2021-12-07 11:22:12,229] {dag.py:2928} INFO - Setting next_dagrun for example_kubernetes_executor to None
[2021-12-07 11:22:12,240] {processor.py:171} INFO - Processing /Users/ballakeerthi/opt/anaconda3/lib/python3.8/site-packages/airflow/example_dags/example_kubernetes_executor.py took 0.086 seconds
[2021-12-07 11:24:54,330] {processor.py:163} INFO - Started process (PID=4333) to work on /Users/ballakeerthi/opt/anaconda3/lib/python3.8/site-packages/airflow/example_dags/example_kubernetes_executor.py
[2021-12-07 11:24:54,331] {processor.py:625} INFO - Processing file /Users/ballakeerthi/opt/anaconda3/lib/python3.8/site-packages/airflow/example_dags/example_kubernetes_executor.py for tasks to queue
[2021-12-07 11:24:54,331] {logging_mixin.py:109} INFO - [2021-12-07 11:24:54,331] {dagbag.py:500} INFO - Filling up the DagBag from /Users/ballakeerthi/opt/anaconda3/lib/python3.8/site-packages/airflow/example_dags/example_kubernetes_executor.py
[2021-12-07 11:24:54,405] {processor.py:637} INFO - DAG(s) dict_keys(['example_kubernetes_executor']) retrieved from /Users/ballakeerthi/opt/anaconda3/lib/python3.8/site-packages/airflow/example_dags/example_kubernetes_executor.py
[2021-12-07 11:24:54,465] {logging_mixin.py:109} INFO - [2021-12-07 11:24:54,464] {dag.py:2396} INFO - Sync 1 DAGs
[2021-12-07 11:24:54,500] {logging_mixin.py:109} INFO - [2021-12-07 11:24:54,500] {dag.py:2928} INFO - Setting next_dagrun for example_kubernetes_executor to None
[2021-12-07 11:24:54,528] {processor.py:171} INFO - Processing /Users/ballakeerthi/opt/anaconda3/lib/python3.8/site-packages/airflow/example_dags/example_kubernetes_executor.py took 0.198 seconds
[2021-12-07 11:27:45,406] {processor.py:163} INFO - Started process (PID=4451) to work on /Users/ballakeerthi/opt/anaconda3/lib/python3.8/site-packages/airflow/example_dags/example_kubernetes_executor.py
[2021-12-07 11:27:45,408] {processor.py:625} INFO - Processing file /Users/ballakeerthi/opt/anaconda3/lib/python3.8/site-packages/airflow/example_dags/example_kubernetes_executor.py for tasks to queue
[2021-12-07 11:27:45,409] {logging_mixin.py:109} INFO - [2021-12-07 11:27:45,408] {dagbag.py:500} INFO - Filling up the DagBag from /Users/ballakeerthi/opt/anaconda3/lib/python3.8/site-packages/airflow/example_dags/example_kubernetes_executor.py
[2021-12-07 11:27:45,450] {processor.py:637} INFO - DAG(s) dict_keys(['example_kubernetes_executor']) retrieved from /Users/ballakeerthi/opt/anaconda3/lib/python3.8/site-packages/airflow/example_dags/example_kubernetes_executor.py
[2021-12-07 11:27:45,464] {logging_mixin.py:109} INFO - [2021-12-07 11:27:45,464] {dag.py:2396} INFO - Sync 1 DAGs
[2021-12-07 11:27:45,473] {logging_mixin.py:109} INFO - [2021-12-07 11:27:45,472] {dag.py:2928} INFO - Setting next_dagrun for example_kubernetes_executor to None
[2021-12-07 11:27:45,481] {processor.py:171} INFO - Processing /Users/ballakeerthi/opt/anaconda3/lib/python3.8/site-packages/airflow/example_dags/example_kubernetes_executor.py took 0.076 seconds
[2021-12-07 11:30:55,208] {processor.py:163} INFO - Started process (PID=4711) to work on /Users/ballakeerthi/opt/anaconda3/lib/python3.8/site-packages/airflow/example_dags/example_kubernetes_executor.py
[2021-12-07 11:30:55,211] {processor.py:625} INFO - Processing file /Users/ballakeerthi/opt/anaconda3/lib/python3.8/site-packages/airflow/example_dags/example_kubernetes_executor.py for tasks to queue
[2021-12-07 11:30:55,211] {logging_mixin.py:109} INFO - [2021-12-07 11:30:55,211] {dagbag.py:500} INFO - Filling up the DagBag from /Users/ballakeerthi/opt/anaconda3/lib/python3.8/site-packages/airflow/example_dags/example_kubernetes_executor.py
[2021-12-07 11:30:55,251] {processor.py:637} INFO - DAG(s) dict_keys(['example_kubernetes_executor']) retrieved from /Users/ballakeerthi/opt/anaconda3/lib/python3.8/site-packages/airflow/example_dags/example_kubernetes_executor.py
[2021-12-07 11:30:55,265] {logging_mixin.py:109} INFO - [2021-12-07 11:30:55,265] {dag.py:2396} INFO - Sync 1 DAGs
[2021-12-07 11:30:55,272] {logging_mixin.py:109} INFO - [2021-12-07 11:30:55,272] {dag.py:2928} INFO - Setting next_dagrun for example_kubernetes_executor to None
[2021-12-07 11:30:55,278] {processor.py:171} INFO - Processing /Users/ballakeerthi/opt/anaconda3/lib/python3.8/site-packages/airflow/example_dags/example_kubernetes_executor.py took 0.070 seconds
[2021-12-07 11:34:32,675] {processor.py:163} INFO - Started process (PID=4863) to work on /Users/ballakeerthi/opt/anaconda3/lib/python3.8/site-packages/airflow/example_dags/example_kubernetes_executor.py
[2021-12-07 11:34:32,680] {processor.py:625} INFO - Processing file /Users/ballakeerthi/opt/anaconda3/lib/python3.8/site-packages/airflow/example_dags/example_kubernetes_executor.py for tasks to queue
[2021-12-07 11:34:32,681] {logging_mixin.py:109} INFO - [2021-12-07 11:34:32,681] {dagbag.py:500} INFO - Filling up the DagBag from /Users/ballakeerthi/opt/anaconda3/lib/python3.8/site-packages/airflow/example_dags/example_kubernetes_executor.py
[2021-12-07 11:34:32,722] {processor.py:637} INFO - DAG(s) dict_keys(['example_kubernetes_executor']) retrieved from /Users/ballakeerthi/opt/anaconda3/lib/python3.8/site-packages/airflow/example_dags/example_kubernetes_executor.py
[2021-12-07 11:34:32,738] {logging_mixin.py:109} INFO - [2021-12-07 11:34:32,738] {dag.py:2396} INFO - Sync 1 DAGs
[2021-12-07 11:34:32,746] {logging_mixin.py:109} INFO - [2021-12-07 11:34:32,746] {dag.py:2928} INFO - Setting next_dagrun for example_kubernetes_executor to None
[2021-12-07 11:34:32,751] {processor.py:171} INFO - Processing /Users/ballakeerthi/opt/anaconda3/lib/python3.8/site-packages/airflow/example_dags/example_kubernetes_executor.py took 0.077 seconds
[2021-12-07 11:38:00,260] {processor.py:163} INFO - Started process (PID=4999) to work on /Users/ballakeerthi/opt/anaconda3/lib/python3.8/site-packages/airflow/example_dags/example_kubernetes_executor.py
[2021-12-07 11:38:00,261] {processor.py:625} INFO - Processing file /Users/ballakeerthi/opt/anaconda3/lib/python3.8/site-packages/airflow/example_dags/example_kubernetes_executor.py for tasks to queue
[2021-12-07 11:38:00,261] {logging_mixin.py:109} INFO - [2021-12-07 11:38:00,261] {dagbag.py:500} INFO - Filling up the DagBag from /Users/ballakeerthi/opt/anaconda3/lib/python3.8/site-packages/airflow/example_dags/example_kubernetes_executor.py
[2021-12-07 11:38:00,300] {processor.py:637} INFO - DAG(s) dict_keys(['example_kubernetes_executor']) retrieved from /Users/ballakeerthi/opt/anaconda3/lib/python3.8/site-packages/airflow/example_dags/example_kubernetes_executor.py
[2021-12-07 11:38:00,314] {logging_mixin.py:109} INFO - [2021-12-07 11:38:00,314] {dag.py:2396} INFO - Sync 1 DAGs
[2021-12-07 11:38:00,322] {logging_mixin.py:109} INFO - [2021-12-07 11:38:00,322] {dag.py:2928} INFO - Setting next_dagrun for example_kubernetes_executor to None
[2021-12-07 11:38:00,328] {processor.py:171} INFO - Processing /Users/ballakeerthi/opt/anaconda3/lib/python3.8/site-packages/airflow/example_dags/example_kubernetes_executor.py took 0.069 seconds
[2021-12-07 11:40:47,279] {processor.py:163} INFO - Started process (PID=5109) to work on /Users/ballakeerthi/opt/anaconda3/lib/python3.8/site-packages/airflow/example_dags/example_kubernetes_executor.py
[2021-12-07 11:40:47,282] {processor.py:625} INFO - Processing file /Users/ballakeerthi/opt/anaconda3/lib/python3.8/site-packages/airflow/example_dags/example_kubernetes_executor.py for tasks to queue
[2021-12-07 11:40:47,282] {logging_mixin.py:109} INFO - [2021-12-07 11:40:47,282] {dagbag.py:500} INFO - Filling up the DagBag from /Users/ballakeerthi/opt/anaconda3/lib/python3.8/site-packages/airflow/example_dags/example_kubernetes_executor.py
[2021-12-07 11:40:47,322] {processor.py:637} INFO - DAG(s) dict_keys(['example_kubernetes_executor']) retrieved from /Users/ballakeerthi/opt/anaconda3/lib/python3.8/site-packages/airflow/example_dags/example_kubernetes_executor.py
[2021-12-07 11:40:47,337] {logging_mixin.py:109} INFO - [2021-12-07 11:40:47,337] {dag.py:2396} INFO - Sync 1 DAGs
[2021-12-07 11:40:47,345] {logging_mixin.py:109} INFO - [2021-12-07 11:40:47,345] {dag.py:2928} INFO - Setting next_dagrun for example_kubernetes_executor to None
[2021-12-07 11:40:47,354] {processor.py:171} INFO - Processing /Users/ballakeerthi/opt/anaconda3/lib/python3.8/site-packages/airflow/example_dags/example_kubernetes_executor.py took 0.075 seconds
[2021-12-07 11:43:59,861] {processor.py:163} INFO - Started process (PID=5224) to work on /Users/ballakeerthi/opt/anaconda3/lib/python3.8/site-packages/airflow/example_dags/example_kubernetes_executor.py
[2021-12-07 11:43:59,863] {processor.py:625} INFO - Processing file /Users/ballakeerthi/opt/anaconda3/lib/python3.8/site-packages/airflow/example_dags/example_kubernetes_executor.py for tasks to queue
[2021-12-07 11:43:59,863] {logging_mixin.py:109} INFO - [2021-12-07 11:43:59,863] {dagbag.py:500} INFO - Filling up the DagBag from /Users/ballakeerthi/opt/anaconda3/lib/python3.8/site-packages/airflow/example_dags/example_kubernetes_executor.py
[2021-12-07 11:43:59,904] {processor.py:637} INFO - DAG(s) dict_keys(['example_kubernetes_executor']) retrieved from /Users/ballakeerthi/opt/anaconda3/lib/python3.8/site-packages/airflow/example_dags/example_kubernetes_executor.py
[2021-12-07 11:43:59,921] {logging_mixin.py:109} INFO - [2021-12-07 11:43:59,921] {dag.py:2396} INFO - Sync 1 DAGs
[2021-12-07 11:43:59,930] {logging_mixin.py:109} INFO - [2021-12-07 11:43:59,930] {dag.py:2928} INFO - Setting next_dagrun for example_kubernetes_executor to None
[2021-12-07 11:43:59,939] {processor.py:171} INFO - Processing /Users/ballakeerthi/opt/anaconda3/lib/python3.8/site-packages/airflow/example_dags/example_kubernetes_executor.py took 0.079 seconds
[2021-12-07 11:46:50,417] {processor.py:163} INFO - Started process (PID=5335) to work on /Users/ballakeerthi/opt/anaconda3/lib/python3.8/site-packages/airflow/example_dags/example_kubernetes_executor.py
[2021-12-07 11:46:50,422] {processor.py:625} INFO - Processing file /Users/ballakeerthi/opt/anaconda3/lib/python3.8/site-packages/airflow/example_dags/example_kubernetes_executor.py for tasks to queue
[2021-12-07 11:46:50,423] {logging_mixin.py:109} INFO - [2021-12-07 11:46:50,423] {dagbag.py:500} INFO - Filling up the DagBag from /Users/ballakeerthi/opt/anaconda3/lib/python3.8/site-packages/airflow/example_dags/example_kubernetes_executor.py
[2021-12-07 11:46:50,467] {processor.py:637} INFO - DAG(s) dict_keys(['example_kubernetes_executor']) retrieved from /Users/ballakeerthi/opt/anaconda3/lib/python3.8/site-packages/airflow/example_dags/example_kubernetes_executor.py
[2021-12-07 11:46:50,484] {logging_mixin.py:109} INFO - [2021-12-07 11:46:50,484] {dag.py:2396} INFO - Sync 1 DAGs
[2021-12-07 11:46:50,491] {logging_mixin.py:109} INFO - [2021-12-07 11:46:50,491] {dag.py:2928} INFO - Setting next_dagrun for example_kubernetes_executor to None
[2021-12-07 11:46:50,497] {processor.py:171} INFO - Processing /Users/ballakeerthi/opt/anaconda3/lib/python3.8/site-packages/airflow/example_dags/example_kubernetes_executor.py took 0.081 seconds
[2021-12-07 11:50:48,371] {processor.py:163} INFO - Started process (PID=5480) to work on /Users/ballakeerthi/opt/anaconda3/lib/python3.8/site-packages/airflow/example_dags/example_kubernetes_executor.py
[2021-12-07 11:50:48,373] {processor.py:625} INFO - Processing file /Users/ballakeerthi/opt/anaconda3/lib/python3.8/site-packages/airflow/example_dags/example_kubernetes_executor.py for tasks to queue
[2021-12-07 11:50:48,373] {logging_mixin.py:109} INFO - [2021-12-07 11:50:48,373] {dagbag.py:500} INFO - Filling up the DagBag from /Users/ballakeerthi/opt/anaconda3/lib/python3.8/site-packages/airflow/example_dags/example_kubernetes_executor.py
[2021-12-07 11:50:48,440] {processor.py:637} INFO - DAG(s) dict_keys(['example_kubernetes_executor']) retrieved from /Users/ballakeerthi/opt/anaconda3/lib/python3.8/site-packages/airflow/example_dags/example_kubernetes_executor.py
[2021-12-07 11:50:48,462] {logging_mixin.py:109} INFO - [2021-12-07 11:50:48,462] {dag.py:2396} INFO - Sync 1 DAGs
[2021-12-07 11:50:48,471] {logging_mixin.py:109} INFO - [2021-12-07 11:50:48,471] {dag.py:2928} INFO - Setting next_dagrun for example_kubernetes_executor to None
[2021-12-07 11:50:48,481] {processor.py:171} INFO - Processing /Users/ballakeerthi/opt/anaconda3/lib/python3.8/site-packages/airflow/example_dags/example_kubernetes_executor.py took 0.111 seconds
[2021-12-07 11:54:13,856] {processor.py:163} INFO - Started process (PID=5612) to work on /Users/ballakeerthi/opt/anaconda3/lib/python3.8/site-packages/airflow/example_dags/example_kubernetes_executor.py
[2021-12-07 11:54:13,862] {processor.py:625} INFO - Processing file /Users/ballakeerthi/opt/anaconda3/lib/python3.8/site-packages/airflow/example_dags/example_kubernetes_executor.py for tasks to queue
[2021-12-07 11:54:13,862] {logging_mixin.py:109} INFO - [2021-12-07 11:54:13,862] {dagbag.py:500} INFO - Filling up the DagBag from /Users/ballakeerthi/opt/anaconda3/lib/python3.8/site-packages/airflow/example_dags/example_kubernetes_executor.py
[2021-12-07 11:54:13,903] {processor.py:637} INFO - DAG(s) dict_keys(['example_kubernetes_executor']) retrieved from /Users/ballakeerthi/opt/anaconda3/lib/python3.8/site-packages/airflow/example_dags/example_kubernetes_executor.py
[2021-12-07 11:54:13,917] {logging_mixin.py:109} INFO - [2021-12-07 11:54:13,917] {dag.py:2396} INFO - Sync 1 DAGs
[2021-12-07 11:54:13,924] {logging_mixin.py:109} INFO - [2021-12-07 11:54:13,924] {dag.py:2928} INFO - Setting next_dagrun for example_kubernetes_executor to None
[2021-12-07 11:54:13,933] {processor.py:171} INFO - Processing /Users/ballakeerthi/opt/anaconda3/lib/python3.8/site-packages/airflow/example_dags/example_kubernetes_executor.py took 0.078 seconds
[2021-12-07 11:57:02,904] {processor.py:163} INFO - Started process (PID=5745) to work on /Users/ballakeerthi/opt/anaconda3/lib/python3.8/site-packages/airflow/example_dags/example_kubernetes_executor.py
[2021-12-07 11:57:02,911] {processor.py:625} INFO - Processing file /Users/ballakeerthi/opt/anaconda3/lib/python3.8/site-packages/airflow/example_dags/example_kubernetes_executor.py for tasks to queue
[2021-12-07 11:57:02,913] {logging_mixin.py:109} INFO - [2021-12-07 11:57:02,913] {dagbag.py:500} INFO - Filling up the DagBag from /Users/ballakeerthi/opt/anaconda3/lib/python3.8/site-packages/airflow/example_dags/example_kubernetes_executor.py
[2021-12-07 11:57:02,957] {processor.py:637} INFO - DAG(s) dict_keys(['example_kubernetes_executor']) retrieved from /Users/ballakeerthi/opt/anaconda3/lib/python3.8/site-packages/airflow/example_dags/example_kubernetes_executor.py
[2021-12-07 11:57:02,973] {logging_mixin.py:109} INFO - [2021-12-07 11:57:02,973] {dag.py:2396} INFO - Sync 1 DAGs
[2021-12-07 11:57:02,980] {logging_mixin.py:109} INFO - [2021-12-07 11:57:02,980] {dag.py:2928} INFO - Setting next_dagrun for example_kubernetes_executor to None
[2021-12-07 11:57:02,989] {processor.py:171} INFO - Processing /Users/ballakeerthi/opt/anaconda3/lib/python3.8/site-packages/airflow/example_dags/example_kubernetes_executor.py took 0.086 seconds
[2021-12-07 12:00:04,864] {processor.py:163} INFO - Started process (PID=5873) to work on /Users/ballakeerthi/opt/anaconda3/lib/python3.8/site-packages/airflow/example_dags/example_kubernetes_executor.py
[2021-12-07 12:00:04,865] {processor.py:625} INFO - Processing file /Users/ballakeerthi/opt/anaconda3/lib/python3.8/site-packages/airflow/example_dags/example_kubernetes_executor.py for tasks to queue
[2021-12-07 12:00:04,866] {logging_mixin.py:109} INFO - [2021-12-07 12:00:04,866] {dagbag.py:500} INFO - Filling up the DagBag from /Users/ballakeerthi/opt/anaconda3/lib/python3.8/site-packages/airflow/example_dags/example_kubernetes_executor.py
[2021-12-07 12:00:04,978] {processor.py:637} INFO - DAG(s) dict_keys(['example_kubernetes_executor']) retrieved from /Users/ballakeerthi/opt/anaconda3/lib/python3.8/site-packages/airflow/example_dags/example_kubernetes_executor.py
[2021-12-07 12:00:05,048] {logging_mixin.py:109} INFO - [2021-12-07 12:00:05,048] {dag.py:2396} INFO - Sync 1 DAGs
[2021-12-07 12:00:05,056] {logging_mixin.py:109} INFO - [2021-12-07 12:00:05,056] {dag.py:2928} INFO - Setting next_dagrun for example_kubernetes_executor to None
[2021-12-07 12:00:05,064] {processor.py:171} INFO - Processing /Users/ballakeerthi/opt/anaconda3/lib/python3.8/site-packages/airflow/example_dags/example_kubernetes_executor.py took 0.202 seconds
[2021-12-07 12:02:54,995] {processor.py:163} INFO - Started process (PID=5978) to work on /Users/ballakeerthi/opt/anaconda3/lib/python3.8/site-packages/airflow/example_dags/example_kubernetes_executor.py
[2021-12-07 12:02:54,995] {processor.py:625} INFO - Processing file /Users/ballakeerthi/opt/anaconda3/lib/python3.8/site-packages/airflow/example_dags/example_kubernetes_executor.py for tasks to queue
[2021-12-07 12:02:54,996] {logging_mixin.py:109} INFO - [2021-12-07 12:02:54,996] {dagbag.py:500} INFO - Filling up the DagBag from /Users/ballakeerthi/opt/anaconda3/lib/python3.8/site-packages/airflow/example_dags/example_kubernetes_executor.py
[2021-12-07 12:02:55,082] {processor.py:637} INFO - DAG(s) dict_keys(['example_kubernetes_executor']) retrieved from /Users/ballakeerthi/opt/anaconda3/lib/python3.8/site-packages/airflow/example_dags/example_kubernetes_executor.py
[2021-12-07 12:02:55,278] {logging_mixin.py:109} INFO - [2021-12-07 12:02:55,278] {dag.py:2396} INFO - Sync 1 DAGs
[2021-12-07 12:02:55,299] {logging_mixin.py:109} INFO - [2021-12-07 12:02:55,299] {dag.py:2928} INFO - Setting next_dagrun for example_kubernetes_executor to None
[2021-12-07 12:02:55,313] {processor.py:171} INFO - Processing /Users/ballakeerthi/opt/anaconda3/lib/python3.8/site-packages/airflow/example_dags/example_kubernetes_executor.py took 0.318 seconds
[2021-12-07 12:06:10,469] {processor.py:163} INFO - Started process (PID=6099) to work on /Users/ballakeerthi/opt/anaconda3/lib/python3.8/site-packages/airflow/example_dags/example_kubernetes_executor.py
[2021-12-07 12:06:10,469] {processor.py:625} INFO - Processing file /Users/ballakeerthi/opt/anaconda3/lib/python3.8/site-packages/airflow/example_dags/example_kubernetes_executor.py for tasks to queue
[2021-12-07 12:06:10,470] {logging_mixin.py:109} INFO - [2021-12-07 12:06:10,470] {dagbag.py:500} INFO - Filling up the DagBag from /Users/ballakeerthi/opt/anaconda3/lib/python3.8/site-packages/airflow/example_dags/example_kubernetes_executor.py
[2021-12-07 12:06:10,515] {processor.py:637} INFO - DAG(s) dict_keys(['example_kubernetes_executor']) retrieved from /Users/ballakeerthi/opt/anaconda3/lib/python3.8/site-packages/airflow/example_dags/example_kubernetes_executor.py
[2021-12-07 12:06:10,540] {logging_mixin.py:109} INFO - [2021-12-07 12:06:10,539] {dag.py:2396} INFO - Sync 1 DAGs
[2021-12-07 12:06:10,548] {logging_mixin.py:109} INFO - [2021-12-07 12:06:10,548] {dag.py:2928} INFO - Setting next_dagrun for example_kubernetes_executor to None
[2021-12-07 12:06:10,558] {processor.py:171} INFO - Processing /Users/ballakeerthi/opt/anaconda3/lib/python3.8/site-packages/airflow/example_dags/example_kubernetes_executor.py took 0.090 seconds
[2021-12-07 12:09:01,652] {processor.py:163} INFO - Started process (PID=6212) to work on /Users/ballakeerthi/opt/anaconda3/lib/python3.8/site-packages/airflow/example_dags/example_kubernetes_executor.py
[2021-12-07 12:09:01,658] {processor.py:625} INFO - Processing file /Users/ballakeerthi/opt/anaconda3/lib/python3.8/site-packages/airflow/example_dags/example_kubernetes_executor.py for tasks to queue
[2021-12-07 12:09:01,658] {logging_mixin.py:109} INFO - [2021-12-07 12:09:01,658] {dagbag.py:500} INFO - Filling up the DagBag from /Users/ballakeerthi/opt/anaconda3/lib/python3.8/site-packages/airflow/example_dags/example_kubernetes_executor.py
[2021-12-07 12:09:01,697] {processor.py:637} INFO - DAG(s) dict_keys(['example_kubernetes_executor']) retrieved from /Users/ballakeerthi/opt/anaconda3/lib/python3.8/site-packages/airflow/example_dags/example_kubernetes_executor.py
[2021-12-07 12:09:01,711] {logging_mixin.py:109} INFO - [2021-12-07 12:09:01,711] {dag.py:2396} INFO - Sync 1 DAGs
[2021-12-07 12:09:01,719] {logging_mixin.py:109} INFO - [2021-12-07 12:09:01,719] {dag.py:2928} INFO - Setting next_dagrun for example_kubernetes_executor to None
[2021-12-07 12:09:01,728] {processor.py:171} INFO - Processing /Users/ballakeerthi/opt/anaconda3/lib/python3.8/site-packages/airflow/example_dags/example_kubernetes_executor.py took 0.077 seconds
[2021-12-07 12:11:54,601] {processor.py:163} INFO - Started process (PID=6323) to work on /Users/ballakeerthi/opt/anaconda3/lib/python3.8/site-packages/airflow/example_dags/example_kubernetes_executor.py
[2021-12-07 12:11:54,603] {processor.py:625} INFO - Processing file /Users/ballakeerthi/opt/anaconda3/lib/python3.8/site-packages/airflow/example_dags/example_kubernetes_executor.py for tasks to queue
[2021-12-07 12:11:54,604] {logging_mixin.py:109} INFO - [2021-12-07 12:11:54,604] {dagbag.py:500} INFO - Filling up the DagBag from /Users/ballakeerthi/opt/anaconda3/lib/python3.8/site-packages/airflow/example_dags/example_kubernetes_executor.py
[2021-12-07 12:11:54,645] {processor.py:637} INFO - DAG(s) dict_keys(['example_kubernetes_executor']) retrieved from /Users/ballakeerthi/opt/anaconda3/lib/python3.8/site-packages/airflow/example_dags/example_kubernetes_executor.py
[2021-12-07 12:11:54,661] {logging_mixin.py:109} INFO - [2021-12-07 12:11:54,661] {dag.py:2396} INFO - Sync 1 DAGs
[2021-12-07 12:11:54,670] {logging_mixin.py:109} INFO - [2021-12-07 12:11:54,670] {dag.py:2928} INFO - Setting next_dagrun for example_kubernetes_executor to None
[2021-12-07 12:11:54,679] {processor.py:171} INFO - Processing /Users/ballakeerthi/opt/anaconda3/lib/python3.8/site-packages/airflow/example_dags/example_kubernetes_executor.py took 0.079 seconds
[2021-12-07 12:14:48,675] {processor.py:163} INFO - Started process (PID=6432) to work on /Users/ballakeerthi/opt/anaconda3/lib/python3.8/site-packages/airflow/example_dags/example_kubernetes_executor.py
[2021-12-07 12:14:48,675] {processor.py:625} INFO - Processing file /Users/ballakeerthi/opt/anaconda3/lib/python3.8/site-packages/airflow/example_dags/example_kubernetes_executor.py for tasks to queue
[2021-12-07 12:14:48,676] {logging_mixin.py:109} INFO - [2021-12-07 12:14:48,676] {dagbag.py:500} INFO - Filling up the DagBag from /Users/ballakeerthi/opt/anaconda3/lib/python3.8/site-packages/airflow/example_dags/example_kubernetes_executor.py
[2021-12-07 12:14:48,717] {processor.py:637} INFO - DAG(s) dict_keys(['example_kubernetes_executor']) retrieved from /Users/ballakeerthi/opt/anaconda3/lib/python3.8/site-packages/airflow/example_dags/example_kubernetes_executor.py
[2021-12-07 12:14:48,732] {logging_mixin.py:109} INFO - [2021-12-07 12:14:48,732] {dag.py:2396} INFO - Sync 1 DAGs
[2021-12-07 12:14:48,740] {logging_mixin.py:109} INFO - [2021-12-07 12:14:48,740] {dag.py:2928} INFO - Setting next_dagrun for example_kubernetes_executor to None
[2021-12-07 12:14:48,748] {processor.py:171} INFO - Processing /Users/ballakeerthi/opt/anaconda3/lib/python3.8/site-packages/airflow/example_dags/example_kubernetes_executor.py took 0.074 seconds
[2021-12-07 12:17:46,858] {processor.py:163} INFO - Started process (PID=6543) to work on /Users/ballakeerthi/opt/anaconda3/lib/python3.8/site-packages/airflow/example_dags/example_kubernetes_executor.py
[2021-12-07 12:17:46,858] {processor.py:625} INFO - Processing file /Users/ballakeerthi/opt/anaconda3/lib/python3.8/site-packages/airflow/example_dags/example_kubernetes_executor.py for tasks to queue
[2021-12-07 12:17:46,859] {logging_mixin.py:109} INFO - [2021-12-07 12:17:46,859] {dagbag.py:500} INFO - Filling up the DagBag from /Users/ballakeerthi/opt/anaconda3/lib/python3.8/site-packages/airflow/example_dags/example_kubernetes_executor.py
[2021-12-07 12:17:46,908] {processor.py:637} INFO - DAG(s) dict_keys(['example_kubernetes_executor']) retrieved from /Users/ballakeerthi/opt/anaconda3/lib/python3.8/site-packages/airflow/example_dags/example_kubernetes_executor.py
[2021-12-07 12:17:46,924] {logging_mixin.py:109} INFO - [2021-12-07 12:17:46,924] {dag.py:2396} INFO - Sync 1 DAGs
[2021-12-07 12:17:46,932] {logging_mixin.py:109} INFO - [2021-12-07 12:17:46,931] {dag.py:2928} INFO - Setting next_dagrun for example_kubernetes_executor to None
[2021-12-07 12:17:46,943] {processor.py:171} INFO - Processing /Users/ballakeerthi/opt/anaconda3/lib/python3.8/site-packages/airflow/example_dags/example_kubernetes_executor.py took 0.086 seconds
[2021-12-07 12:20:49,936] {processor.py:163} INFO - Started process (PID=6653) to work on /Users/ballakeerthi/opt/anaconda3/lib/python3.8/site-packages/airflow/example_dags/example_kubernetes_executor.py
[2021-12-07 12:20:49,942] {processor.py:625} INFO - Processing file /Users/ballakeerthi/opt/anaconda3/lib/python3.8/site-packages/airflow/example_dags/example_kubernetes_executor.py for tasks to queue
[2021-12-07 12:20:49,942] {logging_mixin.py:109} INFO - [2021-12-07 12:20:49,942] {dagbag.py:500} INFO - Filling up the DagBag from /Users/ballakeerthi/opt/anaconda3/lib/python3.8/site-packages/airflow/example_dags/example_kubernetes_executor.py
[2021-12-07 12:20:49,984] {processor.py:637} INFO - DAG(s) dict_keys(['example_kubernetes_executor']) retrieved from /Users/ballakeerthi/opt/anaconda3/lib/python3.8/site-packages/airflow/example_dags/example_kubernetes_executor.py
[2021-12-07 12:20:50,000] {logging_mixin.py:109} INFO - [2021-12-07 12:20:50,000] {dag.py:2396} INFO - Sync 1 DAGs
[2021-12-07 12:20:50,009] {logging_mixin.py:109} INFO - [2021-12-07 12:20:50,009] {dag.py:2928} INFO - Setting next_dagrun for example_kubernetes_executor to None
[2021-12-07 12:20:50,018] {processor.py:171} INFO - Processing /Users/ballakeerthi/opt/anaconda3/lib/python3.8/site-packages/airflow/example_dags/example_kubernetes_executor.py took 0.082 seconds
[2021-12-07 12:23:37,736] {processor.py:163} INFO - Started process (PID=6763) to work on /Users/ballakeerthi/opt/anaconda3/lib/python3.8/site-packages/airflow/example_dags/example_kubernetes_executor.py
[2021-12-07 12:23:37,743] {processor.py:625} INFO - Processing file /Users/ballakeerthi/opt/anaconda3/lib/python3.8/site-packages/airflow/example_dags/example_kubernetes_executor.py for tasks to queue
[2021-12-07 12:23:37,743] {logging_mixin.py:109} INFO - [2021-12-07 12:23:37,743] {dagbag.py:500} INFO - Filling up the DagBag from /Users/ballakeerthi/opt/anaconda3/lib/python3.8/site-packages/airflow/example_dags/example_kubernetes_executor.py
[2021-12-07 12:23:37,786] {processor.py:637} INFO - DAG(s) dict_keys(['example_kubernetes_executor']) retrieved from /Users/ballakeerthi/opt/anaconda3/lib/python3.8/site-packages/airflow/example_dags/example_kubernetes_executor.py
[2021-12-07 12:23:37,808] {logging_mixin.py:109} INFO - [2021-12-07 12:23:37,808] {dag.py:2396} INFO - Sync 1 DAGs
[2021-12-07 12:23:37,815] {logging_mixin.py:109} INFO - [2021-12-07 12:23:37,815] {dag.py:2928} INFO - Setting next_dagrun for example_kubernetes_executor to None
[2021-12-07 12:23:37,824] {processor.py:171} INFO - Processing /Users/ballakeerthi/opt/anaconda3/lib/python3.8/site-packages/airflow/example_dags/example_kubernetes_executor.py took 0.088 seconds
[2021-12-07 13:03:42,624] {processor.py:163} INFO - Started process (PID=6894) to work on /Users/ballakeerthi/opt/anaconda3/lib/python3.8/site-packages/airflow/example_dags/example_kubernetes_executor.py
[2021-12-07 13:03:42,625] {processor.py:625} INFO - Processing file /Users/ballakeerthi/opt/anaconda3/lib/python3.8/site-packages/airflow/example_dags/example_kubernetes_executor.py for tasks to queue
[2021-12-07 13:03:42,625] {logging_mixin.py:109} INFO - [2021-12-07 13:03:42,625] {dagbag.py:500} INFO - Filling up the DagBag from /Users/ballakeerthi/opt/anaconda3/lib/python3.8/site-packages/airflow/example_dags/example_kubernetes_executor.py
[2021-12-07 13:03:42,664] {processor.py:637} INFO - DAG(s) dict_keys(['example_kubernetes_executor']) retrieved from /Users/ballakeerthi/opt/anaconda3/lib/python3.8/site-packages/airflow/example_dags/example_kubernetes_executor.py
[2021-12-07 13:03:42,680] {logging_mixin.py:109} INFO - [2021-12-07 13:03:42,680] {dag.py:2396} INFO - Sync 1 DAGs
[2021-12-07 13:03:42,688] {logging_mixin.py:109} INFO - [2021-12-07 13:03:42,688] {dag.py:2928} INFO - Setting next_dagrun for example_kubernetes_executor to None
[2021-12-07 13:03:42,694] {processor.py:171} INFO - Processing /Users/ballakeerthi/opt/anaconda3/lib/python3.8/site-packages/airflow/example_dags/example_kubernetes_executor.py took 0.071 seconds
[2021-12-07 13:25:09,675] {processor.py:163} INFO - Started process (PID=7002) to work on /Users/ballakeerthi/opt/anaconda3/lib/python3.8/site-packages/airflow/example_dags/example_kubernetes_executor.py
[2021-12-07 13:25:09,682] {processor.py:625} INFO - Processing file /Users/ballakeerthi/opt/anaconda3/lib/python3.8/site-packages/airflow/example_dags/example_kubernetes_executor.py for tasks to queue
[2021-12-07 13:25:09,682] {logging_mixin.py:109} INFO - [2021-12-07 13:25:09,682] {dagbag.py:500} INFO - Filling up the DagBag from /Users/ballakeerthi/opt/anaconda3/lib/python3.8/site-packages/airflow/example_dags/example_kubernetes_executor.py
[2021-12-07 13:25:09,719] {processor.py:637} INFO - DAG(s) dict_keys(['example_kubernetes_executor']) retrieved from /Users/ballakeerthi/opt/anaconda3/lib/python3.8/site-packages/airflow/example_dags/example_kubernetes_executor.py
[2021-12-07 13:25:09,731] {logging_mixin.py:109} INFO - [2021-12-07 13:25:09,731] {dag.py:2396} INFO - Sync 1 DAGs
[2021-12-07 13:25:09,738] {logging_mixin.py:109} INFO - [2021-12-07 13:25:09,738] {dag.py:2928} INFO - Setting next_dagrun for example_kubernetes_executor to None
[2021-12-07 13:25:09,748] {processor.py:171} INFO - Processing /Users/ballakeerthi/opt/anaconda3/lib/python3.8/site-packages/airflow/example_dags/example_kubernetes_executor.py took 0.073 seconds
[2021-12-07 13:27:51,559] {processor.py:163} INFO - Started process (PID=7115) to work on /Users/ballakeerthi/opt/anaconda3/lib/python3.8/site-packages/airflow/example_dags/example_kubernetes_executor.py
[2021-12-07 13:27:51,565] {processor.py:625} INFO - Processing file /Users/ballakeerthi/opt/anaconda3/lib/python3.8/site-packages/airflow/example_dags/example_kubernetes_executor.py for tasks to queue
[2021-12-07 13:27:51,567] {logging_mixin.py:109} INFO - [2021-12-07 13:27:51,567] {dagbag.py:500} INFO - Filling up the DagBag from /Users/ballakeerthi/opt/anaconda3/lib/python3.8/site-packages/airflow/example_dags/example_kubernetes_executor.py
[2021-12-07 13:27:51,620] {processor.py:637} INFO - DAG(s) dict_keys(['example_kubernetes_executor']) retrieved from /Users/ballakeerthi/opt/anaconda3/lib/python3.8/site-packages/airflow/example_dags/example_kubernetes_executor.py
[2021-12-07 13:27:51,637] {logging_mixin.py:109} INFO - [2021-12-07 13:27:51,637] {dag.py:2396} INFO - Sync 1 DAGs
[2021-12-07 13:27:51,644] {logging_mixin.py:109} INFO - [2021-12-07 13:27:51,644] {dag.py:2928} INFO - Setting next_dagrun for example_kubernetes_executor to None
[2021-12-07 13:27:51,655] {processor.py:171} INFO - Processing /Users/ballakeerthi/opt/anaconda3/lib/python3.8/site-packages/airflow/example_dags/example_kubernetes_executor.py took 0.096 seconds
[2021-12-07 13:30:11,012] {processor.py:163} INFO - Started process (PID=7220) to work on /Users/ballakeerthi/opt/anaconda3/lib/python3.8/site-packages/airflow/example_dags/example_kubernetes_executor.py
[2021-12-07 13:30:11,012] {processor.py:625} INFO - Processing file /Users/ballakeerthi/opt/anaconda3/lib/python3.8/site-packages/airflow/example_dags/example_kubernetes_executor.py for tasks to queue
[2021-12-07 13:30:11,013] {logging_mixin.py:109} INFO - [2021-12-07 13:30:11,013] {dagbag.py:500} INFO - Filling up the DagBag from /Users/ballakeerthi/opt/anaconda3/lib/python3.8/site-packages/airflow/example_dags/example_kubernetes_executor.py
[2021-12-07 13:30:11,046] {processor.py:637} INFO - DAG(s) dict_keys(['example_kubernetes_executor']) retrieved from /Users/ballakeerthi/opt/anaconda3/lib/python3.8/site-packages/airflow/example_dags/example_kubernetes_executor.py
[2021-12-07 13:30:11,058] {logging_mixin.py:109} INFO - [2021-12-07 13:30:11,058] {dag.py:2396} INFO - Sync 1 DAGs
[2021-12-07 13:30:11,065] {logging_mixin.py:109} INFO - [2021-12-07 13:30:11,065] {dag.py:2928} INFO - Setting next_dagrun for example_kubernetes_executor to None
[2021-12-07 13:30:11,073] {processor.py:171} INFO - Processing /Users/ballakeerthi/opt/anaconda3/lib/python3.8/site-packages/airflow/example_dags/example_kubernetes_executor.py took 0.062 seconds
[2021-12-07 13:32:23,134] {processor.py:163} INFO - Started process (PID=7324) to work on /Users/ballakeerthi/opt/anaconda3/lib/python3.8/site-packages/airflow/example_dags/example_kubernetes_executor.py
[2021-12-07 13:32:23,135] {processor.py:625} INFO - Processing file /Users/ballakeerthi/opt/anaconda3/lib/python3.8/site-packages/airflow/example_dags/example_kubernetes_executor.py for tasks to queue
[2021-12-07 13:32:23,135] {logging_mixin.py:109} INFO - [2021-12-07 13:32:23,135] {dagbag.py:500} INFO - Filling up the DagBag from /Users/ballakeerthi/opt/anaconda3/lib/python3.8/site-packages/airflow/example_dags/example_kubernetes_executor.py
[2021-12-07 13:32:23,170] {processor.py:637} INFO - DAG(s) dict_keys(['example_kubernetes_executor']) retrieved from /Users/ballakeerthi/opt/anaconda3/lib/python3.8/site-packages/airflow/example_dags/example_kubernetes_executor.py
[2021-12-07 13:32:23,182] {logging_mixin.py:109} INFO - [2021-12-07 13:32:23,182] {dag.py:2396} INFO - Sync 1 DAGs
[2021-12-07 13:32:23,190] {logging_mixin.py:109} INFO - [2021-12-07 13:32:23,190] {dag.py:2928} INFO - Setting next_dagrun for example_kubernetes_executor to None
[2021-12-07 13:32:23,198] {processor.py:171} INFO - Processing /Users/ballakeerthi/opt/anaconda3/lib/python3.8/site-packages/airflow/example_dags/example_kubernetes_executor.py took 0.065 seconds
[2021-12-07 13:35:21,868] {processor.py:163} INFO - Started process (PID=7494) to work on /Users/ballakeerthi/opt/anaconda3/lib/python3.8/site-packages/airflow/example_dags/example_kubernetes_executor.py
[2021-12-07 13:35:21,874] {processor.py:625} INFO - Processing file /Users/ballakeerthi/opt/anaconda3/lib/python3.8/site-packages/airflow/example_dags/example_kubernetes_executor.py for tasks to queue
[2021-12-07 13:35:21,875] {logging_mixin.py:109} INFO - [2021-12-07 13:35:21,875] {dagbag.py:500} INFO - Filling up the DagBag from /Users/ballakeerthi/opt/anaconda3/lib/python3.8/site-packages/airflow/example_dags/example_kubernetes_executor.py
[2021-12-07 13:35:21,922] {processor.py:637} INFO - DAG(s) dict_keys(['example_kubernetes_executor']) retrieved from /Users/ballakeerthi/opt/anaconda3/lib/python3.8/site-packages/airflow/example_dags/example_kubernetes_executor.py
[2021-12-07 13:35:21,939] {logging_mixin.py:109} INFO - [2021-12-07 13:35:21,939] {dag.py:2396} INFO - Sync 1 DAGs
[2021-12-07 13:35:21,948] {logging_mixin.py:109} INFO - [2021-12-07 13:35:21,948] {dag.py:2928} INFO - Setting next_dagrun for example_kubernetes_executor to None
[2021-12-07 13:35:21,964] {processor.py:171} INFO - Processing /Users/ballakeerthi/opt/anaconda3/lib/python3.8/site-packages/airflow/example_dags/example_kubernetes_executor.py took 0.097 seconds
[2021-12-07 13:38:09,048] {processor.py:163} INFO - Started process (PID=7628) to work on /Users/ballakeerthi/opt/anaconda3/lib/python3.8/site-packages/airflow/example_dags/example_kubernetes_executor.py
[2021-12-07 13:38:09,049] {processor.py:625} INFO - Processing file /Users/ballakeerthi/opt/anaconda3/lib/python3.8/site-packages/airflow/example_dags/example_kubernetes_executor.py for tasks to queue
[2021-12-07 13:38:09,050] {logging_mixin.py:109} INFO - [2021-12-07 13:38:09,049] {dagbag.py:500} INFO - Filling up the DagBag from /Users/ballakeerthi/opt/anaconda3/lib/python3.8/site-packages/airflow/example_dags/example_kubernetes_executor.py
[2021-12-07 13:38:09,087] {processor.py:637} INFO - DAG(s) dict_keys(['example_kubernetes_executor']) retrieved from /Users/ballakeerthi/opt/anaconda3/lib/python3.8/site-packages/airflow/example_dags/example_kubernetes_executor.py
[2021-12-07 13:38:09,101] {logging_mixin.py:109} INFO - [2021-12-07 13:38:09,101] {dag.py:2396} INFO - Sync 1 DAGs
[2021-12-07 13:38:09,108] {logging_mixin.py:109} INFO - [2021-12-07 13:38:09,108] {dag.py:2928} INFO - Setting next_dagrun for example_kubernetes_executor to None
[2021-12-07 13:38:09,117] {processor.py:171} INFO - Processing /Users/ballakeerthi/opt/anaconda3/lib/python3.8/site-packages/airflow/example_dags/example_kubernetes_executor.py took 0.069 seconds
[2021-12-07 13:39:59,136] {processor.py:163} INFO - Started process (PID=7745) to work on /Users/ballakeerthi/opt/anaconda3/lib/python3.8/site-packages/airflow/example_dags/example_kubernetes_executor.py
[2021-12-07 13:39:59,142] {processor.py:625} INFO - Processing file /Users/ballakeerthi/opt/anaconda3/lib/python3.8/site-packages/airflow/example_dags/example_kubernetes_executor.py for tasks to queue
[2021-12-07 13:39:59,143] {logging_mixin.py:109} INFO - [2021-12-07 13:39:59,143] {dagbag.py:500} INFO - Filling up the DagBag from /Users/ballakeerthi/opt/anaconda3/lib/python3.8/site-packages/airflow/example_dags/example_kubernetes_executor.py
[2021-12-07 13:39:59,187] {processor.py:637} INFO - DAG(s) dict_keys(['example_kubernetes_executor']) retrieved from /Users/ballakeerthi/opt/anaconda3/lib/python3.8/site-packages/airflow/example_dags/example_kubernetes_executor.py
[2021-12-07 13:39:59,205] {logging_mixin.py:109} INFO - [2021-12-07 13:39:59,205] {dag.py:2396} INFO - Sync 1 DAGs
[2021-12-07 13:39:59,214] {logging_mixin.py:109} INFO - [2021-12-07 13:39:59,214] {dag.py:2928} INFO - Setting next_dagrun for example_kubernetes_executor to None
[2021-12-07 13:39:59,222] {processor.py:171} INFO - Processing /Users/ballakeerthi/opt/anaconda3/lib/python3.8/site-packages/airflow/example_dags/example_kubernetes_executor.py took 0.086 seconds
[2021-12-07 13:42:35,349] {processor.py:163} INFO - Started process (PID=7866) to work on /Users/ballakeerthi/opt/anaconda3/lib/python3.8/site-packages/airflow/example_dags/example_kubernetes_executor.py
[2021-12-07 13:42:35,352] {processor.py:625} INFO - Processing file /Users/ballakeerthi/opt/anaconda3/lib/python3.8/site-packages/airflow/example_dags/example_kubernetes_executor.py for tasks to queue
[2021-12-07 13:42:35,353] {logging_mixin.py:109} INFO - [2021-12-07 13:42:35,353] {dagbag.py:500} INFO - Filling up the DagBag from /Users/ballakeerthi/opt/anaconda3/lib/python3.8/site-packages/airflow/example_dags/example_kubernetes_executor.py
[2021-12-07 13:42:35,387] {processor.py:637} INFO - DAG(s) dict_keys(['example_kubernetes_executor']) retrieved from /Users/ballakeerthi/opt/anaconda3/lib/python3.8/site-packages/airflow/example_dags/example_kubernetes_executor.py
[2021-12-07 13:42:35,400] {logging_mixin.py:109} INFO - [2021-12-07 13:42:35,400] {dag.py:2396} INFO - Sync 1 DAGs
[2021-12-07 13:42:35,406] {logging_mixin.py:109} INFO - [2021-12-07 13:42:35,406] {dag.py:2928} INFO - Setting next_dagrun for example_kubernetes_executor to None
[2021-12-07 13:42:35,412] {processor.py:171} INFO - Processing /Users/ballakeerthi/opt/anaconda3/lib/python3.8/site-packages/airflow/example_dags/example_kubernetes_executor.py took 0.062 seconds
