[2021-12-07 10:56:43,597] {processor.py:163} INFO - Started process (PID=2716) to work on /Users/ballakeerthi/opt/anaconda3/envs/airflow/lib/python3.9/site-packages/airflow/example_dags/example_bash_operator.py
[2021-12-07 10:56:43,598] {processor.py:625} INFO - Processing file /Users/ballakeerthi/opt/anaconda3/envs/airflow/lib/python3.9/site-packages/airflow/example_dags/example_bash_operator.py for tasks to queue
[2021-12-07 10:56:43,600] {logging_mixin.py:109} INFO - [2021-12-07 10:56:43,600] {dagbag.py:500} INFO - Filling up the DagBag from /Users/ballakeerthi/opt/anaconda3/envs/airflow/lib/python3.9/site-packages/airflow/example_dags/example_bash_operator.py
[2021-12-07 10:56:43,639] {processor.py:637} INFO - DAG(s) dict_keys(['example_bash_operator']) retrieved from /Users/ballakeerthi/opt/anaconda3/envs/airflow/lib/python3.9/site-packages/airflow/example_dags/example_bash_operator.py
[2021-12-07 10:56:43,656] {logging_mixin.py:109} INFO - [2021-12-07 10:56:43,656] {dag.py:2396} INFO - Sync 1 DAGs
[2021-12-07 10:56:43,666] {logging_mixin.py:109} INFO - [2021-12-07 10:56:43,666] {dag.py:2928} INFO - Setting next_dagrun for example_bash_operator to 2021-12-06T00:00:00+00:00
[2021-12-07 10:56:43,676] {processor.py:171} INFO - Processing /Users/ballakeerthi/opt/anaconda3/envs/airflow/lib/python3.9/site-packages/airflow/example_dags/example_bash_operator.py took 0.079 seconds
[2021-12-07 10:59:36,553] {processor.py:163} INFO - Started process (PID=3037) to work on /Users/ballakeerthi/opt/anaconda3/envs/airflow/lib/python3.9/site-packages/airflow/example_dags/example_bash_operator.py
[2021-12-07 10:59:36,553] {processor.py:625} INFO - Processing file /Users/ballakeerthi/opt/anaconda3/envs/airflow/lib/python3.9/site-packages/airflow/example_dags/example_bash_operator.py for tasks to queue
[2021-12-07 10:59:36,556] {logging_mixin.py:109} INFO - [2021-12-07 10:59:36,556] {dagbag.py:500} INFO - Filling up the DagBag from /Users/ballakeerthi/opt/anaconda3/envs/airflow/lib/python3.9/site-packages/airflow/example_dags/example_bash_operator.py
[2021-12-07 10:59:36,617] {processor.py:637} INFO - DAG(s) dict_keys(['example_bash_operator']) retrieved from /Users/ballakeerthi/opt/anaconda3/envs/airflow/lib/python3.9/site-packages/airflow/example_dags/example_bash_operator.py
[2021-12-07 10:59:36,642] {logging_mixin.py:109} INFO - [2021-12-07 10:59:36,641] {dag.py:2396} INFO - Sync 1 DAGs
[2021-12-07 10:59:36,659] {logging_mixin.py:109} INFO - [2021-12-07 10:59:36,659] {dag.py:2928} INFO - Setting next_dagrun for example_bash_operator to 2021-12-06T00:00:00+00:00
[2021-12-07 10:59:36,673] {processor.py:171} INFO - Processing /Users/ballakeerthi/opt/anaconda3/envs/airflow/lib/python3.9/site-packages/airflow/example_dags/example_bash_operator.py took 0.121 seconds
[2021-12-07 11:02:35,083] {processor.py:163} INFO - Started process (PID=3305) to work on /Users/ballakeerthi/opt/anaconda3/envs/airflow/lib/python3.9/site-packages/airflow/example_dags/example_bash_operator.py
[2021-12-07 11:02:35,084] {processor.py:625} INFO - Processing file /Users/ballakeerthi/opt/anaconda3/envs/airflow/lib/python3.9/site-packages/airflow/example_dags/example_bash_operator.py for tasks to queue
[2021-12-07 11:02:35,087] {logging_mixin.py:109} INFO - [2021-12-07 11:02:35,087] {dagbag.py:500} INFO - Filling up the DagBag from /Users/ballakeerthi/opt/anaconda3/envs/airflow/lib/python3.9/site-packages/airflow/example_dags/example_bash_operator.py
[2021-12-07 11:02:35,128] {processor.py:637} INFO - DAG(s) dict_keys(['example_bash_operator']) retrieved from /Users/ballakeerthi/opt/anaconda3/envs/airflow/lib/python3.9/site-packages/airflow/example_dags/example_bash_operator.py
[2021-12-07 11:02:35,146] {logging_mixin.py:109} INFO - [2021-12-07 11:02:35,145] {dag.py:2396} INFO - Sync 1 DAGs
[2021-12-07 11:02:35,156] {logging_mixin.py:109} INFO - [2021-12-07 11:02:35,156] {dag.py:2928} INFO - Setting next_dagrun for example_bash_operator to 2021-12-06T00:00:00+00:00
[2021-12-07 11:02:35,174] {processor.py:171} INFO - Processing /Users/ballakeerthi/opt/anaconda3/envs/airflow/lib/python3.9/site-packages/airflow/example_dags/example_bash_operator.py took 0.091 seconds
[2021-12-07 11:05:14,296] {processor.py:163} INFO - Started process (PID=3512) to work on /Users/ballakeerthi/opt/anaconda3/envs/airflow/lib/python3.9/site-packages/airflow/example_dags/example_bash_operator.py
[2021-12-07 11:05:14,302] {processor.py:625} INFO - Processing file /Users/ballakeerthi/opt/anaconda3/envs/airflow/lib/python3.9/site-packages/airflow/example_dags/example_bash_operator.py for tasks to queue
[2021-12-07 11:05:14,304] {logging_mixin.py:109} INFO - [2021-12-07 11:05:14,304] {dagbag.py:500} INFO - Filling up the DagBag from /Users/ballakeerthi/opt/anaconda3/envs/airflow/lib/python3.9/site-packages/airflow/example_dags/example_bash_operator.py
[2021-12-07 11:05:14,334] {processor.py:637} INFO - DAG(s) dict_keys(['example_bash_operator']) retrieved from /Users/ballakeerthi/opt/anaconda3/envs/airflow/lib/python3.9/site-packages/airflow/example_dags/example_bash_operator.py
[2021-12-07 11:05:14,348] {logging_mixin.py:109} INFO - [2021-12-07 11:05:14,348] {dag.py:2396} INFO - Sync 1 DAGs
[2021-12-07 11:05:14,358] {logging_mixin.py:109} INFO - [2021-12-07 11:05:14,358] {dag.py:2928} INFO - Setting next_dagrun for example_bash_operator to 2021-12-06T00:00:00+00:00
[2021-12-07 11:05:14,366] {processor.py:171} INFO - Processing /Users/ballakeerthi/opt/anaconda3/envs/airflow/lib/python3.9/site-packages/airflow/example_dags/example_bash_operator.py took 0.070 seconds
[2021-12-07 11:09:42,872] {processor.py:163} INFO - Started process (PID=3639) to work on /Users/ballakeerthi/opt/anaconda3/lib/python3.8/site-packages/airflow/example_dags/example_bash_operator.py
[2021-12-07 11:09:42,874] {processor.py:625} INFO - Processing file /Users/ballakeerthi/opt/anaconda3/lib/python3.8/site-packages/airflow/example_dags/example_bash_operator.py for tasks to queue
[2021-12-07 11:09:42,875] {logging_mixin.py:109} INFO - [2021-12-07 11:09:42,875] {dagbag.py:500} INFO - Filling up the DagBag from /Users/ballakeerthi/opt/anaconda3/lib/python3.8/site-packages/airflow/example_dags/example_bash_operator.py
[2021-12-07 11:09:42,910] {processor.py:637} INFO - DAG(s) dict_keys(['example_bash_operator']) retrieved from /Users/ballakeerthi/opt/anaconda3/lib/python3.8/site-packages/airflow/example_dags/example_bash_operator.py
[2021-12-07 11:09:43,157] {logging_mixin.py:109} INFO - [2021-12-07 11:09:43,157] {dag.py:2396} INFO - Sync 1 DAGs
[2021-12-07 11:09:43,168] {logging_mixin.py:109} INFO - [2021-12-07 11:09:43,168] {dag.py:2928} INFO - Setting next_dagrun for example_bash_operator to 2021-12-06T00:00:00+00:00
[2021-12-07 11:09:43,180] {processor.py:171} INFO - Processing /Users/ballakeerthi/opt/anaconda3/lib/python3.8/site-packages/airflow/example_dags/example_bash_operator.py took 0.309 seconds
[2021-12-07 11:12:41,366] {processor.py:163} INFO - Started process (PID=3771) to work on /Users/ballakeerthi/opt/anaconda3/lib/python3.8/site-packages/airflow/example_dags/example_bash_operator.py
[2021-12-07 11:12:41,368] {processor.py:625} INFO - Processing file /Users/ballakeerthi/opt/anaconda3/lib/python3.8/site-packages/airflow/example_dags/example_bash_operator.py for tasks to queue
[2021-12-07 11:12:41,369] {logging_mixin.py:109} INFO - [2021-12-07 11:12:41,369] {dagbag.py:500} INFO - Filling up the DagBag from /Users/ballakeerthi/opt/anaconda3/lib/python3.8/site-packages/airflow/example_dags/example_bash_operator.py
[2021-12-07 11:12:41,399] {processor.py:637} INFO - DAG(s) dict_keys(['example_bash_operator']) retrieved from /Users/ballakeerthi/opt/anaconda3/lib/python3.8/site-packages/airflow/example_dags/example_bash_operator.py
[2021-12-07 11:12:41,414] {logging_mixin.py:109} INFO - [2021-12-07 11:12:41,414] {dag.py:2396} INFO - Sync 1 DAGs
[2021-12-07 11:12:41,422] {logging_mixin.py:109} INFO - [2021-12-07 11:12:41,422] {dag.py:2928} INFO - Setting next_dagrun for example_bash_operator to 2021-12-06T00:00:00+00:00
[2021-12-07 11:12:41,431] {processor.py:171} INFO - Processing /Users/ballakeerthi/opt/anaconda3/lib/python3.8/site-packages/airflow/example_dags/example_bash_operator.py took 0.065 seconds
[2021-12-07 11:15:30,141] {processor.py:163} INFO - Started process (PID=3894) to work on /Users/ballakeerthi/opt/anaconda3/lib/python3.8/site-packages/airflow/example_dags/example_bash_operator.py
[2021-12-07 11:15:30,143] {processor.py:625} INFO - Processing file /Users/ballakeerthi/opt/anaconda3/lib/python3.8/site-packages/airflow/example_dags/example_bash_operator.py for tasks to queue
[2021-12-07 11:15:30,143] {logging_mixin.py:109} INFO - [2021-12-07 11:15:30,143] {dagbag.py:500} INFO - Filling up the DagBag from /Users/ballakeerthi/opt/anaconda3/lib/python3.8/site-packages/airflow/example_dags/example_bash_operator.py
[2021-12-07 11:15:30,175] {processor.py:637} INFO - DAG(s) dict_keys(['example_bash_operator']) retrieved from /Users/ballakeerthi/opt/anaconda3/lib/python3.8/site-packages/airflow/example_dags/example_bash_operator.py
[2021-12-07 11:15:30,190] {logging_mixin.py:109} INFO - [2021-12-07 11:15:30,190] {dag.py:2396} INFO - Sync 1 DAGs
[2021-12-07 11:15:30,198] {logging_mixin.py:109} INFO - [2021-12-07 11:15:30,198] {dag.py:2928} INFO - Setting next_dagrun for example_bash_operator to 2021-12-06T00:00:00+00:00
[2021-12-07 11:15:30,207] {processor.py:171} INFO - Processing /Users/ballakeerthi/opt/anaconda3/lib/python3.8/site-packages/airflow/example_dags/example_bash_operator.py took 0.067 seconds
[2021-12-07 11:18:04,692] {processor.py:163} INFO - Started process (PID=4002) to work on /Users/ballakeerthi/opt/anaconda3/lib/python3.8/site-packages/airflow/example_dags/example_bash_operator.py
[2021-12-07 11:18:04,695] {processor.py:625} INFO - Processing file /Users/ballakeerthi/opt/anaconda3/lib/python3.8/site-packages/airflow/example_dags/example_bash_operator.py for tasks to queue
[2021-12-07 11:18:04,695] {logging_mixin.py:109} INFO - [2021-12-07 11:18:04,695] {dagbag.py:500} INFO - Filling up the DagBag from /Users/ballakeerthi/opt/anaconda3/lib/python3.8/site-packages/airflow/example_dags/example_bash_operator.py
[2021-12-07 11:18:04,725] {processor.py:637} INFO - DAG(s) dict_keys(['example_bash_operator']) retrieved from /Users/ballakeerthi/opt/anaconda3/lib/python3.8/site-packages/airflow/example_dags/example_bash_operator.py
[2021-12-07 11:18:04,742] {logging_mixin.py:109} INFO - [2021-12-07 11:18:04,742] {dag.py:2396} INFO - Sync 1 DAGs
[2021-12-07 11:18:04,751] {logging_mixin.py:109} INFO - [2021-12-07 11:18:04,750] {dag.py:2928} INFO - Setting next_dagrun for example_bash_operator to 2021-12-06T00:00:00+00:00
[2021-12-07 11:18:04,759] {processor.py:171} INFO - Processing /Users/ballakeerthi/opt/anaconda3/lib/python3.8/site-packages/airflow/example_dags/example_bash_operator.py took 0.067 seconds
[2021-12-07 11:20:49,132] {processor.py:163} INFO - Started process (PID=4136) to work on /Users/ballakeerthi/opt/anaconda3/lib/python3.8/site-packages/airflow/example_dags/example_bash_operator.py
[2021-12-07 11:20:49,133] {processor.py:625} INFO - Processing file /Users/ballakeerthi/opt/anaconda3/lib/python3.8/site-packages/airflow/example_dags/example_bash_operator.py for tasks to queue
[2021-12-07 11:20:49,134] {logging_mixin.py:109} INFO - [2021-12-07 11:20:49,134] {dagbag.py:500} INFO - Filling up the DagBag from /Users/ballakeerthi/opt/anaconda3/lib/python3.8/site-packages/airflow/example_dags/example_bash_operator.py
[2021-12-07 11:20:49,171] {processor.py:637} INFO - DAG(s) dict_keys(['example_bash_operator']) retrieved from /Users/ballakeerthi/opt/anaconda3/lib/python3.8/site-packages/airflow/example_dags/example_bash_operator.py
[2021-12-07 11:20:49,189] {logging_mixin.py:109} INFO - [2021-12-07 11:20:49,188] {dag.py:2396} INFO - Sync 1 DAGs
[2021-12-07 11:20:49,198] {logging_mixin.py:109} INFO - [2021-12-07 11:20:49,198] {dag.py:2928} INFO - Setting next_dagrun for example_bash_operator to 2021-12-06T00:00:00+00:00
[2021-12-07 11:20:49,205] {processor.py:171} INFO - Processing /Users/ballakeerthi/opt/anaconda3/lib/python3.8/site-packages/airflow/example_dags/example_bash_operator.py took 0.073 seconds
[2021-12-07 11:23:34,975] {processor.py:163} INFO - Started process (PID=4279) to work on /Users/ballakeerthi/opt/anaconda3/lib/python3.8/site-packages/airflow/example_dags/example_bash_operator.py
[2021-12-07 11:23:34,980] {processor.py:625} INFO - Processing file /Users/ballakeerthi/opt/anaconda3/lib/python3.8/site-packages/airflow/example_dags/example_bash_operator.py for tasks to queue
[2021-12-07 11:23:34,981] {logging_mixin.py:109} INFO - [2021-12-07 11:23:34,981] {dagbag.py:500} INFO - Filling up the DagBag from /Users/ballakeerthi/opt/anaconda3/lib/python3.8/site-packages/airflow/example_dags/example_bash_operator.py
[2021-12-07 11:23:35,015] {processor.py:637} INFO - DAG(s) dict_keys(['example_bash_operator']) retrieved from /Users/ballakeerthi/opt/anaconda3/lib/python3.8/site-packages/airflow/example_dags/example_bash_operator.py
[2021-12-07 11:23:35,033] {logging_mixin.py:109} INFO - [2021-12-07 11:23:35,033] {dag.py:2396} INFO - Sync 1 DAGs
[2021-12-07 11:23:35,041] {logging_mixin.py:109} INFO - [2021-12-07 11:23:35,041] {dag.py:2928} INFO - Setting next_dagrun for example_bash_operator to 2021-12-06T00:00:00+00:00
[2021-12-07 11:23:35,050] {processor.py:171} INFO - Processing /Users/ballakeerthi/opt/anaconda3/lib/python3.8/site-packages/airflow/example_dags/example_bash_operator.py took 0.077 seconds
[2021-12-07 11:26:29,827] {processor.py:163} INFO - Started process (PID=4400) to work on /Users/ballakeerthi/opt/anaconda3/lib/python3.8/site-packages/airflow/example_dags/example_bash_operator.py
[2021-12-07 11:26:29,827] {processor.py:625} INFO - Processing file /Users/ballakeerthi/opt/anaconda3/lib/python3.8/site-packages/airflow/example_dags/example_bash_operator.py for tasks to queue
[2021-12-07 11:26:29,828] {logging_mixin.py:109} INFO - [2021-12-07 11:26:29,827] {dagbag.py:500} INFO - Filling up the DagBag from /Users/ballakeerthi/opt/anaconda3/lib/python3.8/site-packages/airflow/example_dags/example_bash_operator.py
[2021-12-07 11:26:29,858] {processor.py:637} INFO - DAG(s) dict_keys(['example_bash_operator']) retrieved from /Users/ballakeerthi/opt/anaconda3/lib/python3.8/site-packages/airflow/example_dags/example_bash_operator.py
[2021-12-07 11:26:29,875] {logging_mixin.py:109} INFO - [2021-12-07 11:26:29,875] {dag.py:2396} INFO - Sync 1 DAGs
[2021-12-07 11:26:29,883] {logging_mixin.py:109} INFO - [2021-12-07 11:26:29,883] {dag.py:2928} INFO - Setting next_dagrun for example_bash_operator to 2021-12-06T00:00:00+00:00
[2021-12-07 11:26:29,892] {processor.py:171} INFO - Processing /Users/ballakeerthi/opt/anaconda3/lib/python3.8/site-packages/airflow/example_dags/example_bash_operator.py took 0.066 seconds
[2021-12-07 11:29:27,775] {processor.py:163} INFO - Started process (PID=4533) to work on /Users/ballakeerthi/opt/anaconda3/lib/python3.8/site-packages/airflow/example_dags/example_bash_operator.py
[2021-12-07 11:29:27,781] {processor.py:625} INFO - Processing file /Users/ballakeerthi/opt/anaconda3/lib/python3.8/site-packages/airflow/example_dags/example_bash_operator.py for tasks to queue
[2021-12-07 11:29:27,782] {logging_mixin.py:109} INFO - [2021-12-07 11:29:27,781] {dagbag.py:500} INFO - Filling up the DagBag from /Users/ballakeerthi/opt/anaconda3/lib/python3.8/site-packages/airflow/example_dags/example_bash_operator.py
[2021-12-07 11:29:27,815] {processor.py:637} INFO - DAG(s) dict_keys(['example_bash_operator']) retrieved from /Users/ballakeerthi/opt/anaconda3/lib/python3.8/site-packages/airflow/example_dags/example_bash_operator.py
[2021-12-07 11:29:27,829] {logging_mixin.py:109} INFO - [2021-12-07 11:29:27,829] {dag.py:2396} INFO - Sync 1 DAGs
[2021-12-07 11:29:27,837] {logging_mixin.py:109} INFO - [2021-12-07 11:29:27,837] {dag.py:2928} INFO - Setting next_dagrun for example_bash_operator to 2021-12-06T00:00:00+00:00
[2021-12-07 11:29:27,846] {processor.py:171} INFO - Processing /Users/ballakeerthi/opt/anaconda3/lib/python3.8/site-packages/airflow/example_dags/example_bash_operator.py took 0.071 seconds
[2021-12-07 11:32:53,620] {processor.py:163} INFO - Started process (PID=4798) to work on /Users/ballakeerthi/opt/anaconda3/lib/python3.8/site-packages/airflow/example_dags/example_bash_operator.py
[2021-12-07 11:32:53,622] {processor.py:625} INFO - Processing file /Users/ballakeerthi/opt/anaconda3/lib/python3.8/site-packages/airflow/example_dags/example_bash_operator.py for tasks to queue
[2021-12-07 11:32:53,622] {logging_mixin.py:109} INFO - [2021-12-07 11:32:53,622] {dagbag.py:500} INFO - Filling up the DagBag from /Users/ballakeerthi/opt/anaconda3/lib/python3.8/site-packages/airflow/example_dags/example_bash_operator.py
[2021-12-07 11:32:53,680] {processor.py:637} INFO - DAG(s) dict_keys(['example_bash_operator']) retrieved from /Users/ballakeerthi/opt/anaconda3/lib/python3.8/site-packages/airflow/example_dags/example_bash_operator.py
[2021-12-07 11:32:53,699] {logging_mixin.py:109} INFO - [2021-12-07 11:32:53,699] {dag.py:2396} INFO - Sync 1 DAGs
[2021-12-07 11:32:53,714] {logging_mixin.py:109} INFO - [2021-12-07 11:32:53,713] {dag.py:2928} INFO - Setting next_dagrun for example_bash_operator to 2021-12-06T00:00:00+00:00
[2021-12-07 11:32:53,721] {processor.py:171} INFO - Processing /Users/ballakeerthi/opt/anaconda3/lib/python3.8/site-packages/airflow/example_dags/example_bash_operator.py took 0.102 seconds
[2021-12-07 11:36:04,341] {processor.py:163} INFO - Started process (PID=4929) to work on /Users/ballakeerthi/opt/anaconda3/lib/python3.8/site-packages/airflow/example_dags/example_bash_operator.py
[2021-12-07 11:36:04,343] {processor.py:625} INFO - Processing file /Users/ballakeerthi/opt/anaconda3/lib/python3.8/site-packages/airflow/example_dags/example_bash_operator.py for tasks to queue
[2021-12-07 11:36:04,344] {logging_mixin.py:109} INFO - [2021-12-07 11:36:04,343] {dagbag.py:500} INFO - Filling up the DagBag from /Users/ballakeerthi/opt/anaconda3/lib/python3.8/site-packages/airflow/example_dags/example_bash_operator.py
[2021-12-07 11:36:04,390] {processor.py:637} INFO - DAG(s) dict_keys(['example_bash_operator']) retrieved from /Users/ballakeerthi/opt/anaconda3/lib/python3.8/site-packages/airflow/example_dags/example_bash_operator.py
[2021-12-07 11:36:04,408] {logging_mixin.py:109} INFO - [2021-12-07 11:36:04,408] {dag.py:2396} INFO - Sync 1 DAGs
[2021-12-07 11:36:04,420] {logging_mixin.py:109} INFO - [2021-12-07 11:36:04,420] {dag.py:2928} INFO - Setting next_dagrun for example_bash_operator to 2021-12-06T00:00:00+00:00
[2021-12-07 11:36:04,429] {processor.py:171} INFO - Processing /Users/ballakeerthi/opt/anaconda3/lib/python3.8/site-packages/airflow/example_dags/example_bash_operator.py took 0.089 seconds
[2021-12-07 11:39:29,717] {processor.py:163} INFO - Started process (PID=5059) to work on /Users/ballakeerthi/opt/anaconda3/lib/python3.8/site-packages/airflow/example_dags/example_bash_operator.py
[2021-12-07 11:39:29,718] {processor.py:625} INFO - Processing file /Users/ballakeerthi/opt/anaconda3/lib/python3.8/site-packages/airflow/example_dags/example_bash_operator.py for tasks to queue
[2021-12-07 11:39:29,718] {logging_mixin.py:109} INFO - [2021-12-07 11:39:29,718] {dagbag.py:500} INFO - Filling up the DagBag from /Users/ballakeerthi/opt/anaconda3/lib/python3.8/site-packages/airflow/example_dags/example_bash_operator.py
[2021-12-07 11:39:29,755] {processor.py:637} INFO - DAG(s) dict_keys(['example_bash_operator']) retrieved from /Users/ballakeerthi/opt/anaconda3/lib/python3.8/site-packages/airflow/example_dags/example_bash_operator.py
[2021-12-07 11:39:29,774] {logging_mixin.py:109} INFO - [2021-12-07 11:39:29,774] {dag.py:2396} INFO - Sync 1 DAGs
[2021-12-07 11:39:29,783] {logging_mixin.py:109} INFO - [2021-12-07 11:39:29,783] {dag.py:2928} INFO - Setting next_dagrun for example_bash_operator to 2021-12-06T00:00:00+00:00
[2021-12-07 11:39:29,793] {processor.py:171} INFO - Processing /Users/ballakeerthi/opt/anaconda3/lib/python3.8/site-packages/airflow/example_dags/example_bash_operator.py took 0.076 seconds
[2021-12-07 11:42:35,989] {processor.py:163} INFO - Started process (PID=5172) to work on /Users/ballakeerthi/opt/anaconda3/lib/python3.8/site-packages/airflow/example_dags/example_bash_operator.py
[2021-12-07 11:42:35,992] {processor.py:625} INFO - Processing file /Users/ballakeerthi/opt/anaconda3/lib/python3.8/site-packages/airflow/example_dags/example_bash_operator.py for tasks to queue
[2021-12-07 11:42:35,992] {logging_mixin.py:109} INFO - [2021-12-07 11:42:35,992] {dagbag.py:500} INFO - Filling up the DagBag from /Users/ballakeerthi/opt/anaconda3/lib/python3.8/site-packages/airflow/example_dags/example_bash_operator.py
[2021-12-07 11:42:36,022] {processor.py:637} INFO - DAG(s) dict_keys(['example_bash_operator']) retrieved from /Users/ballakeerthi/opt/anaconda3/lib/python3.8/site-packages/airflow/example_dags/example_bash_operator.py
[2021-12-07 11:42:36,039] {logging_mixin.py:109} INFO - [2021-12-07 11:42:36,039] {dag.py:2396} INFO - Sync 1 DAGs
[2021-12-07 11:42:36,048] {logging_mixin.py:109} INFO - [2021-12-07 11:42:36,048] {dag.py:2928} INFO - Setting next_dagrun for example_bash_operator to 2021-12-06T00:00:00+00:00
[2021-12-07 11:42:36,056] {processor.py:171} INFO - Processing /Users/ballakeerthi/opt/anaconda3/lib/python3.8/site-packages/airflow/example_dags/example_bash_operator.py took 0.067 seconds
[2021-12-07 11:45:31,201] {processor.py:163} INFO - Started process (PID=5285) to work on /Users/ballakeerthi/opt/anaconda3/lib/python3.8/site-packages/airflow/example_dags/example_bash_operator.py
[2021-12-07 11:45:31,207] {processor.py:625} INFO - Processing file /Users/ballakeerthi/opt/anaconda3/lib/python3.8/site-packages/airflow/example_dags/example_bash_operator.py for tasks to queue
[2021-12-07 11:45:31,207] {logging_mixin.py:109} INFO - [2021-12-07 11:45:31,207] {dagbag.py:500} INFO - Filling up the DagBag from /Users/ballakeerthi/opt/anaconda3/lib/python3.8/site-packages/airflow/example_dags/example_bash_operator.py
[2021-12-07 11:45:31,237] {processor.py:637} INFO - DAG(s) dict_keys(['example_bash_operator']) retrieved from /Users/ballakeerthi/opt/anaconda3/lib/python3.8/site-packages/airflow/example_dags/example_bash_operator.py
[2021-12-07 11:45:31,253] {logging_mixin.py:109} INFO - [2021-12-07 11:45:31,253] {dag.py:2396} INFO - Sync 1 DAGs
[2021-12-07 11:45:31,261] {logging_mixin.py:109} INFO - [2021-12-07 11:45:31,261] {dag.py:2928} INFO - Setting next_dagrun for example_bash_operator to 2021-12-06T00:00:00+00:00
[2021-12-07 11:45:31,270] {processor.py:171} INFO - Processing /Users/ballakeerthi/opt/anaconda3/lib/python3.8/site-packages/airflow/example_dags/example_bash_operator.py took 0.069 seconds
[2021-12-07 11:48:53,208] {processor.py:163} INFO - Started process (PID=5412) to work on /Users/ballakeerthi/opt/anaconda3/lib/python3.8/site-packages/airflow/example_dags/example_bash_operator.py
[2021-12-07 11:48:53,210] {processor.py:625} INFO - Processing file /Users/ballakeerthi/opt/anaconda3/lib/python3.8/site-packages/airflow/example_dags/example_bash_operator.py for tasks to queue
[2021-12-07 11:48:53,210] {logging_mixin.py:109} INFO - [2021-12-07 11:48:53,210] {dagbag.py:500} INFO - Filling up the DagBag from /Users/ballakeerthi/opt/anaconda3/lib/python3.8/site-packages/airflow/example_dags/example_bash_operator.py
[2021-12-07 11:48:53,245] {processor.py:637} INFO - DAG(s) dict_keys(['example_bash_operator']) retrieved from /Users/ballakeerthi/opt/anaconda3/lib/python3.8/site-packages/airflow/example_dags/example_bash_operator.py
[2021-12-07 11:48:53,273] {logging_mixin.py:109} INFO - [2021-12-07 11:48:53,273] {dag.py:2396} INFO - Sync 1 DAGs
[2021-12-07 11:48:53,289] {logging_mixin.py:109} INFO - [2021-12-07 11:48:53,289] {dag.py:2928} INFO - Setting next_dagrun for example_bash_operator to 2021-12-06T00:00:00+00:00
[2021-12-07 11:48:53,298] {processor.py:171} INFO - Processing /Users/ballakeerthi/opt/anaconda3/lib/python3.8/site-packages/airflow/example_dags/example_bash_operator.py took 0.091 seconds
[2021-12-07 11:53:00,506] {processor.py:163} INFO - Started process (PID=5565) to work on /Users/ballakeerthi/opt/anaconda3/lib/python3.8/site-packages/airflow/example_dags/example_bash_operator.py
[2021-12-07 11:53:00,512] {processor.py:625} INFO - Processing file /Users/ballakeerthi/opt/anaconda3/lib/python3.8/site-packages/airflow/example_dags/example_bash_operator.py for tasks to queue
[2021-12-07 11:53:00,513] {logging_mixin.py:109} INFO - [2021-12-07 11:53:00,512] {dagbag.py:500} INFO - Filling up the DagBag from /Users/ballakeerthi/opt/anaconda3/lib/python3.8/site-packages/airflow/example_dags/example_bash_operator.py
[2021-12-07 11:53:00,544] {processor.py:637} INFO - DAG(s) dict_keys(['example_bash_operator']) retrieved from /Users/ballakeerthi/opt/anaconda3/lib/python3.8/site-packages/airflow/example_dags/example_bash_operator.py
[2021-12-07 11:53:00,559] {logging_mixin.py:109} INFO - [2021-12-07 11:53:00,559] {dag.py:2396} INFO - Sync 1 DAGs
[2021-12-07 11:53:00,570] {logging_mixin.py:109} INFO - [2021-12-07 11:53:00,569] {dag.py:2928} INFO - Setting next_dagrun for example_bash_operator to 2021-12-06T00:00:00+00:00
[2021-12-07 11:53:00,579] {processor.py:171} INFO - Processing /Users/ballakeerthi/opt/anaconda3/lib/python3.8/site-packages/airflow/example_dags/example_bash_operator.py took 0.073 seconds
[2021-12-07 11:55:45,527] {processor.py:163} INFO - Started process (PID=5673) to work on /Users/ballakeerthi/opt/anaconda3/lib/python3.8/site-packages/airflow/example_dags/example_bash_operator.py
[2021-12-07 11:55:45,533] {processor.py:625} INFO - Processing file /Users/ballakeerthi/opt/anaconda3/lib/python3.8/site-packages/airflow/example_dags/example_bash_operator.py for tasks to queue
[2021-12-07 11:55:45,534] {logging_mixin.py:109} INFO - [2021-12-07 11:55:45,534] {dagbag.py:500} INFO - Filling up the DagBag from /Users/ballakeerthi/opt/anaconda3/lib/python3.8/site-packages/airflow/example_dags/example_bash_operator.py
[2021-12-07 11:55:45,565] {processor.py:637} INFO - DAG(s) dict_keys(['example_bash_operator']) retrieved from /Users/ballakeerthi/opt/anaconda3/lib/python3.8/site-packages/airflow/example_dags/example_bash_operator.py
[2021-12-07 11:55:45,581] {logging_mixin.py:109} INFO - [2021-12-07 11:55:45,581] {dag.py:2396} INFO - Sync 1 DAGs
[2021-12-07 11:55:45,590] {logging_mixin.py:109} INFO - [2021-12-07 11:55:45,590] {dag.py:2928} INFO - Setting next_dagrun for example_bash_operator to 2021-12-06T00:00:00+00:00
[2021-12-07 11:55:45,598] {processor.py:171} INFO - Processing /Users/ballakeerthi/opt/anaconda3/lib/python3.8/site-packages/airflow/example_dags/example_bash_operator.py took 0.071 seconds
[2021-12-07 11:58:39,670] {processor.py:163} INFO - Started process (PID=5808) to work on /Users/ballakeerthi/opt/anaconda3/lib/python3.8/site-packages/airflow/example_dags/example_bash_operator.py
[2021-12-07 11:58:39,675] {processor.py:625} INFO - Processing file /Users/ballakeerthi/opt/anaconda3/lib/python3.8/site-packages/airflow/example_dags/example_bash_operator.py for tasks to queue
[2021-12-07 11:58:39,676] {logging_mixin.py:109} INFO - [2021-12-07 11:58:39,676] {dagbag.py:500} INFO - Filling up the DagBag from /Users/ballakeerthi/opt/anaconda3/lib/python3.8/site-packages/airflow/example_dags/example_bash_operator.py
[2021-12-07 11:58:39,711] {processor.py:637} INFO - DAG(s) dict_keys(['example_bash_operator']) retrieved from /Users/ballakeerthi/opt/anaconda3/lib/python3.8/site-packages/airflow/example_dags/example_bash_operator.py
[2021-12-07 11:58:39,729] {logging_mixin.py:109} INFO - [2021-12-07 11:58:39,729] {dag.py:2396} INFO - Sync 1 DAGs
[2021-12-07 11:58:39,739] {logging_mixin.py:109} INFO - [2021-12-07 11:58:39,739] {dag.py:2928} INFO - Setting next_dagrun for example_bash_operator to 2021-12-06T00:00:00+00:00
[2021-12-07 11:58:39,745] {processor.py:171} INFO - Processing /Users/ballakeerthi/opt/anaconda3/lib/python3.8/site-packages/airflow/example_dags/example_bash_operator.py took 0.076 seconds
[2021-12-07 12:01:41,472] {processor.py:163} INFO - Started process (PID=5935) to work on /Users/ballakeerthi/opt/anaconda3/lib/python3.8/site-packages/airflow/example_dags/example_bash_operator.py
[2021-12-07 12:01:41,477] {processor.py:625} INFO - Processing file /Users/ballakeerthi/opt/anaconda3/lib/python3.8/site-packages/airflow/example_dags/example_bash_operator.py for tasks to queue
[2021-12-07 12:01:41,478] {logging_mixin.py:109} INFO - [2021-12-07 12:01:41,478] {dagbag.py:500} INFO - Filling up the DagBag from /Users/ballakeerthi/opt/anaconda3/lib/python3.8/site-packages/airflow/example_dags/example_bash_operator.py
[2021-12-07 12:01:41,510] {processor.py:637} INFO - DAG(s) dict_keys(['example_bash_operator']) retrieved from /Users/ballakeerthi/opt/anaconda3/lib/python3.8/site-packages/airflow/example_dags/example_bash_operator.py
[2021-12-07 12:01:41,526] {logging_mixin.py:109} INFO - [2021-12-07 12:01:41,525] {dag.py:2396} INFO - Sync 1 DAGs
[2021-12-07 12:01:41,535] {logging_mixin.py:109} INFO - [2021-12-07 12:01:41,535] {dag.py:2928} INFO - Setting next_dagrun for example_bash_operator to 2021-12-06T00:00:00+00:00
[2021-12-07 12:01:41,544] {processor.py:171} INFO - Processing /Users/ballakeerthi/opt/anaconda3/lib/python3.8/site-packages/airflow/example_dags/example_bash_operator.py took 0.073 seconds
[2021-12-07 12:04:56,123] {processor.py:163} INFO - Started process (PID=6050) to work on /Users/ballakeerthi/opt/anaconda3/lib/python3.8/site-packages/airflow/example_dags/example_bash_operator.py
[2021-12-07 12:04:56,129] {processor.py:625} INFO - Processing file /Users/ballakeerthi/opt/anaconda3/lib/python3.8/site-packages/airflow/example_dags/example_bash_operator.py for tasks to queue
[2021-12-07 12:04:56,130] {logging_mixin.py:109} INFO - [2021-12-07 12:04:56,130] {dagbag.py:500} INFO - Filling up the DagBag from /Users/ballakeerthi/opt/anaconda3/lib/python3.8/site-packages/airflow/example_dags/example_bash_operator.py
[2021-12-07 12:04:56,167] {processor.py:637} INFO - DAG(s) dict_keys(['example_bash_operator']) retrieved from /Users/ballakeerthi/opt/anaconda3/lib/python3.8/site-packages/airflow/example_dags/example_bash_operator.py
[2021-12-07 12:04:56,182] {logging_mixin.py:109} INFO - [2021-12-07 12:04:56,182] {dag.py:2396} INFO - Sync 1 DAGs
[2021-12-07 12:04:56,191] {logging_mixin.py:109} INFO - [2021-12-07 12:04:56,191] {dag.py:2928} INFO - Setting next_dagrun for example_bash_operator to 2021-12-06T00:00:00+00:00
[2021-12-07 12:04:56,201] {processor.py:171} INFO - Processing /Users/ballakeerthi/opt/anaconda3/lib/python3.8/site-packages/airflow/example_dags/example_bash_operator.py took 0.078 seconds
[2021-12-07 12:07:49,968] {processor.py:163} INFO - Started process (PID=6161) to work on /Users/ballakeerthi/opt/anaconda3/lib/python3.8/site-packages/airflow/example_dags/example_bash_operator.py
[2021-12-07 12:07:49,974] {processor.py:625} INFO - Processing file /Users/ballakeerthi/opt/anaconda3/lib/python3.8/site-packages/airflow/example_dags/example_bash_operator.py for tasks to queue
[2021-12-07 12:07:49,974] {logging_mixin.py:109} INFO - [2021-12-07 12:07:49,974] {dagbag.py:500} INFO - Filling up the DagBag from /Users/ballakeerthi/opt/anaconda3/lib/python3.8/site-packages/airflow/example_dags/example_bash_operator.py
[2021-12-07 12:07:50,009] {processor.py:637} INFO - DAG(s) dict_keys(['example_bash_operator']) retrieved from /Users/ballakeerthi/opt/anaconda3/lib/python3.8/site-packages/airflow/example_dags/example_bash_operator.py
[2021-12-07 12:07:50,025] {logging_mixin.py:109} INFO - [2021-12-07 12:07:50,025] {dag.py:2396} INFO - Sync 1 DAGs
[2021-12-07 12:07:50,034] {logging_mixin.py:109} INFO - [2021-12-07 12:07:50,033] {dag.py:2928} INFO - Setting next_dagrun for example_bash_operator to 2021-12-06T00:00:00+00:00
[2021-12-07 12:07:50,042] {processor.py:171} INFO - Processing /Users/ballakeerthi/opt/anaconda3/lib/python3.8/site-packages/airflow/example_dags/example_bash_operator.py took 0.075 seconds
[2021-12-07 12:10:42,626] {processor.py:163} INFO - Started process (PID=6276) to work on /Users/ballakeerthi/opt/anaconda3/lib/python3.8/site-packages/airflow/example_dags/example_bash_operator.py
[2021-12-07 12:10:42,632] {processor.py:625} INFO - Processing file /Users/ballakeerthi/opt/anaconda3/lib/python3.8/site-packages/airflow/example_dags/example_bash_operator.py for tasks to queue
[2021-12-07 12:10:42,633] {logging_mixin.py:109} INFO - [2021-12-07 12:10:42,633] {dagbag.py:500} INFO - Filling up the DagBag from /Users/ballakeerthi/opt/anaconda3/lib/python3.8/site-packages/airflow/example_dags/example_bash_operator.py
[2021-12-07 12:10:42,667] {processor.py:637} INFO - DAG(s) dict_keys(['example_bash_operator']) retrieved from /Users/ballakeerthi/opt/anaconda3/lib/python3.8/site-packages/airflow/example_dags/example_bash_operator.py
[2021-12-07 12:10:42,684] {logging_mixin.py:109} INFO - [2021-12-07 12:10:42,684] {dag.py:2396} INFO - Sync 1 DAGs
[2021-12-07 12:10:42,692] {logging_mixin.py:109} INFO - [2021-12-07 12:10:42,692] {dag.py:2928} INFO - Setting next_dagrun for example_bash_operator to 2021-12-06T00:00:00+00:00
[2021-12-07 12:10:42,701] {processor.py:171} INFO - Processing /Users/ballakeerthi/opt/anaconda3/lib/python3.8/site-packages/airflow/example_dags/example_bash_operator.py took 0.076 seconds
[2021-12-07 12:13:34,092] {processor.py:163} INFO - Started process (PID=6386) to work on /Users/ballakeerthi/opt/anaconda3/lib/python3.8/site-packages/airflow/example_dags/example_bash_operator.py
[2021-12-07 12:13:34,095] {processor.py:625} INFO - Processing file /Users/ballakeerthi/opt/anaconda3/lib/python3.8/site-packages/airflow/example_dags/example_bash_operator.py for tasks to queue
[2021-12-07 12:13:34,095] {logging_mixin.py:109} INFO - [2021-12-07 12:13:34,095] {dagbag.py:500} INFO - Filling up the DagBag from /Users/ballakeerthi/opt/anaconda3/lib/python3.8/site-packages/airflow/example_dags/example_bash_operator.py
[2021-12-07 12:13:34,126] {processor.py:637} INFO - DAG(s) dict_keys(['example_bash_operator']) retrieved from /Users/ballakeerthi/opt/anaconda3/lib/python3.8/site-packages/airflow/example_dags/example_bash_operator.py
[2021-12-07 12:13:34,146] {logging_mixin.py:109} INFO - [2021-12-07 12:13:34,145] {dag.py:2396} INFO - Sync 1 DAGs
[2021-12-07 12:13:34,155] {logging_mixin.py:109} INFO - [2021-12-07 12:13:34,155] {dag.py:2928} INFO - Setting next_dagrun for example_bash_operator to 2021-12-06T00:00:00+00:00
[2021-12-07 12:13:34,165] {processor.py:171} INFO - Processing /Users/ballakeerthi/opt/anaconda3/lib/python3.8/site-packages/airflow/example_dags/example_bash_operator.py took 0.073 seconds
[2021-12-07 12:16:33,074] {processor.py:163} INFO - Started process (PID=6498) to work on /Users/ballakeerthi/opt/anaconda3/lib/python3.8/site-packages/airflow/example_dags/example_bash_operator.py
[2021-12-07 12:16:33,079] {processor.py:625} INFO - Processing file /Users/ballakeerthi/opt/anaconda3/lib/python3.8/site-packages/airflow/example_dags/example_bash_operator.py for tasks to queue
[2021-12-07 12:16:33,080] {logging_mixin.py:109} INFO - [2021-12-07 12:16:33,080] {dagbag.py:500} INFO - Filling up the DagBag from /Users/ballakeerthi/opt/anaconda3/lib/python3.8/site-packages/airflow/example_dags/example_bash_operator.py
[2021-12-07 12:16:33,114] {processor.py:637} INFO - DAG(s) dict_keys(['example_bash_operator']) retrieved from /Users/ballakeerthi/opt/anaconda3/lib/python3.8/site-packages/airflow/example_dags/example_bash_operator.py
[2021-12-07 12:16:33,130] {logging_mixin.py:109} INFO - [2021-12-07 12:16:33,130] {dag.py:2396} INFO - Sync 1 DAGs
[2021-12-07 12:16:33,140] {logging_mixin.py:109} INFO - [2021-12-07 12:16:33,140] {dag.py:2928} INFO - Setting next_dagrun for example_bash_operator to 2021-12-06T00:00:00+00:00
[2021-12-07 12:16:33,149] {processor.py:171} INFO - Processing /Users/ballakeerthi/opt/anaconda3/lib/python3.8/site-packages/airflow/example_dags/example_bash_operator.py took 0.076 seconds
[2021-12-07 12:19:38,184] {processor.py:163} INFO - Started process (PID=6607) to work on /Users/ballakeerthi/opt/anaconda3/lib/python3.8/site-packages/airflow/example_dags/example_bash_operator.py
[2021-12-07 12:19:38,190] {processor.py:625} INFO - Processing file /Users/ballakeerthi/opt/anaconda3/lib/python3.8/site-packages/airflow/example_dags/example_bash_operator.py for tasks to queue
[2021-12-07 12:19:38,191] {logging_mixin.py:109} INFO - [2021-12-07 12:19:38,191] {dagbag.py:500} INFO - Filling up the DagBag from /Users/ballakeerthi/opt/anaconda3/lib/python3.8/site-packages/airflow/example_dags/example_bash_operator.py
[2021-12-07 12:19:38,226] {processor.py:637} INFO - DAG(s) dict_keys(['example_bash_operator']) retrieved from /Users/ballakeerthi/opt/anaconda3/lib/python3.8/site-packages/airflow/example_dags/example_bash_operator.py
[2021-12-07 12:19:38,244] {logging_mixin.py:109} INFO - [2021-12-07 12:19:38,243] {dag.py:2396} INFO - Sync 1 DAGs
[2021-12-07 12:19:38,253] {logging_mixin.py:109} INFO - [2021-12-07 12:19:38,253] {dag.py:2928} INFO - Setting next_dagrun for example_bash_operator to 2021-12-06T00:00:00+00:00
[2021-12-07 12:19:38,263] {processor.py:171} INFO - Processing /Users/ballakeerthi/opt/anaconda3/lib/python3.8/site-packages/airflow/example_dags/example_bash_operator.py took 0.079 seconds
[2021-12-07 12:22:26,599] {processor.py:163} INFO - Started process (PID=6717) to work on /Users/ballakeerthi/opt/anaconda3/lib/python3.8/site-packages/airflow/example_dags/example_bash_operator.py
[2021-12-07 12:22:26,605] {processor.py:625} INFO - Processing file /Users/ballakeerthi/opt/anaconda3/lib/python3.8/site-packages/airflow/example_dags/example_bash_operator.py for tasks to queue
[2021-12-07 12:22:26,605] {logging_mixin.py:109} INFO - [2021-12-07 12:22:26,605] {dagbag.py:500} INFO - Filling up the DagBag from /Users/ballakeerthi/opt/anaconda3/lib/python3.8/site-packages/airflow/example_dags/example_bash_operator.py
[2021-12-07 12:22:26,635] {processor.py:637} INFO - DAG(s) dict_keys(['example_bash_operator']) retrieved from /Users/ballakeerthi/opt/anaconda3/lib/python3.8/site-packages/airflow/example_dags/example_bash_operator.py
[2021-12-07 12:22:26,652] {logging_mixin.py:109} INFO - [2021-12-07 12:22:26,652] {dag.py:2396} INFO - Sync 1 DAGs
[2021-12-07 12:22:26,661] {logging_mixin.py:109} INFO - [2021-12-07 12:22:26,661] {dag.py:2928} INFO - Setting next_dagrun for example_bash_operator to 2021-12-06T00:00:00+00:00
[2021-12-07 12:22:26,670] {processor.py:171} INFO - Processing /Users/ballakeerthi/opt/anaconda3/lib/python3.8/site-packages/airflow/example_dags/example_bash_operator.py took 0.072 seconds
[2021-12-07 12:25:08,054] {processor.py:163} INFO - Started process (PID=6825) to work on /Users/ballakeerthi/opt/anaconda3/lib/python3.8/site-packages/airflow/example_dags/example_bash_operator.py
[2021-12-07 12:25:08,060] {processor.py:625} INFO - Processing file /Users/ballakeerthi/opt/anaconda3/lib/python3.8/site-packages/airflow/example_dags/example_bash_operator.py for tasks to queue
[2021-12-07 12:25:08,061] {logging_mixin.py:109} INFO - [2021-12-07 12:25:08,060] {dagbag.py:500} INFO - Filling up the DagBag from /Users/ballakeerthi/opt/anaconda3/lib/python3.8/site-packages/airflow/example_dags/example_bash_operator.py
[2021-12-07 12:25:08,093] {processor.py:637} INFO - DAG(s) dict_keys(['example_bash_operator']) retrieved from /Users/ballakeerthi/opt/anaconda3/lib/python3.8/site-packages/airflow/example_dags/example_bash_operator.py
[2021-12-07 12:25:08,109] {logging_mixin.py:109} INFO - [2021-12-07 12:25:08,109] {dag.py:2396} INFO - Sync 1 DAGs
[2021-12-07 12:25:08,117] {logging_mixin.py:109} INFO - [2021-12-07 12:25:08,117] {dag.py:2928} INFO - Setting next_dagrun for example_bash_operator to 2021-12-06T00:00:00+00:00
[2021-12-07 12:25:08,126] {processor.py:171} INFO - Processing /Users/ballakeerthi/opt/anaconda3/lib/python3.8/site-packages/airflow/example_dags/example_bash_operator.py took 0.072 seconds
[2021-12-07 13:25:29,818] {processor.py:163} INFO - Started process (PID=7016) to work on /Users/ballakeerthi/opt/anaconda3/lib/python3.8/site-packages/airflow/example_dags/example_bash_operator.py
[2021-12-07 13:25:29,824] {processor.py:625} INFO - Processing file /Users/ballakeerthi/opt/anaconda3/lib/python3.8/site-packages/airflow/example_dags/example_bash_operator.py for tasks to queue
[2021-12-07 13:25:29,824] {logging_mixin.py:109} INFO - [2021-12-07 13:25:29,824] {dagbag.py:500} INFO - Filling up the DagBag from /Users/ballakeerthi/opt/anaconda3/lib/python3.8/site-packages/airflow/example_dags/example_bash_operator.py
[2021-12-07 13:25:29,851] {processor.py:637} INFO - DAG(s) dict_keys(['example_bash_operator']) retrieved from /Users/ballakeerthi/opt/anaconda3/lib/python3.8/site-packages/airflow/example_dags/example_bash_operator.py
[2021-12-07 13:25:29,865] {logging_mixin.py:109} INFO - [2021-12-07 13:25:29,864] {dag.py:2396} INFO - Sync 1 DAGs
[2021-12-07 13:25:29,872] {logging_mixin.py:109} INFO - [2021-12-07 13:25:29,872] {dag.py:2928} INFO - Setting next_dagrun for example_bash_operator to 2021-12-06T00:00:00+00:00
[2021-12-07 13:25:29,880] {processor.py:171} INFO - Processing /Users/ballakeerthi/opt/anaconda3/lib/python3.8/site-packages/airflow/example_dags/example_bash_operator.py took 0.062 seconds
[2021-12-07 13:28:10,940] {processor.py:163} INFO - Started process (PID=7129) to work on /Users/ballakeerthi/opt/anaconda3/lib/python3.8/site-packages/airflow/example_dags/example_bash_operator.py
[2021-12-07 13:28:10,946] {processor.py:625} INFO - Processing file /Users/ballakeerthi/opt/anaconda3/lib/python3.8/site-packages/airflow/example_dags/example_bash_operator.py for tasks to queue
[2021-12-07 13:28:10,946] {logging_mixin.py:109} INFO - [2021-12-07 13:28:10,946] {dagbag.py:500} INFO - Filling up the DagBag from /Users/ballakeerthi/opt/anaconda3/lib/python3.8/site-packages/airflow/example_dags/example_bash_operator.py
[2021-12-07 13:28:10,976] {processor.py:637} INFO - DAG(s) dict_keys(['example_bash_operator']) retrieved from /Users/ballakeerthi/opt/anaconda3/lib/python3.8/site-packages/airflow/example_dags/example_bash_operator.py
[2021-12-07 13:28:10,993] {logging_mixin.py:109} INFO - [2021-12-07 13:28:10,992] {dag.py:2396} INFO - Sync 1 DAGs
[2021-12-07 13:28:11,000] {logging_mixin.py:109} INFO - [2021-12-07 13:28:11,000] {dag.py:2928} INFO - Setting next_dagrun for example_bash_operator to 2021-12-06T00:00:00+00:00
[2021-12-07 13:28:11,010] {processor.py:171} INFO - Processing /Users/ballakeerthi/opt/anaconda3/lib/python3.8/site-packages/airflow/example_dags/example_bash_operator.py took 0.071 seconds
[2021-12-07 13:30:28,053] {processor.py:163} INFO - Started process (PID=7234) to work on /Users/ballakeerthi/opt/anaconda3/lib/python3.8/site-packages/airflow/example_dags/example_bash_operator.py
[2021-12-07 13:30:28,059] {processor.py:625} INFO - Processing file /Users/ballakeerthi/opt/anaconda3/lib/python3.8/site-packages/airflow/example_dags/example_bash_operator.py for tasks to queue
[2021-12-07 13:30:28,060] {logging_mixin.py:109} INFO - [2021-12-07 13:30:28,060] {dagbag.py:500} INFO - Filling up the DagBag from /Users/ballakeerthi/opt/anaconda3/lib/python3.8/site-packages/airflow/example_dags/example_bash_operator.py
[2021-12-07 13:30:28,089] {processor.py:637} INFO - DAG(s) dict_keys(['example_bash_operator']) retrieved from /Users/ballakeerthi/opt/anaconda3/lib/python3.8/site-packages/airflow/example_dags/example_bash_operator.py
[2021-12-07 13:30:28,103] {logging_mixin.py:109} INFO - [2021-12-07 13:30:28,103] {dag.py:2396} INFO - Sync 1 DAGs
[2021-12-07 13:30:28,110] {logging_mixin.py:109} INFO - [2021-12-07 13:30:28,110] {dag.py:2928} INFO - Setting next_dagrun for example_bash_operator to 2021-12-06T00:00:00+00:00
[2021-12-07 13:30:28,118] {processor.py:171} INFO - Processing /Users/ballakeerthi/opt/anaconda3/lib/python3.8/site-packages/airflow/example_dags/example_bash_operator.py took 0.065 seconds
[2021-12-07 13:32:41,867] {processor.py:163} INFO - Started process (PID=7339) to work on /Users/ballakeerthi/opt/anaconda3/lib/python3.8/site-packages/airflow/example_dags/example_bash_operator.py
[2021-12-07 13:32:41,869] {processor.py:625} INFO - Processing file /Users/ballakeerthi/opt/anaconda3/lib/python3.8/site-packages/airflow/example_dags/example_bash_operator.py for tasks to queue
[2021-12-07 13:32:41,870] {logging_mixin.py:109} INFO - [2021-12-07 13:32:41,870] {dagbag.py:500} INFO - Filling up the DagBag from /Users/ballakeerthi/opt/anaconda3/lib/python3.8/site-packages/airflow/example_dags/example_bash_operator.py
[2021-12-07 13:32:41,902] {processor.py:637} INFO - DAG(s) dict_keys(['example_bash_operator']) retrieved from /Users/ballakeerthi/opt/anaconda3/lib/python3.8/site-packages/airflow/example_dags/example_bash_operator.py
[2021-12-07 13:32:41,917] {logging_mixin.py:109} INFO - [2021-12-07 13:32:41,917] {dag.py:2396} INFO - Sync 1 DAGs
[2021-12-07 13:32:41,924] {logging_mixin.py:109} INFO - [2021-12-07 13:32:41,924] {dag.py:2928} INFO - Setting next_dagrun for example_bash_operator to 2021-12-06T00:00:00+00:00
[2021-12-07 13:32:41,933] {processor.py:171} INFO - Processing /Users/ballakeerthi/opt/anaconda3/lib/python3.8/site-packages/airflow/example_dags/example_bash_operator.py took 0.066 seconds
[2021-12-07 13:35:45,077] {processor.py:163} INFO - Started process (PID=7514) to work on /Users/ballakeerthi/opt/anaconda3/lib/python3.8/site-packages/airflow/example_dags/example_bash_operator.py
[2021-12-07 13:35:45,083] {processor.py:625} INFO - Processing file /Users/ballakeerthi/opt/anaconda3/lib/python3.8/site-packages/airflow/example_dags/example_bash_operator.py for tasks to queue
[2021-12-07 13:35:45,083] {logging_mixin.py:109} INFO - [2021-12-07 13:35:45,083] {dagbag.py:500} INFO - Filling up the DagBag from /Users/ballakeerthi/opt/anaconda3/lib/python3.8/site-packages/airflow/example_dags/example_bash_operator.py
[2021-12-07 13:35:45,115] {processor.py:637} INFO - DAG(s) dict_keys(['example_bash_operator']) retrieved from /Users/ballakeerthi/opt/anaconda3/lib/python3.8/site-packages/airflow/example_dags/example_bash_operator.py
[2021-12-07 13:35:45,129] {logging_mixin.py:109} INFO - [2021-12-07 13:35:45,129] {dag.py:2396} INFO - Sync 1 DAGs
[2021-12-07 13:35:45,137] {logging_mixin.py:109} INFO - [2021-12-07 13:35:45,136] {dag.py:2928} INFO - Setting next_dagrun for example_bash_operator to 2021-12-06T00:00:00+00:00
[2021-12-07 13:35:45,146] {processor.py:171} INFO - Processing /Users/ballakeerthi/opt/anaconda3/lib/python3.8/site-packages/airflow/example_dags/example_bash_operator.py took 0.069 seconds
[2021-12-07 13:38:33,460] {processor.py:163} INFO - Started process (PID=7676) to work on /Users/ballakeerthi/opt/anaconda3/lib/python3.8/site-packages/airflow/example_dags/example_bash_operator.py
[2021-12-07 13:38:33,461] {processor.py:625} INFO - Processing file /Users/ballakeerthi/opt/anaconda3/lib/python3.8/site-packages/airflow/example_dags/example_bash_operator.py for tasks to queue
[2021-12-07 13:38:33,461] {logging_mixin.py:109} INFO - [2021-12-07 13:38:33,461] {dagbag.py:500} INFO - Filling up the DagBag from /Users/ballakeerthi/opt/anaconda3/lib/python3.8/site-packages/airflow/example_dags/example_bash_operator.py
[2021-12-07 13:38:33,490] {processor.py:637} INFO - DAG(s) dict_keys(['example_bash_operator']) retrieved from /Users/ballakeerthi/opt/anaconda3/lib/python3.8/site-packages/airflow/example_dags/example_bash_operator.py
[2021-12-07 13:38:33,504] {logging_mixin.py:109} INFO - [2021-12-07 13:38:33,504] {dag.py:2396} INFO - Sync 1 DAGs
[2021-12-07 13:38:33,512] {logging_mixin.py:109} INFO - [2021-12-07 13:38:33,512] {dag.py:2928} INFO - Setting next_dagrun for example_bash_operator to 2021-12-06T00:00:00+00:00
[2021-12-07 13:38:33,519] {processor.py:171} INFO - Processing /Users/ballakeerthi/opt/anaconda3/lib/python3.8/site-packages/airflow/example_dags/example_bash_operator.py took 0.060 seconds
[2021-12-07 13:41:19,021] {processor.py:163} INFO - Started process (PID=7809) to work on /Users/ballakeerthi/opt/anaconda3/lib/python3.8/site-packages/airflow/example_dags/example_bash_operator.py
[2021-12-07 13:41:19,021] {processor.py:625} INFO - Processing file /Users/ballakeerthi/opt/anaconda3/lib/python3.8/site-packages/airflow/example_dags/example_bash_operator.py for tasks to queue
[2021-12-07 13:41:19,021] {logging_mixin.py:109} INFO - [2021-12-07 13:41:19,021] {dagbag.py:500} INFO - Filling up the DagBag from /Users/ballakeerthi/opt/anaconda3/lib/python3.8/site-packages/airflow/example_dags/example_bash_operator.py
[2021-12-07 13:41:19,051] {processor.py:637} INFO - DAG(s) dict_keys(['example_bash_operator']) retrieved from /Users/ballakeerthi/opt/anaconda3/lib/python3.8/site-packages/airflow/example_dags/example_bash_operator.py
[2021-12-07 13:41:19,064] {logging_mixin.py:109} INFO - [2021-12-07 13:41:19,064] {dag.py:2396} INFO - Sync 1 DAGs
[2021-12-07 13:41:19,072] {logging_mixin.py:109} INFO - [2021-12-07 13:41:19,072] {dag.py:2928} INFO - Setting next_dagrun for example_bash_operator to 2021-12-06T00:00:00+00:00
[2021-12-07 13:41:19,081] {processor.py:171} INFO - Processing /Users/ballakeerthi/opt/anaconda3/lib/python3.8/site-packages/airflow/example_dags/example_bash_operator.py took 0.061 seconds
[2021-12-07 13:44:02,743] {processor.py:163} INFO - Started process (PID=7928) to work on /Users/ballakeerthi/opt/anaconda3/lib/python3.8/site-packages/airflow/example_dags/example_bash_operator.py
[2021-12-07 13:44:02,750] {processor.py:625} INFO - Processing file /Users/ballakeerthi/opt/anaconda3/lib/python3.8/site-packages/airflow/example_dags/example_bash_operator.py for tasks to queue
[2021-12-07 13:44:02,750] {logging_mixin.py:109} INFO - [2021-12-07 13:44:02,750] {dagbag.py:500} INFO - Filling up the DagBag from /Users/ballakeerthi/opt/anaconda3/lib/python3.8/site-packages/airflow/example_dags/example_bash_operator.py
[2021-12-07 13:44:02,780] {processor.py:637} INFO - DAG(s) dict_keys(['example_bash_operator']) retrieved from /Users/ballakeerthi/opt/anaconda3/lib/python3.8/site-packages/airflow/example_dags/example_bash_operator.py
[2021-12-07 13:44:02,794] {logging_mixin.py:109} INFO - [2021-12-07 13:44:02,794] {dag.py:2396} INFO - Sync 1 DAGs
[2021-12-07 13:44:02,802] {logging_mixin.py:109} INFO - [2021-12-07 13:44:02,802] {dag.py:2928} INFO - Setting next_dagrun for example_bash_operator to 2021-12-06T00:00:00+00:00
[2021-12-07 13:44:02,810] {processor.py:171} INFO - Processing /Users/ballakeerthi/opt/anaconda3/lib/python3.8/site-packages/airflow/example_dags/example_bash_operator.py took 0.067 seconds
