[2021-12-07 10:56:33,256] {processor.py:163} INFO - Started process (PID=2712) to work on /Users/ballakeerthi/opt/anaconda3/envs/airflow/lib/python3.9/site-packages/airflow/example_dags/example_branch_operator.py
[2021-12-07 10:56:33,256] {processor.py:625} INFO - Processing file /Users/ballakeerthi/opt/anaconda3/envs/airflow/lib/python3.9/site-packages/airflow/example_dags/example_branch_operator.py for tasks to queue
[2021-12-07 10:56:33,258] {logging_mixin.py:109} INFO - [2021-12-07 10:56:33,257] {dagbag.py:500} INFO - Filling up the DagBag from /Users/ballakeerthi/opt/anaconda3/envs/airflow/lib/python3.9/site-packages/airflow/example_dags/example_branch_operator.py
[2021-12-07 10:56:33,305] {processor.py:637} INFO - DAG(s) dict_keys(['example_branch_operator']) retrieved from /Users/ballakeerthi/opt/anaconda3/envs/airflow/lib/python3.9/site-packages/airflow/example_dags/example_branch_operator.py
[2021-12-07 10:56:33,320] {logging_mixin.py:109} INFO - [2021-12-07 10:56:33,320] {dag.py:2396} INFO - Sync 1 DAGs
[2021-12-07 10:56:33,328] {logging_mixin.py:109} INFO - [2021-12-07 10:56:33,328] {dag.py:2928} INFO - Setting next_dagrun for example_branch_operator to 2021-12-06 00:00:00+00:00
[2021-12-07 10:56:33,337] {processor.py:171} INFO - Processing /Users/ballakeerthi/opt/anaconda3/envs/airflow/lib/python3.9/site-packages/airflow/example_dags/example_branch_operator.py took 0.081 seconds
[2021-12-07 10:59:18,977] {processor.py:163} INFO - Started process (PID=3013) to work on /Users/ballakeerthi/opt/anaconda3/envs/airflow/lib/python3.9/site-packages/airflow/example_dags/example_branch_operator.py
[2021-12-07 10:59:18,978] {processor.py:625} INFO - Processing file /Users/ballakeerthi/opt/anaconda3/envs/airflow/lib/python3.9/site-packages/airflow/example_dags/example_branch_operator.py for tasks to queue
[2021-12-07 10:59:18,981] {logging_mixin.py:109} INFO - [2021-12-07 10:59:18,981] {dagbag.py:500} INFO - Filling up the DagBag from /Users/ballakeerthi/opt/anaconda3/envs/airflow/lib/python3.9/site-packages/airflow/example_dags/example_branch_operator.py
[2021-12-07 10:59:19,045] {processor.py:637} INFO - DAG(s) dict_keys(['example_branch_operator']) retrieved from /Users/ballakeerthi/opt/anaconda3/envs/airflow/lib/python3.9/site-packages/airflow/example_dags/example_branch_operator.py
[2021-12-07 10:59:19,068] {logging_mixin.py:109} INFO - [2021-12-07 10:59:19,068] {dag.py:2396} INFO - Sync 1 DAGs
[2021-12-07 10:59:19,080] {logging_mixin.py:109} INFO - [2021-12-07 10:59:19,080] {dag.py:2928} INFO - Setting next_dagrun for example_branch_operator to 2021-12-06 00:00:00+00:00
[2021-12-07 10:59:19,089] {processor.py:171} INFO - Processing /Users/ballakeerthi/opt/anaconda3/envs/airflow/lib/python3.9/site-packages/airflow/example_dags/example_branch_operator.py took 0.114 seconds
[2021-12-07 11:02:24,703] {processor.py:163} INFO - Started process (PID=3264) to work on /Users/ballakeerthi/opt/anaconda3/envs/airflow/lib/python3.9/site-packages/airflow/example_dags/example_branch_operator.py
[2021-12-07 11:02:24,704] {processor.py:625} INFO - Processing file /Users/ballakeerthi/opt/anaconda3/envs/airflow/lib/python3.9/site-packages/airflow/example_dags/example_branch_operator.py for tasks to queue
[2021-12-07 11:02:24,706] {logging_mixin.py:109} INFO - [2021-12-07 11:02:24,706] {dagbag.py:500} INFO - Filling up the DagBag from /Users/ballakeerthi/opt/anaconda3/envs/airflow/lib/python3.9/site-packages/airflow/example_dags/example_branch_operator.py
[2021-12-07 11:02:24,744] {processor.py:637} INFO - DAG(s) dict_keys(['example_branch_operator']) retrieved from /Users/ballakeerthi/opt/anaconda3/envs/airflow/lib/python3.9/site-packages/airflow/example_dags/example_branch_operator.py
[2021-12-07 11:02:24,759] {logging_mixin.py:109} INFO - [2021-12-07 11:02:24,758] {dag.py:2396} INFO - Sync 1 DAGs
[2021-12-07 11:02:24,768] {logging_mixin.py:109} INFO - [2021-12-07 11:02:24,768] {dag.py:2928} INFO - Setting next_dagrun for example_branch_operator to 2021-12-06 00:00:00+00:00
[2021-12-07 11:02:24,776] {processor.py:171} INFO - Processing /Users/ballakeerthi/opt/anaconda3/envs/airflow/lib/python3.9/site-packages/airflow/example_dags/example_branch_operator.py took 0.074 seconds
[2021-12-07 11:05:02,965] {processor.py:163} INFO - Started process (PID=3507) to work on /Users/ballakeerthi/opt/anaconda3/envs/airflow/lib/python3.9/site-packages/airflow/example_dags/example_branch_operator.py
[2021-12-07 11:05:02,966] {processor.py:625} INFO - Processing file /Users/ballakeerthi/opt/anaconda3/envs/airflow/lib/python3.9/site-packages/airflow/example_dags/example_branch_operator.py for tasks to queue
[2021-12-07 11:05:02,968] {logging_mixin.py:109} INFO - [2021-12-07 11:05:02,968] {dagbag.py:500} INFO - Filling up the DagBag from /Users/ballakeerthi/opt/anaconda3/envs/airflow/lib/python3.9/site-packages/airflow/example_dags/example_branch_operator.py
[2021-12-07 11:05:03,013] {processor.py:637} INFO - DAG(s) dict_keys(['example_branch_operator']) retrieved from /Users/ballakeerthi/opt/anaconda3/envs/airflow/lib/python3.9/site-packages/airflow/example_dags/example_branch_operator.py
[2021-12-07 11:05:03,032] {logging_mixin.py:109} INFO - [2021-12-07 11:05:03,032] {dag.py:2396} INFO - Sync 1 DAGs
[2021-12-07 11:05:03,043] {logging_mixin.py:109} INFO - [2021-12-07 11:05:03,042] {dag.py:2928} INFO - Setting next_dagrun for example_branch_operator to 2021-12-06 00:00:00+00:00
[2021-12-07 11:05:03,051] {processor.py:171} INFO - Processing /Users/ballakeerthi/opt/anaconda3/envs/airflow/lib/python3.9/site-packages/airflow/example_dags/example_branch_operator.py took 0.086 seconds
[2021-12-07 11:09:28,759] {processor.py:163} INFO - Started process (PID=3630) to work on /Users/ballakeerthi/opt/anaconda3/lib/python3.8/site-packages/airflow/example_dags/example_branch_operator.py
[2021-12-07 11:09:28,761] {processor.py:625} INFO - Processing file /Users/ballakeerthi/opt/anaconda3/lib/python3.8/site-packages/airflow/example_dags/example_branch_operator.py for tasks to queue
[2021-12-07 11:09:28,762] {logging_mixin.py:109} INFO - [2021-12-07 11:09:28,762] {dagbag.py:500} INFO - Filling up the DagBag from /Users/ballakeerthi/opt/anaconda3/lib/python3.8/site-packages/airflow/example_dags/example_branch_operator.py
[2021-12-07 11:09:28,804] {processor.py:637} INFO - DAG(s) dict_keys(['example_branch_operator']) retrieved from /Users/ballakeerthi/opt/anaconda3/lib/python3.8/site-packages/airflow/example_dags/example_branch_operator.py
[2021-12-07 11:09:29,019] {logging_mixin.py:109} INFO - [2021-12-07 11:09:29,019] {dag.py:2396} INFO - Sync 1 DAGs
[2021-12-07 11:09:29,027] {logging_mixin.py:109} INFO - [2021-12-07 11:09:29,027] {dag.py:2928} INFO - Setting next_dagrun for example_branch_operator to 2021-12-06 00:00:00+00:00
[2021-12-07 11:09:29,038] {processor.py:171} INFO - Processing /Users/ballakeerthi/opt/anaconda3/lib/python3.8/site-packages/airflow/example_dags/example_branch_operator.py took 0.280 seconds
[2021-12-07 11:11:34,911] {processor.py:163} INFO - Started process (PID=3719) to work on /Users/ballakeerthi/opt/anaconda3/lib/python3.8/site-packages/airflow/example_dags/example_branch_operator.py
[2021-12-07 11:11:34,916] {processor.py:625} INFO - Processing file /Users/ballakeerthi/opt/anaconda3/lib/python3.8/site-packages/airflow/example_dags/example_branch_operator.py for tasks to queue
[2021-12-07 11:11:34,917] {logging_mixin.py:109} INFO - [2021-12-07 11:11:34,917] {dagbag.py:500} INFO - Filling up the DagBag from /Users/ballakeerthi/opt/anaconda3/lib/python3.8/site-packages/airflow/example_dags/example_branch_operator.py
[2021-12-07 11:11:34,956] {processor.py:637} INFO - DAG(s) dict_keys(['example_branch_operator']) retrieved from /Users/ballakeerthi/opt/anaconda3/lib/python3.8/site-packages/airflow/example_dags/example_branch_operator.py
[2021-12-07 11:11:34,973] {logging_mixin.py:109} INFO - [2021-12-07 11:11:34,973] {dag.py:2396} INFO - Sync 1 DAGs
[2021-12-07 11:11:34,982] {logging_mixin.py:109} INFO - [2021-12-07 11:11:34,982] {dag.py:2928} INFO - Setting next_dagrun for example_branch_operator to 2021-12-06 00:00:00+00:00
[2021-12-07 11:11:34,990] {processor.py:171} INFO - Processing /Users/ballakeerthi/opt/anaconda3/lib/python3.8/site-packages/airflow/example_dags/example_branch_operator.py took 0.080 seconds
[2021-12-07 11:14:19,508] {processor.py:163} INFO - Started process (PID=3841) to work on /Users/ballakeerthi/opt/anaconda3/lib/python3.8/site-packages/airflow/example_dags/example_branch_operator.py
[2021-12-07 11:14:19,514] {processor.py:625} INFO - Processing file /Users/ballakeerthi/opt/anaconda3/lib/python3.8/site-packages/airflow/example_dags/example_branch_operator.py for tasks to queue
[2021-12-07 11:14:19,514] {logging_mixin.py:109} INFO - [2021-12-07 11:14:19,514] {dagbag.py:500} INFO - Filling up the DagBag from /Users/ballakeerthi/opt/anaconda3/lib/python3.8/site-packages/airflow/example_dags/example_branch_operator.py
[2021-12-07 11:14:19,551] {processor.py:637} INFO - DAG(s) dict_keys(['example_branch_operator']) retrieved from /Users/ballakeerthi/opt/anaconda3/lib/python3.8/site-packages/airflow/example_dags/example_branch_operator.py
[2021-12-07 11:14:19,566] {logging_mixin.py:109} INFO - [2021-12-07 11:14:19,565] {dag.py:2396} INFO - Sync 1 DAGs
[2021-12-07 11:14:19,573] {logging_mixin.py:109} INFO - [2021-12-07 11:14:19,573] {dag.py:2928} INFO - Setting next_dagrun for example_branch_operator to 2021-12-06 00:00:00+00:00
[2021-12-07 11:14:19,582] {processor.py:171} INFO - Processing /Users/ballakeerthi/opt/anaconda3/lib/python3.8/site-packages/airflow/example_dags/example_branch_operator.py took 0.074 seconds
[2021-12-07 11:16:57,441] {processor.py:163} INFO - Started process (PID=3954) to work on /Users/ballakeerthi/opt/anaconda3/lib/python3.8/site-packages/airflow/example_dags/example_branch_operator.py
[2021-12-07 11:16:57,442] {processor.py:625} INFO - Processing file /Users/ballakeerthi/opt/anaconda3/lib/python3.8/site-packages/airflow/example_dags/example_branch_operator.py for tasks to queue
[2021-12-07 11:16:57,443] {logging_mixin.py:109} INFO - [2021-12-07 11:16:57,443] {dagbag.py:500} INFO - Filling up the DagBag from /Users/ballakeerthi/opt/anaconda3/lib/python3.8/site-packages/airflow/example_dags/example_branch_operator.py
[2021-12-07 11:16:57,518] {processor.py:637} INFO - DAG(s) dict_keys(['example_branch_operator']) retrieved from /Users/ballakeerthi/opt/anaconda3/lib/python3.8/site-packages/airflow/example_dags/example_branch_operator.py
[2021-12-07 11:16:57,618] {logging_mixin.py:109} INFO - [2021-12-07 11:16:57,618] {dag.py:2396} INFO - Sync 1 DAGs
[2021-12-07 11:16:57,644] {logging_mixin.py:109} INFO - [2021-12-07 11:16:57,644] {dag.py:2928} INFO - Setting next_dagrun for example_branch_operator to 2021-12-06 00:00:00+00:00
[2021-12-07 11:16:57,653] {processor.py:171} INFO - Processing /Users/ballakeerthi/opt/anaconda3/lib/python3.8/site-packages/airflow/example_dags/example_branch_operator.py took 0.213 seconds
[2021-12-07 11:19:34,893] {processor.py:163} INFO - Started process (PID=4064) to work on /Users/ballakeerthi/opt/anaconda3/lib/python3.8/site-packages/airflow/example_dags/example_branch_operator.py
[2021-12-07 11:19:34,898] {processor.py:625} INFO - Processing file /Users/ballakeerthi/opt/anaconda3/lib/python3.8/site-packages/airflow/example_dags/example_branch_operator.py for tasks to queue
[2021-12-07 11:19:34,899] {logging_mixin.py:109} INFO - [2021-12-07 11:19:34,899] {dagbag.py:500} INFO - Filling up the DagBag from /Users/ballakeerthi/opt/anaconda3/lib/python3.8/site-packages/airflow/example_dags/example_branch_operator.py
[2021-12-07 11:19:35,025] {processor.py:637} INFO - DAG(s) dict_keys(['example_branch_operator']) retrieved from /Users/ballakeerthi/opt/anaconda3/lib/python3.8/site-packages/airflow/example_dags/example_branch_operator.py
[2021-12-07 11:19:35,046] {logging_mixin.py:109} INFO - [2021-12-07 11:19:35,046] {dag.py:2396} INFO - Sync 1 DAGs
[2021-12-07 11:19:35,058] {logging_mixin.py:109} INFO - [2021-12-07 11:19:35,058] {dag.py:2928} INFO - Setting next_dagrun for example_branch_operator to 2021-12-06 00:00:00+00:00
[2021-12-07 11:19:35,072] {processor.py:171} INFO - Processing /Users/ballakeerthi/opt/anaconda3/lib/python3.8/site-packages/airflow/example_dags/example_branch_operator.py took 0.179 seconds
[2021-12-07 11:22:27,695] {processor.py:163} INFO - Started process (PID=4220) to work on /Users/ballakeerthi/opt/anaconda3/lib/python3.8/site-packages/airflow/example_dags/example_branch_operator.py
[2021-12-07 11:22:27,697] {processor.py:625} INFO - Processing file /Users/ballakeerthi/opt/anaconda3/lib/python3.8/site-packages/airflow/example_dags/example_branch_operator.py for tasks to queue
[2021-12-07 11:22:27,698] {logging_mixin.py:109} INFO - [2021-12-07 11:22:27,698] {dagbag.py:500} INFO - Filling up the DagBag from /Users/ballakeerthi/opt/anaconda3/lib/python3.8/site-packages/airflow/example_dags/example_branch_operator.py
[2021-12-07 11:22:27,751] {processor.py:637} INFO - DAG(s) dict_keys(['example_branch_operator']) retrieved from /Users/ballakeerthi/opt/anaconda3/lib/python3.8/site-packages/airflow/example_dags/example_branch_operator.py
[2021-12-07 11:22:27,772] {logging_mixin.py:109} INFO - [2021-12-07 11:22:27,772] {dag.py:2396} INFO - Sync 1 DAGs
[2021-12-07 11:22:27,783] {logging_mixin.py:109} INFO - [2021-12-07 11:22:27,783] {dag.py:2928} INFO - Setting next_dagrun for example_branch_operator to 2021-12-06 00:00:00+00:00
[2021-12-07 11:22:27,793] {processor.py:171} INFO - Processing /Users/ballakeerthi/opt/anaconda3/lib/python3.8/site-packages/airflow/example_dags/example_branch_operator.py took 0.099 seconds
[2021-12-07 11:25:10,713] {processor.py:163} INFO - Started process (PID=4347) to work on /Users/ballakeerthi/opt/anaconda3/lib/python3.8/site-packages/airflow/example_dags/example_branch_operator.py
[2021-12-07 11:25:10,716] {processor.py:625} INFO - Processing file /Users/ballakeerthi/opt/anaconda3/lib/python3.8/site-packages/airflow/example_dags/example_branch_operator.py for tasks to queue
[2021-12-07 11:25:10,717] {logging_mixin.py:109} INFO - [2021-12-07 11:25:10,717] {dagbag.py:500} INFO - Filling up the DagBag from /Users/ballakeerthi/opt/anaconda3/lib/python3.8/site-packages/airflow/example_dags/example_branch_operator.py
[2021-12-07 11:25:10,784] {processor.py:637} INFO - DAG(s) dict_keys(['example_branch_operator']) retrieved from /Users/ballakeerthi/opt/anaconda3/lib/python3.8/site-packages/airflow/example_dags/example_branch_operator.py
[2021-12-07 11:25:10,800] {logging_mixin.py:109} INFO - [2021-12-07 11:25:10,799] {dag.py:2396} INFO - Sync 1 DAGs
[2021-12-07 11:25:10,807] {logging_mixin.py:109} INFO - [2021-12-07 11:25:10,807] {dag.py:2928} INFO - Setting next_dagrun for example_branch_operator to 2021-12-06 00:00:00+00:00
[2021-12-07 11:25:10,816] {processor.py:171} INFO - Processing /Users/ballakeerthi/opt/anaconda3/lib/python3.8/site-packages/airflow/example_dags/example_branch_operator.py took 0.104 seconds
[2021-12-07 11:28:03,955] {processor.py:163} INFO - Started process (PID=4466) to work on /Users/ballakeerthi/opt/anaconda3/lib/python3.8/site-packages/airflow/example_dags/example_branch_operator.py
[2021-12-07 11:28:03,961] {processor.py:625} INFO - Processing file /Users/ballakeerthi/opt/anaconda3/lib/python3.8/site-packages/airflow/example_dags/example_branch_operator.py for tasks to queue
[2021-12-07 11:28:03,961] {logging_mixin.py:109} INFO - [2021-12-07 11:28:03,961] {dagbag.py:500} INFO - Filling up the DagBag from /Users/ballakeerthi/opt/anaconda3/lib/python3.8/site-packages/airflow/example_dags/example_branch_operator.py
[2021-12-07 11:28:04,003] {processor.py:637} INFO - DAG(s) dict_keys(['example_branch_operator']) retrieved from /Users/ballakeerthi/opt/anaconda3/lib/python3.8/site-packages/airflow/example_dags/example_branch_operator.py
[2021-12-07 11:28:04,018] {logging_mixin.py:109} INFO - [2021-12-07 11:28:04,018] {dag.py:2396} INFO - Sync 1 DAGs
[2021-12-07 11:28:04,026] {logging_mixin.py:109} INFO - [2021-12-07 11:28:04,026] {dag.py:2928} INFO - Setting next_dagrun for example_branch_operator to 2021-12-06 00:00:00+00:00
[2021-12-07 11:28:04,034] {processor.py:171} INFO - Processing /Users/ballakeerthi/opt/anaconda3/lib/python3.8/site-packages/airflow/example_dags/example_branch_operator.py took 0.080 seconds
[2021-12-07 11:31:16,663] {processor.py:163} INFO - Started process (PID=4724) to work on /Users/ballakeerthi/opt/anaconda3/lib/python3.8/site-packages/airflow/example_dags/example_branch_operator.py
[2021-12-07 11:31:16,665] {processor.py:625} INFO - Processing file /Users/ballakeerthi/opt/anaconda3/lib/python3.8/site-packages/airflow/example_dags/example_branch_operator.py for tasks to queue
[2021-12-07 11:31:16,665] {logging_mixin.py:109} INFO - [2021-12-07 11:31:16,665] {dagbag.py:500} INFO - Filling up the DagBag from /Users/ballakeerthi/opt/anaconda3/lib/python3.8/site-packages/airflow/example_dags/example_branch_operator.py
[2021-12-07 11:31:16,707] {processor.py:637} INFO - DAG(s) dict_keys(['example_branch_operator']) retrieved from /Users/ballakeerthi/opt/anaconda3/lib/python3.8/site-packages/airflow/example_dags/example_branch_operator.py
[2021-12-07 11:31:16,721] {logging_mixin.py:109} INFO - [2021-12-07 11:31:16,720] {dag.py:2396} INFO - Sync 1 DAGs
[2021-12-07 11:31:16,729] {logging_mixin.py:109} INFO - [2021-12-07 11:31:16,729] {dag.py:2928} INFO - Setting next_dagrun for example_branch_operator to 2021-12-06 00:00:00+00:00
[2021-12-07 11:31:16,738] {processor.py:171} INFO - Processing /Users/ballakeerthi/opt/anaconda3/lib/python3.8/site-packages/airflow/example_dags/example_branch_operator.py took 0.076 seconds
[2021-12-07 11:34:49,096] {processor.py:163} INFO - Started process (PID=4877) to work on /Users/ballakeerthi/opt/anaconda3/lib/python3.8/site-packages/airflow/example_dags/example_branch_operator.py
[2021-12-07 11:34:49,097] {processor.py:625} INFO - Processing file /Users/ballakeerthi/opt/anaconda3/lib/python3.8/site-packages/airflow/example_dags/example_branch_operator.py for tasks to queue
[2021-12-07 11:34:49,097] {logging_mixin.py:109} INFO - [2021-12-07 11:34:49,097] {dagbag.py:500} INFO - Filling up the DagBag from /Users/ballakeerthi/opt/anaconda3/lib/python3.8/site-packages/airflow/example_dags/example_branch_operator.py
[2021-12-07 11:34:49,142] {processor.py:637} INFO - DAG(s) dict_keys(['example_branch_operator']) retrieved from /Users/ballakeerthi/opt/anaconda3/lib/python3.8/site-packages/airflow/example_dags/example_branch_operator.py
[2021-12-07 11:34:49,157] {logging_mixin.py:109} INFO - [2021-12-07 11:34:49,157] {dag.py:2396} INFO - Sync 1 DAGs
[2021-12-07 11:34:49,173] {logging_mixin.py:109} INFO - [2021-12-07 11:34:49,172] {dag.py:2928} INFO - Setting next_dagrun for example_branch_operator to 2021-12-06 00:00:00+00:00
[2021-12-07 11:34:49,181] {processor.py:171} INFO - Processing /Users/ballakeerthi/opt/anaconda3/lib/python3.8/site-packages/airflow/example_dags/example_branch_operator.py took 0.086 seconds
[2021-12-07 11:38:15,511] {processor.py:163} INFO - Started process (PID=5009) to work on /Users/ballakeerthi/opt/anaconda3/lib/python3.8/site-packages/airflow/example_dags/example_branch_operator.py
[2021-12-07 11:38:15,517] {processor.py:625} INFO - Processing file /Users/ballakeerthi/opt/anaconda3/lib/python3.8/site-packages/airflow/example_dags/example_branch_operator.py for tasks to queue
[2021-12-07 11:38:15,517] {logging_mixin.py:109} INFO - [2021-12-07 11:38:15,517] {dagbag.py:500} INFO - Filling up the DagBag from /Users/ballakeerthi/opt/anaconda3/lib/python3.8/site-packages/airflow/example_dags/example_branch_operator.py
[2021-12-07 11:38:15,559] {processor.py:637} INFO - DAG(s) dict_keys(['example_branch_operator']) retrieved from /Users/ballakeerthi/opt/anaconda3/lib/python3.8/site-packages/airflow/example_dags/example_branch_operator.py
[2021-12-07 11:38:15,575] {logging_mixin.py:109} INFO - [2021-12-07 11:38:15,575] {dag.py:2396} INFO - Sync 1 DAGs
[2021-12-07 11:38:15,584] {logging_mixin.py:109} INFO - [2021-12-07 11:38:15,584] {dag.py:2928} INFO - Setting next_dagrun for example_branch_operator to 2021-12-06 00:00:00+00:00
[2021-12-07 11:38:15,592] {processor.py:171} INFO - Processing /Users/ballakeerthi/opt/anaconda3/lib/python3.8/site-packages/airflow/example_dags/example_branch_operator.py took 0.082 seconds
[2021-12-07 11:41:02,155] {processor.py:163} INFO - Started process (PID=5119) to work on /Users/ballakeerthi/opt/anaconda3/lib/python3.8/site-packages/airflow/example_dags/example_branch_operator.py
[2021-12-07 11:41:02,161] {processor.py:625} INFO - Processing file /Users/ballakeerthi/opt/anaconda3/lib/python3.8/site-packages/airflow/example_dags/example_branch_operator.py for tasks to queue
[2021-12-07 11:41:02,162] {logging_mixin.py:109} INFO - [2021-12-07 11:41:02,161] {dagbag.py:500} INFO - Filling up the DagBag from /Users/ballakeerthi/opt/anaconda3/lib/python3.8/site-packages/airflow/example_dags/example_branch_operator.py
[2021-12-07 11:41:02,212] {processor.py:637} INFO - DAG(s) dict_keys(['example_branch_operator']) retrieved from /Users/ballakeerthi/opt/anaconda3/lib/python3.8/site-packages/airflow/example_dags/example_branch_operator.py
[2021-12-07 11:41:02,227] {logging_mixin.py:109} INFO - [2021-12-07 11:41:02,227] {dag.py:2396} INFO - Sync 1 DAGs
[2021-12-07 11:41:02,235] {logging_mixin.py:109} INFO - [2021-12-07 11:41:02,235] {dag.py:2928} INFO - Setting next_dagrun for example_branch_operator to 2021-12-06 00:00:00+00:00
[2021-12-07 11:41:02,244] {processor.py:171} INFO - Processing /Users/ballakeerthi/opt/anaconda3/lib/python3.8/site-packages/airflow/example_dags/example_branch_operator.py took 0.090 seconds
[2021-12-07 11:44:14,200] {processor.py:163} INFO - Started process (PID=5234) to work on /Users/ballakeerthi/opt/anaconda3/lib/python3.8/site-packages/airflow/example_dags/example_branch_operator.py
[2021-12-07 11:44:14,206] {processor.py:625} INFO - Processing file /Users/ballakeerthi/opt/anaconda3/lib/python3.8/site-packages/airflow/example_dags/example_branch_operator.py for tasks to queue
[2021-12-07 11:44:14,206] {logging_mixin.py:109} INFO - [2021-12-07 11:44:14,206] {dagbag.py:500} INFO - Filling up the DagBag from /Users/ballakeerthi/opt/anaconda3/lib/python3.8/site-packages/airflow/example_dags/example_branch_operator.py
[2021-12-07 11:44:14,248] {processor.py:637} INFO - DAG(s) dict_keys(['example_branch_operator']) retrieved from /Users/ballakeerthi/opt/anaconda3/lib/python3.8/site-packages/airflow/example_dags/example_branch_operator.py
[2021-12-07 11:44:14,264] {logging_mixin.py:109} INFO - [2021-12-07 11:44:14,264] {dag.py:2396} INFO - Sync 1 DAGs
[2021-12-07 11:44:14,272] {logging_mixin.py:109} INFO - [2021-12-07 11:44:14,272] {dag.py:2928} INFO - Setting next_dagrun for example_branch_operator to 2021-12-06 00:00:00+00:00
[2021-12-07 11:44:14,278] {processor.py:171} INFO - Processing /Users/ballakeerthi/opt/anaconda3/lib/python3.8/site-packages/airflow/example_dags/example_branch_operator.py took 0.079 seconds
[2021-12-07 11:47:10,605] {processor.py:163} INFO - Started process (PID=5347) to work on /Users/ballakeerthi/opt/anaconda3/lib/python3.8/site-packages/airflow/example_dags/example_branch_operator.py
[2021-12-07 11:47:10,608] {processor.py:625} INFO - Processing file /Users/ballakeerthi/opt/anaconda3/lib/python3.8/site-packages/airflow/example_dags/example_branch_operator.py for tasks to queue
[2021-12-07 11:47:10,608] {logging_mixin.py:109} INFO - [2021-12-07 11:47:10,608] {dagbag.py:500} INFO - Filling up the DagBag from /Users/ballakeerthi/opt/anaconda3/lib/python3.8/site-packages/airflow/example_dags/example_branch_operator.py
[2021-12-07 11:47:10,672] {processor.py:637} INFO - DAG(s) dict_keys(['example_branch_operator']) retrieved from /Users/ballakeerthi/opt/anaconda3/lib/python3.8/site-packages/airflow/example_dags/example_branch_operator.py
[2021-12-07 11:47:10,694] {logging_mixin.py:109} INFO - [2021-12-07 11:47:10,694] {dag.py:2396} INFO - Sync 1 DAGs
[2021-12-07 11:47:10,714] {logging_mixin.py:109} INFO - [2021-12-07 11:47:10,713] {dag.py:2928} INFO - Setting next_dagrun for example_branch_operator to 2021-12-06 00:00:00+00:00
[2021-12-07 11:47:10,734] {processor.py:171} INFO - Processing /Users/ballakeerthi/opt/anaconda3/lib/python3.8/site-packages/airflow/example_dags/example_branch_operator.py took 0.130 seconds
[2021-12-07 11:51:06,395] {processor.py:163} INFO - Started process (PID=5490) to work on /Users/ballakeerthi/opt/anaconda3/lib/python3.8/site-packages/airflow/example_dags/example_branch_operator.py
[2021-12-07 11:51:06,398] {processor.py:625} INFO - Processing file /Users/ballakeerthi/opt/anaconda3/lib/python3.8/site-packages/airflow/example_dags/example_branch_operator.py for tasks to queue
[2021-12-07 11:51:06,398] {logging_mixin.py:109} INFO - [2021-12-07 11:51:06,398] {dagbag.py:500} INFO - Filling up the DagBag from /Users/ballakeerthi/opt/anaconda3/lib/python3.8/site-packages/airflow/example_dags/example_branch_operator.py
[2021-12-07 11:51:06,448] {processor.py:637} INFO - DAG(s) dict_keys(['example_branch_operator']) retrieved from /Users/ballakeerthi/opt/anaconda3/lib/python3.8/site-packages/airflow/example_dags/example_branch_operator.py
[2021-12-07 11:51:06,463] {logging_mixin.py:109} INFO - [2021-12-07 11:51:06,463] {dag.py:2396} INFO - Sync 1 DAGs
[2021-12-07 11:51:06,473] {logging_mixin.py:109} INFO - [2021-12-07 11:51:06,473] {dag.py:2928} INFO - Setting next_dagrun for example_branch_operator to 2021-12-06 00:00:00+00:00
[2021-12-07 11:51:06,482] {processor.py:171} INFO - Processing /Users/ballakeerthi/opt/anaconda3/lib/python3.8/site-packages/airflow/example_dags/example_branch_operator.py took 0.087 seconds
[2021-12-07 11:54:28,104] {processor.py:163} INFO - Started process (PID=5622) to work on /Users/ballakeerthi/opt/anaconda3/lib/python3.8/site-packages/airflow/example_dags/example_branch_operator.py
[2021-12-07 11:54:28,110] {processor.py:625} INFO - Processing file /Users/ballakeerthi/opt/anaconda3/lib/python3.8/site-packages/airflow/example_dags/example_branch_operator.py for tasks to queue
[2021-12-07 11:54:28,110] {logging_mixin.py:109} INFO - [2021-12-07 11:54:28,110] {dagbag.py:500} INFO - Filling up the DagBag from /Users/ballakeerthi/opt/anaconda3/lib/python3.8/site-packages/airflow/example_dags/example_branch_operator.py
[2021-12-07 11:54:28,156] {processor.py:637} INFO - DAG(s) dict_keys(['example_branch_operator']) retrieved from /Users/ballakeerthi/opt/anaconda3/lib/python3.8/site-packages/airflow/example_dags/example_branch_operator.py
[2021-12-07 11:54:28,172] {logging_mixin.py:109} INFO - [2021-12-07 11:54:28,172] {dag.py:2396} INFO - Sync 1 DAGs
[2021-12-07 11:54:28,179] {logging_mixin.py:109} INFO - [2021-12-07 11:54:28,179] {dag.py:2928} INFO - Setting next_dagrun for example_branch_operator to 2021-12-06 00:00:00+00:00
[2021-12-07 11:54:28,190] {processor.py:171} INFO - Processing /Users/ballakeerthi/opt/anaconda3/lib/python3.8/site-packages/airflow/example_dags/example_branch_operator.py took 0.086 seconds
[2021-12-07 11:57:18,596] {processor.py:163} INFO - Started process (PID=5755) to work on /Users/ballakeerthi/opt/anaconda3/lib/python3.8/site-packages/airflow/example_dags/example_branch_operator.py
[2021-12-07 11:57:18,602] {processor.py:625} INFO - Processing file /Users/ballakeerthi/opt/anaconda3/lib/python3.8/site-packages/airflow/example_dags/example_branch_operator.py for tasks to queue
[2021-12-07 11:57:18,603] {logging_mixin.py:109} INFO - [2021-12-07 11:57:18,603] {dagbag.py:500} INFO - Filling up the DagBag from /Users/ballakeerthi/opt/anaconda3/lib/python3.8/site-packages/airflow/example_dags/example_branch_operator.py
[2021-12-07 11:57:18,644] {processor.py:637} INFO - DAG(s) dict_keys(['example_branch_operator']) retrieved from /Users/ballakeerthi/opt/anaconda3/lib/python3.8/site-packages/airflow/example_dags/example_branch_operator.py
[2021-12-07 11:57:18,665] {logging_mixin.py:109} INFO - [2021-12-07 11:57:18,664] {dag.py:2396} INFO - Sync 1 DAGs
[2021-12-07 11:57:18,673] {logging_mixin.py:109} INFO - [2021-12-07 11:57:18,673] {dag.py:2928} INFO - Setting next_dagrun for example_branch_operator to 2021-12-06 00:00:00+00:00
[2021-12-07 11:57:18,682] {processor.py:171} INFO - Processing /Users/ballakeerthi/opt/anaconda3/lib/python3.8/site-packages/airflow/example_dags/example_branch_operator.py took 0.086 seconds
[2021-12-07 12:00:20,834] {processor.py:163} INFO - Started process (PID=5883) to work on /Users/ballakeerthi/opt/anaconda3/lib/python3.8/site-packages/airflow/example_dags/example_branch_operator.py
[2021-12-07 12:00:20,840] {processor.py:625} INFO - Processing file /Users/ballakeerthi/opt/anaconda3/lib/python3.8/site-packages/airflow/example_dags/example_branch_operator.py for tasks to queue
[2021-12-07 12:00:20,841] {logging_mixin.py:109} INFO - [2021-12-07 12:00:20,841] {dagbag.py:500} INFO - Filling up the DagBag from /Users/ballakeerthi/opt/anaconda3/lib/python3.8/site-packages/airflow/example_dags/example_branch_operator.py
[2021-12-07 12:00:20,886] {processor.py:637} INFO - DAG(s) dict_keys(['example_branch_operator']) retrieved from /Users/ballakeerthi/opt/anaconda3/lib/python3.8/site-packages/airflow/example_dags/example_branch_operator.py
[2021-12-07 12:00:20,901] {logging_mixin.py:109} INFO - [2021-12-07 12:00:20,901] {dag.py:2396} INFO - Sync 1 DAGs
[2021-12-07 12:00:20,910] {logging_mixin.py:109} INFO - [2021-12-07 12:00:20,910] {dag.py:2928} INFO - Setting next_dagrun for example_branch_operator to 2021-12-06 00:00:00+00:00
[2021-12-07 12:00:20,920] {processor.py:171} INFO - Processing /Users/ballakeerthi/opt/anaconda3/lib/python3.8/site-packages/airflow/example_dags/example_branch_operator.py took 0.086 seconds
[2021-12-07 12:03:19,080] {processor.py:163} INFO - Started process (PID=5991) to work on /Users/ballakeerthi/opt/anaconda3/lib/python3.8/site-packages/airflow/example_dags/example_branch_operator.py
[2021-12-07 12:03:19,086] {processor.py:625} INFO - Processing file /Users/ballakeerthi/opt/anaconda3/lib/python3.8/site-packages/airflow/example_dags/example_branch_operator.py for tasks to queue
[2021-12-07 12:03:19,087] {logging_mixin.py:109} INFO - [2021-12-07 12:03:19,086] {dagbag.py:500} INFO - Filling up the DagBag from /Users/ballakeerthi/opt/anaconda3/lib/python3.8/site-packages/airflow/example_dags/example_branch_operator.py
[2021-12-07 12:03:19,124] {processor.py:637} INFO - DAG(s) dict_keys(['example_branch_operator']) retrieved from /Users/ballakeerthi/opt/anaconda3/lib/python3.8/site-packages/airflow/example_dags/example_branch_operator.py
[2021-12-07 12:03:19,145] {logging_mixin.py:109} INFO - [2021-12-07 12:03:19,145] {dag.py:2396} INFO - Sync 1 DAGs
[2021-12-07 12:03:19,155] {logging_mixin.py:109} INFO - [2021-12-07 12:03:19,155] {dag.py:2928} INFO - Setting next_dagrun for example_branch_operator to 2021-12-06 00:00:00+00:00
[2021-12-07 12:03:19,161] {processor.py:171} INFO - Processing /Users/ballakeerthi/opt/anaconda3/lib/python3.8/site-packages/airflow/example_dags/example_branch_operator.py took 0.081 seconds
[2021-12-07 12:06:25,874] {processor.py:163} INFO - Started process (PID=6109) to work on /Users/ballakeerthi/opt/anaconda3/lib/python3.8/site-packages/airflow/example_dags/example_branch_operator.py
[2021-12-07 12:06:25,880] {processor.py:625} INFO - Processing file /Users/ballakeerthi/opt/anaconda3/lib/python3.8/site-packages/airflow/example_dags/example_branch_operator.py for tasks to queue
[2021-12-07 12:06:25,881] {logging_mixin.py:109} INFO - [2021-12-07 12:06:25,881] {dagbag.py:500} INFO - Filling up the DagBag from /Users/ballakeerthi/opt/anaconda3/lib/python3.8/site-packages/airflow/example_dags/example_branch_operator.py
[2021-12-07 12:06:25,922] {processor.py:637} INFO - DAG(s) dict_keys(['example_branch_operator']) retrieved from /Users/ballakeerthi/opt/anaconda3/lib/python3.8/site-packages/airflow/example_dags/example_branch_operator.py
[2021-12-07 12:06:25,938] {logging_mixin.py:109} INFO - [2021-12-07 12:06:25,938] {dag.py:2396} INFO - Sync 1 DAGs
[2021-12-07 12:06:25,946] {logging_mixin.py:109} INFO - [2021-12-07 12:06:25,946] {dag.py:2928} INFO - Setting next_dagrun for example_branch_operator to 2021-12-06 00:00:00+00:00
[2021-12-07 12:06:25,954] {processor.py:171} INFO - Processing /Users/ballakeerthi/opt/anaconda3/lib/python3.8/site-packages/airflow/example_dags/example_branch_operator.py took 0.080 seconds
[2021-12-07 12:09:18,707] {processor.py:163} INFO - Started process (PID=6223) to work on /Users/ballakeerthi/opt/anaconda3/lib/python3.8/site-packages/airflow/example_dags/example_branch_operator.py
[2021-12-07 12:09:18,713] {processor.py:625} INFO - Processing file /Users/ballakeerthi/opt/anaconda3/lib/python3.8/site-packages/airflow/example_dags/example_branch_operator.py for tasks to queue
[2021-12-07 12:09:18,713] {logging_mixin.py:109} INFO - [2021-12-07 12:09:18,713] {dagbag.py:500} INFO - Filling up the DagBag from /Users/ballakeerthi/opt/anaconda3/lib/python3.8/site-packages/airflow/example_dags/example_branch_operator.py
[2021-12-07 12:09:18,764] {processor.py:637} INFO - DAG(s) dict_keys(['example_branch_operator']) retrieved from /Users/ballakeerthi/opt/anaconda3/lib/python3.8/site-packages/airflow/example_dags/example_branch_operator.py
[2021-12-07 12:09:18,781] {logging_mixin.py:109} INFO - [2021-12-07 12:09:18,780] {dag.py:2396} INFO - Sync 1 DAGs
[2021-12-07 12:09:18,790] {logging_mixin.py:109} INFO - [2021-12-07 12:09:18,790] {dag.py:2928} INFO - Setting next_dagrun for example_branch_operator to 2021-12-06 00:00:00+00:00
[2021-12-07 12:09:18,799] {processor.py:171} INFO - Processing /Users/ballakeerthi/opt/anaconda3/lib/python3.8/site-packages/airflow/example_dags/example_branch_operator.py took 0.092 seconds
[2021-12-07 12:12:11,074] {processor.py:163} INFO - Started process (PID=6333) to work on /Users/ballakeerthi/opt/anaconda3/lib/python3.8/site-packages/airflow/example_dags/example_branch_operator.py
[2021-12-07 12:12:11,079] {processor.py:625} INFO - Processing file /Users/ballakeerthi/opt/anaconda3/lib/python3.8/site-packages/airflow/example_dags/example_branch_operator.py for tasks to queue
[2021-12-07 12:12:11,080] {logging_mixin.py:109} INFO - [2021-12-07 12:12:11,080] {dagbag.py:500} INFO - Filling up the DagBag from /Users/ballakeerthi/opt/anaconda3/lib/python3.8/site-packages/airflow/example_dags/example_branch_operator.py
[2021-12-07 12:12:11,125] {processor.py:637} INFO - DAG(s) dict_keys(['example_branch_operator']) retrieved from /Users/ballakeerthi/opt/anaconda3/lib/python3.8/site-packages/airflow/example_dags/example_branch_operator.py
[2021-12-07 12:12:11,140] {logging_mixin.py:109} INFO - [2021-12-07 12:12:11,140] {dag.py:2396} INFO - Sync 1 DAGs
[2021-12-07 12:12:11,150] {logging_mixin.py:109} INFO - [2021-12-07 12:12:11,150] {dag.py:2928} INFO - Setting next_dagrun for example_branch_operator to 2021-12-06 00:00:00+00:00
[2021-12-07 12:12:11,159] {processor.py:171} INFO - Processing /Users/ballakeerthi/opt/anaconda3/lib/python3.8/site-packages/airflow/example_dags/example_branch_operator.py took 0.086 seconds
[2021-12-07 12:15:03,848] {processor.py:163} INFO - Started process (PID=6442) to work on /Users/ballakeerthi/opt/anaconda3/lib/python3.8/site-packages/airflow/example_dags/example_branch_operator.py
[2021-12-07 12:15:03,848] {processor.py:625} INFO - Processing file /Users/ballakeerthi/opt/anaconda3/lib/python3.8/site-packages/airflow/example_dags/example_branch_operator.py for tasks to queue
[2021-12-07 12:15:03,849] {logging_mixin.py:109} INFO - [2021-12-07 12:15:03,849] {dagbag.py:500} INFO - Filling up the DagBag from /Users/ballakeerthi/opt/anaconda3/lib/python3.8/site-packages/airflow/example_dags/example_branch_operator.py
[2021-12-07 12:15:03,915] {processor.py:637} INFO - DAG(s) dict_keys(['example_branch_operator']) retrieved from /Users/ballakeerthi/opt/anaconda3/lib/python3.8/site-packages/airflow/example_dags/example_branch_operator.py
[2021-12-07 12:15:03,937] {logging_mixin.py:109} INFO - [2021-12-07 12:15:03,937] {dag.py:2396} INFO - Sync 1 DAGs
[2021-12-07 12:15:03,948] {logging_mixin.py:109} INFO - [2021-12-07 12:15:03,948] {dag.py:2928} INFO - Setting next_dagrun for example_branch_operator to 2021-12-06 00:00:00+00:00
[2021-12-07 12:15:03,956] {processor.py:171} INFO - Processing /Users/ballakeerthi/opt/anaconda3/lib/python3.8/site-packages/airflow/example_dags/example_branch_operator.py took 0.109 seconds
[2021-12-07 12:18:04,901] {processor.py:163} INFO - Started process (PID=6554) to work on /Users/ballakeerthi/opt/anaconda3/lib/python3.8/site-packages/airflow/example_dags/example_branch_operator.py
[2021-12-07 12:18:04,902] {processor.py:625} INFO - Processing file /Users/ballakeerthi/opt/anaconda3/lib/python3.8/site-packages/airflow/example_dags/example_branch_operator.py for tasks to queue
[2021-12-07 12:18:04,903] {logging_mixin.py:109} INFO - [2021-12-07 12:18:04,902] {dagbag.py:500} INFO - Filling up the DagBag from /Users/ballakeerthi/opt/anaconda3/lib/python3.8/site-packages/airflow/example_dags/example_branch_operator.py
[2021-12-07 12:18:04,954] {processor.py:637} INFO - DAG(s) dict_keys(['example_branch_operator']) retrieved from /Users/ballakeerthi/opt/anaconda3/lib/python3.8/site-packages/airflow/example_dags/example_branch_operator.py
[2021-12-07 12:18:04,972] {logging_mixin.py:109} INFO - [2021-12-07 12:18:04,972] {dag.py:2396} INFO - Sync 1 DAGs
[2021-12-07 12:18:04,982] {logging_mixin.py:109} INFO - [2021-12-07 12:18:04,982] {dag.py:2928} INFO - Setting next_dagrun for example_branch_operator to 2021-12-06 00:00:00+00:00
[2021-12-07 12:18:04,995] {processor.py:171} INFO - Processing /Users/ballakeerthi/opt/anaconda3/lib/python3.8/site-packages/airflow/example_dags/example_branch_operator.py took 0.095 seconds
[2021-12-07 12:21:05,443] {processor.py:163} INFO - Started process (PID=6664) to work on /Users/ballakeerthi/opt/anaconda3/lib/python3.8/site-packages/airflow/example_dags/example_branch_operator.py
[2021-12-07 12:21:05,448] {processor.py:625} INFO - Processing file /Users/ballakeerthi/opt/anaconda3/lib/python3.8/site-packages/airflow/example_dags/example_branch_operator.py for tasks to queue
[2021-12-07 12:21:05,449] {logging_mixin.py:109} INFO - [2021-12-07 12:21:05,449] {dagbag.py:500} INFO - Filling up the DagBag from /Users/ballakeerthi/opt/anaconda3/lib/python3.8/site-packages/airflow/example_dags/example_branch_operator.py
[2021-12-07 12:21:05,498] {processor.py:637} INFO - DAG(s) dict_keys(['example_branch_operator']) retrieved from /Users/ballakeerthi/opt/anaconda3/lib/python3.8/site-packages/airflow/example_dags/example_branch_operator.py
[2021-12-07 12:21:05,514] {logging_mixin.py:109} INFO - [2021-12-07 12:21:05,514] {dag.py:2396} INFO - Sync 1 DAGs
[2021-12-07 12:21:05,522] {logging_mixin.py:109} INFO - [2021-12-07 12:21:05,522] {dag.py:2928} INFO - Setting next_dagrun for example_branch_operator to 2021-12-06 00:00:00+00:00
[2021-12-07 12:21:05,531] {processor.py:171} INFO - Processing /Users/ballakeerthi/opt/anaconda3/lib/python3.8/site-packages/airflow/example_dags/example_branch_operator.py took 0.089 seconds
[2021-12-07 12:23:54,523] {processor.py:163} INFO - Started process (PID=6773) to work on /Users/ballakeerthi/opt/anaconda3/lib/python3.8/site-packages/airflow/example_dags/example_branch_operator.py
[2021-12-07 12:23:54,526] {processor.py:625} INFO - Processing file /Users/ballakeerthi/opt/anaconda3/lib/python3.8/site-packages/airflow/example_dags/example_branch_operator.py for tasks to queue
[2021-12-07 12:23:54,527] {logging_mixin.py:109} INFO - [2021-12-07 12:23:54,527] {dagbag.py:500} INFO - Filling up the DagBag from /Users/ballakeerthi/opt/anaconda3/lib/python3.8/site-packages/airflow/example_dags/example_branch_operator.py
[2021-12-07 12:23:54,573] {processor.py:637} INFO - DAG(s) dict_keys(['example_branch_operator']) retrieved from /Users/ballakeerthi/opt/anaconda3/lib/python3.8/site-packages/airflow/example_dags/example_branch_operator.py
[2021-12-07 12:23:54,589] {logging_mixin.py:109} INFO - [2021-12-07 12:23:54,589] {dag.py:2396} INFO - Sync 1 DAGs
[2021-12-07 12:23:54,600] {logging_mixin.py:109} INFO - [2021-12-07 12:23:54,600] {dag.py:2928} INFO - Setting next_dagrun for example_branch_operator to 2021-12-06 00:00:00+00:00
[2021-12-07 12:23:54,608] {processor.py:171} INFO - Processing /Users/ballakeerthi/opt/anaconda3/lib/python3.8/site-packages/airflow/example_dags/example_branch_operator.py took 0.086 seconds
[2021-12-07 13:23:44,771] {processor.py:163} INFO - Started process (PID=6933) to work on /Users/ballakeerthi/opt/anaconda3/lib/python3.8/site-packages/airflow/example_dags/example_branch_operator.py
[2021-12-07 13:23:44,772] {processor.py:625} INFO - Processing file /Users/ballakeerthi/opt/anaconda3/lib/python3.8/site-packages/airflow/example_dags/example_branch_operator.py for tasks to queue
[2021-12-07 13:23:44,773] {logging_mixin.py:109} INFO - [2021-12-07 13:23:44,772] {dagbag.py:500} INFO - Filling up the DagBag from /Users/ballakeerthi/opt/anaconda3/lib/python3.8/site-packages/airflow/example_dags/example_branch_operator.py
[2021-12-07 13:23:44,809] {processor.py:637} INFO - DAG(s) dict_keys(['example_branch_operator']) retrieved from /Users/ballakeerthi/opt/anaconda3/lib/python3.8/site-packages/airflow/example_dags/example_branch_operator.py
[2021-12-07 13:23:44,823] {logging_mixin.py:109} INFO - [2021-12-07 13:23:44,823] {dag.py:2396} INFO - Sync 1 DAGs
[2021-12-07 13:23:44,831] {logging_mixin.py:109} INFO - [2021-12-07 13:23:44,831] {dag.py:2928} INFO - Setting next_dagrun for example_branch_operator to 2021-12-06 00:00:00+00:00
[2021-12-07 13:23:44,836] {processor.py:171} INFO - Processing /Users/ballakeerthi/opt/anaconda3/lib/python3.8/site-packages/airflow/example_dags/example_branch_operator.py took 0.065 seconds
[2021-12-07 13:26:58,052] {processor.py:163} INFO - Started process (PID=7079) to work on /Users/ballakeerthi/opt/anaconda3/lib/python3.8/site-packages/airflow/example_dags/example_branch_operator.py
[2021-12-07 13:26:58,052] {processor.py:625} INFO - Processing file /Users/ballakeerthi/opt/anaconda3/lib/python3.8/site-packages/airflow/example_dags/example_branch_operator.py for tasks to queue
[2021-12-07 13:26:58,053] {logging_mixin.py:109} INFO - [2021-12-07 13:26:58,053] {dagbag.py:500} INFO - Filling up the DagBag from /Users/ballakeerthi/opt/anaconda3/lib/python3.8/site-packages/airflow/example_dags/example_branch_operator.py
[2021-12-07 13:26:58,089] {processor.py:637} INFO - DAG(s) dict_keys(['example_branch_operator']) retrieved from /Users/ballakeerthi/opt/anaconda3/lib/python3.8/site-packages/airflow/example_dags/example_branch_operator.py
[2021-12-07 13:26:58,102] {logging_mixin.py:109} INFO - [2021-12-07 13:26:58,102] {dag.py:2396} INFO - Sync 1 DAGs
[2021-12-07 13:26:58,110] {logging_mixin.py:109} INFO - [2021-12-07 13:26:58,109] {dag.py:2928} INFO - Setting next_dagrun for example_branch_operator to 2021-12-06 00:00:00+00:00
[2021-12-07 13:26:58,118] {processor.py:171} INFO - Processing /Users/ballakeerthi/opt/anaconda3/lib/python3.8/site-packages/airflow/example_dags/example_branch_operator.py took 0.067 seconds
[2021-12-07 13:29:24,270] {processor.py:163} INFO - Started process (PID=7184) to work on /Users/ballakeerthi/opt/anaconda3/lib/python3.8/site-packages/airflow/example_dags/example_branch_operator.py
[2021-12-07 13:29:24,276] {processor.py:625} INFO - Processing file /Users/ballakeerthi/opt/anaconda3/lib/python3.8/site-packages/airflow/example_dags/example_branch_operator.py for tasks to queue
[2021-12-07 13:29:24,276] {logging_mixin.py:109} INFO - [2021-12-07 13:29:24,276] {dagbag.py:500} INFO - Filling up the DagBag from /Users/ballakeerthi/opt/anaconda3/lib/python3.8/site-packages/airflow/example_dags/example_branch_operator.py
[2021-12-07 13:29:24,315] {processor.py:637} INFO - DAG(s) dict_keys(['example_branch_operator']) retrieved from /Users/ballakeerthi/opt/anaconda3/lib/python3.8/site-packages/airflow/example_dags/example_branch_operator.py
[2021-12-07 13:29:24,328] {logging_mixin.py:109} INFO - [2021-12-07 13:29:24,328] {dag.py:2396} INFO - Sync 1 DAGs
[2021-12-07 13:29:24,335] {logging_mixin.py:109} INFO - [2021-12-07 13:29:24,335] {dag.py:2928} INFO - Setting next_dagrun for example_branch_operator to 2021-12-06 00:00:00+00:00
[2021-12-07 13:29:24,345] {processor.py:171} INFO - Processing /Users/ballakeerthi/opt/anaconda3/lib/python3.8/site-packages/airflow/example_dags/example_branch_operator.py took 0.076 seconds
[2021-12-07 13:31:37,616] {processor.py:163} INFO - Started process (PID=7290) to work on /Users/ballakeerthi/opt/anaconda3/lib/python3.8/site-packages/airflow/example_dags/example_branch_operator.py
[2021-12-07 13:31:37,618] {processor.py:625} INFO - Processing file /Users/ballakeerthi/opt/anaconda3/lib/python3.8/site-packages/airflow/example_dags/example_branch_operator.py for tasks to queue
[2021-12-07 13:31:37,619] {logging_mixin.py:109} INFO - [2021-12-07 13:31:37,619] {dagbag.py:500} INFO - Filling up the DagBag from /Users/ballakeerthi/opt/anaconda3/lib/python3.8/site-packages/airflow/example_dags/example_branch_operator.py
[2021-12-07 13:31:37,654] {processor.py:637} INFO - DAG(s) dict_keys(['example_branch_operator']) retrieved from /Users/ballakeerthi/opt/anaconda3/lib/python3.8/site-packages/airflow/example_dags/example_branch_operator.py
[2021-12-07 13:31:37,667] {logging_mixin.py:109} INFO - [2021-12-07 13:31:37,667] {dag.py:2396} INFO - Sync 1 DAGs
[2021-12-07 13:31:37,674] {logging_mixin.py:109} INFO - [2021-12-07 13:31:37,674] {dag.py:2928} INFO - Setting next_dagrun for example_branch_operator to 2021-12-06 00:00:00+00:00
[2021-12-07 13:31:37,683] {processor.py:171} INFO - Processing /Users/ballakeerthi/opt/anaconda3/lib/python3.8/site-packages/airflow/example_dags/example_branch_operator.py took 0.067 seconds
[2021-12-07 13:34:06,279] {processor.py:163} INFO - Started process (PID=7400) to work on /Users/ballakeerthi/opt/anaconda3/lib/python3.8/site-packages/airflow/example_dags/example_branch_operator.py
[2021-12-07 13:34:06,282] {processor.py:625} INFO - Processing file /Users/ballakeerthi/opt/anaconda3/lib/python3.8/site-packages/airflow/example_dags/example_branch_operator.py for tasks to queue
[2021-12-07 13:34:06,282] {logging_mixin.py:109} INFO - [2021-12-07 13:34:06,282] {dagbag.py:500} INFO - Filling up the DagBag from /Users/ballakeerthi/opt/anaconda3/lib/python3.8/site-packages/airflow/example_dags/example_branch_operator.py
[2021-12-07 13:34:06,320] {processor.py:637} INFO - DAG(s) dict_keys(['example_branch_operator']) retrieved from /Users/ballakeerthi/opt/anaconda3/lib/python3.8/site-packages/airflow/example_dags/example_branch_operator.py
[2021-12-07 13:34:06,335] {logging_mixin.py:109} INFO - [2021-12-07 13:34:06,335] {dag.py:2396} INFO - Sync 1 DAGs
[2021-12-07 13:34:06,343] {logging_mixin.py:109} INFO - [2021-12-07 13:34:06,343] {dag.py:2928} INFO - Setting next_dagrun for example_branch_operator to 2021-12-06 00:00:00+00:00
[2021-12-07 13:34:06,349] {processor.py:171} INFO - Processing /Users/ballakeerthi/opt/anaconda3/lib/python3.8/site-packages/airflow/example_dags/example_branch_operator.py took 0.070 seconds
[2021-12-07 13:37:09,847] {processor.py:163} INFO - Started process (PID=7573) to work on /Users/ballakeerthi/opt/anaconda3/lib/python3.8/site-packages/airflow/example_dags/example_branch_operator.py
[2021-12-07 13:37:09,853] {processor.py:625} INFO - Processing file /Users/ballakeerthi/opt/anaconda3/lib/python3.8/site-packages/airflow/example_dags/example_branch_operator.py for tasks to queue
[2021-12-07 13:37:09,853] {logging_mixin.py:109} INFO - [2021-12-07 13:37:09,853] {dagbag.py:500} INFO - Filling up the DagBag from /Users/ballakeerthi/opt/anaconda3/lib/python3.8/site-packages/airflow/example_dags/example_branch_operator.py
[2021-12-07 13:37:09,893] {processor.py:637} INFO - DAG(s) dict_keys(['example_branch_operator']) retrieved from /Users/ballakeerthi/opt/anaconda3/lib/python3.8/site-packages/airflow/example_dags/example_branch_operator.py
[2021-12-07 13:37:09,913] {logging_mixin.py:109} INFO - [2021-12-07 13:37:09,913] {dag.py:2396} INFO - Sync 1 DAGs
[2021-12-07 13:37:09,922] {logging_mixin.py:109} INFO - [2021-12-07 13:37:09,922] {dag.py:2928} INFO - Setting next_dagrun for example_branch_operator to 2021-12-06 00:00:00+00:00
[2021-12-07 13:37:09,932] {processor.py:171} INFO - Processing /Users/ballakeerthi/opt/anaconda3/lib/python3.8/site-packages/airflow/example_dags/example_branch_operator.py took 0.086 seconds
[2021-12-07 13:40:05,137] {processor.py:163} INFO - Started process (PID=7749) to work on /Users/ballakeerthi/opt/anaconda3/lib/python3.8/site-packages/airflow/example_dags/example_branch_operator.py
[2021-12-07 13:40:05,138] {processor.py:625} INFO - Processing file /Users/ballakeerthi/opt/anaconda3/lib/python3.8/site-packages/airflow/example_dags/example_branch_operator.py for tasks to queue
[2021-12-07 13:40:05,139] {logging_mixin.py:109} INFO - [2021-12-07 13:40:05,139] {dagbag.py:500} INFO - Filling up the DagBag from /Users/ballakeerthi/opt/anaconda3/lib/python3.8/site-packages/airflow/example_dags/example_branch_operator.py
[2021-12-07 13:40:05,180] {processor.py:637} INFO - DAG(s) dict_keys(['example_branch_operator']) retrieved from /Users/ballakeerthi/opt/anaconda3/lib/python3.8/site-packages/airflow/example_dags/example_branch_operator.py
[2021-12-07 13:40:05,194] {logging_mixin.py:109} INFO - [2021-12-07 13:40:05,194] {dag.py:2396} INFO - Sync 1 DAGs
[2021-12-07 13:40:05,201] {logging_mixin.py:109} INFO - [2021-12-07 13:40:05,201] {dag.py:2928} INFO - Setting next_dagrun for example_branch_operator to 2021-12-06 00:00:00+00:00
[2021-12-07 13:40:05,211] {processor.py:171} INFO - Processing /Users/ballakeerthi/opt/anaconda3/lib/python3.8/site-packages/airflow/example_dags/example_branch_operator.py took 0.075 seconds
[2021-12-07 13:42:40,439] {processor.py:163} INFO - Started process (PID=7871) to work on /Users/ballakeerthi/opt/anaconda3/lib/python3.8/site-packages/airflow/example_dags/example_branch_operator.py
[2021-12-07 13:42:40,441] {processor.py:625} INFO - Processing file /Users/ballakeerthi/opt/anaconda3/lib/python3.8/site-packages/airflow/example_dags/example_branch_operator.py for tasks to queue
[2021-12-07 13:42:40,441] {logging_mixin.py:109} INFO - [2021-12-07 13:42:40,441] {dagbag.py:500} INFO - Filling up the DagBag from /Users/ballakeerthi/opt/anaconda3/lib/python3.8/site-packages/airflow/example_dags/example_branch_operator.py
[2021-12-07 13:42:40,476] {processor.py:637} INFO - DAG(s) dict_keys(['example_branch_operator']) retrieved from /Users/ballakeerthi/opt/anaconda3/lib/python3.8/site-packages/airflow/example_dags/example_branch_operator.py
[2021-12-07 13:42:40,491] {logging_mixin.py:109} INFO - [2021-12-07 13:42:40,491] {dag.py:2396} INFO - Sync 1 DAGs
[2021-12-07 13:42:40,499] {logging_mixin.py:109} INFO - [2021-12-07 13:42:40,499] {dag.py:2928} INFO - Setting next_dagrun for example_branch_operator to 2021-12-06 00:00:00+00:00
[2021-12-07 13:42:40,508] {processor.py:171} INFO - Processing /Users/ballakeerthi/opt/anaconda3/lib/python3.8/site-packages/airflow/example_dags/example_branch_operator.py took 0.069 seconds
