[2021-12-07 10:56:20,713] {processor.py:163} INFO - Started process (PID=2707) to work on /Users/ballakeerthi/opt/anaconda3/envs/airflow/lib/python3.9/site-packages/airflow/example_dags/example_external_task_marker_dag.py
[2021-12-07 10:56:20,713] {processor.py:625} INFO - Processing file /Users/ballakeerthi/opt/anaconda3/envs/airflow/lib/python3.9/site-packages/airflow/example_dags/example_external_task_marker_dag.py for tasks to queue
[2021-12-07 10:56:20,715] {logging_mixin.py:109} INFO - [2021-12-07 10:56:20,715] {dagbag.py:500} INFO - Filling up the DagBag from /Users/ballakeerthi/opt/anaconda3/envs/airflow/lib/python3.9/site-packages/airflow/example_dags/example_external_task_marker_dag.py
[2021-12-07 10:56:20,750] {processor.py:637} INFO - DAG(s) dict_keys(['example_external_task_marker_parent', 'example_external_task_marker_child']) retrieved from /Users/ballakeerthi/opt/anaconda3/envs/airflow/lib/python3.9/site-packages/airflow/example_dags/example_external_task_marker_dag.py
[2021-12-07 10:56:20,770] {logging_mixin.py:109} INFO - [2021-12-07 10:56:20,770] {dag.py:2396} INFO - Sync 2 DAGs
[2021-12-07 10:56:20,780] {logging_mixin.py:109} INFO - [2021-12-07 10:56:20,780] {dag.py:2928} INFO - Setting next_dagrun for example_external_task_marker_child to None
[2021-12-07 10:56:20,780] {logging_mixin.py:109} INFO - [2021-12-07 10:56:20,780] {dag.py:2928} INFO - Setting next_dagrun for example_external_task_marker_parent to None
[2021-12-07 10:56:20,789] {processor.py:171} INFO - Processing /Users/ballakeerthi/opt/anaconda3/envs/airflow/lib/python3.9/site-packages/airflow/example_dags/example_external_task_marker_dag.py took 0.076 seconds
[2021-12-07 10:59:05,003] {processor.py:163} INFO - Started process (PID=2980) to work on /Users/ballakeerthi/opt/anaconda3/envs/airflow/lib/python3.9/site-packages/airflow/example_dags/example_external_task_marker_dag.py
[2021-12-07 10:59:05,004] {processor.py:625} INFO - Processing file /Users/ballakeerthi/opt/anaconda3/envs/airflow/lib/python3.9/site-packages/airflow/example_dags/example_external_task_marker_dag.py for tasks to queue
[2021-12-07 10:59:05,006] {logging_mixin.py:109} INFO - [2021-12-07 10:59:05,006] {dagbag.py:500} INFO - Filling up the DagBag from /Users/ballakeerthi/opt/anaconda3/envs/airflow/lib/python3.9/site-packages/airflow/example_dags/example_external_task_marker_dag.py
[2021-12-07 10:59:05,034] {processor.py:637} INFO - DAG(s) dict_keys(['example_external_task_marker_parent', 'example_external_task_marker_child']) retrieved from /Users/ballakeerthi/opt/anaconda3/envs/airflow/lib/python3.9/site-packages/airflow/example_dags/example_external_task_marker_dag.py
[2021-12-07 10:59:05,049] {logging_mixin.py:109} INFO - [2021-12-07 10:59:05,049] {dag.py:2396} INFO - Sync 2 DAGs
[2021-12-07 10:59:05,059] {logging_mixin.py:109} INFO - [2021-12-07 10:59:05,059] {dag.py:2928} INFO - Setting next_dagrun for example_external_task_marker_child to None
[2021-12-07 10:59:05,059] {logging_mixin.py:109} INFO - [2021-12-07 10:59:05,059] {dag.py:2928} INFO - Setting next_dagrun for example_external_task_marker_parent to None
[2021-12-07 10:59:05,065] {processor.py:171} INFO - Processing /Users/ballakeerthi/opt/anaconda3/envs/airflow/lib/python3.9/site-packages/airflow/example_dags/example_external_task_marker_dag.py took 0.063 seconds
[2021-12-07 11:02:12,964] {processor.py:163} INFO - Started process (PID=3255) to work on /Users/ballakeerthi/opt/anaconda3/envs/airflow/lib/python3.9/site-packages/airflow/example_dags/example_external_task_marker_dag.py
[2021-12-07 11:02:12,965] {processor.py:625} INFO - Processing file /Users/ballakeerthi/opt/anaconda3/envs/airflow/lib/python3.9/site-packages/airflow/example_dags/example_external_task_marker_dag.py for tasks to queue
[2021-12-07 11:02:12,967] {logging_mixin.py:109} INFO - [2021-12-07 11:02:12,967] {dagbag.py:500} INFO - Filling up the DagBag from /Users/ballakeerthi/opt/anaconda3/envs/airflow/lib/python3.9/site-packages/airflow/example_dags/example_external_task_marker_dag.py
[2021-12-07 11:02:13,012] {processor.py:637} INFO - DAG(s) dict_keys(['example_external_task_marker_parent', 'example_external_task_marker_child']) retrieved from /Users/ballakeerthi/opt/anaconda3/envs/airflow/lib/python3.9/site-packages/airflow/example_dags/example_external_task_marker_dag.py
[2021-12-07 11:02:13,034] {logging_mixin.py:109} INFO - [2021-12-07 11:02:13,033] {dag.py:2396} INFO - Sync 2 DAGs
[2021-12-07 11:02:13,046] {logging_mixin.py:109} INFO - [2021-12-07 11:02:13,046] {dag.py:2928} INFO - Setting next_dagrun for example_external_task_marker_child to None
[2021-12-07 11:02:13,046] {logging_mixin.py:109} INFO - [2021-12-07 11:02:13,046] {dag.py:2928} INFO - Setting next_dagrun for example_external_task_marker_parent to None
[2021-12-07 11:02:13,069] {processor.py:171} INFO - Processing /Users/ballakeerthi/opt/anaconda3/envs/airflow/lib/python3.9/site-packages/airflow/example_dags/example_external_task_marker_dag.py took 0.106 seconds
[2021-12-07 11:04:52,080] {processor.py:163} INFO - Started process (PID=3501) to work on /Users/ballakeerthi/opt/anaconda3/envs/airflow/lib/python3.9/site-packages/airflow/example_dags/example_external_task_marker_dag.py
[2021-12-07 11:04:52,081] {processor.py:625} INFO - Processing file /Users/ballakeerthi/opt/anaconda3/envs/airflow/lib/python3.9/site-packages/airflow/example_dags/example_external_task_marker_dag.py for tasks to queue
[2021-12-07 11:04:52,082] {logging_mixin.py:109} INFO - [2021-12-07 11:04:52,082] {dagbag.py:500} INFO - Filling up the DagBag from /Users/ballakeerthi/opt/anaconda3/envs/airflow/lib/python3.9/site-packages/airflow/example_dags/example_external_task_marker_dag.py
[2021-12-07 11:04:52,109] {processor.py:637} INFO - DAG(s) dict_keys(['example_external_task_marker_parent', 'example_external_task_marker_child']) retrieved from /Users/ballakeerthi/opt/anaconda3/envs/airflow/lib/python3.9/site-packages/airflow/example_dags/example_external_task_marker_dag.py
[2021-12-07 11:04:52,125] {logging_mixin.py:109} INFO - [2021-12-07 11:04:52,125] {dag.py:2396} INFO - Sync 2 DAGs
[2021-12-07 11:04:52,133] {logging_mixin.py:109} INFO - [2021-12-07 11:04:52,133] {dag.py:2928} INFO - Setting next_dagrun for example_external_task_marker_child to None
[2021-12-07 11:04:52,133] {logging_mixin.py:109} INFO - [2021-12-07 11:04:52,133] {dag.py:2928} INFO - Setting next_dagrun for example_external_task_marker_parent to None
[2021-12-07 11:04:52,139] {processor.py:171} INFO - Processing /Users/ballakeerthi/opt/anaconda3/envs/airflow/lib/python3.9/site-packages/airflow/example_dags/example_external_task_marker_dag.py took 0.059 seconds
[2021-12-07 11:09:16,095] {processor.py:163} INFO - Started process (PID=3621) to work on /Users/ballakeerthi/opt/anaconda3/lib/python3.8/site-packages/airflow/example_dags/example_external_task_marker_dag.py
[2021-12-07 11:09:16,101] {processor.py:625} INFO - Processing file /Users/ballakeerthi/opt/anaconda3/lib/python3.8/site-packages/airflow/example_dags/example_external_task_marker_dag.py for tasks to queue
[2021-12-07 11:09:16,102] {logging_mixin.py:109} INFO - [2021-12-07 11:09:16,102] {dagbag.py:500} INFO - Filling up the DagBag from /Users/ballakeerthi/opt/anaconda3/lib/python3.8/site-packages/airflow/example_dags/example_external_task_marker_dag.py
[2021-12-07 11:09:16,135] {processor.py:637} INFO - DAG(s) dict_keys(['example_external_task_marker_parent', 'example_external_task_marker_child']) retrieved from /Users/ballakeerthi/opt/anaconda3/lib/python3.8/site-packages/airflow/example_dags/example_external_task_marker_dag.py
[2021-12-07 11:09:16,368] {logging_mixin.py:109} INFO - [2021-12-07 11:09:16,368] {dag.py:2396} INFO - Sync 2 DAGs
[2021-12-07 11:09:16,375] {logging_mixin.py:109} INFO - [2021-12-07 11:09:16,375] {dag.py:2928} INFO - Setting next_dagrun for example_external_task_marker_child to None
[2021-12-07 11:09:16,376] {logging_mixin.py:109} INFO - [2021-12-07 11:09:16,375] {dag.py:2928} INFO - Setting next_dagrun for example_external_task_marker_parent to None
[2021-12-07 11:09:16,390] {processor.py:171} INFO - Processing /Users/ballakeerthi/opt/anaconda3/lib/python3.8/site-packages/airflow/example_dags/example_external_task_marker_dag.py took 0.295 seconds
[2021-12-07 11:11:23,496] {processor.py:163} INFO - Started process (PID=3710) to work on /Users/ballakeerthi/opt/anaconda3/lib/python3.8/site-packages/airflow/example_dags/example_external_task_marker_dag.py
[2021-12-07 11:11:23,498] {processor.py:625} INFO - Processing file /Users/ballakeerthi/opt/anaconda3/lib/python3.8/site-packages/airflow/example_dags/example_external_task_marker_dag.py for tasks to queue
[2021-12-07 11:11:23,498] {logging_mixin.py:109} INFO - [2021-12-07 11:11:23,498] {dagbag.py:500} INFO - Filling up the DagBag from /Users/ballakeerthi/opt/anaconda3/lib/python3.8/site-packages/airflow/example_dags/example_external_task_marker_dag.py
[2021-12-07 11:11:23,526] {processor.py:637} INFO - DAG(s) dict_keys(['example_external_task_marker_parent', 'example_external_task_marker_child']) retrieved from /Users/ballakeerthi/opt/anaconda3/lib/python3.8/site-packages/airflow/example_dags/example_external_task_marker_dag.py
[2021-12-07 11:11:23,543] {logging_mixin.py:109} INFO - [2021-12-07 11:11:23,541] {dag.py:2396} INFO - Sync 2 DAGs
[2021-12-07 11:11:23,551] {logging_mixin.py:109} INFO - [2021-12-07 11:11:23,551] {dag.py:2928} INFO - Setting next_dagrun for example_external_task_marker_child to None
[2021-12-07 11:11:23,551] {logging_mixin.py:109} INFO - [2021-12-07 11:11:23,551] {dag.py:2928} INFO - Setting next_dagrun for example_external_task_marker_parent to None
[2021-12-07 11:11:23,560] {processor.py:171} INFO - Processing /Users/ballakeerthi/opt/anaconda3/lib/python3.8/site-packages/airflow/example_dags/example_external_task_marker_dag.py took 0.065 seconds
[2021-12-07 11:14:05,080] {processor.py:163} INFO - Started process (PID=3832) to work on /Users/ballakeerthi/opt/anaconda3/lib/python3.8/site-packages/airflow/example_dags/example_external_task_marker_dag.py
[2021-12-07 11:14:05,086] {processor.py:625} INFO - Processing file /Users/ballakeerthi/opt/anaconda3/lib/python3.8/site-packages/airflow/example_dags/example_external_task_marker_dag.py for tasks to queue
[2021-12-07 11:14:05,086] {logging_mixin.py:109} INFO - [2021-12-07 11:14:05,086] {dagbag.py:500} INFO - Filling up the DagBag from /Users/ballakeerthi/opt/anaconda3/lib/python3.8/site-packages/airflow/example_dags/example_external_task_marker_dag.py
[2021-12-07 11:14:05,115] {processor.py:637} INFO - DAG(s) dict_keys(['example_external_task_marker_parent', 'example_external_task_marker_child']) retrieved from /Users/ballakeerthi/opt/anaconda3/lib/python3.8/site-packages/airflow/example_dags/example_external_task_marker_dag.py
[2021-12-07 11:14:05,135] {logging_mixin.py:109} INFO - [2021-12-07 11:14:05,134] {dag.py:2396} INFO - Sync 2 DAGs
[2021-12-07 11:14:05,143] {logging_mixin.py:109} INFO - [2021-12-07 11:14:05,143] {dag.py:2928} INFO - Setting next_dagrun for example_external_task_marker_child to None
[2021-12-07 11:14:05,143] {logging_mixin.py:109} INFO - [2021-12-07 11:14:05,143] {dag.py:2928} INFO - Setting next_dagrun for example_external_task_marker_parent to None
[2021-12-07 11:14:05,153] {processor.py:171} INFO - Processing /Users/ballakeerthi/opt/anaconda3/lib/python3.8/site-packages/airflow/example_dags/example_external_task_marker_dag.py took 0.073 seconds
[2021-12-07 11:16:45,485] {processor.py:163} INFO - Started process (PID=3946) to work on /Users/ballakeerthi/opt/anaconda3/lib/python3.8/site-packages/airflow/example_dags/example_external_task_marker_dag.py
[2021-12-07 11:16:45,490] {processor.py:625} INFO - Processing file /Users/ballakeerthi/opt/anaconda3/lib/python3.8/site-packages/airflow/example_dags/example_external_task_marker_dag.py for tasks to queue
[2021-12-07 11:16:45,491] {logging_mixin.py:109} INFO - [2021-12-07 11:16:45,491] {dagbag.py:500} INFO - Filling up the DagBag from /Users/ballakeerthi/opt/anaconda3/lib/python3.8/site-packages/airflow/example_dags/example_external_task_marker_dag.py
[2021-12-07 11:16:45,519] {processor.py:637} INFO - DAG(s) dict_keys(['example_external_task_marker_parent', 'example_external_task_marker_child']) retrieved from /Users/ballakeerthi/opt/anaconda3/lib/python3.8/site-packages/airflow/example_dags/example_external_task_marker_dag.py
[2021-12-07 11:16:45,535] {logging_mixin.py:109} INFO - [2021-12-07 11:16:45,534] {dag.py:2396} INFO - Sync 2 DAGs
[2021-12-07 11:16:45,542] {logging_mixin.py:109} INFO - [2021-12-07 11:16:45,542] {dag.py:2928} INFO - Setting next_dagrun for example_external_task_marker_child to None
[2021-12-07 11:16:45,542] {logging_mixin.py:109} INFO - [2021-12-07 11:16:45,542] {dag.py:2928} INFO - Setting next_dagrun for example_external_task_marker_parent to None
[2021-12-07 11:16:45,551] {processor.py:171} INFO - Processing /Users/ballakeerthi/opt/anaconda3/lib/python3.8/site-packages/airflow/example_dags/example_external_task_marker_dag.py took 0.067 seconds
[2021-12-07 11:19:22,869] {processor.py:163} INFO - Started process (PID=4056) to work on /Users/ballakeerthi/opt/anaconda3/lib/python3.8/site-packages/airflow/example_dags/example_external_task_marker_dag.py
[2021-12-07 11:19:22,871] {processor.py:625} INFO - Processing file /Users/ballakeerthi/opt/anaconda3/lib/python3.8/site-packages/airflow/example_dags/example_external_task_marker_dag.py for tasks to queue
[2021-12-07 11:19:22,872] {logging_mixin.py:109} INFO - [2021-12-07 11:19:22,872] {dagbag.py:500} INFO - Filling up the DagBag from /Users/ballakeerthi/opt/anaconda3/lib/python3.8/site-packages/airflow/example_dags/example_external_task_marker_dag.py
[2021-12-07 11:19:22,905] {processor.py:637} INFO - DAG(s) dict_keys(['example_external_task_marker_parent', 'example_external_task_marker_child']) retrieved from /Users/ballakeerthi/opt/anaconda3/lib/python3.8/site-packages/airflow/example_dags/example_external_task_marker_dag.py
[2021-12-07 11:19:22,922] {logging_mixin.py:109} INFO - [2021-12-07 11:19:22,921] {dag.py:2396} INFO - Sync 2 DAGs
[2021-12-07 11:19:22,930] {logging_mixin.py:109} INFO - [2021-12-07 11:19:22,930] {dag.py:2928} INFO - Setting next_dagrun for example_external_task_marker_child to None
[2021-12-07 11:19:22,931] {logging_mixin.py:109} INFO - [2021-12-07 11:19:22,930] {dag.py:2928} INFO - Setting next_dagrun for example_external_task_marker_parent to None
[2021-12-07 11:19:22,940] {processor.py:171} INFO - Processing /Users/ballakeerthi/opt/anaconda3/lib/python3.8/site-packages/airflow/example_dags/example_external_task_marker_dag.py took 0.072 seconds
[2021-12-07 11:22:14,752] {processor.py:163} INFO - Started process (PID=4210) to work on /Users/ballakeerthi/opt/anaconda3/lib/python3.8/site-packages/airflow/example_dags/example_external_task_marker_dag.py
[2021-12-07 11:22:14,755] {processor.py:625} INFO - Processing file /Users/ballakeerthi/opt/anaconda3/lib/python3.8/site-packages/airflow/example_dags/example_external_task_marker_dag.py for tasks to queue
[2021-12-07 11:22:14,755] {logging_mixin.py:109} INFO - [2021-12-07 11:22:14,755] {dagbag.py:500} INFO - Filling up the DagBag from /Users/ballakeerthi/opt/anaconda3/lib/python3.8/site-packages/airflow/example_dags/example_external_task_marker_dag.py
[2021-12-07 11:22:14,788] {processor.py:637} INFO - DAG(s) dict_keys(['example_external_task_marker_parent', 'example_external_task_marker_child']) retrieved from /Users/ballakeerthi/opt/anaconda3/lib/python3.8/site-packages/airflow/example_dags/example_external_task_marker_dag.py
[2021-12-07 11:22:14,810] {logging_mixin.py:109} INFO - [2021-12-07 11:22:14,808] {dag.py:2396} INFO - Sync 2 DAGs
[2021-12-07 11:22:14,820] {logging_mixin.py:109} INFO - [2021-12-07 11:22:14,819] {dag.py:2928} INFO - Setting next_dagrun for example_external_task_marker_child to None
[2021-12-07 11:22:14,820] {logging_mixin.py:109} INFO - [2021-12-07 11:22:14,820] {dag.py:2928} INFO - Setting next_dagrun for example_external_task_marker_parent to None
[2021-12-07 11:22:14,831] {processor.py:171} INFO - Processing /Users/ballakeerthi/opt/anaconda3/lib/python3.8/site-packages/airflow/example_dags/example_external_task_marker_dag.py took 0.079 seconds
[2021-12-07 11:24:57,857] {processor.py:163} INFO - Started process (PID=4335) to work on /Users/ballakeerthi/opt/anaconda3/lib/python3.8/site-packages/airflow/example_dags/example_external_task_marker_dag.py
[2021-12-07 11:24:57,858] {processor.py:625} INFO - Processing file /Users/ballakeerthi/opt/anaconda3/lib/python3.8/site-packages/airflow/example_dags/example_external_task_marker_dag.py for tasks to queue
[2021-12-07 11:24:57,858] {logging_mixin.py:109} INFO - [2021-12-07 11:24:57,858] {dagbag.py:500} INFO - Filling up the DagBag from /Users/ballakeerthi/opt/anaconda3/lib/python3.8/site-packages/airflow/example_dags/example_external_task_marker_dag.py
[2021-12-07 11:24:57,897] {processor.py:637} INFO - DAG(s) dict_keys(['example_external_task_marker_parent', 'example_external_task_marker_child']) retrieved from /Users/ballakeerthi/opt/anaconda3/lib/python3.8/site-packages/airflow/example_dags/example_external_task_marker_dag.py
[2021-12-07 11:24:57,917] {logging_mixin.py:109} INFO - [2021-12-07 11:24:57,916] {dag.py:2396} INFO - Sync 2 DAGs
[2021-12-07 11:24:57,931] {logging_mixin.py:109} INFO - [2021-12-07 11:24:57,931] {dag.py:2928} INFO - Setting next_dagrun for example_external_task_marker_child to None
[2021-12-07 11:24:57,931] {logging_mixin.py:109} INFO - [2021-12-07 11:24:57,931] {dag.py:2928} INFO - Setting next_dagrun for example_external_task_marker_parent to None
[2021-12-07 11:24:57,938] {processor.py:171} INFO - Processing /Users/ballakeerthi/opt/anaconda3/lib/python3.8/site-packages/airflow/example_dags/example_external_task_marker_dag.py took 0.082 seconds
[2021-12-07 11:27:50,232] {processor.py:163} INFO - Started process (PID=4453) to work on /Users/ballakeerthi/opt/anaconda3/lib/python3.8/site-packages/airflow/example_dags/example_external_task_marker_dag.py
[2021-12-07 11:27:50,232] {processor.py:625} INFO - Processing file /Users/ballakeerthi/opt/anaconda3/lib/python3.8/site-packages/airflow/example_dags/example_external_task_marker_dag.py for tasks to queue
[2021-12-07 11:27:50,233] {logging_mixin.py:109} INFO - [2021-12-07 11:27:50,233] {dagbag.py:500} INFO - Filling up the DagBag from /Users/ballakeerthi/opt/anaconda3/lib/python3.8/site-packages/airflow/example_dags/example_external_task_marker_dag.py
[2021-12-07 11:27:50,261] {processor.py:637} INFO - DAG(s) dict_keys(['example_external_task_marker_parent', 'example_external_task_marker_child']) retrieved from /Users/ballakeerthi/opt/anaconda3/lib/python3.8/site-packages/airflow/example_dags/example_external_task_marker_dag.py
[2021-12-07 11:27:50,278] {logging_mixin.py:109} INFO - [2021-12-07 11:27:50,277] {dag.py:2396} INFO - Sync 2 DAGs
[2021-12-07 11:27:50,285] {logging_mixin.py:109} INFO - [2021-12-07 11:27:50,285] {dag.py:2928} INFO - Setting next_dagrun for example_external_task_marker_child to None
[2021-12-07 11:27:50,286] {logging_mixin.py:109} INFO - [2021-12-07 11:27:50,286] {dag.py:2928} INFO - Setting next_dagrun for example_external_task_marker_parent to None
[2021-12-07 11:27:50,295] {processor.py:171} INFO - Processing /Users/ballakeerthi/opt/anaconda3/lib/python3.8/site-packages/airflow/example_dags/example_external_task_marker_dag.py took 0.064 seconds
[2021-12-07 11:30:58,360] {processor.py:163} INFO - Started process (PID=4713) to work on /Users/ballakeerthi/opt/anaconda3/lib/python3.8/site-packages/airflow/example_dags/example_external_task_marker_dag.py
[2021-12-07 11:30:58,366] {processor.py:625} INFO - Processing file /Users/ballakeerthi/opt/anaconda3/lib/python3.8/site-packages/airflow/example_dags/example_external_task_marker_dag.py for tasks to queue
[2021-12-07 11:30:58,367] {logging_mixin.py:109} INFO - [2021-12-07 11:30:58,367] {dagbag.py:500} INFO - Filling up the DagBag from /Users/ballakeerthi/opt/anaconda3/lib/python3.8/site-packages/airflow/example_dags/example_external_task_marker_dag.py
[2021-12-07 11:30:58,400] {processor.py:637} INFO - DAG(s) dict_keys(['example_external_task_marker_parent', 'example_external_task_marker_child']) retrieved from /Users/ballakeerthi/opt/anaconda3/lib/python3.8/site-packages/airflow/example_dags/example_external_task_marker_dag.py
[2021-12-07 11:30:58,420] {logging_mixin.py:109} INFO - [2021-12-07 11:30:58,418] {dag.py:2396} INFO - Sync 2 DAGs
[2021-12-07 11:30:58,431] {logging_mixin.py:109} INFO - [2021-12-07 11:30:58,431] {dag.py:2928} INFO - Setting next_dagrun for example_external_task_marker_child to None
[2021-12-07 11:30:58,431] {logging_mixin.py:109} INFO - [2021-12-07 11:30:58,431] {dag.py:2928} INFO - Setting next_dagrun for example_external_task_marker_parent to None
[2021-12-07 11:30:58,438] {processor.py:171} INFO - Processing /Users/ballakeerthi/opt/anaconda3/lib/python3.8/site-packages/airflow/example_dags/example_external_task_marker_dag.py took 0.078 seconds
[2021-12-07 11:34:35,745] {processor.py:163} INFO - Started process (PID=4865) to work on /Users/ballakeerthi/opt/anaconda3/lib/python3.8/site-packages/airflow/example_dags/example_external_task_marker_dag.py
[2021-12-07 11:34:35,748] {processor.py:625} INFO - Processing file /Users/ballakeerthi/opt/anaconda3/lib/python3.8/site-packages/airflow/example_dags/example_external_task_marker_dag.py for tasks to queue
[2021-12-07 11:34:35,748] {logging_mixin.py:109} INFO - [2021-12-07 11:34:35,748] {dagbag.py:500} INFO - Filling up the DagBag from /Users/ballakeerthi/opt/anaconda3/lib/python3.8/site-packages/airflow/example_dags/example_external_task_marker_dag.py
[2021-12-07 11:34:35,778] {processor.py:637} INFO - DAG(s) dict_keys(['example_external_task_marker_parent', 'example_external_task_marker_child']) retrieved from /Users/ballakeerthi/opt/anaconda3/lib/python3.8/site-packages/airflow/example_dags/example_external_task_marker_dag.py
[2021-12-07 11:34:35,796] {logging_mixin.py:109} INFO - [2021-12-07 11:34:35,794] {dag.py:2396} INFO - Sync 2 DAGs
[2021-12-07 11:34:35,804] {logging_mixin.py:109} INFO - [2021-12-07 11:34:35,804] {dag.py:2928} INFO - Setting next_dagrun for example_external_task_marker_child to None
[2021-12-07 11:34:35,805] {logging_mixin.py:109} INFO - [2021-12-07 11:34:35,804] {dag.py:2928} INFO - Setting next_dagrun for example_external_task_marker_parent to None
[2021-12-07 11:34:35,813] {processor.py:171} INFO - Processing /Users/ballakeerthi/opt/anaconda3/lib/python3.8/site-packages/airflow/example_dags/example_external_task_marker_dag.py took 0.068 seconds
[2021-12-07 11:38:02,823] {processor.py:163} INFO - Started process (PID=5001) to work on /Users/ballakeerthi/opt/anaconda3/lib/python3.8/site-packages/airflow/example_dags/example_external_task_marker_dag.py
[2021-12-07 11:38:02,825] {processor.py:625} INFO - Processing file /Users/ballakeerthi/opt/anaconda3/lib/python3.8/site-packages/airflow/example_dags/example_external_task_marker_dag.py for tasks to queue
[2021-12-07 11:38:02,826] {logging_mixin.py:109} INFO - [2021-12-07 11:38:02,826] {dagbag.py:500} INFO - Filling up the DagBag from /Users/ballakeerthi/opt/anaconda3/lib/python3.8/site-packages/airflow/example_dags/example_external_task_marker_dag.py
[2021-12-07 11:38:02,859] {processor.py:637} INFO - DAG(s) dict_keys(['example_external_task_marker_parent', 'example_external_task_marker_child']) retrieved from /Users/ballakeerthi/opt/anaconda3/lib/python3.8/site-packages/airflow/example_dags/example_external_task_marker_dag.py
[2021-12-07 11:38:02,876] {logging_mixin.py:109} INFO - [2021-12-07 11:38:02,874] {dag.py:2396} INFO - Sync 2 DAGs
[2021-12-07 11:38:02,883] {logging_mixin.py:109} INFO - [2021-12-07 11:38:02,883] {dag.py:2928} INFO - Setting next_dagrun for example_external_task_marker_child to None
[2021-12-07 11:38:02,883] {logging_mixin.py:109} INFO - [2021-12-07 11:38:02,883] {dag.py:2928} INFO - Setting next_dagrun for example_external_task_marker_parent to None
[2021-12-07 11:38:02,892] {processor.py:171} INFO - Processing /Users/ballakeerthi/opt/anaconda3/lib/python3.8/site-packages/airflow/example_dags/example_external_task_marker_dag.py took 0.070 seconds
[2021-12-07 11:40:50,173] {processor.py:163} INFO - Started process (PID=5111) to work on /Users/ballakeerthi/opt/anaconda3/lib/python3.8/site-packages/airflow/example_dags/example_external_task_marker_dag.py
[2021-12-07 11:40:50,174] {processor.py:625} INFO - Processing file /Users/ballakeerthi/opt/anaconda3/lib/python3.8/site-packages/airflow/example_dags/example_external_task_marker_dag.py for tasks to queue
[2021-12-07 11:40:50,175] {logging_mixin.py:109} INFO - [2021-12-07 11:40:50,175] {dagbag.py:500} INFO - Filling up the DagBag from /Users/ballakeerthi/opt/anaconda3/lib/python3.8/site-packages/airflow/example_dags/example_external_task_marker_dag.py
[2021-12-07 11:40:50,203] {processor.py:637} INFO - DAG(s) dict_keys(['example_external_task_marker_parent', 'example_external_task_marker_child']) retrieved from /Users/ballakeerthi/opt/anaconda3/lib/python3.8/site-packages/airflow/example_dags/example_external_task_marker_dag.py
[2021-12-07 11:40:50,223] {logging_mixin.py:109} INFO - [2021-12-07 11:40:50,222] {dag.py:2396} INFO - Sync 2 DAGs
[2021-12-07 11:40:50,231] {logging_mixin.py:109} INFO - [2021-12-07 11:40:50,231] {dag.py:2928} INFO - Setting next_dagrun for example_external_task_marker_child to None
[2021-12-07 11:40:50,231] {logging_mixin.py:109} INFO - [2021-12-07 11:40:50,231] {dag.py:2928} INFO - Setting next_dagrun for example_external_task_marker_parent to None
[2021-12-07 11:40:50,243] {processor.py:171} INFO - Processing /Users/ballakeerthi/opt/anaconda3/lib/python3.8/site-packages/airflow/example_dags/example_external_task_marker_dag.py took 0.070 seconds
[2021-12-07 11:44:02,618] {processor.py:163} INFO - Started process (PID=5226) to work on /Users/ballakeerthi/opt/anaconda3/lib/python3.8/site-packages/airflow/example_dags/example_external_task_marker_dag.py
[2021-12-07 11:44:02,620] {processor.py:625} INFO - Processing file /Users/ballakeerthi/opt/anaconda3/lib/python3.8/site-packages/airflow/example_dags/example_external_task_marker_dag.py for tasks to queue
[2021-12-07 11:44:02,620] {logging_mixin.py:109} INFO - [2021-12-07 11:44:02,620] {dagbag.py:500} INFO - Filling up the DagBag from /Users/ballakeerthi/opt/anaconda3/lib/python3.8/site-packages/airflow/example_dags/example_external_task_marker_dag.py
[2021-12-07 11:44:02,655] {processor.py:637} INFO - DAG(s) dict_keys(['example_external_task_marker_parent', 'example_external_task_marker_child']) retrieved from /Users/ballakeerthi/opt/anaconda3/lib/python3.8/site-packages/airflow/example_dags/example_external_task_marker_dag.py
[2021-12-07 11:44:02,675] {logging_mixin.py:109} INFO - [2021-12-07 11:44:02,673] {dag.py:2396} INFO - Sync 2 DAGs
[2021-12-07 11:44:02,690] {logging_mixin.py:109} INFO - [2021-12-07 11:44:02,690] {dag.py:2928} INFO - Setting next_dagrun for example_external_task_marker_child to None
[2021-12-07 11:44:02,691] {logging_mixin.py:109} INFO - [2021-12-07 11:44:02,691] {dag.py:2928} INFO - Setting next_dagrun for example_external_task_marker_parent to None
[2021-12-07 11:44:02,698] {processor.py:171} INFO - Processing /Users/ballakeerthi/opt/anaconda3/lib/python3.8/site-packages/airflow/example_dags/example_external_task_marker_dag.py took 0.080 seconds
[2021-12-07 11:46:53,193] {processor.py:163} INFO - Started process (PID=5337) to work on /Users/ballakeerthi/opt/anaconda3/lib/python3.8/site-packages/airflow/example_dags/example_external_task_marker_dag.py
[2021-12-07 11:46:53,195] {processor.py:625} INFO - Processing file /Users/ballakeerthi/opt/anaconda3/lib/python3.8/site-packages/airflow/example_dags/example_external_task_marker_dag.py for tasks to queue
[2021-12-07 11:46:53,195] {logging_mixin.py:109} INFO - [2021-12-07 11:46:53,195] {dagbag.py:500} INFO - Filling up the DagBag from /Users/ballakeerthi/opt/anaconda3/lib/python3.8/site-packages/airflow/example_dags/example_external_task_marker_dag.py
[2021-12-07 11:46:53,232] {processor.py:637} INFO - DAG(s) dict_keys(['example_external_task_marker_parent', 'example_external_task_marker_child']) retrieved from /Users/ballakeerthi/opt/anaconda3/lib/python3.8/site-packages/airflow/example_dags/example_external_task_marker_dag.py
[2021-12-07 11:46:53,261] {logging_mixin.py:109} INFO - [2021-12-07 11:46:53,260] {dag.py:2396} INFO - Sync 2 DAGs
[2021-12-07 11:46:53,270] {logging_mixin.py:109} INFO - [2021-12-07 11:46:53,270] {dag.py:2928} INFO - Setting next_dagrun for example_external_task_marker_child to None
[2021-12-07 11:46:53,270] {logging_mixin.py:109} INFO - [2021-12-07 11:46:53,270] {dag.py:2928} INFO - Setting next_dagrun for example_external_task_marker_parent to None
[2021-12-07 11:46:53,281] {processor.py:171} INFO - Processing /Users/ballakeerthi/opt/anaconda3/lib/python3.8/site-packages/airflow/example_dags/example_external_task_marker_dag.py took 0.088 seconds
[2021-12-07 11:50:51,828] {processor.py:163} INFO - Started process (PID=5482) to work on /Users/ballakeerthi/opt/anaconda3/lib/python3.8/site-packages/airflow/example_dags/example_external_task_marker_dag.py
[2021-12-07 11:50:51,830] {processor.py:625} INFO - Processing file /Users/ballakeerthi/opt/anaconda3/lib/python3.8/site-packages/airflow/example_dags/example_external_task_marker_dag.py for tasks to queue
[2021-12-07 11:50:51,830] {logging_mixin.py:109} INFO - [2021-12-07 11:50:51,830] {dagbag.py:500} INFO - Filling up the DagBag from /Users/ballakeerthi/opt/anaconda3/lib/python3.8/site-packages/airflow/example_dags/example_external_task_marker_dag.py
[2021-12-07 11:50:51,862] {processor.py:637} INFO - DAG(s) dict_keys(['example_external_task_marker_parent', 'example_external_task_marker_child']) retrieved from /Users/ballakeerthi/opt/anaconda3/lib/python3.8/site-packages/airflow/example_dags/example_external_task_marker_dag.py
[2021-12-07 11:50:51,880] {logging_mixin.py:109} INFO - [2021-12-07 11:50:51,878] {dag.py:2396} INFO - Sync 2 DAGs
[2021-12-07 11:50:51,898] {logging_mixin.py:109} INFO - [2021-12-07 11:50:51,898] {dag.py:2928} INFO - Setting next_dagrun for example_external_task_marker_child to None
[2021-12-07 11:50:51,899] {logging_mixin.py:109} INFO - [2021-12-07 11:50:51,899] {dag.py:2928} INFO - Setting next_dagrun for example_external_task_marker_parent to None
[2021-12-07 11:50:51,911] {processor.py:171} INFO - Processing /Users/ballakeerthi/opt/anaconda3/lib/python3.8/site-packages/airflow/example_dags/example_external_task_marker_dag.py took 0.084 seconds
[2021-12-07 11:54:16,676] {processor.py:163} INFO - Started process (PID=5614) to work on /Users/ballakeerthi/opt/anaconda3/lib/python3.8/site-packages/airflow/example_dags/example_external_task_marker_dag.py
[2021-12-07 11:54:16,683] {processor.py:625} INFO - Processing file /Users/ballakeerthi/opt/anaconda3/lib/python3.8/site-packages/airflow/example_dags/example_external_task_marker_dag.py for tasks to queue
[2021-12-07 11:54:16,684] {logging_mixin.py:109} INFO - [2021-12-07 11:54:16,684] {dagbag.py:500} INFO - Filling up the DagBag from /Users/ballakeerthi/opt/anaconda3/lib/python3.8/site-packages/airflow/example_dags/example_external_task_marker_dag.py
[2021-12-07 11:54:16,712] {processor.py:637} INFO - DAG(s) dict_keys(['example_external_task_marker_parent', 'example_external_task_marker_child']) retrieved from /Users/ballakeerthi/opt/anaconda3/lib/python3.8/site-packages/airflow/example_dags/example_external_task_marker_dag.py
[2021-12-07 11:54:16,731] {logging_mixin.py:109} INFO - [2021-12-07 11:54:16,730] {dag.py:2396} INFO - Sync 2 DAGs
[2021-12-07 11:54:16,738] {logging_mixin.py:109} INFO - [2021-12-07 11:54:16,738] {dag.py:2928} INFO - Setting next_dagrun for example_external_task_marker_child to None
[2021-12-07 11:54:16,738] {logging_mixin.py:109} INFO - [2021-12-07 11:54:16,738] {dag.py:2928} INFO - Setting next_dagrun for example_external_task_marker_parent to None
[2021-12-07 11:54:16,747] {processor.py:171} INFO - Processing /Users/ballakeerthi/opt/anaconda3/lib/python3.8/site-packages/airflow/example_dags/example_external_task_marker_dag.py took 0.071 seconds
[2021-12-07 11:57:06,123] {processor.py:163} INFO - Started process (PID=5747) to work on /Users/ballakeerthi/opt/anaconda3/lib/python3.8/site-packages/airflow/example_dags/example_external_task_marker_dag.py
[2021-12-07 11:57:06,130] {processor.py:625} INFO - Processing file /Users/ballakeerthi/opt/anaconda3/lib/python3.8/site-packages/airflow/example_dags/example_external_task_marker_dag.py for tasks to queue
[2021-12-07 11:57:06,131] {logging_mixin.py:109} INFO - [2021-12-07 11:57:06,131] {dagbag.py:500} INFO - Filling up the DagBag from /Users/ballakeerthi/opt/anaconda3/lib/python3.8/site-packages/airflow/example_dags/example_external_task_marker_dag.py
[2021-12-07 11:57:06,163] {processor.py:637} INFO - DAG(s) dict_keys(['example_external_task_marker_parent', 'example_external_task_marker_child']) retrieved from /Users/ballakeerthi/opt/anaconda3/lib/python3.8/site-packages/airflow/example_dags/example_external_task_marker_dag.py
[2021-12-07 11:57:06,179] {logging_mixin.py:109} INFO - [2021-12-07 11:57:06,178] {dag.py:2396} INFO - Sync 2 DAGs
[2021-12-07 11:57:06,188] {logging_mixin.py:109} INFO - [2021-12-07 11:57:06,188] {dag.py:2928} INFO - Setting next_dagrun for example_external_task_marker_child to None
[2021-12-07 11:57:06,188] {logging_mixin.py:109} INFO - [2021-12-07 11:57:06,188] {dag.py:2928} INFO - Setting next_dagrun for example_external_task_marker_parent to None
[2021-12-07 11:57:06,198] {processor.py:171} INFO - Processing /Users/ballakeerthi/opt/anaconda3/lib/python3.8/site-packages/airflow/example_dags/example_external_task_marker_dag.py took 0.075 seconds
[2021-12-07 12:00:08,367] {processor.py:163} INFO - Started process (PID=5875) to work on /Users/ballakeerthi/opt/anaconda3/lib/python3.8/site-packages/airflow/example_dags/example_external_task_marker_dag.py
[2021-12-07 12:00:08,368] {processor.py:625} INFO - Processing file /Users/ballakeerthi/opt/anaconda3/lib/python3.8/site-packages/airflow/example_dags/example_external_task_marker_dag.py for tasks to queue
[2021-12-07 12:00:08,368] {logging_mixin.py:109} INFO - [2021-12-07 12:00:08,368] {dagbag.py:500} INFO - Filling up the DagBag from /Users/ballakeerthi/opt/anaconda3/lib/python3.8/site-packages/airflow/example_dags/example_external_task_marker_dag.py
[2021-12-07 12:00:08,409] {processor.py:637} INFO - DAG(s) dict_keys(['example_external_task_marker_parent', 'example_external_task_marker_child']) retrieved from /Users/ballakeerthi/opt/anaconda3/lib/python3.8/site-packages/airflow/example_dags/example_external_task_marker_dag.py
[2021-12-07 12:00:08,428] {logging_mixin.py:109} INFO - [2021-12-07 12:00:08,427] {dag.py:2396} INFO - Sync 2 DAGs
[2021-12-07 12:00:08,439] {logging_mixin.py:109} INFO - [2021-12-07 12:00:08,438] {dag.py:2928} INFO - Setting next_dagrun for example_external_task_marker_child to None
[2021-12-07 12:00:08,439] {logging_mixin.py:109} INFO - [2021-12-07 12:00:08,439] {dag.py:2928} INFO - Setting next_dagrun for example_external_task_marker_parent to None
[2021-12-07 12:00:08,448] {processor.py:171} INFO - Processing /Users/ballakeerthi/opt/anaconda3/lib/python3.8/site-packages/airflow/example_dags/example_external_task_marker_dag.py took 0.081 seconds
[2021-12-07 12:03:00,670] {processor.py:163} INFO - Started process (PID=5981) to work on /Users/ballakeerthi/opt/anaconda3/lib/python3.8/site-packages/airflow/example_dags/example_external_task_marker_dag.py
[2021-12-07 12:03:00,671] {processor.py:625} INFO - Processing file /Users/ballakeerthi/opt/anaconda3/lib/python3.8/site-packages/airflow/example_dags/example_external_task_marker_dag.py for tasks to queue
[2021-12-07 12:03:00,672] {logging_mixin.py:109} INFO - [2021-12-07 12:03:00,671] {dagbag.py:500} INFO - Filling up the DagBag from /Users/ballakeerthi/opt/anaconda3/lib/python3.8/site-packages/airflow/example_dags/example_external_task_marker_dag.py
[2021-12-07 12:03:00,702] {processor.py:637} INFO - DAG(s) dict_keys(['example_external_task_marker_parent', 'example_external_task_marker_child']) retrieved from /Users/ballakeerthi/opt/anaconda3/lib/python3.8/site-packages/airflow/example_dags/example_external_task_marker_dag.py
[2021-12-07 12:03:00,721] {logging_mixin.py:109} INFO - [2021-12-07 12:03:00,720] {dag.py:2396} INFO - Sync 2 DAGs
[2021-12-07 12:03:00,729] {logging_mixin.py:109} INFO - [2021-12-07 12:03:00,728] {dag.py:2928} INFO - Setting next_dagrun for example_external_task_marker_child to None
[2021-12-07 12:03:00,729] {logging_mixin.py:109} INFO - [2021-12-07 12:03:00,729] {dag.py:2928} INFO - Setting next_dagrun for example_external_task_marker_parent to None
[2021-12-07 12:03:00,741] {processor.py:171} INFO - Processing /Users/ballakeerthi/opt/anaconda3/lib/python3.8/site-packages/airflow/example_dags/example_external_task_marker_dag.py took 0.071 seconds
[2021-12-07 12:06:13,342] {processor.py:163} INFO - Started process (PID=6101) to work on /Users/ballakeerthi/opt/anaconda3/lib/python3.8/site-packages/airflow/example_dags/example_external_task_marker_dag.py
[2021-12-07 12:06:13,348] {processor.py:625} INFO - Processing file /Users/ballakeerthi/opt/anaconda3/lib/python3.8/site-packages/airflow/example_dags/example_external_task_marker_dag.py for tasks to queue
[2021-12-07 12:06:13,349] {logging_mixin.py:109} INFO - [2021-12-07 12:06:13,349] {dagbag.py:500} INFO - Filling up the DagBag from /Users/ballakeerthi/opt/anaconda3/lib/python3.8/site-packages/airflow/example_dags/example_external_task_marker_dag.py
[2021-12-07 12:06:13,378] {processor.py:637} INFO - DAG(s) dict_keys(['example_external_task_marker_parent', 'example_external_task_marker_child']) retrieved from /Users/ballakeerthi/opt/anaconda3/lib/python3.8/site-packages/airflow/example_dags/example_external_task_marker_dag.py
[2021-12-07 12:06:13,394] {logging_mixin.py:109} INFO - [2021-12-07 12:06:13,393] {dag.py:2396} INFO - Sync 2 DAGs
[2021-12-07 12:06:13,401] {logging_mixin.py:109} INFO - [2021-12-07 12:06:13,401] {dag.py:2928} INFO - Setting next_dagrun for example_external_task_marker_child to None
[2021-12-07 12:06:13,402] {logging_mixin.py:109} INFO - [2021-12-07 12:06:13,402] {dag.py:2928} INFO - Setting next_dagrun for example_external_task_marker_parent to None
[2021-12-07 12:06:13,410] {processor.py:171} INFO - Processing /Users/ballakeerthi/opt/anaconda3/lib/python3.8/site-packages/airflow/example_dags/example_external_task_marker_dag.py took 0.069 seconds
[2021-12-07 12:09:05,749] {processor.py:163} INFO - Started process (PID=6215) to work on /Users/ballakeerthi/opt/anaconda3/lib/python3.8/site-packages/airflow/example_dags/example_external_task_marker_dag.py
[2021-12-07 12:09:05,752] {processor.py:625} INFO - Processing file /Users/ballakeerthi/opt/anaconda3/lib/python3.8/site-packages/airflow/example_dags/example_external_task_marker_dag.py for tasks to queue
[2021-12-07 12:09:05,753] {logging_mixin.py:109} INFO - [2021-12-07 12:09:05,752] {dagbag.py:500} INFO - Filling up the DagBag from /Users/ballakeerthi/opt/anaconda3/lib/python3.8/site-packages/airflow/example_dags/example_external_task_marker_dag.py
[2021-12-07 12:09:05,788] {processor.py:637} INFO - DAG(s) dict_keys(['example_external_task_marker_parent', 'example_external_task_marker_child']) retrieved from /Users/ballakeerthi/opt/anaconda3/lib/python3.8/site-packages/airflow/example_dags/example_external_task_marker_dag.py
[2021-12-07 12:09:05,810] {logging_mixin.py:109} INFO - [2021-12-07 12:09:05,809] {dag.py:2396} INFO - Sync 2 DAGs
[2021-12-07 12:09:05,819] {logging_mixin.py:109} INFO - [2021-12-07 12:09:05,819] {dag.py:2928} INFO - Setting next_dagrun for example_external_task_marker_child to None
[2021-12-07 12:09:05,819] {logging_mixin.py:109} INFO - [2021-12-07 12:09:05,819] {dag.py:2928} INFO - Setting next_dagrun for example_external_task_marker_parent to None
[2021-12-07 12:09:05,827] {processor.py:171} INFO - Processing /Users/ballakeerthi/opt/anaconda3/lib/python3.8/site-packages/airflow/example_dags/example_external_task_marker_dag.py took 0.078 seconds
[2021-12-07 12:11:57,640] {processor.py:163} INFO - Started process (PID=6325) to work on /Users/ballakeerthi/opt/anaconda3/lib/python3.8/site-packages/airflow/example_dags/example_external_task_marker_dag.py
[2021-12-07 12:11:57,646] {processor.py:625} INFO - Processing file /Users/ballakeerthi/opt/anaconda3/lib/python3.8/site-packages/airflow/example_dags/example_external_task_marker_dag.py for tasks to queue
[2021-12-07 12:11:57,646] {logging_mixin.py:109} INFO - [2021-12-07 12:11:57,646] {dagbag.py:500} INFO - Filling up the DagBag from /Users/ballakeerthi/opt/anaconda3/lib/python3.8/site-packages/airflow/example_dags/example_external_task_marker_dag.py
[2021-12-07 12:11:57,675] {processor.py:637} INFO - DAG(s) dict_keys(['example_external_task_marker_parent', 'example_external_task_marker_child']) retrieved from /Users/ballakeerthi/opt/anaconda3/lib/python3.8/site-packages/airflow/example_dags/example_external_task_marker_dag.py
[2021-12-07 12:11:57,691] {logging_mixin.py:109} INFO - [2021-12-07 12:11:57,690] {dag.py:2396} INFO - Sync 2 DAGs
[2021-12-07 12:11:57,699] {logging_mixin.py:109} INFO - [2021-12-07 12:11:57,699] {dag.py:2928} INFO - Setting next_dagrun for example_external_task_marker_child to None
[2021-12-07 12:11:57,700] {logging_mixin.py:109} INFO - [2021-12-07 12:11:57,700] {dag.py:2928} INFO - Setting next_dagrun for example_external_task_marker_parent to None
[2021-12-07 12:11:57,708] {processor.py:171} INFO - Processing /Users/ballakeerthi/opt/anaconda3/lib/python3.8/site-packages/airflow/example_dags/example_external_task_marker_dag.py took 0.068 seconds
[2021-12-07 12:14:51,720] {processor.py:163} INFO - Started process (PID=6434) to work on /Users/ballakeerthi/opt/anaconda3/lib/python3.8/site-packages/airflow/example_dags/example_external_task_marker_dag.py
[2021-12-07 12:14:51,726] {processor.py:625} INFO - Processing file /Users/ballakeerthi/opt/anaconda3/lib/python3.8/site-packages/airflow/example_dags/example_external_task_marker_dag.py for tasks to queue
[2021-12-07 12:14:51,727] {logging_mixin.py:109} INFO - [2021-12-07 12:14:51,726] {dagbag.py:500} INFO - Filling up the DagBag from /Users/ballakeerthi/opt/anaconda3/lib/python3.8/site-packages/airflow/example_dags/example_external_task_marker_dag.py
[2021-12-07 12:14:51,759] {processor.py:637} INFO - DAG(s) dict_keys(['example_external_task_marker_parent', 'example_external_task_marker_child']) retrieved from /Users/ballakeerthi/opt/anaconda3/lib/python3.8/site-packages/airflow/example_dags/example_external_task_marker_dag.py
[2021-12-07 12:14:51,778] {logging_mixin.py:109} INFO - [2021-12-07 12:14:51,776] {dag.py:2396} INFO - Sync 2 DAGs
[2021-12-07 12:14:51,787] {logging_mixin.py:109} INFO - [2021-12-07 12:14:51,787] {dag.py:2928} INFO - Setting next_dagrun for example_external_task_marker_child to None
[2021-12-07 12:14:51,787] {logging_mixin.py:109} INFO - [2021-12-07 12:14:51,787] {dag.py:2928} INFO - Setting next_dagrun for example_external_task_marker_parent to None
[2021-12-07 12:14:51,796] {processor.py:171} INFO - Processing /Users/ballakeerthi/opt/anaconda3/lib/python3.8/site-packages/airflow/example_dags/example_external_task_marker_dag.py took 0.077 seconds
[2021-12-07 12:17:50,242] {processor.py:163} INFO - Started process (PID=6545) to work on /Users/ballakeerthi/opt/anaconda3/lib/python3.8/site-packages/airflow/example_dags/example_external_task_marker_dag.py
[2021-12-07 12:17:50,248] {processor.py:625} INFO - Processing file /Users/ballakeerthi/opt/anaconda3/lib/python3.8/site-packages/airflow/example_dags/example_external_task_marker_dag.py for tasks to queue
[2021-12-07 12:17:50,248] {logging_mixin.py:109} INFO - [2021-12-07 12:17:50,248] {dagbag.py:500} INFO - Filling up the DagBag from /Users/ballakeerthi/opt/anaconda3/lib/python3.8/site-packages/airflow/example_dags/example_external_task_marker_dag.py
[2021-12-07 12:17:50,278] {processor.py:637} INFO - DAG(s) dict_keys(['example_external_task_marker_parent', 'example_external_task_marker_child']) retrieved from /Users/ballakeerthi/opt/anaconda3/lib/python3.8/site-packages/airflow/example_dags/example_external_task_marker_dag.py
[2021-12-07 12:17:50,297] {logging_mixin.py:109} INFO - [2021-12-07 12:17:50,296] {dag.py:2396} INFO - Sync 2 DAGs
[2021-12-07 12:17:50,305] {logging_mixin.py:109} INFO - [2021-12-07 12:17:50,305] {dag.py:2928} INFO - Setting next_dagrun for example_external_task_marker_child to None
[2021-12-07 12:17:50,305] {logging_mixin.py:109} INFO - [2021-12-07 12:17:50,305] {dag.py:2928} INFO - Setting next_dagrun for example_external_task_marker_parent to None
[2021-12-07 12:17:50,315] {processor.py:171} INFO - Processing /Users/ballakeerthi/opt/anaconda3/lib/python3.8/site-packages/airflow/example_dags/example_external_task_marker_dag.py took 0.073 seconds
[2021-12-07 12:20:52,948] {processor.py:163} INFO - Started process (PID=6655) to work on /Users/ballakeerthi/opt/anaconda3/lib/python3.8/site-packages/airflow/example_dags/example_external_task_marker_dag.py
[2021-12-07 12:20:52,952] {processor.py:625} INFO - Processing file /Users/ballakeerthi/opt/anaconda3/lib/python3.8/site-packages/airflow/example_dags/example_external_task_marker_dag.py for tasks to queue
[2021-12-07 12:20:52,952] {logging_mixin.py:109} INFO - [2021-12-07 12:20:52,952] {dagbag.py:500} INFO - Filling up the DagBag from /Users/ballakeerthi/opt/anaconda3/lib/python3.8/site-packages/airflow/example_dags/example_external_task_marker_dag.py
[2021-12-07 12:20:52,987] {processor.py:637} INFO - DAG(s) dict_keys(['example_external_task_marker_parent', 'example_external_task_marker_child']) retrieved from /Users/ballakeerthi/opt/anaconda3/lib/python3.8/site-packages/airflow/example_dags/example_external_task_marker_dag.py
[2021-12-07 12:20:53,008] {logging_mixin.py:109} INFO - [2021-12-07 12:20:53,007] {dag.py:2396} INFO - Sync 2 DAGs
[2021-12-07 12:20:53,016] {logging_mixin.py:109} INFO - [2021-12-07 12:20:53,016] {dag.py:2928} INFO - Setting next_dagrun for example_external_task_marker_child to None
[2021-12-07 12:20:53,017] {logging_mixin.py:109} INFO - [2021-12-07 12:20:53,017] {dag.py:2928} INFO - Setting next_dagrun for example_external_task_marker_parent to None
[2021-12-07 12:20:53,027] {processor.py:171} INFO - Processing /Users/ballakeerthi/opt/anaconda3/lib/python3.8/site-packages/airflow/example_dags/example_external_task_marker_dag.py took 0.079 seconds
[2021-12-07 12:23:40,750] {processor.py:163} INFO - Started process (PID=6765) to work on /Users/ballakeerthi/opt/anaconda3/lib/python3.8/site-packages/airflow/example_dags/example_external_task_marker_dag.py
[2021-12-07 12:23:40,755] {processor.py:625} INFO - Processing file /Users/ballakeerthi/opt/anaconda3/lib/python3.8/site-packages/airflow/example_dags/example_external_task_marker_dag.py for tasks to queue
[2021-12-07 12:23:40,756] {logging_mixin.py:109} INFO - [2021-12-07 12:23:40,756] {dagbag.py:500} INFO - Filling up the DagBag from /Users/ballakeerthi/opt/anaconda3/lib/python3.8/site-packages/airflow/example_dags/example_external_task_marker_dag.py
[2021-12-07 12:23:40,789] {processor.py:637} INFO - DAG(s) dict_keys(['example_external_task_marker_parent', 'example_external_task_marker_child']) retrieved from /Users/ballakeerthi/opt/anaconda3/lib/python3.8/site-packages/airflow/example_dags/example_external_task_marker_dag.py
[2021-12-07 12:23:40,809] {logging_mixin.py:109} INFO - [2021-12-07 12:23:40,808] {dag.py:2396} INFO - Sync 2 DAGs
[2021-12-07 12:23:40,817] {logging_mixin.py:109} INFO - [2021-12-07 12:23:40,817] {dag.py:2928} INFO - Setting next_dagrun for example_external_task_marker_child to None
[2021-12-07 12:23:40,817] {logging_mixin.py:109} INFO - [2021-12-07 12:23:40,817] {dag.py:2928} INFO - Setting next_dagrun for example_external_task_marker_parent to None
[2021-12-07 12:23:40,825] {processor.py:171} INFO - Processing /Users/ballakeerthi/opt/anaconda3/lib/python3.8/site-packages/airflow/example_dags/example_external_task_marker_dag.py took 0.076 seconds
[2021-12-07 13:03:45,304] {processor.py:163} INFO - Started process (PID=6896) to work on /Users/ballakeerthi/opt/anaconda3/lib/python3.8/site-packages/airflow/example_dags/example_external_task_marker_dag.py
[2021-12-07 13:03:45,307] {processor.py:625} INFO - Processing file /Users/ballakeerthi/opt/anaconda3/lib/python3.8/site-packages/airflow/example_dags/example_external_task_marker_dag.py for tasks to queue
[2021-12-07 13:03:45,308] {logging_mixin.py:109} INFO - [2021-12-07 13:03:45,308] {dagbag.py:500} INFO - Filling up the DagBag from /Users/ballakeerthi/opt/anaconda3/lib/python3.8/site-packages/airflow/example_dags/example_external_task_marker_dag.py
[2021-12-07 13:03:45,338] {processor.py:637} INFO - DAG(s) dict_keys(['example_external_task_marker_parent', 'example_external_task_marker_child']) retrieved from /Users/ballakeerthi/opt/anaconda3/lib/python3.8/site-packages/airflow/example_dags/example_external_task_marker_dag.py
[2021-12-07 13:03:45,354] {logging_mixin.py:109} INFO - [2021-12-07 13:03:45,353] {dag.py:2396} INFO - Sync 2 DAGs
[2021-12-07 13:03:45,360] {logging_mixin.py:109} INFO - [2021-12-07 13:03:45,360] {dag.py:2928} INFO - Setting next_dagrun for example_external_task_marker_child to None
[2021-12-07 13:03:45,360] {logging_mixin.py:109} INFO - [2021-12-07 13:03:45,360] {dag.py:2928} INFO - Setting next_dagrun for example_external_task_marker_parent to None
[2021-12-07 13:03:45,366] {processor.py:171} INFO - Processing /Users/ballakeerthi/opt/anaconda3/lib/python3.8/site-packages/airflow/example_dags/example_external_task_marker_dag.py took 0.062 seconds
[2021-12-07 13:25:12,399] {processor.py:163} INFO - Started process (PID=7004) to work on /Users/ballakeerthi/opt/anaconda3/lib/python3.8/site-packages/airflow/example_dags/example_external_task_marker_dag.py
[2021-12-07 13:25:12,405] {processor.py:625} INFO - Processing file /Users/ballakeerthi/opt/anaconda3/lib/python3.8/site-packages/airflow/example_dags/example_external_task_marker_dag.py for tasks to queue
[2021-12-07 13:25:12,406] {logging_mixin.py:109} INFO - [2021-12-07 13:25:12,405] {dagbag.py:500} INFO - Filling up the DagBag from /Users/ballakeerthi/opt/anaconda3/lib/python3.8/site-packages/airflow/example_dags/example_external_task_marker_dag.py
[2021-12-07 13:25:12,448] {processor.py:637} INFO - DAG(s) dict_keys(['example_external_task_marker_parent', 'example_external_task_marker_child']) retrieved from /Users/ballakeerthi/opt/anaconda3/lib/python3.8/site-packages/airflow/example_dags/example_external_task_marker_dag.py
[2021-12-07 13:25:12,469] {logging_mixin.py:109} INFO - [2021-12-07 13:25:12,468] {dag.py:2396} INFO - Sync 2 DAGs
[2021-12-07 13:25:12,481] {logging_mixin.py:109} INFO - [2021-12-07 13:25:12,481] {dag.py:2928} INFO - Setting next_dagrun for example_external_task_marker_child to None
[2021-12-07 13:25:12,482] {logging_mixin.py:109} INFO - [2021-12-07 13:25:12,481] {dag.py:2928} INFO - Setting next_dagrun for example_external_task_marker_parent to None
[2021-12-07 13:25:12,491] {processor.py:171} INFO - Processing /Users/ballakeerthi/opt/anaconda3/lib/python3.8/site-packages/airflow/example_dags/example_external_task_marker_dag.py took 0.093 seconds
[2021-12-07 13:27:54,780] {processor.py:163} INFO - Started process (PID=7117) to work on /Users/ballakeerthi/opt/anaconda3/lib/python3.8/site-packages/airflow/example_dags/example_external_task_marker_dag.py
[2021-12-07 13:27:54,782] {processor.py:625} INFO - Processing file /Users/ballakeerthi/opt/anaconda3/lib/python3.8/site-packages/airflow/example_dags/example_external_task_marker_dag.py for tasks to queue
[2021-12-07 13:27:54,782] {logging_mixin.py:109} INFO - [2021-12-07 13:27:54,782] {dagbag.py:500} INFO - Filling up the DagBag from /Users/ballakeerthi/opt/anaconda3/lib/python3.8/site-packages/airflow/example_dags/example_external_task_marker_dag.py
[2021-12-07 13:27:54,811] {processor.py:637} INFO - DAG(s) dict_keys(['example_external_task_marker_parent', 'example_external_task_marker_child']) retrieved from /Users/ballakeerthi/opt/anaconda3/lib/python3.8/site-packages/airflow/example_dags/example_external_task_marker_dag.py
[2021-12-07 13:27:54,826] {logging_mixin.py:109} INFO - [2021-12-07 13:27:54,825] {dag.py:2396} INFO - Sync 2 DAGs
[2021-12-07 13:27:54,834] {logging_mixin.py:109} INFO - [2021-12-07 13:27:54,834] {dag.py:2928} INFO - Setting next_dagrun for example_external_task_marker_child to None
[2021-12-07 13:27:54,834] {logging_mixin.py:109} INFO - [2021-12-07 13:27:54,834] {dag.py:2928} INFO - Setting next_dagrun for example_external_task_marker_parent to None
[2021-12-07 13:27:54,844] {processor.py:171} INFO - Processing /Users/ballakeerthi/opt/anaconda3/lib/python3.8/site-packages/airflow/example_dags/example_external_task_marker_dag.py took 0.065 seconds
[2021-12-07 13:30:13,586] {processor.py:163} INFO - Started process (PID=7222) to work on /Users/ballakeerthi/opt/anaconda3/lib/python3.8/site-packages/airflow/example_dags/example_external_task_marker_dag.py
[2021-12-07 13:30:13,593] {processor.py:625} INFO - Processing file /Users/ballakeerthi/opt/anaconda3/lib/python3.8/site-packages/airflow/example_dags/example_external_task_marker_dag.py for tasks to queue
[2021-12-07 13:30:13,594] {logging_mixin.py:109} INFO - [2021-12-07 13:30:13,594] {dagbag.py:500} INFO - Filling up the DagBag from /Users/ballakeerthi/opt/anaconda3/lib/python3.8/site-packages/airflow/example_dags/example_external_task_marker_dag.py
[2021-12-07 13:30:13,621] {processor.py:637} INFO - DAG(s) dict_keys(['example_external_task_marker_parent', 'example_external_task_marker_child']) retrieved from /Users/ballakeerthi/opt/anaconda3/lib/python3.8/site-packages/airflow/example_dags/example_external_task_marker_dag.py
[2021-12-07 13:30:13,636] {logging_mixin.py:109} INFO - [2021-12-07 13:30:13,635] {dag.py:2396} INFO - Sync 2 DAGs
[2021-12-07 13:30:13,642] {logging_mixin.py:109} INFO - [2021-12-07 13:30:13,642] {dag.py:2928} INFO - Setting next_dagrun for example_external_task_marker_child to None
[2021-12-07 13:30:13,643] {logging_mixin.py:109} INFO - [2021-12-07 13:30:13,643] {dag.py:2928} INFO - Setting next_dagrun for example_external_task_marker_parent to None
[2021-12-07 13:30:13,650] {processor.py:171} INFO - Processing /Users/ballakeerthi/opt/anaconda3/lib/python3.8/site-packages/airflow/example_dags/example_external_task_marker_dag.py took 0.065 seconds
[2021-12-07 13:32:25,582] {processor.py:163} INFO - Started process (PID=7327) to work on /Users/ballakeerthi/opt/anaconda3/lib/python3.8/site-packages/airflow/example_dags/example_external_task_marker_dag.py
[2021-12-07 13:32:25,589] {processor.py:625} INFO - Processing file /Users/ballakeerthi/opt/anaconda3/lib/python3.8/site-packages/airflow/example_dags/example_external_task_marker_dag.py for tasks to queue
[2021-12-07 13:32:25,590] {logging_mixin.py:109} INFO - [2021-12-07 13:32:25,589] {dagbag.py:500} INFO - Filling up the DagBag from /Users/ballakeerthi/opt/anaconda3/lib/python3.8/site-packages/airflow/example_dags/example_external_task_marker_dag.py
[2021-12-07 13:32:25,618] {processor.py:637} INFO - DAG(s) dict_keys(['example_external_task_marker_parent', 'example_external_task_marker_child']) retrieved from /Users/ballakeerthi/opt/anaconda3/lib/python3.8/site-packages/airflow/example_dags/example_external_task_marker_dag.py
[2021-12-07 13:32:25,632] {logging_mixin.py:109} INFO - [2021-12-07 13:32:25,631] {dag.py:2396} INFO - Sync 2 DAGs
[2021-12-07 13:32:25,639] {logging_mixin.py:109} INFO - [2021-12-07 13:32:25,639] {dag.py:2928} INFO - Setting next_dagrun for example_external_task_marker_child to None
[2021-12-07 13:32:25,639] {logging_mixin.py:109} INFO - [2021-12-07 13:32:25,639] {dag.py:2928} INFO - Setting next_dagrun for example_external_task_marker_parent to None
[2021-12-07 13:32:25,648] {processor.py:171} INFO - Processing /Users/ballakeerthi/opt/anaconda3/lib/python3.8/site-packages/airflow/example_dags/example_external_task_marker_dag.py took 0.066 seconds
[2021-12-07 13:35:25,050] {processor.py:163} INFO - Started process (PID=7496) to work on /Users/ballakeerthi/opt/anaconda3/lib/python3.8/site-packages/airflow/example_dags/example_external_task_marker_dag.py
[2021-12-07 13:35:25,050] {processor.py:625} INFO - Processing file /Users/ballakeerthi/opt/anaconda3/lib/python3.8/site-packages/airflow/example_dags/example_external_task_marker_dag.py for tasks to queue
[2021-12-07 13:35:25,051] {logging_mixin.py:109} INFO - [2021-12-07 13:35:25,051] {dagbag.py:500} INFO - Filling up the DagBag from /Users/ballakeerthi/opt/anaconda3/lib/python3.8/site-packages/airflow/example_dags/example_external_task_marker_dag.py
[2021-12-07 13:35:25,078] {processor.py:637} INFO - DAG(s) dict_keys(['example_external_task_marker_parent', 'example_external_task_marker_child']) retrieved from /Users/ballakeerthi/opt/anaconda3/lib/python3.8/site-packages/airflow/example_dags/example_external_task_marker_dag.py
[2021-12-07 13:35:25,094] {logging_mixin.py:109} INFO - [2021-12-07 13:35:25,093] {dag.py:2396} INFO - Sync 2 DAGs
[2021-12-07 13:35:25,101] {logging_mixin.py:109} INFO - [2021-12-07 13:35:25,101] {dag.py:2928} INFO - Setting next_dagrun for example_external_task_marker_child to None
[2021-12-07 13:35:25,101] {logging_mixin.py:109} INFO - [2021-12-07 13:35:25,101] {dag.py:2928} INFO - Setting next_dagrun for example_external_task_marker_parent to None
[2021-12-07 13:35:25,108] {processor.py:171} INFO - Processing /Users/ballakeerthi/opt/anaconda3/lib/python3.8/site-packages/airflow/example_dags/example_external_task_marker_dag.py took 0.059 seconds
[2021-12-07 13:38:13,511] {processor.py:163} INFO - Started process (PID=7631) to work on /Users/ballakeerthi/opt/anaconda3/lib/python3.8/site-packages/airflow/example_dags/example_external_task_marker_dag.py
[2021-12-07 13:38:13,512] {processor.py:625} INFO - Processing file /Users/ballakeerthi/opt/anaconda3/lib/python3.8/site-packages/airflow/example_dags/example_external_task_marker_dag.py for tasks to queue
[2021-12-07 13:38:13,512] {logging_mixin.py:109} INFO - [2021-12-07 13:38:13,512] {dagbag.py:500} INFO - Filling up the DagBag from /Users/ballakeerthi/opt/anaconda3/lib/python3.8/site-packages/airflow/example_dags/example_external_task_marker_dag.py
[2021-12-07 13:38:13,549] {processor.py:637} INFO - DAG(s) dict_keys(['example_external_task_marker_parent', 'example_external_task_marker_child']) retrieved from /Users/ballakeerthi/opt/anaconda3/lib/python3.8/site-packages/airflow/example_dags/example_external_task_marker_dag.py
[2021-12-07 13:38:13,572] {logging_mixin.py:109} INFO - [2021-12-07 13:38:13,569] {dag.py:2396} INFO - Sync 2 DAGs
[2021-12-07 13:38:13,582] {logging_mixin.py:109} INFO - [2021-12-07 13:38:13,582] {dag.py:2928} INFO - Setting next_dagrun for example_external_task_marker_child to None
[2021-12-07 13:38:13,582] {logging_mixin.py:109} INFO - [2021-12-07 13:38:13,582] {dag.py:2928} INFO - Setting next_dagrun for example_external_task_marker_parent to None
[2021-12-07 13:38:13,596] {processor.py:171} INFO - Processing /Users/ballakeerthi/opt/anaconda3/lib/python3.8/site-packages/airflow/example_dags/example_external_task_marker_dag.py took 0.086 seconds
[2021-12-07 13:41:01,595] {processor.py:163} INFO - Started process (PID=7796) to work on /Users/ballakeerthi/opt/anaconda3/lib/python3.8/site-packages/airflow/example_dags/example_external_task_marker_dag.py
[2021-12-07 13:41:01,601] {processor.py:625} INFO - Processing file /Users/ballakeerthi/opt/anaconda3/lib/python3.8/site-packages/airflow/example_dags/example_external_task_marker_dag.py for tasks to queue
[2021-12-07 13:41:01,601] {logging_mixin.py:109} INFO - [2021-12-07 13:41:01,601] {dagbag.py:500} INFO - Filling up the DagBag from /Users/ballakeerthi/opt/anaconda3/lib/python3.8/site-packages/airflow/example_dags/example_external_task_marker_dag.py
[2021-12-07 13:41:01,627] {processor.py:637} INFO - DAG(s) dict_keys(['example_external_task_marker_parent', 'example_external_task_marker_child']) retrieved from /Users/ballakeerthi/opt/anaconda3/lib/python3.8/site-packages/airflow/example_dags/example_external_task_marker_dag.py
[2021-12-07 13:41:01,643] {logging_mixin.py:109} INFO - [2021-12-07 13:41:01,642] {dag.py:2396} INFO - Sync 2 DAGs
[2021-12-07 13:41:01,649] {logging_mixin.py:109} INFO - [2021-12-07 13:41:01,649] {dag.py:2928} INFO - Setting next_dagrun for example_external_task_marker_child to None
[2021-12-07 13:41:01,650] {logging_mixin.py:109} INFO - [2021-12-07 13:41:01,650] {dag.py:2928} INFO - Setting next_dagrun for example_external_task_marker_parent to None
[2021-12-07 13:41:01,658] {processor.py:171} INFO - Processing /Users/ballakeerthi/opt/anaconda3/lib/python3.8/site-packages/airflow/example_dags/example_external_task_marker_dag.py took 0.064 seconds
[2021-12-07 13:43:44,126] {processor.py:163} INFO - Started process (PID=7916) to work on /Users/ballakeerthi/opt/anaconda3/lib/python3.8/site-packages/airflow/example_dags/example_external_task_marker_dag.py
[2021-12-07 13:43:44,127] {processor.py:625} INFO - Processing file /Users/ballakeerthi/opt/anaconda3/lib/python3.8/site-packages/airflow/example_dags/example_external_task_marker_dag.py for tasks to queue
[2021-12-07 13:43:44,128] {logging_mixin.py:109} INFO - [2021-12-07 13:43:44,128] {dagbag.py:500} INFO - Filling up the DagBag from /Users/ballakeerthi/opt/anaconda3/lib/python3.8/site-packages/airflow/example_dags/example_external_task_marker_dag.py
[2021-12-07 13:43:44,156] {processor.py:637} INFO - DAG(s) dict_keys(['example_external_task_marker_parent', 'example_external_task_marker_child']) retrieved from /Users/ballakeerthi/opt/anaconda3/lib/python3.8/site-packages/airflow/example_dags/example_external_task_marker_dag.py
[2021-12-07 13:43:44,171] {logging_mixin.py:109} INFO - [2021-12-07 13:43:44,170] {dag.py:2396} INFO - Sync 2 DAGs
[2021-12-07 13:43:44,177] {logging_mixin.py:109} INFO - [2021-12-07 13:43:44,177] {dag.py:2928} INFO - Setting next_dagrun for example_external_task_marker_child to None
[2021-12-07 13:43:44,178] {logging_mixin.py:109} INFO - [2021-12-07 13:43:44,178] {dag.py:2928} INFO - Setting next_dagrun for example_external_task_marker_parent to None
[2021-12-07 13:43:44,185] {processor.py:171} INFO - Processing /Users/ballakeerthi/opt/anaconda3/lib/python3.8/site-packages/airflow/example_dags/example_external_task_marker_dag.py took 0.059 seconds
