[2021-12-07 10:54:50,536] {processor.py:163} INFO - Started process (PID=2674) to work on /Users/ballakeerthi/opt/anaconda3/envs/airflow/lib/python3.9/site-packages/airflow/example_dags/tutorial_etl_dag.py
[2021-12-07 10:54:50,536] {processor.py:625} INFO - Processing file /Users/ballakeerthi/opt/anaconda3/envs/airflow/lib/python3.9/site-packages/airflow/example_dags/tutorial_etl_dag.py for tasks to queue
[2021-12-07 10:54:50,538] {logging_mixin.py:109} INFO - [2021-12-07 10:54:50,538] {dagbag.py:500} INFO - Filling up the DagBag from /Users/ballakeerthi/opt/anaconda3/envs/airflow/lib/python3.9/site-packages/airflow/example_dags/tutorial_etl_dag.py
[2021-12-07 10:54:50,583] {processor.py:637} INFO - DAG(s) dict_keys(['tutorial_etl_dag']) retrieved from /Users/ballakeerthi/opt/anaconda3/envs/airflow/lib/python3.9/site-packages/airflow/example_dags/tutorial_etl_dag.py
[2021-12-07 10:54:50,599] {logging_mixin.py:109} INFO - [2021-12-07 10:54:50,599] {dag.py:2396} INFO - Sync 1 DAGs
[2021-12-07 10:54:50,609] {logging_mixin.py:109} INFO - [2021-12-07 10:54:50,609] {dag.py:2928} INFO - Setting next_dagrun for tutorial_etl_dag to None
[2021-12-07 10:54:50,615] {processor.py:171} INFO - Processing /Users/ballakeerthi/opt/anaconda3/envs/airflow/lib/python3.9/site-packages/airflow/example_dags/tutorial_etl_dag.py took 0.080 seconds
[2021-12-07 10:57:12,561] {processor.py:163} INFO - Started process (PID=2737) to work on /Users/ballakeerthi/opt/anaconda3/envs/airflow/lib/python3.9/site-packages/airflow/example_dags/tutorial_etl_dag.py
[2021-12-07 10:57:12,563] {processor.py:625} INFO - Processing file /Users/ballakeerthi/opt/anaconda3/envs/airflow/lib/python3.9/site-packages/airflow/example_dags/tutorial_etl_dag.py for tasks to queue
[2021-12-07 10:57:12,565] {logging_mixin.py:109} INFO - [2021-12-07 10:57:12,565] {dagbag.py:500} INFO - Filling up the DagBag from /Users/ballakeerthi/opt/anaconda3/envs/airflow/lib/python3.9/site-packages/airflow/example_dags/tutorial_etl_dag.py
[2021-12-07 10:57:12,602] {processor.py:637} INFO - DAG(s) dict_keys(['tutorial_etl_dag']) retrieved from /Users/ballakeerthi/opt/anaconda3/envs/airflow/lib/python3.9/site-packages/airflow/example_dags/tutorial_etl_dag.py
[2021-12-07 10:57:12,616] {logging_mixin.py:109} INFO - [2021-12-07 10:57:12,616] {dag.py:2396} INFO - Sync 1 DAGs
[2021-12-07 10:57:12,624] {logging_mixin.py:109} INFO - [2021-12-07 10:57:12,623] {dag.py:2928} INFO - Setting next_dagrun for tutorial_etl_dag to None
[2021-12-07 10:57:12,632] {processor.py:171} INFO - Processing /Users/ballakeerthi/opt/anaconda3/envs/airflow/lib/python3.9/site-packages/airflow/example_dags/tutorial_etl_dag.py took 0.071 seconds
[2021-12-07 10:58:35,156] {processor.py:163} INFO - Started process (PID=2935) to work on /Users/ballakeerthi/opt/anaconda3/envs/airflow/lib/python3.9/site-packages/airflow/example_dags/tutorial_etl_dag.py
[2021-12-07 10:58:35,157] {processor.py:625} INFO - Processing file /Users/ballakeerthi/opt/anaconda3/envs/airflow/lib/python3.9/site-packages/airflow/example_dags/tutorial_etl_dag.py for tasks to queue
[2021-12-07 10:58:35,159] {logging_mixin.py:109} INFO - [2021-12-07 10:58:35,158] {dagbag.py:500} INFO - Filling up the DagBag from /Users/ballakeerthi/opt/anaconda3/envs/airflow/lib/python3.9/site-packages/airflow/example_dags/tutorial_etl_dag.py
[2021-12-07 10:58:35,199] {processor.py:637} INFO - DAG(s) dict_keys(['tutorial_etl_dag']) retrieved from /Users/ballakeerthi/opt/anaconda3/envs/airflow/lib/python3.9/site-packages/airflow/example_dags/tutorial_etl_dag.py
[2021-12-07 10:58:35,215] {logging_mixin.py:109} INFO - [2021-12-07 10:58:35,215] {dag.py:2396} INFO - Sync 1 DAGs
[2021-12-07 10:58:35,224] {logging_mixin.py:109} INFO - [2021-12-07 10:58:35,224] {dag.py:2928} INFO - Setting next_dagrun for tutorial_etl_dag to None
[2021-12-07 10:58:35,231] {processor.py:171} INFO - Processing /Users/ballakeerthi/opt/anaconda3/envs/airflow/lib/python3.9/site-packages/airflow/example_dags/tutorial_etl_dag.py took 0.075 seconds
[2021-12-07 11:00:03,299] {processor.py:163} INFO - Started process (PID=3048) to work on /Users/ballakeerthi/opt/anaconda3/envs/airflow/lib/python3.9/site-packages/airflow/example_dags/tutorial_etl_dag.py
[2021-12-07 11:00:03,299] {processor.py:625} INFO - Processing file /Users/ballakeerthi/opt/anaconda3/envs/airflow/lib/python3.9/site-packages/airflow/example_dags/tutorial_etl_dag.py for tasks to queue
[2021-12-07 11:00:03,300] {logging_mixin.py:109} INFO - [2021-12-07 11:00:03,300] {dagbag.py:500} INFO - Filling up the DagBag from /Users/ballakeerthi/opt/anaconda3/envs/airflow/lib/python3.9/site-packages/airflow/example_dags/tutorial_etl_dag.py
[2021-12-07 11:00:03,339] {processor.py:637} INFO - DAG(s) dict_keys(['tutorial_etl_dag']) retrieved from /Users/ballakeerthi/opt/anaconda3/envs/airflow/lib/python3.9/site-packages/airflow/example_dags/tutorial_etl_dag.py
[2021-12-07 11:00:03,354] {logging_mixin.py:109} INFO - [2021-12-07 11:00:03,354] {dag.py:2396} INFO - Sync 1 DAGs
[2021-12-07 11:00:03,363] {logging_mixin.py:109} INFO - [2021-12-07 11:00:03,363] {dag.py:2928} INFO - Setting next_dagrun for tutorial_etl_dag to None
[2021-12-07 11:00:03,370] {processor.py:171} INFO - Processing /Users/ballakeerthi/opt/anaconda3/envs/airflow/lib/python3.9/site-packages/airflow/example_dags/tutorial_etl_dag.py took 0.072 seconds
[2021-12-07 11:01:06,651] {processor.py:163} INFO - Started process (PID=3228) to work on /Users/ballakeerthi/opt/anaconda3/envs/airflow/lib/python3.9/site-packages/airflow/example_dags/tutorial_etl_dag.py
[2021-12-07 11:01:06,764] {processor.py:625} INFO - Processing file /Users/ballakeerthi/opt/anaconda3/envs/airflow/lib/python3.9/site-packages/airflow/example_dags/tutorial_etl_dag.py for tasks to queue
[2021-12-07 11:01:06,767] {logging_mixin.py:109} INFO - [2021-12-07 11:01:06,767] {dagbag.py:500} INFO - Filling up the DagBag from /Users/ballakeerthi/opt/anaconda3/envs/airflow/lib/python3.9/site-packages/airflow/example_dags/tutorial_etl_dag.py
[2021-12-07 11:01:06,995] {processor.py:637} INFO - DAG(s) dict_keys(['tutorial_etl_dag']) retrieved from /Users/ballakeerthi/opt/anaconda3/envs/airflow/lib/python3.9/site-packages/airflow/example_dags/tutorial_etl_dag.py
[2021-12-07 11:01:07,056] {logging_mixin.py:109} INFO - [2021-12-07 11:01:07,056] {dag.py:2396} INFO - Sync 1 DAGs
[2021-12-07 11:01:07,093] {logging_mixin.py:109} INFO - [2021-12-07 11:01:07,093] {dag.py:2928} INFO - Setting next_dagrun for tutorial_etl_dag to None
[2021-12-07 11:01:07,117] {processor.py:171} INFO - Processing /Users/ballakeerthi/opt/anaconda3/envs/airflow/lib/python3.9/site-packages/airflow/example_dags/tutorial_etl_dag.py took 0.466 seconds
[2021-12-07 11:03:02,984] {processor.py:163} INFO - Started process (PID=3378) to work on /Users/ballakeerthi/opt/anaconda3/envs/airflow/lib/python3.9/site-packages/airflow/example_dags/tutorial_etl_dag.py
[2021-12-07 11:03:02,985] {processor.py:625} INFO - Processing file /Users/ballakeerthi/opt/anaconda3/envs/airflow/lib/python3.9/site-packages/airflow/example_dags/tutorial_etl_dag.py for tasks to queue
[2021-12-07 11:03:02,986] {logging_mixin.py:109} INFO - [2021-12-07 11:03:02,986] {dagbag.py:500} INFO - Filling up the DagBag from /Users/ballakeerthi/opt/anaconda3/envs/airflow/lib/python3.9/site-packages/airflow/example_dags/tutorial_etl_dag.py
[2021-12-07 11:03:03,022] {processor.py:637} INFO - DAG(s) dict_keys(['tutorial_etl_dag']) retrieved from /Users/ballakeerthi/opt/anaconda3/envs/airflow/lib/python3.9/site-packages/airflow/example_dags/tutorial_etl_dag.py
[2021-12-07 11:03:03,036] {logging_mixin.py:109} INFO - [2021-12-07 11:03:03,036] {dag.py:2396} INFO - Sync 1 DAGs
[2021-12-07 11:03:03,043] {logging_mixin.py:109} INFO - [2021-12-07 11:03:03,043] {dag.py:2928} INFO - Setting next_dagrun for tutorial_etl_dag to None
[2021-12-07 11:03:03,049] {processor.py:171} INFO - Processing /Users/ballakeerthi/opt/anaconda3/envs/airflow/lib/python3.9/site-packages/airflow/example_dags/tutorial_etl_dag.py took 0.065 seconds
[2021-12-07 11:04:27,670] {processor.py:163} INFO - Started process (PID=3491) to work on /Users/ballakeerthi/opt/anaconda3/envs/airflow/lib/python3.9/site-packages/airflow/example_dags/tutorial_etl_dag.py
[2021-12-07 11:04:27,671] {processor.py:625} INFO - Processing file /Users/ballakeerthi/opt/anaconda3/envs/airflow/lib/python3.9/site-packages/airflow/example_dags/tutorial_etl_dag.py for tasks to queue
[2021-12-07 11:04:27,672] {logging_mixin.py:109} INFO - [2021-12-07 11:04:27,672] {dagbag.py:500} INFO - Filling up the DagBag from /Users/ballakeerthi/opt/anaconda3/envs/airflow/lib/python3.9/site-packages/airflow/example_dags/tutorial_etl_dag.py
[2021-12-07 11:04:27,713] {processor.py:637} INFO - DAG(s) dict_keys(['tutorial_etl_dag']) retrieved from /Users/ballakeerthi/opt/anaconda3/envs/airflow/lib/python3.9/site-packages/airflow/example_dags/tutorial_etl_dag.py
[2021-12-07 11:04:27,729] {logging_mixin.py:109} INFO - [2021-12-07 11:04:27,729] {dag.py:2396} INFO - Sync 1 DAGs
[2021-12-07 11:04:27,736] {logging_mixin.py:109} INFO - [2021-12-07 11:04:27,736] {dag.py:2928} INFO - Setting next_dagrun for tutorial_etl_dag to None
[2021-12-07 11:04:27,743] {processor.py:171} INFO - Processing /Users/ballakeerthi/opt/anaconda3/envs/airflow/lib/python3.9/site-packages/airflow/example_dags/tutorial_etl_dag.py took 0.073 seconds
[2021-12-07 11:05:36,658] {processor.py:163} INFO - Started process (PID=3521) to work on /Users/ballakeerthi/opt/anaconda3/envs/airflow/lib/python3.9/site-packages/airflow/example_dags/tutorial_etl_dag.py
[2021-12-07 11:05:36,664] {processor.py:625} INFO - Processing file /Users/ballakeerthi/opt/anaconda3/envs/airflow/lib/python3.9/site-packages/airflow/example_dags/tutorial_etl_dag.py for tasks to queue
[2021-12-07 11:05:36,666] {logging_mixin.py:109} INFO - [2021-12-07 11:05:36,666] {dagbag.py:500} INFO - Filling up the DagBag from /Users/ballakeerthi/opt/anaconda3/envs/airflow/lib/python3.9/site-packages/airflow/example_dags/tutorial_etl_dag.py
[2021-12-07 11:05:36,706] {processor.py:637} INFO - DAG(s) dict_keys(['tutorial_etl_dag']) retrieved from /Users/ballakeerthi/opt/anaconda3/envs/airflow/lib/python3.9/site-packages/airflow/example_dags/tutorial_etl_dag.py
[2021-12-07 11:05:36,722] {logging_mixin.py:109} INFO - [2021-12-07 11:05:36,722] {dag.py:2396} INFO - Sync 1 DAGs
[2021-12-07 11:05:36,730] {logging_mixin.py:109} INFO - [2021-12-07 11:05:36,730] {dag.py:2928} INFO - Setting next_dagrun for tutorial_etl_dag to None
[2021-12-07 11:05:36,739] {processor.py:171} INFO - Processing /Users/ballakeerthi/opt/anaconda3/envs/airflow/lib/python3.9/site-packages/airflow/example_dags/tutorial_etl_dag.py took 0.082 seconds
[2021-12-07 11:08:04,996] {processor.py:163} INFO - Started process (PID=3573) to work on /Users/ballakeerthi/opt/anaconda3/lib/python3.8/site-packages/airflow/example_dags/tutorial_etl_dag.py
[2021-12-07 11:08:04,996] {processor.py:625} INFO - Processing file /Users/ballakeerthi/opt/anaconda3/lib/python3.8/site-packages/airflow/example_dags/tutorial_etl_dag.py for tasks to queue
[2021-12-07 11:08:04,997] {logging_mixin.py:109} INFO - [2021-12-07 11:08:04,997] {dagbag.py:500} INFO - Filling up the DagBag from /Users/ballakeerthi/opt/anaconda3/lib/python3.8/site-packages/airflow/example_dags/tutorial_etl_dag.py
[2021-12-07 11:08:05,040] {processor.py:637} INFO - DAG(s) dict_keys(['tutorial_etl_dag']) retrieved from /Users/ballakeerthi/opt/anaconda3/lib/python3.8/site-packages/airflow/example_dags/tutorial_etl_dag.py
[2021-12-07 11:08:05,260] {logging_mixin.py:109} INFO - [2021-12-07 11:08:05,259] {dag.py:2396} INFO - Sync 1 DAGs
[2021-12-07 11:08:05,270] {logging_mixin.py:109} INFO - [2021-12-07 11:08:05,270] {dag.py:2928} INFO - Setting next_dagrun for tutorial_etl_dag to None
[2021-12-07 11:08:05,281] {processor.py:171} INFO - Processing /Users/ballakeerthi/opt/anaconda3/lib/python3.8/site-packages/airflow/example_dags/tutorial_etl_dag.py took 0.285 seconds
[2021-12-07 11:10:15,925] {processor.py:163} INFO - Started process (PID=3661) to work on /Users/ballakeerthi/opt/anaconda3/lib/python3.8/site-packages/airflow/example_dags/tutorial_etl_dag.py
[2021-12-07 11:10:15,930] {processor.py:625} INFO - Processing file /Users/ballakeerthi/opt/anaconda3/lib/python3.8/site-packages/airflow/example_dags/tutorial_etl_dag.py for tasks to queue
[2021-12-07 11:10:15,931] {logging_mixin.py:109} INFO - [2021-12-07 11:10:15,931] {dagbag.py:500} INFO - Filling up the DagBag from /Users/ballakeerthi/opt/anaconda3/lib/python3.8/site-packages/airflow/example_dags/tutorial_etl_dag.py
[2021-12-07 11:10:16,101] {processor.py:637} INFO - DAG(s) dict_keys(['tutorial_etl_dag']) retrieved from /Users/ballakeerthi/opt/anaconda3/lib/python3.8/site-packages/airflow/example_dags/tutorial_etl_dag.py
[2021-12-07 11:10:16,141] {logging_mixin.py:109} INFO - [2021-12-07 11:10:16,141] {dag.py:2396} INFO - Sync 1 DAGs
[2021-12-07 11:10:16,155] {logging_mixin.py:109} INFO - [2021-12-07 11:10:16,155] {dag.py:2928} INFO - Setting next_dagrun for tutorial_etl_dag to None
[2021-12-07 11:10:16,164] {processor.py:171} INFO - Processing /Users/ballakeerthi/opt/anaconda3/lib/python3.8/site-packages/airflow/example_dags/tutorial_etl_dag.py took 0.239 seconds
[2021-12-07 11:11:49,457] {processor.py:163} INFO - Started process (PID=3730) to work on /Users/ballakeerthi/opt/anaconda3/lib/python3.8/site-packages/airflow/example_dags/tutorial_etl_dag.py
[2021-12-07 11:11:49,459] {processor.py:625} INFO - Processing file /Users/ballakeerthi/opt/anaconda3/lib/python3.8/site-packages/airflow/example_dags/tutorial_etl_dag.py for tasks to queue
[2021-12-07 11:11:49,460] {logging_mixin.py:109} INFO - [2021-12-07 11:11:49,460] {dagbag.py:500} INFO - Filling up the DagBag from /Users/ballakeerthi/opt/anaconda3/lib/python3.8/site-packages/airflow/example_dags/tutorial_etl_dag.py
[2021-12-07 11:11:49,499] {processor.py:637} INFO - DAG(s) dict_keys(['tutorial_etl_dag']) retrieved from /Users/ballakeerthi/opt/anaconda3/lib/python3.8/site-packages/airflow/example_dags/tutorial_etl_dag.py
[2021-12-07 11:11:49,512] {logging_mixin.py:109} INFO - [2021-12-07 11:11:49,512] {dag.py:2396} INFO - Sync 1 DAGs
[2021-12-07 11:11:49,519] {logging_mixin.py:109} INFO - [2021-12-07 11:11:49,519] {dag.py:2928} INFO - Setting next_dagrun for tutorial_etl_dag to None
[2021-12-07 11:11:49,527] {processor.py:171} INFO - Processing /Users/ballakeerthi/opt/anaconda3/lib/python3.8/site-packages/airflow/example_dags/tutorial_etl_dag.py took 0.070 seconds
[2021-12-07 11:13:11,302] {processor.py:163} INFO - Started process (PID=3788) to work on /Users/ballakeerthi/opt/anaconda3/lib/python3.8/site-packages/airflow/example_dags/tutorial_etl_dag.py
[2021-12-07 11:13:11,308] {processor.py:625} INFO - Processing file /Users/ballakeerthi/opt/anaconda3/lib/python3.8/site-packages/airflow/example_dags/tutorial_etl_dag.py for tasks to queue
[2021-12-07 11:13:11,308] {logging_mixin.py:109} INFO - [2021-12-07 11:13:11,308] {dagbag.py:500} INFO - Filling up the DagBag from /Users/ballakeerthi/opt/anaconda3/lib/python3.8/site-packages/airflow/example_dags/tutorial_etl_dag.py
[2021-12-07 11:13:11,348] {processor.py:637} INFO - DAG(s) dict_keys(['tutorial_etl_dag']) retrieved from /Users/ballakeerthi/opt/anaconda3/lib/python3.8/site-packages/airflow/example_dags/tutorial_etl_dag.py
[2021-12-07 11:13:11,361] {logging_mixin.py:109} INFO - [2021-12-07 11:13:11,361] {dag.py:2396} INFO - Sync 1 DAGs
[2021-12-07 11:13:11,370] {logging_mixin.py:109} INFO - [2021-12-07 11:13:11,369] {dag.py:2928} INFO - Setting next_dagrun for tutorial_etl_dag to None
[2021-12-07 11:13:11,377] {processor.py:171} INFO - Processing /Users/ballakeerthi/opt/anaconda3/lib/python3.8/site-packages/airflow/example_dags/tutorial_etl_dag.py took 0.075 seconds
[2021-12-07 11:14:34,430] {processor.py:163} INFO - Started process (PID=3851) to work on /Users/ballakeerthi/opt/anaconda3/lib/python3.8/site-packages/airflow/example_dags/tutorial_etl_dag.py
[2021-12-07 11:14:34,432] {processor.py:625} INFO - Processing file /Users/ballakeerthi/opt/anaconda3/lib/python3.8/site-packages/airflow/example_dags/tutorial_etl_dag.py for tasks to queue
[2021-12-07 11:14:34,433] {logging_mixin.py:109} INFO - [2021-12-07 11:14:34,433] {dagbag.py:500} INFO - Filling up the DagBag from /Users/ballakeerthi/opt/anaconda3/lib/python3.8/site-packages/airflow/example_dags/tutorial_etl_dag.py
[2021-12-07 11:14:34,470] {processor.py:637} INFO - DAG(s) dict_keys(['tutorial_etl_dag']) retrieved from /Users/ballakeerthi/opt/anaconda3/lib/python3.8/site-packages/airflow/example_dags/tutorial_etl_dag.py
[2021-12-07 11:14:34,483] {logging_mixin.py:109} INFO - [2021-12-07 11:14:34,483] {dag.py:2396} INFO - Sync 1 DAGs
[2021-12-07 11:14:34,490] {logging_mixin.py:109} INFO - [2021-12-07 11:14:34,490] {dag.py:2928} INFO - Setting next_dagrun for tutorial_etl_dag to None
[2021-12-07 11:14:34,498] {processor.py:171} INFO - Processing /Users/ballakeerthi/opt/anaconda3/lib/python3.8/site-packages/airflow/example_dags/tutorial_etl_dag.py took 0.068 seconds
[2021-12-07 11:15:57,169] {processor.py:163} INFO - Started process (PID=3910) to work on /Users/ballakeerthi/opt/anaconda3/lib/python3.8/site-packages/airflow/example_dags/tutorial_etl_dag.py
[2021-12-07 11:15:57,175] {processor.py:625} INFO - Processing file /Users/ballakeerthi/opt/anaconda3/lib/python3.8/site-packages/airflow/example_dags/tutorial_etl_dag.py for tasks to queue
[2021-12-07 11:15:57,175] {logging_mixin.py:109} INFO - [2021-12-07 11:15:57,175] {dagbag.py:500} INFO - Filling up the DagBag from /Users/ballakeerthi/opt/anaconda3/lib/python3.8/site-packages/airflow/example_dags/tutorial_etl_dag.py
[2021-12-07 11:15:57,213] {processor.py:637} INFO - DAG(s) dict_keys(['tutorial_etl_dag']) retrieved from /Users/ballakeerthi/opt/anaconda3/lib/python3.8/site-packages/airflow/example_dags/tutorial_etl_dag.py
[2021-12-07 11:15:57,227] {logging_mixin.py:109} INFO - [2021-12-07 11:15:57,227] {dag.py:2396} INFO - Sync 1 DAGs
[2021-12-07 11:15:57,234] {logging_mixin.py:109} INFO - [2021-12-07 11:15:57,234] {dag.py:2928} INFO - Setting next_dagrun for tutorial_etl_dag to None
[2021-12-07 11:15:57,243] {processor.py:171} INFO - Processing /Users/ballakeerthi/opt/anaconda3/lib/python3.8/site-packages/airflow/example_dags/tutorial_etl_dag.py took 0.074 seconds
[2021-12-07 11:17:14,557] {processor.py:163} INFO - Started process (PID=3965) to work on /Users/ballakeerthi/opt/anaconda3/lib/python3.8/site-packages/airflow/example_dags/tutorial_etl_dag.py
[2021-12-07 11:17:14,558] {processor.py:625} INFO - Processing file /Users/ballakeerthi/opt/anaconda3/lib/python3.8/site-packages/airflow/example_dags/tutorial_etl_dag.py for tasks to queue
[2021-12-07 11:17:14,558] {logging_mixin.py:109} INFO - [2021-12-07 11:17:14,558] {dagbag.py:500} INFO - Filling up the DagBag from /Users/ballakeerthi/opt/anaconda3/lib/python3.8/site-packages/airflow/example_dags/tutorial_etl_dag.py
[2021-12-07 11:17:14,607] {processor.py:637} INFO - DAG(s) dict_keys(['tutorial_etl_dag']) retrieved from /Users/ballakeerthi/opt/anaconda3/lib/python3.8/site-packages/airflow/example_dags/tutorial_etl_dag.py
[2021-12-07 11:17:14,624] {logging_mixin.py:109} INFO - [2021-12-07 11:17:14,624] {dag.py:2396} INFO - Sync 1 DAGs
[2021-12-07 11:17:14,632] {logging_mixin.py:109} INFO - [2021-12-07 11:17:14,632] {dag.py:2928} INFO - Setting next_dagrun for tutorial_etl_dag to None
[2021-12-07 11:17:14,640] {processor.py:171} INFO - Processing /Users/ballakeerthi/opt/anaconda3/lib/python3.8/site-packages/airflow/example_dags/tutorial_etl_dag.py took 0.084 seconds
[2021-12-07 11:18:31,502] {processor.py:163} INFO - Started process (PID=4019) to work on /Users/ballakeerthi/opt/anaconda3/lib/python3.8/site-packages/airflow/example_dags/tutorial_etl_dag.py
[2021-12-07 11:18:31,508] {processor.py:625} INFO - Processing file /Users/ballakeerthi/opt/anaconda3/lib/python3.8/site-packages/airflow/example_dags/tutorial_etl_dag.py for tasks to queue
[2021-12-07 11:18:31,508] {logging_mixin.py:109} INFO - [2021-12-07 11:18:31,508] {dagbag.py:500} INFO - Filling up the DagBag from /Users/ballakeerthi/opt/anaconda3/lib/python3.8/site-packages/airflow/example_dags/tutorial_etl_dag.py
[2021-12-07 11:18:31,547] {processor.py:637} INFO - DAG(s) dict_keys(['tutorial_etl_dag']) retrieved from /Users/ballakeerthi/opt/anaconda3/lib/python3.8/site-packages/airflow/example_dags/tutorial_etl_dag.py
[2021-12-07 11:18:31,560] {logging_mixin.py:109} INFO - [2021-12-07 11:18:31,560] {dag.py:2396} INFO - Sync 1 DAGs
[2021-12-07 11:18:31,567] {logging_mixin.py:109} INFO - [2021-12-07 11:18:31,567] {dag.py:2928} INFO - Setting next_dagrun for tutorial_etl_dag to None
[2021-12-07 11:18:31,576] {processor.py:171} INFO - Processing /Users/ballakeerthi/opt/anaconda3/lib/python3.8/site-packages/airflow/example_dags/tutorial_etl_dag.py took 0.074 seconds
[2021-12-07 11:19:48,760] {processor.py:163} INFO - Started process (PID=4075) to work on /Users/ballakeerthi/opt/anaconda3/lib/python3.8/site-packages/airflow/example_dags/tutorial_etl_dag.py
[2021-12-07 11:19:48,762] {processor.py:625} INFO - Processing file /Users/ballakeerthi/opt/anaconda3/lib/python3.8/site-packages/airflow/example_dags/tutorial_etl_dag.py for tasks to queue
[2021-12-07 11:19:48,763] {logging_mixin.py:109} INFO - [2021-12-07 11:19:48,763] {dagbag.py:500} INFO - Filling up the DagBag from /Users/ballakeerthi/opt/anaconda3/lib/python3.8/site-packages/airflow/example_dags/tutorial_etl_dag.py
[2021-12-07 11:19:48,803] {processor.py:637} INFO - DAG(s) dict_keys(['tutorial_etl_dag']) retrieved from /Users/ballakeerthi/opt/anaconda3/lib/python3.8/site-packages/airflow/example_dags/tutorial_etl_dag.py
[2021-12-07 11:19:48,817] {logging_mixin.py:109} INFO - [2021-12-07 11:19:48,816] {dag.py:2396} INFO - Sync 1 DAGs
[2021-12-07 11:19:48,823] {logging_mixin.py:109} INFO - [2021-12-07 11:19:48,823] {dag.py:2928} INFO - Setting next_dagrun for tutorial_etl_dag to None
[2021-12-07 11:19:48,830] {processor.py:171} INFO - Processing /Users/ballakeerthi/opt/anaconda3/lib/python3.8/site-packages/airflow/example_dags/tutorial_etl_dag.py took 0.071 seconds
[2021-12-07 11:21:18,388] {processor.py:163} INFO - Started process (PID=4162) to work on /Users/ballakeerthi/opt/anaconda3/lib/python3.8/site-packages/airflow/example_dags/tutorial_etl_dag.py
[2021-12-07 11:21:18,389] {processor.py:625} INFO - Processing file /Users/ballakeerthi/opt/anaconda3/lib/python3.8/site-packages/airflow/example_dags/tutorial_etl_dag.py for tasks to queue
[2021-12-07 11:21:18,389] {logging_mixin.py:109} INFO - [2021-12-07 11:21:18,389] {dagbag.py:500} INFO - Filling up the DagBag from /Users/ballakeerthi/opt/anaconda3/lib/python3.8/site-packages/airflow/example_dags/tutorial_etl_dag.py
[2021-12-07 11:21:18,435] {processor.py:637} INFO - DAG(s) dict_keys(['tutorial_etl_dag']) retrieved from /Users/ballakeerthi/opt/anaconda3/lib/python3.8/site-packages/airflow/example_dags/tutorial_etl_dag.py
[2021-12-07 11:21:18,452] {logging_mixin.py:109} INFO - [2021-12-07 11:21:18,452] {dag.py:2396} INFO - Sync 1 DAGs
[2021-12-07 11:21:18,459] {logging_mixin.py:109} INFO - [2021-12-07 11:21:18,459] {dag.py:2928} INFO - Setting next_dagrun for tutorial_etl_dag to None
[2021-12-07 11:21:18,471] {processor.py:171} INFO - Processing /Users/ballakeerthi/opt/anaconda3/lib/python3.8/site-packages/airflow/example_dags/tutorial_etl_dag.py took 0.084 seconds
[2021-12-07 11:22:43,072] {processor.py:163} INFO - Started process (PID=4234) to work on /Users/ballakeerthi/opt/anaconda3/lib/python3.8/site-packages/airflow/example_dags/tutorial_etl_dag.py
[2021-12-07 11:22:43,073] {processor.py:625} INFO - Processing file /Users/ballakeerthi/opt/anaconda3/lib/python3.8/site-packages/airflow/example_dags/tutorial_etl_dag.py for tasks to queue
[2021-12-07 11:22:43,073] {logging_mixin.py:109} INFO - [2021-12-07 11:22:43,073] {dagbag.py:500} INFO - Filling up the DagBag from /Users/ballakeerthi/opt/anaconda3/lib/python3.8/site-packages/airflow/example_dags/tutorial_etl_dag.py
[2021-12-07 11:22:43,116] {processor.py:637} INFO - DAG(s) dict_keys(['tutorial_etl_dag']) retrieved from /Users/ballakeerthi/opt/anaconda3/lib/python3.8/site-packages/airflow/example_dags/tutorial_etl_dag.py
[2021-12-07 11:22:43,132] {logging_mixin.py:109} INFO - [2021-12-07 11:22:43,132] {dag.py:2396} INFO - Sync 1 DAGs
[2021-12-07 11:22:43,140] {logging_mixin.py:109} INFO - [2021-12-07 11:22:43,140] {dag.py:2928} INFO - Setting next_dagrun for tutorial_etl_dag to None
[2021-12-07 11:22:43,146] {processor.py:171} INFO - Processing /Users/ballakeerthi/opt/anaconda3/lib/python3.8/site-packages/airflow/example_dags/tutorial_etl_dag.py took 0.074 seconds
[2021-12-07 11:24:03,552] {processor.py:163} INFO - Started process (PID=4297) to work on /Users/ballakeerthi/opt/anaconda3/lib/python3.8/site-packages/airflow/example_dags/tutorial_etl_dag.py
[2021-12-07 11:24:03,552] {processor.py:625} INFO - Processing file /Users/ballakeerthi/opt/anaconda3/lib/python3.8/site-packages/airflow/example_dags/tutorial_etl_dag.py for tasks to queue
[2021-12-07 11:24:03,553] {logging_mixin.py:109} INFO - [2021-12-07 11:24:03,553] {dagbag.py:500} INFO - Filling up the DagBag from /Users/ballakeerthi/opt/anaconda3/lib/python3.8/site-packages/airflow/example_dags/tutorial_etl_dag.py
[2021-12-07 11:24:03,588] {processor.py:637} INFO - DAG(s) dict_keys(['tutorial_etl_dag']) retrieved from /Users/ballakeerthi/opt/anaconda3/lib/python3.8/site-packages/airflow/example_dags/tutorial_etl_dag.py
[2021-12-07 11:24:03,605] {logging_mixin.py:109} INFO - [2021-12-07 11:24:03,605] {dag.py:2396} INFO - Sync 1 DAGs
[2021-12-07 11:24:03,612] {logging_mixin.py:109} INFO - [2021-12-07 11:24:03,612] {dag.py:2928} INFO - Setting next_dagrun for tutorial_etl_dag to None
[2021-12-07 11:24:03,620] {processor.py:171} INFO - Processing /Users/ballakeerthi/opt/anaconda3/lib/python3.8/site-packages/airflow/example_dags/tutorial_etl_dag.py took 0.069 seconds
[2021-12-07 11:25:28,515] {processor.py:163} INFO - Started process (PID=4357) to work on /Users/ballakeerthi/opt/anaconda3/lib/python3.8/site-packages/airflow/example_dags/tutorial_etl_dag.py
[2021-12-07 11:25:28,515] {processor.py:625} INFO - Processing file /Users/ballakeerthi/opt/anaconda3/lib/python3.8/site-packages/airflow/example_dags/tutorial_etl_dag.py for tasks to queue
[2021-12-07 11:25:28,516] {logging_mixin.py:109} INFO - [2021-12-07 11:25:28,516] {dagbag.py:500} INFO - Filling up the DagBag from /Users/ballakeerthi/opt/anaconda3/lib/python3.8/site-packages/airflow/example_dags/tutorial_etl_dag.py
[2021-12-07 11:25:28,555] {processor.py:637} INFO - DAG(s) dict_keys(['tutorial_etl_dag']) retrieved from /Users/ballakeerthi/opt/anaconda3/lib/python3.8/site-packages/airflow/example_dags/tutorial_etl_dag.py
[2021-12-07 11:25:28,568] {logging_mixin.py:109} INFO - [2021-12-07 11:25:28,568] {dag.py:2396} INFO - Sync 1 DAGs
[2021-12-07 11:25:28,576] {logging_mixin.py:109} INFO - [2021-12-07 11:25:28,575] {dag.py:2928} INFO - Setting next_dagrun for tutorial_etl_dag to None
[2021-12-07 11:25:28,584] {processor.py:171} INFO - Processing /Users/ballakeerthi/opt/anaconda3/lib/python3.8/site-packages/airflow/example_dags/tutorial_etl_dag.py took 0.070 seconds
[2021-12-07 11:26:55,500] {processor.py:163} INFO - Started process (PID=4416) to work on /Users/ballakeerthi/opt/anaconda3/lib/python3.8/site-packages/airflow/example_dags/tutorial_etl_dag.py
[2021-12-07 11:26:55,503] {processor.py:625} INFO - Processing file /Users/ballakeerthi/opt/anaconda3/lib/python3.8/site-packages/airflow/example_dags/tutorial_etl_dag.py for tasks to queue
[2021-12-07 11:26:55,503] {logging_mixin.py:109} INFO - [2021-12-07 11:26:55,503] {dagbag.py:500} INFO - Filling up the DagBag from /Users/ballakeerthi/opt/anaconda3/lib/python3.8/site-packages/airflow/example_dags/tutorial_etl_dag.py
[2021-12-07 11:26:55,560] {processor.py:637} INFO - DAG(s) dict_keys(['tutorial_etl_dag']) retrieved from /Users/ballakeerthi/opt/anaconda3/lib/python3.8/site-packages/airflow/example_dags/tutorial_etl_dag.py
[2021-12-07 11:26:55,575] {logging_mixin.py:109} INFO - [2021-12-07 11:26:55,575] {dag.py:2396} INFO - Sync 1 DAGs
[2021-12-07 11:26:55,584] {logging_mixin.py:109} INFO - [2021-12-07 11:26:55,584] {dag.py:2928} INFO - Setting next_dagrun for tutorial_etl_dag to None
[2021-12-07 11:26:55,595] {processor.py:171} INFO - Processing /Users/ballakeerthi/opt/anaconda3/lib/python3.8/site-packages/airflow/example_dags/tutorial_etl_dag.py took 0.095 seconds
[2021-12-07 11:28:18,494] {processor.py:163} INFO - Started process (PID=4482) to work on /Users/ballakeerthi/opt/anaconda3/lib/python3.8/site-packages/airflow/example_dags/tutorial_etl_dag.py
[2021-12-07 11:28:18,499] {processor.py:625} INFO - Processing file /Users/ballakeerthi/opt/anaconda3/lib/python3.8/site-packages/airflow/example_dags/tutorial_etl_dag.py for tasks to queue
[2021-12-07 11:28:18,500] {logging_mixin.py:109} INFO - [2021-12-07 11:28:18,500] {dagbag.py:500} INFO - Filling up the DagBag from /Users/ballakeerthi/opt/anaconda3/lib/python3.8/site-packages/airflow/example_dags/tutorial_etl_dag.py
[2021-12-07 11:28:18,564] {processor.py:637} INFO - DAG(s) dict_keys(['tutorial_etl_dag']) retrieved from /Users/ballakeerthi/opt/anaconda3/lib/python3.8/site-packages/airflow/example_dags/tutorial_etl_dag.py
[2021-12-07 11:28:18,580] {logging_mixin.py:109} INFO - [2021-12-07 11:28:18,580] {dag.py:2396} INFO - Sync 1 DAGs
[2021-12-07 11:28:18,587] {logging_mixin.py:109} INFO - [2021-12-07 11:28:18,587] {dag.py:2928} INFO - Setting next_dagrun for tutorial_etl_dag to None
[2021-12-07 11:28:18,593] {processor.py:171} INFO - Processing /Users/ballakeerthi/opt/anaconda3/lib/python3.8/site-packages/airflow/example_dags/tutorial_etl_dag.py took 0.100 seconds
[2021-12-07 11:29:55,885] {processor.py:163} INFO - Started process (PID=4645) to work on /Users/ballakeerthi/opt/anaconda3/lib/python3.8/site-packages/airflow/example_dags/tutorial_etl_dag.py
[2021-12-07 11:29:55,885] {processor.py:625} INFO - Processing file /Users/ballakeerthi/opt/anaconda3/lib/python3.8/site-packages/airflow/example_dags/tutorial_etl_dag.py for tasks to queue
[2021-12-07 11:29:55,886] {logging_mixin.py:109} INFO - [2021-12-07 11:29:55,886] {dagbag.py:500} INFO - Filling up the DagBag from /Users/ballakeerthi/opt/anaconda3/lib/python3.8/site-packages/airflow/example_dags/tutorial_etl_dag.py
[2021-12-07 11:29:55,988] {processor.py:637} INFO - DAG(s) dict_keys(['tutorial_etl_dag']) retrieved from /Users/ballakeerthi/opt/anaconda3/lib/python3.8/site-packages/airflow/example_dags/tutorial_etl_dag.py
[2021-12-07 11:29:56,026] {logging_mixin.py:109} INFO - [2021-12-07 11:29:56,026] {dag.py:2396} INFO - Sync 1 DAGs
[2021-12-07 11:29:56,044] {logging_mixin.py:109} INFO - [2021-12-07 11:29:56,044] {dag.py:2928} INFO - Setting next_dagrun for tutorial_etl_dag to None
[2021-12-07 11:29:56,056] {processor.py:171} INFO - Processing /Users/ballakeerthi/opt/anaconda3/lib/python3.8/site-packages/airflow/example_dags/tutorial_etl_dag.py took 0.171 seconds
[2021-12-07 11:31:34,611] {processor.py:163} INFO - Started process (PID=4735) to work on /Users/ballakeerthi/opt/anaconda3/lib/python3.8/site-packages/airflow/example_dags/tutorial_etl_dag.py
[2021-12-07 11:31:34,616] {processor.py:625} INFO - Processing file /Users/ballakeerthi/opt/anaconda3/lib/python3.8/site-packages/airflow/example_dags/tutorial_etl_dag.py for tasks to queue
[2021-12-07 11:31:34,617] {logging_mixin.py:109} INFO - [2021-12-07 11:31:34,617] {dagbag.py:500} INFO - Filling up the DagBag from /Users/ballakeerthi/opt/anaconda3/lib/python3.8/site-packages/airflow/example_dags/tutorial_etl_dag.py
[2021-12-07 11:31:34,942] {processor.py:637} INFO - DAG(s) dict_keys(['tutorial_etl_dag']) retrieved from /Users/ballakeerthi/opt/anaconda3/lib/python3.8/site-packages/airflow/example_dags/tutorial_etl_dag.py
[2021-12-07 11:31:34,965] {logging_mixin.py:109} INFO - [2021-12-07 11:31:34,965] {dag.py:2396} INFO - Sync 1 DAGs
[2021-12-07 11:31:34,981] {logging_mixin.py:109} INFO - [2021-12-07 11:31:34,981] {dag.py:2928} INFO - Setting next_dagrun for tutorial_etl_dag to None
[2021-12-07 11:31:34,994] {processor.py:171} INFO - Processing /Users/ballakeerthi/opt/anaconda3/lib/python3.8/site-packages/airflow/example_dags/tutorial_etl_dag.py took 0.384 seconds
[2021-12-07 11:33:30,534] {processor.py:163} INFO - Started process (PID=4818) to work on /Users/ballakeerthi/opt/anaconda3/lib/python3.8/site-packages/airflow/example_dags/tutorial_etl_dag.py
[2021-12-07 11:33:30,539] {processor.py:625} INFO - Processing file /Users/ballakeerthi/opt/anaconda3/lib/python3.8/site-packages/airflow/example_dags/tutorial_etl_dag.py for tasks to queue
[2021-12-07 11:33:30,540] {logging_mixin.py:109} INFO - [2021-12-07 11:33:30,540] {dagbag.py:500} INFO - Filling up the DagBag from /Users/ballakeerthi/opt/anaconda3/lib/python3.8/site-packages/airflow/example_dags/tutorial_etl_dag.py
[2021-12-07 11:33:30,690] {processor.py:637} INFO - DAG(s) dict_keys(['tutorial_etl_dag']) retrieved from /Users/ballakeerthi/opt/anaconda3/lib/python3.8/site-packages/airflow/example_dags/tutorial_etl_dag.py
[2021-12-07 11:33:30,742] {logging_mixin.py:109} INFO - [2021-12-07 11:33:30,742] {dag.py:2396} INFO - Sync 1 DAGs
[2021-12-07 11:33:30,763] {logging_mixin.py:109} INFO - [2021-12-07 11:33:30,763] {dag.py:2928} INFO - Setting next_dagrun for tutorial_etl_dag to None
[2021-12-07 11:33:30,777] {processor.py:171} INFO - Processing /Users/ballakeerthi/opt/anaconda3/lib/python3.8/site-packages/airflow/example_dags/tutorial_etl_dag.py took 0.244 seconds
[2021-12-07 11:35:10,047] {processor.py:163} INFO - Started process (PID=4890) to work on /Users/ballakeerthi/opt/anaconda3/lib/python3.8/site-packages/airflow/example_dags/tutorial_etl_dag.py
[2021-12-07 11:35:10,052] {processor.py:625} INFO - Processing file /Users/ballakeerthi/opt/anaconda3/lib/python3.8/site-packages/airflow/example_dags/tutorial_etl_dag.py for tasks to queue
[2021-12-07 11:35:10,053] {logging_mixin.py:109} INFO - [2021-12-07 11:35:10,053] {dagbag.py:500} INFO - Filling up the DagBag from /Users/ballakeerthi/opt/anaconda3/lib/python3.8/site-packages/airflow/example_dags/tutorial_etl_dag.py
[2021-12-07 11:35:10,096] {processor.py:637} INFO - DAG(s) dict_keys(['tutorial_etl_dag']) retrieved from /Users/ballakeerthi/opt/anaconda3/lib/python3.8/site-packages/airflow/example_dags/tutorial_etl_dag.py
[2021-12-07 11:35:10,111] {logging_mixin.py:109} INFO - [2021-12-07 11:35:10,111] {dag.py:2396} INFO - Sync 1 DAGs
[2021-12-07 11:35:10,118] {logging_mixin.py:109} INFO - [2021-12-07 11:35:10,118] {dag.py:2928} INFO - Setting next_dagrun for tutorial_etl_dag to None
[2021-12-07 11:35:10,128] {processor.py:171} INFO - Processing /Users/ballakeerthi/opt/anaconda3/lib/python3.8/site-packages/airflow/example_dags/tutorial_etl_dag.py took 0.081 seconds
[2021-12-07 11:36:42,549] {processor.py:163} INFO - Started process (PID=4947) to work on /Users/ballakeerthi/opt/anaconda3/lib/python3.8/site-packages/airflow/example_dags/tutorial_etl_dag.py
[2021-12-07 11:36:42,549] {processor.py:625} INFO - Processing file /Users/ballakeerthi/opt/anaconda3/lib/python3.8/site-packages/airflow/example_dags/tutorial_etl_dag.py for tasks to queue
[2021-12-07 11:36:42,549] {logging_mixin.py:109} INFO - [2021-12-07 11:36:42,549] {dagbag.py:500} INFO - Filling up the DagBag from /Users/ballakeerthi/opt/anaconda3/lib/python3.8/site-packages/airflow/example_dags/tutorial_etl_dag.py
[2021-12-07 11:36:42,611] {processor.py:637} INFO - DAG(s) dict_keys(['tutorial_etl_dag']) retrieved from /Users/ballakeerthi/opt/anaconda3/lib/python3.8/site-packages/airflow/example_dags/tutorial_etl_dag.py
[2021-12-07 11:36:42,637] {logging_mixin.py:109} INFO - [2021-12-07 11:36:42,637] {dag.py:2396} INFO - Sync 1 DAGs
[2021-12-07 11:36:42,646] {logging_mixin.py:109} INFO - [2021-12-07 11:36:42,646] {dag.py:2928} INFO - Setting next_dagrun for tutorial_etl_dag to None
[2021-12-07 11:36:42,657] {processor.py:171} INFO - Processing /Users/ballakeerthi/opt/anaconda3/lib/python3.8/site-packages/airflow/example_dags/tutorial_etl_dag.py took 0.109 seconds
[2021-12-07 11:38:34,744] {processor.py:163} INFO - Started process (PID=5021) to work on /Users/ballakeerthi/opt/anaconda3/lib/python3.8/site-packages/airflow/example_dags/tutorial_etl_dag.py
[2021-12-07 11:38:34,747] {processor.py:625} INFO - Processing file /Users/ballakeerthi/opt/anaconda3/lib/python3.8/site-packages/airflow/example_dags/tutorial_etl_dag.py for tasks to queue
[2021-12-07 11:38:34,748] {logging_mixin.py:109} INFO - [2021-12-07 11:38:34,747] {dagbag.py:500} INFO - Filling up the DagBag from /Users/ballakeerthi/opt/anaconda3/lib/python3.8/site-packages/airflow/example_dags/tutorial_etl_dag.py
[2021-12-07 11:38:34,802] {processor.py:637} INFO - DAG(s) dict_keys(['tutorial_etl_dag']) retrieved from /Users/ballakeerthi/opt/anaconda3/lib/python3.8/site-packages/airflow/example_dags/tutorial_etl_dag.py
[2021-12-07 11:38:34,817] {logging_mixin.py:109} INFO - [2021-12-07 11:38:34,817] {dag.py:2396} INFO - Sync 1 DAGs
[2021-12-07 11:38:34,836] {logging_mixin.py:109} INFO - [2021-12-07 11:38:34,836] {dag.py:2928} INFO - Setting next_dagrun for tutorial_etl_dag to None
[2021-12-07 11:38:34,845] {processor.py:171} INFO - Processing /Users/ballakeerthi/opt/anaconda3/lib/python3.8/site-packages/airflow/example_dags/tutorial_etl_dag.py took 0.101 seconds
[2021-12-07 11:39:59,068] {processor.py:163} INFO - Started process (PID=5077) to work on /Users/ballakeerthi/opt/anaconda3/lib/python3.8/site-packages/airflow/example_dags/tutorial_etl_dag.py
[2021-12-07 11:39:59,073] {processor.py:625} INFO - Processing file /Users/ballakeerthi/opt/anaconda3/lib/python3.8/site-packages/airflow/example_dags/tutorial_etl_dag.py for tasks to queue
[2021-12-07 11:39:59,074] {logging_mixin.py:109} INFO - [2021-12-07 11:39:59,074] {dagbag.py:500} INFO - Filling up the DagBag from /Users/ballakeerthi/opt/anaconda3/lib/python3.8/site-packages/airflow/example_dags/tutorial_etl_dag.py
[2021-12-07 11:39:59,114] {processor.py:637} INFO - DAG(s) dict_keys(['tutorial_etl_dag']) retrieved from /Users/ballakeerthi/opt/anaconda3/lib/python3.8/site-packages/airflow/example_dags/tutorial_etl_dag.py
[2021-12-07 11:39:59,131] {logging_mixin.py:109} INFO - [2021-12-07 11:39:59,130] {dag.py:2396} INFO - Sync 1 DAGs
[2021-12-07 11:39:59,138] {logging_mixin.py:109} INFO - [2021-12-07 11:39:59,138] {dag.py:2928} INFO - Setting next_dagrun for tutorial_etl_dag to None
[2021-12-07 11:39:59,145] {processor.py:171} INFO - Processing /Users/ballakeerthi/opt/anaconda3/lib/python3.8/site-packages/airflow/example_dags/tutorial_etl_dag.py took 0.078 seconds
[2021-12-07 11:41:23,105] {processor.py:163} INFO - Started process (PID=5132) to work on /Users/ballakeerthi/opt/anaconda3/lib/python3.8/site-packages/airflow/example_dags/tutorial_etl_dag.py
[2021-12-07 11:41:23,111] {processor.py:625} INFO - Processing file /Users/ballakeerthi/opt/anaconda3/lib/python3.8/site-packages/airflow/example_dags/tutorial_etl_dag.py for tasks to queue
[2021-12-07 11:41:23,111] {logging_mixin.py:109} INFO - [2021-12-07 11:41:23,111] {dagbag.py:500} INFO - Filling up the DagBag from /Users/ballakeerthi/opt/anaconda3/lib/python3.8/site-packages/airflow/example_dags/tutorial_etl_dag.py
[2021-12-07 11:41:23,179] {processor.py:637} INFO - DAG(s) dict_keys(['tutorial_etl_dag']) retrieved from /Users/ballakeerthi/opt/anaconda3/lib/python3.8/site-packages/airflow/example_dags/tutorial_etl_dag.py
[2021-12-07 11:41:23,206] {logging_mixin.py:109} INFO - [2021-12-07 11:41:23,205] {dag.py:2396} INFO - Sync 1 DAGs
[2021-12-07 11:41:23,213] {logging_mixin.py:109} INFO - [2021-12-07 11:41:23,213] {dag.py:2928} INFO - Setting next_dagrun for tutorial_etl_dag to None
[2021-12-07 11:41:23,231] {processor.py:171} INFO - Processing /Users/ballakeerthi/opt/anaconda3/lib/python3.8/site-packages/airflow/example_dags/tutorial_etl_dag.py took 0.146 seconds
[2021-12-07 11:43:07,081] {processor.py:163} INFO - Started process (PID=5188) to work on /Users/ballakeerthi/opt/anaconda3/lib/python3.8/site-packages/airflow/example_dags/tutorial_etl_dag.py
[2021-12-07 11:43:07,082] {processor.py:625} INFO - Processing file /Users/ballakeerthi/opt/anaconda3/lib/python3.8/site-packages/airflow/example_dags/tutorial_etl_dag.py for tasks to queue
[2021-12-07 11:43:07,082] {logging_mixin.py:109} INFO - [2021-12-07 11:43:07,082] {dagbag.py:500} INFO - Filling up the DagBag from /Users/ballakeerthi/opt/anaconda3/lib/python3.8/site-packages/airflow/example_dags/tutorial_etl_dag.py
[2021-12-07 11:43:07,127] {processor.py:637} INFO - DAG(s) dict_keys(['tutorial_etl_dag']) retrieved from /Users/ballakeerthi/opt/anaconda3/lib/python3.8/site-packages/airflow/example_dags/tutorial_etl_dag.py
[2021-12-07 11:43:07,143] {logging_mixin.py:109} INFO - [2021-12-07 11:43:07,143] {dag.py:2396} INFO - Sync 1 DAGs
[2021-12-07 11:43:07,152] {logging_mixin.py:109} INFO - [2021-12-07 11:43:07,152] {dag.py:2928} INFO - Setting next_dagrun for tutorial_etl_dag to None
[2021-12-07 11:43:07,159] {processor.py:171} INFO - Processing /Users/ballakeerthi/opt/anaconda3/lib/python3.8/site-packages/airflow/example_dags/tutorial_etl_dag.py took 0.078 seconds
[2021-12-07 11:44:37,900] {processor.py:163} INFO - Started process (PID=5246) to work on /Users/ballakeerthi/opt/anaconda3/lib/python3.8/site-packages/airflow/example_dags/tutorial_etl_dag.py
[2021-12-07 11:44:37,906] {processor.py:625} INFO - Processing file /Users/ballakeerthi/opt/anaconda3/lib/python3.8/site-packages/airflow/example_dags/tutorial_etl_dag.py for tasks to queue
[2021-12-07 11:44:37,906] {logging_mixin.py:109} INFO - [2021-12-07 11:44:37,906] {dagbag.py:500} INFO - Filling up the DagBag from /Users/ballakeerthi/opt/anaconda3/lib/python3.8/site-packages/airflow/example_dags/tutorial_etl_dag.py
[2021-12-07 11:44:37,946] {processor.py:637} INFO - DAG(s) dict_keys(['tutorial_etl_dag']) retrieved from /Users/ballakeerthi/opt/anaconda3/lib/python3.8/site-packages/airflow/example_dags/tutorial_etl_dag.py
[2021-12-07 11:44:37,962] {logging_mixin.py:109} INFO - [2021-12-07 11:44:37,961] {dag.py:2396} INFO - Sync 1 DAGs
[2021-12-07 11:44:37,969] {logging_mixin.py:109} INFO - [2021-12-07 11:44:37,969] {dag.py:2928} INFO - Setting next_dagrun for tutorial_etl_dag to None
[2021-12-07 11:44:37,978] {processor.py:171} INFO - Processing /Users/ballakeerthi/opt/anaconda3/lib/python3.8/site-packages/airflow/example_dags/tutorial_etl_dag.py took 0.078 seconds
[2021-12-07 11:46:00,858] {processor.py:163} INFO - Started process (PID=5303) to work on /Users/ballakeerthi/opt/anaconda3/lib/python3.8/site-packages/airflow/example_dags/tutorial_etl_dag.py
[2021-12-07 11:46:00,858] {processor.py:625} INFO - Processing file /Users/ballakeerthi/opt/anaconda3/lib/python3.8/site-packages/airflow/example_dags/tutorial_etl_dag.py for tasks to queue
[2021-12-07 11:46:00,859] {logging_mixin.py:109} INFO - [2021-12-07 11:46:00,859] {dagbag.py:500} INFO - Filling up the DagBag from /Users/ballakeerthi/opt/anaconda3/lib/python3.8/site-packages/airflow/example_dags/tutorial_etl_dag.py
[2021-12-07 11:46:00,900] {processor.py:637} INFO - DAG(s) dict_keys(['tutorial_etl_dag']) retrieved from /Users/ballakeerthi/opt/anaconda3/lib/python3.8/site-packages/airflow/example_dags/tutorial_etl_dag.py
[2021-12-07 11:46:00,916] {logging_mixin.py:109} INFO - [2021-12-07 11:46:00,916] {dag.py:2396} INFO - Sync 1 DAGs
[2021-12-07 11:46:00,923] {logging_mixin.py:109} INFO - [2021-12-07 11:46:00,923] {dag.py:2928} INFO - Setting next_dagrun for tutorial_etl_dag to None
[2021-12-07 11:46:00,933] {processor.py:171} INFO - Processing /Users/ballakeerthi/opt/anaconda3/lib/python3.8/site-packages/airflow/example_dags/tutorial_etl_dag.py took 0.075 seconds
[2021-12-07 11:47:43,532] {processor.py:163} INFO - Started process (PID=5366) to work on /Users/ballakeerthi/opt/anaconda3/lib/python3.8/site-packages/airflow/example_dags/tutorial_etl_dag.py
[2021-12-07 11:47:43,532] {processor.py:625} INFO - Processing file /Users/ballakeerthi/opt/anaconda3/lib/python3.8/site-packages/airflow/example_dags/tutorial_etl_dag.py for tasks to queue
[2021-12-07 11:47:43,533] {logging_mixin.py:109} INFO - [2021-12-07 11:47:43,533] {dagbag.py:500} INFO - Filling up the DagBag from /Users/ballakeerthi/opt/anaconda3/lib/python3.8/site-packages/airflow/example_dags/tutorial_etl_dag.py
[2021-12-07 11:47:43,593] {processor.py:637} INFO - DAG(s) dict_keys(['tutorial_etl_dag']) retrieved from /Users/ballakeerthi/opt/anaconda3/lib/python3.8/site-packages/airflow/example_dags/tutorial_etl_dag.py
[2021-12-07 11:47:43,612] {logging_mixin.py:109} INFO - [2021-12-07 11:47:43,612] {dag.py:2396} INFO - Sync 1 DAGs
[2021-12-07 11:47:43,627] {logging_mixin.py:109} INFO - [2021-12-07 11:47:43,627] {dag.py:2928} INFO - Setting next_dagrun for tutorial_etl_dag to None
[2021-12-07 11:47:43,636] {processor.py:171} INFO - Processing /Users/ballakeerthi/opt/anaconda3/lib/python3.8/site-packages/airflow/example_dags/tutorial_etl_dag.py took 0.105 seconds
[2021-12-07 11:49:33,248] {processor.py:163} INFO - Started process (PID=5438) to work on /Users/ballakeerthi/opt/anaconda3/lib/python3.8/site-packages/airflow/example_dags/tutorial_etl_dag.py
[2021-12-07 11:49:33,251] {processor.py:625} INFO - Processing file /Users/ballakeerthi/opt/anaconda3/lib/python3.8/site-packages/airflow/example_dags/tutorial_etl_dag.py for tasks to queue
[2021-12-07 11:49:33,251] {logging_mixin.py:109} INFO - [2021-12-07 11:49:33,251] {dagbag.py:500} INFO - Filling up the DagBag from /Users/ballakeerthi/opt/anaconda3/lib/python3.8/site-packages/airflow/example_dags/tutorial_etl_dag.py
[2021-12-07 11:49:33,302] {processor.py:637} INFO - DAG(s) dict_keys(['tutorial_etl_dag']) retrieved from /Users/ballakeerthi/opt/anaconda3/lib/python3.8/site-packages/airflow/example_dags/tutorial_etl_dag.py
[2021-12-07 11:49:33,317] {logging_mixin.py:109} INFO - [2021-12-07 11:49:33,317] {dag.py:2396} INFO - Sync 1 DAGs
[2021-12-07 11:49:33,328] {logging_mixin.py:109} INFO - [2021-12-07 11:49:33,328] {dag.py:2928} INFO - Setting next_dagrun for tutorial_etl_dag to None
[2021-12-07 11:49:33,337] {processor.py:171} INFO - Processing /Users/ballakeerthi/opt/anaconda3/lib/python3.8/site-packages/airflow/example_dags/tutorial_etl_dag.py took 0.089 seconds
[2021-12-07 11:51:44,790] {processor.py:163} INFO - Started process (PID=5519) to work on /Users/ballakeerthi/opt/anaconda3/lib/python3.8/site-packages/airflow/example_dags/tutorial_etl_dag.py
[2021-12-07 11:51:44,793] {processor.py:625} INFO - Processing file /Users/ballakeerthi/opt/anaconda3/lib/python3.8/site-packages/airflow/example_dags/tutorial_etl_dag.py for tasks to queue
[2021-12-07 11:51:44,793] {logging_mixin.py:109} INFO - [2021-12-07 11:51:44,793] {dagbag.py:500} INFO - Filling up the DagBag from /Users/ballakeerthi/opt/anaconda3/lib/python3.8/site-packages/airflow/example_dags/tutorial_etl_dag.py
[2021-12-07 11:51:44,840] {processor.py:637} INFO - DAG(s) dict_keys(['tutorial_etl_dag']) retrieved from /Users/ballakeerthi/opt/anaconda3/lib/python3.8/site-packages/airflow/example_dags/tutorial_etl_dag.py
[2021-12-07 11:51:44,857] {logging_mixin.py:109} INFO - [2021-12-07 11:51:44,857] {dag.py:2396} INFO - Sync 1 DAGs
[2021-12-07 11:51:44,867] {logging_mixin.py:109} INFO - [2021-12-07 11:51:44,867] {dag.py:2928} INFO - Setting next_dagrun for tutorial_etl_dag to None
[2021-12-07 11:51:44,875] {processor.py:171} INFO - Processing /Users/ballakeerthi/opt/anaconda3/lib/python3.8/site-packages/airflow/example_dags/tutorial_etl_dag.py took 0.086 seconds
[2021-12-07 11:53:32,853] {processor.py:163} INFO - Started process (PID=5583) to work on /Users/ballakeerthi/opt/anaconda3/lib/python3.8/site-packages/airflow/example_dags/tutorial_etl_dag.py
[2021-12-07 11:53:32,857] {processor.py:625} INFO - Processing file /Users/ballakeerthi/opt/anaconda3/lib/python3.8/site-packages/airflow/example_dags/tutorial_etl_dag.py for tasks to queue
[2021-12-07 11:53:32,859] {logging_mixin.py:109} INFO - [2021-12-07 11:53:32,859] {dagbag.py:500} INFO - Filling up the DagBag from /Users/ballakeerthi/opt/anaconda3/lib/python3.8/site-packages/airflow/example_dags/tutorial_etl_dag.py
[2021-12-07 11:53:32,908] {processor.py:637} INFO - DAG(s) dict_keys(['tutorial_etl_dag']) retrieved from /Users/ballakeerthi/opt/anaconda3/lib/python3.8/site-packages/airflow/example_dags/tutorial_etl_dag.py
[2021-12-07 11:53:32,924] {logging_mixin.py:109} INFO - [2021-12-07 11:53:32,923] {dag.py:2396} INFO - Sync 1 DAGs
[2021-12-07 11:53:32,932] {logging_mixin.py:109} INFO - [2021-12-07 11:53:32,932] {dag.py:2928} INFO - Setting next_dagrun for tutorial_etl_dag to None
[2021-12-07 11:53:32,938] {processor.py:171} INFO - Processing /Users/ballakeerthi/opt/anaconda3/lib/python3.8/site-packages/airflow/example_dags/tutorial_etl_dag.py took 0.086 seconds
[2021-12-07 11:54:53,454] {processor.py:163} INFO - Started process (PID=5636) to work on /Users/ballakeerthi/opt/anaconda3/lib/python3.8/site-packages/airflow/example_dags/tutorial_etl_dag.py
[2021-12-07 11:54:53,460] {processor.py:625} INFO - Processing file /Users/ballakeerthi/opt/anaconda3/lib/python3.8/site-packages/airflow/example_dags/tutorial_etl_dag.py for tasks to queue
[2021-12-07 11:54:53,462] {logging_mixin.py:109} INFO - [2021-12-07 11:54:53,461] {dagbag.py:500} INFO - Filling up the DagBag from /Users/ballakeerthi/opt/anaconda3/lib/python3.8/site-packages/airflow/example_dags/tutorial_etl_dag.py
[2021-12-07 11:54:53,501] {processor.py:637} INFO - DAG(s) dict_keys(['tutorial_etl_dag']) retrieved from /Users/ballakeerthi/opt/anaconda3/lib/python3.8/site-packages/airflow/example_dags/tutorial_etl_dag.py
[2021-12-07 11:54:53,515] {logging_mixin.py:109} INFO - [2021-12-07 11:54:53,515] {dag.py:2396} INFO - Sync 1 DAGs
[2021-12-07 11:54:53,522] {logging_mixin.py:109} INFO - [2021-12-07 11:54:53,522] {dag.py:2928} INFO - Setting next_dagrun for tutorial_etl_dag to None
[2021-12-07 11:54:53,531] {processor.py:171} INFO - Processing /Users/ballakeerthi/opt/anaconda3/lib/python3.8/site-packages/airflow/example_dags/tutorial_etl_dag.py took 0.077 seconds
[2021-12-07 11:56:22,397] {processor.py:163} INFO - Started process (PID=5713) to work on /Users/ballakeerthi/opt/anaconda3/lib/python3.8/site-packages/airflow/example_dags/tutorial_etl_dag.py
[2021-12-07 11:56:22,398] {processor.py:625} INFO - Processing file /Users/ballakeerthi/opt/anaconda3/lib/python3.8/site-packages/airflow/example_dags/tutorial_etl_dag.py for tasks to queue
[2021-12-07 11:56:22,398] {logging_mixin.py:109} INFO - [2021-12-07 11:56:22,398] {dagbag.py:500} INFO - Filling up the DagBag from /Users/ballakeerthi/opt/anaconda3/lib/python3.8/site-packages/airflow/example_dags/tutorial_etl_dag.py
[2021-12-07 11:56:22,438] {processor.py:637} INFO - DAG(s) dict_keys(['tutorial_etl_dag']) retrieved from /Users/ballakeerthi/opt/anaconda3/lib/python3.8/site-packages/airflow/example_dags/tutorial_etl_dag.py
[2021-12-07 11:56:22,453] {logging_mixin.py:109} INFO - [2021-12-07 11:56:22,452] {dag.py:2396} INFO - Sync 1 DAGs
[2021-12-07 11:56:22,460] {logging_mixin.py:109} INFO - [2021-12-07 11:56:22,460] {dag.py:2928} INFO - Setting next_dagrun for tutorial_etl_dag to None
[2021-12-07 11:56:22,469] {processor.py:171} INFO - Processing /Users/ballakeerthi/opt/anaconda3/lib/python3.8/site-packages/airflow/example_dags/tutorial_etl_dag.py took 0.072 seconds
[2021-12-07 11:57:45,836] {processor.py:163} INFO - Started process (PID=5770) to work on /Users/ballakeerthi/opt/anaconda3/lib/python3.8/site-packages/airflow/example_dags/tutorial_etl_dag.py
[2021-12-07 11:57:45,842] {processor.py:625} INFO - Processing file /Users/ballakeerthi/opt/anaconda3/lib/python3.8/site-packages/airflow/example_dags/tutorial_etl_dag.py for tasks to queue
[2021-12-07 11:57:45,843] {logging_mixin.py:109} INFO - [2021-12-07 11:57:45,842] {dagbag.py:500} INFO - Filling up the DagBag from /Users/ballakeerthi/opt/anaconda3/lib/python3.8/site-packages/airflow/example_dags/tutorial_etl_dag.py
[2021-12-07 11:57:45,883] {processor.py:637} INFO - DAG(s) dict_keys(['tutorial_etl_dag']) retrieved from /Users/ballakeerthi/opt/anaconda3/lib/python3.8/site-packages/airflow/example_dags/tutorial_etl_dag.py
[2021-12-07 11:57:45,899] {logging_mixin.py:109} INFO - [2021-12-07 11:57:45,899] {dag.py:2396} INFO - Sync 1 DAGs
[2021-12-07 11:57:45,906] {logging_mixin.py:109} INFO - [2021-12-07 11:57:45,906] {dag.py:2928} INFO - Setting next_dagrun for tutorial_etl_dag to None
[2021-12-07 11:57:45,914] {processor.py:171} INFO - Processing /Users/ballakeerthi/opt/anaconda3/lib/python3.8/site-packages/airflow/example_dags/tutorial_etl_dag.py took 0.079 seconds
[2021-12-07 11:59:17,041] {processor.py:163} INFO - Started process (PID=5837) to work on /Users/ballakeerthi/opt/anaconda3/lib/python3.8/site-packages/airflow/example_dags/tutorial_etl_dag.py
[2021-12-07 11:59:17,042] {processor.py:625} INFO - Processing file /Users/ballakeerthi/opt/anaconda3/lib/python3.8/site-packages/airflow/example_dags/tutorial_etl_dag.py for tasks to queue
[2021-12-07 11:59:17,042] {logging_mixin.py:109} INFO - [2021-12-07 11:59:17,042] {dagbag.py:500} INFO - Filling up the DagBag from /Users/ballakeerthi/opt/anaconda3/lib/python3.8/site-packages/airflow/example_dags/tutorial_etl_dag.py
[2021-12-07 11:59:17,112] {processor.py:637} INFO - DAG(s) dict_keys(['tutorial_etl_dag']) retrieved from /Users/ballakeerthi/opt/anaconda3/lib/python3.8/site-packages/airflow/example_dags/tutorial_etl_dag.py
[2021-12-07 11:59:17,139] {logging_mixin.py:109} INFO - [2021-12-07 11:59:17,139] {dag.py:2396} INFO - Sync 1 DAGs
[2021-12-07 11:59:17,153] {logging_mixin.py:109} INFO - [2021-12-07 11:59:17,153] {dag.py:2928} INFO - Setting next_dagrun for tutorial_etl_dag to None
[2021-12-07 11:59:17,161] {processor.py:171} INFO - Processing /Users/ballakeerthi/opt/anaconda3/lib/python3.8/site-packages/airflow/example_dags/tutorial_etl_dag.py took 0.121 seconds
[2021-12-07 12:00:45,611] {processor.py:163} INFO - Started process (PID=5897) to work on /Users/ballakeerthi/opt/anaconda3/lib/python3.8/site-packages/airflow/example_dags/tutorial_etl_dag.py
[2021-12-07 12:00:45,612] {processor.py:625} INFO - Processing file /Users/ballakeerthi/opt/anaconda3/lib/python3.8/site-packages/airflow/example_dags/tutorial_etl_dag.py for tasks to queue
[2021-12-07 12:00:45,613] {logging_mixin.py:109} INFO - [2021-12-07 12:00:45,613] {dagbag.py:500} INFO - Filling up the DagBag from /Users/ballakeerthi/opt/anaconda3/lib/python3.8/site-packages/airflow/example_dags/tutorial_etl_dag.py
[2021-12-07 12:00:45,672] {processor.py:637} INFO - DAG(s) dict_keys(['tutorial_etl_dag']) retrieved from /Users/ballakeerthi/opt/anaconda3/lib/python3.8/site-packages/airflow/example_dags/tutorial_etl_dag.py
[2021-12-07 12:00:45,687] {logging_mixin.py:109} INFO - [2021-12-07 12:00:45,687] {dag.py:2396} INFO - Sync 1 DAGs
[2021-12-07 12:00:45,700] {logging_mixin.py:109} INFO - [2021-12-07 12:00:45,700] {dag.py:2928} INFO - Setting next_dagrun for tutorial_etl_dag to None
[2021-12-07 12:00:45,710] {processor.py:171} INFO - Processing /Users/ballakeerthi/opt/anaconda3/lib/python3.8/site-packages/airflow/example_dags/tutorial_etl_dag.py took 0.099 seconds
[2021-12-07 12:02:11,470] {processor.py:163} INFO - Started process (PID=5952) to work on /Users/ballakeerthi/opt/anaconda3/lib/python3.8/site-packages/airflow/example_dags/tutorial_etl_dag.py
[2021-12-07 12:02:11,476] {processor.py:625} INFO - Processing file /Users/ballakeerthi/opt/anaconda3/lib/python3.8/site-packages/airflow/example_dags/tutorial_etl_dag.py for tasks to queue
[2021-12-07 12:02:11,476] {logging_mixin.py:109} INFO - [2021-12-07 12:02:11,476] {dagbag.py:500} INFO - Filling up the DagBag from /Users/ballakeerthi/opt/anaconda3/lib/python3.8/site-packages/airflow/example_dags/tutorial_etl_dag.py
[2021-12-07 12:02:11,520] {processor.py:637} INFO - DAG(s) dict_keys(['tutorial_etl_dag']) retrieved from /Users/ballakeerthi/opt/anaconda3/lib/python3.8/site-packages/airflow/example_dags/tutorial_etl_dag.py
[2021-12-07 12:02:11,537] {logging_mixin.py:109} INFO - [2021-12-07 12:02:11,537] {dag.py:2396} INFO - Sync 1 DAGs
[2021-12-07 12:02:11,543] {logging_mixin.py:109} INFO - [2021-12-07 12:02:11,543] {dag.py:2928} INFO - Setting next_dagrun for tutorial_etl_dag to None
[2021-12-07 12:02:11,552] {processor.py:171} INFO - Processing /Users/ballakeerthi/opt/anaconda3/lib/python3.8/site-packages/airflow/example_dags/tutorial_etl_dag.py took 0.082 seconds
[2021-12-07 12:03:46,470] {processor.py:163} INFO - Started process (PID=6006) to work on /Users/ballakeerthi/opt/anaconda3/lib/python3.8/site-packages/airflow/example_dags/tutorial_etl_dag.py
[2021-12-07 12:03:46,476] {processor.py:625} INFO - Processing file /Users/ballakeerthi/opt/anaconda3/lib/python3.8/site-packages/airflow/example_dags/tutorial_etl_dag.py for tasks to queue
[2021-12-07 12:03:46,477] {logging_mixin.py:109} INFO - [2021-12-07 12:03:46,477] {dagbag.py:500} INFO - Filling up the DagBag from /Users/ballakeerthi/opt/anaconda3/lib/python3.8/site-packages/airflow/example_dags/tutorial_etl_dag.py
[2021-12-07 12:03:46,521] {processor.py:637} INFO - DAG(s) dict_keys(['tutorial_etl_dag']) retrieved from /Users/ballakeerthi/opt/anaconda3/lib/python3.8/site-packages/airflow/example_dags/tutorial_etl_dag.py
[2021-12-07 12:03:46,543] {logging_mixin.py:109} INFO - [2021-12-07 12:03:46,543] {dag.py:2396} INFO - Sync 1 DAGs
[2021-12-07 12:03:46,552] {logging_mixin.py:109} INFO - [2021-12-07 12:03:46,552] {dag.py:2928} INFO - Setting next_dagrun for tutorial_etl_dag to None
[2021-12-07 12:03:46,562] {processor.py:171} INFO - Processing /Users/ballakeerthi/opt/anaconda3/lib/python3.8/site-packages/airflow/example_dags/tutorial_etl_dag.py took 0.092 seconds
[2021-12-07 12:05:26,752] {processor.py:163} INFO - Started process (PID=6069) to work on /Users/ballakeerthi/opt/anaconda3/lib/python3.8/site-packages/airflow/example_dags/tutorial_etl_dag.py
[2021-12-07 12:05:26,753] {processor.py:625} INFO - Processing file /Users/ballakeerthi/opt/anaconda3/lib/python3.8/site-packages/airflow/example_dags/tutorial_etl_dag.py for tasks to queue
[2021-12-07 12:05:26,753] {logging_mixin.py:109} INFO - [2021-12-07 12:05:26,753] {dagbag.py:500} INFO - Filling up the DagBag from /Users/ballakeerthi/opt/anaconda3/lib/python3.8/site-packages/airflow/example_dags/tutorial_etl_dag.py
[2021-12-07 12:05:26,797] {processor.py:637} INFO - DAG(s) dict_keys(['tutorial_etl_dag']) retrieved from /Users/ballakeerthi/opt/anaconda3/lib/python3.8/site-packages/airflow/example_dags/tutorial_etl_dag.py
[2021-12-07 12:05:26,812] {logging_mixin.py:109} INFO - [2021-12-07 12:05:26,811] {dag.py:2396} INFO - Sync 1 DAGs
[2021-12-07 12:05:26,820] {logging_mixin.py:109} INFO - [2021-12-07 12:05:26,820] {dag.py:2928} INFO - Setting next_dagrun for tutorial_etl_dag to None
[2021-12-07 12:05:26,831] {processor.py:171} INFO - Processing /Users/ballakeerthi/opt/anaconda3/lib/python3.8/site-packages/airflow/example_dags/tutorial_etl_dag.py took 0.079 seconds
[2021-12-07 12:06:52,735] {processor.py:163} INFO - Started process (PID=6124) to work on /Users/ballakeerthi/opt/anaconda3/lib/python3.8/site-packages/airflow/example_dags/tutorial_etl_dag.py
[2021-12-07 12:06:52,736] {processor.py:625} INFO - Processing file /Users/ballakeerthi/opt/anaconda3/lib/python3.8/site-packages/airflow/example_dags/tutorial_etl_dag.py for tasks to queue
[2021-12-07 12:06:52,736] {logging_mixin.py:109} INFO - [2021-12-07 12:06:52,736] {dagbag.py:500} INFO - Filling up the DagBag from /Users/ballakeerthi/opt/anaconda3/lib/python3.8/site-packages/airflow/example_dags/tutorial_etl_dag.py
[2021-12-07 12:06:52,781] {processor.py:637} INFO - DAG(s) dict_keys(['tutorial_etl_dag']) retrieved from /Users/ballakeerthi/opt/anaconda3/lib/python3.8/site-packages/airflow/example_dags/tutorial_etl_dag.py
[2021-12-07 12:06:52,800] {logging_mixin.py:109} INFO - [2021-12-07 12:06:52,800] {dag.py:2396} INFO - Sync 1 DAGs
[2021-12-07 12:06:52,807] {logging_mixin.py:109} INFO - [2021-12-07 12:06:52,807] {dag.py:2928} INFO - Setting next_dagrun for tutorial_etl_dag to None
[2021-12-07 12:06:52,816] {processor.py:171} INFO - Processing /Users/ballakeerthi/opt/anaconda3/lib/python3.8/site-packages/airflow/example_dags/tutorial_etl_dag.py took 0.082 seconds
[2021-12-07 12:08:19,083] {processor.py:163} INFO - Started process (PID=6184) to work on /Users/ballakeerthi/opt/anaconda3/lib/python3.8/site-packages/airflow/example_dags/tutorial_etl_dag.py
[2021-12-07 12:08:19,088] {processor.py:625} INFO - Processing file /Users/ballakeerthi/opt/anaconda3/lib/python3.8/site-packages/airflow/example_dags/tutorial_etl_dag.py for tasks to queue
[2021-12-07 12:08:19,089] {logging_mixin.py:109} INFO - [2021-12-07 12:08:19,089] {dagbag.py:500} INFO - Filling up the DagBag from /Users/ballakeerthi/opt/anaconda3/lib/python3.8/site-packages/airflow/example_dags/tutorial_etl_dag.py
[2021-12-07 12:08:19,129] {processor.py:637} INFO - DAG(s) dict_keys(['tutorial_etl_dag']) retrieved from /Users/ballakeerthi/opt/anaconda3/lib/python3.8/site-packages/airflow/example_dags/tutorial_etl_dag.py
[2021-12-07 12:08:19,145] {logging_mixin.py:109} INFO - [2021-12-07 12:08:19,145] {dag.py:2396} INFO - Sync 1 DAGs
[2021-12-07 12:08:19,155] {logging_mixin.py:109} INFO - [2021-12-07 12:08:19,155] {dag.py:2928} INFO - Setting next_dagrun for tutorial_etl_dag to None
[2021-12-07 12:08:19,163] {processor.py:171} INFO - Processing /Users/ballakeerthi/opt/anaconda3/lib/python3.8/site-packages/airflow/example_dags/tutorial_etl_dag.py took 0.081 seconds
[2021-12-07 12:09:47,592] {processor.py:163} INFO - Started process (PID=6238) to work on /Users/ballakeerthi/opt/anaconda3/lib/python3.8/site-packages/airflow/example_dags/tutorial_etl_dag.py
[2021-12-07 12:09:47,598] {processor.py:625} INFO - Processing file /Users/ballakeerthi/opt/anaconda3/lib/python3.8/site-packages/airflow/example_dags/tutorial_etl_dag.py for tasks to queue
[2021-12-07 12:09:47,599] {logging_mixin.py:109} INFO - [2021-12-07 12:09:47,599] {dagbag.py:500} INFO - Filling up the DagBag from /Users/ballakeerthi/opt/anaconda3/lib/python3.8/site-packages/airflow/example_dags/tutorial_etl_dag.py
[2021-12-07 12:09:47,645] {processor.py:637} INFO - DAG(s) dict_keys(['tutorial_etl_dag']) retrieved from /Users/ballakeerthi/opt/anaconda3/lib/python3.8/site-packages/airflow/example_dags/tutorial_etl_dag.py
[2021-12-07 12:09:47,660] {logging_mixin.py:109} INFO - [2021-12-07 12:09:47,660] {dag.py:2396} INFO - Sync 1 DAGs
[2021-12-07 12:09:47,667] {logging_mixin.py:109} INFO - [2021-12-07 12:09:47,667] {dag.py:2928} INFO - Setting next_dagrun for tutorial_etl_dag to None
[2021-12-07 12:09:47,678] {processor.py:171} INFO - Processing /Users/ballakeerthi/opt/anaconda3/lib/python3.8/site-packages/airflow/example_dags/tutorial_etl_dag.py took 0.086 seconds
[2021-12-07 12:11:11,113] {processor.py:163} INFO - Started process (PID=6292) to work on /Users/ballakeerthi/opt/anaconda3/lib/python3.8/site-packages/airflow/example_dags/tutorial_etl_dag.py
[2021-12-07 12:11:11,118] {processor.py:625} INFO - Processing file /Users/ballakeerthi/opt/anaconda3/lib/python3.8/site-packages/airflow/example_dags/tutorial_etl_dag.py for tasks to queue
[2021-12-07 12:11:11,119] {logging_mixin.py:109} INFO - [2021-12-07 12:11:11,119] {dagbag.py:500} INFO - Filling up the DagBag from /Users/ballakeerthi/opt/anaconda3/lib/python3.8/site-packages/airflow/example_dags/tutorial_etl_dag.py
[2021-12-07 12:11:11,161] {processor.py:637} INFO - DAG(s) dict_keys(['tutorial_etl_dag']) retrieved from /Users/ballakeerthi/opt/anaconda3/lib/python3.8/site-packages/airflow/example_dags/tutorial_etl_dag.py
[2021-12-07 12:11:11,181] {logging_mixin.py:109} INFO - [2021-12-07 12:11:11,181] {dag.py:2396} INFO - Sync 1 DAGs
[2021-12-07 12:11:11,190] {logging_mixin.py:109} INFO - [2021-12-07 12:11:11,190] {dag.py:2928} INFO - Setting next_dagrun for tutorial_etl_dag to None
[2021-12-07 12:11:11,198] {processor.py:171} INFO - Processing /Users/ballakeerthi/opt/anaconda3/lib/python3.8/site-packages/airflow/example_dags/tutorial_etl_dag.py took 0.086 seconds
[2021-12-07 12:12:36,478] {processor.py:163} INFO - Started process (PID=6347) to work on /Users/ballakeerthi/opt/anaconda3/lib/python3.8/site-packages/airflow/example_dags/tutorial_etl_dag.py
[2021-12-07 12:12:36,484] {processor.py:625} INFO - Processing file /Users/ballakeerthi/opt/anaconda3/lib/python3.8/site-packages/airflow/example_dags/tutorial_etl_dag.py for tasks to queue
[2021-12-07 12:12:36,484] {logging_mixin.py:109} INFO - [2021-12-07 12:12:36,484] {dagbag.py:500} INFO - Filling up the DagBag from /Users/ballakeerthi/opt/anaconda3/lib/python3.8/site-packages/airflow/example_dags/tutorial_etl_dag.py
[2021-12-07 12:12:36,526] {processor.py:637} INFO - DAG(s) dict_keys(['tutorial_etl_dag']) retrieved from /Users/ballakeerthi/opt/anaconda3/lib/python3.8/site-packages/airflow/example_dags/tutorial_etl_dag.py
[2021-12-07 12:12:36,543] {logging_mixin.py:109} INFO - [2021-12-07 12:12:36,543] {dag.py:2396} INFO - Sync 1 DAGs
[2021-12-07 12:12:36,551] {logging_mixin.py:109} INFO - [2021-12-07 12:12:36,551] {dag.py:2928} INFO - Setting next_dagrun for tutorial_etl_dag to None
[2021-12-07 12:12:36,560] {processor.py:171} INFO - Processing /Users/ballakeerthi/opt/anaconda3/lib/python3.8/site-packages/airflow/example_dags/tutorial_etl_dag.py took 0.082 seconds
[2021-12-07 12:14:03,427] {processor.py:163} INFO - Started process (PID=6404) to work on /Users/ballakeerthi/opt/anaconda3/lib/python3.8/site-packages/airflow/example_dags/tutorial_etl_dag.py
[2021-12-07 12:14:03,433] {processor.py:625} INFO - Processing file /Users/ballakeerthi/opt/anaconda3/lib/python3.8/site-packages/airflow/example_dags/tutorial_etl_dag.py for tasks to queue
[2021-12-07 12:14:03,434] {logging_mixin.py:109} INFO - [2021-12-07 12:14:03,433] {dagbag.py:500} INFO - Filling up the DagBag from /Users/ballakeerthi/opt/anaconda3/lib/python3.8/site-packages/airflow/example_dags/tutorial_etl_dag.py
[2021-12-07 12:14:03,475] {processor.py:637} INFO - DAG(s) dict_keys(['tutorial_etl_dag']) retrieved from /Users/ballakeerthi/opt/anaconda3/lib/python3.8/site-packages/airflow/example_dags/tutorial_etl_dag.py
[2021-12-07 12:14:03,491] {logging_mixin.py:109} INFO - [2021-12-07 12:14:03,490] {dag.py:2396} INFO - Sync 1 DAGs
[2021-12-07 12:14:03,500] {logging_mixin.py:109} INFO - [2021-12-07 12:14:03,500] {dag.py:2928} INFO - Setting next_dagrun for tutorial_etl_dag to None
[2021-12-07 12:14:03,509] {processor.py:171} INFO - Processing /Users/ballakeerthi/opt/anaconda3/lib/python3.8/site-packages/airflow/example_dags/tutorial_etl_dag.py took 0.082 seconds
[2021-12-07 12:15:34,301] {processor.py:163} INFO - Started process (PID=6461) to work on /Users/ballakeerthi/opt/anaconda3/lib/python3.8/site-packages/airflow/example_dags/tutorial_etl_dag.py
[2021-12-07 12:15:34,307] {processor.py:625} INFO - Processing file /Users/ballakeerthi/opt/anaconda3/lib/python3.8/site-packages/airflow/example_dags/tutorial_etl_dag.py for tasks to queue
[2021-12-07 12:15:34,307] {logging_mixin.py:109} INFO - [2021-12-07 12:15:34,307] {dagbag.py:500} INFO - Filling up the DagBag from /Users/ballakeerthi/opt/anaconda3/lib/python3.8/site-packages/airflow/example_dags/tutorial_etl_dag.py
[2021-12-07 12:15:34,349] {processor.py:637} INFO - DAG(s) dict_keys(['tutorial_etl_dag']) retrieved from /Users/ballakeerthi/opt/anaconda3/lib/python3.8/site-packages/airflow/example_dags/tutorial_etl_dag.py
[2021-12-07 12:15:34,366] {logging_mixin.py:109} INFO - [2021-12-07 12:15:34,366] {dag.py:2396} INFO - Sync 1 DAGs
[2021-12-07 12:15:34,374] {logging_mixin.py:109} INFO - [2021-12-07 12:15:34,374] {dag.py:2928} INFO - Setting next_dagrun for tutorial_etl_dag to None
[2021-12-07 12:15:34,382] {processor.py:171} INFO - Processing /Users/ballakeerthi/opt/anaconda3/lib/python3.8/site-packages/airflow/example_dags/tutorial_etl_dag.py took 0.081 seconds
[2021-12-07 12:17:02,549] {processor.py:163} INFO - Started process (PID=6514) to work on /Users/ballakeerthi/opt/anaconda3/lib/python3.8/site-packages/airflow/example_dags/tutorial_etl_dag.py
[2021-12-07 12:17:02,552] {processor.py:625} INFO - Processing file /Users/ballakeerthi/opt/anaconda3/lib/python3.8/site-packages/airflow/example_dags/tutorial_etl_dag.py for tasks to queue
[2021-12-07 12:17:02,552] {logging_mixin.py:109} INFO - [2021-12-07 12:17:02,552] {dagbag.py:500} INFO - Filling up the DagBag from /Users/ballakeerthi/opt/anaconda3/lib/python3.8/site-packages/airflow/example_dags/tutorial_etl_dag.py
[2021-12-07 12:17:02,599] {processor.py:637} INFO - DAG(s) dict_keys(['tutorial_etl_dag']) retrieved from /Users/ballakeerthi/opt/anaconda3/lib/python3.8/site-packages/airflow/example_dags/tutorial_etl_dag.py
[2021-12-07 12:17:02,615] {logging_mixin.py:109} INFO - [2021-12-07 12:17:02,615] {dag.py:2396} INFO - Sync 1 DAGs
[2021-12-07 12:17:02,622] {logging_mixin.py:109} INFO - [2021-12-07 12:17:02,622] {dag.py:2928} INFO - Setting next_dagrun for tutorial_etl_dag to None
[2021-12-07 12:17:02,632] {processor.py:171} INFO - Processing /Users/ballakeerthi/opt/anaconda3/lib/python3.8/site-packages/airflow/example_dags/tutorial_etl_dag.py took 0.083 seconds
[2021-12-07 12:18:37,561] {processor.py:163} INFO - Started process (PID=6568) to work on /Users/ballakeerthi/opt/anaconda3/lib/python3.8/site-packages/airflow/example_dags/tutorial_etl_dag.py
[2021-12-07 12:18:37,567] {processor.py:625} INFO - Processing file /Users/ballakeerthi/opt/anaconda3/lib/python3.8/site-packages/airflow/example_dags/tutorial_etl_dag.py for tasks to queue
[2021-12-07 12:18:37,568] {logging_mixin.py:109} INFO - [2021-12-07 12:18:37,568] {dagbag.py:500} INFO - Filling up the DagBag from /Users/ballakeerthi/opt/anaconda3/lib/python3.8/site-packages/airflow/example_dags/tutorial_etl_dag.py
[2021-12-07 12:18:37,620] {processor.py:637} INFO - DAG(s) dict_keys(['tutorial_etl_dag']) retrieved from /Users/ballakeerthi/opt/anaconda3/lib/python3.8/site-packages/airflow/example_dags/tutorial_etl_dag.py
[2021-12-07 12:18:37,635] {logging_mixin.py:109} INFO - [2021-12-07 12:18:37,635] {dag.py:2396} INFO - Sync 1 DAGs
[2021-12-07 12:18:37,642] {logging_mixin.py:109} INFO - [2021-12-07 12:18:37,642] {dag.py:2928} INFO - Setting next_dagrun for tutorial_etl_dag to None
[2021-12-07 12:18:37,651] {processor.py:171} INFO - Processing /Users/ballakeerthi/opt/anaconda3/lib/python3.8/site-packages/airflow/example_dags/tutorial_etl_dag.py took 0.090 seconds
[2021-12-07 12:20:06,245] {processor.py:163} INFO - Started process (PID=6625) to work on /Users/ballakeerthi/opt/anaconda3/lib/python3.8/site-packages/airflow/example_dags/tutorial_etl_dag.py
[2021-12-07 12:20:06,251] {processor.py:625} INFO - Processing file /Users/ballakeerthi/opt/anaconda3/lib/python3.8/site-packages/airflow/example_dags/tutorial_etl_dag.py for tasks to queue
[2021-12-07 12:20:06,252] {logging_mixin.py:109} INFO - [2021-12-07 12:20:06,251] {dagbag.py:500} INFO - Filling up the DagBag from /Users/ballakeerthi/opt/anaconda3/lib/python3.8/site-packages/airflow/example_dags/tutorial_etl_dag.py
[2021-12-07 12:20:06,295] {processor.py:637} INFO - DAG(s) dict_keys(['tutorial_etl_dag']) retrieved from /Users/ballakeerthi/opt/anaconda3/lib/python3.8/site-packages/airflow/example_dags/tutorial_etl_dag.py
[2021-12-07 12:20:06,308] {logging_mixin.py:109} INFO - [2021-12-07 12:20:06,308] {dag.py:2396} INFO - Sync 1 DAGs
[2021-12-07 12:20:06,318] {logging_mixin.py:109} INFO - [2021-12-07 12:20:06,318] {dag.py:2928} INFO - Setting next_dagrun for tutorial_etl_dag to None
[2021-12-07 12:20:06,326] {processor.py:171} INFO - Processing /Users/ballakeerthi/opt/anaconda3/lib/python3.8/site-packages/airflow/example_dags/tutorial_etl_dag.py took 0.082 seconds
[2021-12-07 12:21:31,769] {processor.py:163} INFO - Started process (PID=6679) to work on /Users/ballakeerthi/opt/anaconda3/lib/python3.8/site-packages/airflow/example_dags/tutorial_etl_dag.py
[2021-12-07 12:21:31,775] {processor.py:625} INFO - Processing file /Users/ballakeerthi/opt/anaconda3/lib/python3.8/site-packages/airflow/example_dags/tutorial_etl_dag.py for tasks to queue
[2021-12-07 12:21:31,775] {logging_mixin.py:109} INFO - [2021-12-07 12:21:31,775] {dagbag.py:500} INFO - Filling up the DagBag from /Users/ballakeerthi/opt/anaconda3/lib/python3.8/site-packages/airflow/example_dags/tutorial_etl_dag.py
[2021-12-07 12:21:31,830] {processor.py:637} INFO - DAG(s) dict_keys(['tutorial_etl_dag']) retrieved from /Users/ballakeerthi/opt/anaconda3/lib/python3.8/site-packages/airflow/example_dags/tutorial_etl_dag.py
[2021-12-07 12:21:31,855] {logging_mixin.py:109} INFO - [2021-12-07 12:21:31,855] {dag.py:2396} INFO - Sync 1 DAGs
[2021-12-07 12:21:31,869] {logging_mixin.py:109} INFO - [2021-12-07 12:21:31,868] {dag.py:2928} INFO - Setting next_dagrun for tutorial_etl_dag to None
[2021-12-07 12:21:31,891] {processor.py:171} INFO - Processing /Users/ballakeerthi/opt/anaconda3/lib/python3.8/site-packages/airflow/example_dags/tutorial_etl_dag.py took 0.123 seconds
[2021-12-07 12:22:54,529] {processor.py:163} INFO - Started process (PID=6733) to work on /Users/ballakeerthi/opt/anaconda3/lib/python3.8/site-packages/airflow/example_dags/tutorial_etl_dag.py
[2021-12-07 12:22:54,535] {processor.py:625} INFO - Processing file /Users/ballakeerthi/opt/anaconda3/lib/python3.8/site-packages/airflow/example_dags/tutorial_etl_dag.py for tasks to queue
[2021-12-07 12:22:54,535] {logging_mixin.py:109} INFO - [2021-12-07 12:22:54,535] {dagbag.py:500} INFO - Filling up the DagBag from /Users/ballakeerthi/opt/anaconda3/lib/python3.8/site-packages/airflow/example_dags/tutorial_etl_dag.py
[2021-12-07 12:22:54,574] {processor.py:637} INFO - DAG(s) dict_keys(['tutorial_etl_dag']) retrieved from /Users/ballakeerthi/opt/anaconda3/lib/python3.8/site-packages/airflow/example_dags/tutorial_etl_dag.py
[2021-12-07 12:22:54,589] {logging_mixin.py:109} INFO - [2021-12-07 12:22:54,589] {dag.py:2396} INFO - Sync 1 DAGs
[2021-12-07 12:22:54,598] {logging_mixin.py:109} INFO - [2021-12-07 12:22:54,598] {dag.py:2928} INFO - Setting next_dagrun for tutorial_etl_dag to None
[2021-12-07 12:22:54,606] {processor.py:171} INFO - Processing /Users/ballakeerthi/opt/anaconda3/lib/python3.8/site-packages/airflow/example_dags/tutorial_etl_dag.py took 0.077 seconds
[2021-12-07 12:24:20,764] {processor.py:163} INFO - Started process (PID=6789) to work on /Users/ballakeerthi/opt/anaconda3/lib/python3.8/site-packages/airflow/example_dags/tutorial_etl_dag.py
[2021-12-07 12:24:20,770] {processor.py:625} INFO - Processing file /Users/ballakeerthi/opt/anaconda3/lib/python3.8/site-packages/airflow/example_dags/tutorial_etl_dag.py for tasks to queue
[2021-12-07 12:24:20,770] {logging_mixin.py:109} INFO - [2021-12-07 12:24:20,770] {dagbag.py:500} INFO - Filling up the DagBag from /Users/ballakeerthi/opt/anaconda3/lib/python3.8/site-packages/airflow/example_dags/tutorial_etl_dag.py
[2021-12-07 12:24:20,807] {processor.py:637} INFO - DAG(s) dict_keys(['tutorial_etl_dag']) retrieved from /Users/ballakeerthi/opt/anaconda3/lib/python3.8/site-packages/airflow/example_dags/tutorial_etl_dag.py
[2021-12-07 12:24:20,819] {logging_mixin.py:109} INFO - [2021-12-07 12:24:20,819] {dag.py:2396} INFO - Sync 1 DAGs
[2021-12-07 12:24:20,825] {logging_mixin.py:109} INFO - [2021-12-07 12:24:20,825] {dag.py:2928} INFO - Setting next_dagrun for tutorial_etl_dag to None
[2021-12-07 12:24:20,833] {processor.py:171} INFO - Processing /Users/ballakeerthi/opt/anaconda3/lib/python3.8/site-packages/airflow/example_dags/tutorial_etl_dag.py took 0.070 seconds
[2021-12-07 12:25:31,687] {processor.py:163} INFO - Started process (PID=6841) to work on /Users/ballakeerthi/opt/anaconda3/lib/python3.8/site-packages/airflow/example_dags/tutorial_etl_dag.py
[2021-12-07 12:25:31,693] {processor.py:625} INFO - Processing file /Users/ballakeerthi/opt/anaconda3/lib/python3.8/site-packages/airflow/example_dags/tutorial_etl_dag.py for tasks to queue
[2021-12-07 12:25:31,693] {logging_mixin.py:109} INFO - [2021-12-07 12:25:31,693] {dagbag.py:500} INFO - Filling up the DagBag from /Users/ballakeerthi/opt/anaconda3/lib/python3.8/site-packages/airflow/example_dags/tutorial_etl_dag.py
[2021-12-07 12:25:31,730] {processor.py:637} INFO - DAG(s) dict_keys(['tutorial_etl_dag']) retrieved from /Users/ballakeerthi/opt/anaconda3/lib/python3.8/site-packages/airflow/example_dags/tutorial_etl_dag.py
[2021-12-07 12:25:31,742] {logging_mixin.py:109} INFO - [2021-12-07 12:25:31,742] {dag.py:2396} INFO - Sync 1 DAGs
[2021-12-07 12:25:31,748] {logging_mixin.py:109} INFO - [2021-12-07 12:25:31,748] {dag.py:2928} INFO - Setting next_dagrun for tutorial_etl_dag to None
[2021-12-07 12:25:31,757] {processor.py:171} INFO - Processing /Users/ballakeerthi/opt/anaconda3/lib/python3.8/site-packages/airflow/example_dags/tutorial_etl_dag.py took 0.070 seconds
[2021-12-07 13:24:13,192] {processor.py:163} INFO - Started process (PID=6956) to work on /Users/ballakeerthi/opt/anaconda3/lib/python3.8/site-packages/airflow/example_dags/tutorial_etl_dag.py
[2021-12-07 13:24:13,198] {processor.py:625} INFO - Processing file /Users/ballakeerthi/opt/anaconda3/lib/python3.8/site-packages/airflow/example_dags/tutorial_etl_dag.py for tasks to queue
[2021-12-07 13:24:13,199] {logging_mixin.py:109} INFO - [2021-12-07 13:24:13,199] {dagbag.py:500} INFO - Filling up the DagBag from /Users/ballakeerthi/opt/anaconda3/lib/python3.8/site-packages/airflow/example_dags/tutorial_etl_dag.py
[2021-12-07 13:24:13,236] {processor.py:637} INFO - DAG(s) dict_keys(['tutorial_etl_dag']) retrieved from /Users/ballakeerthi/opt/anaconda3/lib/python3.8/site-packages/airflow/example_dags/tutorial_etl_dag.py
[2021-12-07 13:24:13,249] {logging_mixin.py:109} INFO - [2021-12-07 13:24:13,249] {dag.py:2396} INFO - Sync 1 DAGs
[2021-12-07 13:24:13,256] {logging_mixin.py:109} INFO - [2021-12-07 13:24:13,256] {dag.py:2928} INFO - Setting next_dagrun for tutorial_etl_dag to None
[2021-12-07 13:24:13,264] {processor.py:171} INFO - Processing /Users/ballakeerthi/opt/anaconda3/lib/python3.8/site-packages/airflow/example_dags/tutorial_etl_dag.py took 0.073 seconds
[2021-12-07 13:26:03,256] {processor.py:163} INFO - Started process (PID=7036) to work on /Users/ballakeerthi/opt/anaconda3/lib/python3.8/site-packages/airflow/example_dags/tutorial_etl_dag.py
[2021-12-07 13:26:03,258] {processor.py:625} INFO - Processing file /Users/ballakeerthi/opt/anaconda3/lib/python3.8/site-packages/airflow/example_dags/tutorial_etl_dag.py for tasks to queue
[2021-12-07 13:26:03,259] {logging_mixin.py:109} INFO - [2021-12-07 13:26:03,259] {dagbag.py:500} INFO - Filling up the DagBag from /Users/ballakeerthi/opt/anaconda3/lib/python3.8/site-packages/airflow/example_dags/tutorial_etl_dag.py
[2021-12-07 13:26:03,307] {processor.py:637} INFO - DAG(s) dict_keys(['tutorial_etl_dag']) retrieved from /Users/ballakeerthi/opt/anaconda3/lib/python3.8/site-packages/airflow/example_dags/tutorial_etl_dag.py
[2021-12-07 13:26:03,324] {logging_mixin.py:109} INFO - [2021-12-07 13:26:03,324] {dag.py:2396} INFO - Sync 1 DAGs
[2021-12-07 13:26:03,336] {logging_mixin.py:109} INFO - [2021-12-07 13:26:03,335] {dag.py:2928} INFO - Setting next_dagrun for tutorial_etl_dag to None
[2021-12-07 13:26:03,346] {processor.py:171} INFO - Processing /Users/ballakeerthi/opt/anaconda3/lib/python3.8/site-packages/airflow/example_dags/tutorial_etl_dag.py took 0.090 seconds
[2021-12-07 13:27:22,159] {processor.py:163} INFO - Started process (PID=7094) to work on /Users/ballakeerthi/opt/anaconda3/lib/python3.8/site-packages/airflow/example_dags/tutorial_etl_dag.py
[2021-12-07 13:27:22,164] {processor.py:625} INFO - Processing file /Users/ballakeerthi/opt/anaconda3/lib/python3.8/site-packages/airflow/example_dags/tutorial_etl_dag.py for tasks to queue
[2021-12-07 13:27:22,165] {logging_mixin.py:109} INFO - [2021-12-07 13:27:22,165] {dagbag.py:500} INFO - Filling up the DagBag from /Users/ballakeerthi/opt/anaconda3/lib/python3.8/site-packages/airflow/example_dags/tutorial_etl_dag.py
[2021-12-07 13:27:22,213] {processor.py:637} INFO - DAG(s) dict_keys(['tutorial_etl_dag']) retrieved from /Users/ballakeerthi/opt/anaconda3/lib/python3.8/site-packages/airflow/example_dags/tutorial_etl_dag.py
[2021-12-07 13:27:22,230] {logging_mixin.py:109} INFO - [2021-12-07 13:27:22,230] {dag.py:2396} INFO - Sync 1 DAGs
[2021-12-07 13:27:22,239] {logging_mixin.py:109} INFO - [2021-12-07 13:27:22,238] {dag.py:2928} INFO - Setting next_dagrun for tutorial_etl_dag to None
[2021-12-07 13:27:22,248] {processor.py:171} INFO - Processing /Users/ballakeerthi/opt/anaconda3/lib/python3.8/site-packages/airflow/example_dags/tutorial_etl_dag.py took 0.090 seconds
[2021-12-07 13:28:37,039] {processor.py:163} INFO - Started process (PID=7145) to work on /Users/ballakeerthi/opt/anaconda3/lib/python3.8/site-packages/airflow/example_dags/tutorial_etl_dag.py
[2021-12-07 13:28:37,044] {processor.py:625} INFO - Processing file /Users/ballakeerthi/opt/anaconda3/lib/python3.8/site-packages/airflow/example_dags/tutorial_etl_dag.py for tasks to queue
[2021-12-07 13:28:37,045] {logging_mixin.py:109} INFO - [2021-12-07 13:28:37,045] {dagbag.py:500} INFO - Filling up the DagBag from /Users/ballakeerthi/opt/anaconda3/lib/python3.8/site-packages/airflow/example_dags/tutorial_etl_dag.py
[2021-12-07 13:28:37,078] {processor.py:637} INFO - DAG(s) dict_keys(['tutorial_etl_dag']) retrieved from /Users/ballakeerthi/opt/anaconda3/lib/python3.8/site-packages/airflow/example_dags/tutorial_etl_dag.py
[2021-12-07 13:28:37,090] {logging_mixin.py:109} INFO - [2021-12-07 13:28:37,090] {dag.py:2396} INFO - Sync 1 DAGs
[2021-12-07 13:28:37,097] {logging_mixin.py:109} INFO - [2021-12-07 13:28:37,097] {dag.py:2928} INFO - Setting next_dagrun for tutorial_etl_dag to None
[2021-12-07 13:28:37,107] {processor.py:171} INFO - Processing /Users/ballakeerthi/opt/anaconda3/lib/python3.8/site-packages/airflow/example_dags/tutorial_etl_dag.py took 0.069 seconds
[2021-12-07 13:29:45,301] {processor.py:163} INFO - Started process (PID=7199) to work on /Users/ballakeerthi/opt/anaconda3/lib/python3.8/site-packages/airflow/example_dags/tutorial_etl_dag.py
[2021-12-07 13:29:45,307] {processor.py:625} INFO - Processing file /Users/ballakeerthi/opt/anaconda3/lib/python3.8/site-packages/airflow/example_dags/tutorial_etl_dag.py for tasks to queue
[2021-12-07 13:29:45,307] {logging_mixin.py:109} INFO - [2021-12-07 13:29:45,307] {dagbag.py:500} INFO - Filling up the DagBag from /Users/ballakeerthi/opt/anaconda3/lib/python3.8/site-packages/airflow/example_dags/tutorial_etl_dag.py
[2021-12-07 13:29:45,344] {processor.py:637} INFO - DAG(s) dict_keys(['tutorial_etl_dag']) retrieved from /Users/ballakeerthi/opt/anaconda3/lib/python3.8/site-packages/airflow/example_dags/tutorial_etl_dag.py
[2021-12-07 13:29:45,357] {logging_mixin.py:109} INFO - [2021-12-07 13:29:45,356] {dag.py:2396} INFO - Sync 1 DAGs
[2021-12-07 13:29:45,363] {logging_mixin.py:109} INFO - [2021-12-07 13:29:45,363] {dag.py:2928} INFO - Setting next_dagrun for tutorial_etl_dag to None
[2021-12-07 13:29:45,372] {processor.py:171} INFO - Processing /Users/ballakeerthi/opt/anaconda3/lib/python3.8/site-packages/airflow/example_dags/tutorial_etl_dag.py took 0.072 seconds
[2021-12-07 13:30:51,566] {processor.py:163} INFO - Started process (PID=7254) to work on /Users/ballakeerthi/opt/anaconda3/lib/python3.8/site-packages/airflow/example_dags/tutorial_etl_dag.py
[2021-12-07 13:30:51,568] {processor.py:625} INFO - Processing file /Users/ballakeerthi/opt/anaconda3/lib/python3.8/site-packages/airflow/example_dags/tutorial_etl_dag.py for tasks to queue
[2021-12-07 13:30:51,569] {logging_mixin.py:109} INFO - [2021-12-07 13:30:51,569] {dagbag.py:500} INFO - Filling up the DagBag from /Users/ballakeerthi/opt/anaconda3/lib/python3.8/site-packages/airflow/example_dags/tutorial_etl_dag.py
[2021-12-07 13:30:51,606] {processor.py:637} INFO - DAG(s) dict_keys(['tutorial_etl_dag']) retrieved from /Users/ballakeerthi/opt/anaconda3/lib/python3.8/site-packages/airflow/example_dags/tutorial_etl_dag.py
[2021-12-07 13:30:51,618] {logging_mixin.py:109} INFO - [2021-12-07 13:30:51,618] {dag.py:2396} INFO - Sync 1 DAGs
[2021-12-07 13:30:51,624] {logging_mixin.py:109} INFO - [2021-12-07 13:30:51,624] {dag.py:2928} INFO - Setting next_dagrun for tutorial_etl_dag to None
[2021-12-07 13:30:51,633] {processor.py:171} INFO - Processing /Users/ballakeerthi/opt/anaconda3/lib/python3.8/site-packages/airflow/example_dags/tutorial_etl_dag.py took 0.068 seconds
[2021-12-07 13:31:58,731] {processor.py:163} INFO - Started process (PID=7304) to work on /Users/ballakeerthi/opt/anaconda3/lib/python3.8/site-packages/airflow/example_dags/tutorial_etl_dag.py
[2021-12-07 13:31:58,737] {processor.py:625} INFO - Processing file /Users/ballakeerthi/opt/anaconda3/lib/python3.8/site-packages/airflow/example_dags/tutorial_etl_dag.py for tasks to queue
[2021-12-07 13:31:58,737] {logging_mixin.py:109} INFO - [2021-12-07 13:31:58,737] {dagbag.py:500} INFO - Filling up the DagBag from /Users/ballakeerthi/opt/anaconda3/lib/python3.8/site-packages/airflow/example_dags/tutorial_etl_dag.py
[2021-12-07 13:31:58,774] {processor.py:637} INFO - DAG(s) dict_keys(['tutorial_etl_dag']) retrieved from /Users/ballakeerthi/opt/anaconda3/lib/python3.8/site-packages/airflow/example_dags/tutorial_etl_dag.py
[2021-12-07 13:31:58,787] {logging_mixin.py:109} INFO - [2021-12-07 13:31:58,786] {dag.py:2396} INFO - Sync 1 DAGs
[2021-12-07 13:31:58,793] {logging_mixin.py:109} INFO - [2021-12-07 13:31:58,793] {dag.py:2928} INFO - Setting next_dagrun for tutorial_etl_dag to None
[2021-12-07 13:31:58,802] {processor.py:171} INFO - Processing /Users/ballakeerthi/opt/anaconda3/lib/python3.8/site-packages/airflow/example_dags/tutorial_etl_dag.py took 0.071 seconds
[2021-12-07 13:33:06,542] {processor.py:163} INFO - Started process (PID=7356) to work on /Users/ballakeerthi/opt/anaconda3/lib/python3.8/site-packages/airflow/example_dags/tutorial_etl_dag.py
[2021-12-07 13:33:06,548] {processor.py:625} INFO - Processing file /Users/ballakeerthi/opt/anaconda3/lib/python3.8/site-packages/airflow/example_dags/tutorial_etl_dag.py for tasks to queue
[2021-12-07 13:33:06,549] {logging_mixin.py:109} INFO - [2021-12-07 13:33:06,548] {dagbag.py:500} INFO - Filling up the DagBag from /Users/ballakeerthi/opt/anaconda3/lib/python3.8/site-packages/airflow/example_dags/tutorial_etl_dag.py
[2021-12-07 13:33:06,586] {processor.py:637} INFO - DAG(s) dict_keys(['tutorial_etl_dag']) retrieved from /Users/ballakeerthi/opt/anaconda3/lib/python3.8/site-packages/airflow/example_dags/tutorial_etl_dag.py
[2021-12-07 13:33:06,598] {logging_mixin.py:109} INFO - [2021-12-07 13:33:06,598] {dag.py:2396} INFO - Sync 1 DAGs
[2021-12-07 13:33:06,605] {logging_mixin.py:109} INFO - [2021-12-07 13:33:06,604] {dag.py:2928} INFO - Setting next_dagrun for tutorial_etl_dag to None
[2021-12-07 13:33:06,612] {processor.py:171} INFO - Processing /Users/ballakeerthi/opt/anaconda3/lib/python3.8/site-packages/airflow/example_dags/tutorial_etl_dag.py took 0.071 seconds
[2021-12-07 13:34:38,130] {processor.py:163} INFO - Started process (PID=7432) to work on /Users/ballakeerthi/opt/anaconda3/lib/python3.8/site-packages/airflow/example_dags/tutorial_etl_dag.py
[2021-12-07 13:34:38,131] {processor.py:625} INFO - Processing file /Users/ballakeerthi/opt/anaconda3/lib/python3.8/site-packages/airflow/example_dags/tutorial_etl_dag.py for tasks to queue
[2021-12-07 13:34:38,132] {logging_mixin.py:109} INFO - [2021-12-07 13:34:38,132] {dagbag.py:500} INFO - Filling up the DagBag from /Users/ballakeerthi/opt/anaconda3/lib/python3.8/site-packages/airflow/example_dags/tutorial_etl_dag.py
[2021-12-07 13:34:38,171] {processor.py:637} INFO - DAG(s) dict_keys(['tutorial_etl_dag']) retrieved from /Users/ballakeerthi/opt/anaconda3/lib/python3.8/site-packages/airflow/example_dags/tutorial_etl_dag.py
[2021-12-07 13:34:38,185] {logging_mixin.py:109} INFO - [2021-12-07 13:34:38,185] {dag.py:2396} INFO - Sync 1 DAGs
[2021-12-07 13:34:38,191] {logging_mixin.py:109} INFO - [2021-12-07 13:34:38,191] {dag.py:2928} INFO - Setting next_dagrun for tutorial_etl_dag to None
[2021-12-07 13:34:38,198] {processor.py:171} INFO - Processing /Users/ballakeerthi/opt/anaconda3/lib/python3.8/site-packages/airflow/example_dags/tutorial_etl_dag.py took 0.069 seconds
[2021-12-07 13:36:12,604] {processor.py:163} INFO - Started process (PID=7530) to work on /Users/ballakeerthi/opt/anaconda3/lib/python3.8/site-packages/airflow/example_dags/tutorial_etl_dag.py
[2021-12-07 13:36:12,605] {processor.py:625} INFO - Processing file /Users/ballakeerthi/opt/anaconda3/lib/python3.8/site-packages/airflow/example_dags/tutorial_etl_dag.py for tasks to queue
[2021-12-07 13:36:12,605] {logging_mixin.py:109} INFO - [2021-12-07 13:36:12,605] {dagbag.py:500} INFO - Filling up the DagBag from /Users/ballakeerthi/opt/anaconda3/lib/python3.8/site-packages/airflow/example_dags/tutorial_etl_dag.py
[2021-12-07 13:36:12,639] {processor.py:637} INFO - DAG(s) dict_keys(['tutorial_etl_dag']) retrieved from /Users/ballakeerthi/opt/anaconda3/lib/python3.8/site-packages/airflow/example_dags/tutorial_etl_dag.py
[2021-12-07 13:36:12,654] {logging_mixin.py:109} INFO - [2021-12-07 13:36:12,653] {dag.py:2396} INFO - Sync 1 DAGs
[2021-12-07 13:36:12,662] {logging_mixin.py:109} INFO - [2021-12-07 13:36:12,662] {dag.py:2928} INFO - Setting next_dagrun for tutorial_etl_dag to None
[2021-12-07 13:36:12,669] {processor.py:171} INFO - Processing /Users/ballakeerthi/opt/anaconda3/lib/python3.8/site-packages/airflow/example_dags/tutorial_etl_dag.py took 0.065 seconds
[2021-12-07 13:37:35,530] {processor.py:163} INFO - Started process (PID=7589) to work on /Users/ballakeerthi/opt/anaconda3/lib/python3.8/site-packages/airflow/example_dags/tutorial_etl_dag.py
[2021-12-07 13:37:35,531] {processor.py:625} INFO - Processing file /Users/ballakeerthi/opt/anaconda3/lib/python3.8/site-packages/airflow/example_dags/tutorial_etl_dag.py for tasks to queue
[2021-12-07 13:37:35,531] {logging_mixin.py:109} INFO - [2021-12-07 13:37:35,531] {dagbag.py:500} INFO - Filling up the DagBag from /Users/ballakeerthi/opt/anaconda3/lib/python3.8/site-packages/airflow/example_dags/tutorial_etl_dag.py
[2021-12-07 13:37:35,567] {processor.py:637} INFO - DAG(s) dict_keys(['tutorial_etl_dag']) retrieved from /Users/ballakeerthi/opt/anaconda3/lib/python3.8/site-packages/airflow/example_dags/tutorial_etl_dag.py
[2021-12-07 13:37:35,579] {logging_mixin.py:109} INFO - [2021-12-07 13:37:35,579] {dag.py:2396} INFO - Sync 1 DAGs
[2021-12-07 13:37:35,585] {logging_mixin.py:109} INFO - [2021-12-07 13:37:35,585] {dag.py:2928} INFO - Setting next_dagrun for tutorial_etl_dag to None
[2021-12-07 13:37:35,593] {processor.py:171} INFO - Processing /Users/ballakeerthi/opt/anaconda3/lib/python3.8/site-packages/airflow/example_dags/tutorial_etl_dag.py took 0.064 seconds
[2021-12-07 13:39:06,272] {processor.py:163} INFO - Started process (PID=7695) to work on /Users/ballakeerthi/opt/anaconda3/lib/python3.8/site-packages/airflow/example_dags/tutorial_etl_dag.py
[2021-12-07 13:39:06,278] {processor.py:625} INFO - Processing file /Users/ballakeerthi/opt/anaconda3/lib/python3.8/site-packages/airflow/example_dags/tutorial_etl_dag.py for tasks to queue
[2021-12-07 13:39:06,279] {logging_mixin.py:109} INFO - [2021-12-07 13:39:06,279] {dagbag.py:500} INFO - Filling up the DagBag from /Users/ballakeerthi/opt/anaconda3/lib/python3.8/site-packages/airflow/example_dags/tutorial_etl_dag.py
[2021-12-07 13:39:06,314] {processor.py:637} INFO - DAG(s) dict_keys(['tutorial_etl_dag']) retrieved from /Users/ballakeerthi/opt/anaconda3/lib/python3.8/site-packages/airflow/example_dags/tutorial_etl_dag.py
[2021-12-07 13:39:06,327] {logging_mixin.py:109} INFO - [2021-12-07 13:39:06,326] {dag.py:2396} INFO - Sync 1 DAGs
[2021-12-07 13:39:06,334] {logging_mixin.py:109} INFO - [2021-12-07 13:39:06,334] {dag.py:2928} INFO - Setting next_dagrun for tutorial_etl_dag to None
[2021-12-07 13:39:06,344] {processor.py:171} INFO - Processing /Users/ballakeerthi/opt/anaconda3/lib/python3.8/site-packages/airflow/example_dags/tutorial_etl_dag.py took 0.072 seconds
[2021-12-07 13:40:28,831] {processor.py:163} INFO - Started process (PID=7763) to work on /Users/ballakeerthi/opt/anaconda3/lib/python3.8/site-packages/airflow/example_dags/tutorial_etl_dag.py
[2021-12-07 13:40:28,833] {processor.py:625} INFO - Processing file /Users/ballakeerthi/opt/anaconda3/lib/python3.8/site-packages/airflow/example_dags/tutorial_etl_dag.py for tasks to queue
[2021-12-07 13:40:28,834] {logging_mixin.py:109} INFO - [2021-12-07 13:40:28,834] {dagbag.py:500} INFO - Filling up the DagBag from /Users/ballakeerthi/opt/anaconda3/lib/python3.8/site-packages/airflow/example_dags/tutorial_etl_dag.py
[2021-12-07 13:40:28,879] {processor.py:637} INFO - DAG(s) dict_keys(['tutorial_etl_dag']) retrieved from /Users/ballakeerthi/opt/anaconda3/lib/python3.8/site-packages/airflow/example_dags/tutorial_etl_dag.py
[2021-12-07 13:40:28,892] {logging_mixin.py:109} INFO - [2021-12-07 13:40:28,892] {dag.py:2396} INFO - Sync 1 DAGs
[2021-12-07 13:40:28,899] {logging_mixin.py:109} INFO - [2021-12-07 13:40:28,899] {dag.py:2928} INFO - Setting next_dagrun for tutorial_etl_dag to None
[2021-12-07 13:40:28,907] {processor.py:171} INFO - Processing /Users/ballakeerthi/opt/anaconda3/lib/python3.8/site-packages/airflow/example_dags/tutorial_etl_dag.py took 0.077 seconds
[2021-12-07 13:41:45,373] {processor.py:163} INFO - Started process (PID=7827) to work on /Users/ballakeerthi/opt/anaconda3/lib/python3.8/site-packages/airflow/example_dags/tutorial_etl_dag.py
[2021-12-07 13:41:45,379] {processor.py:625} INFO - Processing file /Users/ballakeerthi/opt/anaconda3/lib/python3.8/site-packages/airflow/example_dags/tutorial_etl_dag.py for tasks to queue
[2021-12-07 13:41:45,379] {logging_mixin.py:109} INFO - [2021-12-07 13:41:45,379] {dagbag.py:500} INFO - Filling up the DagBag from /Users/ballakeerthi/opt/anaconda3/lib/python3.8/site-packages/airflow/example_dags/tutorial_etl_dag.py
[2021-12-07 13:41:45,418] {processor.py:637} INFO - DAG(s) dict_keys(['tutorial_etl_dag']) retrieved from /Users/ballakeerthi/opt/anaconda3/lib/python3.8/site-packages/airflow/example_dags/tutorial_etl_dag.py
[2021-12-07 13:41:45,431] {logging_mixin.py:109} INFO - [2021-12-07 13:41:45,431] {dag.py:2396} INFO - Sync 1 DAGs
[2021-12-07 13:41:45,437] {logging_mixin.py:109} INFO - [2021-12-07 13:41:45,437] {dag.py:2928} INFO - Setting next_dagrun for tutorial_etl_dag to None
[2021-12-07 13:41:45,445] {processor.py:171} INFO - Processing /Users/ballakeerthi/opt/anaconda3/lib/python3.8/site-packages/airflow/example_dags/tutorial_etl_dag.py took 0.073 seconds
[2021-12-07 13:43:03,814] {processor.py:163} INFO - Started process (PID=7886) to work on /Users/ballakeerthi/opt/anaconda3/lib/python3.8/site-packages/airflow/example_dags/tutorial_etl_dag.py
[2021-12-07 13:43:03,815] {processor.py:625} INFO - Processing file /Users/ballakeerthi/opt/anaconda3/lib/python3.8/site-packages/airflow/example_dags/tutorial_etl_dag.py for tasks to queue
[2021-12-07 13:43:03,815] {logging_mixin.py:109} INFO - [2021-12-07 13:43:03,815] {dagbag.py:500} INFO - Filling up the DagBag from /Users/ballakeerthi/opt/anaconda3/lib/python3.8/site-packages/airflow/example_dags/tutorial_etl_dag.py
[2021-12-07 13:43:03,850] {processor.py:637} INFO - DAG(s) dict_keys(['tutorial_etl_dag']) retrieved from /Users/ballakeerthi/opt/anaconda3/lib/python3.8/site-packages/airflow/example_dags/tutorial_etl_dag.py
[2021-12-07 13:43:03,863] {logging_mixin.py:109} INFO - [2021-12-07 13:43:03,863] {dag.py:2396} INFO - Sync 1 DAGs
[2021-12-07 13:43:03,869] {logging_mixin.py:109} INFO - [2021-12-07 13:43:03,869] {dag.py:2928} INFO - Setting next_dagrun for tutorial_etl_dag to None
[2021-12-07 13:43:03,874] {processor.py:171} INFO - Processing /Users/ballakeerthi/opt/anaconda3/lib/python3.8/site-packages/airflow/example_dags/tutorial_etl_dag.py took 0.061 seconds
[2021-12-07 13:44:32,274] {processor.py:163} INFO - Started process (PID=7946) to work on /Users/ballakeerthi/opt/anaconda3/lib/python3.8/site-packages/airflow/example_dags/tutorial_etl_dag.py
[2021-12-07 13:44:32,276] {processor.py:625} INFO - Processing file /Users/ballakeerthi/opt/anaconda3/lib/python3.8/site-packages/airflow/example_dags/tutorial_etl_dag.py for tasks to queue
[2021-12-07 13:44:32,277] {logging_mixin.py:109} INFO - [2021-12-07 13:44:32,277] {dagbag.py:500} INFO - Filling up the DagBag from /Users/ballakeerthi/opt/anaconda3/lib/python3.8/site-packages/airflow/example_dags/tutorial_etl_dag.py
[2021-12-07 13:44:32,312] {processor.py:637} INFO - DAG(s) dict_keys(['tutorial_etl_dag']) retrieved from /Users/ballakeerthi/opt/anaconda3/lib/python3.8/site-packages/airflow/example_dags/tutorial_etl_dag.py
[2021-12-07 13:44:32,325] {logging_mixin.py:109} INFO - [2021-12-07 13:44:32,325] {dag.py:2396} INFO - Sync 1 DAGs
[2021-12-07 13:44:32,331] {logging_mixin.py:109} INFO - [2021-12-07 13:44:32,331] {dag.py:2928} INFO - Setting next_dagrun for tutorial_etl_dag to None
[2021-12-07 13:44:32,340] {processor.py:171} INFO - Processing /Users/ballakeerthi/opt/anaconda3/lib/python3.8/site-packages/airflow/example_dags/tutorial_etl_dag.py took 0.067 seconds
[2021-12-07 14:05:43,472] {processor.py:163} INFO - Started process (PID=8170) to work on /Users/ballakeerthi/opt/anaconda3/lib/python3.8/site-packages/airflow/example_dags/tutorial_etl_dag.py
[2021-12-07 14:05:43,479] {processor.py:625} INFO - Processing file /Users/ballakeerthi/opt/anaconda3/lib/python3.8/site-packages/airflow/example_dags/tutorial_etl_dag.py for tasks to queue
[2021-12-07 14:05:43,480] {logging_mixin.py:109} INFO - [2021-12-07 14:05:43,480] {dagbag.py:500} INFO - Filling up the DagBag from /Users/ballakeerthi/opt/anaconda3/lib/python3.8/site-packages/airflow/example_dags/tutorial_etl_dag.py
[2021-12-07 14:05:43,521] {processor.py:637} INFO - DAG(s) dict_keys(['tutorial_etl_dag']) retrieved from /Users/ballakeerthi/opt/anaconda3/lib/python3.8/site-packages/airflow/example_dags/tutorial_etl_dag.py
[2021-12-07 14:05:43,536] {logging_mixin.py:109} INFO - [2021-12-07 14:05:43,536] {dag.py:2396} INFO - Sync 1 DAGs
[2021-12-07 14:05:43,543] {logging_mixin.py:109} INFO - [2021-12-07 14:05:43,543] {dag.py:2928} INFO - Setting next_dagrun for tutorial_etl_dag to None
[2021-12-07 14:05:43,554] {processor.py:171} INFO - Processing /Users/ballakeerthi/opt/anaconda3/lib/python3.8/site-packages/airflow/example_dags/tutorial_etl_dag.py took 0.082 seconds
