[2021-12-09 19:02:47,799] {taskinstance.py:1035} INFO - Dependencies all met for <TaskInstance: brent_pricing_dag.x_y_values scheduled__2021-12-09T00:00:00+00:00 [queued]>
[2021-12-09 19:02:47,809] {taskinstance.py:1035} INFO - Dependencies all met for <TaskInstance: brent_pricing_dag.x_y_values scheduled__2021-12-09T00:00:00+00:00 [queued]>
[2021-12-09 19:02:47,809] {taskinstance.py:1241} INFO - 
--------------------------------------------------------------------------------
[2021-12-09 19:02:47,809] {taskinstance.py:1242} INFO - Starting attempt 1 of 1
[2021-12-09 19:02:47,809] {taskinstance.py:1243} INFO - 
--------------------------------------------------------------------------------
[2021-12-09 19:02:47,821] {taskinstance.py:1262} INFO - Executing <Task(PythonOperator): x_y_values> on 2021-12-09 00:00:00+00:00
[2021-12-09 19:02:47,825] {standard_task_runner.py:52} INFO - Started process 33895 to run task
[2021-12-09 19:02:47,831] {standard_task_runner.py:76} INFO - Running: ['airflow', 'tasks', 'run', 'brent_pricing_dag', 'x_y_values', 'scheduled__2021-12-09T00:00:00+00:00', '--job-id', '80', '--raw', '--subdir', 'DAGS_FOLDER/dag_brent_pricing.py', '--cfg-path', '/var/folders/b3/j_ybgjv53p33dy62wlktdr4m0000gp/T/tmpbc3k_baj', '--error-file', '/var/folders/b3/j_ybgjv53p33dy62wlktdr4m0000gp/T/tmpao1qopav']
[2021-12-09 19:02:47,833] {standard_task_runner.py:77} INFO - Job 80: Subtask x_y_values
[2021-12-09 19:02:52,867] {logging_mixin.py:109} INFO - Running <TaskInstance: brent_pricing_dag.x_y_values scheduled__2021-12-09T00:00:00+00:00 [running]> on host zipcodes-MacBook-Pro-3.local
[2021-12-09 19:02:57,914] {taskinstance.py:1427} INFO - Exporting the following env vars:
AIRFLOW_CTX_DAG_EMAIL=keerthiballa@gmail.com
AIRFLOW_CTX_DAG_OWNER=airflow
AIRFLOW_CTX_DAG_ID=brent_pricing_dag
AIRFLOW_CTX_TASK_ID=x_y_values
AIRFLOW_CTX_EXECUTION_DATE=2021-12-09T00:00:00+00:00
AIRFLOW_CTX_DAG_RUN_ID=scheduled__2021-12-09T00:00:00+00:00
[2021-12-09 19:02:59,620] {logging_mixin.py:109} INFO - Dataset is created successfully
[2021-12-09 19:03:01,845] {logging_mixin.py:109} INFO - Table dataset_x_table created successfully,
[2021-12-09 19:03:01,846] {logging_mixin.py:109} INFO - Table dataset_y_table created successfully,
[2021-12-09 19:03:01,847] {python.py:152} INFO - Done. Returned value was: None
[2021-12-09 19:03:01,853] {taskinstance.py:1270} INFO - Marking task as SUCCESS. dag_id=brent_pricing_dag, task_id=x_y_values, execution_date=20211209T000000, start_date=20211210T000247, end_date=20211210T000301
[2021-12-09 19:03:01,917] {local_task_job.py:154} INFO - Task exited with return code 0
[2021-12-09 19:03:01,955] {local_task_job.py:264} INFO - 1 downstream tasks scheduled from follow-on schedule check
