[2021-12-09 19:01:14,140] {processor.py:163} INFO - Started process (PID=33885) to work on /Users/ballakeerthi/dev/airflow/dags/brent_ML_reg_models.py
[2021-12-09 19:01:14,141] {processor.py:625} INFO - Processing file /Users/ballakeerthi/dev/airflow/dags/brent_ML_reg_models.py for tasks to queue
[2021-12-09 19:01:14,141] {logging_mixin.py:109} INFO - [2021-12-09 19:01:14,141] {dagbag.py:500} INFO - Filling up the DagBag from /Users/ballakeerthi/dev/airflow/dags/brent_ML_reg_models.py
[2021-12-09 19:01:17,121] {processor.py:639} WARNING - No viable dags retrieved from /Users/ballakeerthi/dev/airflow/dags/brent_ML_reg_models.py
[2021-12-09 19:01:17,124] {processor.py:171} INFO - Processing /Users/ballakeerthi/dev/airflow/dags/brent_ML_reg_models.py took 2.984 seconds
[2021-12-09 19:03:42,124] {processor.py:163} INFO - Started process (PID=33906) to work on /Users/ballakeerthi/dev/airflow/dags/brent_ML_reg_models.py
[2021-12-09 19:03:42,125] {processor.py:625} INFO - Processing file /Users/ballakeerthi/dev/airflow/dags/brent_ML_reg_models.py for tasks to queue
[2021-12-09 19:03:42,125] {logging_mixin.py:109} INFO - [2021-12-09 19:03:42,125] {dagbag.py:500} INFO - Filling up the DagBag from /Users/ballakeerthi/dev/airflow/dags/brent_ML_reg_models.py
[2021-12-09 19:03:44,519] {processor.py:639} WARNING - No viable dags retrieved from /Users/ballakeerthi/dev/airflow/dags/brent_ML_reg_models.py
[2021-12-09 19:03:44,522] {processor.py:171} INFO - Processing /Users/ballakeerthi/dev/airflow/dags/brent_ML_reg_models.py took 2.398 seconds
[2021-12-09 19:05:59,647] {processor.py:163} INFO - Started process (PID=33937) to work on /Users/ballakeerthi/dev/airflow/dags/brent_ML_reg_models.py
[2021-12-09 19:05:59,648] {processor.py:625} INFO - Processing file /Users/ballakeerthi/dev/airflow/dags/brent_ML_reg_models.py for tasks to queue
[2021-12-09 19:05:59,648] {logging_mixin.py:109} INFO - [2021-12-09 19:05:59,648] {dagbag.py:500} INFO - Filling up the DagBag from /Users/ballakeerthi/dev/airflow/dags/brent_ML_reg_models.py
[2021-12-09 19:06:02,027] {processor.py:639} WARNING - No viable dags retrieved from /Users/ballakeerthi/dev/airflow/dags/brent_ML_reg_models.py
[2021-12-09 19:06:02,029] {processor.py:171} INFO - Processing /Users/ballakeerthi/dev/airflow/dags/brent_ML_reg_models.py took 2.382 seconds
[2021-12-09 19:06:33,998] {processor.py:163} INFO - Started process (PID=33944) to work on /Users/ballakeerthi/dev/airflow/dags/brent_ML_reg_models.py
[2021-12-09 19:06:34,004] {processor.py:625} INFO - Processing file /Users/ballakeerthi/dev/airflow/dags/brent_ML_reg_models.py for tasks to queue
[2021-12-09 19:06:34,005] {logging_mixin.py:109} INFO - [2021-12-09 19:06:34,005] {dagbag.py:500} INFO - Filling up the DagBag from /Users/ballakeerthi/dev/airflow/dags/brent_ML_reg_models.py
[2021-12-09 19:06:36,302] {processor.py:639} WARNING - No viable dags retrieved from /Users/ballakeerthi/dev/airflow/dags/brent_ML_reg_models.py
[2021-12-09 19:06:36,304] {processor.py:171} INFO - Processing /Users/ballakeerthi/dev/airflow/dags/brent_ML_reg_models.py took 2.306 seconds
[2021-12-09 19:07:08,714] {processor.py:163} INFO - Started process (PID=33949) to work on /Users/ballakeerthi/dev/airflow/dags/brent_ML_reg_models.py
[2021-12-09 19:07:08,714] {processor.py:625} INFO - Processing file /Users/ballakeerthi/dev/airflow/dags/brent_ML_reg_models.py for tasks to queue
[2021-12-09 19:07:08,714] {logging_mixin.py:109} INFO - [2021-12-09 19:07:08,714] {dagbag.py:500} INFO - Filling up the DagBag from /Users/ballakeerthi/dev/airflow/dags/brent_ML_reg_models.py
[2021-12-09 19:07:10,924] {processor.py:639} WARNING - No viable dags retrieved from /Users/ballakeerthi/dev/airflow/dags/brent_ML_reg_models.py
[2021-12-09 19:07:10,926] {processor.py:171} INFO - Processing /Users/ballakeerthi/dev/airflow/dags/brent_ML_reg_models.py took 2.213 seconds
[2021-12-09 19:07:43,292] {processor.py:163} INFO - Started process (PID=33957) to work on /Users/ballakeerthi/dev/airflow/dags/brent_ML_reg_models.py
[2021-12-09 19:07:43,292] {processor.py:625} INFO - Processing file /Users/ballakeerthi/dev/airflow/dags/brent_ML_reg_models.py for tasks to queue
[2021-12-09 19:07:43,293] {logging_mixin.py:109} INFO - [2021-12-09 19:07:43,292] {dagbag.py:500} INFO - Filling up the DagBag from /Users/ballakeerthi/dev/airflow/dags/brent_ML_reg_models.py
[2021-12-09 19:07:45,279] {processor.py:639} WARNING - No viable dags retrieved from /Users/ballakeerthi/dev/airflow/dags/brent_ML_reg_models.py
[2021-12-09 19:07:45,281] {processor.py:171} INFO - Processing /Users/ballakeerthi/dev/airflow/dags/brent_ML_reg_models.py took 1.990 seconds
[2021-12-09 19:09:04,478] {processor.py:163} INFO - Started process (PID=33967) to work on /Users/ballakeerthi/dev/airflow/dags/brent_ML_reg_models.py
[2021-12-09 19:09:04,479] {processor.py:625} INFO - Processing file /Users/ballakeerthi/dev/airflow/dags/brent_ML_reg_models.py for tasks to queue
[2021-12-09 19:09:04,480] {logging_mixin.py:109} INFO - [2021-12-09 19:09:04,480] {dagbag.py:500} INFO - Filling up the DagBag from /Users/ballakeerthi/dev/airflow/dags/brent_ML_reg_models.py
[2021-12-09 19:09:06,736] {processor.py:639} WARNING - No viable dags retrieved from /Users/ballakeerthi/dev/airflow/dags/brent_ML_reg_models.py
[2021-12-09 19:09:06,738] {processor.py:171} INFO - Processing /Users/ballakeerthi/dev/airflow/dags/brent_ML_reg_models.py took 2.262 seconds
[2021-12-09 19:13:06,326] {processor.py:163} INFO - Started process (PID=34004) to work on /Users/ballakeerthi/dev/airflow/dags/brent_ML_reg_models.py
[2021-12-09 19:13:06,326] {processor.py:625} INFO - Processing file /Users/ballakeerthi/dev/airflow/dags/brent_ML_reg_models.py for tasks to queue
[2021-12-09 19:13:06,327] {logging_mixin.py:109} INFO - [2021-12-09 19:13:06,327] {dagbag.py:500} INFO - Filling up the DagBag from /Users/ballakeerthi/dev/airflow/dags/brent_ML_reg_models.py
[2021-12-09 19:13:08,113] {processor.py:639} WARNING - No viable dags retrieved from /Users/ballakeerthi/dev/airflow/dags/brent_ML_reg_models.py
[2021-12-09 19:13:08,115] {processor.py:171} INFO - Processing /Users/ballakeerthi/dev/airflow/dags/brent_ML_reg_models.py took 1.790 seconds
[2021-12-09 19:13:41,085] {processor.py:163} INFO - Started process (PID=34012) to work on /Users/ballakeerthi/dev/airflow/dags/brent_ML_reg_models.py
[2021-12-09 19:13:41,086] {processor.py:625} INFO - Processing file /Users/ballakeerthi/dev/airflow/dags/brent_ML_reg_models.py for tasks to queue
[2021-12-09 19:13:41,086] {logging_mixin.py:109} INFO - [2021-12-09 19:13:41,086] {dagbag.py:500} INFO - Filling up the DagBag from /Users/ballakeerthi/dev/airflow/dags/brent_ML_reg_models.py
[2021-12-09 19:13:44,308] {processor.py:639} WARNING - No viable dags retrieved from /Users/ballakeerthi/dev/airflow/dags/brent_ML_reg_models.py
[2021-12-09 19:13:44,311] {processor.py:171} INFO - Processing /Users/ballakeerthi/dev/airflow/dags/brent_ML_reg_models.py took 3.226 seconds
[2021-12-09 19:14:16,265] {processor.py:163} INFO - Started process (PID=34021) to work on /Users/ballakeerthi/dev/airflow/dags/brent_ML_reg_models.py
[2021-12-09 19:14:16,270] {processor.py:625} INFO - Processing file /Users/ballakeerthi/dev/airflow/dags/brent_ML_reg_models.py for tasks to queue
[2021-12-09 19:14:16,271] {logging_mixin.py:109} INFO - [2021-12-09 19:14:16,271] {dagbag.py:500} INFO - Filling up the DagBag from /Users/ballakeerthi/dev/airflow/dags/brent_ML_reg_models.py
[2021-12-09 19:14:18,549] {processor.py:639} WARNING - No viable dags retrieved from /Users/ballakeerthi/dev/airflow/dags/brent_ML_reg_models.py
[2021-12-09 19:14:18,552] {processor.py:171} INFO - Processing /Users/ballakeerthi/dev/airflow/dags/brent_ML_reg_models.py took 2.288 seconds
[2021-12-09 19:14:51,480] {processor.py:163} INFO - Started process (PID=34027) to work on /Users/ballakeerthi/dev/airflow/dags/brent_ML_reg_models.py
[2021-12-09 19:14:51,481] {processor.py:625} INFO - Processing file /Users/ballakeerthi/dev/airflow/dags/brent_ML_reg_models.py for tasks to queue
[2021-12-09 19:14:51,482] {logging_mixin.py:109} INFO - [2021-12-09 19:14:51,482] {dagbag.py:500} INFO - Filling up the DagBag from /Users/ballakeerthi/dev/airflow/dags/brent_ML_reg_models.py
[2021-12-09 19:14:54,137] {processor.py:639} WARNING - No viable dags retrieved from /Users/ballakeerthi/dev/airflow/dags/brent_ML_reg_models.py
[2021-12-09 19:14:54,138] {processor.py:171} INFO - Processing /Users/ballakeerthi/dev/airflow/dags/brent_ML_reg_models.py took 2.659 seconds
[2021-12-09 19:15:25,911] {processor.py:163} INFO - Started process (PID=34034) to work on /Users/ballakeerthi/dev/airflow/dags/brent_ML_reg_models.py
[2021-12-09 19:15:25,917] {processor.py:625} INFO - Processing file /Users/ballakeerthi/dev/airflow/dags/brent_ML_reg_models.py for tasks to queue
[2021-12-09 19:15:25,917] {logging_mixin.py:109} INFO - [2021-12-09 19:15:25,917] {dagbag.py:500} INFO - Filling up the DagBag from /Users/ballakeerthi/dev/airflow/dags/brent_ML_reg_models.py
[2021-12-09 19:15:27,510] {processor.py:639} WARNING - No viable dags retrieved from /Users/ballakeerthi/dev/airflow/dags/brent_ML_reg_models.py
[2021-12-09 19:15:27,513] {processor.py:171} INFO - Processing /Users/ballakeerthi/dev/airflow/dags/brent_ML_reg_models.py took 1.602 seconds
[2021-12-09 19:15:59,646] {processor.py:163} INFO - Started process (PID=34039) to work on /Users/ballakeerthi/dev/airflow/dags/brent_ML_reg_models.py
[2021-12-09 19:15:59,647] {processor.py:625} INFO - Processing file /Users/ballakeerthi/dev/airflow/dags/brent_ML_reg_models.py for tasks to queue
[2021-12-09 19:15:59,648] {logging_mixin.py:109} INFO - [2021-12-09 19:15:59,648] {dagbag.py:500} INFO - Filling up the DagBag from /Users/ballakeerthi/dev/airflow/dags/brent_ML_reg_models.py
[2021-12-09 19:16:03,448] {processor.py:639} WARNING - No viable dags retrieved from /Users/ballakeerthi/dev/airflow/dags/brent_ML_reg_models.py
[2021-12-09 19:16:03,455] {processor.py:171} INFO - Processing /Users/ballakeerthi/dev/airflow/dags/brent_ML_reg_models.py took 3.809 seconds
[2021-12-09 19:16:35,298] {processor.py:163} INFO - Started process (PID=34059) to work on /Users/ballakeerthi/dev/airflow/dags/brent_ML_reg_models.py
[2021-12-09 19:16:35,299] {processor.py:625} INFO - Processing file /Users/ballakeerthi/dev/airflow/dags/brent_ML_reg_models.py for tasks to queue
[2021-12-09 19:16:35,300] {logging_mixin.py:109} INFO - [2021-12-09 19:16:35,300] {dagbag.py:500} INFO - Filling up the DagBag from /Users/ballakeerthi/dev/airflow/dags/brent_ML_reg_models.py
[2021-12-09 19:16:36,962] {processor.py:639} WARNING - No viable dags retrieved from /Users/ballakeerthi/dev/airflow/dags/brent_ML_reg_models.py
[2021-12-09 19:16:36,964] {processor.py:171} INFO - Processing /Users/ballakeerthi/dev/airflow/dags/brent_ML_reg_models.py took 1.666 seconds
[2021-12-09 19:17:09,747] {processor.py:163} INFO - Started process (PID=34063) to work on /Users/ballakeerthi/dev/airflow/dags/brent_ML_reg_models.py
[2021-12-09 19:17:09,747] {processor.py:625} INFO - Processing file /Users/ballakeerthi/dev/airflow/dags/brent_ML_reg_models.py for tasks to queue
[2021-12-09 19:17:09,748] {logging_mixin.py:109} INFO - [2021-12-09 19:17:09,748] {dagbag.py:500} INFO - Filling up the DagBag from /Users/ballakeerthi/dev/airflow/dags/brent_ML_reg_models.py
[2021-12-09 19:17:12,005] {processor.py:639} WARNING - No viable dags retrieved from /Users/ballakeerthi/dev/airflow/dags/brent_ML_reg_models.py
[2021-12-09 19:17:12,007] {processor.py:171} INFO - Processing /Users/ballakeerthi/dev/airflow/dags/brent_ML_reg_models.py took 2.261 seconds
[2021-12-09 19:17:43,600] {processor.py:163} INFO - Started process (PID=34070) to work on /Users/ballakeerthi/dev/airflow/dags/brent_ML_reg_models.py
[2021-12-09 19:17:43,602] {processor.py:625} INFO - Processing file /Users/ballakeerthi/dev/airflow/dags/brent_ML_reg_models.py for tasks to queue
[2021-12-09 19:17:43,602] {logging_mixin.py:109} INFO - [2021-12-09 19:17:43,602] {dagbag.py:500} INFO - Filling up the DagBag from /Users/ballakeerthi/dev/airflow/dags/brent_ML_reg_models.py
[2021-12-09 19:17:45,642] {processor.py:639} WARNING - No viable dags retrieved from /Users/ballakeerthi/dev/airflow/dags/brent_ML_reg_models.py
[2021-12-09 19:17:45,644] {processor.py:171} INFO - Processing /Users/ballakeerthi/dev/airflow/dags/brent_ML_reg_models.py took 2.044 seconds
[2021-12-09 19:18:17,882] {processor.py:163} INFO - Started process (PID=34074) to work on /Users/ballakeerthi/dev/airflow/dags/brent_ML_reg_models.py
[2021-12-09 19:18:17,883] {processor.py:625} INFO - Processing file /Users/ballakeerthi/dev/airflow/dags/brent_ML_reg_models.py for tasks to queue
[2021-12-09 19:18:17,883] {logging_mixin.py:109} INFO - [2021-12-09 19:18:17,883] {dagbag.py:500} INFO - Filling up the DagBag from /Users/ballakeerthi/dev/airflow/dags/brent_ML_reg_models.py
[2021-12-09 19:18:19,877] {processor.py:639} WARNING - No viable dags retrieved from /Users/ballakeerthi/dev/airflow/dags/brent_ML_reg_models.py
[2021-12-09 19:18:19,878] {processor.py:171} INFO - Processing /Users/ballakeerthi/dev/airflow/dags/brent_ML_reg_models.py took 1.997 seconds
[2021-12-09 19:18:51,327] {processor.py:163} INFO - Started process (PID=34083) to work on /Users/ballakeerthi/dev/airflow/dags/brent_ML_reg_models.py
[2021-12-09 19:18:51,334] {processor.py:625} INFO - Processing file /Users/ballakeerthi/dev/airflow/dags/brent_ML_reg_models.py for tasks to queue
[2021-12-09 19:18:51,334] {logging_mixin.py:109} INFO - [2021-12-09 19:18:51,334] {dagbag.py:500} INFO - Filling up the DagBag from /Users/ballakeerthi/dev/airflow/dags/brent_ML_reg_models.py
[2021-12-09 19:18:52,648] {processor.py:639} WARNING - No viable dags retrieved from /Users/ballakeerthi/dev/airflow/dags/brent_ML_reg_models.py
[2021-12-09 19:18:52,649] {processor.py:171} INFO - Processing /Users/ballakeerthi/dev/airflow/dags/brent_ML_reg_models.py took 1.323 seconds
[2021-12-09 19:19:24,037] {processor.py:163} INFO - Started process (PID=34087) to work on /Users/ballakeerthi/dev/airflow/dags/brent_ML_reg_models.py
[2021-12-09 19:19:24,043] {processor.py:625} INFO - Processing file /Users/ballakeerthi/dev/airflow/dags/brent_ML_reg_models.py for tasks to queue
[2021-12-09 19:19:24,044] {logging_mixin.py:109} INFO - [2021-12-09 19:19:24,044] {dagbag.py:500} INFO - Filling up the DagBag from /Users/ballakeerthi/dev/airflow/dags/brent_ML_reg_models.py
[2021-12-09 19:19:26,066] {processor.py:639} WARNING - No viable dags retrieved from /Users/ballakeerthi/dev/airflow/dags/brent_ML_reg_models.py
[2021-12-09 19:19:26,068] {processor.py:171} INFO - Processing /Users/ballakeerthi/dev/airflow/dags/brent_ML_reg_models.py took 2.031 seconds
[2021-12-09 19:19:57,539] {processor.py:163} INFO - Started process (PID=34093) to work on /Users/ballakeerthi/dev/airflow/dags/brent_ML_reg_models.py
[2021-12-09 19:19:57,539] {processor.py:625} INFO - Processing file /Users/ballakeerthi/dev/airflow/dags/brent_ML_reg_models.py for tasks to queue
[2021-12-09 19:19:57,540] {logging_mixin.py:109} INFO - [2021-12-09 19:19:57,540] {dagbag.py:500} INFO - Filling up the DagBag from /Users/ballakeerthi/dev/airflow/dags/brent_ML_reg_models.py
[2021-12-09 19:19:59,239] {processor.py:639} WARNING - No viable dags retrieved from /Users/ballakeerthi/dev/airflow/dags/brent_ML_reg_models.py
[2021-12-09 19:19:59,240] {processor.py:171} INFO - Processing /Users/ballakeerthi/dev/airflow/dags/brent_ML_reg_models.py took 1.702 seconds
[2021-12-09 19:20:31,071] {processor.py:163} INFO - Started process (PID=34116) to work on /Users/ballakeerthi/dev/airflow/dags/brent_ML_reg_models.py
[2021-12-09 19:20:31,071] {processor.py:625} INFO - Processing file /Users/ballakeerthi/dev/airflow/dags/brent_ML_reg_models.py for tasks to queue
[2021-12-09 19:20:31,072] {logging_mixin.py:109} INFO - [2021-12-09 19:20:31,072] {dagbag.py:500} INFO - Filling up the DagBag from /Users/ballakeerthi/dev/airflow/dags/brent_ML_reg_models.py
[2021-12-09 19:20:33,152] {processor.py:639} WARNING - No viable dags retrieved from /Users/ballakeerthi/dev/airflow/dags/brent_ML_reg_models.py
[2021-12-09 19:20:33,153] {processor.py:171} INFO - Processing /Users/ballakeerthi/dev/airflow/dags/brent_ML_reg_models.py took 2.083 seconds
[2021-12-09 19:21:04,675] {processor.py:163} INFO - Started process (PID=34122) to work on /Users/ballakeerthi/dev/airflow/dags/brent_ML_reg_models.py
[2021-12-09 19:21:04,676] {processor.py:625} INFO - Processing file /Users/ballakeerthi/dev/airflow/dags/brent_ML_reg_models.py for tasks to queue
[2021-12-09 19:21:04,676] {logging_mixin.py:109} INFO - [2021-12-09 19:21:04,676] {dagbag.py:500} INFO - Filling up the DagBag from /Users/ballakeerthi/dev/airflow/dags/brent_ML_reg_models.py
[2021-12-09 19:21:05,965] {processor.py:639} WARNING - No viable dags retrieved from /Users/ballakeerthi/dev/airflow/dags/brent_ML_reg_models.py
[2021-12-09 19:21:05,966] {processor.py:171} INFO - Processing /Users/ballakeerthi/dev/airflow/dags/brent_ML_reg_models.py took 1.292 seconds
[2021-12-09 19:21:37,610] {processor.py:163} INFO - Started process (PID=34127) to work on /Users/ballakeerthi/dev/airflow/dags/brent_ML_reg_models.py
[2021-12-09 19:21:37,610] {processor.py:625} INFO - Processing file /Users/ballakeerthi/dev/airflow/dags/brent_ML_reg_models.py for tasks to queue
[2021-12-09 19:21:37,610] {logging_mixin.py:109} INFO - [2021-12-09 19:21:37,610] {dagbag.py:500} INFO - Filling up the DagBag from /Users/ballakeerthi/dev/airflow/dags/brent_ML_reg_models.py
[2021-12-09 19:21:38,892] {processor.py:639} WARNING - No viable dags retrieved from /Users/ballakeerthi/dev/airflow/dags/brent_ML_reg_models.py
[2021-12-09 19:21:38,893] {processor.py:171} INFO - Processing /Users/ballakeerthi/dev/airflow/dags/brent_ML_reg_models.py took 1.284 seconds
[2021-12-09 19:22:11,122] {processor.py:163} INFO - Started process (PID=34138) to work on /Users/ballakeerthi/dev/airflow/dags/brent_ML_reg_models.py
[2021-12-09 19:22:11,122] {processor.py:625} INFO - Processing file /Users/ballakeerthi/dev/airflow/dags/brent_ML_reg_models.py for tasks to queue
[2021-12-09 19:22:11,123] {logging_mixin.py:109} INFO - [2021-12-09 19:22:11,123] {dagbag.py:500} INFO - Filling up the DagBag from /Users/ballakeerthi/dev/airflow/dags/brent_ML_reg_models.py
[2021-12-09 19:22:13,280] {processor.py:639} WARNING - No viable dags retrieved from /Users/ballakeerthi/dev/airflow/dags/brent_ML_reg_models.py
[2021-12-09 19:22:13,282] {processor.py:171} INFO - Processing /Users/ballakeerthi/dev/airflow/dags/brent_ML_reg_models.py took 2.161 seconds
[2021-12-09 19:22:44,672] {processor.py:163} INFO - Started process (PID=34148) to work on /Users/ballakeerthi/dev/airflow/dags/brent_ML_reg_models.py
[2021-12-09 19:22:44,674] {processor.py:625} INFO - Processing file /Users/ballakeerthi/dev/airflow/dags/brent_ML_reg_models.py for tasks to queue
[2021-12-09 19:22:44,675] {logging_mixin.py:109} INFO - [2021-12-09 19:22:44,675] {dagbag.py:500} INFO - Filling up the DagBag from /Users/ballakeerthi/dev/airflow/dags/brent_ML_reg_models.py
[2021-12-09 19:22:46,628] {processor.py:639} WARNING - No viable dags retrieved from /Users/ballakeerthi/dev/airflow/dags/brent_ML_reg_models.py
[2021-12-09 19:22:46,629] {processor.py:171} INFO - Processing /Users/ballakeerthi/dev/airflow/dags/brent_ML_reg_models.py took 1.958 seconds
[2021-12-09 19:23:17,994] {processor.py:163} INFO - Started process (PID=34152) to work on /Users/ballakeerthi/dev/airflow/dags/brent_ML_reg_models.py
[2021-12-09 19:23:17,994] {processor.py:625} INFO - Processing file /Users/ballakeerthi/dev/airflow/dags/brent_ML_reg_models.py for tasks to queue
[2021-12-09 19:23:17,994] {logging_mixin.py:109} INFO - [2021-12-09 19:23:17,994] {dagbag.py:500} INFO - Filling up the DagBag from /Users/ballakeerthi/dev/airflow/dags/brent_ML_reg_models.py
[2021-12-09 19:23:19,231] {processor.py:639} WARNING - No viable dags retrieved from /Users/ballakeerthi/dev/airflow/dags/brent_ML_reg_models.py
[2021-12-09 19:23:19,233] {processor.py:171} INFO - Processing /Users/ballakeerthi/dev/airflow/dags/brent_ML_reg_models.py took 1.239 seconds
[2021-12-09 19:23:50,627] {processor.py:163} INFO - Started process (PID=34159) to work on /Users/ballakeerthi/dev/airflow/dags/brent_ML_reg_models.py
[2021-12-09 19:23:50,627] {processor.py:625} INFO - Processing file /Users/ballakeerthi/dev/airflow/dags/brent_ML_reg_models.py for tasks to queue
[2021-12-09 19:23:50,628] {logging_mixin.py:109} INFO - [2021-12-09 19:23:50,628] {dagbag.py:500} INFO - Filling up the DagBag from /Users/ballakeerthi/dev/airflow/dags/brent_ML_reg_models.py
[2021-12-09 19:23:51,905] {processor.py:639} WARNING - No viable dags retrieved from /Users/ballakeerthi/dev/airflow/dags/brent_ML_reg_models.py
[2021-12-09 19:23:51,906] {processor.py:171} INFO - Processing /Users/ballakeerthi/dev/airflow/dags/brent_ML_reg_models.py took 1.280 seconds
[2021-12-09 19:24:23,350] {processor.py:163} INFO - Started process (PID=34164) to work on /Users/ballakeerthi/dev/airflow/dags/brent_ML_reg_models.py
[2021-12-09 19:24:23,351] {processor.py:625} INFO - Processing file /Users/ballakeerthi/dev/airflow/dags/brent_ML_reg_models.py for tasks to queue
[2021-12-09 19:24:23,351] {logging_mixin.py:109} INFO - [2021-12-09 19:24:23,351] {dagbag.py:500} INFO - Filling up the DagBag from /Users/ballakeerthi/dev/airflow/dags/brent_ML_reg_models.py
[2021-12-09 19:24:24,994] {processor.py:639} WARNING - No viable dags retrieved from /Users/ballakeerthi/dev/airflow/dags/brent_ML_reg_models.py
[2021-12-09 19:24:24,996] {processor.py:171} INFO - Processing /Users/ballakeerthi/dev/airflow/dags/brent_ML_reg_models.py took 1.646 seconds
[2021-12-09 19:24:56,520] {processor.py:163} INFO - Started process (PID=34169) to work on /Users/ballakeerthi/dev/airflow/dags/brent_ML_reg_models.py
[2021-12-09 19:24:56,526] {processor.py:625} INFO - Processing file /Users/ballakeerthi/dev/airflow/dags/brent_ML_reg_models.py for tasks to queue
[2021-12-09 19:24:56,527] {logging_mixin.py:109} INFO - [2021-12-09 19:24:56,527] {dagbag.py:500} INFO - Filling up the DagBag from /Users/ballakeerthi/dev/airflow/dags/brent_ML_reg_models.py
[2021-12-09 19:24:58,191] {processor.py:639} WARNING - No viable dags retrieved from /Users/ballakeerthi/dev/airflow/dags/brent_ML_reg_models.py
[2021-12-09 19:24:58,192] {processor.py:171} INFO - Processing /Users/ballakeerthi/dev/airflow/dags/brent_ML_reg_models.py took 1.672 seconds
[2021-12-09 19:25:29,659] {processor.py:163} INFO - Started process (PID=34173) to work on /Users/ballakeerthi/dev/airflow/dags/brent_ML_reg_models.py
[2021-12-09 19:25:29,665] {processor.py:625} INFO - Processing file /Users/ballakeerthi/dev/airflow/dags/brent_ML_reg_models.py for tasks to queue
[2021-12-09 19:25:29,665] {logging_mixin.py:109} INFO - [2021-12-09 19:25:29,665] {dagbag.py:500} INFO - Filling up the DagBag from /Users/ballakeerthi/dev/airflow/dags/brent_ML_reg_models.py
[2021-12-09 19:25:30,932] {processor.py:639} WARNING - No viable dags retrieved from /Users/ballakeerthi/dev/airflow/dags/brent_ML_reg_models.py
[2021-12-09 19:25:30,934] {processor.py:171} INFO - Processing /Users/ballakeerthi/dev/airflow/dags/brent_ML_reg_models.py took 1.275 seconds
