[2021-12-09 19:00:04,831] {processor.py:163} INFO - Started process (PID=33862) to work on /Users/ballakeerthi/dev/airflow/dags/dag_brent_pricing.py
[2021-12-09 19:00:04,832] {processor.py:625} INFO - Processing file /Users/ballakeerthi/dev/airflow/dags/dag_brent_pricing.py for tasks to queue
[2021-12-09 19:00:04,832] {logging_mixin.py:109} INFO - [2021-12-09 19:00:04,832] {dagbag.py:500} INFO - Filling up the DagBag from /Users/ballakeerthi/dev/airflow/dags/dag_brent_pricing.py
[2021-12-09 19:00:07,273] {processor.py:637} INFO - DAG(s) dict_keys(['brent_pricing_dag']) retrieved from /Users/ballakeerthi/dev/airflow/dags/dag_brent_pricing.py
[2021-12-09 19:00:07,294] {logging_mixin.py:109} INFO - [2021-12-09 19:00:07,294] {dag.py:2396} INFO - Sync 1 DAGs
[2021-12-09 19:00:07,305] {logging_mixin.py:109} INFO - [2021-12-09 19:00:07,305] {dag.py:2928} INFO - Setting next_dagrun for brent_pricing_dag to 2021-12-09T00:00:00+00:00
[2021-12-09 19:00:07,312] {processor.py:171} INFO - Processing /Users/ballakeerthi/dev/airflow/dags/dag_brent_pricing.py took 2.481 seconds
[2021-12-09 19:01:50,899] {processor.py:163} INFO - Started process (PID=33890) to work on /Users/ballakeerthi/dev/airflow/dags/dag_brent_pricing.py
[2021-12-09 19:01:50,900] {processor.py:625} INFO - Processing file /Users/ballakeerthi/dev/airflow/dags/dag_brent_pricing.py for tasks to queue
[2021-12-09 19:01:50,901] {logging_mixin.py:109} INFO - [2021-12-09 19:01:50,901] {dagbag.py:500} INFO - Filling up the DagBag from /Users/ballakeerthi/dev/airflow/dags/dag_brent_pricing.py
[2021-12-09 19:01:53,469] {processor.py:637} INFO - DAG(s) dict_keys(['brent_pricing_dag']) retrieved from /Users/ballakeerthi/dev/airflow/dags/dag_brent_pricing.py
[2021-12-09 19:01:53,488] {logging_mixin.py:109} INFO - [2021-12-09 19:01:53,488] {dag.py:2396} INFO - Sync 1 DAGs
[2021-12-09 19:01:53,497] {logging_mixin.py:109} INFO - [2021-12-09 19:01:53,497] {dag.py:2928} INFO - Setting next_dagrun for brent_pricing_dag to 2021-12-10T00:00:00+00:00
[2021-12-09 19:01:53,506] {processor.py:171} INFO - Processing /Users/ballakeerthi/dev/airflow/dags/dag_brent_pricing.py took 2.609 seconds
[2021-12-09 19:05:24,007] {processor.py:163} INFO - Started process (PID=33927) to work on /Users/ballakeerthi/dev/airflow/dags/dag_brent_pricing.py
[2021-12-09 19:05:24,009] {processor.py:625} INFO - Processing file /Users/ballakeerthi/dev/airflow/dags/dag_brent_pricing.py for tasks to queue
[2021-12-09 19:05:24,010] {logging_mixin.py:109} INFO - [2021-12-09 19:05:24,009] {dagbag.py:500} INFO - Filling up the DagBag from /Users/ballakeerthi/dev/airflow/dags/dag_brent_pricing.py
[2021-12-09 19:05:27,027] {processor.py:637} INFO - DAG(s) dict_keys(['brent_pricing_dag']) retrieved from /Users/ballakeerthi/dev/airflow/dags/dag_brent_pricing.py
[2021-12-09 19:05:27,459] {logging_mixin.py:109} INFO - [2021-12-09 19:05:27,459] {dag.py:2396} INFO - Sync 1 DAGs
[2021-12-09 19:05:27,469] {logging_mixin.py:109} INFO - [2021-12-09 19:05:27,469] {dag.py:2928} INFO - Setting next_dagrun for brent_pricing_dag to 2021-12-10T00:00:00+00:00
[2021-12-09 19:05:27,477] {processor.py:171} INFO - Processing /Users/ballakeerthi/dev/airflow/dags/dag_brent_pricing.py took 3.471 seconds
[2021-12-09 19:06:10,839] {processor.py:163} INFO - Started process (PID=33941) to work on /Users/ballakeerthi/dev/airflow/dags/dag_brent_pricing.py
[2021-12-09 19:06:10,845] {processor.py:625} INFO - Processing file /Users/ballakeerthi/dev/airflow/dags/dag_brent_pricing.py for tasks to queue
[2021-12-09 19:06:10,846] {logging_mixin.py:109} INFO - [2021-12-09 19:06:10,846] {dagbag.py:500} INFO - Filling up the DagBag from /Users/ballakeerthi/dev/airflow/dags/dag_brent_pricing.py
[2021-12-09 19:06:13,838] {processor.py:637} INFO - DAG(s) dict_keys(['brent_pricing_dag']) retrieved from /Users/ballakeerthi/dev/airflow/dags/dag_brent_pricing.py
[2021-12-09 19:06:13,854] {logging_mixin.py:109} INFO - [2021-12-09 19:06:13,854] {dag.py:2396} INFO - Sync 1 DAGs
[2021-12-09 19:06:13,864] {logging_mixin.py:109} INFO - [2021-12-09 19:06:13,864] {dag.py:2928} INFO - Setting next_dagrun for brent_pricing_dag to 2021-12-10T00:00:00+00:00
[2021-12-09 19:06:13,871] {processor.py:171} INFO - Processing /Users/ballakeerthi/dev/airflow/dags/dag_brent_pricing.py took 3.033 seconds
[2021-12-09 19:06:45,660] {processor.py:163} INFO - Started process (PID=33947) to work on /Users/ballakeerthi/dev/airflow/dags/dag_brent_pricing.py
[2021-12-09 19:06:45,666] {processor.py:625} INFO - Processing file /Users/ballakeerthi/dev/airflow/dags/dag_brent_pricing.py for tasks to queue
[2021-12-09 19:06:45,667] {logging_mixin.py:109} INFO - [2021-12-09 19:06:45,667] {dagbag.py:500} INFO - Filling up the DagBag from /Users/ballakeerthi/dev/airflow/dags/dag_brent_pricing.py
[2021-12-09 19:06:47,489] {processor.py:637} INFO - DAG(s) dict_keys(['brent_pricing_dag']) retrieved from /Users/ballakeerthi/dev/airflow/dags/dag_brent_pricing.py
[2021-12-09 19:06:47,508] {logging_mixin.py:109} INFO - [2021-12-09 19:06:47,507] {dag.py:2396} INFO - Sync 1 DAGs
[2021-12-09 19:06:47,519] {logging_mixin.py:109} INFO - [2021-12-09 19:06:47,519] {dag.py:2928} INFO - Setting next_dagrun for brent_pricing_dag to 2021-12-10T00:00:00+00:00
[2021-12-09 19:06:47,534] {processor.py:171} INFO - Processing /Users/ballakeerthi/dev/airflow/dags/dag_brent_pricing.py took 1.875 seconds
[2021-12-09 19:07:19,392] {processor.py:163} INFO - Started process (PID=33953) to work on /Users/ballakeerthi/dev/airflow/dags/dag_brent_pricing.py
[2021-12-09 19:07:19,393] {processor.py:625} INFO - Processing file /Users/ballakeerthi/dev/airflow/dags/dag_brent_pricing.py for tasks to queue
[2021-12-09 19:07:19,394] {logging_mixin.py:109} INFO - [2021-12-09 19:07:19,394] {dagbag.py:500} INFO - Filling up the DagBag from /Users/ballakeerthi/dev/airflow/dags/dag_brent_pricing.py
[2021-12-09 19:07:21,180] {processor.py:637} INFO - DAG(s) dict_keys(['brent_pricing_dag']) retrieved from /Users/ballakeerthi/dev/airflow/dags/dag_brent_pricing.py
[2021-12-09 19:07:21,197] {logging_mixin.py:109} INFO - [2021-12-09 19:07:21,196] {dag.py:2396} INFO - Sync 1 DAGs
[2021-12-09 19:07:21,207] {logging_mixin.py:109} INFO - [2021-12-09 19:07:21,207] {dag.py:2928} INFO - Setting next_dagrun for brent_pricing_dag to 2021-12-10T00:00:00+00:00
[2021-12-09 19:07:21,219] {processor.py:171} INFO - Processing /Users/ballakeerthi/dev/airflow/dags/dag_brent_pricing.py took 1.828 seconds
[2021-12-09 19:07:53,927] {processor.py:163} INFO - Started process (PID=33960) to work on /Users/ballakeerthi/dev/airflow/dags/dag_brent_pricing.py
[2021-12-09 19:07:53,927] {processor.py:625} INFO - Processing file /Users/ballakeerthi/dev/airflow/dags/dag_brent_pricing.py for tasks to queue
[2021-12-09 19:07:53,930] {logging_mixin.py:109} INFO - [2021-12-09 19:07:53,930] {dagbag.py:500} INFO - Filling up the DagBag from /Users/ballakeerthi/dev/airflow/dags/dag_brent_pricing.py
[2021-12-09 19:07:55,966] {processor.py:637} INFO - DAG(s) dict_keys(['brent_pricing_dag']) retrieved from /Users/ballakeerthi/dev/airflow/dags/dag_brent_pricing.py
[2021-12-09 19:07:55,989] {logging_mixin.py:109} INFO - [2021-12-09 19:07:55,989] {dag.py:2396} INFO - Sync 1 DAGs
[2021-12-09 19:07:55,998] {logging_mixin.py:109} INFO - [2021-12-09 19:07:55,998] {dag.py:2928} INFO - Setting next_dagrun for brent_pricing_dag to 2021-12-10T00:00:00+00:00
[2021-12-09 19:07:56,018] {processor.py:171} INFO - Processing /Users/ballakeerthi/dev/airflow/dags/dag_brent_pricing.py took 2.092 seconds
[2021-12-09 19:08:28,562] {processor.py:163} INFO - Started process (PID=33964) to work on /Users/ballakeerthi/dev/airflow/dags/dag_brent_pricing.py
[2021-12-09 19:08:28,562] {processor.py:625} INFO - Processing file /Users/ballakeerthi/dev/airflow/dags/dag_brent_pricing.py for tasks to queue
[2021-12-09 19:08:28,562] {logging_mixin.py:109} INFO - [2021-12-09 19:08:28,562] {dagbag.py:500} INFO - Filling up the DagBag from /Users/ballakeerthi/dev/airflow/dags/dag_brent_pricing.py
[2021-12-09 19:08:30,645] {processor.py:637} INFO - DAG(s) dict_keys(['brent_pricing_dag']) retrieved from /Users/ballakeerthi/dev/airflow/dags/dag_brent_pricing.py
[2021-12-09 19:08:30,666] {logging_mixin.py:109} INFO - [2021-12-09 19:08:30,666] {dag.py:2396} INFO - Sync 1 DAGs
[2021-12-09 19:08:30,676] {logging_mixin.py:109} INFO - [2021-12-09 19:08:30,676] {dag.py:2928} INFO - Setting next_dagrun for brent_pricing_dag to 2021-12-10T00:00:00+00:00
[2021-12-09 19:08:30,683] {processor.py:171} INFO - Processing /Users/ballakeerthi/dev/airflow/dags/dag_brent_pricing.py took 2.122 seconds
[2021-12-09 19:10:52,346] {processor.py:163} INFO - Started process (PID=33988) to work on /Users/ballakeerthi/dev/airflow/dags/dag_brent_pricing.py
[2021-12-09 19:10:52,347] {processor.py:625} INFO - Processing file /Users/ballakeerthi/dev/airflow/dags/dag_brent_pricing.py for tasks to queue
[2021-12-09 19:10:52,347] {logging_mixin.py:109} INFO - [2021-12-09 19:10:52,347] {dagbag.py:500} INFO - Filling up the DagBag from /Users/ballakeerthi/dev/airflow/dags/dag_brent_pricing.py
[2021-12-09 19:10:54,595] {processor.py:637} INFO - DAG(s) dict_keys(['brent_pricing_dag']) retrieved from /Users/ballakeerthi/dev/airflow/dags/dag_brent_pricing.py
[2021-12-09 19:10:54,614] {logging_mixin.py:109} INFO - [2021-12-09 19:10:54,614] {dag.py:2396} INFO - Sync 1 DAGs
[2021-12-09 19:10:54,639] {logging_mixin.py:109} INFO - [2021-12-09 19:10:54,638] {dag.py:2928} INFO - Setting next_dagrun for brent_pricing_dag to 2021-12-10T00:00:00+00:00
[2021-12-09 19:10:54,656] {processor.py:171} INFO - Processing /Users/ballakeerthi/dev/airflow/dags/dag_brent_pricing.py took 2.311 seconds
[2021-12-09 19:12:32,908] {processor.py:163} INFO - Started process (PID=33998) to work on /Users/ballakeerthi/dev/airflow/dags/dag_brent_pricing.py
[2021-12-09 19:12:32,914] {processor.py:625} INFO - Processing file /Users/ballakeerthi/dev/airflow/dags/dag_brent_pricing.py for tasks to queue
[2021-12-09 19:12:32,914] {logging_mixin.py:109} INFO - [2021-12-09 19:12:32,914] {dagbag.py:500} INFO - Filling up the DagBag from /Users/ballakeerthi/dev/airflow/dags/dag_brent_pricing.py
[2021-12-09 19:12:35,272] {processor.py:637} INFO - DAG(s) dict_keys(['brent_pricing_dag']) retrieved from /Users/ballakeerthi/dev/airflow/dags/dag_brent_pricing.py
[2021-12-09 19:12:35,301] {logging_mixin.py:109} INFO - [2021-12-09 19:12:35,299] {dag.py:2396} INFO - Sync 1 DAGs
[2021-12-09 19:12:35,315] {logging_mixin.py:109} INFO - [2021-12-09 19:12:35,315] {dag.py:2928} INFO - Setting next_dagrun for brent_pricing_dag to 2021-12-10T00:00:00+00:00
[2021-12-09 19:12:35,326] {processor.py:171} INFO - Processing /Users/ballakeerthi/dev/airflow/dags/dag_brent_pricing.py took 2.419 seconds
[2021-12-09 19:13:16,486] {processor.py:163} INFO - Started process (PID=34008) to work on /Users/ballakeerthi/dev/airflow/dags/dag_brent_pricing.py
[2021-12-09 19:13:16,488] {processor.py:625} INFO - Processing file /Users/ballakeerthi/dev/airflow/dags/dag_brent_pricing.py for tasks to queue
[2021-12-09 19:13:16,489] {logging_mixin.py:109} INFO - [2021-12-09 19:13:16,489] {dagbag.py:500} INFO - Filling up the DagBag from /Users/ballakeerthi/dev/airflow/dags/dag_brent_pricing.py
[2021-12-09 19:13:18,165] {processor.py:637} INFO - DAG(s) dict_keys(['brent_pricing_dag']) retrieved from /Users/ballakeerthi/dev/airflow/dags/dag_brent_pricing.py
[2021-12-09 19:13:18,184] {logging_mixin.py:109} INFO - [2021-12-09 19:13:18,184] {dag.py:2396} INFO - Sync 1 DAGs
[2021-12-09 19:13:18,206] {logging_mixin.py:109} INFO - [2021-12-09 19:13:18,206] {dag.py:2928} INFO - Setting next_dagrun for brent_pricing_dag to 2021-12-10T00:00:00+00:00
[2021-12-09 19:13:18,215] {processor.py:171} INFO - Processing /Users/ballakeerthi/dev/airflow/dags/dag_brent_pricing.py took 1.729 seconds
[2021-12-09 19:13:53,781] {processor.py:163} INFO - Started process (PID=34018) to work on /Users/ballakeerthi/dev/airflow/dags/dag_brent_pricing.py
[2021-12-09 19:13:53,786] {processor.py:625} INFO - Processing file /Users/ballakeerthi/dev/airflow/dags/dag_brent_pricing.py for tasks to queue
[2021-12-09 19:13:53,787] {logging_mixin.py:109} INFO - [2021-12-09 19:13:53,787] {dagbag.py:500} INFO - Filling up the DagBag from /Users/ballakeerthi/dev/airflow/dags/dag_brent_pricing.py
[2021-12-09 19:13:56,140] {processor.py:637} INFO - DAG(s) dict_keys(['brent_pricing_dag']) retrieved from /Users/ballakeerthi/dev/airflow/dags/dag_brent_pricing.py
[2021-12-09 19:13:56,155] {logging_mixin.py:109} INFO - [2021-12-09 19:13:56,155] {dag.py:2396} INFO - Sync 1 DAGs
[2021-12-09 19:13:56,164] {logging_mixin.py:109} INFO - [2021-12-09 19:13:56,164] {dag.py:2928} INFO - Setting next_dagrun for brent_pricing_dag to 2021-12-10T00:00:00+00:00
[2021-12-09 19:13:56,173] {processor.py:171} INFO - Processing /Users/ballakeerthi/dev/airflow/dags/dag_brent_pricing.py took 2.393 seconds
[2021-12-09 19:14:28,469] {processor.py:163} INFO - Started process (PID=34024) to work on /Users/ballakeerthi/dev/airflow/dags/dag_brent_pricing.py
[2021-12-09 19:14:28,476] {processor.py:625} INFO - Processing file /Users/ballakeerthi/dev/airflow/dags/dag_brent_pricing.py for tasks to queue
[2021-12-09 19:14:28,476] {logging_mixin.py:109} INFO - [2021-12-09 19:14:28,476] {dagbag.py:500} INFO - Filling up the DagBag from /Users/ballakeerthi/dev/airflow/dags/dag_brent_pricing.py
[2021-12-09 19:14:30,173] {processor.py:637} INFO - DAG(s) dict_keys(['brent_pricing_dag']) retrieved from /Users/ballakeerthi/dev/airflow/dags/dag_brent_pricing.py
[2021-12-09 19:14:30,190] {logging_mixin.py:109} INFO - [2021-12-09 19:14:30,190] {dag.py:2396} INFO - Sync 1 DAGs
[2021-12-09 19:14:30,199] {logging_mixin.py:109} INFO - [2021-12-09 19:14:30,199] {dag.py:2928} INFO - Setting next_dagrun for brent_pricing_dag to 2021-12-10T00:00:00+00:00
[2021-12-09 19:14:30,213] {processor.py:171} INFO - Processing /Users/ballakeerthi/dev/airflow/dags/dag_brent_pricing.py took 1.746 seconds
[2021-12-09 19:15:02,773] {processor.py:163} INFO - Started process (PID=34033) to work on /Users/ballakeerthi/dev/airflow/dags/dag_brent_pricing.py
[2021-12-09 19:15:02,778] {processor.py:625} INFO - Processing file /Users/ballakeerthi/dev/airflow/dags/dag_brent_pricing.py for tasks to queue
[2021-12-09 19:15:02,779] {logging_mixin.py:109} INFO - [2021-12-09 19:15:02,779] {dagbag.py:500} INFO - Filling up the DagBag from /Users/ballakeerthi/dev/airflow/dags/dag_brent_pricing.py
[2021-12-09 19:15:05,693] {processor.py:637} INFO - DAG(s) dict_keys(['brent_pricing_dag']) retrieved from /Users/ballakeerthi/dev/airflow/dags/dag_brent_pricing.py
[2021-12-09 19:15:05,708] {logging_mixin.py:109} INFO - [2021-12-09 19:15:05,708] {dag.py:2396} INFO - Sync 1 DAGs
[2021-12-09 19:15:05,722] {logging_mixin.py:109} INFO - [2021-12-09 19:15:05,722] {dag.py:2928} INFO - Setting next_dagrun for brent_pricing_dag to 2021-12-10T00:00:00+00:00
[2021-12-09 19:15:05,728] {processor.py:171} INFO - Processing /Users/ballakeerthi/dev/airflow/dags/dag_brent_pricing.py took 2.957 seconds
[2021-12-09 19:15:37,632] {processor.py:163} INFO - Started process (PID=34038) to work on /Users/ballakeerthi/dev/airflow/dags/dag_brent_pricing.py
[2021-12-09 19:15:37,634] {processor.py:625} INFO - Processing file /Users/ballakeerthi/dev/airflow/dags/dag_brent_pricing.py for tasks to queue
[2021-12-09 19:15:37,635] {logging_mixin.py:109} INFO - [2021-12-09 19:15:37,634] {dagbag.py:500} INFO - Filling up the DagBag from /Users/ballakeerthi/dev/airflow/dags/dag_brent_pricing.py
[2021-12-09 19:15:39,726] {processor.py:637} INFO - DAG(s) dict_keys(['brent_pricing_dag']) retrieved from /Users/ballakeerthi/dev/airflow/dags/dag_brent_pricing.py
[2021-12-09 19:15:39,743] {logging_mixin.py:109} INFO - [2021-12-09 19:15:39,742] {dag.py:2396} INFO - Sync 1 DAGs
[2021-12-09 19:15:39,752] {logging_mixin.py:109} INFO - [2021-12-09 19:15:39,752] {dag.py:2928} INFO - Setting next_dagrun for brent_pricing_dag to 2021-12-10T00:00:00+00:00
[2021-12-09 19:15:39,758] {processor.py:171} INFO - Processing /Users/ballakeerthi/dev/airflow/dags/dag_brent_pricing.py took 2.127 seconds
[2021-12-09 19:16:13,263] {processor.py:163} INFO - Started process (PID=34048) to work on /Users/ballakeerthi/dev/airflow/dags/dag_brent_pricing.py
[2021-12-09 19:16:13,265] {processor.py:625} INFO - Processing file /Users/ballakeerthi/dev/airflow/dags/dag_brent_pricing.py for tasks to queue
[2021-12-09 19:16:13,267] {logging_mixin.py:109} INFO - [2021-12-09 19:16:13,266] {dagbag.py:500} INFO - Filling up the DagBag from /Users/ballakeerthi/dev/airflow/dags/dag_brent_pricing.py
[2021-12-09 19:16:16,487] {processor.py:637} INFO - DAG(s) dict_keys(['brent_pricing_dag']) retrieved from /Users/ballakeerthi/dev/airflow/dags/dag_brent_pricing.py
[2021-12-09 19:16:16,503] {logging_mixin.py:109} INFO - [2021-12-09 19:16:16,503] {dag.py:2396} INFO - Sync 1 DAGs
[2021-12-09 19:16:16,513] {logging_mixin.py:109} INFO - [2021-12-09 19:16:16,513] {dag.py:2928} INFO - Setting next_dagrun for brent_pricing_dag to 2021-12-10T00:00:00+00:00
[2021-12-09 19:16:16,522] {processor.py:171} INFO - Processing /Users/ballakeerthi/dev/airflow/dags/dag_brent_pricing.py took 3.260 seconds
[2021-12-09 19:16:49,065] {processor.py:163} INFO - Started process (PID=34062) to work on /Users/ballakeerthi/dev/airflow/dags/dag_brent_pricing.py
[2021-12-09 19:16:49,070] {processor.py:625} INFO - Processing file /Users/ballakeerthi/dev/airflow/dags/dag_brent_pricing.py for tasks to queue
[2021-12-09 19:16:49,071] {logging_mixin.py:109} INFO - [2021-12-09 19:16:49,071] {dagbag.py:500} INFO - Filling up the DagBag from /Users/ballakeerthi/dev/airflow/dags/dag_brent_pricing.py
[2021-12-09 19:16:50,578] {processor.py:637} INFO - DAG(s) dict_keys(['brent_pricing_dag']) retrieved from /Users/ballakeerthi/dev/airflow/dags/dag_brent_pricing.py
[2021-12-09 19:16:50,592] {logging_mixin.py:109} INFO - [2021-12-09 19:16:50,592] {dag.py:2396} INFO - Sync 1 DAGs
[2021-12-09 19:16:50,600] {logging_mixin.py:109} INFO - [2021-12-09 19:16:50,600] {dag.py:2928} INFO - Setting next_dagrun for brent_pricing_dag to 2021-12-10T00:00:00+00:00
[2021-12-09 19:16:50,608] {processor.py:171} INFO - Processing /Users/ballakeerthi/dev/airflow/dags/dag_brent_pricing.py took 1.544 seconds
[2021-12-09 19:17:22,937] {processor.py:163} INFO - Started process (PID=34067) to work on /Users/ballakeerthi/dev/airflow/dags/dag_brent_pricing.py
[2021-12-09 19:17:22,943] {processor.py:625} INFO - Processing file /Users/ballakeerthi/dev/airflow/dags/dag_brent_pricing.py for tasks to queue
[2021-12-09 19:17:22,944] {logging_mixin.py:109} INFO - [2021-12-09 19:17:22,944] {dagbag.py:500} INFO - Filling up the DagBag from /Users/ballakeerthi/dev/airflow/dags/dag_brent_pricing.py
[2021-12-09 19:17:24,656] {processor.py:637} INFO - DAG(s) dict_keys(['brent_pricing_dag']) retrieved from /Users/ballakeerthi/dev/airflow/dags/dag_brent_pricing.py
[2021-12-09 19:17:24,670] {logging_mixin.py:109} INFO - [2021-12-09 19:17:24,670] {dag.py:2396} INFO - Sync 1 DAGs
[2021-12-09 19:17:24,684] {logging_mixin.py:109} INFO - [2021-12-09 19:17:24,684] {dag.py:2928} INFO - Setting next_dagrun for brent_pricing_dag to 2021-12-10T00:00:00+00:00
[2021-12-09 19:17:24,696] {processor.py:171} INFO - Processing /Users/ballakeerthi/dev/airflow/dags/dag_brent_pricing.py took 1.759 seconds
[2021-12-09 19:17:56,251] {processor.py:163} INFO - Started process (PID=34073) to work on /Users/ballakeerthi/dev/airflow/dags/dag_brent_pricing.py
[2021-12-09 19:17:56,257] {processor.py:625} INFO - Processing file /Users/ballakeerthi/dev/airflow/dags/dag_brent_pricing.py for tasks to queue
[2021-12-09 19:17:56,258] {logging_mixin.py:109} INFO - [2021-12-09 19:17:56,258] {dagbag.py:500} INFO - Filling up the DagBag from /Users/ballakeerthi/dev/airflow/dags/dag_brent_pricing.py
[2021-12-09 19:17:58,275] {processor.py:637} INFO - DAG(s) dict_keys(['brent_pricing_dag']) retrieved from /Users/ballakeerthi/dev/airflow/dags/dag_brent_pricing.py
[2021-12-09 19:17:58,288] {logging_mixin.py:109} INFO - [2021-12-09 19:17:58,288] {dag.py:2396} INFO - Sync 1 DAGs
[2021-12-09 19:17:58,298] {logging_mixin.py:109} INFO - [2021-12-09 19:17:58,298] {dag.py:2928} INFO - Setting next_dagrun for brent_pricing_dag to 2021-12-10T00:00:00+00:00
[2021-12-09 19:17:58,306] {processor.py:171} INFO - Processing /Users/ballakeerthi/dev/airflow/dags/dag_brent_pricing.py took 2.055 seconds
[2021-12-09 19:18:30,476] {processor.py:163} INFO - Started process (PID=34077) to work on /Users/ballakeerthi/dev/airflow/dags/dag_brent_pricing.py
[2021-12-09 19:18:30,482] {processor.py:625} INFO - Processing file /Users/ballakeerthi/dev/airflow/dags/dag_brent_pricing.py for tasks to queue
[2021-12-09 19:18:30,483] {logging_mixin.py:109} INFO - [2021-12-09 19:18:30,483] {dagbag.py:500} INFO - Filling up the DagBag from /Users/ballakeerthi/dev/airflow/dags/dag_brent_pricing.py
[2021-12-09 19:18:32,141] {processor.py:637} INFO - DAG(s) dict_keys(['brent_pricing_dag']) retrieved from /Users/ballakeerthi/dev/airflow/dags/dag_brent_pricing.py
[2021-12-09 19:18:32,154] {logging_mixin.py:109} INFO - [2021-12-09 19:18:32,154] {dag.py:2396} INFO - Sync 1 DAGs
[2021-12-09 19:18:32,162] {logging_mixin.py:109} INFO - [2021-12-09 19:18:32,162] {dag.py:2928} INFO - Setting next_dagrun for brent_pricing_dag to 2021-12-10T00:00:00+00:00
[2021-12-09 19:18:32,168] {processor.py:171} INFO - Processing /Users/ballakeerthi/dev/airflow/dags/dag_brent_pricing.py took 1.693 seconds
[2021-12-09 19:19:04,105] {processor.py:163} INFO - Started process (PID=34086) to work on /Users/ballakeerthi/dev/airflow/dags/dag_brent_pricing.py
[2021-12-09 19:19:04,118] {processor.py:625} INFO - Processing file /Users/ballakeerthi/dev/airflow/dags/dag_brent_pricing.py for tasks to queue
[2021-12-09 19:19:04,118] {logging_mixin.py:109} INFO - [2021-12-09 19:19:04,118] {dagbag.py:500} INFO - Filling up the DagBag from /Users/ballakeerthi/dev/airflow/dags/dag_brent_pricing.py
[2021-12-09 19:19:05,670] {processor.py:637} INFO - DAG(s) dict_keys(['brent_pricing_dag']) retrieved from /Users/ballakeerthi/dev/airflow/dags/dag_brent_pricing.py
[2021-12-09 19:19:05,684] {logging_mixin.py:109} INFO - [2021-12-09 19:19:05,683] {dag.py:2396} INFO - Sync 1 DAGs
[2021-12-09 19:19:05,692] {logging_mixin.py:109} INFO - [2021-12-09 19:19:05,691] {dag.py:2928} INFO - Setting next_dagrun for brent_pricing_dag to 2021-12-10T00:00:00+00:00
[2021-12-09 19:19:05,701] {processor.py:171} INFO - Processing /Users/ballakeerthi/dev/airflow/dags/dag_brent_pricing.py took 1.597 seconds
[2021-12-09 19:19:37,583] {processor.py:163} INFO - Started process (PID=34091) to work on /Users/ballakeerthi/dev/airflow/dags/dag_brent_pricing.py
[2021-12-09 19:19:37,589] {processor.py:625} INFO - Processing file /Users/ballakeerthi/dev/airflow/dags/dag_brent_pricing.py for tasks to queue
[2021-12-09 19:19:37,590] {logging_mixin.py:109} INFO - [2021-12-09 19:19:37,590] {dagbag.py:500} INFO - Filling up the DagBag from /Users/ballakeerthi/dev/airflow/dags/dag_brent_pricing.py
[2021-12-09 19:19:38,901] {processor.py:637} INFO - DAG(s) dict_keys(['brent_pricing_dag']) retrieved from /Users/ballakeerthi/dev/airflow/dags/dag_brent_pricing.py
[2021-12-09 19:19:38,915] {logging_mixin.py:109} INFO - [2021-12-09 19:19:38,914] {dag.py:2396} INFO - Sync 1 DAGs
[2021-12-09 19:19:38,923] {logging_mixin.py:109} INFO - [2021-12-09 19:19:38,923] {dag.py:2928} INFO - Setting next_dagrun for brent_pricing_dag to 2021-12-10T00:00:00+00:00
[2021-12-09 19:19:38,935] {processor.py:171} INFO - Processing /Users/ballakeerthi/dev/airflow/dags/dag_brent_pricing.py took 1.352 seconds
[2021-12-09 19:20:10,714] {processor.py:163} INFO - Started process (PID=34098) to work on /Users/ballakeerthi/dev/airflow/dags/dag_brent_pricing.py
[2021-12-09 19:20:10,715] {processor.py:625} INFO - Processing file /Users/ballakeerthi/dev/airflow/dags/dag_brent_pricing.py for tasks to queue
[2021-12-09 19:20:10,715] {logging_mixin.py:109} INFO - [2021-12-09 19:20:10,715] {dagbag.py:500} INFO - Filling up the DagBag from /Users/ballakeerthi/dev/airflow/dags/dag_brent_pricing.py
[2021-12-09 19:20:12,848] {processor.py:637} INFO - DAG(s) dict_keys(['brent_pricing_dag']) retrieved from /Users/ballakeerthi/dev/airflow/dags/dag_brent_pricing.py
[2021-12-09 19:20:12,862] {logging_mixin.py:109} INFO - [2021-12-09 19:20:12,862] {dag.py:2396} INFO - Sync 1 DAGs
[2021-12-09 19:20:12,870] {logging_mixin.py:109} INFO - [2021-12-09 19:20:12,870] {dag.py:2928} INFO - Setting next_dagrun for brent_pricing_dag to 2021-12-10T00:00:00+00:00
[2021-12-09 19:20:12,876] {processor.py:171} INFO - Processing /Users/ballakeerthi/dev/airflow/dags/dag_brent_pricing.py took 2.162 seconds
[2021-12-09 19:20:44,572] {processor.py:163} INFO - Started process (PID=34121) to work on /Users/ballakeerthi/dev/airflow/dags/dag_brent_pricing.py
[2021-12-09 19:20:44,574] {processor.py:625} INFO - Processing file /Users/ballakeerthi/dev/airflow/dags/dag_brent_pricing.py for tasks to queue
[2021-12-09 19:20:44,575] {logging_mixin.py:109} INFO - [2021-12-09 19:20:44,575] {dagbag.py:500} INFO - Filling up the DagBag from /Users/ballakeerthi/dev/airflow/dags/dag_brent_pricing.py
[2021-12-09 19:20:45,866] {processor.py:637} INFO - DAG(s) dict_keys(['brent_pricing_dag']) retrieved from /Users/ballakeerthi/dev/airflow/dags/dag_brent_pricing.py
[2021-12-09 19:20:45,879] {logging_mixin.py:109} INFO - [2021-12-09 19:20:45,879] {dag.py:2396} INFO - Sync 1 DAGs
[2021-12-09 19:20:45,888] {logging_mixin.py:109} INFO - [2021-12-09 19:20:45,888] {dag.py:2928} INFO - Setting next_dagrun for brent_pricing_dag to 2021-12-10T00:00:00+00:00
[2021-12-09 19:20:45,901] {processor.py:171} INFO - Processing /Users/ballakeerthi/dev/airflow/dags/dag_brent_pricing.py took 1.329 seconds
[2021-12-09 19:21:17,823] {processor.py:163} INFO - Started process (PID=34126) to work on /Users/ballakeerthi/dev/airflow/dags/dag_brent_pricing.py
[2021-12-09 19:21:17,823] {processor.py:625} INFO - Processing file /Users/ballakeerthi/dev/airflow/dags/dag_brent_pricing.py for tasks to queue
[2021-12-09 19:21:17,823] {logging_mixin.py:109} INFO - [2021-12-09 19:21:17,823] {dagbag.py:500} INFO - Filling up the DagBag from /Users/ballakeerthi/dev/airflow/dags/dag_brent_pricing.py
[2021-12-09 19:21:19,090] {processor.py:637} INFO - DAG(s) dict_keys(['brent_pricing_dag']) retrieved from /Users/ballakeerthi/dev/airflow/dags/dag_brent_pricing.py
[2021-12-09 19:21:19,103] {logging_mixin.py:109} INFO - [2021-12-09 19:21:19,103] {dag.py:2396} INFO - Sync 1 DAGs
[2021-12-09 19:21:19,111] {logging_mixin.py:109} INFO - [2021-12-09 19:21:19,111] {dag.py:2928} INFO - Setting next_dagrun for brent_pricing_dag to 2021-12-10T00:00:00+00:00
[2021-12-09 19:21:19,124] {processor.py:171} INFO - Processing /Users/ballakeerthi/dev/airflow/dags/dag_brent_pricing.py took 1.302 seconds
[2021-12-09 19:21:51,197] {processor.py:163} INFO - Started process (PID=34131) to work on /Users/ballakeerthi/dev/airflow/dags/dag_brent_pricing.py
[2021-12-09 19:21:51,198] {processor.py:625} INFO - Processing file /Users/ballakeerthi/dev/airflow/dags/dag_brent_pricing.py for tasks to queue
[2021-12-09 19:21:51,198] {logging_mixin.py:109} INFO - [2021-12-09 19:21:51,198] {dagbag.py:500} INFO - Filling up the DagBag from /Users/ballakeerthi/dev/airflow/dags/dag_brent_pricing.py
[2021-12-09 19:21:52,509] {processor.py:637} INFO - DAG(s) dict_keys(['brent_pricing_dag']) retrieved from /Users/ballakeerthi/dev/airflow/dags/dag_brent_pricing.py
[2021-12-09 19:21:52,522] {logging_mixin.py:109} INFO - [2021-12-09 19:21:52,522] {dag.py:2396} INFO - Sync 1 DAGs
[2021-12-09 19:21:52,531] {logging_mixin.py:109} INFO - [2021-12-09 19:21:52,531] {dag.py:2928} INFO - Setting next_dagrun for brent_pricing_dag to 2021-12-10T00:00:00+00:00
[2021-12-09 19:21:52,543] {processor.py:171} INFO - Processing /Users/ballakeerthi/dev/airflow/dags/dag_brent_pricing.py took 1.346 seconds
[2021-12-09 19:22:24,050] {processor.py:163} INFO - Started process (PID=34142) to work on /Users/ballakeerthi/dev/airflow/dags/dag_brent_pricing.py
[2021-12-09 19:22:24,056] {processor.py:625} INFO - Processing file /Users/ballakeerthi/dev/airflow/dags/dag_brent_pricing.py for tasks to queue
[2021-12-09 19:22:24,056] {logging_mixin.py:109} INFO - [2021-12-09 19:22:24,056] {dagbag.py:500} INFO - Filling up the DagBag from /Users/ballakeerthi/dev/airflow/dags/dag_brent_pricing.py
[2021-12-09 19:22:26,075] {processor.py:637} INFO - DAG(s) dict_keys(['brent_pricing_dag']) retrieved from /Users/ballakeerthi/dev/airflow/dags/dag_brent_pricing.py
[2021-12-09 19:22:26,089] {logging_mixin.py:109} INFO - [2021-12-09 19:22:26,088] {dag.py:2396} INFO - Sync 1 DAGs
[2021-12-09 19:22:26,097] {logging_mixin.py:109} INFO - [2021-12-09 19:22:26,097] {dag.py:2928} INFO - Setting next_dagrun for brent_pricing_dag to 2021-12-10T00:00:00+00:00
[2021-12-09 19:22:26,102] {processor.py:171} INFO - Processing /Users/ballakeerthi/dev/airflow/dags/dag_brent_pricing.py took 2.053 seconds
[2021-12-09 19:22:58,019] {processor.py:163} INFO - Started process (PID=34151) to work on /Users/ballakeerthi/dev/airflow/dags/dag_brent_pricing.py
[2021-12-09 19:22:58,025] {processor.py:625} INFO - Processing file /Users/ballakeerthi/dev/airflow/dags/dag_brent_pricing.py for tasks to queue
[2021-12-09 19:22:58,026] {logging_mixin.py:109} INFO - [2021-12-09 19:22:58,026] {dagbag.py:500} INFO - Filling up the DagBag from /Users/ballakeerthi/dev/airflow/dags/dag_brent_pricing.py
[2021-12-09 19:22:59,267] {processor.py:637} INFO - DAG(s) dict_keys(['brent_pricing_dag']) retrieved from /Users/ballakeerthi/dev/airflow/dags/dag_brent_pricing.py
[2021-12-09 19:22:59,280] {logging_mixin.py:109} INFO - [2021-12-09 19:22:59,280] {dag.py:2396} INFO - Sync 1 DAGs
[2021-12-09 19:22:59,288] {logging_mixin.py:109} INFO - [2021-12-09 19:22:59,288] {dag.py:2928} INFO - Setting next_dagrun for brent_pricing_dag to 2021-12-10T00:00:00+00:00
[2021-12-09 19:22:59,297] {processor.py:171} INFO - Processing /Users/ballakeerthi/dev/airflow/dags/dag_brent_pricing.py took 1.278 seconds
[2021-12-09 19:23:31,185] {processor.py:163} INFO - Started process (PID=34155) to work on /Users/ballakeerthi/dev/airflow/dags/dag_brent_pricing.py
[2021-12-09 19:23:31,185] {processor.py:625} INFO - Processing file /Users/ballakeerthi/dev/airflow/dags/dag_brent_pricing.py for tasks to queue
[2021-12-09 19:23:31,185] {logging_mixin.py:109} INFO - [2021-12-09 19:23:31,185] {dagbag.py:500} INFO - Filling up the DagBag from /Users/ballakeerthi/dev/airflow/dags/dag_brent_pricing.py
[2021-12-09 19:23:32,542] {processor.py:637} INFO - DAG(s) dict_keys(['brent_pricing_dag']) retrieved from /Users/ballakeerthi/dev/airflow/dags/dag_brent_pricing.py
[2021-12-09 19:23:32,562] {logging_mixin.py:109} INFO - [2021-12-09 19:23:32,561] {dag.py:2396} INFO - Sync 1 DAGs
[2021-12-09 19:23:32,570] {logging_mixin.py:109} INFO - [2021-12-09 19:23:32,570] {dag.py:2928} INFO - Setting next_dagrun for brent_pricing_dag to 2021-12-10T00:00:00+00:00
[2021-12-09 19:23:32,582] {processor.py:171} INFO - Processing /Users/ballakeerthi/dev/airflow/dags/dag_brent_pricing.py took 1.398 seconds
[2021-12-09 19:24:04,569] {processor.py:163} INFO - Started process (PID=34162) to work on /Users/ballakeerthi/dev/airflow/dags/dag_brent_pricing.py
[2021-12-09 19:24:04,569] {processor.py:625} INFO - Processing file /Users/ballakeerthi/dev/airflow/dags/dag_brent_pricing.py for tasks to queue
[2021-12-09 19:24:04,570] {logging_mixin.py:109} INFO - [2021-12-09 19:24:04,570] {dagbag.py:500} INFO - Filling up the DagBag from /Users/ballakeerthi/dev/airflow/dags/dag_brent_pricing.py
[2021-12-09 19:24:05,851] {processor.py:637} INFO - DAG(s) dict_keys(['brent_pricing_dag']) retrieved from /Users/ballakeerthi/dev/airflow/dags/dag_brent_pricing.py
[2021-12-09 19:24:05,869] {logging_mixin.py:109} INFO - [2021-12-09 19:24:05,868] {dag.py:2396} INFO - Sync 1 DAGs
[2021-12-09 19:24:05,880] {logging_mixin.py:109} INFO - [2021-12-09 19:24:05,880] {dag.py:2928} INFO - Setting next_dagrun for brent_pricing_dag to 2021-12-10T00:00:00+00:00
[2021-12-09 19:24:05,889] {processor.py:171} INFO - Processing /Users/ballakeerthi/dev/airflow/dags/dag_brent_pricing.py took 1.320 seconds
[2021-12-09 19:24:37,901] {processor.py:163} INFO - Started process (PID=34168) to work on /Users/ballakeerthi/dev/airflow/dags/dag_brent_pricing.py
[2021-12-09 19:24:37,907] {processor.py:625} INFO - Processing file /Users/ballakeerthi/dev/airflow/dags/dag_brent_pricing.py for tasks to queue
[2021-12-09 19:24:37,908] {logging_mixin.py:109} INFO - [2021-12-09 19:24:37,907] {dagbag.py:500} INFO - Filling up the DagBag from /Users/ballakeerthi/dev/airflow/dags/dag_brent_pricing.py
[2021-12-09 19:24:39,623] {processor.py:637} INFO - DAG(s) dict_keys(['brent_pricing_dag']) retrieved from /Users/ballakeerthi/dev/airflow/dags/dag_brent_pricing.py
[2021-12-09 19:24:39,641] {logging_mixin.py:109} INFO - [2021-12-09 19:24:39,640] {dag.py:2396} INFO - Sync 1 DAGs
[2021-12-09 19:24:39,651] {logging_mixin.py:109} INFO - [2021-12-09 19:24:39,651] {dag.py:2928} INFO - Setting next_dagrun for brent_pricing_dag to 2021-12-10T00:00:00+00:00
[2021-12-09 19:24:39,656] {processor.py:171} INFO - Processing /Users/ballakeerthi/dev/airflow/dags/dag_brent_pricing.py took 1.755 seconds
[2021-12-09 19:25:11,045] {processor.py:163} INFO - Started process (PID=34172) to work on /Users/ballakeerthi/dev/airflow/dags/dag_brent_pricing.py
[2021-12-09 19:25:11,051] {processor.py:625} INFO - Processing file /Users/ballakeerthi/dev/airflow/dags/dag_brent_pricing.py for tasks to queue
[2021-12-09 19:25:11,052] {logging_mixin.py:109} INFO - [2021-12-09 19:25:11,052] {dagbag.py:500} INFO - Filling up the DagBag from /Users/ballakeerthi/dev/airflow/dags/dag_brent_pricing.py
[2021-12-09 19:25:12,300] {processor.py:637} INFO - DAG(s) dict_keys(['brent_pricing_dag']) retrieved from /Users/ballakeerthi/dev/airflow/dags/dag_brent_pricing.py
[2021-12-09 19:25:12,313] {logging_mixin.py:109} INFO - [2021-12-09 19:25:12,313] {dag.py:2396} INFO - Sync 1 DAGs
[2021-12-09 19:25:12,322] {logging_mixin.py:109} INFO - [2021-12-09 19:25:12,321] {dag.py:2928} INFO - Setting next_dagrun for brent_pricing_dag to 2021-12-10T00:00:00+00:00
[2021-12-09 19:25:12,334] {processor.py:171} INFO - Processing /Users/ballakeerthi/dev/airflow/dags/dag_brent_pricing.py took 1.289 seconds
