[2021-12-09 19:03:04,899] {processor.py:163} INFO - Started process (PID=33896) to work on /Users/ballakeerthi/dev/airflow/dags/dag_example.py
[2021-12-09 19:03:04,899] {processor.py:625} INFO - Processing file /Users/ballakeerthi/dev/airflow/dags/dag_example.py for tasks to queue
[2021-12-09 19:03:04,900] {logging_mixin.py:109} INFO - [2021-12-09 19:03:04,899] {dagbag.py:500} INFO - Filling up the DagBag from /Users/ballakeerthi/dev/airflow/dags/dag_example.py
[2021-12-09 19:03:04,975] {processor.py:637} INFO - DAG(s) dict_keys(['my_dag']) retrieved from /Users/ballakeerthi/dev/airflow/dags/dag_example.py
[2021-12-09 19:03:04,997] {logging_mixin.py:109} INFO - [2021-12-09 19:03:04,997] {dag.py:2396} INFO - Sync 1 DAGs
[2021-12-09 19:03:05,007] {logging_mixin.py:109} INFO - [2021-12-09 19:03:05,007] {dag.py:2928} INFO - Setting next_dagrun for my_dag to 2021-12-09 00:00:00+00:00
[2021-12-09 19:03:05,013] {processor.py:171} INFO - Processing /Users/ballakeerthi/dev/airflow/dags/dag_example.py took 0.115 seconds
[2021-12-09 19:06:08,276] {processor.py:163} INFO - Started process (PID=33940) to work on /Users/ballakeerthi/dev/airflow/dags/dag_example.py
[2021-12-09 19:06:08,283] {processor.py:625} INFO - Processing file /Users/ballakeerthi/dev/airflow/dags/dag_example.py for tasks to queue
[2021-12-09 19:06:08,283] {logging_mixin.py:109} INFO - [2021-12-09 19:06:08,283] {dagbag.py:500} INFO - Filling up the DagBag from /Users/ballakeerthi/dev/airflow/dags/dag_example.py
[2021-12-09 19:06:08,331] {processor.py:637} INFO - DAG(s) dict_keys(['my_dag']) retrieved from /Users/ballakeerthi/dev/airflow/dags/dag_example.py
[2021-12-09 19:06:08,346] {logging_mixin.py:109} INFO - [2021-12-09 19:06:08,345] {dag.py:2396} INFO - Sync 1 DAGs
[2021-12-09 19:06:08,358] {logging_mixin.py:109} INFO - [2021-12-09 19:06:08,358] {dag.py:2928} INFO - Setting next_dagrun for my_dag to 2021-12-09 00:00:00+00:00
[2021-12-09 19:06:08,366] {processor.py:171} INFO - Processing /Users/ballakeerthi/dev/airflow/dags/dag_example.py took 0.091 seconds
[2021-12-09 19:06:41,699] {processor.py:163} INFO - Started process (PID=33946) to work on /Users/ballakeerthi/dev/airflow/dags/dag_example.py
[2021-12-09 19:06:41,705] {processor.py:625} INFO - Processing file /Users/ballakeerthi/dev/airflow/dags/dag_example.py for tasks to queue
[2021-12-09 19:06:41,705] {logging_mixin.py:109} INFO - [2021-12-09 19:06:41,705] {dagbag.py:500} INFO - Filling up the DagBag from /Users/ballakeerthi/dev/airflow/dags/dag_example.py
[2021-12-09 19:06:41,752] {processor.py:637} INFO - DAG(s) dict_keys(['my_dag']) retrieved from /Users/ballakeerthi/dev/airflow/dags/dag_example.py
[2021-12-09 19:06:41,768] {logging_mixin.py:109} INFO - [2021-12-09 19:06:41,768] {dag.py:2396} INFO - Sync 1 DAGs
[2021-12-09 19:06:41,777] {logging_mixin.py:109} INFO - [2021-12-09 19:06:41,777] {dag.py:2928} INFO - Setting next_dagrun for my_dag to 2021-12-09 00:00:00+00:00
[2021-12-09 19:06:41,786] {processor.py:171} INFO - Processing /Users/ballakeerthi/dev/airflow/dags/dag_example.py took 0.088 seconds
[2021-12-09 19:07:17,201] {processor.py:163} INFO - Started process (PID=33952) to work on /Users/ballakeerthi/dev/airflow/dags/dag_example.py
[2021-12-09 19:07:17,207] {processor.py:625} INFO - Processing file /Users/ballakeerthi/dev/airflow/dags/dag_example.py for tasks to queue
[2021-12-09 19:07:17,208] {logging_mixin.py:109} INFO - [2021-12-09 19:07:17,207] {dagbag.py:500} INFO - Filling up the DagBag from /Users/ballakeerthi/dev/airflow/dags/dag_example.py
[2021-12-09 19:07:17,257] {processor.py:637} INFO - DAG(s) dict_keys(['my_dag']) retrieved from /Users/ballakeerthi/dev/airflow/dags/dag_example.py
[2021-12-09 19:07:17,272] {logging_mixin.py:109} INFO - [2021-12-09 19:07:17,272] {dag.py:2396} INFO - Sync 1 DAGs
[2021-12-09 19:07:17,283] {logging_mixin.py:109} INFO - [2021-12-09 19:07:17,283] {dag.py:2928} INFO - Setting next_dagrun for my_dag to 2021-12-09 00:00:00+00:00
[2021-12-09 19:07:17,293] {processor.py:171} INFO - Processing /Users/ballakeerthi/dev/airflow/dags/dag_example.py took 0.093 seconds
[2021-12-09 19:07:50,654] {processor.py:163} INFO - Started process (PID=33959) to work on /Users/ballakeerthi/dev/airflow/dags/dag_example.py
[2021-12-09 19:07:50,660] {processor.py:625} INFO - Processing file /Users/ballakeerthi/dev/airflow/dags/dag_example.py for tasks to queue
[2021-12-09 19:07:50,660] {logging_mixin.py:109} INFO - [2021-12-09 19:07:50,660] {dagbag.py:500} INFO - Filling up the DagBag from /Users/ballakeerthi/dev/airflow/dags/dag_example.py
[2021-12-09 19:07:50,714] {processor.py:637} INFO - DAG(s) dict_keys(['my_dag']) retrieved from /Users/ballakeerthi/dev/airflow/dags/dag_example.py
[2021-12-09 19:07:50,731] {logging_mixin.py:109} INFO - [2021-12-09 19:07:50,731] {dag.py:2396} INFO - Sync 1 DAGs
[2021-12-09 19:07:50,748] {logging_mixin.py:109} INFO - [2021-12-09 19:07:50,748] {dag.py:2928} INFO - Setting next_dagrun for my_dag to 2021-12-09 00:00:00+00:00
[2021-12-09 19:07:50,757] {processor.py:171} INFO - Processing /Users/ballakeerthi/dev/airflow/dags/dag_example.py took 0.104 seconds
[2021-12-09 19:10:17,348] {processor.py:163} INFO - Started process (PID=33985) to work on /Users/ballakeerthi/dev/airflow/dags/dag_example.py
[2021-12-09 19:10:17,348] {processor.py:625} INFO - Processing file /Users/ballakeerthi/dev/airflow/dags/dag_example.py for tasks to queue
[2021-12-09 19:10:17,349] {logging_mixin.py:109} INFO - [2021-12-09 19:10:17,349] {dagbag.py:500} INFO - Filling up the DagBag from /Users/ballakeerthi/dev/airflow/dags/dag_example.py
[2021-12-09 19:10:17,424] {processor.py:637} INFO - DAG(s) dict_keys(['my_dag']) retrieved from /Users/ballakeerthi/dev/airflow/dags/dag_example.py
[2021-12-09 19:10:17,440] {logging_mixin.py:109} INFO - [2021-12-09 19:10:17,440] {dag.py:2396} INFO - Sync 1 DAGs
[2021-12-09 19:10:17,455] {logging_mixin.py:109} INFO - [2021-12-09 19:10:17,455] {dag.py:2928} INFO - Setting next_dagrun for my_dag to 2021-12-09 00:00:00+00:00
[2021-12-09 19:10:17,462] {processor.py:171} INFO - Processing /Users/ballakeerthi/dev/airflow/dags/dag_example.py took 0.115 seconds
[2021-12-09 19:13:13,828] {processor.py:163} INFO - Started process (PID=34007) to work on /Users/ballakeerthi/dev/airflow/dags/dag_example.py
[2021-12-09 19:13:13,835] {processor.py:625} INFO - Processing file /Users/ballakeerthi/dev/airflow/dags/dag_example.py for tasks to queue
[2021-12-09 19:13:13,835] {logging_mixin.py:109} INFO - [2021-12-09 19:13:13,835] {dagbag.py:500} INFO - Filling up the DagBag from /Users/ballakeerthi/dev/airflow/dags/dag_example.py
[2021-12-09 19:13:13,890] {processor.py:637} INFO - DAG(s) dict_keys(['my_dag']) retrieved from /Users/ballakeerthi/dev/airflow/dags/dag_example.py
[2021-12-09 19:13:13,910] {logging_mixin.py:109} INFO - [2021-12-09 19:13:13,910] {dag.py:2396} INFO - Sync 1 DAGs
[2021-12-09 19:13:13,921] {logging_mixin.py:109} INFO - [2021-12-09 19:13:13,921] {dag.py:2928} INFO - Setting next_dagrun for my_dag to 2021-12-09 00:00:00+00:00
[2021-12-09 19:13:13,930] {processor.py:171} INFO - Processing /Users/ballakeerthi/dev/airflow/dags/dag_example.py took 0.103 seconds
[2021-12-09 19:13:51,256] {processor.py:163} INFO - Started process (PID=34015) to work on /Users/ballakeerthi/dev/airflow/dags/dag_example.py
[2021-12-09 19:13:51,258] {processor.py:625} INFO - Processing file /Users/ballakeerthi/dev/airflow/dags/dag_example.py for tasks to queue
[2021-12-09 19:13:51,259] {logging_mixin.py:109} INFO - [2021-12-09 19:13:51,259] {dagbag.py:500} INFO - Filling up the DagBag from /Users/ballakeerthi/dev/airflow/dags/dag_example.py
[2021-12-09 19:13:51,305] {processor.py:637} INFO - DAG(s) dict_keys(['my_dag']) retrieved from /Users/ballakeerthi/dev/airflow/dags/dag_example.py
[2021-12-09 19:13:51,323] {logging_mixin.py:109} INFO - [2021-12-09 19:13:51,323] {dag.py:2396} INFO - Sync 1 DAGs
[2021-12-09 19:13:51,331] {logging_mixin.py:109} INFO - [2021-12-09 19:13:51,331] {dag.py:2928} INFO - Setting next_dagrun for my_dag to 2021-12-09 00:00:00+00:00
[2021-12-09 19:13:51,340] {processor.py:171} INFO - Processing /Users/ballakeerthi/dev/airflow/dags/dag_example.py took 0.085 seconds
[2021-12-09 19:14:22,856] {processor.py:163} INFO - Started process (PID=34023) to work on /Users/ballakeerthi/dev/airflow/dags/dag_example.py
[2021-12-09 19:14:22,862] {processor.py:625} INFO - Processing file /Users/ballakeerthi/dev/airflow/dags/dag_example.py for tasks to queue
[2021-12-09 19:14:22,863] {logging_mixin.py:109} INFO - [2021-12-09 19:14:22,863] {dagbag.py:500} INFO - Filling up the DagBag from /Users/ballakeerthi/dev/airflow/dags/dag_example.py
[2021-12-09 19:14:22,911] {processor.py:637} INFO - DAG(s) dict_keys(['my_dag']) retrieved from /Users/ballakeerthi/dev/airflow/dags/dag_example.py
[2021-12-09 19:14:22,931] {logging_mixin.py:109} INFO - [2021-12-09 19:14:22,930] {dag.py:2396} INFO - Sync 1 DAGs
[2021-12-09 19:14:22,941] {logging_mixin.py:109} INFO - [2021-12-09 19:14:22,941] {dag.py:2928} INFO - Setting next_dagrun for my_dag to 2021-12-09 00:00:00+00:00
[2021-12-09 19:14:22,950] {processor.py:171} INFO - Processing /Users/ballakeerthi/dev/airflow/dags/dag_example.py took 0.095 seconds
[2021-12-09 19:14:59,854] {processor.py:163} INFO - Started process (PID=34032) to work on /Users/ballakeerthi/dev/airflow/dags/dag_example.py
[2021-12-09 19:14:59,860] {processor.py:625} INFO - Processing file /Users/ballakeerthi/dev/airflow/dags/dag_example.py for tasks to queue
[2021-12-09 19:14:59,860] {logging_mixin.py:109} INFO - [2021-12-09 19:14:59,860] {dagbag.py:500} INFO - Filling up the DagBag from /Users/ballakeerthi/dev/airflow/dags/dag_example.py
[2021-12-09 19:14:59,911] {processor.py:637} INFO - DAG(s) dict_keys(['my_dag']) retrieved from /Users/ballakeerthi/dev/airflow/dags/dag_example.py
[2021-12-09 19:14:59,930] {logging_mixin.py:109} INFO - [2021-12-09 19:14:59,929] {dag.py:2396} INFO - Sync 1 DAGs
[2021-12-09 19:14:59,950] {logging_mixin.py:109} INFO - [2021-12-09 19:14:59,950] {dag.py:2928} INFO - Setting next_dagrun for my_dag to 2021-12-09 00:00:00+00:00
[2021-12-09 19:14:59,960] {processor.py:171} INFO - Processing /Users/ballakeerthi/dev/airflow/dags/dag_example.py took 0.106 seconds
[2021-12-09 19:15:32,855] {processor.py:163} INFO - Started process (PID=34036) to work on /Users/ballakeerthi/dev/airflow/dags/dag_example.py
[2021-12-09 19:15:32,855] {processor.py:625} INFO - Processing file /Users/ballakeerthi/dev/airflow/dags/dag_example.py for tasks to queue
[2021-12-09 19:15:32,856] {logging_mixin.py:109} INFO - [2021-12-09 19:15:32,856] {dagbag.py:500} INFO - Filling up the DagBag from /Users/ballakeerthi/dev/airflow/dags/dag_example.py
[2021-12-09 19:15:32,906] {processor.py:637} INFO - DAG(s) dict_keys(['my_dag']) retrieved from /Users/ballakeerthi/dev/airflow/dags/dag_example.py
[2021-12-09 19:15:32,923] {logging_mixin.py:109} INFO - [2021-12-09 19:15:32,923] {dag.py:2396} INFO - Sync 1 DAGs
[2021-12-09 19:15:32,934] {logging_mixin.py:109} INFO - [2021-12-09 19:15:32,934] {dag.py:2928} INFO - Setting next_dagrun for my_dag to 2021-12-09 00:00:00+00:00
[2021-12-09 19:15:32,943] {processor.py:171} INFO - Processing /Users/ballakeerthi/dev/airflow/dags/dag_example.py took 0.089 seconds
[2021-12-09 19:16:09,374] {processor.py:163} INFO - Started process (PID=34042) to work on /Users/ballakeerthi/dev/airflow/dags/dag_example.py
[2021-12-09 19:16:09,375] {processor.py:625} INFO - Processing file /Users/ballakeerthi/dev/airflow/dags/dag_example.py for tasks to queue
[2021-12-09 19:16:09,375] {logging_mixin.py:109} INFO - [2021-12-09 19:16:09,375] {dagbag.py:500} INFO - Filling up the DagBag from /Users/ballakeerthi/dev/airflow/dags/dag_example.py
[2021-12-09 19:16:09,443] {processor.py:637} INFO - DAG(s) dict_keys(['my_dag']) retrieved from /Users/ballakeerthi/dev/airflow/dags/dag_example.py
[2021-12-09 19:16:09,463] {logging_mixin.py:109} INFO - [2021-12-09 19:16:09,463] {dag.py:2396} INFO - Sync 1 DAGs
[2021-12-09 19:16:09,474] {logging_mixin.py:109} INFO - [2021-12-09 19:16:09,474] {dag.py:2928} INFO - Setting next_dagrun for my_dag to 2021-12-09 00:00:00+00:00
[2021-12-09 19:16:09,487] {processor.py:171} INFO - Processing /Users/ballakeerthi/dev/airflow/dags/dag_example.py took 0.113 seconds
[2021-12-09 19:16:42,446] {processor.py:163} INFO - Started process (PID=34061) to work on /Users/ballakeerthi/dev/airflow/dags/dag_example.py
[2021-12-09 19:16:42,446] {processor.py:625} INFO - Processing file /Users/ballakeerthi/dev/airflow/dags/dag_example.py for tasks to queue
[2021-12-09 19:16:42,447] {logging_mixin.py:109} INFO - [2021-12-09 19:16:42,447] {dagbag.py:500} INFO - Filling up the DagBag from /Users/ballakeerthi/dev/airflow/dags/dag_example.py
[2021-12-09 19:16:42,491] {processor.py:637} INFO - DAG(s) dict_keys(['my_dag']) retrieved from /Users/ballakeerthi/dev/airflow/dags/dag_example.py
[2021-12-09 19:16:42,508] {logging_mixin.py:109} INFO - [2021-12-09 19:16:42,508] {dag.py:2396} INFO - Sync 1 DAGs
[2021-12-09 19:16:42,522] {logging_mixin.py:109} INFO - [2021-12-09 19:16:42,521] {dag.py:2928} INFO - Setting next_dagrun for my_dag to 2021-12-09 00:00:00+00:00
[2021-12-09 19:16:42,528] {processor.py:171} INFO - Processing /Users/ballakeerthi/dev/airflow/dags/dag_example.py took 0.083 seconds
[2021-12-09 19:17:17,546] {processor.py:163} INFO - Started process (PID=34066) to work on /Users/ballakeerthi/dev/airflow/dags/dag_example.py
[2021-12-09 19:17:17,552] {processor.py:625} INFO - Processing file /Users/ballakeerthi/dev/airflow/dags/dag_example.py for tasks to queue
[2021-12-09 19:17:17,553] {logging_mixin.py:109} INFO - [2021-12-09 19:17:17,553] {dagbag.py:500} INFO - Filling up the DagBag from /Users/ballakeerthi/dev/airflow/dags/dag_example.py
[2021-12-09 19:17:17,597] {processor.py:637} INFO - DAG(s) dict_keys(['my_dag']) retrieved from /Users/ballakeerthi/dev/airflow/dags/dag_example.py
[2021-12-09 19:17:17,610] {logging_mixin.py:109} INFO - [2021-12-09 19:17:17,610] {dag.py:2396} INFO - Sync 1 DAGs
[2021-12-09 19:17:17,619] {logging_mixin.py:109} INFO - [2021-12-09 19:17:17,618] {dag.py:2928} INFO - Setting next_dagrun for my_dag to 2021-12-09 00:00:00+00:00
[2021-12-09 19:17:17,627] {processor.py:171} INFO - Processing /Users/ballakeerthi/dev/airflow/dags/dag_example.py took 0.082 seconds
[2021-12-09 19:17:50,469] {processor.py:163} INFO - Started process (PID=34072) to work on /Users/ballakeerthi/dev/airflow/dags/dag_example.py
[2021-12-09 19:17:50,475] {processor.py:625} INFO - Processing file /Users/ballakeerthi/dev/airflow/dags/dag_example.py for tasks to queue
[2021-12-09 19:17:50,476] {logging_mixin.py:109} INFO - [2021-12-09 19:17:50,476] {dagbag.py:500} INFO - Filling up the DagBag from /Users/ballakeerthi/dev/airflow/dags/dag_example.py
[2021-12-09 19:17:50,526] {processor.py:637} INFO - DAG(s) dict_keys(['my_dag']) retrieved from /Users/ballakeerthi/dev/airflow/dags/dag_example.py
[2021-12-09 19:17:50,540] {logging_mixin.py:109} INFO - [2021-12-09 19:17:50,540] {dag.py:2396} INFO - Sync 1 DAGs
[2021-12-09 19:17:50,548] {logging_mixin.py:109} INFO - [2021-12-09 19:17:50,548] {dag.py:2928} INFO - Setting next_dagrun for my_dag to 2021-12-09 00:00:00+00:00
[2021-12-09 19:17:50,555] {processor.py:171} INFO - Processing /Users/ballakeerthi/dev/airflow/dags/dag_example.py took 0.086 seconds
[2021-12-09 19:18:24,566] {processor.py:163} INFO - Started process (PID=34076) to work on /Users/ballakeerthi/dev/airflow/dags/dag_example.py
[2021-12-09 19:18:24,572] {processor.py:625} INFO - Processing file /Users/ballakeerthi/dev/airflow/dags/dag_example.py for tasks to queue
[2021-12-09 19:18:24,573] {logging_mixin.py:109} INFO - [2021-12-09 19:18:24,572] {dagbag.py:500} INFO - Filling up the DagBag from /Users/ballakeerthi/dev/airflow/dags/dag_example.py
[2021-12-09 19:18:24,612] {processor.py:637} INFO - DAG(s) dict_keys(['my_dag']) retrieved from /Users/ballakeerthi/dev/airflow/dags/dag_example.py
[2021-12-09 19:18:24,625] {logging_mixin.py:109} INFO - [2021-12-09 19:18:24,625] {dag.py:2396} INFO - Sync 1 DAGs
[2021-12-09 19:18:24,633] {logging_mixin.py:109} INFO - [2021-12-09 19:18:24,632] {dag.py:2928} INFO - Setting next_dagrun for my_dag to 2021-12-09 00:00:00+00:00
[2021-12-09 19:18:24,642] {processor.py:171} INFO - Processing /Users/ballakeerthi/dev/airflow/dags/dag_example.py took 0.076 seconds
[2021-12-09 19:18:57,396] {processor.py:163} INFO - Started process (PID=34085) to work on /Users/ballakeerthi/dev/airflow/dags/dag_example.py
[2021-12-09 19:18:57,402] {processor.py:625} INFO - Processing file /Users/ballakeerthi/dev/airflow/dags/dag_example.py for tasks to queue
[2021-12-09 19:18:57,402] {logging_mixin.py:109} INFO - [2021-12-09 19:18:57,402] {dagbag.py:500} INFO - Filling up the DagBag from /Users/ballakeerthi/dev/airflow/dags/dag_example.py
[2021-12-09 19:18:57,438] {processor.py:637} INFO - DAG(s) dict_keys(['my_dag']) retrieved from /Users/ballakeerthi/dev/airflow/dags/dag_example.py
[2021-12-09 19:18:57,453] {logging_mixin.py:109} INFO - [2021-12-09 19:18:57,452] {dag.py:2396} INFO - Sync 1 DAGs
[2021-12-09 19:18:57,460] {logging_mixin.py:109} INFO - [2021-12-09 19:18:57,460] {dag.py:2928} INFO - Setting next_dagrun for my_dag to 2021-12-09 00:00:00+00:00
[2021-12-09 19:18:57,469] {processor.py:171} INFO - Processing /Users/ballakeerthi/dev/airflow/dags/dag_example.py took 0.073 seconds
[2021-12-09 19:19:30,967] {processor.py:163} INFO - Started process (PID=34089) to work on /Users/ballakeerthi/dev/airflow/dags/dag_example.py
[2021-12-09 19:19:30,973] {processor.py:625} INFO - Processing file /Users/ballakeerthi/dev/airflow/dags/dag_example.py for tasks to queue
[2021-12-09 19:19:30,973] {logging_mixin.py:109} INFO - [2021-12-09 19:19:30,973] {dagbag.py:500} INFO - Filling up the DagBag from /Users/ballakeerthi/dev/airflow/dags/dag_example.py
[2021-12-09 19:19:31,019] {processor.py:637} INFO - DAG(s) dict_keys(['my_dag']) retrieved from /Users/ballakeerthi/dev/airflow/dags/dag_example.py
[2021-12-09 19:19:31,033] {logging_mixin.py:109} INFO - [2021-12-09 19:19:31,033] {dag.py:2396} INFO - Sync 1 DAGs
[2021-12-09 19:19:31,041] {logging_mixin.py:109} INFO - [2021-12-09 19:19:31,041] {dag.py:2928} INFO - Setting next_dagrun for my_dag to 2021-12-09 00:00:00+00:00
[2021-12-09 19:19:31,050] {processor.py:171} INFO - Processing /Users/ballakeerthi/dev/airflow/dags/dag_example.py took 0.083 seconds
[2021-12-09 19:20:04,086] {processor.py:163} INFO - Started process (PID=34096) to work on /Users/ballakeerthi/dev/airflow/dags/dag_example.py
[2021-12-09 19:20:04,087] {processor.py:625} INFO - Processing file /Users/ballakeerthi/dev/airflow/dags/dag_example.py for tasks to queue
[2021-12-09 19:20:04,088] {logging_mixin.py:109} INFO - [2021-12-09 19:20:04,088] {dagbag.py:500} INFO - Filling up the DagBag from /Users/ballakeerthi/dev/airflow/dags/dag_example.py
[2021-12-09 19:20:04,134] {processor.py:637} INFO - DAG(s) dict_keys(['my_dag']) retrieved from /Users/ballakeerthi/dev/airflow/dags/dag_example.py
[2021-12-09 19:20:04,148] {logging_mixin.py:109} INFO - [2021-12-09 19:20:04,148] {dag.py:2396} INFO - Sync 1 DAGs
[2021-12-09 19:20:04,156] {logging_mixin.py:109} INFO - [2021-12-09 19:20:04,155] {dag.py:2928} INFO - Setting next_dagrun for my_dag to 2021-12-09 00:00:00+00:00
[2021-12-09 19:20:04,162] {processor.py:171} INFO - Processing /Users/ballakeerthi/dev/airflow/dags/dag_example.py took 0.076 seconds
[2021-12-09 19:20:37,910] {processor.py:163} INFO - Started process (PID=34120) to work on /Users/ballakeerthi/dev/airflow/dags/dag_example.py
[2021-12-09 19:20:37,916] {processor.py:625} INFO - Processing file /Users/ballakeerthi/dev/airflow/dags/dag_example.py for tasks to queue
[2021-12-09 19:20:37,917] {logging_mixin.py:109} INFO - [2021-12-09 19:20:37,917] {dagbag.py:500} INFO - Filling up the DagBag from /Users/ballakeerthi/dev/airflow/dags/dag_example.py
[2021-12-09 19:20:37,963] {processor.py:637} INFO - DAG(s) dict_keys(['my_dag']) retrieved from /Users/ballakeerthi/dev/airflow/dags/dag_example.py
[2021-12-09 19:20:37,978] {logging_mixin.py:109} INFO - [2021-12-09 19:20:37,977] {dag.py:2396} INFO - Sync 1 DAGs
[2021-12-09 19:20:37,988] {logging_mixin.py:109} INFO - [2021-12-09 19:20:37,988] {dag.py:2928} INFO - Setting next_dagrun for my_dag to 2021-12-09 00:00:00+00:00
[2021-12-09 19:20:37,995] {processor.py:171} INFO - Processing /Users/ballakeerthi/dev/airflow/dags/dag_example.py took 0.086 seconds
[2021-12-09 19:21:09,867] {processor.py:163} INFO - Started process (PID=34124) to work on /Users/ballakeerthi/dev/airflow/dags/dag_example.py
[2021-12-09 19:21:09,867] {processor.py:625} INFO - Processing file /Users/ballakeerthi/dev/airflow/dags/dag_example.py for tasks to queue
[2021-12-09 19:21:09,867] {logging_mixin.py:109} INFO - [2021-12-09 19:21:09,867] {dagbag.py:500} INFO - Filling up the DagBag from /Users/ballakeerthi/dev/airflow/dags/dag_example.py
[2021-12-09 19:21:09,901] {processor.py:637} INFO - DAG(s) dict_keys(['my_dag']) retrieved from /Users/ballakeerthi/dev/airflow/dags/dag_example.py
[2021-12-09 19:21:09,915] {logging_mixin.py:109} INFO - [2021-12-09 19:21:09,915] {dag.py:2396} INFO - Sync 1 DAGs
[2021-12-09 19:21:09,922] {logging_mixin.py:109} INFO - [2021-12-09 19:21:09,922] {dag.py:2928} INFO - Setting next_dagrun for my_dag to 2021-12-09 00:00:00+00:00
[2021-12-09 19:21:09,934] {processor.py:171} INFO - Processing /Users/ballakeerthi/dev/airflow/dags/dag_example.py took 0.068 seconds
[2021-12-09 19:21:43,135] {processor.py:163} INFO - Started process (PID=34130) to work on /Users/ballakeerthi/dev/airflow/dags/dag_example.py
[2021-12-09 19:21:43,135] {processor.py:625} INFO - Processing file /Users/ballakeerthi/dev/airflow/dags/dag_example.py for tasks to queue
[2021-12-09 19:21:43,136] {logging_mixin.py:109} INFO - [2021-12-09 19:21:43,136] {dagbag.py:500} INFO - Filling up the DagBag from /Users/ballakeerthi/dev/airflow/dags/dag_example.py
[2021-12-09 19:21:43,172] {processor.py:637} INFO - DAG(s) dict_keys(['my_dag']) retrieved from /Users/ballakeerthi/dev/airflow/dags/dag_example.py
[2021-12-09 19:21:43,186] {logging_mixin.py:109} INFO - [2021-12-09 19:21:43,186] {dag.py:2396} INFO - Sync 1 DAGs
[2021-12-09 19:21:43,194] {logging_mixin.py:109} INFO - [2021-12-09 19:21:43,194] {dag.py:2928} INFO - Setting next_dagrun for my_dag to 2021-12-09 00:00:00+00:00
[2021-12-09 19:21:43,206] {processor.py:171} INFO - Processing /Users/ballakeerthi/dev/airflow/dags/dag_example.py took 0.071 seconds
[2021-12-09 19:22:18,479] {processor.py:163} INFO - Started process (PID=34141) to work on /Users/ballakeerthi/dev/airflow/dags/dag_example.py
[2021-12-09 19:22:18,480] {processor.py:625} INFO - Processing file /Users/ballakeerthi/dev/airflow/dags/dag_example.py for tasks to queue
[2021-12-09 19:22:18,480] {logging_mixin.py:109} INFO - [2021-12-09 19:22:18,480] {dagbag.py:500} INFO - Filling up the DagBag from /Users/ballakeerthi/dev/airflow/dags/dag_example.py
[2021-12-09 19:22:18,527] {processor.py:637} INFO - DAG(s) dict_keys(['my_dag']) retrieved from /Users/ballakeerthi/dev/airflow/dags/dag_example.py
[2021-12-09 19:22:18,542] {logging_mixin.py:109} INFO - [2021-12-09 19:22:18,541] {dag.py:2396} INFO - Sync 1 DAGs
[2021-12-09 19:22:18,550] {logging_mixin.py:109} INFO - [2021-12-09 19:22:18,550] {dag.py:2928} INFO - Setting next_dagrun for my_dag to 2021-12-09 00:00:00+00:00
[2021-12-09 19:22:18,559] {processor.py:171} INFO - Processing /Users/ballakeerthi/dev/airflow/dags/dag_example.py took 0.080 seconds
[2021-12-09 19:22:51,258] {processor.py:163} INFO - Started process (PID=34150) to work on /Users/ballakeerthi/dev/airflow/dags/dag_example.py
[2021-12-09 19:22:51,264] {processor.py:625} INFO - Processing file /Users/ballakeerthi/dev/airflow/dags/dag_example.py for tasks to queue
[2021-12-09 19:22:51,264] {logging_mixin.py:109} INFO - [2021-12-09 19:22:51,264] {dagbag.py:500} INFO - Filling up the DagBag from /Users/ballakeerthi/dev/airflow/dags/dag_example.py
[2021-12-09 19:22:51,309] {processor.py:637} INFO - DAG(s) dict_keys(['my_dag']) retrieved from /Users/ballakeerthi/dev/airflow/dags/dag_example.py
[2021-12-09 19:22:51,323] {logging_mixin.py:109} INFO - [2021-12-09 19:22:51,323] {dag.py:2396} INFO - Sync 1 DAGs
[2021-12-09 19:22:51,330] {logging_mixin.py:109} INFO - [2021-12-09 19:22:51,330] {dag.py:2928} INFO - Setting next_dagrun for my_dag to 2021-12-09 00:00:00+00:00
[2021-12-09 19:22:51,338] {processor.py:171} INFO - Processing /Users/ballakeerthi/dev/airflow/dags/dag_example.py took 0.080 seconds
[2021-12-09 19:23:23,018] {processor.py:163} INFO - Started process (PID=34154) to work on /Users/ballakeerthi/dev/airflow/dags/dag_example.py
[2021-12-09 19:23:23,019] {processor.py:625} INFO - Processing file /Users/ballakeerthi/dev/airflow/dags/dag_example.py for tasks to queue
[2021-12-09 19:23:23,019] {logging_mixin.py:109} INFO - [2021-12-09 19:23:23,019] {dagbag.py:500} INFO - Filling up the DagBag from /Users/ballakeerthi/dev/airflow/dags/dag_example.py
[2021-12-09 19:23:23,051] {processor.py:637} INFO - DAG(s) dict_keys(['my_dag']) retrieved from /Users/ballakeerthi/dev/airflow/dags/dag_example.py
[2021-12-09 19:23:23,066] {logging_mixin.py:109} INFO - [2021-12-09 19:23:23,066] {dag.py:2396} INFO - Sync 1 DAGs
[2021-12-09 19:23:23,075] {logging_mixin.py:109} INFO - [2021-12-09 19:23:23,075] {dag.py:2928} INFO - Setting next_dagrun for my_dag to 2021-12-09 00:00:00+00:00
[2021-12-09 19:23:23,087] {processor.py:171} INFO - Processing /Users/ballakeerthi/dev/airflow/dags/dag_example.py took 0.070 seconds
[2021-12-09 19:23:56,483] {processor.py:163} INFO - Started process (PID=34161) to work on /Users/ballakeerthi/dev/airflow/dags/dag_example.py
[2021-12-09 19:23:56,483] {processor.py:625} INFO - Processing file /Users/ballakeerthi/dev/airflow/dags/dag_example.py for tasks to queue
[2021-12-09 19:23:56,484] {logging_mixin.py:109} INFO - [2021-12-09 19:23:56,484] {dagbag.py:500} INFO - Filling up the DagBag from /Users/ballakeerthi/dev/airflow/dags/dag_example.py
[2021-12-09 19:23:56,518] {processor.py:637} INFO - DAG(s) dict_keys(['my_dag']) retrieved from /Users/ballakeerthi/dev/airflow/dags/dag_example.py
[2021-12-09 19:23:56,532] {logging_mixin.py:109} INFO - [2021-12-09 19:23:56,531] {dag.py:2396} INFO - Sync 1 DAGs
[2021-12-09 19:23:56,539] {logging_mixin.py:109} INFO - [2021-12-09 19:23:56,539] {dag.py:2928} INFO - Setting next_dagrun for my_dag to 2021-12-09 00:00:00+00:00
[2021-12-09 19:23:56,551] {processor.py:171} INFO - Processing /Users/ballakeerthi/dev/airflow/dags/dag_example.py took 0.068 seconds
[2021-12-09 19:24:29,762] {processor.py:163} INFO - Started process (PID=34167) to work on /Users/ballakeerthi/dev/airflow/dags/dag_example.py
[2021-12-09 19:24:29,768] {processor.py:625} INFO - Processing file /Users/ballakeerthi/dev/airflow/dags/dag_example.py for tasks to queue
[2021-12-09 19:24:29,768] {logging_mixin.py:109} INFO - [2021-12-09 19:24:29,768] {dagbag.py:500} INFO - Filling up the DagBag from /Users/ballakeerthi/dev/airflow/dags/dag_example.py
[2021-12-09 19:24:29,816] {processor.py:637} INFO - DAG(s) dict_keys(['my_dag']) retrieved from /Users/ballakeerthi/dev/airflow/dags/dag_example.py
[2021-12-09 19:24:29,829] {logging_mixin.py:109} INFO - [2021-12-09 19:24:29,829] {dag.py:2396} INFO - Sync 1 DAGs
[2021-12-09 19:24:29,838] {logging_mixin.py:109} INFO - [2021-12-09 19:24:29,838] {dag.py:2928} INFO - Setting next_dagrun for my_dag to 2021-12-09 00:00:00+00:00
[2021-12-09 19:24:29,847] {processor.py:171} INFO - Processing /Users/ballakeerthi/dev/airflow/dags/dag_example.py took 0.085 seconds
[2021-12-09 19:25:02,922] {processor.py:163} INFO - Started process (PID=34171) to work on /Users/ballakeerthi/dev/airflow/dags/dag_example.py
[2021-12-09 19:25:02,928] {processor.py:625} INFO - Processing file /Users/ballakeerthi/dev/airflow/dags/dag_example.py for tasks to queue
[2021-12-09 19:25:02,929] {logging_mixin.py:109} INFO - [2021-12-09 19:25:02,928] {dagbag.py:500} INFO - Filling up the DagBag from /Users/ballakeerthi/dev/airflow/dags/dag_example.py
[2021-12-09 19:25:02,975] {processor.py:637} INFO - DAG(s) dict_keys(['my_dag']) retrieved from /Users/ballakeerthi/dev/airflow/dags/dag_example.py
[2021-12-09 19:25:02,989] {logging_mixin.py:109} INFO - [2021-12-09 19:25:02,988] {dag.py:2396} INFO - Sync 1 DAGs
[2021-12-09 19:25:02,996] {logging_mixin.py:109} INFO - [2021-12-09 19:25:02,996] {dag.py:2928} INFO - Setting next_dagrun for my_dag to 2021-12-09 00:00:00+00:00
[2021-12-09 19:25:03,004] {processor.py:171} INFO - Processing /Users/ballakeerthi/dev/airflow/dags/dag_example.py took 0.082 seconds
[2021-12-09 19:25:35,650] {processor.py:163} INFO - Started process (PID=34179) to work on /Users/ballakeerthi/dev/airflow/dags/dag_example.py
[2021-12-09 19:25:35,650] {processor.py:625} INFO - Processing file /Users/ballakeerthi/dev/airflow/dags/dag_example.py for tasks to queue
[2021-12-09 19:25:35,650] {logging_mixin.py:109} INFO - [2021-12-09 19:25:35,650] {dagbag.py:500} INFO - Filling up the DagBag from /Users/ballakeerthi/dev/airflow/dags/dag_example.py
[2021-12-09 19:25:35,685] {processor.py:637} INFO - DAG(s) dict_keys(['my_dag']) retrieved from /Users/ballakeerthi/dev/airflow/dags/dag_example.py
[2021-12-09 19:25:35,699] {logging_mixin.py:109} INFO - [2021-12-09 19:25:35,699] {dag.py:2396} INFO - Sync 1 DAGs
[2021-12-09 19:25:35,707] {logging_mixin.py:109} INFO - [2021-12-09 19:25:35,707] {dag.py:2928} INFO - Setting next_dagrun for my_dag to 2021-12-09 00:00:00+00:00
[2021-12-09 19:25:35,719] {processor.py:171} INFO - Processing /Users/ballakeerthi/dev/airflow/dags/dag_example.py took 0.069 seconds
