[2021-11-30 21:59:10,157] {processor.py:163} INFO - Started process (PID=17445) to work on /Users/ballakeerthi/opt/anaconda3/envs/airflow/lib/python3.9/site-packages/airflow/example_dags/plugins/workday.py
[2021-11-30 21:59:10,157] {processor.py:625} INFO - Processing file /Users/ballakeerthi/opt/anaconda3/envs/airflow/lib/python3.9/site-packages/airflow/example_dags/plugins/workday.py for tasks to queue
[2021-11-30 21:59:10,157] {logging_mixin.py:109} INFO - [2021-11-30 21:59:10,157] {dagbag.py:500} INFO - Filling up the DagBag from /Users/ballakeerthi/opt/anaconda3/envs/airflow/lib/python3.9/site-packages/airflow/example_dags/plugins/workday.py
[2021-11-30 21:59:10,177] {processor.py:639} WARNING - No viable dags retrieved from /Users/ballakeerthi/opt/anaconda3/envs/airflow/lib/python3.9/site-packages/airflow/example_dags/plugins/workday.py
[2021-11-30 21:59:10,178] {processor.py:171} INFO - Processing /Users/ballakeerthi/opt/anaconda3/envs/airflow/lib/python3.9/site-packages/airflow/example_dags/plugins/workday.py took 0.022 seconds
[2021-11-30 22:00:38,856] {processor.py:163} INFO - Started process (PID=17516) to work on /Users/ballakeerthi/opt/anaconda3/envs/airflow/lib/python3.9/site-packages/airflow/example_dags/plugins/workday.py
[2021-11-30 22:00:38,861] {processor.py:625} INFO - Processing file /Users/ballakeerthi/opt/anaconda3/envs/airflow/lib/python3.9/site-packages/airflow/example_dags/plugins/workday.py for tasks to queue
[2021-11-30 22:00:38,862] {logging_mixin.py:109} INFO - [2021-11-30 22:00:38,862] {dagbag.py:500} INFO - Filling up the DagBag from /Users/ballakeerthi/opt/anaconda3/envs/airflow/lib/python3.9/site-packages/airflow/example_dags/plugins/workday.py
[2021-11-30 22:00:38,887] {processor.py:639} WARNING - No viable dags retrieved from /Users/ballakeerthi/opt/anaconda3/envs/airflow/lib/python3.9/site-packages/airflow/example_dags/plugins/workday.py
[2021-11-30 22:00:38,888] {processor.py:171} INFO - Processing /Users/ballakeerthi/opt/anaconda3/envs/airflow/lib/python3.9/site-packages/airflow/example_dags/plugins/workday.py took 0.033 seconds
[2021-11-30 22:01:29,717] {processor.py:163} INFO - Started process (PID=17539) to work on /Users/ballakeerthi/opt/anaconda3/envs/airflow/lib/python3.9/site-packages/airflow/example_dags/plugins/workday.py
[2021-11-30 22:01:29,718] {processor.py:625} INFO - Processing file /Users/ballakeerthi/opt/anaconda3/envs/airflow/lib/python3.9/site-packages/airflow/example_dags/plugins/workday.py for tasks to queue
[2021-11-30 22:01:29,718] {logging_mixin.py:109} INFO - [2021-11-30 22:01:29,718] {dagbag.py:500} INFO - Filling up the DagBag from /Users/ballakeerthi/opt/anaconda3/envs/airflow/lib/python3.9/site-packages/airflow/example_dags/plugins/workday.py
[2021-11-30 22:01:29,739] {processor.py:639} WARNING - No viable dags retrieved from /Users/ballakeerthi/opt/anaconda3/envs/airflow/lib/python3.9/site-packages/airflow/example_dags/plugins/workday.py
[2021-11-30 22:01:29,740] {processor.py:171} INFO - Processing /Users/ballakeerthi/opt/anaconda3/envs/airflow/lib/python3.9/site-packages/airflow/example_dags/plugins/workday.py took 0.023 seconds
[2021-11-30 22:02:28,652] {processor.py:163} INFO - Started process (PID=17573) to work on /Users/ballakeerthi/opt/anaconda3/envs/airflow/lib/python3.9/site-packages/airflow/example_dags/plugins/workday.py
[2021-11-30 22:02:28,657] {processor.py:625} INFO - Processing file /Users/ballakeerthi/opt/anaconda3/envs/airflow/lib/python3.9/site-packages/airflow/example_dags/plugins/workday.py for tasks to queue
[2021-11-30 22:02:28,658] {logging_mixin.py:109} INFO - [2021-11-30 22:02:28,658] {dagbag.py:500} INFO - Filling up the DagBag from /Users/ballakeerthi/opt/anaconda3/envs/airflow/lib/python3.9/site-packages/airflow/example_dags/plugins/workday.py
[2021-11-30 22:02:28,683] {processor.py:639} WARNING - No viable dags retrieved from /Users/ballakeerthi/opt/anaconda3/envs/airflow/lib/python3.9/site-packages/airflow/example_dags/plugins/workday.py
[2021-11-30 22:02:28,685] {processor.py:171} INFO - Processing /Users/ballakeerthi/opt/anaconda3/envs/airflow/lib/python3.9/site-packages/airflow/example_dags/plugins/workday.py took 0.034 seconds
[2021-11-30 22:03:24,489] {processor.py:163} INFO - Started process (PID=17606) to work on /Users/ballakeerthi/opt/anaconda3/envs/airflow/lib/python3.9/site-packages/airflow/example_dags/plugins/workday.py
[2021-11-30 22:03:24,491] {processor.py:625} INFO - Processing file /Users/ballakeerthi/opt/anaconda3/envs/airflow/lib/python3.9/site-packages/airflow/example_dags/plugins/workday.py for tasks to queue
[2021-11-30 22:03:24,492] {logging_mixin.py:109} INFO - [2021-11-30 22:03:24,492] {dagbag.py:500} INFO - Filling up the DagBag from /Users/ballakeerthi/opt/anaconda3/envs/airflow/lib/python3.9/site-packages/airflow/example_dags/plugins/workday.py
[2021-11-30 22:03:24,514] {processor.py:639} WARNING - No viable dags retrieved from /Users/ballakeerthi/opt/anaconda3/envs/airflow/lib/python3.9/site-packages/airflow/example_dags/plugins/workday.py
[2021-11-30 22:03:24,515] {processor.py:171} INFO - Processing /Users/ballakeerthi/opt/anaconda3/envs/airflow/lib/python3.9/site-packages/airflow/example_dags/plugins/workday.py took 0.027 seconds
[2021-11-30 22:04:13,363] {processor.py:163} INFO - Started process (PID=17628) to work on /Users/ballakeerthi/opt/anaconda3/envs/airflow/lib/python3.9/site-packages/airflow/example_dags/plugins/workday.py
[2021-11-30 22:04:13,369] {processor.py:625} INFO - Processing file /Users/ballakeerthi/opt/anaconda3/envs/airflow/lib/python3.9/site-packages/airflow/example_dags/plugins/workday.py for tasks to queue
[2021-11-30 22:04:13,369] {logging_mixin.py:109} INFO - [2021-11-30 22:04:13,369] {dagbag.py:500} INFO - Filling up the DagBag from /Users/ballakeerthi/opt/anaconda3/envs/airflow/lib/python3.9/site-packages/airflow/example_dags/plugins/workday.py
[2021-11-30 22:04:13,394] {processor.py:639} WARNING - No viable dags retrieved from /Users/ballakeerthi/opt/anaconda3/envs/airflow/lib/python3.9/site-packages/airflow/example_dags/plugins/workday.py
[2021-11-30 22:04:13,395] {processor.py:171} INFO - Processing /Users/ballakeerthi/opt/anaconda3/envs/airflow/lib/python3.9/site-packages/airflow/example_dags/plugins/workday.py took 0.033 seconds
[2021-11-30 22:05:02,619] {processor.py:163} INFO - Started process (PID=17669) to work on /Users/ballakeerthi/opt/anaconda3/envs/airflow/lib/python3.9/site-packages/airflow/example_dags/plugins/workday.py
[2021-11-30 22:05:02,620] {processor.py:625} INFO - Processing file /Users/ballakeerthi/opt/anaconda3/envs/airflow/lib/python3.9/site-packages/airflow/example_dags/plugins/workday.py for tasks to queue
[2021-11-30 22:05:02,620] {logging_mixin.py:109} INFO - [2021-11-30 22:05:02,620] {dagbag.py:500} INFO - Filling up the DagBag from /Users/ballakeerthi/opt/anaconda3/envs/airflow/lib/python3.9/site-packages/airflow/example_dags/plugins/workday.py
[2021-11-30 22:05:02,643] {processor.py:639} WARNING - No viable dags retrieved from /Users/ballakeerthi/opt/anaconda3/envs/airflow/lib/python3.9/site-packages/airflow/example_dags/plugins/workday.py
[2021-11-30 22:05:02,644] {processor.py:171} INFO - Processing /Users/ballakeerthi/opt/anaconda3/envs/airflow/lib/python3.9/site-packages/airflow/example_dags/plugins/workday.py took 0.026 seconds
[2021-11-30 22:05:57,597] {processor.py:163} INFO - Started process (PID=17691) to work on /Users/ballakeerthi/opt/anaconda3/envs/airflow/lib/python3.9/site-packages/airflow/example_dags/plugins/workday.py
[2021-11-30 22:05:57,602] {processor.py:625} INFO - Processing file /Users/ballakeerthi/opt/anaconda3/envs/airflow/lib/python3.9/site-packages/airflow/example_dags/plugins/workday.py for tasks to queue
[2021-11-30 22:05:57,603] {logging_mixin.py:109} INFO - [2021-11-30 22:05:57,603] {dagbag.py:500} INFO - Filling up the DagBag from /Users/ballakeerthi/opt/anaconda3/envs/airflow/lib/python3.9/site-packages/airflow/example_dags/plugins/workday.py
[2021-11-30 22:05:57,638] {processor.py:639} WARNING - No viable dags retrieved from /Users/ballakeerthi/opt/anaconda3/envs/airflow/lib/python3.9/site-packages/airflow/example_dags/plugins/workday.py
[2021-11-30 22:05:57,640] {processor.py:171} INFO - Processing /Users/ballakeerthi/opt/anaconda3/envs/airflow/lib/python3.9/site-packages/airflow/example_dags/plugins/workday.py took 0.044 seconds
[2021-11-30 22:07:01,762] {processor.py:163} INFO - Started process (PID=17716) to work on /Users/ballakeerthi/opt/anaconda3/envs/airflow/lib/python3.9/site-packages/airflow/example_dags/plugins/workday.py
[2021-11-30 22:07:01,763] {processor.py:625} INFO - Processing file /Users/ballakeerthi/opt/anaconda3/envs/airflow/lib/python3.9/site-packages/airflow/example_dags/plugins/workday.py for tasks to queue
[2021-11-30 22:07:01,763] {logging_mixin.py:109} INFO - [2021-11-30 22:07:01,763] {dagbag.py:500} INFO - Filling up the DagBag from /Users/ballakeerthi/opt/anaconda3/envs/airflow/lib/python3.9/site-packages/airflow/example_dags/plugins/workday.py
[2021-11-30 22:07:01,819] {processor.py:639} WARNING - No viable dags retrieved from /Users/ballakeerthi/opt/anaconda3/envs/airflow/lib/python3.9/site-packages/airflow/example_dags/plugins/workday.py
[2021-11-30 22:07:01,820] {processor.py:171} INFO - Processing /Users/ballakeerthi/opt/anaconda3/envs/airflow/lib/python3.9/site-packages/airflow/example_dags/plugins/workday.py took 0.061 seconds
[2021-11-30 22:08:02,292] {processor.py:163} INFO - Started process (PID=17740) to work on /Users/ballakeerthi/opt/anaconda3/envs/airflow/lib/python3.9/site-packages/airflow/example_dags/plugins/workday.py
[2021-11-30 22:08:02,294] {processor.py:625} INFO - Processing file /Users/ballakeerthi/opt/anaconda3/envs/airflow/lib/python3.9/site-packages/airflow/example_dags/plugins/workday.py for tasks to queue
[2021-11-30 22:08:02,295] {logging_mixin.py:109} INFO - [2021-11-30 22:08:02,295] {dagbag.py:500} INFO - Filling up the DagBag from /Users/ballakeerthi/opt/anaconda3/envs/airflow/lib/python3.9/site-packages/airflow/example_dags/plugins/workday.py
[2021-11-30 22:08:02,322] {processor.py:639} WARNING - No viable dags retrieved from /Users/ballakeerthi/opt/anaconda3/envs/airflow/lib/python3.9/site-packages/airflow/example_dags/plugins/workday.py
[2021-11-30 22:08:02,324] {processor.py:171} INFO - Processing /Users/ballakeerthi/opt/anaconda3/envs/airflow/lib/python3.9/site-packages/airflow/example_dags/plugins/workday.py took 0.033 seconds
[2021-11-30 22:09:13,244] {processor.py:163} INFO - Started process (PID=17768) to work on /Users/ballakeerthi/opt/anaconda3/envs/airflow/lib/python3.9/site-packages/airflow/example_dags/plugins/workday.py
[2021-11-30 22:09:13,249] {processor.py:625} INFO - Processing file /Users/ballakeerthi/opt/anaconda3/envs/airflow/lib/python3.9/site-packages/airflow/example_dags/plugins/workday.py for tasks to queue
[2021-11-30 22:09:13,250] {logging_mixin.py:109} INFO - [2021-11-30 22:09:13,250] {dagbag.py:500} INFO - Filling up the DagBag from /Users/ballakeerthi/opt/anaconda3/envs/airflow/lib/python3.9/site-packages/airflow/example_dags/plugins/workday.py
[2021-11-30 22:09:13,273] {processor.py:639} WARNING - No viable dags retrieved from /Users/ballakeerthi/opt/anaconda3/envs/airflow/lib/python3.9/site-packages/airflow/example_dags/plugins/workday.py
[2021-11-30 22:09:13,275] {processor.py:171} INFO - Processing /Users/ballakeerthi/opt/anaconda3/envs/airflow/lib/python3.9/site-packages/airflow/example_dags/plugins/workday.py took 0.032 seconds
