[2021-12-05 21:43:28,810] {taskinstance.py:1035} INFO - Dependencies all met for <TaskInstance: my_dag.training_model_A scheduled__2021-12-05T00:00:00+00:00 [queued]>
[2021-12-05 21:43:28,816] {taskinstance.py:1035} INFO - Dependencies all met for <TaskInstance: my_dag.training_model_A scheduled__2021-12-05T00:00:00+00:00 [queued]>
[2021-12-05 21:43:28,816] {taskinstance.py:1241} INFO - 
--------------------------------------------------------------------------------
[2021-12-05 21:43:28,816] {taskinstance.py:1242} INFO - Starting attempt 1 of 1
[2021-12-05 21:43:28,816] {taskinstance.py:1243} INFO - 
--------------------------------------------------------------------------------
[2021-12-05 21:43:28,829] {taskinstance.py:1262} INFO - Executing <Task(PythonOperator): training_model_A> on 2021-12-05 00:00:00+00:00
[2021-12-05 21:43:28,834] {standard_task_runner.py:52} INFO - Started process 5405 to run task
[2021-12-05 21:43:28,840] {standard_task_runner.py:76} INFO - Running: ['airflow', 'tasks', 'run', 'my_dag', 'training_model_A', 'scheduled__2021-12-05T00:00:00+00:00', '--job-id', '15', '--raw', '--subdir', 'DAGS_FOLDER/dag_brent_pricing.py', '--cfg-path', '/var/folders/b3/j_ybgjv53p33dy62wlktdr4m0000gp/T/tmp6llnavje', '--error-file', '/var/folders/b3/j_ybgjv53p33dy62wlktdr4m0000gp/T/tmpbka1eqq1']
[2021-12-05 21:43:28,842] {standard_task_runner.py:77} INFO - Job 15: Subtask training_model_A
[2021-12-05 21:43:33,882] {logging_mixin.py:109} INFO - Running <TaskInstance: my_dag.training_model_A scheduled__2021-12-05T00:00:00+00:00 [running]> on host zipcodes-MacBook-Pro-3.local
[2021-12-05 21:43:38,927] {taskinstance.py:1427} INFO - Exporting the following env vars:
AIRFLOW_CTX_DAG_OWNER=airflow
AIRFLOW_CTX_DAG_ID=my_dag
AIRFLOW_CTX_TASK_ID=training_model_A
AIRFLOW_CTX_EXECUTION_DATE=2021-12-05T00:00:00+00:00
AIRFLOW_CTX_DAG_RUN_ID=scheduled__2021-12-05T00:00:00+00:00
[2021-12-05 21:43:38,928] {python.py:152} INFO - Done. Returned value was: 7
[2021-12-05 21:43:38,939] {taskinstance.py:1270} INFO - Marking task as SUCCESS. dag_id=my_dag, task_id=training_model_A, execution_date=20211205T000000, start_date=20211206T024328, end_date=20211206T024338
[2021-12-05 21:43:38,988] {local_task_job.py:154} INFO - Task exited with return code 0
[2021-12-05 21:43:39,016] {local_task_job.py:264} INFO - 0 downstream tasks scheduled from follow-on schedule check
