[2021-12-09 19:01:35,634] {taskinstance.py:1035} INFO - Dependencies all met for <TaskInstance: brent_pricing_dag.Import_the_dataset_and_clean_the_data scheduled__2021-12-09T00:00:00+00:00 [queued]>
[2021-12-09 19:01:35,650] {taskinstance.py:1035} INFO - Dependencies all met for <TaskInstance: brent_pricing_dag.Import_the_dataset_and_clean_the_data scheduled__2021-12-09T00:00:00+00:00 [queued]>
[2021-12-09 19:01:35,650] {taskinstance.py:1241} INFO - 
--------------------------------------------------------------------------------
[2021-12-09 19:01:35,650] {taskinstance.py:1242} INFO - Starting attempt 1 of 1
[2021-12-09 19:01:35,650] {taskinstance.py:1243} INFO - 
--------------------------------------------------------------------------------
[2021-12-09 19:01:35,670] {taskinstance.py:1262} INFO - Executing <Task(PythonOperator): Import_the_dataset_and_clean_the_data> on 2021-12-09 00:00:00+00:00
[2021-12-09 19:01:35,684] {standard_task_runner.py:52} INFO - Started process 33889 to run task
[2021-12-09 19:01:35,696] {standard_task_runner.py:76} INFO - Running: ['airflow', 'tasks', 'run', 'brent_pricing_dag', 'Import_the_dataset_and_clean_the_data', 'scheduled__2021-12-09T00:00:00+00:00', '--job-id', '78', '--raw', '--subdir', 'DAGS_FOLDER/dag_brent_pricing.py', '--cfg-path', '/var/folders/b3/j_ybgjv53p33dy62wlktdr4m0000gp/T/tmpqna7tsly', '--error-file', '/var/folders/b3/j_ybgjv53p33dy62wlktdr4m0000gp/T/tmp5z2o26i1']
[2021-12-09 19:01:35,704] {standard_task_runner.py:77} INFO - Job 78: Subtask Import_the_dataset_and_clean_the_data
[2021-12-09 19:01:40,857] {logging_mixin.py:109} INFO - Running <TaskInstance: brent_pricing_dag.Import_the_dataset_and_clean_the_data scheduled__2021-12-09T00:00:00+00:00 [running]> on host zipcodes-MacBook-Pro-3.local
[2021-12-09 19:01:45,897] {taskinstance.py:1427} INFO - Exporting the following env vars:
AIRFLOW_CTX_DAG_EMAIL=keerthiballa@gmail.com
AIRFLOW_CTX_DAG_OWNER=airflow
AIRFLOW_CTX_DAG_ID=brent_pricing_dag
AIRFLOW_CTX_TASK_ID=Import_the_dataset_and_clean_the_data
AIRFLOW_CTX_EXECUTION_DATE=2021-12-09T00:00:00+00:00
AIRFLOW_CTX_DAG_RUN_ID=scheduled__2021-12-09T00:00:00+00:00
[2021-12-09 19:01:45,962] {logging_mixin.py:109} WARNING - /Users/ballakeerthi/dev/Airflow/venv/lib/python3.9/site-packages/pandas/util/_decorators.py:311 ParserWarning: Falling back to the 'python' engine because the 'c' engine does not support regex separators (separators > 1 char and different from '\s+' are interpreted as regex); you can avoid this warning by specifying engine='python'.
[2021-12-09 19:01:47,607] {logging_mixin.py:109} WARNING - /Users/ballakeerthi/dev/airflow/dags/brent_ML_reg_models.py:44 FutureWarning: weekofyear and week have been deprecated, please use DatetimeIndex.isocalendar().week instead, which returns a Series.  To exactly reproduce the behavior of week and weekofyear and return an Index, you may call pd.Int64Index(idx.isocalendar().week)
[2021-12-09 19:01:48,187] {logging_mixin.py:109} INFO - Table dataset_table created successfully,
[2021-12-09 19:01:48,187] {python.py:152} INFO - Done. Returned value was: None
[2021-12-09 19:01:48,192] {taskinstance.py:1270} INFO - Marking task as SUCCESS. dag_id=brent_pricing_dag, task_id=Import_the_dataset_and_clean_the_data, execution_date=20211209T000000, start_date=20211210T000135, end_date=20211210T000148
[2021-12-09 19:01:48,222] {local_task_job.py:154} INFO - Task exited with return code 0
[2021-12-09 19:01:48,251] {local_task_job.py:264} INFO - 1 downstream tasks scheduled from follow-on schedule check
