[2021-12-06 13:38:48,526] {processor.py:163} INFO - Started process (PID=15339) to work on /Users/ballakeerthi/dev/airflow/dags/brent_ML_reg_models.py
[2021-12-06 13:38:48,527] {processor.py:625} INFO - Processing file /Users/ballakeerthi/dev/airflow/dags/brent_ML_reg_models.py for tasks to queue
[2021-12-06 13:38:48,527] {logging_mixin.py:109} INFO - [2021-12-06 13:38:48,527] {dagbag.py:500} INFO - Filling up the DagBag from /Users/ballakeerthi/dev/airflow/dags/brent_ML_reg_models.py
[2021-12-06 13:38:50,764] {processor.py:639} WARNING - No viable dags retrieved from /Users/ballakeerthi/dev/airflow/dags/brent_ML_reg_models.py
[2021-12-06 13:38:50,767] {processor.py:171} INFO - Processing /Users/ballakeerthi/dev/airflow/dags/brent_ML_reg_models.py took 2.242 seconds
[2021-12-06 13:41:09,831] {processor.py:163} INFO - Started process (PID=15378) to work on /Users/ballakeerthi/dev/airflow/dags/brent_ML_reg_models.py
[2021-12-06 13:41:09,837] {processor.py:625} INFO - Processing file /Users/ballakeerthi/dev/airflow/dags/brent_ML_reg_models.py for tasks to queue
[2021-12-06 13:41:09,837] {logging_mixin.py:109} INFO - [2021-12-06 13:41:09,837] {dagbag.py:500} INFO - Filling up the DagBag from /Users/ballakeerthi/dev/airflow/dags/brent_ML_reg_models.py
[2021-12-06 13:41:11,958] {processor.py:639} WARNING - No viable dags retrieved from /Users/ballakeerthi/dev/airflow/dags/brent_ML_reg_models.py
[2021-12-06 13:41:11,959] {processor.py:171} INFO - Processing /Users/ballakeerthi/dev/airflow/dags/brent_ML_reg_models.py took 2.129 seconds
[2021-12-06 13:43:24,229] {processor.py:163} INFO - Started process (PID=15415) to work on /Users/ballakeerthi/dev/airflow/dags/brent_ML_reg_models.py
[2021-12-06 13:43:24,234] {processor.py:625} INFO - Processing file /Users/ballakeerthi/dev/airflow/dags/brent_ML_reg_models.py for tasks to queue
[2021-12-06 13:43:24,235] {logging_mixin.py:109} INFO - [2021-12-06 13:43:24,235] {dagbag.py:500} INFO - Filling up the DagBag from /Users/ballakeerthi/dev/airflow/dags/brent_ML_reg_models.py
[2021-12-06 13:43:26,978] {processor.py:639} WARNING - No viable dags retrieved from /Users/ballakeerthi/dev/airflow/dags/brent_ML_reg_models.py
[2021-12-06 13:43:26,980] {processor.py:171} INFO - Processing /Users/ballakeerthi/dev/airflow/dags/brent_ML_reg_models.py took 2.752 seconds
[2021-12-06 13:45:51,858] {processor.py:163} INFO - Started process (PID=15465) to work on /Users/ballakeerthi/dev/airflow/dags/brent_ML_reg_models.py
[2021-12-06 13:45:51,859] {processor.py:625} INFO - Processing file /Users/ballakeerthi/dev/airflow/dags/brent_ML_reg_models.py for tasks to queue
[2021-12-06 13:45:51,859] {logging_mixin.py:109} INFO - [2021-12-06 13:45:51,859] {dagbag.py:500} INFO - Filling up the DagBag from /Users/ballakeerthi/dev/airflow/dags/brent_ML_reg_models.py
[2021-12-06 13:45:53,962] {processor.py:639} WARNING - No viable dags retrieved from /Users/ballakeerthi/dev/airflow/dags/brent_ML_reg_models.py
[2021-12-06 13:45:53,964] {processor.py:171} INFO - Processing /Users/ballakeerthi/dev/airflow/dags/brent_ML_reg_models.py took 2.106 seconds
[2021-12-06 13:47:36,376] {processor.py:163} INFO - Started process (PID=15495) to work on /Users/ballakeerthi/dev/airflow/dags/brent_ML_reg_models.py
[2021-12-06 13:47:36,382] {processor.py:625} INFO - Processing file /Users/ballakeerthi/dev/airflow/dags/brent_ML_reg_models.py for tasks to queue
[2021-12-06 13:47:36,382] {logging_mixin.py:109} INFO - [2021-12-06 13:47:36,382] {dagbag.py:500} INFO - Filling up the DagBag from /Users/ballakeerthi/dev/airflow/dags/brent_ML_reg_models.py
[2021-12-06 13:47:38,422] {processor.py:639} WARNING - No viable dags retrieved from /Users/ballakeerthi/dev/airflow/dags/brent_ML_reg_models.py
[2021-12-06 13:47:38,424] {processor.py:171} INFO - Processing /Users/ballakeerthi/dev/airflow/dags/brent_ML_reg_models.py took 2.049 seconds
[2021-12-06 13:49:59,330] {processor.py:163} INFO - Started process (PID=15533) to work on /Users/ballakeerthi/dev/airflow/dags/brent_ML_reg_models.py
[2021-12-06 13:49:59,331] {processor.py:625} INFO - Processing file /Users/ballakeerthi/dev/airflow/dags/brent_ML_reg_models.py for tasks to queue
[2021-12-06 13:49:59,331] {logging_mixin.py:109} INFO - [2021-12-06 13:49:59,331] {dagbag.py:500} INFO - Filling up the DagBag from /Users/ballakeerthi/dev/airflow/dags/brent_ML_reg_models.py
[2021-12-06 13:50:01,692] {processor.py:639} WARNING - No viable dags retrieved from /Users/ballakeerthi/dev/airflow/dags/brent_ML_reg_models.py
[2021-12-06 13:50:01,694] {processor.py:171} INFO - Processing /Users/ballakeerthi/dev/airflow/dags/brent_ML_reg_models.py took 2.364 seconds
[2021-12-06 13:52:31,079] {processor.py:163} INFO - Started process (PID=15569) to work on /Users/ballakeerthi/dev/airflow/dags/brent_ML_reg_models.py
[2021-12-06 13:52:31,080] {processor.py:625} INFO - Processing file /Users/ballakeerthi/dev/airflow/dags/brent_ML_reg_models.py for tasks to queue
[2021-12-06 13:52:31,080] {logging_mixin.py:109} INFO - [2021-12-06 13:52:31,080] {dagbag.py:500} INFO - Filling up the DagBag from /Users/ballakeerthi/dev/airflow/dags/brent_ML_reg_models.py
[2021-12-06 13:52:33,153] {processor.py:639} WARNING - No viable dags retrieved from /Users/ballakeerthi/dev/airflow/dags/brent_ML_reg_models.py
[2021-12-06 13:52:33,154] {processor.py:171} INFO - Processing /Users/ballakeerthi/dev/airflow/dags/brent_ML_reg_models.py took 2.076 seconds
[2021-12-06 13:54:26,033] {processor.py:163} INFO - Started process (PID=15605) to work on /Users/ballakeerthi/dev/airflow/dags/brent_ML_reg_models.py
[2021-12-06 13:54:26,038] {processor.py:625} INFO - Processing file /Users/ballakeerthi/dev/airflow/dags/brent_ML_reg_models.py for tasks to queue
[2021-12-06 13:54:26,039] {logging_mixin.py:109} INFO - [2021-12-06 13:54:26,039] {dagbag.py:500} INFO - Filling up the DagBag from /Users/ballakeerthi/dev/airflow/dags/brent_ML_reg_models.py
[2021-12-06 13:54:27,993] {processor.py:639} WARNING - No viable dags retrieved from /Users/ballakeerthi/dev/airflow/dags/brent_ML_reg_models.py
[2021-12-06 13:54:27,994] {processor.py:171} INFO - Processing /Users/ballakeerthi/dev/airflow/dags/brent_ML_reg_models.py took 1.962 seconds
[2021-12-06 13:55:49,500] {processor.py:163} INFO - Started process (PID=15631) to work on /Users/ballakeerthi/dev/airflow/dags/brent_ML_reg_models.py
[2021-12-06 13:55:49,501] {processor.py:625} INFO - Processing file /Users/ballakeerthi/dev/airflow/dags/brent_ML_reg_models.py for tasks to queue
[2021-12-06 13:55:49,501] {logging_mixin.py:109} INFO - [2021-12-06 13:55:49,501] {dagbag.py:500} INFO - Filling up the DagBag from /Users/ballakeerthi/dev/airflow/dags/brent_ML_reg_models.py
[2021-12-06 13:55:51,396] {processor.py:639} WARNING - No viable dags retrieved from /Users/ballakeerthi/dev/airflow/dags/brent_ML_reg_models.py
[2021-12-06 13:55:51,398] {processor.py:171} INFO - Processing /Users/ballakeerthi/dev/airflow/dags/brent_ML_reg_models.py took 1.898 seconds
[2021-12-06 13:57:14,559] {processor.py:163} INFO - Started process (PID=15658) to work on /Users/ballakeerthi/dev/airflow/dags/brent_ML_reg_models.py
[2021-12-06 13:57:14,565] {processor.py:625} INFO - Processing file /Users/ballakeerthi/dev/airflow/dags/brent_ML_reg_models.py for tasks to queue
[2021-12-06 13:57:14,566] {logging_mixin.py:109} INFO - [2021-12-06 13:57:14,566] {dagbag.py:500} INFO - Filling up the DagBag from /Users/ballakeerthi/dev/airflow/dags/brent_ML_reg_models.py
[2021-12-06 13:57:16,515] {processor.py:639} WARNING - No viable dags retrieved from /Users/ballakeerthi/dev/airflow/dags/brent_ML_reg_models.py
[2021-12-06 13:57:16,516] {processor.py:171} INFO - Processing /Users/ballakeerthi/dev/airflow/dags/brent_ML_reg_models.py took 1.957 seconds
[2021-12-06 13:59:34,780] {processor.py:163} INFO - Started process (PID=15702) to work on /Users/ballakeerthi/dev/airflow/dags/brent_ML_reg_models.py
[2021-12-06 13:59:34,781] {processor.py:625} INFO - Processing file /Users/ballakeerthi/dev/airflow/dags/brent_ML_reg_models.py for tasks to queue
[2021-12-06 13:59:34,782] {logging_mixin.py:109} INFO - [2021-12-06 13:59:34,782] {dagbag.py:500} INFO - Filling up the DagBag from /Users/ballakeerthi/dev/airflow/dags/brent_ML_reg_models.py
[2021-12-06 13:59:36,754] {processor.py:639} WARNING - No viable dags retrieved from /Users/ballakeerthi/dev/airflow/dags/brent_ML_reg_models.py
[2021-12-06 13:59:36,755] {processor.py:171} INFO - Processing /Users/ballakeerthi/dev/airflow/dags/brent_ML_reg_models.py took 1.976 seconds
[2021-12-06 14:01:43,817] {processor.py:163} INFO - Started process (PID=15743) to work on /Users/ballakeerthi/dev/airflow/dags/brent_ML_reg_models.py
[2021-12-06 14:01:43,818] {processor.py:625} INFO - Processing file /Users/ballakeerthi/dev/airflow/dags/brent_ML_reg_models.py for tasks to queue
[2021-12-06 14:01:43,818] {logging_mixin.py:109} INFO - [2021-12-06 14:01:43,818] {dagbag.py:500} INFO - Filling up the DagBag from /Users/ballakeerthi/dev/airflow/dags/brent_ML_reg_models.py
[2021-12-06 14:01:45,267] {processor.py:639} WARNING - No viable dags retrieved from /Users/ballakeerthi/dev/airflow/dags/brent_ML_reg_models.py
[2021-12-06 14:01:45,268] {processor.py:171} INFO - Processing /Users/ballakeerthi/dev/airflow/dags/brent_ML_reg_models.py took 1.452 seconds
[2021-12-06 14:03:44,571] {processor.py:163} INFO - Started process (PID=15775) to work on /Users/ballakeerthi/dev/airflow/dags/brent_ML_reg_models.py
[2021-12-06 14:03:44,577] {processor.py:625} INFO - Processing file /Users/ballakeerthi/dev/airflow/dags/brent_ML_reg_models.py for tasks to queue
[2021-12-06 14:03:44,577] {logging_mixin.py:109} INFO - [2021-12-06 14:03:44,577] {dagbag.py:500} INFO - Filling up the DagBag from /Users/ballakeerthi/dev/airflow/dags/brent_ML_reg_models.py
[2021-12-06 14:03:46,017] {processor.py:639} WARNING - No viable dags retrieved from /Users/ballakeerthi/dev/airflow/dags/brent_ML_reg_models.py
[2021-12-06 14:03:46,019] {processor.py:171} INFO - Processing /Users/ballakeerthi/dev/airflow/dags/brent_ML_reg_models.py took 1.449 seconds
[2021-12-06 14:06:06,122] {processor.py:163} INFO - Started process (PID=15810) to work on /Users/ballakeerthi/dev/airflow/dags/brent_ML_reg_models.py
[2021-12-06 14:06:06,128] {processor.py:625} INFO - Processing file /Users/ballakeerthi/dev/airflow/dags/brent_ML_reg_models.py for tasks to queue
[2021-12-06 14:06:06,129] {logging_mixin.py:109} INFO - [2021-12-06 14:06:06,128] {dagbag.py:500} INFO - Filling up the DagBag from /Users/ballakeerthi/dev/airflow/dags/brent_ML_reg_models.py
[2021-12-06 14:06:08,427] {processor.py:639} WARNING - No viable dags retrieved from /Users/ballakeerthi/dev/airflow/dags/brent_ML_reg_models.py
[2021-12-06 14:06:08,429] {processor.py:171} INFO - Processing /Users/ballakeerthi/dev/airflow/dags/brent_ML_reg_models.py took 2.307 seconds
[2021-12-06 14:08:34,149] {processor.py:163} INFO - Started process (PID=15884) to work on /Users/ballakeerthi/dev/airflow/dags/brent_ML_reg_models.py
[2021-12-06 14:08:34,154] {processor.py:625} INFO - Processing file /Users/ballakeerthi/dev/airflow/dags/brent_ML_reg_models.py for tasks to queue
[2021-12-06 14:08:34,155] {logging_mixin.py:109} INFO - [2021-12-06 14:08:34,155] {dagbag.py:500} INFO - Filling up the DagBag from /Users/ballakeerthi/dev/airflow/dags/brent_ML_reg_models.py
[2021-12-06 14:08:35,777] {processor.py:639} WARNING - No viable dags retrieved from /Users/ballakeerthi/dev/airflow/dags/brent_ML_reg_models.py
[2021-12-06 14:08:35,779] {processor.py:171} INFO - Processing /Users/ballakeerthi/dev/airflow/dags/brent_ML_reg_models.py took 1.631 seconds
[2021-12-06 14:10:53,590] {processor.py:163} INFO - Started process (PID=15926) to work on /Users/ballakeerthi/dev/airflow/dags/brent_ML_reg_models.py
[2021-12-06 14:10:53,596] {processor.py:625} INFO - Processing file /Users/ballakeerthi/dev/airflow/dags/brent_ML_reg_models.py for tasks to queue
[2021-12-06 14:10:53,597] {logging_mixin.py:109} INFO - [2021-12-06 14:10:53,597] {dagbag.py:500} INFO - Filling up the DagBag from /Users/ballakeerthi/dev/airflow/dags/brent_ML_reg_models.py
[2021-12-06 14:10:55,350] {processor.py:639} WARNING - No viable dags retrieved from /Users/ballakeerthi/dev/airflow/dags/brent_ML_reg_models.py
[2021-12-06 14:10:55,352] {processor.py:171} INFO - Processing /Users/ballakeerthi/dev/airflow/dags/brent_ML_reg_models.py took 1.763 seconds
[2021-12-06 14:13:27,092] {processor.py:163} INFO - Started process (PID=15990) to work on /Users/ballakeerthi/dev/airflow/dags/brent_ML_reg_models.py
[2021-12-06 14:13:27,098] {processor.py:625} INFO - Processing file /Users/ballakeerthi/dev/airflow/dags/brent_ML_reg_models.py for tasks to queue
[2021-12-06 14:13:27,098] {logging_mixin.py:109} INFO - [2021-12-06 14:13:27,098] {dagbag.py:500} INFO - Filling up the DagBag from /Users/ballakeerthi/dev/airflow/dags/brent_ML_reg_models.py
[2021-12-06 14:13:29,481] {processor.py:639} WARNING - No viable dags retrieved from /Users/ballakeerthi/dev/airflow/dags/brent_ML_reg_models.py
[2021-12-06 14:13:29,494] {processor.py:171} INFO - Processing /Users/ballakeerthi/dev/airflow/dags/brent_ML_reg_models.py took 2.403 seconds
[2021-12-06 14:15:53,839] {processor.py:163} INFO - Started process (PID=16029) to work on /Users/ballakeerthi/dev/airflow/dags/brent_ML_reg_models.py
[2021-12-06 14:15:53,839] {processor.py:625} INFO - Processing file /Users/ballakeerthi/dev/airflow/dags/brent_ML_reg_models.py for tasks to queue
[2021-12-06 14:15:53,840] {logging_mixin.py:109} INFO - [2021-12-06 14:15:53,840] {dagbag.py:500} INFO - Filling up the DagBag from /Users/ballakeerthi/dev/airflow/dags/brent_ML_reg_models.py
[2021-12-06 14:15:55,510] {processor.py:639} WARNING - No viable dags retrieved from /Users/ballakeerthi/dev/airflow/dags/brent_ML_reg_models.py
[2021-12-06 14:15:55,511] {processor.py:171} INFO - Processing /Users/ballakeerthi/dev/airflow/dags/brent_ML_reg_models.py took 1.674 seconds
[2021-12-06 14:18:45,525] {processor.py:163} INFO - Started process (PID=16083) to work on /Users/ballakeerthi/dev/airflow/dags/brent_ML_reg_models.py
[2021-12-06 14:18:45,527] {processor.py:625} INFO - Processing file /Users/ballakeerthi/dev/airflow/dags/brent_ML_reg_models.py for tasks to queue
[2021-12-06 14:18:45,528] {logging_mixin.py:109} INFO - [2021-12-06 14:18:45,527] {dagbag.py:500} INFO - Filling up the DagBag from /Users/ballakeerthi/dev/airflow/dags/brent_ML_reg_models.py
[2021-12-06 14:18:47,147] {processor.py:639} WARNING - No viable dags retrieved from /Users/ballakeerthi/dev/airflow/dags/brent_ML_reg_models.py
[2021-12-06 14:18:47,149] {processor.py:171} INFO - Processing /Users/ballakeerthi/dev/airflow/dags/brent_ML_reg_models.py took 1.625 seconds
[2021-12-06 14:21:19,827] {processor.py:163} INFO - Started process (PID=16120) to work on /Users/ballakeerthi/dev/airflow/dags/brent_ML_reg_models.py
[2021-12-06 14:21:19,828] {processor.py:625} INFO - Processing file /Users/ballakeerthi/dev/airflow/dags/brent_ML_reg_models.py for tasks to queue
[2021-12-06 14:21:19,828] {logging_mixin.py:109} INFO - [2021-12-06 14:21:19,828] {dagbag.py:500} INFO - Filling up the DagBag from /Users/ballakeerthi/dev/airflow/dags/brent_ML_reg_models.py
[2021-12-06 14:21:21,750] {processor.py:639} WARNING - No viable dags retrieved from /Users/ballakeerthi/dev/airflow/dags/brent_ML_reg_models.py
[2021-12-06 14:21:21,752] {processor.py:171} INFO - Processing /Users/ballakeerthi/dev/airflow/dags/brent_ML_reg_models.py took 1.925 seconds
[2021-12-06 14:23:53,090] {processor.py:163} INFO - Started process (PID=16157) to work on /Users/ballakeerthi/dev/airflow/dags/brent_ML_reg_models.py
[2021-12-06 14:23:53,091] {processor.py:625} INFO - Processing file /Users/ballakeerthi/dev/airflow/dags/brent_ML_reg_models.py for tasks to queue
[2021-12-06 14:23:53,091] {logging_mixin.py:109} INFO - [2021-12-06 14:23:53,091] {dagbag.py:500} INFO - Filling up the DagBag from /Users/ballakeerthi/dev/airflow/dags/brent_ML_reg_models.py
[2021-12-06 14:23:54,918] {processor.py:639} WARNING - No viable dags retrieved from /Users/ballakeerthi/dev/airflow/dags/brent_ML_reg_models.py
[2021-12-06 14:23:54,920] {processor.py:171} INFO - Processing /Users/ballakeerthi/dev/airflow/dags/brent_ML_reg_models.py took 1.830 seconds
[2021-12-06 14:27:32,675] {processor.py:163} INFO - Started process (PID=16435) to work on /Users/ballakeerthi/dev/airflow/dags/brent_ML_reg_models.py
[2021-12-06 14:27:32,682] {processor.py:625} INFO - Processing file /Users/ballakeerthi/dev/airflow/dags/brent_ML_reg_models.py for tasks to queue
[2021-12-06 14:27:32,695] {logging_mixin.py:109} INFO - [2021-12-06 14:27:32,695] {dagbag.py:500} INFO - Filling up the DagBag from /Users/ballakeerthi/dev/airflow/dags/brent_ML_reg_models.py
[2021-12-06 14:27:37,289] {processor.py:639} WARNING - No viable dags retrieved from /Users/ballakeerthi/dev/airflow/dags/brent_ML_reg_models.py
[2021-12-06 14:27:37,292] {processor.py:171} INFO - Processing /Users/ballakeerthi/dev/airflow/dags/brent_ML_reg_models.py took 4.618 seconds
[2021-12-06 14:32:31,430] {processor.py:163} INFO - Started process (PID=16578) to work on /Users/ballakeerthi/dev/airflow/dags/brent_ML_reg_models.py
[2021-12-06 14:32:31,431] {processor.py:625} INFO - Processing file /Users/ballakeerthi/dev/airflow/dags/brent_ML_reg_models.py for tasks to queue
[2021-12-06 14:32:31,434] {logging_mixin.py:109} INFO - [2021-12-06 14:32:31,434] {dagbag.py:500} INFO - Filling up the DagBag from /Users/ballakeerthi/dev/airflow/dags/brent_ML_reg_models.py
[2021-12-06 14:32:33,319] {processor.py:639} WARNING - No viable dags retrieved from /Users/ballakeerthi/dev/airflow/dags/brent_ML_reg_models.py
[2021-12-06 14:32:33,321] {processor.py:171} INFO - Processing /Users/ballakeerthi/dev/airflow/dags/brent_ML_reg_models.py took 1.891 seconds
[2021-12-06 14:36:00,915] {processor.py:163} INFO - Started process (PID=16669) to work on /Users/ballakeerthi/dev/airflow/dags/brent_ML_reg_models.py
[2021-12-06 14:36:00,916] {processor.py:625} INFO - Processing file /Users/ballakeerthi/dev/airflow/dags/brent_ML_reg_models.py for tasks to queue
[2021-12-06 14:36:00,918] {logging_mixin.py:109} INFO - [2021-12-06 14:36:00,918] {dagbag.py:500} INFO - Filling up the DagBag from /Users/ballakeerthi/dev/airflow/dags/brent_ML_reg_models.py
[2021-12-06 14:36:02,804] {processor.py:639} WARNING - No viable dags retrieved from /Users/ballakeerthi/dev/airflow/dags/brent_ML_reg_models.py
[2021-12-06 14:36:02,806] {processor.py:171} INFO - Processing /Users/ballakeerthi/dev/airflow/dags/brent_ML_reg_models.py took 1.892 seconds
[2021-12-06 14:40:18,627] {processor.py:163} INFO - Started process (PID=16752) to work on /Users/ballakeerthi/dev/airflow/dags/brent_ML_reg_models.py
[2021-12-06 14:40:18,629] {processor.py:625} INFO - Processing file /Users/ballakeerthi/dev/airflow/dags/brent_ML_reg_models.py for tasks to queue
[2021-12-06 14:40:18,631] {logging_mixin.py:109} INFO - [2021-12-06 14:40:18,631] {dagbag.py:500} INFO - Filling up the DagBag from /Users/ballakeerthi/dev/airflow/dags/brent_ML_reg_models.py
[2021-12-06 14:40:21,517] {processor.py:639} WARNING - No viable dags retrieved from /Users/ballakeerthi/dev/airflow/dags/brent_ML_reg_models.py
[2021-12-06 14:40:21,520] {processor.py:171} INFO - Processing /Users/ballakeerthi/dev/airflow/dags/brent_ML_reg_models.py took 2.893 seconds
[2021-12-06 14:44:28,320] {processor.py:163} INFO - Started process (PID=16818) to work on /Users/ballakeerthi/dev/airflow/dags/brent_ML_reg_models.py
[2021-12-06 14:44:28,321] {processor.py:625} INFO - Processing file /Users/ballakeerthi/dev/airflow/dags/brent_ML_reg_models.py for tasks to queue
[2021-12-06 14:44:28,324] {logging_mixin.py:109} INFO - [2021-12-06 14:44:28,324] {dagbag.py:500} INFO - Filling up the DagBag from /Users/ballakeerthi/dev/airflow/dags/brent_ML_reg_models.py
[2021-12-06 14:44:30,471] {processor.py:639} WARNING - No viable dags retrieved from /Users/ballakeerthi/dev/airflow/dags/brent_ML_reg_models.py
[2021-12-06 14:44:30,473] {processor.py:171} INFO - Processing /Users/ballakeerthi/dev/airflow/dags/brent_ML_reg_models.py took 2.153 seconds
[2021-12-06 14:48:28,776] {processor.py:163} INFO - Started process (PID=16905) to work on /Users/ballakeerthi/dev/airflow/dags/brent_ML_reg_models.py
[2021-12-06 14:48:28,778] {processor.py:625} INFO - Processing file /Users/ballakeerthi/dev/airflow/dags/brent_ML_reg_models.py for tasks to queue
[2021-12-06 14:48:28,780] {logging_mixin.py:109} INFO - [2021-12-06 14:48:28,780] {dagbag.py:500} INFO - Filling up the DagBag from /Users/ballakeerthi/dev/airflow/dags/brent_ML_reg_models.py
[2021-12-06 14:48:30,877] {processor.py:639} WARNING - No viable dags retrieved from /Users/ballakeerthi/dev/airflow/dags/brent_ML_reg_models.py
[2021-12-06 14:48:30,879] {processor.py:171} INFO - Processing /Users/ballakeerthi/dev/airflow/dags/brent_ML_reg_models.py took 2.103 seconds
[2021-12-06 14:52:05,286] {processor.py:163} INFO - Started process (PID=17015) to work on /Users/ballakeerthi/dev/airflow/dags/brent_ML_reg_models.py
[2021-12-06 14:52:05,287] {processor.py:625} INFO - Processing file /Users/ballakeerthi/dev/airflow/dags/brent_ML_reg_models.py for tasks to queue
[2021-12-06 14:52:05,289] {logging_mixin.py:109} INFO - [2021-12-06 14:52:05,289] {dagbag.py:500} INFO - Filling up the DagBag from /Users/ballakeerthi/dev/airflow/dags/brent_ML_reg_models.py
[2021-12-06 14:52:06,928] {processor.py:639} WARNING - No viable dags retrieved from /Users/ballakeerthi/dev/airflow/dags/brent_ML_reg_models.py
[2021-12-06 14:52:06,930] {processor.py:171} INFO - Processing /Users/ballakeerthi/dev/airflow/dags/brent_ML_reg_models.py took 1.644 seconds
[2021-12-06 14:59:06,127] {processor.py:163} INFO - Started process (PID=17104) to work on /Users/ballakeerthi/dev/airflow/dags/brent_ML_reg_models.py
[2021-12-06 14:59:06,127] {processor.py:625} INFO - Processing file /Users/ballakeerthi/dev/airflow/dags/brent_ML_reg_models.py for tasks to queue
[2021-12-06 14:59:06,131] {logging_mixin.py:109} INFO - [2021-12-06 14:59:06,131] {dagbag.py:500} INFO - Filling up the DagBag from /Users/ballakeerthi/dev/airflow/dags/brent_ML_reg_models.py
[2021-12-06 14:59:09,011] {processor.py:639} WARNING - No viable dags retrieved from /Users/ballakeerthi/dev/airflow/dags/brent_ML_reg_models.py
[2021-12-06 14:59:09,017] {processor.py:171} INFO - Processing /Users/ballakeerthi/dev/airflow/dags/brent_ML_reg_models.py took 2.891 seconds
[2021-12-06 15:04:55,279] {processor.py:163} INFO - Started process (PID=17181) to work on /Users/ballakeerthi/dev/airflow/dags/brent_ML_reg_models.py
[2021-12-06 15:04:55,279] {processor.py:625} INFO - Processing file /Users/ballakeerthi/dev/airflow/dags/brent_ML_reg_models.py for tasks to queue
[2021-12-06 15:04:55,281] {logging_mixin.py:109} INFO - [2021-12-06 15:04:55,281] {dagbag.py:500} INFO - Filling up the DagBag from /Users/ballakeerthi/dev/airflow/dags/brent_ML_reg_models.py
[2021-12-06 15:04:58,168] {processor.py:639} WARNING - No viable dags retrieved from /Users/ballakeerthi/dev/airflow/dags/brent_ML_reg_models.py
[2021-12-06 15:04:58,173] {processor.py:171} INFO - Processing /Users/ballakeerthi/dev/airflow/dags/brent_ML_reg_models.py took 2.895 seconds
[2021-12-06 15:09:23,169] {processor.py:163} INFO - Started process (PID=17297) to work on /Users/ballakeerthi/dev/airflow/dags/brent_ML_reg_models.py
[2021-12-06 15:09:23,170] {processor.py:625} INFO - Processing file /Users/ballakeerthi/dev/airflow/dags/brent_ML_reg_models.py for tasks to queue
[2021-12-06 15:09:23,172] {logging_mixin.py:109} INFO - [2021-12-06 15:09:23,172] {dagbag.py:500} INFO - Filling up the DagBag from /Users/ballakeerthi/dev/airflow/dags/brent_ML_reg_models.py
[2021-12-06 15:09:26,774] {processor.py:639} WARNING - No viable dags retrieved from /Users/ballakeerthi/dev/airflow/dags/brent_ML_reg_models.py
[2021-12-06 15:09:26,777] {processor.py:171} INFO - Processing /Users/ballakeerthi/dev/airflow/dags/brent_ML_reg_models.py took 3.608 seconds
[2021-12-06 15:14:16,367] {processor.py:163} INFO - Started process (PID=17424) to work on /Users/ballakeerthi/dev/airflow/dags/brent_ML_reg_models.py
[2021-12-06 15:14:16,370] {processor.py:625} INFO - Processing file /Users/ballakeerthi/dev/airflow/dags/brent_ML_reg_models.py for tasks to queue
[2021-12-06 15:14:16,372] {logging_mixin.py:109} INFO - [2021-12-06 15:14:16,372] {dagbag.py:500} INFO - Filling up the DagBag from /Users/ballakeerthi/dev/airflow/dags/brent_ML_reg_models.py
[2021-12-06 15:14:17,613] {processor.py:639} WARNING - No viable dags retrieved from /Users/ballakeerthi/dev/airflow/dags/brent_ML_reg_models.py
[2021-12-06 15:14:17,614] {processor.py:171} INFO - Processing /Users/ballakeerthi/dev/airflow/dags/brent_ML_reg_models.py took 1.248 seconds
[2021-12-06 15:19:38,858] {processor.py:163} INFO - Started process (PID=17559) to work on /Users/ballakeerthi/dev/airflow/dags/brent_ML_reg_models.py
[2021-12-06 15:19:38,859] {processor.py:625} INFO - Processing file /Users/ballakeerthi/dev/airflow/dags/brent_ML_reg_models.py for tasks to queue
[2021-12-06 15:19:38,862] {logging_mixin.py:109} INFO - [2021-12-06 15:19:38,861] {dagbag.py:500} INFO - Filling up the DagBag from /Users/ballakeerthi/dev/airflow/dags/brent_ML_reg_models.py
[2021-12-06 15:19:42,710] {processor.py:639} WARNING - No viable dags retrieved from /Users/ballakeerthi/dev/airflow/dags/brent_ML_reg_models.py
[2021-12-06 15:19:42,711] {processor.py:171} INFO - Processing /Users/ballakeerthi/dev/airflow/dags/brent_ML_reg_models.py took 3.854 seconds
[2021-12-06 15:25:33,237] {processor.py:163} INFO - Started process (PID=17693) to work on /Users/ballakeerthi/dev/airflow/dags/brent_ML_reg_models.py
[2021-12-06 15:25:33,239] {processor.py:625} INFO - Processing file /Users/ballakeerthi/dev/airflow/dags/brent_ML_reg_models.py for tasks to queue
[2021-12-06 15:25:33,242] {logging_mixin.py:109} INFO - [2021-12-06 15:25:33,242] {dagbag.py:500} INFO - Filling up the DagBag from /Users/ballakeerthi/dev/airflow/dags/brent_ML_reg_models.py
[2021-12-06 15:25:38,161] {processor.py:639} WARNING - No viable dags retrieved from /Users/ballakeerthi/dev/airflow/dags/brent_ML_reg_models.py
[2021-12-06 15:25:38,167] {processor.py:171} INFO - Processing /Users/ballakeerthi/dev/airflow/dags/brent_ML_reg_models.py took 4.931 seconds
[2021-12-06 15:32:03,247] {processor.py:163} INFO - Started process (PID=17797) to work on /Users/ballakeerthi/dev/airflow/dags/brent_ML_reg_models.py
[2021-12-06 15:32:03,247] {processor.py:625} INFO - Processing file /Users/ballakeerthi/dev/airflow/dags/brent_ML_reg_models.py for tasks to queue
[2021-12-06 15:32:03,249] {logging_mixin.py:109} INFO - [2021-12-06 15:32:03,249] {dagbag.py:500} INFO - Filling up the DagBag from /Users/ballakeerthi/dev/airflow/dags/brent_ML_reg_models.py
[2021-12-06 15:32:06,654] {processor.py:639} WARNING - No viable dags retrieved from /Users/ballakeerthi/dev/airflow/dags/brent_ML_reg_models.py
[2021-12-06 15:32:06,656] {processor.py:171} INFO - Processing /Users/ballakeerthi/dev/airflow/dags/brent_ML_reg_models.py took 3.411 seconds
[2021-12-06 15:38:38,259] {processor.py:163} INFO - Started process (PID=17868) to work on /Users/ballakeerthi/dev/airflow/dags/brent_ML_reg_models.py
[2021-12-06 15:38:38,262] {processor.py:625} INFO - Processing file /Users/ballakeerthi/dev/airflow/dags/brent_ML_reg_models.py for tasks to queue
[2021-12-06 15:38:38,268] {logging_mixin.py:109} INFO - [2021-12-06 15:38:38,268] {dagbag.py:500} INFO - Filling up the DagBag from /Users/ballakeerthi/dev/airflow/dags/brent_ML_reg_models.py
[2021-12-06 15:38:42,796] {processor.py:639} WARNING - No viable dags retrieved from /Users/ballakeerthi/dev/airflow/dags/brent_ML_reg_models.py
[2021-12-06 15:38:42,799] {processor.py:171} INFO - Processing /Users/ballakeerthi/dev/airflow/dags/brent_ML_reg_models.py took 4.542 seconds
[2021-12-06 15:45:05,552] {processor.py:163} INFO - Started process (PID=17953) to work on /Users/ballakeerthi/dev/airflow/dags/brent_ML_reg_models.py
[2021-12-06 15:45:05,555] {processor.py:625} INFO - Processing file /Users/ballakeerthi/dev/airflow/dags/brent_ML_reg_models.py for tasks to queue
[2021-12-06 15:45:05,558] {logging_mixin.py:109} INFO - [2021-12-06 15:45:05,558] {dagbag.py:500} INFO - Filling up the DagBag from /Users/ballakeerthi/dev/airflow/dags/brent_ML_reg_models.py
[2021-12-06 15:45:08,317] {processor.py:639} WARNING - No viable dags retrieved from /Users/ballakeerthi/dev/airflow/dags/brent_ML_reg_models.py
[2021-12-06 15:45:08,319] {processor.py:171} INFO - Processing /Users/ballakeerthi/dev/airflow/dags/brent_ML_reg_models.py took 2.768 seconds
[2021-12-06 15:51:26,952] {processor.py:163} INFO - Started process (PID=18011) to work on /Users/ballakeerthi/dev/airflow/dags/brent_ML_reg_models.py
[2021-12-06 15:51:26,953] {processor.py:625} INFO - Processing file /Users/ballakeerthi/dev/airflow/dags/brent_ML_reg_models.py for tasks to queue
[2021-12-06 15:51:26,956] {logging_mixin.py:109} INFO - [2021-12-06 15:51:26,956] {dagbag.py:500} INFO - Filling up the DagBag from /Users/ballakeerthi/dev/airflow/dags/brent_ML_reg_models.py
[2021-12-06 15:51:33,303] {processor.py:639} WARNING - No viable dags retrieved from /Users/ballakeerthi/dev/airflow/dags/brent_ML_reg_models.py
[2021-12-06 15:51:33,305] {processor.py:171} INFO - Processing /Users/ballakeerthi/dev/airflow/dags/brent_ML_reg_models.py took 6.354 seconds
[2021-12-06 15:57:52,245] {processor.py:163} INFO - Started process (PID=18114) to work on /Users/ballakeerthi/dev/airflow/dags/brent_ML_reg_models.py
[2021-12-06 15:57:52,246] {processor.py:625} INFO - Processing file /Users/ballakeerthi/dev/airflow/dags/brent_ML_reg_models.py for tasks to queue
[2021-12-06 15:57:52,249] {logging_mixin.py:109} INFO - [2021-12-06 15:57:52,248] {dagbag.py:500} INFO - Filling up the DagBag from /Users/ballakeerthi/dev/airflow/dags/brent_ML_reg_models.py
[2021-12-06 15:57:55,986] {processor.py:639} WARNING - No viable dags retrieved from /Users/ballakeerthi/dev/airflow/dags/brent_ML_reg_models.py
[2021-12-06 15:57:55,991] {processor.py:171} INFO - Processing /Users/ballakeerthi/dev/airflow/dags/brent_ML_reg_models.py took 3.746 seconds
[2021-12-06 16:03:48,799] {processor.py:163} INFO - Started process (PID=18170) to work on /Users/ballakeerthi/dev/airflow/dags/brent_ML_reg_models.py
[2021-12-06 16:03:48,805] {processor.py:625} INFO - Processing file /Users/ballakeerthi/dev/airflow/dags/brent_ML_reg_models.py for tasks to queue
[2021-12-06 16:03:48,807] {logging_mixin.py:109} INFO - [2021-12-06 16:03:48,807] {dagbag.py:500} INFO - Filling up the DagBag from /Users/ballakeerthi/dev/airflow/dags/brent_ML_reg_models.py
[2021-12-06 16:03:51,326] {processor.py:639} WARNING - No viable dags retrieved from /Users/ballakeerthi/dev/airflow/dags/brent_ML_reg_models.py
[2021-12-06 16:03:51,331] {processor.py:171} INFO - Processing /Users/ballakeerthi/dev/airflow/dags/brent_ML_reg_models.py took 2.532 seconds
[2021-12-06 16:09:27,608] {processor.py:163} INFO - Started process (PID=18263) to work on /Users/ballakeerthi/dev/airflow/dags/brent_ML_reg_models.py
[2021-12-06 16:09:27,609] {processor.py:625} INFO - Processing file /Users/ballakeerthi/dev/airflow/dags/brent_ML_reg_models.py for tasks to queue
[2021-12-06 16:09:27,611] {logging_mixin.py:109} INFO - [2021-12-06 16:09:27,611] {dagbag.py:500} INFO - Filling up the DagBag from /Users/ballakeerthi/dev/airflow/dags/brent_ML_reg_models.py
[2021-12-06 16:09:36,195] {logging_mixin.py:109} INFO - [2021-12-06 16:09:36,193] {dagbag.py:334} ERROR - Failed to import: /Users/ballakeerthi/dev/airflow/dags/brent_ML_reg_models.py
Traceback (most recent call last):
  File "/Users/ballakeerthi/opt/anaconda3/envs/airflow/lib/python3.9/site-packages/airflow/models/dagbag.py", line 331, in _load_modules_from_file
    loader.exec_module(new_module)
  File "<frozen importlib._bootstrap_external>", line 850, in exec_module
  File "<frozen importlib._bootstrap>", line 228, in _call_with_frames_removed
  File "/Users/ballakeerthi/dev/airflow/dags/brent_ML_reg_models.py", line 6, in <module>
    import mysql.connector
ModuleNotFoundError: No module named 'mysql'
[2021-12-06 16:09:36,232] {processor.py:639} WARNING - No viable dags retrieved from /Users/ballakeerthi/dev/airflow/dags/brent_ML_reg_models.py
[2021-12-06 16:09:36,237] {processor.py:171} INFO - Processing /Users/ballakeerthi/dev/airflow/dags/brent_ML_reg_models.py took 8.629 seconds
[2021-12-06 16:16:09,046] {processor.py:163} INFO - Started process (PID=18347) to work on /Users/ballakeerthi/dev/airflow/dags/brent_ML_reg_models.py
[2021-12-06 16:16:09,052] {processor.py:625} INFO - Processing file /Users/ballakeerthi/dev/airflow/dags/brent_ML_reg_models.py for tasks to queue
[2021-12-06 16:16:09,060] {logging_mixin.py:109} INFO - [2021-12-06 16:16:09,059] {dagbag.py:500} INFO - Filling up the DagBag from /Users/ballakeerthi/dev/airflow/dags/brent_ML_reg_models.py
[2021-12-06 16:16:09,070] {logging_mixin.py:109} INFO - [2021-12-06 16:16:09,063] {dagbag.py:334} ERROR - Failed to import: /Users/ballakeerthi/dev/airflow/dags/brent_ML_reg_models.py
Traceback (most recent call last):
  File "/Users/ballakeerthi/opt/anaconda3/envs/airflow/lib/python3.9/site-packages/airflow/models/dagbag.py", line 331, in _load_modules_from_file
    loader.exec_module(new_module)
  File "<frozen importlib._bootstrap_external>", line 846, in exec_module
  File "<frozen importlib._bootstrap_external>", line 983, in get_code
  File "<frozen importlib._bootstrap_external>", line 913, in source_to_code
  File "<frozen importlib._bootstrap>", line 228, in _call_with_frames_removed
  File "/Users/ballakeerthi/dev/airflow/dags/brent_ML_reg_models.py", line 12
    )
     ^
SyntaxError: invalid syntax
[2021-12-06 16:16:09,180] {processor.py:639} WARNING - No viable dags retrieved from /Users/ballakeerthi/dev/airflow/dags/brent_ML_reg_models.py
[2021-12-06 16:16:09,193] {processor.py:171} INFO - Processing /Users/ballakeerthi/dev/airflow/dags/brent_ML_reg_models.py took 0.150 seconds
[2021-12-06 16:20:38,437] {processor.py:163} INFO - Started process (PID=18396) to work on /Users/ballakeerthi/dev/airflow/dags/brent_ML_reg_models.py
[2021-12-06 16:20:38,439] {processor.py:625} INFO - Processing file /Users/ballakeerthi/dev/airflow/dags/brent_ML_reg_models.py for tasks to queue
[2021-12-06 16:20:38,442] {logging_mixin.py:109} INFO - [2021-12-06 16:20:38,442] {dagbag.py:500} INFO - Filling up the DagBag from /Users/ballakeerthi/dev/airflow/dags/brent_ML_reg_models.py
[2021-12-06 16:20:38,448] {logging_mixin.py:109} INFO - [2021-12-06 16:20:38,444] {dagbag.py:334} ERROR - Failed to import: /Users/ballakeerthi/dev/airflow/dags/brent_ML_reg_models.py
Traceback (most recent call last):
  File "/Users/ballakeerthi/opt/anaconda3/envs/airflow/lib/python3.9/site-packages/airflow/models/dagbag.py", line 331, in _load_modules_from_file
    loader.exec_module(new_module)
  File "<frozen importlib._bootstrap_external>", line 846, in exec_module
  File "<frozen importlib._bootstrap_external>", line 983, in get_code
  File "<frozen importlib._bootstrap_external>", line 913, in source_to_code
  File "<frozen importlib._bootstrap>", line 228, in _call_with_frames_removed
  File "/Users/ballakeerthi/dev/airflow/dags/brent_ML_reg_models.py", line 12
    )
     ^
SyntaxError: invalid syntax
[2021-12-06 16:20:38,494] {processor.py:639} WARNING - No viable dags retrieved from /Users/ballakeerthi/dev/airflow/dags/brent_ML_reg_models.py
[2021-12-06 16:20:38,502] {processor.py:171} INFO - Processing /Users/ballakeerthi/dev/airflow/dags/brent_ML_reg_models.py took 0.066 seconds
[2021-12-06 16:23:58,438] {processor.py:163} INFO - Started process (PID=18439) to work on /Users/ballakeerthi/dev/airflow/dags/brent_ML_reg_models.py
[2021-12-06 16:23:58,439] {processor.py:625} INFO - Processing file /Users/ballakeerthi/dev/airflow/dags/brent_ML_reg_models.py for tasks to queue
[2021-12-06 16:23:58,447] {logging_mixin.py:109} INFO - [2021-12-06 16:23:58,447] {dagbag.py:500} INFO - Filling up the DagBag from /Users/ballakeerthi/dev/airflow/dags/brent_ML_reg_models.py
[2021-12-06 16:23:58,457] {logging_mixin.py:109} INFO - [2021-12-06 16:23:58,454] {dagbag.py:334} ERROR - Failed to import: /Users/ballakeerthi/dev/airflow/dags/brent_ML_reg_models.py
Traceback (most recent call last):
  File "/Users/ballakeerthi/opt/anaconda3/envs/airflow/lib/python3.9/site-packages/airflow/models/dagbag.py", line 331, in _load_modules_from_file
    loader.exec_module(new_module)
  File "<frozen importlib._bootstrap_external>", line 846, in exec_module
  File "<frozen importlib._bootstrap_external>", line 983, in get_code
  File "<frozen importlib._bootstrap_external>", line 913, in source_to_code
  File "<frozen importlib._bootstrap>", line 228, in _call_with_frames_removed
  File "/Users/ballakeerthi/dev/airflow/dags/brent_ML_reg_models.py", line 12
    )
     ^
SyntaxError: invalid syntax
[2021-12-06 16:23:58,566] {processor.py:639} WARNING - No viable dags retrieved from /Users/ballakeerthi/dev/airflow/dags/brent_ML_reg_models.py
[2021-12-06 16:23:58,575] {processor.py:171} INFO - Processing /Users/ballakeerthi/dev/airflow/dags/brent_ML_reg_models.py took 0.140 seconds
[2021-12-06 16:28:39,030] {processor.py:163} INFO - Started process (PID=18517) to work on /Users/ballakeerthi/dev/airflow/dags/brent_ML_reg_models.py
[2021-12-06 16:28:39,032] {processor.py:625} INFO - Processing file /Users/ballakeerthi/dev/airflow/dags/brent_ML_reg_models.py for tasks to queue
[2021-12-06 16:28:39,037] {logging_mixin.py:109} INFO - [2021-12-06 16:28:39,037] {dagbag.py:500} INFO - Filling up the DagBag from /Users/ballakeerthi/dev/airflow/dags/brent_ML_reg_models.py
[2021-12-06 16:28:41,975] {processor.py:639} WARNING - No viable dags retrieved from /Users/ballakeerthi/dev/airflow/dags/brent_ML_reg_models.py
[2021-12-06 16:28:41,977] {processor.py:171} INFO - Processing /Users/ballakeerthi/dev/airflow/dags/brent_ML_reg_models.py took 2.949 seconds
[2021-12-06 16:32:16,865] {processor.py:163} INFO - Started process (PID=18569) to work on /Users/ballakeerthi/dev/airflow/dags/brent_ML_reg_models.py
[2021-12-06 16:32:16,866] {processor.py:625} INFO - Processing file /Users/ballakeerthi/dev/airflow/dags/brent_ML_reg_models.py for tasks to queue
[2021-12-06 16:32:16,868] {logging_mixin.py:109} INFO - [2021-12-06 16:32:16,867] {dagbag.py:500} INFO - Filling up the DagBag from /Users/ballakeerthi/dev/airflow/dags/brent_ML_reg_models.py
[2021-12-06 16:32:18,730] {processor.py:639} WARNING - No viable dags retrieved from /Users/ballakeerthi/dev/airflow/dags/brent_ML_reg_models.py
[2021-12-06 16:32:18,731] {processor.py:171} INFO - Processing /Users/ballakeerthi/dev/airflow/dags/brent_ML_reg_models.py took 1.867 seconds
[2021-12-06 16:34:15,483] {processor.py:163} INFO - Started process (PID=18609) to work on /Users/ballakeerthi/dev/airflow/dags/brent_ML_reg_models.py
[2021-12-06 16:34:15,484] {processor.py:625} INFO - Processing file /Users/ballakeerthi/dev/airflow/dags/brent_ML_reg_models.py for tasks to queue
[2021-12-06 16:34:15,485] {logging_mixin.py:109} INFO - [2021-12-06 16:34:15,485] {dagbag.py:500} INFO - Filling up the DagBag from /Users/ballakeerthi/dev/airflow/dags/brent_ML_reg_models.py
[2021-12-06 16:34:17,303] {processor.py:639} WARNING - No viable dags retrieved from /Users/ballakeerthi/dev/airflow/dags/brent_ML_reg_models.py
[2021-12-06 16:34:17,304] {processor.py:171} INFO - Processing /Users/ballakeerthi/dev/airflow/dags/brent_ML_reg_models.py took 1.822 seconds
[2021-12-06 16:36:34,604] {processor.py:163} INFO - Started process (PID=18641) to work on /Users/ballakeerthi/dev/airflow/dags/brent_ML_reg_models.py
[2021-12-06 16:36:34,610] {processor.py:625} INFO - Processing file /Users/ballakeerthi/dev/airflow/dags/brent_ML_reg_models.py for tasks to queue
[2021-12-06 16:36:34,612] {logging_mixin.py:109} INFO - [2021-12-06 16:36:34,611] {dagbag.py:500} INFO - Filling up the DagBag from /Users/ballakeerthi/dev/airflow/dags/brent_ML_reg_models.py
[2021-12-06 16:36:36,718] {processor.py:639} WARNING - No viable dags retrieved from /Users/ballakeerthi/dev/airflow/dags/brent_ML_reg_models.py
[2021-12-06 16:36:36,719] {processor.py:171} INFO - Processing /Users/ballakeerthi/dev/airflow/dags/brent_ML_reg_models.py took 2.115 seconds
[2021-12-06 16:38:50,091] {processor.py:163} INFO - Started process (PID=18674) to work on /Users/ballakeerthi/dev/airflow/dags/brent_ML_reg_models.py
[2021-12-06 16:38:50,091] {processor.py:625} INFO - Processing file /Users/ballakeerthi/dev/airflow/dags/brent_ML_reg_models.py for tasks to queue
[2021-12-06 16:38:50,093] {logging_mixin.py:109} INFO - [2021-12-06 16:38:50,093] {dagbag.py:500} INFO - Filling up the DagBag from /Users/ballakeerthi/dev/airflow/dags/brent_ML_reg_models.py
[2021-12-06 16:38:51,756] {processor.py:639} WARNING - No viable dags retrieved from /Users/ballakeerthi/dev/airflow/dags/brent_ML_reg_models.py
[2021-12-06 16:38:51,757] {processor.py:171} INFO - Processing /Users/ballakeerthi/dev/airflow/dags/brent_ML_reg_models.py took 1.667 seconds
[2021-12-06 16:41:05,301] {processor.py:163} INFO - Started process (PID=18711) to work on /Users/ballakeerthi/dev/airflow/dags/brent_ML_reg_models.py
[2021-12-06 16:41:05,308] {processor.py:625} INFO - Processing file /Users/ballakeerthi/dev/airflow/dags/brent_ML_reg_models.py for tasks to queue
[2021-12-06 16:41:05,310] {logging_mixin.py:109} INFO - [2021-12-06 16:41:05,310] {dagbag.py:500} INFO - Filling up the DagBag from /Users/ballakeerthi/dev/airflow/dags/brent_ML_reg_models.py
[2021-12-06 16:41:07,327] {processor.py:639} WARNING - No viable dags retrieved from /Users/ballakeerthi/dev/airflow/dags/brent_ML_reg_models.py
[2021-12-06 16:41:07,328] {processor.py:171} INFO - Processing /Users/ballakeerthi/dev/airflow/dags/brent_ML_reg_models.py took 2.028 seconds
[2021-12-06 16:43:23,490] {processor.py:163} INFO - Started process (PID=18743) to work on /Users/ballakeerthi/dev/airflow/dags/brent_ML_reg_models.py
[2021-12-06 16:43:23,496] {processor.py:625} INFO - Processing file /Users/ballakeerthi/dev/airflow/dags/brent_ML_reg_models.py for tasks to queue
[2021-12-06 16:43:23,499] {logging_mixin.py:109} INFO - [2021-12-06 16:43:23,499] {dagbag.py:500} INFO - Filling up the DagBag from /Users/ballakeerthi/dev/airflow/dags/brent_ML_reg_models.py
[2021-12-06 16:43:25,361] {processor.py:639} WARNING - No viable dags retrieved from /Users/ballakeerthi/dev/airflow/dags/brent_ML_reg_models.py
[2021-12-06 16:43:25,362] {processor.py:171} INFO - Processing /Users/ballakeerthi/dev/airflow/dags/brent_ML_reg_models.py took 1.872 seconds
[2021-12-06 16:45:46,734] {processor.py:163} INFO - Started process (PID=18780) to work on /Users/ballakeerthi/dev/airflow/dags/brent_ML_reg_models.py
[2021-12-06 16:45:46,739] {processor.py:625} INFO - Processing file /Users/ballakeerthi/dev/airflow/dags/brent_ML_reg_models.py for tasks to queue
[2021-12-06 16:45:46,743] {logging_mixin.py:109} INFO - [2021-12-06 16:45:46,743] {dagbag.py:500} INFO - Filling up the DagBag from /Users/ballakeerthi/dev/airflow/dags/brent_ML_reg_models.py
[2021-12-06 16:45:48,577] {processor.py:639} WARNING - No viable dags retrieved from /Users/ballakeerthi/dev/airflow/dags/brent_ML_reg_models.py
[2021-12-06 16:45:48,579] {processor.py:171} INFO - Processing /Users/ballakeerthi/dev/airflow/dags/brent_ML_reg_models.py took 1.845 seconds
[2021-12-06 16:48:08,552] {processor.py:163} INFO - Started process (PID=18812) to work on /Users/ballakeerthi/dev/airflow/dags/brent_ML_reg_models.py
[2021-12-06 16:48:08,554] {processor.py:625} INFO - Processing file /Users/ballakeerthi/dev/airflow/dags/brent_ML_reg_models.py for tasks to queue
[2021-12-06 16:48:08,556] {logging_mixin.py:109} INFO - [2021-12-06 16:48:08,556] {dagbag.py:500} INFO - Filling up the DagBag from /Users/ballakeerthi/dev/airflow/dags/brent_ML_reg_models.py
[2021-12-06 16:48:10,067] {processor.py:639} WARNING - No viable dags retrieved from /Users/ballakeerthi/dev/airflow/dags/brent_ML_reg_models.py
[2021-12-06 16:48:10,069] {processor.py:171} INFO - Processing /Users/ballakeerthi/dev/airflow/dags/brent_ML_reg_models.py took 1.518 seconds
[2021-12-06 16:50:27,997] {processor.py:163} INFO - Started process (PID=18848) to work on /Users/ballakeerthi/dev/airflow/dags/brent_ML_reg_models.py
[2021-12-06 16:50:27,999] {processor.py:625} INFO - Processing file /Users/ballakeerthi/dev/airflow/dags/brent_ML_reg_models.py for tasks to queue
[2021-12-06 16:50:28,001] {logging_mixin.py:109} INFO - [2021-12-06 16:50:28,001] {dagbag.py:500} INFO - Filling up the DagBag from /Users/ballakeerthi/dev/airflow/dags/brent_ML_reg_models.py
[2021-12-06 16:50:29,917] {processor.py:639} WARNING - No viable dags retrieved from /Users/ballakeerthi/dev/airflow/dags/brent_ML_reg_models.py
[2021-12-06 16:50:29,918] {processor.py:171} INFO - Processing /Users/ballakeerthi/dev/airflow/dags/brent_ML_reg_models.py took 1.922 seconds
[2021-12-06 16:52:55,685] {processor.py:163} INFO - Started process (PID=18883) to work on /Users/ballakeerthi/dev/airflow/dags/brent_ML_reg_models.py
[2021-12-06 16:52:55,686] {processor.py:625} INFO - Processing file /Users/ballakeerthi/dev/airflow/dags/brent_ML_reg_models.py for tasks to queue
[2021-12-06 16:52:55,687] {logging_mixin.py:109} INFO - [2021-12-06 16:52:55,687] {dagbag.py:500} INFO - Filling up the DagBag from /Users/ballakeerthi/dev/airflow/dags/brent_ML_reg_models.py
[2021-12-06 16:52:58,376] {processor.py:639} WARNING - No viable dags retrieved from /Users/ballakeerthi/dev/airflow/dags/brent_ML_reg_models.py
[2021-12-06 16:52:58,377] {processor.py:171} INFO - Processing /Users/ballakeerthi/dev/airflow/dags/brent_ML_reg_models.py took 2.692 seconds
[2021-12-06 16:55:17,790] {processor.py:163} INFO - Started process (PID=18917) to work on /Users/ballakeerthi/dev/airflow/dags/brent_ML_reg_models.py
[2021-12-06 16:55:17,796] {processor.py:625} INFO - Processing file /Users/ballakeerthi/dev/airflow/dags/brent_ML_reg_models.py for tasks to queue
[2021-12-06 16:55:17,798] {logging_mixin.py:109} INFO - [2021-12-06 16:55:17,798] {dagbag.py:500} INFO - Filling up the DagBag from /Users/ballakeerthi/dev/airflow/dags/brent_ML_reg_models.py
[2021-12-06 16:55:19,660] {processor.py:639} WARNING - No viable dags retrieved from /Users/ballakeerthi/dev/airflow/dags/brent_ML_reg_models.py
[2021-12-06 16:55:19,661] {processor.py:171} INFO - Processing /Users/ballakeerthi/dev/airflow/dags/brent_ML_reg_models.py took 1.872 seconds
[2021-12-06 16:57:33,171] {processor.py:163} INFO - Started process (PID=18950) to work on /Users/ballakeerthi/dev/airflow/dags/brent_ML_reg_models.py
[2021-12-06 16:57:33,173] {processor.py:625} INFO - Processing file /Users/ballakeerthi/dev/airflow/dags/brent_ML_reg_models.py for tasks to queue
[2021-12-06 16:57:33,175] {logging_mixin.py:109} INFO - [2021-12-06 16:57:33,175] {dagbag.py:500} INFO - Filling up the DagBag from /Users/ballakeerthi/dev/airflow/dags/brent_ML_reg_models.py
[2021-12-06 16:57:35,015] {processor.py:639} WARNING - No viable dags retrieved from /Users/ballakeerthi/dev/airflow/dags/brent_ML_reg_models.py
[2021-12-06 16:57:35,016] {processor.py:171} INFO - Processing /Users/ballakeerthi/dev/airflow/dags/brent_ML_reg_models.py took 1.846 seconds
[2021-12-06 16:59:52,040] {processor.py:163} INFO - Started process (PID=18983) to work on /Users/ballakeerthi/dev/airflow/dags/brent_ML_reg_models.py
[2021-12-06 16:59:52,046] {processor.py:625} INFO - Processing file /Users/ballakeerthi/dev/airflow/dags/brent_ML_reg_models.py for tasks to queue
[2021-12-06 16:59:52,048] {logging_mixin.py:109} INFO - [2021-12-06 16:59:52,048] {dagbag.py:500} INFO - Filling up the DagBag from /Users/ballakeerthi/dev/airflow/dags/brent_ML_reg_models.py
[2021-12-06 16:59:53,716] {processor.py:639} WARNING - No viable dags retrieved from /Users/ballakeerthi/dev/airflow/dags/brent_ML_reg_models.py
[2021-12-06 16:59:53,717] {processor.py:171} INFO - Processing /Users/ballakeerthi/dev/airflow/dags/brent_ML_reg_models.py took 1.678 seconds
[2021-12-06 17:02:09,257] {processor.py:163} INFO - Started process (PID=19022) to work on /Users/ballakeerthi/dev/airflow/dags/brent_ML_reg_models.py
[2021-12-06 17:02:09,268] {processor.py:625} INFO - Processing file /Users/ballakeerthi/dev/airflow/dags/brent_ML_reg_models.py for tasks to queue
[2021-12-06 17:02:09,273] {logging_mixin.py:109} INFO - [2021-12-06 17:02:09,273] {dagbag.py:500} INFO - Filling up the DagBag from /Users/ballakeerthi/dev/airflow/dags/brent_ML_reg_models.py
[2021-12-06 17:02:11,984] {processor.py:639} WARNING - No viable dags retrieved from /Users/ballakeerthi/dev/airflow/dags/brent_ML_reg_models.py
[2021-12-06 17:02:11,985] {processor.py:171} INFO - Processing /Users/ballakeerthi/dev/airflow/dags/brent_ML_reg_models.py took 2.729 seconds
[2021-12-06 17:04:26,276] {processor.py:163} INFO - Started process (PID=19055) to work on /Users/ballakeerthi/dev/airflow/dags/brent_ML_reg_models.py
[2021-12-06 17:04:26,276] {processor.py:625} INFO - Processing file /Users/ballakeerthi/dev/airflow/dags/brent_ML_reg_models.py for tasks to queue
[2021-12-06 17:04:26,277] {logging_mixin.py:109} INFO - [2021-12-06 17:04:26,277] {dagbag.py:500} INFO - Filling up the DagBag from /Users/ballakeerthi/dev/airflow/dags/brent_ML_reg_models.py
[2021-12-06 17:04:27,456] {processor.py:639} WARNING - No viable dags retrieved from /Users/ballakeerthi/dev/airflow/dags/brent_ML_reg_models.py
[2021-12-06 17:04:27,457] {processor.py:171} INFO - Processing /Users/ballakeerthi/dev/airflow/dags/brent_ML_reg_models.py took 1.182 seconds
[2021-12-06 17:06:43,555] {processor.py:163} INFO - Started process (PID=19089) to work on /Users/ballakeerthi/dev/airflow/dags/brent_ML_reg_models.py
[2021-12-06 17:06:43,556] {processor.py:625} INFO - Processing file /Users/ballakeerthi/dev/airflow/dags/brent_ML_reg_models.py for tasks to queue
[2021-12-06 17:06:43,557] {logging_mixin.py:109} INFO - [2021-12-06 17:06:43,557] {dagbag.py:500} INFO - Filling up the DagBag from /Users/ballakeerthi/dev/airflow/dags/brent_ML_reg_models.py
[2021-12-06 17:06:44,831] {processor.py:639} WARNING - No viable dags retrieved from /Users/ballakeerthi/dev/airflow/dags/brent_ML_reg_models.py
[2021-12-06 17:06:44,833] {processor.py:171} INFO - Processing /Users/ballakeerthi/dev/airflow/dags/brent_ML_reg_models.py took 1.278 seconds
[2021-12-06 17:09:02,442] {processor.py:163} INFO - Started process (PID=19125) to work on /Users/ballakeerthi/dev/airflow/dags/brent_ML_reg_models.py
[2021-12-06 17:09:02,442] {processor.py:625} INFO - Processing file /Users/ballakeerthi/dev/airflow/dags/brent_ML_reg_models.py for tasks to queue
[2021-12-06 17:09:02,445] {logging_mixin.py:109} INFO - [2021-12-06 17:09:02,445] {dagbag.py:500} INFO - Filling up the DagBag from /Users/ballakeerthi/dev/airflow/dags/brent_ML_reg_models.py
[2021-12-06 17:09:04,121] {processor.py:639} WARNING - No viable dags retrieved from /Users/ballakeerthi/dev/airflow/dags/brent_ML_reg_models.py
[2021-12-06 17:09:04,123] {processor.py:171} INFO - Processing /Users/ballakeerthi/dev/airflow/dags/brent_ML_reg_models.py took 1.682 seconds
[2021-12-06 17:11:09,788] {processor.py:163} INFO - Started process (PID=19166) to work on /Users/ballakeerthi/dev/airflow/dags/brent_ML_reg_models.py
[2021-12-06 17:11:09,788] {processor.py:625} INFO - Processing file /Users/ballakeerthi/dev/airflow/dags/brent_ML_reg_models.py for tasks to queue
[2021-12-06 17:11:09,789] {logging_mixin.py:109} INFO - [2021-12-06 17:11:09,789] {dagbag.py:500} INFO - Filling up the DagBag from /Users/ballakeerthi/dev/airflow/dags/brent_ML_reg_models.py
[2021-12-06 17:11:12,078] {processor.py:639} WARNING - No viable dags retrieved from /Users/ballakeerthi/dev/airflow/dags/brent_ML_reg_models.py
[2021-12-06 17:11:12,080] {processor.py:171} INFO - Processing /Users/ballakeerthi/dev/airflow/dags/brent_ML_reg_models.py took 2.292 seconds
[2021-12-06 17:13:23,269] {processor.py:163} INFO - Started process (PID=19198) to work on /Users/ballakeerthi/dev/airflow/dags/brent_ML_reg_models.py
[2021-12-06 17:13:23,269] {processor.py:625} INFO - Processing file /Users/ballakeerthi/dev/airflow/dags/brent_ML_reg_models.py for tasks to queue
[2021-12-06 17:13:23,271] {logging_mixin.py:109} INFO - [2021-12-06 17:13:23,271] {dagbag.py:500} INFO - Filling up the DagBag from /Users/ballakeerthi/dev/airflow/dags/brent_ML_reg_models.py
[2021-12-06 17:13:24,731] {processor.py:639} WARNING - No viable dags retrieved from /Users/ballakeerthi/dev/airflow/dags/brent_ML_reg_models.py
[2021-12-06 17:13:24,732] {processor.py:171} INFO - Processing /Users/ballakeerthi/dev/airflow/dags/brent_ML_reg_models.py took 1.464 seconds
[2021-12-06 17:15:40,969] {processor.py:163} INFO - Started process (PID=19250) to work on /Users/ballakeerthi/dev/airflow/dags/brent_ML_reg_models.py
[2021-12-06 17:15:40,979] {processor.py:625} INFO - Processing file /Users/ballakeerthi/dev/airflow/dags/brent_ML_reg_models.py for tasks to queue
[2021-12-06 17:15:40,983] {logging_mixin.py:109} INFO - [2021-12-06 17:15:40,983] {dagbag.py:500} INFO - Filling up the DagBag from /Users/ballakeerthi/dev/airflow/dags/brent_ML_reg_models.py
[2021-12-06 17:15:43,039] {processor.py:639} WARNING - No viable dags retrieved from /Users/ballakeerthi/dev/airflow/dags/brent_ML_reg_models.py
[2021-12-06 17:15:43,040] {processor.py:171} INFO - Processing /Users/ballakeerthi/dev/airflow/dags/brent_ML_reg_models.py took 2.072 seconds
[2021-12-06 17:18:02,113] {processor.py:163} INFO - Started process (PID=19283) to work on /Users/ballakeerthi/dev/airflow/dags/brent_ML_reg_models.py
[2021-12-06 17:18:02,118] {processor.py:625} INFO - Processing file /Users/ballakeerthi/dev/airflow/dags/brent_ML_reg_models.py for tasks to queue
[2021-12-06 17:18:02,133] {logging_mixin.py:109} INFO - [2021-12-06 17:18:02,133] {dagbag.py:500} INFO - Filling up the DagBag from /Users/ballakeerthi/dev/airflow/dags/brent_ML_reg_models.py
[2021-12-06 17:18:04,597] {processor.py:639} WARNING - No viable dags retrieved from /Users/ballakeerthi/dev/airflow/dags/brent_ML_reg_models.py
[2021-12-06 17:18:04,598] {processor.py:171} INFO - Processing /Users/ballakeerthi/dev/airflow/dags/brent_ML_reg_models.py took 2.486 seconds
[2021-12-06 17:20:17,145] {processor.py:163} INFO - Started process (PID=19317) to work on /Users/ballakeerthi/dev/airflow/dags/brent_ML_reg_models.py
[2021-12-06 17:20:17,151] {processor.py:625} INFO - Processing file /Users/ballakeerthi/dev/airflow/dags/brent_ML_reg_models.py for tasks to queue
[2021-12-06 17:20:17,153] {logging_mixin.py:109} INFO - [2021-12-06 17:20:17,152] {dagbag.py:500} INFO - Filling up the DagBag from /Users/ballakeerthi/dev/airflow/dags/brent_ML_reg_models.py
[2021-12-06 17:20:19,008] {processor.py:639} WARNING - No viable dags retrieved from /Users/ballakeerthi/dev/airflow/dags/brent_ML_reg_models.py
[2021-12-06 17:20:19,010] {processor.py:171} INFO - Processing /Users/ballakeerthi/dev/airflow/dags/brent_ML_reg_models.py took 1.865 seconds
[2021-12-06 17:22:41,292] {processor.py:163} INFO - Started process (PID=19352) to work on /Users/ballakeerthi/dev/airflow/dags/brent_ML_reg_models.py
[2021-12-06 17:22:41,298] {processor.py:625} INFO - Processing file /Users/ballakeerthi/dev/airflow/dags/brent_ML_reg_models.py for tasks to queue
[2021-12-06 17:22:41,300] {logging_mixin.py:109} INFO - [2021-12-06 17:22:41,300] {dagbag.py:500} INFO - Filling up the DagBag from /Users/ballakeerthi/dev/airflow/dags/brent_ML_reg_models.py
[2021-12-06 17:22:43,095] {processor.py:639} WARNING - No viable dags retrieved from /Users/ballakeerthi/dev/airflow/dags/brent_ML_reg_models.py
[2021-12-06 17:22:43,096] {processor.py:171} INFO - Processing /Users/ballakeerthi/dev/airflow/dags/brent_ML_reg_models.py took 1.805 seconds
[2021-12-06 17:25:04,201] {processor.py:163} INFO - Started process (PID=19388) to work on /Users/ballakeerthi/dev/airflow/dags/brent_ML_reg_models.py
[2021-12-06 17:25:04,207] {processor.py:625} INFO - Processing file /Users/ballakeerthi/dev/airflow/dags/brent_ML_reg_models.py for tasks to queue
[2021-12-06 17:25:04,208] {logging_mixin.py:109} INFO - [2021-12-06 17:25:04,208] {dagbag.py:500} INFO - Filling up the DagBag from /Users/ballakeerthi/dev/airflow/dags/brent_ML_reg_models.py
[2021-12-06 17:25:06,058] {processor.py:639} WARNING - No viable dags retrieved from /Users/ballakeerthi/dev/airflow/dags/brent_ML_reg_models.py
[2021-12-06 17:25:06,059] {processor.py:171} INFO - Processing /Users/ballakeerthi/dev/airflow/dags/brent_ML_reg_models.py took 1.859 seconds
[2021-12-06 17:27:16,473] {processor.py:163} INFO - Started process (PID=19420) to work on /Users/ballakeerthi/dev/airflow/dags/brent_ML_reg_models.py
[2021-12-06 17:27:16,479] {processor.py:625} INFO - Processing file /Users/ballakeerthi/dev/airflow/dags/brent_ML_reg_models.py for tasks to queue
[2021-12-06 17:27:16,481] {logging_mixin.py:109} INFO - [2021-12-06 17:27:16,481] {dagbag.py:500} INFO - Filling up the DagBag from /Users/ballakeerthi/dev/airflow/dags/brent_ML_reg_models.py
[2021-12-06 17:27:17,968] {processor.py:639} WARNING - No viable dags retrieved from /Users/ballakeerthi/dev/airflow/dags/brent_ML_reg_models.py
[2021-12-06 17:27:17,970] {processor.py:171} INFO - Processing /Users/ballakeerthi/dev/airflow/dags/brent_ML_reg_models.py took 1.497 seconds
[2021-12-06 17:29:27,457] {processor.py:163} INFO - Started process (PID=19453) to work on /Users/ballakeerthi/dev/airflow/dags/brent_ML_reg_models.py
[2021-12-06 17:29:27,457] {processor.py:625} INFO - Processing file /Users/ballakeerthi/dev/airflow/dags/brent_ML_reg_models.py for tasks to queue
[2021-12-06 17:29:27,459] {logging_mixin.py:109} INFO - [2021-12-06 17:29:27,459] {dagbag.py:500} INFO - Filling up the DagBag from /Users/ballakeerthi/dev/airflow/dags/brent_ML_reg_models.py
[2021-12-06 17:29:29,584] {processor.py:639} WARNING - No viable dags retrieved from /Users/ballakeerthi/dev/airflow/dags/brent_ML_reg_models.py
[2021-12-06 17:29:29,585] {processor.py:171} INFO - Processing /Users/ballakeerthi/dev/airflow/dags/brent_ML_reg_models.py took 2.129 seconds
[2021-12-06 17:31:43,656] {processor.py:163} INFO - Started process (PID=19486) to work on /Users/ballakeerthi/dev/airflow/dags/brent_ML_reg_models.py
[2021-12-06 17:31:43,662] {processor.py:625} INFO - Processing file /Users/ballakeerthi/dev/airflow/dags/brent_ML_reg_models.py for tasks to queue
[2021-12-06 17:31:43,663] {logging_mixin.py:109} INFO - [2021-12-06 17:31:43,663] {dagbag.py:500} INFO - Filling up the DagBag from /Users/ballakeerthi/dev/airflow/dags/brent_ML_reg_models.py
[2021-12-06 17:31:45,597] {processor.py:639} WARNING - No viable dags retrieved from /Users/ballakeerthi/dev/airflow/dags/brent_ML_reg_models.py
[2021-12-06 17:31:45,598] {processor.py:171} INFO - Processing /Users/ballakeerthi/dev/airflow/dags/brent_ML_reg_models.py took 1.945 seconds
[2021-12-06 17:33:55,126] {processor.py:163} INFO - Started process (PID=19521) to work on /Users/ballakeerthi/dev/airflow/dags/brent_ML_reg_models.py
[2021-12-06 17:33:55,126] {processor.py:625} INFO - Processing file /Users/ballakeerthi/dev/airflow/dags/brent_ML_reg_models.py for tasks to queue
[2021-12-06 17:33:55,128] {logging_mixin.py:109} INFO - [2021-12-06 17:33:55,128] {dagbag.py:500} INFO - Filling up the DagBag from /Users/ballakeerthi/dev/airflow/dags/brent_ML_reg_models.py
[2021-12-06 17:33:57,044] {processor.py:639} WARNING - No viable dags retrieved from /Users/ballakeerthi/dev/airflow/dags/brent_ML_reg_models.py
[2021-12-06 17:33:57,045] {processor.py:171} INFO - Processing /Users/ballakeerthi/dev/airflow/dags/brent_ML_reg_models.py took 1.920 seconds
[2021-12-06 17:36:08,795] {processor.py:163} INFO - Started process (PID=19552) to work on /Users/ballakeerthi/dev/airflow/dags/brent_ML_reg_models.py
[2021-12-06 17:36:08,796] {processor.py:625} INFO - Processing file /Users/ballakeerthi/dev/airflow/dags/brent_ML_reg_models.py for tasks to queue
[2021-12-06 17:36:08,797] {logging_mixin.py:109} INFO - [2021-12-06 17:36:08,797] {dagbag.py:500} INFO - Filling up the DagBag from /Users/ballakeerthi/dev/airflow/dags/brent_ML_reg_models.py
[2021-12-06 17:36:09,972] {processor.py:639} WARNING - No viable dags retrieved from /Users/ballakeerthi/dev/airflow/dags/brent_ML_reg_models.py
[2021-12-06 17:36:09,974] {processor.py:171} INFO - Processing /Users/ballakeerthi/dev/airflow/dags/brent_ML_reg_models.py took 1.179 seconds
[2021-12-06 17:38:22,326] {processor.py:163} INFO - Started process (PID=19583) to work on /Users/ballakeerthi/dev/airflow/dags/brent_ML_reg_models.py
[2021-12-06 17:38:22,332] {processor.py:625} INFO - Processing file /Users/ballakeerthi/dev/airflow/dags/brent_ML_reg_models.py for tasks to queue
[2021-12-06 17:38:22,334] {logging_mixin.py:109} INFO - [2021-12-06 17:38:22,334] {dagbag.py:500} INFO - Filling up the DagBag from /Users/ballakeerthi/dev/airflow/dags/brent_ML_reg_models.py
[2021-12-06 17:38:23,855] {processor.py:639} WARNING - No viable dags retrieved from /Users/ballakeerthi/dev/airflow/dags/brent_ML_reg_models.py
[2021-12-06 17:38:23,857] {processor.py:171} INFO - Processing /Users/ballakeerthi/dev/airflow/dags/brent_ML_reg_models.py took 1.532 seconds
[2021-12-06 17:40:35,214] {processor.py:163} INFO - Started process (PID=19621) to work on /Users/ballakeerthi/dev/airflow/dags/brent_ML_reg_models.py
[2021-12-06 17:40:35,214] {processor.py:625} INFO - Processing file /Users/ballakeerthi/dev/airflow/dags/brent_ML_reg_models.py for tasks to queue
[2021-12-06 17:40:35,215] {logging_mixin.py:109} INFO - [2021-12-06 17:40:35,215] {dagbag.py:500} INFO - Filling up the DagBag from /Users/ballakeerthi/dev/airflow/dags/brent_ML_reg_models.py
[2021-12-06 17:40:37,049] {processor.py:639} WARNING - No viable dags retrieved from /Users/ballakeerthi/dev/airflow/dags/brent_ML_reg_models.py
[2021-12-06 17:40:37,050] {processor.py:171} INFO - Processing /Users/ballakeerthi/dev/airflow/dags/brent_ML_reg_models.py took 1.837 seconds
[2021-12-06 17:42:55,601] {processor.py:163} INFO - Started process (PID=19654) to work on /Users/ballakeerthi/dev/airflow/dags/brent_ML_reg_models.py
[2021-12-06 17:42:55,603] {processor.py:625} INFO - Processing file /Users/ballakeerthi/dev/airflow/dags/brent_ML_reg_models.py for tasks to queue
[2021-12-06 17:42:55,606] {logging_mixin.py:109} INFO - [2021-12-06 17:42:55,605] {dagbag.py:500} INFO - Filling up the DagBag from /Users/ballakeerthi/dev/airflow/dags/brent_ML_reg_models.py
[2021-12-06 17:42:57,399] {processor.py:639} WARNING - No viable dags retrieved from /Users/ballakeerthi/dev/airflow/dags/brent_ML_reg_models.py
[2021-12-06 17:42:57,400] {processor.py:171} INFO - Processing /Users/ballakeerthi/dev/airflow/dags/brent_ML_reg_models.py took 1.799 seconds
[2021-12-06 17:45:09,886] {processor.py:163} INFO - Started process (PID=19686) to work on /Users/ballakeerthi/dev/airflow/dags/brent_ML_reg_models.py
[2021-12-06 17:45:09,891] {processor.py:625} INFO - Processing file /Users/ballakeerthi/dev/airflow/dags/brent_ML_reg_models.py for tasks to queue
[2021-12-06 17:45:09,893] {logging_mixin.py:109} INFO - [2021-12-06 17:45:09,893] {dagbag.py:500} INFO - Filling up the DagBag from /Users/ballakeerthi/dev/airflow/dags/brent_ML_reg_models.py
[2021-12-06 17:45:11,644] {processor.py:639} WARNING - No viable dags retrieved from /Users/ballakeerthi/dev/airflow/dags/brent_ML_reg_models.py
[2021-12-06 17:45:11,645] {processor.py:171} INFO - Processing /Users/ballakeerthi/dev/airflow/dags/brent_ML_reg_models.py took 1.760 seconds
[2021-12-06 17:47:25,296] {processor.py:163} INFO - Started process (PID=19717) to work on /Users/ballakeerthi/dev/airflow/dags/brent_ML_reg_models.py
[2021-12-06 17:47:25,296] {processor.py:625} INFO - Processing file /Users/ballakeerthi/dev/airflow/dags/brent_ML_reg_models.py for tasks to queue
[2021-12-06 17:47:25,299] {logging_mixin.py:109} INFO - [2021-12-06 17:47:25,299] {dagbag.py:500} INFO - Filling up the DagBag from /Users/ballakeerthi/dev/airflow/dags/brent_ML_reg_models.py
[2021-12-06 17:47:26,651] {processor.py:639} WARNING - No viable dags retrieved from /Users/ballakeerthi/dev/airflow/dags/brent_ML_reg_models.py
[2021-12-06 17:47:26,653] {processor.py:171} INFO - Processing /Users/ballakeerthi/dev/airflow/dags/brent_ML_reg_models.py took 1.358 seconds
[2021-12-06 17:49:38,359] {processor.py:163} INFO - Started process (PID=19752) to work on /Users/ballakeerthi/dev/airflow/dags/brent_ML_reg_models.py
[2021-12-06 17:49:38,359] {processor.py:625} INFO - Processing file /Users/ballakeerthi/dev/airflow/dags/brent_ML_reg_models.py for tasks to queue
[2021-12-06 17:49:38,360] {logging_mixin.py:109} INFO - [2021-12-06 17:49:38,360] {dagbag.py:500} INFO - Filling up the DagBag from /Users/ballakeerthi/dev/airflow/dags/brent_ML_reg_models.py
[2021-12-06 17:49:39,970] {processor.py:639} WARNING - No viable dags retrieved from /Users/ballakeerthi/dev/airflow/dags/brent_ML_reg_models.py
[2021-12-06 17:49:39,973] {processor.py:171} INFO - Processing /Users/ballakeerthi/dev/airflow/dags/brent_ML_reg_models.py took 1.614 seconds
[2021-12-06 17:51:52,673] {processor.py:163} INFO - Started process (PID=19784) to work on /Users/ballakeerthi/dev/airflow/dags/brent_ML_reg_models.py
[2021-12-06 17:51:52,673] {processor.py:625} INFO - Processing file /Users/ballakeerthi/dev/airflow/dags/brent_ML_reg_models.py for tasks to queue
[2021-12-06 17:51:52,675] {logging_mixin.py:109} INFO - [2021-12-06 17:51:52,675] {dagbag.py:500} INFO - Filling up the DagBag from /Users/ballakeerthi/dev/airflow/dags/brent_ML_reg_models.py
[2021-12-06 17:51:54,066] {processor.py:639} WARNING - No viable dags retrieved from /Users/ballakeerthi/dev/airflow/dags/brent_ML_reg_models.py
[2021-12-06 17:51:54,072] {processor.py:171} INFO - Processing /Users/ballakeerthi/dev/airflow/dags/brent_ML_reg_models.py took 1.399 seconds
[2021-12-06 17:54:02,962] {processor.py:163} INFO - Started process (PID=19817) to work on /Users/ballakeerthi/dev/airflow/dags/brent_ML_reg_models.py
[2021-12-06 17:54:02,962] {processor.py:625} INFO - Processing file /Users/ballakeerthi/dev/airflow/dags/brent_ML_reg_models.py for tasks to queue
[2021-12-06 17:54:02,963] {logging_mixin.py:109} INFO - [2021-12-06 17:54:02,963] {dagbag.py:500} INFO - Filling up the DagBag from /Users/ballakeerthi/dev/airflow/dags/brent_ML_reg_models.py
[2021-12-06 17:54:05,356] {processor.py:639} WARNING - No viable dags retrieved from /Users/ballakeerthi/dev/airflow/dags/brent_ML_reg_models.py
[2021-12-06 17:54:05,357] {processor.py:171} INFO - Processing /Users/ballakeerthi/dev/airflow/dags/brent_ML_reg_models.py took 2.396 seconds
[2021-12-06 17:56:18,005] {processor.py:163} INFO - Started process (PID=19850) to work on /Users/ballakeerthi/dev/airflow/dags/brent_ML_reg_models.py
[2021-12-06 17:56:18,005] {processor.py:625} INFO - Processing file /Users/ballakeerthi/dev/airflow/dags/brent_ML_reg_models.py for tasks to queue
[2021-12-06 17:56:18,006] {logging_mixin.py:109} INFO - [2021-12-06 17:56:18,006] {dagbag.py:500} INFO - Filling up the DagBag from /Users/ballakeerthi/dev/airflow/dags/brent_ML_reg_models.py
[2021-12-06 17:56:19,357] {processor.py:639} WARNING - No viable dags retrieved from /Users/ballakeerthi/dev/airflow/dags/brent_ML_reg_models.py
[2021-12-06 17:56:19,360] {processor.py:171} INFO - Processing /Users/ballakeerthi/dev/airflow/dags/brent_ML_reg_models.py took 1.356 seconds
[2021-12-06 17:58:31,719] {processor.py:163} INFO - Started process (PID=19882) to work on /Users/ballakeerthi/dev/airflow/dags/brent_ML_reg_models.py
[2021-12-06 17:58:31,720] {processor.py:625} INFO - Processing file /Users/ballakeerthi/dev/airflow/dags/brent_ML_reg_models.py for tasks to queue
[2021-12-06 17:58:31,724] {logging_mixin.py:109} INFO - [2021-12-06 17:58:31,724] {dagbag.py:500} INFO - Filling up the DagBag from /Users/ballakeerthi/dev/airflow/dags/brent_ML_reg_models.py
[2021-12-06 17:58:33,578] {processor.py:639} WARNING - No viable dags retrieved from /Users/ballakeerthi/dev/airflow/dags/brent_ML_reg_models.py
[2021-12-06 17:58:33,579] {processor.py:171} INFO - Processing /Users/ballakeerthi/dev/airflow/dags/brent_ML_reg_models.py took 1.862 seconds
[2021-12-06 18:00:43,250] {processor.py:163} INFO - Started process (PID=19916) to work on /Users/ballakeerthi/dev/airflow/dags/brent_ML_reg_models.py
[2021-12-06 18:00:43,251] {processor.py:625} INFO - Processing file /Users/ballakeerthi/dev/airflow/dags/brent_ML_reg_models.py for tasks to queue
[2021-12-06 18:00:43,254] {logging_mixin.py:109} INFO - [2021-12-06 18:00:43,254] {dagbag.py:500} INFO - Filling up the DagBag from /Users/ballakeerthi/dev/airflow/dags/brent_ML_reg_models.py
[2021-12-06 18:00:45,109] {processor.py:639} WARNING - No viable dags retrieved from /Users/ballakeerthi/dev/airflow/dags/brent_ML_reg_models.py
[2021-12-06 18:00:45,110] {processor.py:171} INFO - Processing /Users/ballakeerthi/dev/airflow/dags/brent_ML_reg_models.py took 1.861 seconds
[2021-12-06 18:03:01,425] {processor.py:163} INFO - Started process (PID=19948) to work on /Users/ballakeerthi/dev/airflow/dags/brent_ML_reg_models.py
[2021-12-06 18:03:01,426] {processor.py:625} INFO - Processing file /Users/ballakeerthi/dev/airflow/dags/brent_ML_reg_models.py for tasks to queue
[2021-12-06 18:03:01,427] {logging_mixin.py:109} INFO - [2021-12-06 18:03:01,427] {dagbag.py:500} INFO - Filling up the DagBag from /Users/ballakeerthi/dev/airflow/dags/brent_ML_reg_models.py
[2021-12-06 18:03:02,928] {processor.py:639} WARNING - No viable dags retrieved from /Users/ballakeerthi/dev/airflow/dags/brent_ML_reg_models.py
[2021-12-06 18:03:02,930] {processor.py:171} INFO - Processing /Users/ballakeerthi/dev/airflow/dags/brent_ML_reg_models.py took 1.505 seconds
[2021-12-06 18:05:18,815] {processor.py:163} INFO - Started process (PID=19982) to work on /Users/ballakeerthi/dev/airflow/dags/brent_ML_reg_models.py
[2021-12-06 18:05:18,820] {processor.py:625} INFO - Processing file /Users/ballakeerthi/dev/airflow/dags/brent_ML_reg_models.py for tasks to queue
[2021-12-06 18:05:18,822] {logging_mixin.py:109} INFO - [2021-12-06 18:05:18,822] {dagbag.py:500} INFO - Filling up the DagBag from /Users/ballakeerthi/dev/airflow/dags/brent_ML_reg_models.py
[2021-12-06 18:05:21,010] {processor.py:639} WARNING - No viable dags retrieved from /Users/ballakeerthi/dev/airflow/dags/brent_ML_reg_models.py
[2021-12-06 18:05:21,012] {processor.py:171} INFO - Processing /Users/ballakeerthi/dev/airflow/dags/brent_ML_reg_models.py took 2.199 seconds
[2021-12-06 18:07:34,720] {processor.py:163} INFO - Started process (PID=20022) to work on /Users/ballakeerthi/dev/airflow/dags/brent_ML_reg_models.py
[2021-12-06 18:07:34,725] {processor.py:625} INFO - Processing file /Users/ballakeerthi/dev/airflow/dags/brent_ML_reg_models.py for tasks to queue
[2021-12-06 18:07:34,726] {logging_mixin.py:109} INFO - [2021-12-06 18:07:34,726] {dagbag.py:500} INFO - Filling up the DagBag from /Users/ballakeerthi/dev/airflow/dags/brent_ML_reg_models.py
[2021-12-06 18:07:37,046] {processor.py:639} WARNING - No viable dags retrieved from /Users/ballakeerthi/dev/airflow/dags/brent_ML_reg_models.py
[2021-12-06 18:07:37,047] {processor.py:171} INFO - Processing /Users/ballakeerthi/dev/airflow/dags/brent_ML_reg_models.py took 2.328 seconds
[2021-12-06 18:09:47,294] {processor.py:163} INFO - Started process (PID=20056) to work on /Users/ballakeerthi/dev/airflow/dags/brent_ML_reg_models.py
[2021-12-06 18:09:47,300] {processor.py:625} INFO - Processing file /Users/ballakeerthi/dev/airflow/dags/brent_ML_reg_models.py for tasks to queue
[2021-12-06 18:09:47,303] {logging_mixin.py:109} INFO - [2021-12-06 18:09:47,303] {dagbag.py:500} INFO - Filling up the DagBag from /Users/ballakeerthi/dev/airflow/dags/brent_ML_reg_models.py
[2021-12-06 18:09:49,147] {processor.py:639} WARNING - No viable dags retrieved from /Users/ballakeerthi/dev/airflow/dags/brent_ML_reg_models.py
[2021-12-06 18:09:49,149] {processor.py:171} INFO - Processing /Users/ballakeerthi/dev/airflow/dags/brent_ML_reg_models.py took 1.856 seconds
[2021-12-06 18:12:04,921] {processor.py:163} INFO - Started process (PID=20092) to work on /Users/ballakeerthi/dev/airflow/dags/brent_ML_reg_models.py
[2021-12-06 18:12:04,927] {processor.py:625} INFO - Processing file /Users/ballakeerthi/dev/airflow/dags/brent_ML_reg_models.py for tasks to queue
[2021-12-06 18:12:04,929] {logging_mixin.py:109} INFO - [2021-12-06 18:12:04,929] {dagbag.py:500} INFO - Filling up the DagBag from /Users/ballakeerthi/dev/airflow/dags/brent_ML_reg_models.py
[2021-12-06 18:12:06,745] {processor.py:639} WARNING - No viable dags retrieved from /Users/ballakeerthi/dev/airflow/dags/brent_ML_reg_models.py
[2021-12-06 18:12:06,747] {processor.py:171} INFO - Processing /Users/ballakeerthi/dev/airflow/dags/brent_ML_reg_models.py took 1.826 seconds
[2021-12-06 18:14:23,406] {processor.py:163} INFO - Started process (PID=20126) to work on /Users/ballakeerthi/dev/airflow/dags/brent_ML_reg_models.py
[2021-12-06 18:14:23,407] {processor.py:625} INFO - Processing file /Users/ballakeerthi/dev/airflow/dags/brent_ML_reg_models.py for tasks to queue
[2021-12-06 18:14:23,408] {logging_mixin.py:109} INFO - [2021-12-06 18:14:23,408] {dagbag.py:500} INFO - Filling up the DagBag from /Users/ballakeerthi/dev/airflow/dags/brent_ML_reg_models.py
[2021-12-06 18:14:25,473] {processor.py:639} WARNING - No viable dags retrieved from /Users/ballakeerthi/dev/airflow/dags/brent_ML_reg_models.py
[2021-12-06 18:14:25,486] {processor.py:171} INFO - Processing /Users/ballakeerthi/dev/airflow/dags/brent_ML_reg_models.py took 2.080 seconds
[2021-12-06 18:16:59,846] {processor.py:163} INFO - Started process (PID=20165) to work on /Users/ballakeerthi/dev/airflow/dags/brent_ML_reg_models.py
[2021-12-06 18:16:59,847] {processor.py:625} INFO - Processing file /Users/ballakeerthi/dev/airflow/dags/brent_ML_reg_models.py for tasks to queue
[2021-12-06 18:16:59,848] {logging_mixin.py:109} INFO - [2021-12-06 18:16:59,848] {dagbag.py:500} INFO - Filling up the DagBag from /Users/ballakeerthi/dev/airflow/dags/brent_ML_reg_models.py
[2021-12-06 18:17:03,308] {processor.py:639} WARNING - No viable dags retrieved from /Users/ballakeerthi/dev/airflow/dags/brent_ML_reg_models.py
[2021-12-06 18:17:03,309] {processor.py:171} INFO - Processing /Users/ballakeerthi/dev/airflow/dags/brent_ML_reg_models.py took 3.464 seconds
[2021-12-06 18:21:22,935] {processor.py:163} INFO - Started process (PID=20231) to work on /Users/ballakeerthi/dev/airflow/dags/brent_ML_reg_models.py
[2021-12-06 18:21:22,941] {processor.py:625} INFO - Processing file /Users/ballakeerthi/dev/airflow/dags/brent_ML_reg_models.py for tasks to queue
[2021-12-06 18:21:22,943] {logging_mixin.py:109} INFO - [2021-12-06 18:21:22,943] {dagbag.py:500} INFO - Filling up the DagBag from /Users/ballakeerthi/dev/airflow/dags/brent_ML_reg_models.py
[2021-12-06 18:21:25,471] {processor.py:639} WARNING - No viable dags retrieved from /Users/ballakeerthi/dev/airflow/dags/brent_ML_reg_models.py
[2021-12-06 18:21:25,474] {processor.py:171} INFO - Processing /Users/ballakeerthi/dev/airflow/dags/brent_ML_reg_models.py took 2.540 seconds
[2021-12-06 18:25:33,549] {processor.py:163} INFO - Started process (PID=20280) to work on /Users/ballakeerthi/dev/airflow/dags/brent_ML_reg_models.py
[2021-12-06 18:25:33,550] {processor.py:625} INFO - Processing file /Users/ballakeerthi/dev/airflow/dags/brent_ML_reg_models.py for tasks to queue
[2021-12-06 18:25:33,552] {logging_mixin.py:109} INFO - [2021-12-06 18:25:33,551] {dagbag.py:500} INFO - Filling up the DagBag from /Users/ballakeerthi/dev/airflow/dags/brent_ML_reg_models.py
[2021-12-06 18:25:35,804] {processor.py:639} WARNING - No viable dags retrieved from /Users/ballakeerthi/dev/airflow/dags/brent_ML_reg_models.py
[2021-12-06 18:25:35,812] {processor.py:171} INFO - Processing /Users/ballakeerthi/dev/airflow/dags/brent_ML_reg_models.py took 2.263 seconds
[2021-12-06 18:29:26,826] {processor.py:163} INFO - Started process (PID=20328) to work on /Users/ballakeerthi/dev/airflow/dags/brent_ML_reg_models.py
[2021-12-06 18:29:26,829] {processor.py:625} INFO - Processing file /Users/ballakeerthi/dev/airflow/dags/brent_ML_reg_models.py for tasks to queue
[2021-12-06 18:29:26,830] {logging_mixin.py:109} INFO - [2021-12-06 18:29:26,830] {dagbag.py:500} INFO - Filling up the DagBag from /Users/ballakeerthi/dev/airflow/dags/brent_ML_reg_models.py
[2021-12-06 18:29:28,882] {processor.py:639} WARNING - No viable dags retrieved from /Users/ballakeerthi/dev/airflow/dags/brent_ML_reg_models.py
[2021-12-06 18:29:28,884] {processor.py:171} INFO - Processing /Users/ballakeerthi/dev/airflow/dags/brent_ML_reg_models.py took 2.058 seconds
[2021-12-06 18:34:06,752] {processor.py:163} INFO - Started process (PID=20382) to work on /Users/ballakeerthi/dev/airflow/dags/brent_ML_reg_models.py
[2021-12-06 18:34:06,753] {processor.py:625} INFO - Processing file /Users/ballakeerthi/dev/airflow/dags/brent_ML_reg_models.py for tasks to queue
[2021-12-06 18:34:06,757] {logging_mixin.py:109} INFO - [2021-12-06 18:34:06,757] {dagbag.py:500} INFO - Filling up the DagBag from /Users/ballakeerthi/dev/airflow/dags/brent_ML_reg_models.py
[2021-12-06 18:34:26,208] {processor.py:639} WARNING - No viable dags retrieved from /Users/ballakeerthi/dev/airflow/dags/brent_ML_reg_models.py
[2021-12-06 18:34:26,213] {processor.py:171} INFO - Processing /Users/ballakeerthi/dev/airflow/dags/brent_ML_reg_models.py took 19.466 seconds
[2021-12-06 18:39:13,469] {processor.py:163} INFO - Started process (PID=20452) to work on /Users/ballakeerthi/dev/airflow/dags/brent_ML_reg_models.py
[2021-12-06 18:39:13,490] {processor.py:625} INFO - Processing file /Users/ballakeerthi/dev/airflow/dags/brent_ML_reg_models.py for tasks to queue
[2021-12-06 18:39:13,497] {logging_mixin.py:109} INFO - [2021-12-06 18:39:13,496] {dagbag.py:500} INFO - Filling up the DagBag from /Users/ballakeerthi/dev/airflow/dags/brent_ML_reg_models.py
[2021-12-06 18:39:13,504] {logging_mixin.py:109} INFO - [2021-12-06 18:39:13,502] {dagbag.py:334} ERROR - Failed to import: /Users/ballakeerthi/dev/airflow/dags/brent_ML_reg_models.py
Traceback (most recent call last):
  File "/Users/ballakeerthi/opt/anaconda3/envs/airflow/lib/python3.9/site-packages/airflow/models/dagbag.py", line 331, in _load_modules_from_file
    loader.exec_module(new_module)
  File "<frozen importlib._bootstrap_external>", line 846, in exec_module
  File "<frozen importlib._bootstrap_external>", line 983, in get_code
  File "<frozen importlib._bootstrap_external>", line 913, in source_to_code
  File "<frozen importlib._bootstrap>", line 228, in _call_with_frames_removed
  File "/Users/ballakeerthi/dev/airflow/dags/brent_ML_reg_models.py", line 12
    )
     ^
SyntaxError: invalid syntax
[2021-12-06 18:39:13,681] {processor.py:639} WARNING - No viable dags retrieved from /Users/ballakeerthi/dev/airflow/dags/brent_ML_reg_models.py
[2021-12-06 18:39:13,691] {processor.py:171} INFO - Processing /Users/ballakeerthi/dev/airflow/dags/brent_ML_reg_models.py took 0.226 seconds
[2021-12-06 18:43:55,522] {processor.py:163} INFO - Started process (PID=20514) to work on /Users/ballakeerthi/dev/airflow/dags/brent_ML_reg_models.py
[2021-12-06 18:43:55,524] {processor.py:625} INFO - Processing file /Users/ballakeerthi/dev/airflow/dags/brent_ML_reg_models.py for tasks to queue
[2021-12-06 18:43:55,528] {logging_mixin.py:109} INFO - [2021-12-06 18:43:55,528] {dagbag.py:500} INFO - Filling up the DagBag from /Users/ballakeerthi/dev/airflow/dags/brent_ML_reg_models.py
[2021-12-06 18:43:55,534] {logging_mixin.py:109} INFO - [2021-12-06 18:43:55,532] {dagbag.py:334} ERROR - Failed to import: /Users/ballakeerthi/dev/airflow/dags/brent_ML_reg_models.py
Traceback (most recent call last):
  File "/Users/ballakeerthi/opt/anaconda3/envs/airflow/lib/python3.9/site-packages/airflow/models/dagbag.py", line 331, in _load_modules_from_file
    loader.exec_module(new_module)
  File "<frozen importlib._bootstrap_external>", line 846, in exec_module
  File "<frozen importlib._bootstrap_external>", line 983, in get_code
  File "<frozen importlib._bootstrap_external>", line 913, in source_to_code
  File "<frozen importlib._bootstrap>", line 228, in _call_with_frames_removed
  File "/Users/ballakeerthi/dev/airflow/dags/brent_ML_reg_models.py", line 13
    password="airflow"
    ^
SyntaxError: invalid syntax
[2021-12-06 18:43:55,613] {processor.py:639} WARNING - No viable dags retrieved from /Users/ballakeerthi/dev/airflow/dags/brent_ML_reg_models.py
[2021-12-06 18:43:55,630] {processor.py:171} INFO - Processing /Users/ballakeerthi/dev/airflow/dags/brent_ML_reg_models.py took 0.109 seconds
[2021-12-06 18:49:58,587] {processor.py:163} INFO - Started process (PID=20606) to work on /Users/ballakeerthi/dev/airflow/dags/brent_ML_reg_models.py
[2021-12-06 18:49:58,588] {processor.py:625} INFO - Processing file /Users/ballakeerthi/dev/airflow/dags/brent_ML_reg_models.py for tasks to queue
[2021-12-06 18:49:58,589] {logging_mixin.py:109} INFO - [2021-12-06 18:49:58,589] {dagbag.py:500} INFO - Filling up the DagBag from /Users/ballakeerthi/dev/airflow/dags/brent_ML_reg_models.py
[2021-12-06 18:50:03,008] {logging_mixin.py:109} INFO - [2021-12-06 18:50:03,006] {dagbag.py:334} ERROR - Failed to import: /Users/ballakeerthi/dev/airflow/dags/brent_ML_reg_models.py
Traceback (most recent call last):
  File "/Users/ballakeerthi/opt/anaconda3/envs/airflow/lib/python3.9/site-packages/airflow/models/dagbag.py", line 331, in _load_modules_from_file
    loader.exec_module(new_module)
  File "<frozen importlib._bootstrap_external>", line 850, in exec_module
  File "<frozen importlib._bootstrap>", line 228, in _call_with_frames_removed
  File "/Users/ballakeerthi/dev/airflow/dags/brent_ML_reg_models.py", line 6, in <module>
    from mysql.connector import connect,Error
ModuleNotFoundError: No module named 'mysql'
[2021-12-06 18:50:03,032] {processor.py:639} WARNING - No viable dags retrieved from /Users/ballakeerthi/dev/airflow/dags/brent_ML_reg_models.py
[2021-12-06 18:50:03,038] {processor.py:171} INFO - Processing /Users/ballakeerthi/dev/airflow/dags/brent_ML_reg_models.py took 4.451 seconds
