[2021-12-09 19:02:13,089] {taskinstance.py:1035} INFO - Dependencies all met for <TaskInstance: brent_pricing_dag.Create_dummy_variables scheduled__2021-12-09T00:00:00+00:00 [queued]>
[2021-12-09 19:02:13,097] {taskinstance.py:1035} INFO - Dependencies all met for <TaskInstance: brent_pricing_dag.Create_dummy_variables scheduled__2021-12-09T00:00:00+00:00 [queued]>
[2021-12-09 19:02:13,097] {taskinstance.py:1241} INFO - 
--------------------------------------------------------------------------------
[2021-12-09 19:02:13,097] {taskinstance.py:1242} INFO - Starting attempt 1 of 1
[2021-12-09 19:02:13,097] {taskinstance.py:1243} INFO - 
--------------------------------------------------------------------------------
[2021-12-09 19:02:13,115] {taskinstance.py:1262} INFO - Executing <Task(PythonOperator): Create_dummy_variables> on 2021-12-09 00:00:00+00:00
[2021-12-09 19:02:13,118] {standard_task_runner.py:52} INFO - Started process 33892 to run task
[2021-12-09 19:02:13,124] {standard_task_runner.py:76} INFO - Running: ['airflow', 'tasks', 'run', 'brent_pricing_dag', 'Create_dummy_variables', 'scheduled__2021-12-09T00:00:00+00:00', '--job-id', '79', '--raw', '--subdir', 'DAGS_FOLDER/dag_brent_pricing.py', '--cfg-path', '/var/folders/b3/j_ybgjv53p33dy62wlktdr4m0000gp/T/tmp83sfghuz', '--error-file', '/var/folders/b3/j_ybgjv53p33dy62wlktdr4m0000gp/T/tmpxvwcdymx']
[2021-12-09 19:02:13,127] {standard_task_runner.py:77} INFO - Job 79: Subtask Create_dummy_variables
[2021-12-09 19:02:18,162] {logging_mixin.py:109} INFO - Running <TaskInstance: brent_pricing_dag.Create_dummy_variables scheduled__2021-12-09T00:00:00+00:00 [running]> on host zipcodes-MacBook-Pro-3.local
[2021-12-09 19:02:23,203] {taskinstance.py:1427} INFO - Exporting the following env vars:
AIRFLOW_CTX_DAG_EMAIL=keerthiballa@gmail.com
AIRFLOW_CTX_DAG_OWNER=airflow
AIRFLOW_CTX_DAG_ID=brent_pricing_dag
AIRFLOW_CTX_TASK_ID=Create_dummy_variables
AIRFLOW_CTX_EXECUTION_DATE=2021-12-09T00:00:00+00:00
AIRFLOW_CTX_DAG_RUN_ID=scheduled__2021-12-09T00:00:00+00:00
[2021-12-09 19:02:23,659] {logging_mixin.py:109} INFO - Dataset is created successfully
[2021-12-09 19:02:25,693] {logging_mixin.py:109} INFO - Table dataset_table created successfully,
[2021-12-09 19:02:25,696] {python.py:152} INFO - Done. Returned value was: None
[2021-12-09 19:02:25,704] {taskinstance.py:1270} INFO - Marking task as SUCCESS. dag_id=brent_pricing_dag, task_id=Create_dummy_variables, execution_date=20211209T000000, start_date=20211210T000213, end_date=20211210T000225
[2021-12-09 19:02:25,740] {local_task_job.py:154} INFO - Task exited with return code 0
[2021-12-09 19:02:25,766] {local_task_job.py:264} INFO - 1 downstream tasks scheduled from follow-on schedule check
